pgbench (18devel, server 9.2.24)
progress: 1.0 s, 1969.9 tps, lat 31.577 ms stddev 13.783, 0 failed
progress: 2.0 s, 2060.0 tps, lat 30.915 ms stddev 10.146, 0 failed
progress: 3.0 s, 2060.0 tps, lat 30.978 ms stddev 10.163, 0 failed
progress: 4.0 s, 2051.9 tps, lat 31.299 ms stddev 10.083, 0 failed
progress: 5.0 s, 2076.1 tps, lat 30.826 ms stddev 10.119, 0 failed
progress: 6.0 s, 2078.0 tps, lat 30.770 ms stddev 10.092, 0 failed
progress: 7.0 s, 2076.0 tps, lat 30.760 ms stddev 10.040, 0 failed
progress: 8.0 s, 2069.0 tps, lat 30.996 ms stddev 10.023, 0 failed
progress: 9.0 s, 2079.0 tps, lat 30.846 ms stddev 10.090, 0 failed
progress: 10.0 s, 2070.0 tps, lat 30.888 ms stddev 10.094, 0 failed
progress: 11.0 s, 2082.0 tps, lat 30.681 ms stddev 10.108, 0 failed
progress: 12.0 s, 2077.0 tps, lat 30.826 ms stddev 10.085, 0 failed
progress: 13.0 s, 2090.0 tps, lat 30.681 ms stddev 10.120, 0 failed
progress: 14.0 s, 2077.0 tps, lat 30.737 ms stddev 10.137, 0 failed
progress: 15.0 s, 2048.0 tps, lat 31.307 ms stddev 10.140, 0 failed
progress: 16.0 s, 2072.0 tps, lat 30.902 ms stddev 10.134, 0 failed
progress: 17.0 s, 2070.0 tps, lat 30.857 ms stddev 10.133, 0 failed
progress: 18.0 s, 2071.0 tps, lat 30.990 ms stddev 10.092, 0 failed
progress: 19.0 s, 2070.0 tps, lat 30.867 ms stddev 10.127, 0 failed
progress: 20.0 s, 2085.0 tps, lat 30.702 ms stddev 10.133, 0 failed
progress: 21.0 s, 2085.0 tps, lat 30.694 ms stddev 10.105, 0 failed
progress: 22.0 s, 2086.0 tps, lat 30.686 ms stddev 10.088, 0 failed
progress: 23.0 s, 2085.0 tps, lat 30.711 ms stddev 10.095, 0 failed
progress: 24.0 s, 2069.0 tps, lat 30.850 ms stddev 10.091, 0 failed
progress: 25.0 s, 2086.0 tps, lat 30.748 ms stddev 10.100, 0 failed
progress: 26.0 s, 2079.0 tps, lat 30.704 ms stddev 10.086, 0 failed
progress: 27.0 s, 2074.0 tps, lat 30.905 ms stddev 10.080, 0 failed
progress: 28.0 s, 2075.0 tps, lat 30.863 ms stddev 10.093, 0 failed
progress: 29.0 s, 2071.0 tps, lat 30.866 ms stddev 10.160, 0 failed
progress: 30.0 s, 2085.0 tps, lat 30.758 ms stddev 10.178, 0 failed
progress: 31.0 s, 2056.0 tps, lat 31.053 ms stddev 10.163, 0 failed
progress: 32.0 s, 2073.0 tps, lat 30.978 ms stddev 10.172, 0 failed
progress: 33.0 s, 2064.0 tps, lat 30.920 ms stddev 10.183, 0 failed
progress: 34.0 s, 2051.0 tps, lat 31.209 ms stddev 10.171, 0 failed
progress: 35.0 s, 2072.0 tps, lat 30.920 ms stddev 10.173, 0 failed
progress: 36.0 s, 2059.0 tps, lat 31.105 ms stddev 10.124, 0 failed
progress: 37.0 s, 2077.0 tps, lat 30.794 ms stddev 10.106, 0 failed
progress: 38.0 s, 2068.9 tps, lat 30.917 ms stddev 10.095, 0 failed
progress: 39.0 s, 2080.1 tps, lat 30.778 ms stddev 10.097, 0 failed
progress: 40.0 s, 2053.0 tps, lat 31.092 ms stddev 10.184, 0 failed
progress: 41.0 s, 2083.0 tps, lat 30.747 ms stddev 10.198, 0 failed
progress: 42.0 s, 2081.0 tps, lat 30.779 ms stddev 10.186, 0 failed
progress: 43.0 s, 2073.0 tps, lat 30.852 ms stddev 10.177, 0 failed
progress: 44.0 s, 2085.0 tps, lat 30.818 ms stddev 10.204, 0 failed
progress: 45.0 s, 2079.0 tps, lat 30.710 ms stddev 10.163, 0 failed
progress: 46.0 s, 2071.0 tps, lat 30.857 ms stddev 10.131, 0 failed
progress: 47.0 s, 2068.0 tps, lat 30.983 ms stddev 10.101, 0 failed
progress: 48.0 s, 2076.0 tps, lat 30.856 ms stddev 10.106, 0 failed
progress: 49.0 s, 2083.0 tps, lat 30.690 ms stddev 10.126, 0 failed
progress: 50.0 s, 2083.0 tps, lat 30.698 ms stddev 10.075, 0 failed
progress: 51.0 s, 2081.0 tps, lat 30.814 ms stddev 10.106, 0 failed
progress: 52.0 s, 2068.0 tps, lat 30.908 ms stddev 10.096, 0 failed
progress: 53.0 s, 2080.0 tps, lat 30.790 ms stddev 10.132, 0 failed
progress: 54.0 s, 2086.0 tps, lat 30.759 ms stddev 10.133, 0 failed
progress: 55.0 s, 2080.0 tps, lat 30.727 ms stddev 10.158, 0 failed
progress: 56.0 s, 2080.0 tps, lat 30.786 ms stddev 10.179, 0 failed
progress: 57.0 s, 2075.0 tps, lat 30.764 ms stddev 10.156, 0 failed
progress: 58.0 s, 2071.0 tps, lat 30.886 ms stddev 10.127, 0 failed
progress: 59.0 s, 2081.0 tps, lat 30.744 ms stddev 10.153, 0 failed
progress: 60.0 s, 2073.0 tps, lat 30.884 ms stddev 10.121, 0 failed
transaction type: star-1.sql
scaling factor: 1
query mode: simple
number of clients: 64
number of threads: 64
maximum number of tries: 1
duration: 60 s
number of transactions actually processed: 124350
number of failed transactions: 0 (0.000%)
latency average = 30.866 ms
latency stddev = 10.195 ms
initial connection time = 42.330 ms
tps = 2072.595512 (without initial connection time)
