pgbench (18devel, server 8.0.26)
progress: 1.2 s, 193.5 tps, lat 93.471 ms stddev 263.760, 0 failed
progress: 2.0 s, 2888.0 tps, lat 15.410 ms stddev 71.500, 0 failed
progress: 3.0 s, 3140.9 tps, lat 10.280 ms stddev 12.906, 0 failed
progress: 4.0 s, 4584.1 tps, lat 7.036 ms stddev 9.296, 0 failed
progress: 5.0 s, 4674.9 tps, lat 6.837 ms stddev 9.183, 0 failed
progress: 6.0 s, 4975.1 tps, lat 6.364 ms stddev 8.784, 0 failed
progress: 7.0 s, 4543.9 tps, lat 7.095 ms stddev 9.809, 0 failed
progress: 8.0 s, 4673.3 tps, lat 6.880 ms stddev 8.636, 0 failed
progress: 9.0 s, 3748.8 tps, lat 8.511 ms stddev 10.335, 0 failed
progress: 10.0 s, 3446.0 tps, lat 9.271 ms stddev 12.259, 0 failed
progress: 11.0 s, 4356.0 tps, lat 7.317 ms stddev 10.030, 0 failed
progress: 12.0 s, 4966.0 tps, lat 6.503 ms stddev 9.006, 0 failed
progress: 13.0 s, 4177.2 tps, lat 7.592 ms stddev 10.309, 0 failed
progress: 14.0 s, 4111.7 tps, lat 7.704 ms stddev 10.202, 0 failed
progress: 15.0 s, 4999.0 tps, lat 6.456 ms stddev 10.059, 0 failed
progress: 16.0 s, 4253.3 tps, lat 7.581 ms stddev 10.176, 0 failed
progress: 17.0 s, 4113.7 tps, lat 7.714 ms stddev 9.760, 0 failed
progress: 18.0 s, 4565.3 tps, lat 7.068 ms stddev 9.665, 0 failed
progress: 19.0 s, 4205.7 tps, lat 7.565 ms stddev 10.702, 0 failed
progress: 20.0 s, 4013.2 tps, lat 7.956 ms stddev 10.603, 0 failed
progress: 21.0 s, 4038.1 tps, lat 7.964 ms stddev 10.224, 0 failed
progress: 22.0 s, 3265.9 tps, lat 9.650 ms stddev 12.929, 0 failed
progress: 23.0 s, 3053.1 tps, lat 10.693 ms stddev 12.811, 0 failed
progress: 24.0 s, 5953.7 tps, lat 5.315 ms stddev 8.581, 0 failed
progress: 25.0 s, 3382.0 tps, lat 9.402 ms stddev 12.491, 0 failed
progress: 26.0 s, 3982.2 tps, lat 8.167 ms stddev 11.223, 0 failed
progress: 27.0 s, 3602.9 tps, lat 8.752 ms stddev 10.598, 0 failed
progress: 28.0 s, 4852.0 tps, lat 6.616 ms stddev 9.923, 0 failed
progress: 29.0 s, 4440.9 tps, lat 7.246 ms stddev 9.055, 0 failed
progress: 30.0 s, 3772.1 tps, lat 8.376 ms stddev 10.503, 0 failed
progress: 31.0 s, 4337.1 tps, lat 7.501 ms stddev 10.431, 0 failed
progress: 32.0 s, 4655.8 tps, lat 6.826 ms stddev 9.143, 0 failed
progress: 33.0 s, 5361.0 tps, lat 5.914 ms stddev 9.553, 0 failed
progress: 34.0 s, 4014.9 tps, lat 8.024 ms stddev 11.104, 0 failed
progress: 35.0 s, 4041.0 tps, lat 7.957 ms stddev 11.293, 0 failed
progress: 36.0 s, 4188.1 tps, lat 7.551 ms stddev 9.794, 0 failed
progress: 37.0 s, 5067.1 tps, lat 6.401 ms stddev 7.966, 0 failed
progress: 38.0 s, 4720.8 tps, lat 6.730 ms stddev 8.368, 0 failed
progress: 39.0 s, 4618.0 tps, lat 6.952 ms stddev 8.958, 0 failed
progress: 40.0 s, 4239.1 tps, lat 7.561 ms stddev 10.723, 0 failed
progress: 41.0 s, 4259.9 tps, lat 7.503 ms stddev 9.914, 0 failed
progress: 42.0 s, 5297.2 tps, lat 6.024 ms stddev 8.375, 0 failed
progress: 43.0 s, 3128.0 tps, lat 10.340 ms stddev 13.173, 0 failed
progress: 44.0 s, 4034.0 tps, lat 7.932 ms stddev 10.196, 0 failed
progress: 45.0 s, 3888.9 tps, lat 8.150 ms stddev 10.730, 0 failed
progress: 46.0 s, 4704.0 tps, lat 6.844 ms stddev 9.410, 0 failed
progress: 47.0 s, 4152.9 tps, lat 7.544 ms stddev 9.712, 0 failed
progress: 48.0 s, 3975.1 tps, lat 8.195 ms stddev 12.663, 0 failed
progress: 49.0 s, 3472.1 tps, lat 9.212 ms stddev 12.787, 0 failed
progress: 50.0 s, 4525.0 tps, lat 7.063 ms stddev 9.510, 0 failed
progress: 51.0 s, 4310.9 tps, lat 7.425 ms stddev 10.787, 0 failed
progress: 52.0 s, 4887.1 tps, lat 6.453 ms stddev 8.783, 0 failed
progress: 53.0 s, 3657.0 tps, lat 8.835 ms stddev 11.716, 0 failed
progress: 54.0 s, 5022.1 tps, lat 6.386 ms stddev 8.937, 0 failed
progress: 55.0 s, 3898.0 tps, lat 8.246 ms stddev 10.757, 0 failed
progress: 56.0 s, 3645.9 tps, lat 8.630 ms stddev 11.682, 0 failed
progress: 57.0 s, 4737.3 tps, lat 6.866 ms stddev 10.662, 0 failed
progress: 58.0 s, 6075.9 tps, lat 5.253 ms stddev 8.207, 0 failed
progress: 59.0 s, 4514.0 tps, lat 7.126 ms stddev 9.933, 0 failed
transaction type: star-1.sql
scaling factor: 1
query mode: prepared
number of clients: 32
number of threads: 32
maximum number of tries: 1
duration: 60 s
number of transactions actually processed: 251052
number of failed transactions: 0 (0.000%)
latency average = 7.620 ms
latency stddev = 14.968 ms
initial connection time = 222.731 ms
tps = 4198.812989 (without initial connection time)
