pgbench (18devel, server 8.0.26)
progress: 2.2 s, 68.9 tps, lat 105.140 ms stddev 383.556, 0 failed
progress: 3.0 s, 1898.6 tps, lat 97.839 ms stddev 373.867, 0 failed
progress: 4.0 s, 3185.0 tps, lat 20.279 ms stddev 24.228, 0 failed
progress: 5.0 s, 3964.0 tps, lat 15.863 ms stddev 18.612, 0 failed
progress: 6.0 s, 3823.0 tps, lat 17.139 ms stddev 17.445, 0 failed
progress: 7.0 s, 3959.0 tps, lat 15.943 ms stddev 18.132, 0 failed
progress: 8.0 s, 3451.0 tps, lat 18.561 ms stddev 18.187, 0 failed
progress: 9.0 s, 3416.0 tps, lat 19.009 ms stddev 21.549, 0 failed
progress: 10.0 s, 4310.0 tps, lat 14.721 ms stddev 14.455, 0 failed
progress: 11.0 s, 3870.0 tps, lat 16.396 ms stddev 15.275, 0 failed
progress: 12.0 s, 4301.1 tps, lat 15.119 ms stddev 17.868, 0 failed
progress: 13.0 s, 3978.2 tps, lat 15.998 ms stddev 17.214, 0 failed
progress: 14.0 s, 5521.0 tps, lat 11.562 ms stddev 13.291, 0 failed
progress: 15.0 s, 3776.9 tps, lat 16.960 ms stddev 19.611, 0 failed
progress: 16.0 s, 4388.0 tps, lat 14.458 ms stddev 15.480, 0 failed
progress: 17.0 s, 4527.0 tps, lat 13.921 ms stddev 15.772, 0 failed
progress: 18.0 s, 3965.2 tps, lat 16.665 ms stddev 18.147, 0 failed
progress: 19.0 s, 4225.8 tps, lat 14.930 ms stddev 17.341, 0 failed
progress: 20.0 s, 4731.1 tps, lat 13.624 ms stddev 14.386, 0 failed
progress: 21.0 s, 4821.0 tps, lat 13.000 ms stddev 14.628, 0 failed
progress: 22.0 s, 4933.0 tps, lat 13.139 ms stddev 13.676, 0 failed
progress: 23.0 s, 4591.9 tps, lat 14.133 ms stddev 15.474, 0 failed
progress: 24.0 s, 4516.3 tps, lat 14.179 ms stddev 15.635, 0 failed
progress: 25.0 s, 5295.7 tps, lat 11.886 ms stddev 14.299, 0 failed
progress: 26.0 s, 4180.1 tps, lat 15.547 ms stddev 17.999, 0 failed
progress: 27.0 s, 4209.0 tps, lat 14.806 ms stddev 17.739, 0 failed
progress: 28.0 s, 4855.0 tps, lat 13.529 ms stddev 13.682, 0 failed
progress: 29.0 s, 4222.0 tps, lat 14.690 ms stddev 16.893, 0 failed
progress: 30.0 s, 4431.0 tps, lat 14.822 ms stddev 18.474, 0 failed
progress: 31.0 s, 4394.0 tps, lat 14.648 ms stddev 14.763, 0 failed
progress: 32.0 s, 4987.1 tps, lat 12.624 ms stddev 13.633, 0 failed
progress: 33.0 s, 4162.1 tps, lat 15.293 ms stddev 16.061, 0 failed
progress: 34.0 s, 4048.0 tps, lat 16.065 ms stddev 18.562, 0 failed
progress: 35.0 s, 4853.8 tps, lat 12.919 ms stddev 15.090, 0 failed
progress: 36.0 s, 4955.0 tps, lat 12.992 ms stddev 13.410, 0 failed
progress: 37.0 s, 4260.9 tps, lat 15.302 ms stddev 18.685, 0 failed
progress: 38.0 s, 4290.2 tps, lat 14.685 ms stddev 14.906, 0 failed
progress: 39.0 s, 4569.8 tps, lat 14.010 ms stddev 14.554, 0 failed
progress: 40.0 s, 4764.2 tps, lat 13.619 ms stddev 16.194, 0 failed
progress: 41.0 s, 4887.8 tps, lat 13.033 ms stddev 14.191, 0 failed
progress: 42.0 s, 3641.1 tps, lat 17.339 ms stddev 18.266, 0 failed
progress: 43.0 s, 4537.9 tps, lat 14.352 ms stddev 16.786, 0 failed
progress: 44.0 s, 4109.1 tps, lat 15.626 ms stddev 18.985, 0 failed
progress: 45.0 s, 4342.8 tps, lat 14.686 ms stddev 15.225, 0 failed
progress: 46.0 s, 5218.1 tps, lat 12.255 ms stddev 12.797, 0 failed
progress: 47.0 s, 3158.9 tps, lat 20.074 ms stddev 22.359, 0 failed
progress: 48.0 s, 4137.0 tps, lat 15.252 ms stddev 16.359, 0 failed
progress: 49.0 s, 4388.1 tps, lat 14.802 ms stddev 15.237, 0 failed
progress: 50.0 s, 3321.9 tps, lat 19.430 ms stddev 21.971, 0 failed
progress: 51.0 s, 4221.2 tps, lat 15.147 ms stddev 17.101, 0 failed
progress: 52.0 s, 4840.0 tps, lat 13.084 ms stddev 14.614, 0 failed
progress: 53.0 s, 4427.0 tps, lat 14.569 ms stddev 18.224, 0 failed
progress: 54.0 s, 4833.0 tps, lat 13.197 ms stddev 12.516, 0 failed
progress: 55.0 s, 4197.0 tps, lat 15.395 ms stddev 16.188, 0 failed
progress: 56.0 s, 3649.0 tps, lat 17.043 ms stddev 19.669, 0 failed
progress: 57.0 s, 4138.1 tps, lat 15.536 ms stddev 18.325, 0 failed
progress: 58.0 s, 5463.8 tps, lat 11.720 ms stddev 12.656, 0 failed
progress: 59.0 s, 4159.2 tps, lat 15.615 ms stddev 18.124, 0 failed
transaction type: star-1.sql
scaling factor: 1
query mode: prepared
number of clients: 64
number of threads: 64
maximum number of tries: 1
duration: 60 s
number of transactions actually processed: 248781
number of failed transactions: 0 (0.000%)
latency average = 15.332 ms
latency stddev = 35.660 ms
initial connection time = 411.015 ms
tps = 4173.472353 (without initial connection time)
