pgbench (18devel, server 9.6.24)
progress: 1.0 s, 999.9 tps, lat 15.800 ms stddev 0.997, 0 failed
progress: 2.0 s, 1010.0 tps, lat 15.786 ms stddev 0.296, 0 failed
progress: 3.0 s, 1016.0 tps, lat 15.790 ms stddev 0.159, 0 failed
progress: 4.0 s, 1018.0 tps, lat 15.721 ms stddev 0.198, 0 failed
progress: 5.0 s, 1020.0 tps, lat 15.698 ms stddev 0.105, 0 failed
progress: 6.0 s, 1017.0 tps, lat 15.693 ms stddev 0.109, 0 failed
progress: 7.0 s, 1023.0 tps, lat 15.688 ms stddev 0.117, 0 failed
progress: 8.0 s, 1017.0 tps, lat 15.680 ms stddev 0.104, 0 failed
progress: 9.0 s, 1020.0 tps, lat 15.715 ms stddev 0.153, 0 failed
progress: 10.0 s, 1021.0 tps, lat 15.672 ms stddev 0.118, 0 failed
progress: 11.0 s, 1025.0 tps, lat 15.647 ms stddev 0.124, 0 failed
progress: 12.0 s, 1018.0 tps, lat 15.673 ms stddev 0.103, 0 failed
progress: 13.0 s, 1020.0 tps, lat 15.667 ms stddev 0.105, 0 failed
progress: 14.0 s, 1023.0 tps, lat 15.693 ms stddev 0.118, 0 failed
progress: 15.0 s, 1017.0 tps, lat 15.694 ms stddev 0.107, 0 failed
progress: 16.0 s, 1023.0 tps, lat 15.660 ms stddev 0.100, 0 failed
progress: 17.0 s, 1019.0 tps, lat 15.690 ms stddev 0.104, 0 failed
progress: 18.0 s, 1019.0 tps, lat 15.690 ms stddev 0.119, 0 failed
progress: 19.0 s, 1022.0 tps, lat 15.687 ms stddev 0.125, 0 failed
progress: 20.0 s, 1017.0 tps, lat 15.688 ms stddev 0.113, 0 failed
progress: 21.0 s, 1024.0 tps, lat 15.664 ms stddev 0.109, 0 failed
progress: 22.0 s, 1016.0 tps, lat 15.679 ms stddev 0.112, 0 failed
progress: 23.0 s, 1024.0 tps, lat 15.684 ms stddev 0.114, 0 failed
progress: 24.0 s, 1017.0 tps, lat 15.702 ms stddev 0.110, 0 failed
progress: 25.0 s, 1019.0 tps, lat 15.712 ms stddev 0.119, 0 failed
progress: 26.0 s, 1020.0 tps, lat 15.667 ms stddev 0.106, 0 failed
progress: 27.0 s, 1025.0 tps, lat 15.669 ms stddev 0.104, 0 failed
progress: 28.0 s, 1020.0 tps, lat 15.648 ms stddev 0.104, 0 failed
progress: 29.0 s, 1020.0 tps, lat 15.686 ms stddev 0.101, 0 failed
progress: 30.0 s, 1019.0 tps, lat 15.681 ms stddev 0.112, 0 failed
progress: 31.0 s, 1021.0 tps, lat 15.692 ms stddev 0.107, 0 failed
progress: 32.0 s, 1020.0 tps, lat 15.670 ms stddev 0.114, 0 failed
progress: 33.0 s, 1022.0 tps, lat 15.669 ms stddev 0.107, 0 failed
progress: 34.0 s, 1019.0 tps, lat 15.703 ms stddev 0.104, 0 failed
progress: 35.0 s, 1021.0 tps, lat 15.680 ms stddev 0.103, 0 failed
progress: 36.0 s, 1020.0 tps, lat 15.686 ms stddev 0.131, 0 failed
progress: 37.0 s, 1022.0 tps, lat 15.667 ms stddev 0.109, 0 failed
progress: 38.0 s, 1020.0 tps, lat 15.680 ms stddev 0.103, 0 failed
progress: 39.0 s, 1020.0 tps, lat 15.678 ms stddev 0.104, 0 failed
progress: 40.0 s, 1019.0 tps, lat 15.683 ms stddev 0.103, 0 failed
progress: 41.0 s, 1021.0 tps, lat 15.672 ms stddev 0.110, 0 failed
progress: 42.0 s, 1021.0 tps, lat 15.665 ms stddev 0.107, 0 failed
progress: 43.0 s, 1021.0 tps, lat 15.684 ms stddev 0.111, 0 failed
progress: 44.0 s, 1020.0 tps, lat 15.690 ms stddev 0.113, 0 failed
progress: 45.0 s, 1017.0 tps, lat 15.713 ms stddev 0.109, 0 failed
progress: 46.0 s, 1023.0 tps, lat 15.660 ms stddev 0.124, 0 failed
progress: 47.0 s, 1019.0 tps, lat 15.684 ms stddev 0.113, 0 failed
progress: 48.0 s, 1024.0 tps, lat 15.664 ms stddev 0.116, 0 failed
progress: 49.0 s, 1018.0 tps, lat 15.685 ms stddev 0.112, 0 failed
progress: 50.0 s, 1022.0 tps, lat 15.677 ms stddev 0.106, 0 failed
progress: 51.0 s, 1017.0 tps, lat 15.701 ms stddev 0.124, 0 failed
progress: 52.0 s, 1021.0 tps, lat 15.664 ms stddev 0.106, 0 failed
progress: 53.0 s, 1026.0 tps, lat 15.636 ms stddev 0.102, 0 failed
progress: 54.0 s, 1020.0 tps, lat 15.658 ms stddev 0.120, 0 failed
progress: 55.0 s, 1020.0 tps, lat 15.702 ms stddev 0.119, 0 failed
progress: 56.0 s, 1019.0 tps, lat 15.687 ms stddev 0.115, 0 failed
progress: 57.0 s, 1019.0 tps, lat 15.693 ms stddev 0.121, 0 failed
progress: 58.0 s, 1023.0 tps, lat 15.680 ms stddev 0.118, 0 failed
progress: 59.0 s, 1019.0 tps, lat 15.667 ms stddev 0.114, 0 failed
transaction type: star-1.sql
scaling factor: 1
query mode: simple
number of clients: 16
number of threads: 16
maximum number of tries: 1
duration: 60 s
number of transactions actually processed: 61193
number of failed transactions: 0 (0.000%)
latency average = 15.687 ms
latency stddev = 0.177 ms
initial connection time = 11.731 ms
tps = 1019.814785 (without initial connection time)
