pgbench (18devel, server 9.6.24)
progress: 1.0 s, 2063.7 tps, lat 105.843 ms stddev 124.264, 0 failed
progress: 2.0 s, 2441.4 tps, lat 106.003 ms stddev 72.468, 0 failed
progress: 3.0 s, 2320.0 tps, lat 113.029 ms stddev 48.804, 0 failed
progress: 4.0 s, 2330.0 tps, lat 109.129 ms stddev 29.814, 0 failed
progress: 5.0 s, 2380.2 tps, lat 106.644 ms stddev 41.461, 0 failed
progress: 6.0 s, 2377.9 tps, lat 109.545 ms stddev 34.735, 0 failed
progress: 7.0 s, 2365.0 tps, lat 106.129 ms stddev 47.618, 0 failed
progress: 8.0 s, 2368.9 tps, lat 108.924 ms stddev 34.789, 0 failed
progress: 9.0 s, 2388.1 tps, lat 107.481 ms stddev 39.696, 0 failed
progress: 10.0 s, 2391.1 tps, lat 107.623 ms stddev 32.407, 0 failed
progress: 11.0 s, 2359.1 tps, lat 108.304 ms stddev 36.975, 0 failed
progress: 12.0 s, 2368.6 tps, lat 108.124 ms stddev 31.628, 0 failed
progress: 13.0 s, 2394.4 tps, lat 107.807 ms stddev 37.182, 0 failed
progress: 14.0 s, 2350.9 tps, lat 107.712 ms stddev 34.195, 0 failed
progress: 15.0 s, 2373.2 tps, lat 108.388 ms stddev 30.956, 0 failed
progress: 16.0 s, 2360.6 tps, lat 108.013 ms stddev 35.609, 0 failed
progress: 17.0 s, 2369.3 tps, lat 108.343 ms stddev 26.670, 0 failed
progress: 18.0 s, 2380.2 tps, lat 107.211 ms stddev 34.684, 0 failed
progress: 19.0 s, 2353.0 tps, lat 108.822 ms stddev 36.229, 0 failed
progress: 20.0 s, 2366.0 tps, lat 108.271 ms stddev 32.941, 0 failed
progress: 21.0 s, 2384.8 tps, lat 108.123 ms stddev 45.190, 0 failed
progress: 22.0 s, 2362.0 tps, lat 108.341 ms stddev 31.655, 0 failed
progress: 23.0 s, 2365.1 tps, lat 107.942 ms stddev 21.093, 0 failed
progress: 24.0 s, 2369.8 tps, lat 108.190 ms stddev 29.649, 0 failed
progress: 25.0 s, 2352.0 tps, lat 108.046 ms stddev 29.387, 0 failed
progress: 26.0 s, 2351.1 tps, lat 108.367 ms stddev 27.809, 0 failed
progress: 27.0 s, 2372.8 tps, lat 108.241 ms stddev 33.752, 0 failed
progress: 28.0 s, 2360.1 tps, lat 109.326 ms stddev 33.342, 0 failed
progress: 29.0 s, 2335.0 tps, lat 108.896 ms stddev 27.966, 0 failed
progress: 30.0 s, 2344.9 tps, lat 109.396 ms stddev 35.852, 0 failed
progress: 31.0 s, 2358.0 tps, lat 109.398 ms stddev 39.824, 0 failed
progress: 32.0 s, 2334.0 tps, lat 109.047 ms stddev 33.209, 0 failed
progress: 33.0 s, 2324.0 tps, lat 109.503 ms stddev 37.295, 0 failed
progress: 34.0 s, 2331.8 tps, lat 110.168 ms stddev 38.424, 0 failed
progress: 35.0 s, 2337.1 tps, lat 109.616 ms stddev 31.290, 0 failed
progress: 36.0 s, 2322.1 tps, lat 110.243 ms stddev 32.955, 0 failed
progress: 37.0 s, 2339.1 tps, lat 109.955 ms stddev 26.715, 0 failed
progress: 38.0 s, 2346.0 tps, lat 108.624 ms stddev 28.730, 0 failed
progress: 39.0 s, 2327.3 tps, lat 109.683 ms stddev 33.027, 0 failed
progress: 40.0 s, 2366.6 tps, lat 109.016 ms stddev 34.106, 0 failed
progress: 41.0 s, 2344.0 tps, lat 108.891 ms stddev 28.679, 0 failed
progress: 42.0 s, 2351.2 tps, lat 108.320 ms stddev 38.312, 0 failed
progress: 43.0 s, 2339.8 tps, lat 109.752 ms stddev 32.771, 0 failed
progress: 44.0 s, 2357.9 tps, lat 107.806 ms stddev 40.828, 0 failed
progress: 45.0 s, 2346.0 tps, lat 110.122 ms stddev 35.821, 0 failed
progress: 46.0 s, 2352.9 tps, lat 108.643 ms stddev 29.799, 0 failed
progress: 47.0 s, 2366.1 tps, lat 108.064 ms stddev 43.337, 0 failed
progress: 48.0 s, 2355.1 tps, lat 108.626 ms stddev 40.915, 0 failed
progress: 49.0 s, 2327.9 tps, lat 109.569 ms stddev 41.377, 0 failed
progress: 50.0 s, 2358.9 tps, lat 109.302 ms stddev 29.454, 0 failed
progress: 51.0 s, 2342.3 tps, lat 108.965 ms stddev 30.183, 0 failed
progress: 52.0 s, 2339.9 tps, lat 108.963 ms stddev 33.216, 0 failed
progress: 53.0 s, 2346.0 tps, lat 109.096 ms stddev 36.855, 0 failed
progress: 54.0 s, 2347.0 tps, lat 109.442 ms stddev 47.637, 0 failed
progress: 55.0 s, 2375.1 tps, lat 108.148 ms stddev 36.684, 0 failed
progress: 56.0 s, 2330.0 tps, lat 109.694 ms stddev 37.072, 0 failed
progress: 57.0 s, 2339.1 tps, lat 108.911 ms stddev 39.391, 0 failed
progress: 58.0 s, 2355.4 tps, lat 110.018 ms stddev 33.976, 0 failed
progress: 59.0 s, 2318.4 tps, lat 109.107 ms stddev 26.771, 0 failed
transaction type: star-1.sql
scaling factor: 1
query mode: simple
number of clients: 256
number of threads: 256
maximum number of tries: 1
duration: 60 s
number of transactions actually processed: 141039
number of failed transactions: 0 (0.000%)
latency average = 108.681 ms
latency stddev = 38.984 ms
initial connection time = 157.367 ms
tps = 2353.826764 (without initial connection time)
