pgbench (18devel, server 9.6.24)
progress: 1.0 s, 1868.8 tps, lat 16.870 ms stddev 2.811, 0 failed
progress: 2.0 s, 1951.0 tps, lat 16.355 ms stddev 0.490, 0 failed
progress: 3.0 s, 1966.0 tps, lat 16.303 ms stddev 0.439, 0 failed
progress: 4.0 s, 1968.0 tps, lat 16.277 ms stddev 0.496, 0 failed
progress: 5.0 s, 1959.0 tps, lat 16.284 ms stddev 0.491, 0 failed
progress: 6.0 s, 1971.0 tps, lat 16.273 ms stddev 0.496, 0 failed
progress: 7.0 s, 1970.0 tps, lat 16.255 ms stddev 0.462, 0 failed
progress: 8.0 s, 1968.0 tps, lat 16.262 ms stddev 0.485, 0 failed
progress: 9.0 s, 1968.0 tps, lat 16.258 ms stddev 0.475, 0 failed
progress: 10.0 s, 1967.0 tps, lat 16.251 ms stddev 0.475, 0 failed
progress: 11.0 s, 1971.0 tps, lat 16.246 ms stddev 0.459, 0 failed
progress: 12.0 s, 1969.0 tps, lat 16.245 ms stddev 0.472, 0 failed
progress: 13.0 s, 1963.0 tps, lat 16.270 ms stddev 0.505, 0 failed
progress: 14.0 s, 1977.0 tps, lat 16.222 ms stddev 0.428, 0 failed
progress: 15.0 s, 1966.0 tps, lat 16.256 ms stddev 0.476, 0 failed
progress: 16.0 s, 1969.0 tps, lat 16.256 ms stddev 0.483, 0 failed
progress: 17.0 s, 1967.0 tps, lat 16.274 ms stddev 0.516, 0 failed
progress: 18.0 s, 1968.0 tps, lat 16.246 ms stddev 0.465, 0 failed
progress: 19.0 s, 1973.0 tps, lat 16.256 ms stddev 0.473, 0 failed
progress: 20.0 s, 1965.0 tps, lat 16.279 ms stddev 0.515, 0 failed
progress: 21.0 s, 1968.0 tps, lat 16.272 ms stddev 0.516, 0 failed
progress: 22.0 s, 1965.0 tps, lat 16.257 ms stddev 0.474, 0 failed
progress: 23.0 s, 1971.0 tps, lat 16.249 ms stddev 0.466, 0 failed
progress: 24.0 s, 1967.0 tps, lat 16.256 ms stddev 0.479, 0 failed
progress: 25.0 s, 1964.0 tps, lat 16.274 ms stddev 0.508, 0 failed
progress: 26.0 s, 1969.0 tps, lat 16.275 ms stddev 0.497, 0 failed
progress: 27.0 s, 1968.0 tps, lat 16.236 ms stddev 0.449, 0 failed
progress: 28.0 s, 1973.0 tps, lat 16.245 ms stddev 0.465, 0 failed
progress: 29.0 s, 1968.0 tps, lat 16.255 ms stddev 0.482, 0 failed
progress: 30.0 s, 1967.0 tps, lat 16.240 ms stddev 0.456, 0 failed
progress: 31.0 s, 1973.0 tps, lat 16.235 ms stddev 0.460, 0 failed
progress: 32.0 s, 1971.0 tps, lat 16.253 ms stddev 0.492, 0 failed
progress: 33.0 s, 1970.0 tps, lat 16.241 ms stddev 0.475, 0 failed
progress: 34.0 s, 1968.0 tps, lat 16.248 ms stddev 0.489, 0 failed
progress: 35.0 s, 1967.0 tps, lat 16.271 ms stddev 0.513, 0 failed
progress: 36.0 s, 1965.0 tps, lat 16.282 ms stddev 0.536, 0 failed
progress: 37.0 s, 1969.0 tps, lat 16.256 ms stddev 0.494, 0 failed
progress: 38.0 s, 1966.0 tps, lat 16.266 ms stddev 0.498, 0 failed
progress: 39.0 s, 1966.0 tps, lat 16.266 ms stddev 0.513, 0 failed
progress: 40.0 s, 1971.1 tps, lat 16.241 ms stddev 0.469, 0 failed
progress: 41.0 s, 1970.9 tps, lat 16.241 ms stddev 0.475, 0 failed
progress: 42.0 s, 1970.0 tps, lat 16.263 ms stddev 0.498, 0 failed
progress: 43.0 s, 1964.0 tps, lat 16.262 ms stddev 0.498, 0 failed
progress: 44.0 s, 1972.0 tps, lat 16.244 ms stddev 0.465, 0 failed
progress: 45.0 s, 1968.0 tps, lat 16.254 ms stddev 0.488, 0 failed
progress: 46.0 s, 1971.0 tps, lat 16.233 ms stddev 0.464, 0 failed
progress: 47.0 s, 1963.0 tps, lat 16.290 ms stddev 0.857, 0 failed
progress: 48.0 s, 1961.0 tps, lat 16.351 ms stddev 1.398, 0 failed
progress: 49.0 s, 1970.0 tps, lat 16.233 ms stddev 0.466, 0 failed
progress: 50.0 s, 1969.0 tps, lat 16.241 ms stddev 0.479, 0 failed
progress: 51.0 s, 1971.0 tps, lat 16.256 ms stddev 0.485, 0 failed
progress: 52.0 s, 1964.0 tps, lat 16.265 ms stddev 0.497, 0 failed
progress: 53.0 s, 1971.0 tps, lat 16.244 ms stddev 0.472, 0 failed
progress: 54.0 s, 1970.0 tps, lat 16.233 ms stddev 0.455, 0 failed
progress: 55.0 s, 1974.0 tps, lat 16.224 ms stddev 0.447, 0 failed
progress: 56.0 s, 1963.9 tps, lat 16.293 ms stddev 0.959, 0 failed
progress: 57.0 s, 1954.0 tps, lat 16.352 ms stddev 1.146, 0 failed
progress: 58.0 s, 1956.1 tps, lat 16.371 ms stddev 1.381, 0 failed
progress: 59.0 s, 1968.9 tps, lat 16.242 ms stddev 0.472, 0 failed
transaction type: star-1.sql
scaling factor: 1
query mode: simple
number of clients: 32
number of threads: 32
maximum number of tries: 1
duration: 60 s
number of transactions actually processed: 117960
number of failed transactions: 0 (0.000%)
latency average = 16.272 ms
latency stddev = 0.674 ms
initial connection time = 21.821 ms
tps = 1966.223723 (without initial connection time)
