pgbench (18devel, server 8.2.23)
progress: 1.0 s, 47008.4 tps, lat 0.338 ms stddev 0.238, 0 failed
progress: 2.0 s, 47885.0 tps, lat 0.334 ms stddev 0.078, 0 failed
progress: 3.0 s, 47209.0 tps, lat 0.339 ms stddev 0.075, 0 failed
progress: 4.0 s, 47308.0 tps, lat 0.338 ms stddev 0.070, 0 failed
progress: 5.0 s, 47503.1 tps, lat 0.337 ms stddev 0.071, 0 failed
progress: 6.0 s, 47564.3 tps, lat 0.336 ms stddev 0.067, 0 failed
progress: 7.0 s, 47325.7 tps, lat 0.338 ms stddev 0.070, 0 failed
progress: 8.0 s, 47736.0 tps, lat 0.335 ms stddev 0.067, 0 failed
progress: 9.0 s, 47754.0 tps, lat 0.335 ms stddev 0.067, 0 failed
progress: 10.0 s, 47955.7 tps, lat 0.333 ms stddev 0.066, 0 failed
progress: 11.0 s, 47887.2 tps, lat 0.334 ms stddev 0.066, 0 failed
progress: 12.0 s, 47416.1 tps, lat 0.337 ms stddev 0.069, 0 failed
progress: 13.0 s, 47246.0 tps, lat 0.338 ms stddev 0.076, 0 failed
progress: 14.0 s, 47964.0 tps, lat 0.333 ms stddev 0.068, 0 failed
progress: 15.0 s, 47971.0 tps, lat 0.333 ms stddev 0.067, 0 failed
progress: 16.0 s, 47953.0 tps, lat 0.333 ms stddev 0.067, 0 failed
progress: 17.0 s, 47466.0 tps, lat 0.337 ms stddev 0.066, 0 failed
progress: 18.0 s, 47389.0 tps, lat 0.337 ms stddev 0.066, 0 failed
progress: 19.0 s, 47559.9 tps, lat 0.336 ms stddev 0.066, 0 failed
progress: 20.0 s, 47383.1 tps, lat 0.337 ms stddev 0.073, 0 failed
progress: 21.0 s, 47758.0 tps, lat 0.335 ms stddev 0.067, 0 failed
progress: 22.0 s, 47517.0 tps, lat 0.336 ms stddev 0.072, 0 failed
progress: 23.0 s, 47430.0 tps, lat 0.337 ms stddev 0.097, 0 failed
progress: 24.0 s, 47446.0 tps, lat 0.337 ms stddev 0.073, 0 failed
progress: 25.0 s, 47322.0 tps, lat 0.338 ms stddev 0.071, 0 failed
progress: 26.0 s, 47718.3 tps, lat 0.335 ms stddev 0.067, 0 failed
progress: 27.0 s, 47560.7 tps, lat 0.336 ms stddev 0.071, 0 failed
progress: 28.0 s, 48022.8 tps, lat 0.333 ms stddev 0.069, 0 failed
progress: 29.0 s, 47612.2 tps, lat 0.336 ms stddev 0.069, 0 failed
progress: 30.0 s, 47653.0 tps, lat 0.335 ms stddev 0.070, 0 failed
progress: 31.0 s, 48170.4 tps, lat 0.332 ms stddev 0.073, 0 failed
progress: 32.0 s, 47597.7 tps, lat 0.336 ms stddev 0.069, 0 failed
progress: 33.0 s, 47230.7 tps, lat 0.338 ms stddev 0.074, 0 failed
progress: 34.0 s, 47220.0 tps, lat 0.339 ms stddev 0.077, 0 failed
progress: 35.0 s, 47279.7 tps, lat 0.338 ms stddev 0.083, 0 failed
progress: 36.0 s, 47634.7 tps, lat 0.336 ms stddev 0.066, 0 failed
progress: 37.0 s, 47245.7 tps, lat 0.338 ms stddev 0.074, 0 failed
progress: 38.0 s, 46952.1 tps, lat 0.340 ms stddev 0.086, 0 failed
progress: 39.0 s, 46907.0 tps, lat 0.341 ms stddev 0.083, 0 failed
progress: 40.0 s, 46532.0 tps, lat 0.344 ms stddev 0.098, 0 failed
progress: 41.0 s, 47012.0 tps, lat 0.340 ms stddev 0.074, 0 failed
progress: 42.0 s, 47018.0 tps, lat 0.340 ms stddev 0.074, 0 failed
progress: 43.0 s, 47216.0 tps, lat 0.339 ms stddev 0.073, 0 failed
progress: 44.0 s, 47334.0 tps, lat 0.338 ms stddev 0.073, 0 failed
progress: 45.0 s, 47396.0 tps, lat 0.337 ms stddev 0.067, 0 failed
progress: 46.0 s, 47892.0 tps, lat 0.334 ms stddev 0.068, 0 failed
progress: 47.0 s, 47861.0 tps, lat 0.334 ms stddev 0.080, 0 failed
progress: 48.0 s, 47554.0 tps, lat 0.336 ms stddev 0.086, 0 failed
progress: 49.0 s, 47214.0 tps, lat 0.339 ms stddev 0.085, 0 failed
progress: 50.0 s, 47556.0 tps, lat 0.336 ms stddev 0.067, 0 failed
progress: 51.0 s, 47312.1 tps, lat 0.338 ms stddev 0.067, 0 failed
progress: 52.0 s, 47381.0 tps, lat 0.337 ms stddev 0.069, 0 failed
progress: 53.0 s, 47258.0 tps, lat 0.338 ms stddev 0.071, 0 failed
progress: 54.0 s, 47188.0 tps, lat 0.339 ms stddev 0.068, 0 failed
progress: 55.0 s, 47006.0 tps, lat 0.340 ms stddev 0.071, 0 failed
progress: 56.0 s, 47161.0 tps, lat 0.339 ms stddev 0.073, 0 failed
progress: 57.0 s, 47440.0 tps, lat 0.337 ms stddev 0.068, 0 failed
progress: 58.0 s, 47438.2 tps, lat 0.337 ms stddev 0.070, 0 failed
progress: 59.0 s, 47324.3 tps, lat 0.338 ms stddev 0.068, 0 failed
transaction type: star-1-left.sql
scaling factor: 1
query mode: prepared
number of clients: 16
number of threads: 16
maximum number of tries: 1
duration: 60 s
number of transactions actually processed: 2846761
number of failed transactions: 0 (0.000%)
latency average = 0.337 ms
latency stddev = 0.078 ms
initial connection time = 12.418 ms
tps = 47455.446855 (without initial connection time)
