pgbench (18devel, server 8.2.23)
progress: 1.0 s, 40090.8 tps, lat 1.570 ms stddev 3.333, 0 failed
progress: 2.0 s, 26849.6 tps, lat 2.376 ms stddev 2.793, 0 failed
progress: 3.0 s, 43893.2 tps, lat 1.463 ms stddev 1.231, 0 failed
progress: 4.0 s, 42154.1 tps, lat 1.518 ms stddev 1.403, 0 failed
progress: 5.0 s, 25182.7 tps, lat 2.531 ms stddev 2.901, 0 failed
progress: 6.0 s, 41893.1 tps, lat 1.533 ms stddev 1.443, 0 failed
progress: 7.0 s, 44075.2 tps, lat 1.451 ms stddev 1.199, 0 failed
progress: 8.0 s, 15511.0 tps, lat 4.126 ms stddev 3.869, 0 failed
progress: 9.0 s, 28525.0 tps, lat 2.243 ms stddev 2.634, 0 failed
progress: 10.0 s, 44045.0 tps, lat 1.452 ms stddev 1.204, 0 failed
progress: 11.0 s, 39285.5 tps, lat 1.623 ms stddev 1.653, 0 failed
progress: 12.0 s, 7398.0 tps, lat 8.650 ms stddev 2.245, 0 failed
progress: 13.0 s, 40278.5 tps, lat 1.594 ms stddev 1.594, 0 failed
progress: 14.0 s, 34173.8 tps, lat 1.866 ms stddev 2.108, 0 failed
progress: 15.0 s, 7493.0 tps, lat 8.542 ms stddev 2.220, 0 failed
progress: 16.0 s, 7556.7 tps, lat 8.467 ms stddev 2.222, 0 failed
progress: 17.0 s, 8126.0 tps, lat 7.875 ms stddev 3.114, 0 failed
progress: 18.0 s, 12654.7 tps, lat 5.055 ms stddev 3.955, 0 failed
progress: 19.0 s, 18983.0 tps, lat 3.372 ms stddev 3.504, 0 failed
progress: 20.0 s, 16807.8 tps, lat 3.808 ms stddev 3.741, 0 failed
progress: 21.0 s, 7452.2 tps, lat 8.583 ms stddev 2.319, 0 failed
progress: 22.0 s, 17465.8 tps, lat 3.663 ms stddev 3.631, 0 failed
progress: 23.0 s, 39819.9 tps, lat 1.614 ms stddev 1.630, 0 failed
progress: 24.0 s, 14200.9 tps, lat 4.488 ms stddev 3.919, 0 failed
progress: 25.0 s, 7423.5 tps, lat 8.622 ms stddev 2.297, 0 failed
progress: 26.0 s, 23144.2 tps, lat 2.767 ms stddev 3.136, 0 failed
progress: 27.0 s, 7673.5 tps, lat 8.336 ms stddev 2.470, 0 failed
progress: 28.0 s, 33204.4 tps, lat 1.926 ms stddev 2.190, 0 failed
progress: 29.0 s, 9515.5 tps, lat 6.751 ms stddev 3.712, 0 failed
progress: 30.0 s, 38365.0 tps, lat 1.661 ms stddev 1.735, 0 failed
progress: 31.0 s, 7494.5 tps, lat 8.549 ms stddev 2.212, 0 failed
progress: 32.0 s, 7518.3 tps, lat 8.511 ms stddev 2.414, 0 failed
progress: 33.0 s, 14129.3 tps, lat 4.545 ms stddev 3.968, 0 failed
progress: 34.0 s, 43873.9 tps, lat 1.459 ms stddev 1.239, 0 failed
progress: 35.0 s, 16622.3 tps, lat 3.837 ms stddev 3.745, 0 failed
progress: 36.0 s, 14820.6 tps, lat 4.319 ms stddev 3.886, 0 failed
progress: 37.0 s, 9395.0 tps, lat 6.834 ms stddev 3.760, 0 failed
progress: 38.0 s, 44390.0 tps, lat 1.442 ms stddev 1.217, 0 failed
progress: 39.0 s, 43918.0 tps, lat 1.457 ms stddev 1.237, 0 failed
progress: 40.0 s, 15765.2 tps, lat 4.045 ms stddev 3.803, 0 failed
progress: 41.0 s, 7405.0 tps, lat 8.636 ms stddev 2.318, 0 failed
progress: 42.0 s, 7465.3 tps, lat 8.576 ms stddev 2.349, 0 failed
progress: 43.0 s, 7471.6 tps, lat 8.571 ms stddev 2.269, 0 failed
progress: 44.0 s, 11021.8 tps, lat 5.801 ms stddev 3.899, 0 failed
progress: 45.0 s, 19524.6 tps, lat 3.289 ms stddev 3.488, 0 failed
progress: 46.0 s, 34738.0 tps, lat 1.842 ms stddev 2.107, 0 failed
progress: 47.0 s, 44142.0 tps, lat 1.450 ms stddev 1.216, 0 failed
progress: 48.0 s, 17117.9 tps, lat 3.727 ms stddev 3.750, 0 failed
progress: 49.0 s, 40788.2 tps, lat 1.574 ms stddev 1.541, 0 failed
progress: 50.0 s, 44003.0 tps, lat 1.454 ms stddev 1.226, 0 failed
progress: 51.0 s, 44013.1 tps, lat 1.454 ms stddev 1.215, 0 failed
progress: 52.0 s, 40718.0 tps, lat 1.565 ms stddev 1.502, 0 failed
progress: 53.0 s, 22282.8 tps, lat 2.874 ms stddev 3.240, 0 failed
progress: 54.0 s, 10874.4 tps, lat 5.902 ms stddev 3.902, 0 failed
progress: 55.0 s, 26792.2 tps, lat 2.388 ms stddev 2.797, 0 failed
progress: 56.0 s, 44424.8 tps, lat 1.437 ms stddev 1.173, 0 failed
progress: 57.0 s, 17095.9 tps, lat 3.738 ms stddev 3.636, 0 failed
progress: 58.0 s, 34629.9 tps, lat 1.855 ms stddev 2.101, 0 failed
progress: 59.0 s, 25363.0 tps, lat 2.523 ms stddev 2.909, 0 failed
transaction type: star-1-left.sql
scaling factor: 1
query mode: prepared
number of clients: 64
number of threads: 64
maximum number of tries: 1
duration: 60 s
number of transactions actually processed: 1492163
number of failed transactions: 0 (0.000%)
latency average = 2.571 ms
latency stddev = 3.000 ms
initial connection time = 41.135 ms
tps = 24883.711374 (without initial connection time)
