pgbench (18devel, server 13.16)
progress: 1.0 s, 142857.1 tps, lat 0.222 ms stddev 0.232, 0 failed
progress: 2.0 s, 149941.2 tps, lat 0.213 ms stddev 0.074, 0 failed
progress: 3.0 s, 148748.9 tps, lat 0.215 ms stddev 0.077, 0 failed
progress: 4.0 s, 147291.3 tps, lat 0.217 ms stddev 0.077, 0 failed
progress: 5.0 s, 149362.0 tps, lat 0.214 ms stddev 0.076, 0 failed
progress: 6.0 s, 149060.5 tps, lat 0.215 ms stddev 0.075, 0 failed
progress: 7.0 s, 149043.3 tps, lat 0.215 ms stddev 0.075, 0 failed
progress: 8.0 s, 150111.5 tps, lat 0.213 ms stddev 0.074, 0 failed
progress: 9.0 s, 149667.1 tps, lat 0.214 ms stddev 0.074, 0 failed
progress: 10.0 s, 151125.2 tps, lat 0.212 ms stddev 0.073, 0 failed
progress: 11.0 s, 149690.7 tps, lat 0.214 ms stddev 0.074, 0 failed
progress: 12.0 s, 148951.0 tps, lat 0.215 ms stddev 0.075, 0 failed
progress: 13.0 s, 148660.9 tps, lat 0.215 ms stddev 0.075, 0 failed
progress: 14.0 s, 149768.7 tps, lat 0.213 ms stddev 0.075, 0 failed
progress: 15.0 s, 148741.2 tps, lat 0.215 ms stddev 0.076, 0 failed
progress: 16.0 s, 144867.3 tps, lat 0.221 ms stddev 0.078, 0 failed
progress: 17.0 s, 148572.6 tps, lat 0.215 ms stddev 0.076, 0 failed
progress: 18.0 s, 150182.9 tps, lat 0.213 ms stddev 0.073, 0 failed
progress: 19.0 s, 148169.8 tps, lat 0.216 ms stddev 0.075, 0 failed
progress: 20.0 s, 148335.2 tps, lat 0.216 ms stddev 0.075, 0 failed
progress: 21.0 s, 150274.8 tps, lat 0.213 ms stddev 0.074, 0 failed
progress: 22.0 s, 150335.0 tps, lat 0.213 ms stddev 0.074, 0 failed
progress: 23.0 s, 146831.7 tps, lat 0.218 ms stddev 0.077, 0 failed
progress: 24.0 s, 146913.4 tps, lat 0.218 ms stddev 0.077, 0 failed
progress: 25.0 s, 148096.1 tps, lat 0.216 ms stddev 0.076, 0 failed
progress: 26.0 s, 151238.5 tps, lat 0.211 ms stddev 0.074, 0 failed
progress: 27.0 s, 148834.1 tps, lat 0.215 ms stddev 0.075, 0 failed
progress: 28.0 s, 147530.8 tps, lat 0.217 ms stddev 0.078, 0 failed
progress: 29.0 s, 150772.0 tps, lat 0.212 ms stddev 0.073, 0 failed
progress: 30.0 s, 150308.0 tps, lat 0.213 ms stddev 0.073, 0 failed
progress: 31.0 s, 148246.6 tps, lat 0.216 ms stddev 0.076, 0 failed
progress: 32.0 s, 150649.2 tps, lat 0.212 ms stddev 0.074, 0 failed
progress: 33.0 s, 149528.6 tps, lat 0.214 ms stddev 0.075, 0 failed
progress: 34.0 s, 147940.4 tps, lat 0.216 ms stddev 0.077, 0 failed
progress: 35.0 s, 146865.7 tps, lat 0.218 ms stddev 0.077, 0 failed
progress: 36.0 s, 150888.8 tps, lat 0.212 ms stddev 0.073, 0 failed
progress: 37.0 s, 150567.0 tps, lat 0.212 ms stddev 0.073, 0 failed
progress: 38.0 s, 150417.9 tps, lat 0.213 ms stddev 0.074, 0 failed
progress: 39.0 s, 150046.2 tps, lat 0.213 ms stddev 0.074, 0 failed
progress: 40.0 s, 149572.0 tps, lat 0.214 ms stddev 0.076, 0 failed
progress: 41.0 s, 147864.3 tps, lat 0.216 ms stddev 0.077, 0 failed
progress: 42.0 s, 149105.6 tps, lat 0.214 ms stddev 0.077, 0 failed
progress: 43.0 s, 149691.3 tps, lat 0.214 ms stddev 0.073, 0 failed
progress: 44.0 s, 149905.5 tps, lat 0.213 ms stddev 0.074, 0 failed
progress: 45.0 s, 147984.0 tps, lat 0.216 ms stddev 0.076, 0 failed
progress: 46.0 s, 151761.2 tps, lat 0.211 ms stddev 0.073, 0 failed
progress: 47.0 s, 150675.4 tps, lat 0.212 ms stddev 0.075, 0 failed
progress: 48.0 s, 147357.7 tps, lat 0.217 ms stddev 0.077, 0 failed
progress: 49.0 s, 148539.7 tps, lat 0.215 ms stddev 0.076, 0 failed
progress: 50.0 s, 150219.8 tps, lat 0.213 ms stddev 0.073, 0 failed
progress: 51.0 s, 149499.4 tps, lat 0.214 ms stddev 0.074, 0 failed
progress: 52.0 s, 149849.6 tps, lat 0.213 ms stddev 0.075, 0 failed
progress: 53.0 s, 150582.5 tps, lat 0.212 ms stddev 0.074, 0 failed
progress: 54.0 s, 148601.0 tps, lat 0.215 ms stddev 0.076, 0 failed
progress: 55.0 s, 148788.5 tps, lat 0.215 ms stddev 0.075, 0 failed
progress: 56.0 s, 149748.7 tps, lat 0.214 ms stddev 0.073, 0 failed
progress: 57.0 s, 150015.1 tps, lat 0.213 ms stddev 0.075, 0 failed
progress: 58.0 s, 148747.1 tps, lat 0.215 ms stddev 0.075, 0 failed
progress: 59.0 s, 149717.9 tps, lat 0.214 ms stddev 0.075, 0 failed
transaction type: star-1-left.sql
scaling factor: 1
query mode: prepared
number of clients: 32
number of threads: 32
maximum number of tries: 1
duration: 60 s
number of transactions actually processed: 8947638
number of failed transactions: 0 (0.000%)
latency average = 0.214 ms
latency stddev = 0.080 ms
initial connection time = 20.895 ms
tps = 149177.781761 (without initial connection time)
