pgbench (18devel, server 17.0)
progress: 1.0 s, 8372.6 tps, lat 0.119 ms stddev 0.433, 0 failed
progress: 2.0 s, 9379.9 tps, lat 0.107 ms stddev 0.006, 0 failed
progress: 3.0 s, 9862.0 tps, lat 0.101 ms stddev 0.005, 0 failed
progress: 4.0 s, 9739.2 tps, lat 0.103 ms stddev 0.006, 0 failed
progress: 5.0 s, 9421.8 tps, lat 0.106 ms stddev 0.005, 0 failed
progress: 6.0 s, 9873.0 tps, lat 0.101 ms stddev 0.006, 0 failed
progress: 7.0 s, 9488.0 tps, lat 0.105 ms stddev 0.006, 0 failed
progress: 8.0 s, 9679.0 tps, lat 0.103 ms stddev 0.006, 0 failed
progress: 9.0 s, 9905.2 tps, lat 0.101 ms stddev 0.005, 0 failed
progress: 10.0 s, 9963.9 tps, lat 0.100 ms stddev 0.005, 0 failed
progress: 11.0 s, 9580.5 tps, lat 0.104 ms stddev 0.007, 0 failed
progress: 12.0 s, 9401.5 tps, lat 0.106 ms stddev 0.005, 0 failed
progress: 13.0 s, 9672.5 tps, lat 0.103 ms stddev 0.006, 0 failed
progress: 14.0 s, 9981.5 tps, lat 0.100 ms stddev 0.006, 0 failed
progress: 15.0 s, 9741.3 tps, lat 0.103 ms stddev 0.007, 0 failed
progress: 16.0 s, 9549.2 tps, lat 0.105 ms stddev 0.006, 0 failed
progress: 17.0 s, 9907.5 tps, lat 0.101 ms stddev 0.006, 0 failed
progress: 18.0 s, 9956.6 tps, lat 0.100 ms stddev 0.006, 0 failed
progress: 19.0 s, 9697.0 tps, lat 0.103 ms stddev 0.005, 0 failed
progress: 20.0 s, 9836.5 tps, lat 0.102 ms stddev 0.006, 0 failed
progress: 21.0 s, 9897.2 tps, lat 0.101 ms stddev 0.005, 0 failed
progress: 22.0 s, 9474.8 tps, lat 0.105 ms stddev 0.006, 0 failed
progress: 23.0 s, 9725.0 tps, lat 0.103 ms stddev 0.006, 0 failed
progress: 24.0 s, 9481.0 tps, lat 0.105 ms stddev 0.006, 0 failed
progress: 25.0 s, 9459.0 tps, lat 0.106 ms stddev 0.005, 0 failed
progress: 26.0 s, 9668.5 tps, lat 0.103 ms stddev 0.007, 0 failed
progress: 27.0 s, 10212.5 tps, lat 0.098 ms stddev 0.005, 0 failed
progress: 28.0 s, 9945.0 tps, lat 0.100 ms stddev 0.006, 0 failed
progress: 29.0 s, 9863.4 tps, lat 0.101 ms stddev 0.006, 0 failed
progress: 30.0 s, 9626.8 tps, lat 0.104 ms stddev 0.006, 0 failed
progress: 31.0 s, 10159.9 tps, lat 0.098 ms stddev 0.005, 0 failed
progress: 32.0 s, 10120.9 tps, lat 0.099 ms stddev 0.006, 0 failed
progress: 33.0 s, 9906.2 tps, lat 0.101 ms stddev 0.006, 0 failed
progress: 34.0 s, 9831.2 tps, lat 0.102 ms stddev 0.006, 0 failed
progress: 35.0 s, 10163.6 tps, lat 0.098 ms stddev 0.005, 0 failed
progress: 36.0 s, 9591.0 tps, lat 0.104 ms stddev 0.006, 0 failed
progress: 37.0 s, 9919.5 tps, lat 0.101 ms stddev 0.005, 0 failed
progress: 38.0 s, 9774.0 tps, lat 0.102 ms stddev 0.007, 0 failed
progress: 39.0 s, 9694.5 tps, lat 0.103 ms stddev 0.005, 0 failed
progress: 40.0 s, 9903.5 tps, lat 0.101 ms stddev 0.005, 0 failed
progress: 41.0 s, 9897.6 tps, lat 0.101 ms stddev 0.005, 0 failed
progress: 42.0 s, 9973.0 tps, lat 0.100 ms stddev 0.005, 0 failed
progress: 43.0 s, 9817.4 tps, lat 0.102 ms stddev 0.007, 0 failed
progress: 44.0 s, 9408.5 tps, lat 0.106 ms stddev 0.005, 0 failed
progress: 45.0 s, 9413.5 tps, lat 0.106 ms stddev 0.005, 0 failed
progress: 46.0 s, 9468.8 tps, lat 0.106 ms stddev 0.006, 0 failed
progress: 47.0 s, 9666.0 tps, lat 0.103 ms stddev 0.005, 0 failed
progress: 48.0 s, 9674.8 tps, lat 0.103 ms stddev 0.006, 0 failed
progress: 49.0 s, 9746.9 tps, lat 0.103 ms stddev 0.006, 0 failed
progress: 50.0 s, 9950.2 tps, lat 0.100 ms stddev 0.005, 0 failed
progress: 51.0 s, 9654.8 tps, lat 0.103 ms stddev 0.007, 0 failed
progress: 52.0 s, 9498.9 tps, lat 0.105 ms stddev 0.006, 0 failed
progress: 53.0 s, 9829.0 tps, lat 0.102 ms stddev 0.006, 0 failed
progress: 54.0 s, 9534.1 tps, lat 0.105 ms stddev 0.006, 0 failed
progress: 55.0 s, 9926.9 tps, lat 0.101 ms stddev 0.005, 0 failed
progress: 56.0 s, 9904.5 tps, lat 0.101 ms stddev 0.005, 0 failed
progress: 57.0 s, 9926.6 tps, lat 0.101 ms stddev 0.005, 0 failed
progress: 58.0 s, 9736.3 tps, lat 0.103 ms stddev 0.006, 0 failed
progress: 59.0 s, 9416.6 tps, lat 0.106 ms stddev 0.006, 0 failed
progress: 60.0 s, 9423.2 tps, lat 0.106 ms stddev 0.005, 0 failed
transaction type: star-1.sql
scaling factor: 1
query mode: prepared
number of clients: 1
number of threads: 1
maximum number of tries: 1
duration: 60 s
number of transactions actually processed: 583295
number of failed transactions: 0 (0.000%)
latency average = 0.103 ms
latency stddev = 0.052 ms
initial connection time = 3.240 ms
tps = 9722.090178 (without initial connection time)
