pgbench (18devel, server 17.0)
progress: 1.0 s, 102886.4 tps, lat 0.154 ms stddev 0.585, 0 failed
progress: 2.0 s, 120990.9 tps, lat 0.132 ms stddev 0.013, 0 failed
progress: 3.0 s, 122125.1 tps, lat 0.131 ms stddev 0.006, 0 failed
progress: 4.0 s, 121530.6 tps, lat 0.132 ms stddev 0.007, 0 failed
progress: 5.0 s, 121554.2 tps, lat 0.132 ms stddev 0.006, 0 failed
progress: 6.0 s, 121073.2 tps, lat 0.132 ms stddev 0.010, 0 failed
progress: 7.0 s, 121096.9 tps, lat 0.132 ms stddev 0.012, 0 failed
progress: 8.0 s, 119413.1 tps, lat 0.134 ms stddev 0.014, 0 failed
progress: 9.0 s, 121101.4 tps, lat 0.132 ms stddev 0.011, 0 failed
progress: 10.0 s, 121848.5 tps, lat 0.131 ms stddev 0.008, 0 failed
progress: 11.0 s, 122300.4 tps, lat 0.131 ms stddev 0.007, 0 failed
progress: 12.0 s, 122160.7 tps, lat 0.131 ms stddev 0.007, 0 failed
progress: 13.0 s, 122760.2 tps, lat 0.130 ms stddev 0.006, 0 failed
progress: 14.0 s, 123190.0 tps, lat 0.130 ms stddev 0.005, 0 failed
progress: 15.0 s, 123324.7 tps, lat 0.130 ms stddev 0.005, 0 failed
progress: 16.0 s, 121959.5 tps, lat 0.131 ms stddev 0.010, 0 failed
progress: 17.0 s, 121800.2 tps, lat 0.131 ms stddev 0.007, 0 failed
progress: 18.0 s, 122675.4 tps, lat 0.130 ms stddev 0.005, 0 failed
progress: 19.0 s, 122667.0 tps, lat 0.130 ms stddev 0.006, 0 failed
progress: 20.0 s, 121930.9 tps, lat 0.131 ms stddev 0.010, 0 failed
progress: 21.0 s, 122758.0 tps, lat 0.130 ms stddev 0.007, 0 failed
progress: 22.0 s, 121363.8 tps, lat 0.132 ms stddev 0.014, 0 failed
progress: 23.0 s, 120204.3 tps, lat 0.133 ms stddev 0.008, 0 failed
progress: 24.0 s, 121108.0 tps, lat 0.132 ms stddev 0.007, 0 failed
progress: 25.0 s, 121116.3 tps, lat 0.132 ms stddev 0.008, 0 failed
progress: 26.0 s, 121274.3 tps, lat 0.132 ms stddev 0.007, 0 failed
progress: 27.0 s, 122528.3 tps, lat 0.130 ms stddev 0.006, 0 failed
progress: 28.0 s, 122599.1 tps, lat 0.130 ms stddev 0.006, 0 failed
progress: 29.0 s, 122804.9 tps, lat 0.130 ms stddev 0.005, 0 failed
progress: 30.0 s, 122934.1 tps, lat 0.130 ms stddev 0.005, 0 failed
progress: 31.0 s, 122800.3 tps, lat 0.130 ms stddev 0.005, 0 failed
progress: 32.0 s, 122263.0 tps, lat 0.131 ms stddev 0.006, 0 failed
progress: 33.0 s, 121954.4 tps, lat 0.131 ms stddev 0.007, 0 failed
progress: 34.0 s, 122053.8 tps, lat 0.131 ms stddev 0.007, 0 failed
progress: 35.0 s, 122840.5 tps, lat 0.130 ms stddev 0.006, 0 failed
progress: 36.0 s, 121750.6 tps, lat 0.131 ms stddev 0.010, 0 failed
progress: 37.0 s, 121194.3 tps, lat 0.132 ms stddev 0.007, 0 failed
progress: 38.0 s, 122230.1 tps, lat 0.131 ms stddev 0.006, 0 failed
progress: 39.0 s, 122934.0 tps, lat 0.130 ms stddev 0.005, 0 failed
progress: 40.0 s, 122853.8 tps, lat 0.130 ms stddev 0.005, 0 failed
progress: 41.0 s, 122713.2 tps, lat 0.130 ms stddev 0.005, 0 failed
progress: 42.0 s, 122635.9 tps, lat 0.130 ms stddev 0.005, 0 failed
progress: 43.0 s, 123112.8 tps, lat 0.130 ms stddev 0.005, 0 failed
progress: 44.0 s, 123099.3 tps, lat 0.130 ms stddev 0.005, 0 failed
progress: 45.0 s, 122924.4 tps, lat 0.130 ms stddev 0.005, 0 failed
progress: 46.0 s, 122627.9 tps, lat 0.130 ms stddev 0.005, 0 failed
progress: 47.0 s, 122579.6 tps, lat 0.130 ms stddev 0.005, 0 failed
progress: 48.0 s, 121119.7 tps, lat 0.132 ms stddev 0.010, 0 failed
progress: 49.0 s, 122468.4 tps, lat 0.131 ms stddev 0.005, 0 failed
progress: 50.0 s, 122687.0 tps, lat 0.130 ms stddev 0.005, 0 failed
progress: 51.0 s, 123148.0 tps, lat 0.130 ms stddev 0.005, 0 failed
progress: 52.0 s, 123212.1 tps, lat 0.130 ms stddev 0.005, 0 failed
progress: 53.0 s, 122431.9 tps, lat 0.131 ms stddev 0.006, 0 failed
progress: 54.0 s, 122365.9 tps, lat 0.131 ms stddev 0.014, 0 failed
progress: 55.0 s, 121948.0 tps, lat 0.131 ms stddev 0.011, 0 failed
progress: 56.0 s, 121288.1 tps, lat 0.132 ms stddev 0.015, 0 failed
progress: 57.0 s, 120944.3 tps, lat 0.132 ms stddev 0.007, 0 failed
progress: 58.0 s, 122847.7 tps, lat 0.130 ms stddev 0.005, 0 failed
progress: 59.0 s, 122920.0 tps, lat 0.130 ms stddev 0.005, 0 failed
transaction type: star-1.sql
scaling factor: 1
query mode: prepared
number of clients: 16
number of threads: 16
maximum number of tries: 1
duration: 60 s
number of transactions actually processed: 7309715
number of failed transactions: 0 (0.000%)
latency average = 0.131 ms
latency stddev = 0.070 ms
initial connection time = 11.587 ms
tps = 121851.487351 (without initial connection time)
