pgbench (18devel, server 17.0)
progress: 1.0 s, 202659.0 tps, lat 0.310 ms stddev 1.560, 0 failed
progress: 2.0 s, 256804.6 tps, lat 0.249 ms stddev 0.077, 0 failed
progress: 3.0 s, 255132.2 tps, lat 0.251 ms stddev 0.074, 0 failed
progress: 4.0 s, 253969.8 tps, lat 0.252 ms stddev 0.089, 0 failed
progress: 5.0 s, 255017.8 tps, lat 0.251 ms stddev 0.076, 0 failed
progress: 6.0 s, 255172.0 tps, lat 0.251 ms stddev 0.078, 0 failed
progress: 7.0 s, 255473.5 tps, lat 0.250 ms stddev 0.074, 0 failed
progress: 8.0 s, 255642.8 tps, lat 0.250 ms stddev 0.064, 0 failed
progress: 9.0 s, 255519.2 tps, lat 0.250 ms stddev 0.068, 0 failed
progress: 10.0 s, 255289.5 tps, lat 0.251 ms stddev 0.077, 0 failed
progress: 11.0 s, 254896.9 tps, lat 0.251 ms stddev 0.074, 0 failed
progress: 12.0 s, 255311.1 tps, lat 0.250 ms stddev 0.071, 0 failed
progress: 13.0 s, 255526.5 tps, lat 0.250 ms stddev 0.065, 0 failed
progress: 14.0 s, 255608.5 tps, lat 0.250 ms stddev 0.068, 0 failed
progress: 15.0 s, 254786.9 tps, lat 0.251 ms stddev 0.076, 0 failed
progress: 16.0 s, 254327.9 tps, lat 0.251 ms stddev 0.083, 0 failed
progress: 17.0 s, 254956.7 tps, lat 0.251 ms stddev 0.071, 0 failed
progress: 18.0 s, 255267.0 tps, lat 0.251 ms stddev 0.072, 0 failed
progress: 19.0 s, 255246.1 tps, lat 0.251 ms stddev 0.071, 0 failed
progress: 20.0 s, 255084.1 tps, lat 0.251 ms stddev 0.073, 0 failed
progress: 21.0 s, 255413.4 tps, lat 0.250 ms stddev 0.068, 0 failed
progress: 22.0 s, 255599.3 tps, lat 0.250 ms stddev 0.068, 0 failed
progress: 23.0 s, 255633.4 tps, lat 0.250 ms stddev 0.063, 0 failed
progress: 24.0 s, 255337.5 tps, lat 0.250 ms stddev 0.074, 0 failed
progress: 25.0 s, 254834.5 tps, lat 0.251 ms stddev 0.072, 0 failed
progress: 26.0 s, 254783.0 tps, lat 0.251 ms stddev 0.075, 0 failed
progress: 27.0 s, 254939.5 tps, lat 0.251 ms stddev 0.071, 0 failed
progress: 28.0 s, 255439.7 tps, lat 0.250 ms stddev 0.067, 0 failed
progress: 29.0 s, 255346.8 tps, lat 0.250 ms stddev 0.068, 0 failed
progress: 30.0 s, 255338.4 tps, lat 0.250 ms stddev 0.071, 0 failed
progress: 31.0 s, 255280.6 tps, lat 0.251 ms stddev 0.070, 0 failed
progress: 32.0 s, 255379.1 tps, lat 0.250 ms stddev 0.065, 0 failed
progress: 33.0 s, 254343.2 tps, lat 0.251 ms stddev 0.079, 0 failed
progress: 34.0 s, 255254.5 tps, lat 0.251 ms stddev 0.074, 0 failed
progress: 35.0 s, 254546.0 tps, lat 0.251 ms stddev 0.075, 0 failed
progress: 36.0 s, 255001.3 tps, lat 0.251 ms stddev 0.072, 0 failed
progress: 37.0 s, 255158.0 tps, lat 0.251 ms stddev 0.069, 0 failed
progress: 38.0 s, 255139.7 tps, lat 0.251 ms stddev 0.071, 0 failed
progress: 39.0 s, 254791.7 tps, lat 0.251 ms stddev 0.076, 0 failed
progress: 40.0 s, 254502.7 tps, lat 0.251 ms stddev 0.079, 0 failed
progress: 41.0 s, 254920.0 tps, lat 0.251 ms stddev 0.076, 0 failed
progress: 42.0 s, 254564.8 tps, lat 0.251 ms stddev 0.076, 0 failed
progress: 43.0 s, 254839.0 tps, lat 0.251 ms stddev 0.071, 0 failed
progress: 44.0 s, 255005.7 tps, lat 0.251 ms stddev 0.065, 0 failed
progress: 45.0 s, 254512.2 tps, lat 0.251 ms stddev 0.069, 0 failed
progress: 46.0 s, 254429.6 tps, lat 0.251 ms stddev 0.076, 0 failed
progress: 47.0 s, 255073.0 tps, lat 0.251 ms stddev 0.070, 0 failed
progress: 48.0 s, 254355.7 tps, lat 0.251 ms stddev 0.073, 0 failed
progress: 49.0 s, 254789.8 tps, lat 0.251 ms stddev 0.068, 0 failed
progress: 50.0 s, 254712.7 tps, lat 0.251 ms stddev 0.077, 0 failed
progress: 51.0 s, 254884.7 tps, lat 0.251 ms stddev 0.065, 0 failed
progress: 52.0 s, 254912.0 tps, lat 0.251 ms stddev 0.072, 0 failed
progress: 53.0 s, 254379.7 tps, lat 0.251 ms stddev 0.075, 0 failed
progress: 54.0 s, 255004.8 tps, lat 0.251 ms stddev 0.070, 0 failed
progress: 55.0 s, 254696.1 tps, lat 0.251 ms stddev 0.074, 0 failed
progress: 56.0 s, 254596.7 tps, lat 0.251 ms stddev 0.076, 0 failed
progress: 57.0 s, 254298.5 tps, lat 0.251 ms stddev 0.076, 0 failed
progress: 58.0 s, 254263.7 tps, lat 0.252 ms stddev 0.081, 0 failed
progress: 59.0 s, 254376.1 tps, lat 0.251 ms stddev 0.074, 0 failed
transaction type: star-1.sql
scaling factor: 1
query mode: prepared
number of clients: 64
number of threads: 64
maximum number of tries: 1
duration: 60 s
number of transactions actually processed: 15241062
number of failed transactions: 0 (0.000%)
latency average = 0.252 ms
latency stddev = 0.194 ms
initial connection time = 39.964 ms
tps = 254171.469503 (without initial connection time)
