pgbench (18devel, server 9.4.26)
progress: 1.0 s, 6572.6 tps, lat 2.418 ms stddev 0.348, 0 failed
progress: 2.0 s, 6595.0 tps, lat 2.425 ms stddev 0.151, 0 failed
progress: 3.0 s, 6604.0 tps, lat 2.423 ms stddev 0.143, 0 failed
progress: 4.0 s, 6602.0 tps, lat 2.422 ms stddev 0.156, 0 failed
progress: 5.0 s, 6624.0 tps, lat 2.416 ms stddev 0.152, 0 failed
progress: 6.0 s, 6614.0 tps, lat 2.418 ms stddev 0.133, 0 failed
progress: 7.0 s, 6645.0 tps, lat 2.407 ms stddev 0.135, 0 failed
progress: 8.0 s, 6614.0 tps, lat 2.419 ms stddev 0.153, 0 failed
progress: 9.0 s, 6621.0 tps, lat 2.415 ms stddev 0.142, 0 failed
progress: 10.0 s, 6629.0 tps, lat 2.414 ms stddev 0.143, 0 failed
progress: 11.0 s, 6634.0 tps, lat 2.411 ms stddev 0.139, 0 failed
progress: 12.0 s, 6601.0 tps, lat 2.424 ms stddev 0.153, 0 failed
progress: 13.0 s, 6620.0 tps, lat 2.415 ms stddev 0.145, 0 failed
progress: 14.0 s, 6617.0 tps, lat 2.417 ms stddev 0.147, 0 failed
progress: 15.0 s, 6623.7 tps, lat 2.415 ms stddev 0.133, 0 failed
progress: 16.0 s, 6626.0 tps, lat 2.414 ms stddev 0.142, 0 failed
progress: 17.0 s, 6621.3 tps, lat 2.416 ms stddev 0.165, 0 failed
progress: 18.0 s, 6625.0 tps, lat 2.416 ms stddev 0.142, 0 failed
progress: 19.0 s, 6613.7 tps, lat 2.416 ms stddev 0.144, 0 failed
progress: 20.0 s, 6611.1 tps, lat 2.421 ms stddev 0.151, 0 failed
progress: 21.0 s, 6620.0 tps, lat 2.416 ms stddev 0.134, 0 failed
progress: 22.0 s, 6619.2 tps, lat 2.416 ms stddev 0.147, 0 failed
progress: 23.0 s, 6607.7 tps, lat 2.422 ms stddev 0.153, 0 failed
progress: 24.0 s, 6634.3 tps, lat 2.411 ms stddev 0.144, 0 failed
progress: 25.0 s, 6647.4 tps, lat 2.406 ms stddev 0.142, 0 failed
progress: 26.0 s, 6653.6 tps, lat 2.405 ms stddev 0.126, 0 failed
progress: 27.0 s, 6639.0 tps, lat 2.409 ms stddev 0.136, 0 failed
progress: 28.0 s, 6624.7 tps, lat 2.413 ms stddev 0.139, 0 failed
progress: 29.0 s, 6655.1 tps, lat 2.405 ms stddev 0.132, 0 failed
progress: 30.0 s, 6633.9 tps, lat 2.410 ms stddev 0.140, 0 failed
progress: 31.0 s, 6646.1 tps, lat 2.407 ms stddev 0.136, 0 failed
progress: 32.0 s, 6644.0 tps, lat 2.407 ms stddev 0.131, 0 failed
progress: 33.0 s, 6654.2 tps, lat 2.405 ms stddev 0.132, 0 failed
progress: 34.0 s, 6663.8 tps, lat 2.401 ms stddev 0.144, 0 failed
progress: 35.0 s, 6641.0 tps, lat 2.407 ms stddev 0.138, 0 failed
progress: 36.0 s, 6667.9 tps, lat 2.399 ms stddev 0.138, 0 failed
progress: 37.0 s, 6629.3 tps, lat 2.413 ms stddev 0.152, 0 failed
progress: 38.0 s, 6670.7 tps, lat 2.399 ms stddev 0.140, 0 failed
progress: 39.0 s, 6626.0 tps, lat 2.414 ms stddev 0.147, 0 failed
progress: 40.0 s, 6624.3 tps, lat 2.415 ms stddev 0.138, 0 failed
progress: 41.0 s, 6617.7 tps, lat 2.417 ms stddev 0.139, 0 failed
progress: 42.0 s, 6600.0 tps, lat 2.424 ms stddev 0.169, 0 failed
progress: 43.0 s, 6638.3 tps, lat 2.410 ms stddev 0.130, 0 failed
progress: 44.0 s, 6613.0 tps, lat 2.418 ms stddev 0.138, 0 failed
progress: 45.0 s, 6625.7 tps, lat 2.415 ms stddev 0.153, 0 failed
progress: 46.0 s, 6614.0 tps, lat 2.419 ms stddev 0.133, 0 failed
progress: 47.0 s, 6622.1 tps, lat 2.416 ms stddev 0.150, 0 failed
progress: 48.0 s, 6603.0 tps, lat 2.423 ms stddev 0.157, 0 failed
progress: 49.0 s, 6595.9 tps, lat 2.425 ms stddev 0.168, 0 failed
progress: 50.0 s, 6610.0 tps, lat 2.420 ms stddev 0.136, 0 failed
progress: 51.0 s, 6630.0 tps, lat 2.412 ms stddev 0.148, 0 failed
progress: 52.0 s, 6643.9 tps, lat 2.409 ms stddev 0.127, 0 failed
progress: 53.0 s, 6616.0 tps, lat 2.417 ms stddev 0.142, 0 failed
progress: 54.0 s, 6576.1 tps, lat 2.432 ms stddev 0.221, 0 failed
progress: 55.0 s, 6629.2 tps, lat 2.413 ms stddev 0.117, 0 failed
progress: 56.0 s, 6628.8 tps, lat 2.413 ms stddev 0.131, 0 failed
progress: 57.0 s, 6602.0 tps, lat 2.424 ms stddev 0.143, 0 failed
progress: 58.0 s, 6616.0 tps, lat 2.418 ms stddev 0.138, 0 failed
progress: 59.0 s, 6599.9 tps, lat 2.423 ms stddev 0.137, 0 failed
transaction type: star-1-left.sql
scaling factor: 1
query mode: simple
number of clients: 16
number of threads: 16
maximum number of tries: 1
duration: 60 s
number of transactions actually processed: 397383
number of failed transactions: 0 (0.000%)
latency average = 2.415 ms
latency stddev = 0.151 ms
initial connection time = 12.020 ms
tps = 6624.091197 (without initial connection time)
