pgbench (18devel)
starting vacuum...end.
progress: 1.0 s, 38808.9 tps, lat 0.409 ms stddev 0.141, 0 failed
progress: 2.0 s, 41377.0 tps, lat 0.387 ms stddev 0.129, 0 failed
progress: 3.0 s, 41653.3 tps, lat 0.384 ms stddev 0.110, 0 failed
progress: 4.0 s, 40988.6 tps, lat 0.390 ms stddev 0.308, 0 failed
progress: 5.0 s, 42261.2 tps, lat 0.378 ms stddev 0.080, 0 failed
progress: 6.0 s, 42542.9 tps, lat 0.376 ms stddev 0.193, 0 failed
progress: 7.0 s, 43987.0 tps, lat 0.364 ms stddev 0.096, 0 failed
progress: 8.0 s, 44591.0 tps, lat 0.359 ms stddev 0.093, 0 failed
progress: 9.0 s, 45149.0 tps, lat 0.354 ms stddev 0.118, 0 failed
progress: 10.0 s, 46131.7 tps, lat 0.347 ms stddev 0.089, 0 failed
progress: 11.0 s, 46863.6 tps, lat 0.341 ms stddev 0.066, 0 failed
progress: 12.0 s, 46794.7 tps, lat 0.342 ms stddev 0.264, 0 failed
progress: 13.0 s, 48600.2 tps, lat 0.329 ms stddev 0.098, 0 failed
progress: 14.0 s, 48777.7 tps, lat 0.328 ms stddev 0.108, 0 failed
progress: 15.0 s, 53215.0 tps, lat 0.301 ms stddev 0.039, 0 failed
progress: 16.0 s, 53688.0 tps, lat 0.298 ms stddev 0.035, 0 failed
progress: 17.0 s, 53848.9 tps, lat 0.297 ms stddev 0.039, 0 failed
progress: 18.0 s, 53971.9 tps, lat 0.296 ms stddev 0.153, 0 failed
progress: 19.0 s, 46466.7 tps, lat 0.344 ms stddev 0.672, 0 failed
progress: 20.0 s, 33074.2 tps, lat 0.482 ms stddev 1.265, 0 failed
progress: 21.0 s, 35227.2 tps, lat 0.456 ms stddev 1.445, 0 failed
progress: 22.0 s, 55743.0 tps, lat 0.287 ms stddev 0.066, 0 failed
progress: 23.0 s, 57326.9 tps, lat 0.279 ms stddev 0.035, 0 failed
progress: 24.0 s, 45065.2 tps, lat 0.355 ms stddev 0.867, 0 failed
progress: 25.0 s, 46293.5 tps, lat 0.343 ms stddev 0.810, 0 failed
progress: 26.0 s, 20218.1 tps, lat 0.797 ms stddev 2.473, 0 failed
progress: 27.0 s, 58791.4 tps, lat 0.272 ms stddev 0.034, 0 failed
progress: 28.0 s, 59945.5 tps, lat 0.267 ms stddev 0.036, 0 failed
progress: 29.0 s, 49735.0 tps, lat 0.322 ms stddev 0.730, 0 failed
progress: 30.0 s, 47053.6 tps, lat 0.340 ms stddev 0.966, 0 failed
progress: 31.0 s, 20822.3 tps, lat 0.768 ms stddev 2.303, 0 failed
progress: 32.0 s, 61850.0 tps, lat 0.259 ms stddev 0.034, 0 failed
progress: 33.0 s, 61065.1 tps, lat 0.262 ms stddev 0.057, 0 failed
progress: 34.0 s, 47273.8 tps, lat 0.338 ms stddev 0.987, 0 failed
progress: 35.0 s, 48909.4 tps, lat 0.327 ms stddev 0.910, 0 failed
progress: 36.0 s, 14445.8 tps, lat 1.107 ms stddev 3.448, 0 failed
progress: 37.0 s, 62809.4 tps, lat 0.255 ms stddev 0.034, 0 failed
progress: 38.0 s, 62663.1 tps, lat 0.255 ms stddev 0.080, 0 failed
progress: 39.0 s, 54068.8 tps, lat 0.296 ms stddev 0.724, 0 failed
progress: 40.0 s, 44520.3 tps, lat 0.359 ms stddev 1.281, 0 failed
progress: 41.0 s, 38338.0 tps, lat 0.416 ms stddev 1.444, 0 failed
progress: 42.0 s, 51811.2 tps, lat 0.309 ms stddev 1.009, 0 failed
progress: 43.0 s, 64797.3 tps, lat 0.247 ms stddev 0.033, 0 failed
progress: 44.0 s, 54116.0 tps, lat 0.296 ms stddev 0.797, 0 failed
progress: 45.0 s, 54139.9 tps, lat 0.295 ms stddev 0.836, 0 failed
progress: 46.0 s, 51602.1 tps, lat 0.310 ms stddev 1.231, 0 failed
progress: 47.0 s, 26126.7 tps, lat 0.612 ms stddev 2.331, 0 failed
progress: 48.0 s, 65600.3 tps, lat 0.244 ms stddev 0.033, 0 failed
progress: 49.0 s, 61190.0 tps, lat 0.259 ms stddev 0.526, 0 failed
progress: 50.0 s, 49500.0 tps, lat 0.326 ms stddev 1.198, 0 failed
progress: 51.0 s, 57702.6 tps, lat 0.277 ms stddev 0.801, 0 failed
progress: 52.0 s, 25546.5 tps, lat 0.626 ms stddev 2.614, 0 failed
progress: 53.0 s, 67012.3 tps, lat 0.239 ms stddev 0.032, 0 failed
progress: 54.0 s, 61665.0 tps, lat 0.257 ms stddev 0.537, 0 failed
progress: 55.0 s, 51834.3 tps, lat 0.311 ms stddev 1.039, 0 failed
progress: 56.0 s, 58359.5 tps, lat 0.274 ms stddev 0.733, 0 failed
progress: 57.0 s, 37339.6 tps, lat 0.427 ms stddev 1.657, 0 failed
progress: 58.0 s, 47735.6 tps, lat 0.336 ms stddev 1.348, 0 failed
progress: 59.0 s, 67569.4 tps, lat 0.237 ms stddev 0.061, 0 failed
progress: 60.0 s, 59690.8 tps, lat 0.267 ms stddev 0.737, 0 failed
transaction type: <builtin: simple update>
scaling factor: 1000
query mode: prepared
number of clients: 16
number of threads: 16
maximum number of tries: 1
duration: 60 s
number of transactions actually processed: 2918314
number of failed transactions: 0 (0.000%)
latency average = 0.329 ms
latency stddev = 0.823 ms
initial connection time = 7.132 ms
tps = 48641.821615 (without initial connection time)
