pgbench (18devel)
starting vacuum...end.
progress: 1.0 s, 6370.6 tps, lat 4.963 ms stddev 2.897, 0 failed
progress: 2.0 s, 6208.0 tps, lat 5.148 ms stddev 1.443, 0 failed
progress: 3.0 s, 6048.0 tps, lat 5.292 ms stddev 2.651, 0 failed
progress: 4.0 s, 5536.0 tps, lat 5.782 ms stddev 3.307, 0 failed
progress: 5.0 s, 6464.0 tps, lat 4.925 ms stddev 2.785, 0 failed
progress: 6.0 s, 5919.0 tps, lat 5.434 ms stddev 2.708, 0 failed
progress: 7.0 s, 6224.0 tps, lat 5.146 ms stddev 1.594, 0 failed
progress: 8.0 s, 6240.0 tps, lat 5.128 ms stddev 1.687, 0 failed
progress: 9.0 s, 6254.0 tps, lat 5.113 ms stddev 2.220, 0 failed
progress: 10.0 s, 6045.0 tps, lat 5.288 ms stddev 1.901, 0 failed
progress: 11.0 s, 6163.0 tps, lat 5.187 ms stddev 2.388, 0 failed
progress: 12.0 s, 5152.0 tps, lat 6.219 ms stddev 3.057, 0 failed
progress: 13.0 s, 5471.7 tps, lat 5.823 ms stddev 2.424, 0 failed
progress: 14.0 s, 6057.3 tps, lat 5.313 ms stddev 2.014, 0 failed
progress: 15.0 s, 5856.0 tps, lat 5.465 ms stddev 2.528, 0 failed
progress: 16.0 s, 6110.0 tps, lat 5.221 ms stddev 2.164, 0 failed
progress: 17.0 s, 5696.0 tps, lat 5.633 ms stddev 2.063, 0 failed
progress: 18.0 s, 6493.0 tps, lat 4.927 ms stddev 2.598, 0 failed
progress: 19.0 s, 6599.0 tps, lat 4.849 ms stddev 2.036, 0 failed
progress: 20.0 s, 7494.7 tps, lat 4.244 ms stddev 2.796, 0 failed
progress: 21.0 s, 2106.1 tps, lat 15.173 ms stddev 6.024, 0 failed
progress: 22.0 s, 2432.0 tps, lat 13.180 ms stddev 5.333, 0 failed
progress: 23.0 s, 1890.9 tps, lat 16.830 ms stddev 5.818, 0 failed
progress: 24.0 s, 2304.0 tps, lat 13.704 ms stddev 4.435, 0 failed
progress: 25.0 s, 2752.0 tps, lat 11.819 ms stddev 4.733, 0 failed
progress: 26.0 s, 2205.1 tps, lat 14.500 ms stddev 5.399, 0 failed
progress: 27.0 s, 2336.0 tps, lat 13.706 ms stddev 5.159, 0 failed
progress: 28.0 s, 1922.9 tps, lat 16.536 ms stddev 5.274, 0 failed
progress: 29.0 s, 1856.0 tps, lat 17.293 ms stddev 5.203, 0 failed
progress: 30.0 s, 1439.5 tps, lat 15.099 ms stddev 11.227, 0 failed
progress: 31.0 s, 125.0 tps, lat 331.304 ms stddev 21.862, 0 failed
progress: 32.0 s, 131.0 tps, lat 170.234 ms stddev 109.394, 0 failed
progress: 33.0 s, 93.0 tps, lat 346.988 ms stddev 50.427, 0 failed
progress: 34.0 s, 3.0 tps, lat 652.204 ms stddev 0.016, 0 failed
progress: 35.0 s, 32.0 tps, lat 1447.496 ms stddev 78.090, 0 failed
progress: 36.0 s, 29.0 tps, lat 1467.024 ms stddev 0.033, 0 failed
progress: 37.0 s, 3.0 tps, lat 1608.840 ms stddev 0.015, 0 failed
progress: 38.0 s, 320.3 tps, lat 231.694 ms stddev 421.969, 0 failed
progress: 39.0 s, 669.0 tps, lat 48.525 ms stddev 11.055, 0 failed
progress: 40.0 s, 29463.7 tps, lat 1.101 ms stddev 5.137, 0 failed
progress: 41.0 s, 61744.2 tps, lat 0.518 ms stddev 0.369, 0 failed
progress: 42.0 s, 63583.4 tps, lat 0.503 ms stddev 0.165, 0 failed
progress: 43.0 s, 64390.2 tps, lat 0.497 ms stddev 0.352, 0 failed
progress: 44.0 s, 65763.9 tps, lat 0.486 ms stddev 0.186, 0 failed
progress: 45.0 s, 66915.1 tps, lat 0.478 ms stddev 0.237, 0 failed
progress: 46.0 s, 69190.8 tps, lat 0.462 ms stddev 0.127, 0 failed
progress: 47.0 s, 69204.2 tps, lat 0.462 ms stddev 0.320, 0 failed
progress: 48.0 s, 68848.2 tps, lat 0.464 ms stddev 0.457, 0 failed
progress: 49.0 s, 43675.8 tps, lat 0.733 ms stddev 2.351, 0 failed
progress: 50.0 s, 52932.9 tps, lat 0.604 ms stddev 1.295, 0 failed
progress: 51.0 s, 3332.0 tps, lat 9.569 ms stddev 6.972, 0 failed
progress: 52.0 s, 3520.0 tps, lat 9.111 ms stddev 5.019, 0 failed
progress: 53.0 s, 3036.0 tps, lat 10.529 ms stddev 7.947, 0 failed
progress: 54.0 s, 15611.0 tps, lat 2.057 ms stddev 7.609, 0 failed
progress: 55.0 s, 78601.6 tps, lat 0.407 ms stddev 0.097, 0 failed
progress: 56.0 s, 79084.4 tps, lat 0.404 ms stddev 0.117, 0 failed
progress: 57.0 s, 82237.0 tps, lat 0.389 ms stddev 0.096, 0 failed
progress: 58.0 s, 83731.1 tps, lat 0.382 ms stddev 0.094, 0 failed
progress: 59.0 s, 84356.7 tps, lat 0.379 ms stddev 0.295, 0 failed
transaction type: <builtin: simple update>
scaling factor: 1000
query mode: prepared
number of clients: 32
number of threads: 32
maximum number of tries: 1
duration: 60 s
number of transactions actually processed: 1300448
number of failed transactions: 0 (0.000%)
latency average = 1.476 ms
latency stddev = 14.018 ms
initial connection time = 11.635 ms
tps = 21678.085610 (without initial connection time)
