pgbench (18devel, server 8.2.23)
progress: 1.0 s, 11854.3 tps, lat 2.670 ms stddev 1.586, 0 failed
progress: 2.0 s, 10654.6 tps, lat 2.999 ms stddev 1.352, 0 failed
progress: 3.0 s, 9738.0 tps, lat 3.287 ms stddev 1.278, 0 failed
progress: 4.0 s, 9538.0 tps, lat 3.352 ms stddev 1.343, 0 failed
progress: 5.0 s, 9863.0 tps, lat 3.243 ms stddev 1.378, 0 failed
progress: 6.0 s, 9544.3 tps, lat 3.352 ms stddev 1.404, 0 failed
progress: 7.0 s, 9427.8 tps, lat 3.395 ms stddev 1.350, 0 failed
progress: 8.0 s, 9669.2 tps, lat 3.309 ms stddev 1.223, 0 failed
progress: 9.0 s, 9901.7 tps, lat 3.233 ms stddev 1.147, 0 failed
progress: 10.0 s, 9449.3 tps, lat 3.384 ms stddev 1.170, 0 failed
progress: 11.0 s, 9480.7 tps, lat 3.374 ms stddev 1.207, 0 failed
progress: 12.0 s, 9315.0 tps, lat 3.436 ms stddev 1.198, 0 failed
progress: 13.0 s, 10161.0 tps, lat 3.146 ms stddev 1.232, 0 failed
progress: 14.0 s, 9593.9 tps, lat 3.337 ms stddev 1.195, 0 failed
progress: 15.0 s, 9702.9 tps, lat 3.299 ms stddev 1.258, 0 failed
progress: 16.0 s, 9376.2 tps, lat 3.413 ms stddev 1.284, 0 failed
progress: 17.0 s, 9587.3 tps, lat 3.337 ms stddev 1.281, 0 failed
progress: 18.0 s, 9842.0 tps, lat 3.250 ms stddev 1.372, 0 failed
progress: 19.0 s, 9143.8 tps, lat 3.498 ms stddev 1.359, 0 failed
progress: 20.0 s, 8884.9 tps, lat 3.603 ms stddev 1.294, 0 failed
progress: 21.0 s, 9153.0 tps, lat 3.498 ms stddev 1.390, 0 failed
progress: 22.0 s, 9012.0 tps, lat 3.546 ms stddev 1.315, 0 failed
progress: 23.0 s, 9255.0 tps, lat 3.457 ms stddev 1.314, 0 failed
progress: 24.0 s, 9262.0 tps, lat 3.455 ms stddev 1.327, 0 failed
progress: 25.0 s, 9338.7 tps, lat 3.427 ms stddev 1.264, 0 failed
progress: 26.0 s, 9460.4 tps, lat 3.382 ms stddev 1.336, 0 failed
progress: 27.0 s, 9922.7 tps, lat 3.222 ms stddev 1.302, 0 failed
progress: 28.0 s, 9013.2 tps, lat 3.553 ms stddev 1.268, 0 failed
progress: 29.0 s, 8974.0 tps, lat 3.564 ms stddev 1.227, 0 failed
progress: 30.0 s, 8659.9 tps, lat 3.695 ms stddev 1.235, 0 failed
progress: 31.0 s, 8578.0 tps, lat 3.727 ms stddev 1.186, 0 failed
progress: 32.0 s, 8551.6 tps, lat 3.744 ms stddev 1.227, 0 failed
progress: 33.0 s, 8184.3 tps, lat 3.908 ms stddev 1.133, 0 failed
progress: 34.0 s, 8550.1 tps, lat 3.743 ms stddev 1.145, 0 failed
progress: 35.0 s, 8674.0 tps, lat 3.689 ms stddev 1.128, 0 failed
progress: 36.0 s, 8831.0 tps, lat 3.620 ms stddev 1.135, 0 failed
progress: 37.0 s, 8873.0 tps, lat 3.611 ms stddev 1.183, 0 failed
progress: 38.0 s, 8798.0 tps, lat 3.636 ms stddev 1.242, 0 failed
progress: 39.0 s, 8720.2 tps, lat 3.667 ms stddev 1.198, 0 failed
progress: 40.0 s, 8824.1 tps, lat 3.626 ms stddev 1.164, 0 failed
progress: 41.0 s, 8755.0 tps, lat 3.654 ms stddev 1.140, 0 failed
progress: 42.0 s, 9710.7 tps, lat 3.294 ms stddev 1.241, 0 failed
progress: 43.0 s, 10467.1 tps, lat 3.059 ms stddev 1.220, 0 failed
progress: 44.0 s, 10140.1 tps, lat 3.158 ms stddev 1.248, 0 failed
progress: 45.0 s, 9218.6 tps, lat 3.467 ms stddev 1.191, 0 failed
progress: 46.0 s, 8691.2 tps, lat 3.682 ms stddev 1.151, 0 failed
progress: 47.0 s, 9461.2 tps, lat 3.382 ms stddev 1.195, 0 failed
progress: 48.0 s, 9275.7 tps, lat 3.450 ms stddev 1.197, 0 failed
progress: 49.0 s, 9299.0 tps, lat 3.438 ms stddev 1.186, 0 failed
progress: 50.0 s, 9268.9 tps, lat 3.451 ms stddev 1.092, 0 failed
progress: 51.0 s, 8995.2 tps, lat 3.557 ms stddev 1.061, 0 failed
progress: 52.0 s, 9099.1 tps, lat 3.518 ms stddev 1.228, 0 failed
progress: 53.0 s, 9079.9 tps, lat 3.523 ms stddev 1.187, 0 failed
progress: 54.0 s, 8731.2 tps, lat 3.666 ms stddev 1.174, 0 failed
progress: 55.0 s, 8419.3 tps, lat 3.799 ms stddev 1.161, 0 failed
progress: 56.0 s, 8461.5 tps, lat 3.784 ms stddev 1.185, 0 failed
progress: 57.0 s, 8783.1 tps, lat 3.640 ms stddev 1.202, 0 failed
progress: 58.0 s, 9068.2 tps, lat 3.530 ms stddev 1.139, 0 failed
progress: 59.0 s, 8948.0 tps, lat 3.574 ms stddev 1.106, 0 failed
transaction type: star-1.sql
scaling factor: 1
query mode: simple
number of clients: 32
number of threads: 32
maximum number of tries: 1
duration: 60 s
number of transactions actually processed: 556154
number of failed transactions: 0 (0.000%)
latency average = 3.450 ms
latency stddev = 1.262 ms
initial connection time = 28.939 ms
tps = 9273.245558 (without initial connection time)
