pgbench (18devel, server 8.2.23)
progress: 1.0 s, 4224.6 tps, lat 14.827 ms stddev 9.043, 0 failed
progress: 2.0 s, 4207.1 tps, lat 15.220 ms stddev 4.839, 0 failed
progress: 3.0 s, 4199.9 tps, lat 15.224 ms stddev 4.561, 0 failed
progress: 4.0 s, 4247.0 tps, lat 15.074 ms stddev 4.849, 0 failed
progress: 5.0 s, 4236.1 tps, lat 15.174 ms stddev 4.745, 0 failed
progress: 6.0 s, 4281.0 tps, lat 14.871 ms stddev 5.014, 0 failed
progress: 7.0 s, 4196.0 tps, lat 15.264 ms stddev 4.742, 0 failed
progress: 8.0 s, 4194.9 tps, lat 15.253 ms stddev 4.849, 0 failed
progress: 9.0 s, 4173.1 tps, lat 15.321 ms stddev 4.882, 0 failed
progress: 10.0 s, 4258.0 tps, lat 15.048 ms stddev 4.649, 0 failed
progress: 11.0 s, 4260.0 tps, lat 15.008 ms stddev 4.702, 0 failed
progress: 12.0 s, 4215.1 tps, lat 15.190 ms stddev 4.736, 0 failed
progress: 13.0 s, 4185.8 tps, lat 15.274 ms stddev 4.850, 0 failed
progress: 14.0 s, 4189.1 tps, lat 15.298 ms stddev 4.844, 0 failed
progress: 15.0 s, 4189.0 tps, lat 15.263 ms stddev 4.856, 0 failed
progress: 16.0 s, 4170.1 tps, lat 15.352 ms stddev 4.787, 0 failed
progress: 17.0 s, 4163.1 tps, lat 15.376 ms stddev 4.793, 0 failed
progress: 18.0 s, 4225.9 tps, lat 15.165 ms stddev 4.485, 0 failed
progress: 19.0 s, 4160.1 tps, lat 15.363 ms stddev 4.720, 0 failed
progress: 20.0 s, 4234.0 tps, lat 15.109 ms stddev 4.822, 0 failed
progress: 21.0 s, 4207.9 tps, lat 15.192 ms stddev 5.009, 0 failed
progress: 22.0 s, 4278.2 tps, lat 14.976 ms stddev 4.960, 0 failed
progress: 23.0 s, 4162.8 tps, lat 15.374 ms stddev 4.933, 0 failed
progress: 24.0 s, 4168.0 tps, lat 15.332 ms stddev 5.061, 0 failed
progress: 25.0 s, 4161.0 tps, lat 15.413 ms stddev 4.735, 0 failed
progress: 26.0 s, 4237.9 tps, lat 15.097 ms stddev 4.832, 0 failed
progress: 27.0 s, 4209.2 tps, lat 15.216 ms stddev 4.661, 0 failed
progress: 28.0 s, 4271.1 tps, lat 14.976 ms stddev 5.028, 0 failed
progress: 29.0 s, 4153.0 tps, lat 15.401 ms stddev 5.112, 0 failed
progress: 30.0 s, 4256.9 tps, lat 15.042 ms stddev 4.730, 0 failed
progress: 31.0 s, 4170.1 tps, lat 15.346 ms stddev 4.646, 0 failed
progress: 32.0 s, 4155.0 tps, lat 15.401 ms stddev 4.831, 0 failed
progress: 33.0 s, 4291.8 tps, lat 14.909 ms stddev 5.341, 0 failed
progress: 34.0 s, 4194.1 tps, lat 15.259 ms stddev 4.904, 0 failed
progress: 35.0 s, 4205.9 tps, lat 15.225 ms stddev 4.837, 0 failed
progress: 36.0 s, 4140.9 tps, lat 15.453 ms stddev 4.857, 0 failed
progress: 37.0 s, 4154.1 tps, lat 15.376 ms stddev 4.957, 0 failed
progress: 38.0 s, 4201.0 tps, lat 15.238 ms stddev 4.968, 0 failed
progress: 39.0 s, 4380.9 tps, lat 14.635 ms stddev 5.198, 0 failed
progress: 40.0 s, 4216.2 tps, lat 15.162 ms stddev 4.900, 0 failed
progress: 41.0 s, 4287.0 tps, lat 14.932 ms stddev 4.860, 0 failed
progress: 42.0 s, 4205.8 tps, lat 15.211 ms stddev 4.655, 0 failed
progress: 43.0 s, 4217.2 tps, lat 15.191 ms stddev 4.752, 0 failed
progress: 44.0 s, 4234.8 tps, lat 15.102 ms stddev 4.861, 0 failed
progress: 45.0 s, 4221.0 tps, lat 15.158 ms stddev 5.116, 0 failed
progress: 46.0 s, 4187.1 tps, lat 15.281 ms stddev 4.690, 0 failed
progress: 47.0 s, 4202.1 tps, lat 15.227 ms stddev 4.661, 0 failed
progress: 48.0 s, 4186.8 tps, lat 15.306 ms stddev 4.923, 0 failed
progress: 49.0 s, 4261.1 tps, lat 15.010 ms stddev 5.023, 0 failed
progress: 50.0 s, 4254.9 tps, lat 15.046 ms stddev 5.028, 0 failed
progress: 51.0 s, 4215.9 tps, lat 15.170 ms stddev 4.756, 0 failed
progress: 52.0 s, 4286.3 tps, lat 14.932 ms stddev 5.215, 0 failed
progress: 53.0 s, 4278.7 tps, lat 14.955 ms stddev 4.889, 0 failed
progress: 54.0 s, 4440.3 tps, lat 14.416 ms stddev 5.097, 0 failed
progress: 55.0 s, 4217.8 tps, lat 15.167 ms stddev 4.736, 0 failed
progress: 56.0 s, 4201.9 tps, lat 15.223 ms stddev 4.777, 0 failed
progress: 57.0 s, 4251.0 tps, lat 15.086 ms stddev 4.892, 0 failed
progress: 58.0 s, 4211.0 tps, lat 15.190 ms stddev 4.971, 0 failed
progress: 59.0 s, 4257.1 tps, lat 15.022 ms stddev 5.042, 0 failed
transaction type: star-1.sql
scaling factor: 1
query mode: simple
number of clients: 64
number of threads: 64
maximum number of tries: 1
duration: 60 s
number of transactions actually processed: 253172
number of failed transactions: 0 (0.000%)
latency average = 15.158 ms
latency stddev = 4.967 ms
initial connection time = 37.648 ms
tps = 4221.705894 (without initial connection time)
