pgbench (18devel, server 8.3.23)
progress: 1.0 s, 8772.7 tps, lat 0.114 ms stddev 0.042, 0 failed
progress: 2.0 s, 8985.1 tps, lat 0.111 ms stddev 0.005, 0 failed
progress: 3.0 s, 9168.6 tps, lat 0.109 ms stddev 0.004, 0 failed
progress: 4.0 s, 9130.4 tps, lat 0.109 ms stddev 0.004, 0 failed
progress: 5.0 s, 9263.6 tps, lat 0.108 ms stddev 0.004, 0 failed
progress: 6.0 s, 9285.2 tps, lat 0.108 ms stddev 0.004, 0 failed
progress: 7.0 s, 9226.8 tps, lat 0.108 ms stddev 0.004, 0 failed
progress: 8.0 s, 9224.0 tps, lat 0.108 ms stddev 0.004, 0 failed
progress: 9.0 s, 9240.3 tps, lat 0.108 ms stddev 0.004, 0 failed
progress: 10.0 s, 9233.7 tps, lat 0.108 ms stddev 0.004, 0 failed
progress: 11.0 s, 9393.3 tps, lat 0.106 ms stddev 0.004, 0 failed
progress: 12.0 s, 9307.8 tps, lat 0.107 ms stddev 0.004, 0 failed
progress: 13.0 s, 9303.9 tps, lat 0.107 ms stddev 0.005, 0 failed
progress: 14.0 s, 9296.3 tps, lat 0.108 ms stddev 0.004, 0 failed
progress: 15.0 s, 9258.7 tps, lat 0.108 ms stddev 0.005, 0 failed
progress: 16.0 s, 9328.0 tps, lat 0.107 ms stddev 0.003, 0 failed
progress: 17.0 s, 9375.0 tps, lat 0.107 ms stddev 0.004, 0 failed
progress: 18.0 s, 9283.0 tps, lat 0.108 ms stddev 0.003, 0 failed
progress: 19.0 s, 9361.0 tps, lat 0.107 ms stddev 0.003, 0 failed
progress: 20.0 s, 9397.5 tps, lat 0.106 ms stddev 0.004, 0 failed
progress: 21.0 s, 9356.5 tps, lat 0.107 ms stddev 0.004, 0 failed
progress: 22.0 s, 9330.0 tps, lat 0.107 ms stddev 0.003, 0 failed
progress: 23.0 s, 9364.0 tps, lat 0.107 ms stddev 0.003, 0 failed
progress: 24.0 s, 9299.0 tps, lat 0.107 ms stddev 0.004, 0 failed
progress: 25.0 s, 9310.0 tps, lat 0.107 ms stddev 0.003, 0 failed
progress: 26.0 s, 9319.1 tps, lat 0.107 ms stddev 0.004, 0 failed
progress: 27.0 s, 9298.8 tps, lat 0.107 ms stddev 0.004, 0 failed
progress: 28.0 s, 9327.1 tps, lat 0.107 ms stddev 0.003, 0 failed
progress: 29.0 s, 9283.9 tps, lat 0.108 ms stddev 0.005, 0 failed
progress: 30.0 s, 9313.1 tps, lat 0.107 ms stddev 0.004, 0 failed
progress: 31.0 s, 9376.0 tps, lat 0.107 ms stddev 0.004, 0 failed
progress: 32.0 s, 9397.0 tps, lat 0.106 ms stddev 0.004, 0 failed
progress: 33.0 s, 9434.0 tps, lat 0.106 ms stddev 0.004, 0 failed
progress: 34.0 s, 9417.4 tps, lat 0.106 ms stddev 0.003, 0 failed
progress: 35.0 s, 9386.0 tps, lat 0.106 ms stddev 0.003, 0 failed
progress: 36.0 s, 9335.1 tps, lat 0.107 ms stddev 0.003, 0 failed
progress: 37.0 s, 9394.9 tps, lat 0.106 ms stddev 0.004, 0 failed
progress: 38.0 s, 9318.7 tps, lat 0.107 ms stddev 0.004, 0 failed
progress: 39.0 s, 9399.0 tps, lat 0.106 ms stddev 0.004, 0 failed
progress: 40.0 s, 9353.0 tps, lat 0.107 ms stddev 0.004, 0 failed
progress: 41.0 s, 9488.2 tps, lat 0.105 ms stddev 0.003, 0 failed
progress: 42.0 s, 9386.8 tps, lat 0.106 ms stddev 0.004, 0 failed
progress: 43.0 s, 9462.1 tps, lat 0.106 ms stddev 0.003, 0 failed
progress: 44.0 s, 9459.1 tps, lat 0.106 ms stddev 0.003, 0 failed
progress: 45.0 s, 9464.0 tps, lat 0.106 ms stddev 0.003, 0 failed
progress: 46.0 s, 9482.8 tps, lat 0.105 ms stddev 0.003, 0 failed
progress: 47.0 s, 9471.4 tps, lat 0.106 ms stddev 0.003, 0 failed
progress: 48.0 s, 9458.9 tps, lat 0.106 ms stddev 0.003, 0 failed
progress: 49.0 s, 9362.7 tps, lat 0.107 ms stddev 0.003, 0 failed
progress: 50.0 s, 9292.3 tps, lat 0.108 ms stddev 0.004, 0 failed
progress: 51.0 s, 9357.6 tps, lat 0.107 ms stddev 0.003, 0 failed
progress: 52.0 s, 9407.0 tps, lat 0.106 ms stddev 0.003, 0 failed
progress: 53.0 s, 9393.3 tps, lat 0.106 ms stddev 0.004, 0 failed
progress: 54.0 s, 9309.0 tps, lat 0.107 ms stddev 0.003, 0 failed
progress: 55.0 s, 9260.7 tps, lat 0.108 ms stddev 0.004, 0 failed
progress: 56.0 s, 9384.5 tps, lat 0.106 ms stddev 0.004, 0 failed
progress: 57.0 s, 9361.5 tps, lat 0.107 ms stddev 0.004, 0 failed
progress: 58.0 s, 9382.3 tps, lat 0.107 ms stddev 0.003, 0 failed
progress: 59.0 s, 9356.9 tps, lat 0.107 ms stddev 0.004, 0 failed
progress: 60.0 s, 9364.9 tps, lat 0.107 ms stddev 0.004, 0 failed
transaction type: star-1-left.sql
scaling factor: 1
query mode: prepared
number of clients: 1
number of threads: 1
maximum number of tries: 1
duration: 60 s
number of transactions actually processed: 559754
number of failed transactions: 0 (0.000%)
latency average = 0.107 ms
latency stddev = 0.007 ms
initial connection time = 1.649 ms
tps = 9329.477921 (without initial connection time)
