pgbench (18devel, server 9.5.25)
progress: 1.0 s, 123309.7 tps, lat 0.257 ms stddev 0.209, 0 failed
progress: 2.0 s, 128070.5 tps, lat 0.250 ms stddev 0.075, 0 failed
progress: 3.0 s, 129253.0 tps, lat 0.247 ms stddev 0.075, 0 failed
progress: 4.0 s, 129501.6 tps, lat 0.247 ms stddev 0.073, 0 failed
progress: 5.0 s, 129190.7 tps, lat 0.248 ms stddev 0.072, 0 failed
progress: 6.0 s, 129085.6 tps, lat 0.248 ms stddev 0.077, 0 failed
progress: 7.0 s, 130454.6 tps, lat 0.245 ms stddev 0.076, 0 failed
progress: 8.0 s, 128801.3 tps, lat 0.248 ms stddev 0.076, 0 failed
progress: 9.0 s, 129526.2 tps, lat 0.247 ms stddev 0.081, 0 failed
progress: 10.0 s, 129359.9 tps, lat 0.247 ms stddev 0.078, 0 failed
progress: 11.0 s, 131338.9 tps, lat 0.243 ms stddev 0.071, 0 failed
progress: 12.0 s, 130707.1 tps, lat 0.245 ms stddev 0.070, 0 failed
progress: 13.0 s, 130755.9 tps, lat 0.245 ms stddev 0.075, 0 failed
progress: 14.0 s, 131319.7 tps, lat 0.243 ms stddev 0.075, 0 failed
progress: 15.0 s, 130605.4 tps, lat 0.245 ms stddev 0.077, 0 failed
progress: 16.0 s, 128630.9 tps, lat 0.249 ms stddev 0.081, 0 failed
progress: 17.0 s, 131565.6 tps, lat 0.243 ms stddev 0.073, 0 failed
progress: 18.0 s, 130250.8 tps, lat 0.245 ms stddev 0.073, 0 failed
progress: 19.0 s, 130041.3 tps, lat 0.246 ms stddev 0.078, 0 failed
progress: 20.0 s, 130598.3 tps, lat 0.245 ms stddev 0.074, 0 failed
progress: 21.0 s, 132323.7 tps, lat 0.242 ms stddev 0.068, 0 failed
progress: 22.0 s, 132497.9 tps, lat 0.241 ms stddev 0.073, 0 failed
progress: 23.0 s, 132094.3 tps, lat 0.242 ms stddev 0.075, 0 failed
progress: 24.0 s, 131169.7 tps, lat 0.244 ms stddev 0.080, 0 failed
progress: 25.0 s, 130188.5 tps, lat 0.246 ms stddev 0.071, 0 failed
progress: 26.0 s, 130138.3 tps, lat 0.246 ms stddev 0.079, 0 failed
progress: 27.0 s, 131059.7 tps, lat 0.244 ms stddev 0.074, 0 failed
progress: 28.0 s, 130527.5 tps, lat 0.245 ms stddev 0.075, 0 failed
progress: 29.0 s, 131156.5 tps, lat 0.244 ms stddev 0.076, 0 failed
progress: 30.0 s, 131072.0 tps, lat 0.244 ms stddev 0.078, 0 failed
progress: 31.0 s, 130175.4 tps, lat 0.246 ms stddev 0.078, 0 failed
progress: 32.0 s, 129705.2 tps, lat 0.247 ms stddev 0.080, 0 failed
progress: 33.0 s, 132046.4 tps, lat 0.242 ms stddev 0.071, 0 failed
progress: 34.0 s, 129810.6 tps, lat 0.246 ms stddev 0.079, 0 failed
progress: 35.0 s, 131463.1 tps, lat 0.243 ms stddev 0.072, 0 failed
progress: 36.0 s, 131478.2 tps, lat 0.243 ms stddev 0.073, 0 failed
progress: 37.0 s, 131130.3 tps, lat 0.244 ms stddev 0.076, 0 failed
progress: 38.0 s, 130940.5 tps, lat 0.244 ms stddev 0.074, 0 failed
progress: 39.0 s, 130875.5 tps, lat 0.244 ms stddev 0.072, 0 failed
progress: 40.0 s, 131409.0 tps, lat 0.243 ms stddev 0.071, 0 failed
progress: 41.0 s, 130644.1 tps, lat 0.245 ms stddev 0.073, 0 failed
progress: 42.0 s, 131718.5 tps, lat 0.243 ms stddev 0.071, 0 failed
progress: 43.0 s, 130532.4 tps, lat 0.245 ms stddev 0.074, 0 failed
progress: 44.0 s, 131371.9 tps, lat 0.243 ms stddev 0.071, 0 failed
progress: 45.0 s, 130601.0 tps, lat 0.245 ms stddev 0.075, 0 failed
progress: 46.0 s, 130073.0 tps, lat 0.246 ms stddev 0.078, 0 failed
progress: 47.0 s, 131411.0 tps, lat 0.243 ms stddev 0.070, 0 failed
progress: 48.0 s, 131347.0 tps, lat 0.243 ms stddev 0.073, 0 failed
progress: 49.0 s, 130751.0 tps, lat 0.245 ms stddev 0.073, 0 failed
progress: 50.0 s, 131331.9 tps, lat 0.243 ms stddev 0.076, 0 failed
progress: 51.0 s, 131950.1 tps, lat 0.242 ms stddev 0.069, 0 failed
progress: 52.0 s, 130228.3 tps, lat 0.246 ms stddev 0.080, 0 failed
progress: 53.0 s, 130583.7 tps, lat 0.245 ms stddev 0.071, 0 failed
progress: 54.0 s, 132054.2 tps, lat 0.242 ms stddev 0.071, 0 failed
progress: 55.0 s, 130211.8 tps, lat 0.246 ms stddev 0.078, 0 failed
progress: 56.0 s, 129157.9 tps, lat 0.248 ms stddev 0.081, 0 failed
progress: 57.0 s, 127241.0 tps, lat 0.251 ms stddev 0.076, 0 failed
progress: 58.0 s, 130426.1 tps, lat 0.245 ms stddev 0.074, 0 failed
progress: 59.0 s, 130898.0 tps, lat 0.244 ms stddev 0.074, 0 failed
transaction type: star-1.sql
scaling factor: 1
query mode: prepared
number of clients: 32
number of threads: 32
maximum number of tries: 1
duration: 60 s
number of transactions actually processed: 7825608
number of failed transactions: 0 (0.000%)
latency average = 0.245 ms
latency stddev = 0.079 ms
initial connection time = 21.188 ms
tps = 130470.692515 (without initial connection time)
