2024-10-15 11:27:31.933 CEST [3264286] LOG:  starting PostgreSQL 18devel on x86_64-pc-linux-gnu, compiled by gcc (Debian 12.2.0-14) 12.2.0, 64-bit
2024-10-15 11:27:31.933 CEST [3264286] LOG:  listening on IPv6 address "::1", port 5432
2024-10-15 11:27:31.933 CEST [3264286] LOG:  listening on IPv4 address "127.0.0.1", port 5432
2024-10-15 11:27:31.934 CEST [3264286] LOG:  listening on Unix socket "/tmp/.s.PGSQL.5432"
2024-10-15 11:27:31.936 CEST [3264289] LOG:  database system was shut down at 2024-10-15 11:27:31 CEST
2024-10-15 11:27:31.938 CEST [3264286] LOG:  database system is ready to accept connections
2024-10-15 11:28:51.357 CEST [3264287] LOG:  checkpoint starting: immediate force wait
2024-10-15 11:28:57.346 CEST [3264287] LOG:  checkpoint complete: wrote 126774 buffers (96.7%); 0 WAL file(s) added, 0 removed, 297 recycled; write=1.220 s, sync=4.735 s, total=5.989 s; sync files=387, longest=2.066 s, average=0.013 s; distance=4866349 kB, estimate=4866349 kB; lsn=1/2A53C3C0, redo lsn=1/2A53C368
2024-10-15 11:28:57.360 CEST [3264287] LOG:  checkpoint starting: immediate force wait
2024-10-15 11:28:57.363 CEST [3264287] LOG:  checkpoint complete: wrote 0 buffers (0.0%); 0 WAL file(s) added, 0 removed, 0 recycled; write=0.003 s, sync=0.001 s, total=0.004 s; sync files=0, longest=0.000 s, average=0.000 s; distance=0 kB, estimate=4379714 kB; lsn=1/2A53C490, redo lsn=1/2A53C438
2024-10-15 11:29:57.460 CEST [3264287] LOG:  checkpoint starting: immediate force wait
2024-10-15 11:29:57.463 CEST [3264287] LOG:  checkpoint complete: wrote 83 buffers (0.1%); 0 WAL file(s) added, 0 removed, 0 recycled; write=0.003 s, sync=0.001 s, total=0.004 s; sync files=15, longest=0.001 s, average=0.001 s; distance=355 kB, estimate=3941778 kB; lsn=1/2A595390, redo lsn=1/2A595338
2024-10-15 11:30:57.508 CEST [3264287] LOG:  checkpoint starting: immediate force wait
2024-10-15 11:30:57.511 CEST [3264287] LOG:  checkpoint complete: wrote 31 buffers (0.0%); 0 WAL file(s) added, 0 removed, 0 recycled; write=0.003 s, sync=0.001 s, total=0.004 s; sync files=5, longest=0.001 s, average=0.001 s; distance=146 kB, estimate=3547615 kB; lsn=1/2A5B9E90, redo lsn=1/2A5B9E38
2024-10-15 11:31:57.569 CEST [3264287] LOG:  checkpoint starting: immediate force wait
2024-10-15 11:31:57.572 CEST [3264287] LOG:  checkpoint complete: wrote 0 buffers (0.0%); 0 WAL file(s) added, 0 removed, 0 recycled; write=0.002 s, sync=0.001 s, total=0.004 s; sync files=0, longest=0.000 s, average=0.000 s; distance=0 kB, estimate=3192853 kB; lsn=1/2A5B9F98, redo lsn=1/2A5B9F40
2024-10-15 11:32:57.584 CEST [3264287] LOG:  checkpoint starting: immediate force wait
2024-10-15 11:32:57.587 CEST [3264287] LOG:  checkpoint complete: wrote 0 buffers (0.0%); 0 WAL file(s) added, 0 removed, 0 recycled; write=0.002 s, sync=0.001 s, total=0.004 s; sync files=0, longest=0.000 s, average=0.000 s; distance=0 kB, estimate=2873568 kB; lsn=1/2A5BA0B8, redo lsn=1/2A5BA060
2024-10-15 11:33:57.613 CEST [3264287] LOG:  checkpoint starting: immediate force wait
2024-10-15 11:33:57.617 CEST [3264287] LOG:  checkpoint complete: wrote 0 buffers (0.0%); 0 WAL file(s) added, 0 removed, 0 recycled; write=0.003 s, sync=0.001 s, total=0.004 s; sync files=0, longest=0.000 s, average=0.000 s; distance=0 kB, estimate=2586211 kB; lsn=1/2A5BA1C0, redo lsn=1/2A5BA168
2024-10-15 11:34:57.642 CEST [3264287] LOG:  checkpoint starting: immediate force wait
2024-10-15 11:34:57.645 CEST [3264287] LOG:  checkpoint complete: wrote 0 buffers (0.0%); 0 WAL file(s) added, 0 removed, 0 recycled; write=0.002 s, sync=0.001 s, total=0.004 s; sync files=0, longest=0.000 s, average=0.000 s; distance=0 kB, estimate=2327590 kB; lsn=1/2A5BA2C8, redo lsn=1/2A5BA270
2024-10-15 11:35:57.653 CEST [3264287] LOG:  checkpoint starting: immediate force wait
2024-10-15 11:35:57.656 CEST [3264287] LOG:  checkpoint complete: wrote 0 buffers (0.0%); 0 WAL file(s) added, 0 removed, 0 recycled; write=0.002 s, sync=0.001 s, total=0.004 s; sync files=0, longest=0.000 s, average=0.000 s; distance=0 kB, estimate=2094831 kB; lsn=1/2A5BA3D0, redo lsn=1/2A5BA378
2024-10-15 11:36:57.674 CEST [3264287] LOG:  checkpoint starting: immediate force wait
2024-10-15 11:36:57.680 CEST [3264287] LOG:  checkpoint complete: wrote 0 buffers (0.0%); 0 WAL file(s) added, 0 removed, 0 recycled; write=0.005 s, sync=0.001 s, total=0.007 s; sync files=0, longest=0.000 s, average=0.000 s; distance=0 kB, estimate=1885348 kB; lsn=1/2A5BA4D8, redo lsn=1/2A5BA480
2024-10-15 11:37:57.712 CEST [3264287] LOG:  checkpoint starting: immediate force wait
2024-10-15 11:37:57.718 CEST [3264287] LOG:  checkpoint complete: wrote 0 buffers (0.0%); 0 WAL file(s) added, 0 removed, 0 recycled; write=0.005 s, sync=0.001 s, total=0.007 s; sync files=0, longest=0.000 s, average=0.000 s; distance=0 kB, estimate=1696813 kB; lsn=1/2A5BA5E0, redo lsn=1/2A5BA588
2024-10-15 11:38:57.737 CEST [3264287] LOG:  checkpoint starting: immediate force wait
2024-10-15 11:38:57.744 CEST [3264287] LOG:  checkpoint complete: wrote 0 buffers (0.0%); 0 WAL file(s) added, 0 removed, 0 recycled; write=0.004 s, sync=0.001 s, total=0.007 s; sync files=0, longest=0.000 s, average=0.000 s; distance=0 kB, estimate=1527132 kB; lsn=1/2A5BA6E8, redo lsn=1/2A5BA690
2024-10-15 11:39:57.787 CEST [3264287] LOG:  checkpoint starting: immediate force wait
2024-10-15 11:39:57.791 CEST [3264287] LOG:  checkpoint complete: wrote 0 buffers (0.0%); 0 WAL file(s) added, 0 removed, 0 recycled; write=0.003 s, sync=0.001 s, total=0.005 s; sync files=0, longest=0.000 s, average=0.000 s; distance=0 kB, estimate=1374419 kB; lsn=1/2A5BA7F0, redo lsn=1/2A5BA798
2024-10-15 11:40:57.805 CEST [3264287] LOG:  checkpoint starting: immediate force wait
2024-10-15 11:40:57.812 CEST [3264287] LOG:  checkpoint complete: wrote 0 buffers (0.0%); 0 WAL file(s) added, 0 removed, 0 recycled; write=0.005 s, sync=0.001 s, total=0.007 s; sync files=0, longest=0.000 s, average=0.000 s; distance=0 kB, estimate=1236977 kB; lsn=1/2A5BA8F8, redo lsn=1/2A5BA8A0
2024-10-15 11:41:57.826 CEST [3264287] LOG:  checkpoint starting: immediate force wait
2024-10-15 11:41:57.829 CEST [3264287] LOG:  checkpoint complete: wrote 0 buffers (0.0%); 0 WAL file(s) added, 0 removed, 0 recycled; write=0.002 s, sync=0.001 s, total=0.004 s; sync files=0, longest=0.000 s, average=0.000 s; distance=0 kB, estimate=1113279 kB; lsn=1/2A5BAA00, redo lsn=1/2A5BA9A8
2024-10-15 11:42:57.855 CEST [3264287] LOG:  checkpoint starting: immediate force wait
2024-10-15 11:42:57.858 CEST [3264287] LOG:  checkpoint complete: wrote 0 buffers (0.0%); 0 WAL file(s) added, 0 removed, 0 recycled; write=0.002 s, sync=0.001 s, total=0.004 s; sync files=0, longest=0.000 s, average=0.000 s; distance=0 kB, estimate=1001951 kB; lsn=1/2A5BAB08, redo lsn=1/2A5BAAB0
2024-10-15 11:43:57.914 CEST [3264287] LOG:  checkpoint starting: immediate force wait
2024-10-15 11:43:57.918 CEST [3264287] LOG:  checkpoint complete: wrote 0 buffers (0.0%); 0 WAL file(s) added, 0 removed, 0 recycled; write=0.003 s, sync=0.001 s, total=0.004 s; sync files=0, longest=0.000 s, average=0.000 s; distance=0 kB, estimate=901756 kB; lsn=1/2A5BAC10, redo lsn=1/2A5BABB8
2024-10-15 11:44:57.962 CEST [3264287] LOG:  checkpoint starting: immediate force wait
2024-10-15 11:44:57.966 CEST [3264287] LOG:  checkpoint complete: wrote 0 buffers (0.0%); 0 WAL file(s) added, 0 removed, 0 recycled; write=0.003 s, sync=0.001 s, total=0.004 s; sync files=0, longest=0.000 s, average=0.000 s; distance=0 kB, estimate=811580 kB; lsn=1/2A5BAD18, redo lsn=1/2A5BACC0
2024-10-15 11:45:58.060 CEST [3264287] LOG:  checkpoint starting: immediate force wait
2024-10-15 11:45:58.063 CEST [3264287] LOG:  checkpoint complete: wrote 0 buffers (0.0%); 0 WAL file(s) added, 0 removed, 0 recycled; write=0.002 s, sync=0.001 s, total=0.004 s; sync files=0, longest=0.000 s, average=0.000 s; distance=0 kB, estimate=730422 kB; lsn=1/2A5BAE20, redo lsn=1/2A5BADC8
2024-10-15 11:46:58.093 CEST [3264287] LOG:  checkpoint starting: immediate force wait
2024-10-15 11:46:58.096 CEST [3264287] LOG:  checkpoint complete: wrote 0 buffers (0.0%); 0 WAL file(s) added, 0 removed, 0 recycled; write=0.003 s, sync=0.001 s, total=0.004 s; sync files=0, longest=0.000 s, average=0.000 s; distance=0 kB, estimate=657380 kB; lsn=1/2A5BAF28, redo lsn=1/2A5BAED0
2024-10-15 11:47:58.106 CEST [3264287] LOG:  checkpoint starting: immediate force wait
2024-10-15 11:47:58.111 CEST [3264287] LOG:  checkpoint complete: wrote 0 buffers (0.0%); 0 WAL file(s) added, 0 removed, 0 recycled; write=0.004 s, sync=0.001 s, total=0.005 s; sync files=0, longest=0.000 s, average=0.000 s; distance=0 kB, estimate=591642 kB; lsn=1/2A5BB030, redo lsn=1/2A5BAFD8
2024-10-15 11:48:58.190 CEST [3264287] LOG:  checkpoint starting: immediate force wait
2024-10-15 11:48:58.195 CEST [3264287] LOG:  checkpoint complete: wrote 0 buffers (0.0%); 0 WAL file(s) added, 0 removed, 0 recycled; write=0.004 s, sync=0.001 s, total=0.006 s; sync files=0, longest=0.000 s, average=0.000 s; distance=0 kB, estimate=532478 kB; lsn=1/2A5BB138, redo lsn=1/2A5BB0E0
2024-10-15 11:49:58.205 CEST [3264287] LOG:  checkpoint starting: immediate force wait
2024-10-15 11:49:58.208 CEST [3264287] LOG:  checkpoint complete: wrote 0 buffers (0.0%); 0 WAL file(s) added, 0 removed, 0 recycled; write=0.003 s, sync=0.001 s, total=0.004 s; sync files=0, longest=0.000 s, average=0.000 s; distance=0 kB, estimate=479230 kB; lsn=1/2A5BB240, redo lsn=1/2A5BB1E8
2024-10-15 11:50:58.217 CEST [3264287] LOG:  checkpoint starting: immediate force wait
2024-10-15 11:50:58.221 CEST [3264287] LOG:  checkpoint complete: wrote 0 buffers (0.0%); 0 WAL file(s) added, 0 removed, 0 recycled; write=0.003 s, sync=0.001 s, total=0.004 s; sync files=0, longest=0.000 s, average=0.000 s; distance=0 kB, estimate=431307 kB; lsn=1/2A5BB348, redo lsn=1/2A5BB2F0
2024-10-15 11:51:58.271 CEST [3264287] LOG:  checkpoint starting: immediate force wait
2024-10-15 11:51:58.278 CEST [3264287] LOG:  checkpoint complete: wrote 0 buffers (0.0%); 0 WAL file(s) added, 0 removed, 0 recycled; write=0.005 s, sync=0.001 s, total=0.008 s; sync files=0, longest=0.000 s, average=0.000 s; distance=0 kB, estimate=388176 kB; lsn=1/2A5BB450, redo lsn=1/2A5BB3F8
2024-10-15 11:52:58.301 CEST [3264287] LOG:  checkpoint starting: immediate force wait
2024-10-15 11:52:58.308 CEST [3264287] LOG:  checkpoint complete: wrote 0 buffers (0.0%); 0 WAL file(s) added, 0 removed, 0 recycled; write=0.006 s, sync=0.001 s, total=0.008 s; sync files=0, longest=0.000 s, average=0.000 s; distance=0 kB, estimate=349359 kB; lsn=1/2A5BB558, redo lsn=1/2A5BB500
2024-10-15 11:53:58.406 CEST [3264287] LOG:  checkpoint starting: immediate force wait
2024-10-15 11:53:58.410 CEST [3264287] LOG:  checkpoint complete: wrote 0 buffers (0.0%); 0 WAL file(s) added, 0 removed, 0 recycled; write=0.002 s, sync=0.001 s, total=0.004 s; sync files=0, longest=0.000 s, average=0.000 s; distance=0 kB, estimate=314423 kB; lsn=1/2A5BB660, redo lsn=1/2A5BB608
2024-10-15 11:54:58.436 CEST [3264287] LOG:  checkpoint starting: immediate force wait
2024-10-15 11:54:58.439 CEST [3264287] LOG:  checkpoint complete: wrote 0 buffers (0.0%); 0 WAL file(s) added, 0 removed, 0 recycled; write=0.002 s, sync=0.001 s, total=0.004 s; sync files=0, longest=0.000 s, average=0.000 s; distance=0 kB, estimate=282980 kB; lsn=1/2A5BB768, redo lsn=1/2A5BB710
2024-10-15 11:55:58.486 CEST [3264287] LOG:  checkpoint starting: immediate force wait
2024-10-15 11:55:58.489 CEST [3264287] LOG:  checkpoint complete: wrote 0 buffers (0.0%); 0 WAL file(s) added, 0 removed, 0 recycled; write=0.002 s, sync=0.001 s, total=0.004 s; sync files=0, longest=0.000 s, average=0.000 s; distance=0 kB, estimate=254682 kB; lsn=1/2A5BB870, redo lsn=1/2A5BB818
2024-10-15 11:56:58.503 CEST [3264287] LOG:  checkpoint starting: immediate force wait
2024-10-15 11:56:58.506 CEST [3264287] LOG:  checkpoint complete: wrote 0 buffers (0.0%); 0 WAL file(s) added, 0 removed, 0 recycled; write=0.003 s, sync=0.001 s, total=0.004 s; sync files=0, longest=0.000 s, average=0.000 s; distance=0 kB, estimate=229214 kB; lsn=1/2A5BB978, redo lsn=1/2A5BB920
2024-10-15 11:57:58.564 CEST [3264287] LOG:  checkpoint starting: immediate force wait
2024-10-15 11:57:58.567 CEST [3264287] LOG:  checkpoint complete: wrote 0 buffers (0.0%); 0 WAL file(s) added, 0 removed, 0 recycled; write=0.002 s, sync=0.001 s, total=0.004 s; sync files=0, longest=0.000 s, average=0.000 s; distance=0 kB, estimate=206293 kB; lsn=1/2A5BBA80, redo lsn=1/2A5BBA28
2024-10-15 11:58:58.595 CEST [3264287] LOG:  checkpoint starting: immediate force wait
2024-10-15 11:58:58.598 CEST [3264287] LOG:  checkpoint complete: wrote 0 buffers (0.0%); 0 WAL file(s) added, 0 removed, 0 recycled; write=0.002 s, sync=0.001 s, total=0.004 s; sync files=0, longest=0.000 s, average=0.000 s; distance=0 kB, estimate=185663 kB; lsn=1/2A5BBB88, redo lsn=1/2A5BBB30
2024-10-15 11:59:58.645 CEST [3264287] LOG:  checkpoint starting: immediate force wait
2024-10-15 11:59:58.649 CEST [3264287] LOG:  checkpoint complete: wrote 0 buffers (0.0%); 0 WAL file(s) added, 0 removed, 0 recycled; write=0.003 s, sync=0.001 s, total=0.005 s; sync files=0, longest=0.000 s, average=0.000 s; distance=0 kB, estimate=167097 kB; lsn=1/2A5BBC90, redo lsn=1/2A5BBC38
2024-10-15 12:00:58.660 CEST [3264287] LOG:  checkpoint starting: immediate force wait
2024-10-15 12:00:58.664 CEST [3264287] LOG:  checkpoint complete: wrote 0 buffers (0.0%); 0 WAL file(s) added, 0 removed, 0 recycled; write=0.003 s, sync=0.001 s, total=0.005 s; sync files=0, longest=0.000 s, average=0.000 s; distance=0 kB, estimate=150387 kB; lsn=1/2A5BBD98, redo lsn=1/2A5BBD40
2024-10-15 12:01:58.676 CEST [3264287] LOG:  checkpoint starting: immediate force wait
2024-10-15 12:01:58.680 CEST [3264287] LOG:  checkpoint complete: wrote 0 buffers (0.0%); 0 WAL file(s) added, 0 removed, 0 recycled; write=0.003 s, sync=0.001 s, total=0.004 s; sync files=0, longest=0.000 s, average=0.000 s; distance=0 kB, estimate=135349 kB; lsn=1/2A5BBEA0, redo lsn=1/2A5BBE48
2024-10-15 12:02:58.738 CEST [3264287] LOG:  checkpoint starting: immediate force wait
2024-10-15 12:02:58.749 CEST [3264287] LOG:  checkpoint complete: wrote 0 buffers (0.0%); 0 WAL file(s) added, 0 removed, 0 recycled; write=0.004 s, sync=0.001 s, total=0.012 s; sync files=0, longest=0.000 s, average=0.000 s; distance=0 kB, estimate=121814 kB; lsn=1/2A5BBFA8, redo lsn=1/2A5BBF50
2024-10-15 12:03:58.767 CEST [3264287] LOG:  checkpoint starting: immediate force wait
2024-10-15 12:03:58.772 CEST [3264287] LOG:  checkpoint complete: wrote 0 buffers (0.0%); 0 WAL file(s) added, 0 removed, 0 recycled; write=0.004 s, sync=0.001 s, total=0.005 s; sync files=0, longest=0.000 s, average=0.000 s; distance=0 kB, estimate=109632 kB; lsn=1/2A5BC0C8, redo lsn=1/2A5BC070
2024-10-15 12:04:58.778 CEST [3264286] LOG:  received fast shutdown request
2024-10-15 12:04:58.778 CEST [3264286] LOG:  aborting any active transactions
2024-10-15 12:04:58.779 CEST [3264286] LOG:  background worker "logical replication launcher" (PID 3264292) exited with exit code 1
2024-10-15 12:04:58.789 CEST [3264287] LOG:  shutting down
2024-10-15 12:04:58.789 CEST [3264287] LOG:  checkpoint starting: shutdown immediate
2024-10-15 12:04:58.791 CEST [3264287] LOG:  checkpoint complete: wrote 0 buffers (0.0%); 0 WAL file(s) added, 0 removed, 0 recycled; write=0.002 s, sync=0.001 s, total=0.003 s; sync files=0, longest=0.000 s, average=0.000 s; distance=0 kB, estimate=98669 kB; lsn=1/2A5BC178, redo lsn=1/2A5BC178
2024-10-15 12:04:58.912 CEST [3264286] LOG:  database system is shut down
