pgbench (18devel, server 9.4.26)
progress: 1.0 s, 1911.1 tps, lat 120.664 ms stddev 99.835, 0 failed
progress: 2.0 s, 2217.3 tps, lat 112.269 ms stddev 36.030, 0 failed
progress: 3.0 s, 2240.2 tps, lat 115.027 ms stddev 41.358, 0 failed
progress: 4.0 s, 2280.1 tps, lat 115.359 ms stddev 35.490, 0 failed
progress: 5.0 s, 2228.0 tps, lat 113.150 ms stddev 32.856, 0 failed
progress: 6.0 s, 2254.4 tps, lat 113.981 ms stddev 31.228, 0 failed
progress: 7.0 s, 2259.6 tps, lat 113.184 ms stddev 29.882, 0 failed
progress: 8.0 s, 2277.0 tps, lat 112.146 ms stddev 30.671, 0 failed
progress: 9.0 s, 2250.4 tps, lat 113.359 ms stddev 32.677, 0 failed
progress: 10.0 s, 2274.5 tps, lat 112.794 ms stddev 33.687, 0 failed
progress: 11.0 s, 2301.1 tps, lat 113.505 ms stddev 38.433, 0 failed
progress: 12.0 s, 2176.9 tps, lat 113.323 ms stddev 33.636, 0 failed
progress: 13.0 s, 2250.5 tps, lat 113.432 ms stddev 38.896, 0 failed
progress: 14.0 s, 2312.9 tps, lat 113.455 ms stddev 36.473, 0 failed
progress: 15.0 s, 2240.9 tps, lat 113.379 ms stddev 31.862, 0 failed
progress: 16.0 s, 2249.0 tps, lat 113.314 ms stddev 30.016, 0 failed
progress: 17.0 s, 2284.1 tps, lat 113.773 ms stddev 33.790, 0 failed
progress: 18.0 s, 2240.0 tps, lat 113.433 ms stddev 32.424, 0 failed
progress: 19.0 s, 2254.0 tps, lat 112.819 ms stddev 30.142, 0 failed
progress: 20.0 s, 2233.2 tps, lat 113.864 ms stddev 31.714, 0 failed
progress: 21.0 s, 2282.0 tps, lat 114.167 ms stddev 41.230, 0 failed
progress: 22.0 s, 2253.0 tps, lat 113.776 ms stddev 29.215, 0 failed
progress: 23.0 s, 2244.0 tps, lat 113.898 ms stddev 31.983, 0 failed
progress: 24.0 s, 2235.9 tps, lat 113.113 ms stddev 33.664, 0 failed
progress: 25.0 s, 2273.1 tps, lat 113.583 ms stddev 27.037, 0 failed
progress: 26.0 s, 2240.0 tps, lat 114.461 ms stddev 31.720, 0 failed
progress: 27.0 s, 2242.0 tps, lat 113.759 ms stddev 30.739, 0 failed
progress: 28.0 s, 2252.0 tps, lat 114.388 ms stddev 37.546, 0 failed
progress: 29.0 s, 2216.0 tps, lat 114.173 ms stddev 29.579, 0 failed
progress: 30.0 s, 2267.5 tps, lat 114.533 ms stddev 36.505, 0 failed
progress: 31.0 s, 2229.0 tps, lat 113.277 ms stddev 34.234, 0 failed
progress: 32.0 s, 2225.4 tps, lat 115.256 ms stddev 34.858, 0 failed
progress: 33.0 s, 2245.0 tps, lat 114.643 ms stddev 28.227, 0 failed
progress: 34.0 s, 2224.9 tps, lat 114.792 ms stddev 31.932, 0 failed
progress: 35.0 s, 2245.1 tps, lat 115.058 ms stddev 27.466, 0 failed
progress: 36.0 s, 2226.9 tps, lat 111.823 ms stddev 35.773, 0 failed
progress: 37.0 s, 2226.0 tps, lat 114.658 ms stddev 43.835, 0 failed
progress: 38.0 s, 2264.0 tps, lat 115.407 ms stddev 50.783, 0 failed
progress: 39.0 s, 2251.9 tps, lat 113.798 ms stddev 30.694, 0 failed
progress: 40.0 s, 2241.1 tps, lat 113.568 ms stddev 29.075, 0 failed
progress: 41.0 s, 2231.8 tps, lat 114.174 ms stddev 32.939, 0 failed
progress: 42.0 s, 2317.1 tps, lat 113.528 ms stddev 38.935, 0 failed
progress: 43.0 s, 2231.1 tps, lat 112.893 ms stddev 33.742, 0 failed
progress: 44.0 s, 2264.9 tps, lat 114.800 ms stddev 29.529, 0 failed
progress: 45.0 s, 2220.0 tps, lat 112.950 ms stddev 33.721, 0 failed
progress: 46.0 s, 2242.0 tps, lat 114.331 ms stddev 33.596, 0 failed
progress: 47.0 s, 2299.1 tps, lat 113.085 ms stddev 36.931, 0 failed
progress: 48.0 s, 2245.0 tps, lat 113.502 ms stddev 34.579, 0 failed
progress: 49.0 s, 2217.9 tps, lat 114.158 ms stddev 33.315, 0 failed
progress: 50.0 s, 2259.1 tps, lat 113.388 ms stddev 29.473, 0 failed
progress: 51.0 s, 2258.0 tps, lat 113.757 ms stddev 37.531, 0 failed
progress: 52.0 s, 2263.8 tps, lat 113.162 ms stddev 31.668, 0 failed
progress: 53.0 s, 2237.2 tps, lat 113.855 ms stddev 32.646, 0 failed
progress: 54.0 s, 2271.0 tps, lat 113.973 ms stddev 35.492, 0 failed
progress: 55.0 s, 2232.0 tps, lat 113.230 ms stddev 33.952, 0 failed
progress: 56.0 s, 2219.9 tps, lat 114.227 ms stddev 31.049, 0 failed
progress: 57.0 s, 2260.0 tps, lat 114.171 ms stddev 32.027, 0 failed
progress: 58.0 s, 2258.1 tps, lat 113.204 ms stddev 30.283, 0 failed
progress: 59.0 s, 2285.4 tps, lat 114.227 ms stddev 29.182, 0 failed
transaction type: star-1.sql
scaling factor: 1
query mode: simple
number of clients: 256
number of threads: 256
maximum number of tries: 1
duration: 60 s
number of transactions actually processed: 134715
number of failed transactions: 0 (0.000%)
latency average = 113.849 ms
latency stddev = 35.664 ms
initial connection time = 145.946 ms
tps = 2247.299912 (without initial connection time)
