pgbench (18devel, server 9.4.26)
progress: 1.0 s, 1731.9 tps, lat 18.168 ms stddev 4.044, 0 failed
progress: 2.0 s, 1866.0 tps, lat 17.142 ms stddev 0.542, 0 failed
progress: 3.0 s, 1849.9 tps, lat 17.257 ms stddev 1.486, 0 failed
progress: 4.0 s, 1860.0 tps, lat 17.243 ms stddev 1.595, 0 failed
progress: 5.0 s, 1873.1 tps, lat 17.085 ms stddev 0.562, 0 failed
progress: 6.0 s, 1872.0 tps, lat 17.081 ms stddev 0.542, 0 failed
progress: 7.0 s, 1876.0 tps, lat 17.063 ms stddev 0.520, 0 failed
progress: 8.0 s, 1873.0 tps, lat 17.065 ms stddev 0.534, 0 failed
progress: 9.0 s, 1877.0 tps, lat 17.066 ms stddev 0.531, 0 failed
progress: 10.0 s, 1880.0 tps, lat 17.052 ms stddev 0.500, 0 failed
progress: 11.0 s, 1874.0 tps, lat 17.060 ms stddev 0.522, 0 failed
progress: 12.0 s, 1876.0 tps, lat 17.074 ms stddev 0.534, 0 failed
progress: 13.0 s, 1872.0 tps, lat 17.065 ms stddev 0.524, 0 failed
progress: 14.0 s, 1873.0 tps, lat 17.068 ms stddev 0.539, 0 failed
progress: 15.0 s, 1878.0 tps, lat 17.036 ms stddev 0.489, 0 failed
progress: 16.0 s, 1875.0 tps, lat 17.062 ms stddev 0.541, 0 failed
progress: 17.0 s, 1861.0 tps, lat 17.174 ms stddev 1.343, 0 failed
progress: 18.0 s, 1876.0 tps, lat 17.073 ms stddev 0.536, 0 failed
progress: 19.0 s, 1880.0 tps, lat 17.036 ms stddev 0.496, 0 failed
progress: 20.0 s, 1878.0 tps, lat 17.042 ms stddev 0.503, 0 failed
progress: 21.0 s, 1878.0 tps, lat 17.046 ms stddev 0.515, 0 failed
progress: 22.0 s, 1878.0 tps, lat 17.026 ms stddev 0.485, 0 failed
progress: 23.0 s, 1866.0 tps, lat 17.148 ms stddev 1.516, 0 failed
progress: 24.0 s, 1874.0 tps, lat 17.106 ms stddev 0.581, 0 failed
progress: 25.0 s, 1861.0 tps, lat 17.175 ms stddev 1.397, 0 failed
progress: 26.0 s, 1864.9 tps, lat 17.160 ms stddev 1.230, 0 failed
progress: 27.0 s, 1878.0 tps, lat 17.057 ms stddev 0.514, 0 failed
progress: 28.0 s, 1875.0 tps, lat 17.066 ms stddev 0.527, 0 failed
progress: 29.0 s, 1865.1 tps, lat 17.165 ms stddev 1.356, 0 failed
progress: 30.0 s, 1874.9 tps, lat 17.071 ms stddev 0.555, 0 failed
progress: 31.0 s, 1872.0 tps, lat 17.070 ms stddev 0.543, 0 failed
progress: 32.0 s, 1877.0 tps, lat 17.050 ms stddev 0.502, 0 failed
progress: 33.0 s, 1875.0 tps, lat 17.056 ms stddev 0.523, 0 failed
progress: 34.0 s, 1876.0 tps, lat 17.057 ms stddev 0.525, 0 failed
progress: 35.0 s, 1881.0 tps, lat 17.038 ms stddev 0.511, 0 failed
progress: 36.0 s, 1873.0 tps, lat 17.057 ms stddev 0.523, 0 failed
progress: 37.0 s, 1877.1 tps, lat 17.049 ms stddev 0.522, 0 failed
progress: 38.0 s, 1877.0 tps, lat 17.067 ms stddev 0.556, 0 failed
progress: 39.0 s, 1873.0 tps, lat 17.062 ms stddev 0.542, 0 failed
progress: 40.0 s, 1875.0 tps, lat 17.059 ms stddev 0.542, 0 failed
progress: 41.0 s, 1869.0 tps, lat 17.132 ms stddev 1.457, 0 failed
progress: 42.0 s, 1874.0 tps, lat 17.064 ms stddev 0.555, 0 failed
progress: 43.0 s, 1879.0 tps, lat 17.035 ms stddev 0.524, 0 failed
progress: 44.0 s, 1868.0 tps, lat 17.159 ms stddev 1.419, 0 failed
progress: 45.0 s, 1878.0 tps, lat 17.056 ms stddev 0.533, 0 failed
progress: 46.0 s, 1868.0 tps, lat 17.072 ms stddev 0.549, 0 failed
progress: 47.0 s, 1871.0 tps, lat 17.114 ms stddev 0.586, 0 failed
progress: 48.0 s, 1875.0 tps, lat 17.061 ms stddev 0.531, 0 failed
progress: 49.0 s, 1863.0 tps, lat 17.193 ms stddev 1.599, 0 failed
progress: 50.0 s, 1860.0 tps, lat 17.217 ms stddev 1.801, 0 failed
progress: 51.0 s, 1877.0 tps, lat 17.069 ms stddev 0.549, 0 failed
progress: 52.0 s, 1869.0 tps, lat 17.087 ms stddev 0.574, 0 failed
progress: 53.0 s, 1878.0 tps, lat 17.036 ms stddev 0.518, 0 failed
progress: 54.0 s, 1864.0 tps, lat 17.172 ms stddev 1.451, 0 failed
progress: 55.0 s, 1877.0 tps, lat 17.052 ms stddev 0.523, 0 failed
progress: 56.0 s, 1873.0 tps, lat 17.051 ms stddev 0.535, 0 failed
progress: 57.0 s, 1882.0 tps, lat 17.038 ms stddev 0.518, 0 failed
progress: 58.0 s, 1875.0 tps, lat 17.066 ms stddev 0.545, 0 failed
progress: 59.0 s, 1876.0 tps, lat 17.050 ms stddev 0.521, 0 failed
transaction type: star-1.sql
scaling factor: 1
query mode: simple
number of clients: 32
number of threads: 32
maximum number of tries: 1
duration: 60 s
number of transactions actually processed: 112228
number of failed transactions: 0 (0.000%)
latency average = 17.103 ms
latency stddev = 0.964 ms
initial connection time = 21.794 ms
tps = 1870.608241 (without initial connection time)
