pgbench (18devel)
progress: 1.0 s, 122036.8 tps, lat 0.130 ms stddev 0.104, 0 failed
progress: 2.0 s, 127507.0 tps, lat 0.125 ms stddev 0.010, 0 failed
progress: 3.0 s, 127741.6 tps, lat 0.125 ms stddev 0.006, 0 failed
progress: 4.0 s, 128290.9 tps, lat 0.125 ms stddev 0.006, 0 failed
progress: 5.0 s, 129705.0 tps, lat 0.123 ms stddev 0.005, 0 failed
progress: 6.0 s, 130915.8 tps, lat 0.122 ms stddev 0.004, 0 failed
progress: 7.0 s, 131007.6 tps, lat 0.122 ms stddev 0.004, 0 failed
progress: 8.0 s, 129904.0 tps, lat 0.123 ms stddev 0.008, 0 failed
progress: 9.0 s, 129369.7 tps, lat 0.124 ms stddev 0.009, 0 failed
progress: 10.0 s, 130072.4 tps, lat 0.123 ms stddev 0.006, 0 failed
progress: 11.0 s, 129223.8 tps, lat 0.124 ms stddev 0.007, 0 failed
progress: 12.0 s, 128647.8 tps, lat 0.124 ms stddev 0.006, 0 failed
progress: 13.0 s, 128350.1 tps, lat 0.125 ms stddev 0.008, 0 failed
progress: 14.0 s, 128823.0 tps, lat 0.124 ms stddev 0.005, 0 failed
progress: 15.0 s, 126764.1 tps, lat 0.126 ms stddev 0.009, 0 failed
progress: 16.0 s, 128131.9 tps, lat 0.125 ms stddev 0.005, 0 failed
progress: 17.0 s, 128487.8 tps, lat 0.124 ms stddev 0.005, 0 failed
progress: 18.0 s, 128281.0 tps, lat 0.125 ms stddev 0.005, 0 failed
progress: 19.0 s, 128567.1 tps, lat 0.124 ms stddev 0.004, 0 failed
progress: 20.0 s, 128310.6 tps, lat 0.125 ms stddev 0.008, 0 failed
progress: 21.0 s, 129888.1 tps, lat 0.123 ms stddev 0.008, 0 failed
progress: 22.0 s, 130861.4 tps, lat 0.122 ms stddev 0.004, 0 failed
progress: 23.0 s, 130359.0 tps, lat 0.123 ms stddev 0.004, 0 failed
progress: 24.0 s, 129984.7 tps, lat 0.123 ms stddev 0.004, 0 failed
progress: 25.0 s, 129372.1 tps, lat 0.124 ms stddev 0.008, 0 failed
progress: 26.0 s, 131328.0 tps, lat 0.122 ms stddev 0.003, 0 failed
progress: 27.0 s, 130053.0 tps, lat 0.123 ms stddev 0.004, 0 failed
progress: 28.0 s, 129982.5 tps, lat 0.123 ms stddev 0.005, 0 failed
progress: 29.0 s, 131063.5 tps, lat 0.122 ms stddev 0.003, 0 failed
progress: 30.0 s, 130583.6 tps, lat 0.122 ms stddev 0.004, 0 failed
progress: 31.0 s, 129829.5 tps, lat 0.123 ms stddev 0.004, 0 failed
progress: 32.0 s, 129300.0 tps, lat 0.124 ms stddev 0.005, 0 failed
progress: 33.0 s, 129074.8 tps, lat 0.124 ms stddev 0.005, 0 failed
progress: 34.0 s, 128745.1 tps, lat 0.124 ms stddev 0.009, 0 failed
progress: 35.0 s, 129817.2 tps, lat 0.123 ms stddev 0.005, 0 failed
progress: 36.0 s, 130194.9 tps, lat 0.123 ms stddev 0.008, 0 failed
progress: 37.0 s, 131091.1 tps, lat 0.122 ms stddev 0.003, 0 failed
progress: 38.0 s, 130215.7 tps, lat 0.123 ms stddev 0.005, 0 failed
progress: 39.0 s, 129017.2 tps, lat 0.124 ms stddev 0.006, 0 failed
progress: 40.0 s, 129926.0 tps, lat 0.123 ms stddev 0.005, 0 failed
progress: 41.0 s, 130690.8 tps, lat 0.122 ms stddev 0.004, 0 failed
progress: 42.0 s, 130558.4 tps, lat 0.122 ms stddev 0.008, 0 failed
progress: 43.0 s, 130014.3 tps, lat 0.123 ms stddev 0.005, 0 failed
progress: 44.0 s, 130141.4 tps, lat 0.123 ms stddev 0.004, 0 failed
progress: 45.0 s, 130064.8 tps, lat 0.123 ms stddev 0.004, 0 failed
progress: 46.0 s, 130163.6 tps, lat 0.123 ms stddev 0.004, 0 failed
progress: 47.0 s, 130241.8 tps, lat 0.123 ms stddev 0.004, 0 failed
progress: 48.0 s, 129657.9 tps, lat 0.123 ms stddev 0.004, 0 failed
progress: 49.0 s, 130079.0 tps, lat 0.123 ms stddev 0.004, 0 failed
progress: 50.0 s, 131539.1 tps, lat 0.122 ms stddev 0.003, 0 failed
progress: 51.0 s, 131056.0 tps, lat 0.122 ms stddev 0.003, 0 failed
progress: 52.0 s, 130807.0 tps, lat 0.122 ms stddev 0.003, 0 failed
progress: 53.0 s, 131250.0 tps, lat 0.122 ms stddev 0.003, 0 failed
progress: 54.0 s, 131303.1 tps, lat 0.122 ms stddev 0.003, 0 failed
progress: 55.0 s, 130094.9 tps, lat 0.123 ms stddev 0.005, 0 failed
progress: 56.0 s, 129767.2 tps, lat 0.123 ms stddev 0.005, 0 failed
progress: 57.0 s, 129522.4 tps, lat 0.123 ms stddev 0.005, 0 failed
progress: 58.0 s, 130634.3 tps, lat 0.122 ms stddev 0.004, 0 failed
progress: 59.0 s, 131261.1 tps, lat 0.122 ms stddev 0.003, 0 failed
transaction type: star-1-left.sql
scaling factor: 1
query mode: prepared
number of clients: 16
number of threads: 16
maximum number of tries: 1
duration: 60 s
number of transactions actually processed: 7780275
number of failed transactions: 0 (0.000%)
latency average = 0.123 ms
latency stddev = 0.014 ms
initial connection time = 12.320 ms
tps = 129697.306189 (without initial connection time)
