pgbench (18devel, server 8.3.23)
progress: 1.0 s, 5802.1 tps, lat 40.491 ms stddev 85.865, 0 failed
progress: 2.0 s, 9860.3 tps, lat 26.716 ms stddev 30.882, 0 failed
progress: 3.0 s, 6922.2 tps, lat 35.895 ms stddev 33.268, 0 failed
progress: 4.0 s, 7896.7 tps, lat 32.318 ms stddev 31.992, 0 failed
progress: 5.0 s, 5994.3 tps, lat 42.922 ms stddev 34.695, 0 failed
progress: 6.0 s, 6148.9 tps, lat 41.449 ms stddev 32.704, 0 failed
progress: 7.0 s, 9196.5 tps, lat 28.134 ms stddev 32.111, 0 failed
progress: 8.0 s, 6213.2 tps, lat 40.808 ms stddev 32.735, 0 failed
progress: 9.0 s, 7114.5 tps, lat 36.106 ms stddev 34.133, 0 failed
progress: 10.0 s, 6070.5 tps, lat 42.050 ms stddev 34.082, 0 failed
progress: 11.0 s, 6034.8 tps, lat 42.378 ms stddev 35.550, 0 failed
progress: 12.0 s, 8274.4 tps, lat 31.873 ms stddev 33.605, 0 failed
progress: 13.0 s, 6509.7 tps, lat 38.105 ms stddev 34.071, 0 failed
progress: 14.0 s, 7342.2 tps, lat 34.968 ms stddev 32.865, 0 failed
progress: 15.0 s, 6100.5 tps, lat 41.838 ms stddev 34.249, 0 failed
progress: 16.0 s, 6942.3 tps, lat 37.308 ms stddev 34.318, 0 failed
progress: 17.0 s, 6796.8 tps, lat 37.195 ms stddev 32.610, 0 failed
progress: 18.0 s, 9230.8 tps, lat 27.878 ms stddev 31.556, 0 failed
progress: 19.0 s, 6072.7 tps, lat 41.952 ms stddev 35.217, 0 failed
progress: 20.0 s, 7464.1 tps, lat 34.340 ms stddev 34.008, 0 failed
progress: 21.0 s, 6095.1 tps, lat 42.040 ms stddev 35.286, 0 failed
progress: 22.0 s, 6142.7 tps, lat 41.516 ms stddev 34.750, 0 failed
progress: 23.0 s, 6231.1 tps, lat 41.079 ms stddev 35.546, 0 failed
progress: 24.0 s, 6103.1 tps, lat 41.858 ms stddev 34.655, 0 failed
progress: 25.0 s, 6132.5 tps, lat 41.860 ms stddev 34.753, 0 failed
progress: 26.0 s, 6137.5 tps, lat 41.871 ms stddev 33.875, 0 failed
progress: 27.0 s, 6295.2 tps, lat 40.615 ms stddev 33.865, 0 failed
progress: 28.0 s, 6130.9 tps, lat 41.683 ms stddev 35.015, 0 failed
progress: 29.0 s, 8670.9 tps, lat 29.602 ms stddev 31.893, 0 failed
progress: 30.0 s, 6205.3 tps, lat 41.206 ms stddev 34.120, 0 failed
progress: 31.0 s, 6099.0 tps, lat 41.820 ms stddev 35.342, 0 failed
progress: 32.0 s, 8086.5 tps, lat 31.864 ms stddev 32.723, 0 failed
progress: 33.0 s, 10298.5 tps, lat 24.792 ms stddev 29.462, 0 failed
progress: 34.0 s, 6374.2 tps, lat 40.169 ms stddev 33.485, 0 failed
progress: 35.0 s, 6116.5 tps, lat 41.901 ms stddev 34.857, 0 failed
progress: 36.0 s, 11312.2 tps, lat 22.583 ms stddev 29.245, 0 failed
progress: 37.0 s, 6116.6 tps, lat 41.921 ms stddev 35.727, 0 failed
progress: 38.0 s, 6687.3 tps, lat 38.157 ms stddev 34.196, 0 failed
progress: 39.0 s, 6533.3 tps, lat 39.455 ms stddev 33.965, 0 failed
progress: 40.0 s, 6116.7 tps, lat 41.545 ms stddev 34.677, 0 failed
progress: 41.0 s, 6099.0 tps, lat 41.996 ms stddev 34.544, 0 failed
progress: 42.0 s, 7205.8 tps, lat 35.599 ms stddev 33.844, 0 failed
progress: 43.0 s, 5857.4 tps, lat 43.589 ms stddev 36.445, 0 failed
progress: 44.0 s, 5812.6 tps, lat 44.052 ms stddev 36.059, 0 failed
progress: 45.0 s, 11221.2 tps, lat 22.874 ms stddev 29.860, 0 failed
progress: 46.0 s, 6346.1 tps, lat 40.466 ms stddev 33.768, 0 failed
progress: 47.0 s, 7979.6 tps, lat 32.920 ms stddev 32.973, 0 failed
progress: 48.0 s, 13455.2 tps, lat 18.484 ms stddev 26.122, 0 failed
progress: 49.0 s, 6083.7 tps, lat 42.071 ms stddev 34.356, 0 failed
progress: 50.0 s, 6170.0 tps, lat 41.399 ms stddev 34.515, 0 failed
progress: 51.0 s, 6099.5 tps, lat 41.851 ms stddev 34.785, 0 failed
progress: 52.0 s, 6201.0 tps, lat 41.414 ms stddev 34.599, 0 failed
progress: 53.0 s, 6152.9 tps, lat 41.374 ms stddev 35.762, 0 failed
progress: 54.0 s, 6159.3 tps, lat 41.787 ms stddev 35.406, 0 failed
progress: 55.0 s, 6738.4 tps, lat 37.949 ms stddev 33.840, 0 failed
progress: 56.0 s, 6236.6 tps, lat 40.980 ms stddev 33.977, 0 failed
progress: 57.0 s, 6593.7 tps, lat 38.883 ms stddev 33.565, 0 failed
progress: 58.0 s, 7592.4 tps, lat 33.761 ms stddev 33.817, 0 failed
progress: 59.0 s, 6746.1 tps, lat 37.891 ms stddev 33.649, 0 failed
transaction type: star-1-left.sql
scaling factor: 1
query mode: prepared
number of clients: 256
number of threads: 256
maximum number of tries: 1
duration: 60 s
number of transactions actually processed: 420564
number of failed transactions: 0 (0.000%)
latency average = 36.438 ms
latency stddev = 35.320 ms
initial connection time = 150.146 ms
tps = 7023.388483 (without initial connection time)
