pgbench (18devel, server 8.3.23)
progress: 1.0 s, 11530.3 tps, lat 2.748 ms stddev 1.498, 0 failed
progress: 2.0 s, 11339.6 tps, lat 2.820 ms stddev 0.661, 0 failed
progress: 3.0 s, 11305.1 tps, lat 2.831 ms stddev 0.604, 0 failed
progress: 4.0 s, 11304.9 tps, lat 2.830 ms stddev 0.628, 0 failed
progress: 5.0 s, 11293.4 tps, lat 2.834 ms stddev 0.625, 0 failed
progress: 6.0 s, 11254.7 tps, lat 2.842 ms stddev 0.596, 0 failed
progress: 7.0 s, 11158.9 tps, lat 2.868 ms stddev 0.590, 0 failed
progress: 8.0 s, 11282.1 tps, lat 2.836 ms stddev 0.591, 0 failed
progress: 9.0 s, 11354.8 tps, lat 2.818 ms stddev 0.601, 0 failed
progress: 10.0 s, 11260.0 tps, lat 2.842 ms stddev 0.646, 0 failed
progress: 11.0 s, 11200.1 tps, lat 2.856 ms stddev 0.656, 0 failed
progress: 12.0 s, 11079.3 tps, lat 2.889 ms stddev 0.683, 0 failed
progress: 13.0 s, 11090.0 tps, lat 2.883 ms stddev 0.683, 0 failed
progress: 14.0 s, 11166.7 tps, lat 2.866 ms stddev 0.672, 0 failed
progress: 15.0 s, 11014.0 tps, lat 2.905 ms stddev 0.634, 0 failed
progress: 16.0 s, 10882.9 tps, lat 2.940 ms stddev 0.620, 0 failed
progress: 17.0 s, 10967.0 tps, lat 2.917 ms stddev 0.630, 0 failed
progress: 18.0 s, 10981.5 tps, lat 2.914 ms stddev 0.626, 0 failed
progress: 19.0 s, 11016.8 tps, lat 2.905 ms stddev 0.620, 0 failed
progress: 20.0 s, 11009.1 tps, lat 2.906 ms stddev 0.630, 0 failed
progress: 21.0 s, 11065.2 tps, lat 2.892 ms stddev 0.631, 0 failed
progress: 22.0 s, 11080.6 tps, lat 2.887 ms stddev 0.625, 0 failed
progress: 23.0 s, 10982.4 tps, lat 2.913 ms stddev 0.637, 0 failed
progress: 24.0 s, 11061.6 tps, lat 2.892 ms stddev 0.624, 0 failed
progress: 25.0 s, 11006.0 tps, lat 2.908 ms stddev 0.626, 0 failed
progress: 26.0 s, 11055.0 tps, lat 2.893 ms stddev 0.623, 0 failed
progress: 27.0 s, 11138.0 tps, lat 2.873 ms stddev 0.613, 0 failed
progress: 28.0 s, 10989.0 tps, lat 2.911 ms stddev 0.632, 0 failed
progress: 29.0 s, 11043.1 tps, lat 2.898 ms stddev 0.645, 0 failed
progress: 30.0 s, 11046.1 tps, lat 2.897 ms stddev 0.628, 0 failed
progress: 31.0 s, 11035.9 tps, lat 2.899 ms stddev 0.610, 0 failed
progress: 32.0 s, 11413.0 tps, lat 2.803 ms stddev 0.739, 0 failed
progress: 33.0 s, 11042.4 tps, lat 2.898 ms stddev 0.615, 0 failed
progress: 34.0 s, 11118.6 tps, lat 2.877 ms stddev 0.612, 0 failed
progress: 35.0 s, 11074.0 tps, lat 2.890 ms stddev 0.602, 0 failed
progress: 36.0 s, 11007.0 tps, lat 2.907 ms stddev 0.628, 0 failed
progress: 37.0 s, 11109.3 tps, lat 2.879 ms stddev 0.640, 0 failed
progress: 38.0 s, 11076.6 tps, lat 2.890 ms stddev 0.638, 0 failed
progress: 39.0 s, 10993.3 tps, lat 2.908 ms stddev 0.631, 0 failed
progress: 40.0 s, 11017.7 tps, lat 2.905 ms stddev 0.630, 0 failed
progress: 41.0 s, 11031.0 tps, lat 2.899 ms stddev 0.620, 0 failed
progress: 42.0 s, 11046.0 tps, lat 2.898 ms stddev 0.623, 0 failed
progress: 43.0 s, 11105.2 tps, lat 2.881 ms stddev 0.616, 0 failed
progress: 44.0 s, 11070.7 tps, lat 2.890 ms stddev 0.617, 0 failed
progress: 45.0 s, 11185.1 tps, lat 2.861 ms stddev 0.624, 0 failed
progress: 46.0 s, 11189.9 tps, lat 2.858 ms stddev 0.652, 0 failed
progress: 47.0 s, 11071.1 tps, lat 2.891 ms stddev 0.626, 0 failed
progress: 48.0 s, 11202.9 tps, lat 2.855 ms stddev 0.663, 0 failed
progress: 49.0 s, 11167.1 tps, lat 2.866 ms stddev 0.655, 0 failed
progress: 50.0 s, 11142.0 tps, lat 2.871 ms stddev 0.664, 0 failed
progress: 51.0 s, 11188.2 tps, lat 2.860 ms stddev 0.673, 0 failed
progress: 52.0 s, 11175.6 tps, lat 2.863 ms stddev 0.659, 0 failed
progress: 53.0 s, 11026.2 tps, lat 2.902 ms stddev 0.645, 0 failed
progress: 54.0 s, 11006.0 tps, lat 2.907 ms stddev 0.615, 0 failed
progress: 55.0 s, 10891.8 tps, lat 2.938 ms stddev 0.625, 0 failed
progress: 56.0 s, 10873.4 tps, lat 2.943 ms stddev 0.633, 0 failed
progress: 57.0 s, 10851.0 tps, lat 2.949 ms stddev 0.643, 0 failed
progress: 58.0 s, 10936.5 tps, lat 2.925 ms stddev 0.627, 0 failed
progress: 59.0 s, 10898.8 tps, lat 2.936 ms stddev 0.637, 0 failed
transaction type: star-1-left.sql
scaling factor: 1
query mode: prepared
number of clients: 32
number of threads: 32
maximum number of tries: 1
duration: 60 s
number of transactions actually processed: 665673
number of failed transactions: 0 (0.000%)
latency average = 2.883 ms
latency stddev = 0.660 ms
initial connection time = 21.771 ms
tps = 11098.291789 (without initial connection time)
