pgbench (18devel, server 8.3.23)
progress: 1.0 s, 6029.5 tps, lat 20.120 ms stddev 27.350, 0 failed
progress: 2.0 s, 3133.9 tps, lat 40.946 ms stddev 17.474, 0 failed
progress: 3.0 s, 2953.1 tps, lat 43.292 ms stddev 15.039, 0 failed
progress: 4.0 s, 3130.8 tps, lat 40.900 ms stddev 16.400, 0 failed
progress: 5.0 s, 3905.8 tps, lat 32.822 ms stddev 20.184, 0 failed
progress: 6.0 s, 6717.5 tps, lat 19.061 ms stddev 18.709, 0 failed
progress: 7.0 s, 2988.0 tps, lat 42.960 ms stddev 15.416, 0 failed
progress: 8.0 s, 5387.5 tps, lat 23.740 ms stddev 20.011, 0 failed
progress: 9.0 s, 2950.0 tps, lat 43.356 ms stddev 15.588, 0 failed
progress: 10.0 s, 4740.4 tps, lat 27.448 ms stddev 20.163, 0 failed
progress: 11.0 s, 5628.9 tps, lat 22.305 ms stddev 20.173, 0 failed
progress: 12.0 s, 4351.8 tps, lat 29.399 ms stddev 20.254, 0 failed
progress: 13.0 s, 3525.7 tps, lat 36.375 ms stddev 19.185, 0 failed
progress: 14.0 s, 5794.2 tps, lat 22.047 ms stddev 20.195, 0 failed
progress: 15.0 s, 2972.0 tps, lat 43.179 ms stddev 15.209, 0 failed
progress: 16.0 s, 3001.1 tps, lat 42.513 ms stddev 14.786, 0 failed
progress: 17.0 s, 2993.0 tps, lat 42.945 ms stddev 15.662, 0 failed
progress: 18.0 s, 6514.3 tps, lat 19.980 ms stddev 19.277, 0 failed
progress: 19.0 s, 3895.8 tps, lat 32.230 ms stddev 19.643, 0 failed
progress: 20.0 s, 3001.8 tps, lat 42.649 ms stddev 15.523, 0 failed
progress: 21.0 s, 3012.2 tps, lat 42.481 ms stddev 15.720, 0 failed
progress: 22.0 s, 3032.0 tps, lat 42.237 ms stddev 15.343, 0 failed
progress: 23.0 s, 5346.1 tps, lat 23.943 ms stddev 20.983, 0 failed
progress: 24.0 s, 5431.4 tps, lat 23.505 ms stddev 20.551, 0 failed
progress: 25.0 s, 4645.0 tps, lat 27.785 ms stddev 20.754, 0 failed
progress: 26.0 s, 4690.7 tps, lat 27.141 ms stddev 20.715, 0 failed
progress: 27.0 s, 3056.5 tps, lat 41.785 ms stddev 15.211, 0 failed
progress: 28.0 s, 4620.5 tps, lat 27.690 ms stddev 20.770, 0 failed
progress: 29.0 s, 7024.8 tps, lat 18.255 ms stddev 17.927, 0 failed
progress: 30.0 s, 6265.3 tps, lat 20.400 ms stddev 19.272, 0 failed
progress: 31.0 s, 3265.0 tps, lat 40.008 ms stddev 17.312, 0 failed
progress: 32.0 s, 7210.7 tps, lat 17.422 ms stddev 18.081, 0 failed
progress: 33.0 s, 3011.2 tps, lat 42.570 ms stddev 15.818, 0 failed
progress: 34.0 s, 5591.0 tps, lat 22.894 ms stddev 20.335, 0 failed
progress: 35.0 s, 6000.7 tps, lat 21.322 ms stddev 19.368, 0 failed
progress: 36.0 s, 2948.0 tps, lat 43.320 ms stddev 15.322, 0 failed
progress: 37.0 s, 5489.7 tps, lat 23.281 ms stddev 20.526, 0 failed
progress: 38.0 s, 3860.9 tps, lat 32.953 ms stddev 19.934, 0 failed
progress: 39.0 s, 7089.6 tps, lat 18.090 ms stddev 18.850, 0 failed
progress: 40.0 s, 4184.0 tps, lat 30.742 ms stddev 20.823, 0 failed
progress: 41.0 s, 3021.9 tps, lat 42.383 ms stddev 15.474, 0 failed
progress: 42.0 s, 6586.4 tps, lat 19.432 ms stddev 19.057, 0 failed
progress: 43.0 s, 2965.9 tps, lat 43.187 ms stddev 15.156, 0 failed
progress: 44.0 s, 3197.0 tps, lat 40.026 ms stddev 17.420, 0 failed
progress: 45.0 s, 3015.3 tps, lat 42.314 ms stddev 15.482, 0 failed
progress: 46.0 s, 3898.6 tps, lat 33.172 ms stddev 20.290, 0 failed
progress: 47.0 s, 8434.4 tps, lat 15.044 ms stddev 15.855, 0 failed
progress: 48.0 s, 2984.9 tps, lat 42.999 ms stddev 15.733, 0 failed
progress: 49.0 s, 5283.5 tps, lat 24.085 ms stddev 20.441, 0 failed
progress: 50.0 s, 4957.0 tps, lat 25.859 ms stddev 20.672, 0 failed
progress: 51.0 s, 4977.1 tps, lat 25.828 ms stddev 20.820, 0 failed
progress: 52.0 s, 4209.9 tps, lat 30.284 ms stddev 20.053, 0 failed
progress: 53.0 s, 3738.5 tps, lat 34.265 ms stddev 19.367, 0 failed
progress: 54.0 s, 6280.6 tps, lat 20.468 ms stddev 19.280, 0 failed
progress: 55.0 s, 3203.4 tps, lat 39.826 ms stddev 16.487, 0 failed
progress: 56.0 s, 2991.7 tps, lat 42.878 ms stddev 15.535, 0 failed
progress: 57.0 s, 3012.8 tps, lat 42.315 ms stddev 15.875, 0 failed
progress: 58.0 s, 5641.1 tps, lat 22.711 ms stddev 20.130, 0 failed
progress: 59.0 s, 5996.7 tps, lat 21.339 ms stddev 19.828, 0 failed
transaction type: star-1-left.sql
scaling factor: 1
query mode: simple
number of clients: 128
number of threads: 128
maximum number of tries: 1
duration: 60 s
number of transactions actually processed: 267109
number of failed transactions: 0 (0.000%)
latency average = 28.721 ms
latency stddev = 21.085 ms
initial connection time = 77.848 ms
tps = 4455.434628 (without initial connection time)
