pgbench (18devel, server 9.3.25)
progress: 1.0 s, 9248.5 tps, lat 1.718 ms stddev 0.268, 0 failed
progress: 2.0 s, 9427.0 tps, lat 1.697 ms stddev 0.095, 0 failed
progress: 3.0 s, 9427.5 tps, lat 1.696 ms stddev 0.110, 0 failed
progress: 4.0 s, 9510.5 tps, lat 1.682 ms stddev 0.111, 0 failed
progress: 5.0 s, 9415.0 tps, lat 1.699 ms stddev 0.145, 0 failed
progress: 6.0 s, 9452.0 tps, lat 1.693 ms stddev 0.125, 0 failed
progress: 7.0 s, 9449.0 tps, lat 1.693 ms stddev 0.134, 0 failed
progress: 8.0 s, 9443.0 tps, lat 1.694 ms stddev 0.129, 0 failed
progress: 9.0 s, 9453.7 tps, lat 1.692 ms stddev 0.113, 0 failed
progress: 10.0 s, 9416.0 tps, lat 1.699 ms stddev 0.139, 0 failed
progress: 11.0 s, 9392.9 tps, lat 1.703 ms stddev 0.137, 0 failed
progress: 12.0 s, 9452.0 tps, lat 1.692 ms stddev 0.133, 0 failed
progress: 13.0 s, 9428.0 tps, lat 1.697 ms stddev 0.129, 0 failed
progress: 14.0 s, 9437.3 tps, lat 1.695 ms stddev 0.124, 0 failed
progress: 15.0 s, 9402.3 tps, lat 1.702 ms stddev 0.134, 0 failed
progress: 16.0 s, 9411.7 tps, lat 1.699 ms stddev 0.127, 0 failed
progress: 17.0 s, 9392.0 tps, lat 1.703 ms stddev 0.124, 0 failed
progress: 18.0 s, 9386.6 tps, lat 1.704 ms stddev 0.127, 0 failed
progress: 19.0 s, 9367.4 tps, lat 1.707 ms stddev 0.143, 0 failed
progress: 20.0 s, 9421.0 tps, lat 1.698 ms stddev 0.133, 0 failed
progress: 21.0 s, 9423.0 tps, lat 1.698 ms stddev 0.119, 0 failed
progress: 22.0 s, 9438.6 tps, lat 1.695 ms stddev 0.133, 0 failed
progress: 23.0 s, 9430.4 tps, lat 1.696 ms stddev 0.119, 0 failed
progress: 24.0 s, 9443.6 tps, lat 1.694 ms stddev 0.133, 0 failed
progress: 25.0 s, 9455.1 tps, lat 1.692 ms stddev 0.129, 0 failed
progress: 26.0 s, 9480.9 tps, lat 1.687 ms stddev 0.129, 0 failed
progress: 27.0 s, 9446.1 tps, lat 1.693 ms stddev 0.122, 0 failed
progress: 28.0 s, 9418.9 tps, lat 1.699 ms stddev 0.144, 0 failed
progress: 29.0 s, 9474.0 tps, lat 1.688 ms stddev 0.118, 0 failed
progress: 30.0 s, 9465.0 tps, lat 1.690 ms stddev 0.119, 0 failed
progress: 31.0 s, 9456.2 tps, lat 1.692 ms stddev 0.122, 0 failed
progress: 32.0 s, 9449.6 tps, lat 1.693 ms stddev 0.124, 0 failed
progress: 33.0 s, 9504.6 tps, lat 1.683 ms stddev 0.112, 0 failed
progress: 34.0 s, 9441.7 tps, lat 1.694 ms stddev 0.122, 0 failed
progress: 35.0 s, 9350.9 tps, lat 1.710 ms stddev 0.189, 0 failed
progress: 36.0 s, 9430.4 tps, lat 1.697 ms stddev 0.130, 0 failed
progress: 37.0 s, 9475.9 tps, lat 1.688 ms stddev 0.120, 0 failed
progress: 38.0 s, 9478.8 tps, lat 1.687 ms stddev 0.115, 0 failed
progress: 39.0 s, 9459.0 tps, lat 1.691 ms stddev 0.112, 0 failed
progress: 40.0 s, 9431.0 tps, lat 1.696 ms stddev 0.137, 0 failed
progress: 41.0 s, 9480.0 tps, lat 1.687 ms stddev 0.118, 0 failed
progress: 42.0 s, 9457.6 tps, lat 1.692 ms stddev 0.116, 0 failed
progress: 43.0 s, 9464.4 tps, lat 1.690 ms stddev 0.115, 0 failed
progress: 44.0 s, 9472.3 tps, lat 1.689 ms stddev 0.120, 0 failed
progress: 45.0 s, 9424.7 tps, lat 1.697 ms stddev 0.136, 0 failed
progress: 46.0 s, 9460.9 tps, lat 1.690 ms stddev 0.118, 0 failed
progress: 47.0 s, 9465.1 tps, lat 1.690 ms stddev 0.121, 0 failed
progress: 48.0 s, 9509.9 tps, lat 1.682 ms stddev 0.114, 0 failed
progress: 49.0 s, 9442.0 tps, lat 1.694 ms stddev 0.133, 0 failed
progress: 50.0 s, 9480.4 tps, lat 1.688 ms stddev 0.120, 0 failed
progress: 51.0 s, 9487.6 tps, lat 1.686 ms stddev 0.120, 0 failed
progress: 52.0 s, 9402.0 tps, lat 1.701 ms stddev 0.138, 0 failed
progress: 53.0 s, 9468.1 tps, lat 1.690 ms stddev 0.124, 0 failed
progress: 54.0 s, 9416.9 tps, lat 1.699 ms stddev 0.133, 0 failed
progress: 55.0 s, 9416.1 tps, lat 1.699 ms stddev 0.137, 0 failed
progress: 56.0 s, 9425.1 tps, lat 1.697 ms stddev 0.140, 0 failed
progress: 57.0 s, 9464.3 tps, lat 1.691 ms stddev 0.121, 0 failed
progress: 58.0 s, 9492.7 tps, lat 1.684 ms stddev 0.112, 0 failed
progress: 59.0 s, 9436.0 tps, lat 1.696 ms stddev 0.132, 0 failed
transaction type: star-1.sql
scaling factor: 1
query mode: simple
number of clients: 16
number of threads: 16
maximum number of tries: 1
duration: 60 s
number of transactions actually processed: 566334
number of failed transactions: 0 (0.000%)
latency average = 1.694 ms
latency stddev = 0.131 ms
initial connection time = 11.919 ms
tps = 9440.526131 (without initial connection time)
