pgbench (18devel, server 9.3.25)
progress: 1.0 s, 8080.4 tps, lat 28.685 ms stddev 50.094, 0 failed
progress: 2.0 s, 6846.5 tps, lat 37.621 ms stddev 44.703, 0 failed
progress: 3.0 s, 8451.9 tps, lat 31.254 ms stddev 41.090, 0 failed
progress: 4.0 s, 8123.4 tps, lat 30.744 ms stddev 38.796, 0 failed
progress: 5.0 s, 7733.9 tps, lat 32.594 ms stddev 41.151, 0 failed
progress: 6.0 s, 7489.1 tps, lat 34.048 ms stddev 42.656, 0 failed
progress: 7.0 s, 7553.9 tps, lat 33.925 ms stddev 42.873, 0 failed
progress: 8.0 s, 7876.1 tps, lat 32.499 ms stddev 42.232, 0 failed
progress: 9.0 s, 9124.3 tps, lat 28.765 ms stddev 36.687, 0 failed
progress: 10.0 s, 8443.8 tps, lat 29.836 ms stddev 37.923, 0 failed
progress: 11.0 s, 8062.6 tps, lat 32.086 ms stddev 42.252, 0 failed
progress: 12.0 s, 8671.9 tps, lat 29.108 ms stddev 39.218, 0 failed
progress: 13.0 s, 7548.2 tps, lat 34.849 ms stddev 45.779, 0 failed
progress: 14.0 s, 8543.1 tps, lat 29.240 ms stddev 38.728, 0 failed
progress: 15.0 s, 7431.8 tps, lat 34.266 ms stddev 42.723, 0 failed
progress: 16.0 s, 7833.2 tps, lat 33.715 ms stddev 42.470, 0 failed
progress: 17.0 s, 9374.7 tps, lat 26.442 ms stddev 34.272, 0 failed
progress: 18.0 s, 7125.3 tps, lat 35.849 ms stddev 44.656, 0 failed
progress: 19.0 s, 7697.1 tps, lat 33.274 ms stddev 43.446, 0 failed
progress: 20.0 s, 7560.2 tps, lat 34.328 ms stddev 41.284, 0 failed
progress: 21.0 s, 7290.3 tps, lat 34.620 ms stddev 42.345, 0 failed
progress: 22.0 s, 8766.4 tps, lat 29.940 ms stddev 40.507, 0 failed
progress: 23.0 s, 7277.1 tps, lat 33.828 ms stddev 42.847, 0 failed
progress: 24.0 s, 7747.9 tps, lat 33.462 ms stddev 43.344, 0 failed
progress: 25.0 s, 6578.9 tps, lat 39.054 ms stddev 47.736, 0 failed
progress: 26.0 s, 9245.4 tps, lat 28.459 ms stddev 38.781, 0 failed
progress: 27.0 s, 7986.6 tps, lat 31.048 ms stddev 39.726, 0 failed
progress: 28.0 s, 6655.0 tps, lat 38.290 ms stddev 46.365, 0 failed
progress: 29.0 s, 8405.6 tps, lat 31.019 ms stddev 41.703, 0 failed
progress: 30.0 s, 7536.0 tps, lat 33.906 ms stddev 43.313, 0 failed
progress: 31.0 s, 6522.9 tps, lat 39.175 ms stddev 47.680, 0 failed
progress: 32.0 s, 8106.8 tps, lat 31.487 ms stddev 40.013, 0 failed
progress: 33.0 s, 7112.0 tps, lat 37.107 ms stddev 46.570, 0 failed
progress: 34.0 s, 6869.5 tps, lat 36.292 ms stddev 45.080, 0 failed
progress: 35.0 s, 8910.7 tps, lat 28.987 ms stddev 36.838, 0 failed
progress: 36.0 s, 7920.1 tps, lat 31.697 ms stddev 41.773, 0 failed
progress: 37.0 s, 7684.4 tps, lat 33.240 ms stddev 42.188, 0 failed
progress: 38.0 s, 8375.4 tps, lat 30.820 ms stddev 40.209, 0 failed
progress: 39.0 s, 7231.6 tps, lat 34.972 ms stddev 42.669, 0 failed
progress: 40.0 s, 9230.8 tps, lat 27.955 ms stddev 39.151, 0 failed
progress: 41.0 s, 7687.7 tps, lat 33.596 ms stddev 43.081, 0 failed
progress: 42.0 s, 9757.7 tps, lat 25.943 ms stddev 36.246, 0 failed
progress: 43.0 s, 8830.2 tps, lat 29.565 ms stddev 39.354, 0 failed
progress: 44.0 s, 9804.9 tps, lat 26.605 ms stddev 35.294, 0 failed
progress: 45.0 s, 7585.3 tps, lat 32.680 ms stddev 40.730, 0 failed
progress: 46.0 s, 7824.5 tps, lat 32.819 ms stddev 42.250, 0 failed
progress: 47.0 s, 8617.9 tps, lat 29.501 ms stddev 39.831, 0 failed
progress: 48.0 s, 7779.8 tps, lat 32.675 ms stddev 40.897, 0 failed
progress: 49.0 s, 8291.3 tps, lat 31.066 ms stddev 39.919, 0 failed
progress: 50.0 s, 7063.2 tps, lat 36.924 ms stddev 46.732, 0 failed
progress: 51.0 s, 8746.0 tps, lat 28.669 ms stddev 38.195, 0 failed
progress: 52.0 s, 7034.5 tps, lat 36.266 ms stddev 46.192, 0 failed
progress: 53.0 s, 10770.5 tps, lat 24.267 ms stddev 34.741, 0 failed
progress: 54.0 s, 8000.6 tps, lat 31.467 ms stddev 39.317, 0 failed
progress: 55.0 s, 8461.2 tps, lat 30.031 ms stddev 38.411, 0 failed
progress: 56.0 s, 9103.1 tps, lat 28.830 ms stddev 38.083, 0 failed
progress: 57.0 s, 10834.5 tps, lat 23.192 ms stddev 30.733, 0 failed
progress: 58.0 s, 8378.2 tps, lat 30.823 ms stddev 40.504, 0 failed
progress: 59.0 s, 8819.8 tps, lat 28.554 ms stddev 36.260, 0 failed
transaction type: star-1.sql
scaling factor: 1
query mode: simple
number of clients: 256
number of threads: 256
maximum number of tries: 1
duration: 60 s
number of transactions actually processed: 485093
number of failed transactions: 0 (0.000%)
latency average = 31.596 ms
latency stddev = 41.222 ms
initial connection time = 143.453 ms
tps = 8098.786926 (without initial connection time)
