pgbench (18devel, server 9.3.25)
progress: 1.0 s, 18234.9 tps, lat 1.732 ms stddev 0.472, 0 failed
progress: 2.0 s, 18989.1 tps, lat 1.685 ms stddev 0.161, 0 failed
progress: 3.0 s, 19185.0 tps, lat 1.667 ms stddev 0.101, 0 failed
progress: 4.0 s, 19162.0 tps, lat 1.670 ms stddev 0.131, 0 failed
progress: 5.0 s, 19342.0 tps, lat 1.654 ms stddev 0.055, 0 failed
progress: 6.0 s, 19343.0 tps, lat 1.654 ms stddev 0.089, 0 failed
progress: 7.0 s, 19345.0 tps, lat 1.654 ms stddev 0.080, 0 failed
progress: 8.0 s, 19135.0 tps, lat 1.672 ms stddev 0.174, 0 failed
progress: 9.0 s, 19327.5 tps, lat 1.655 ms stddev 0.094, 0 failed
progress: 10.0 s, 19215.5 tps, lat 1.664 ms stddev 0.160, 0 failed
progress: 11.0 s, 19296.0 tps, lat 1.658 ms stddev 0.115, 0 failed
progress: 12.0 s, 19414.9 tps, lat 1.648 ms stddev 0.060, 0 failed
progress: 13.0 s, 19282.1 tps, lat 1.659 ms stddev 0.143, 0 failed
progress: 14.0 s, 19364.9 tps, lat 1.651 ms stddev 0.109, 0 failed
progress: 15.0 s, 19443.1 tps, lat 1.646 ms stddev 0.065, 0 failed
progress: 16.0 s, 19302.0 tps, lat 1.657 ms stddev 0.124, 0 failed
progress: 17.0 s, 19381.0 tps, lat 1.651 ms stddev 0.088, 0 failed
progress: 18.0 s, 19319.6 tps, lat 1.655 ms stddev 0.128, 0 failed
progress: 19.0 s, 19338.4 tps, lat 1.655 ms stddev 0.121, 0 failed
progress: 20.0 s, 19349.0 tps, lat 1.653 ms stddev 0.123, 0 failed
progress: 21.0 s, 19511.0 tps, lat 1.640 ms stddev 0.028, 0 failed
progress: 22.0 s, 19341.3 tps, lat 1.654 ms stddev 0.129, 0 failed
progress: 23.0 s, 19317.5 tps, lat 1.656 ms stddev 0.130, 0 failed
progress: 24.0 s, 19251.2 tps, lat 1.662 ms stddev 0.162, 0 failed
progress: 25.0 s, 19302.0 tps, lat 1.657 ms stddev 0.115, 0 failed
progress: 26.0 s, 19419.8 tps, lat 1.648 ms stddev 0.073, 0 failed
progress: 27.0 s, 19431.0 tps, lat 1.647 ms stddev 0.031, 0 failed
progress: 28.0 s, 19423.1 tps, lat 1.647 ms stddev 0.031, 0 failed
progress: 29.0 s, 19468.1 tps, lat 1.644 ms stddev 0.027, 0 failed
progress: 30.0 s, 19397.1 tps, lat 1.649 ms stddev 0.084, 0 failed
progress: 31.0 s, 19458.8 tps, lat 1.644 ms stddev 0.028, 0 failed
progress: 32.0 s, 19309.1 tps, lat 1.657 ms stddev 0.133, 0 failed
progress: 33.0 s, 19442.0 tps, lat 1.645 ms stddev 0.029, 0 failed
progress: 34.0 s, 19392.9 tps, lat 1.649 ms stddev 0.081, 0 failed
progress: 35.0 s, 19426.1 tps, lat 1.647 ms stddev 0.065, 0 failed
progress: 36.0 s, 19282.0 tps, lat 1.659 ms stddev 0.138, 0 failed
progress: 37.0 s, 19377.9 tps, lat 1.651 ms stddev 0.090, 0 failed
progress: 38.0 s, 19350.1 tps, lat 1.653 ms stddev 0.116, 0 failed
progress: 39.0 s, 19375.0 tps, lat 1.651 ms stddev 0.100, 0 failed
progress: 40.0 s, 19321.0 tps, lat 1.656 ms stddev 0.118, 0 failed
progress: 41.0 s, 19453.9 tps, lat 1.645 ms stddev 0.059, 0 failed
progress: 42.0 s, 19409.4 tps, lat 1.648 ms stddev 0.094, 0 failed
progress: 43.0 s, 19432.7 tps, lat 1.646 ms stddev 0.086, 0 failed
progress: 44.0 s, 19351.4 tps, lat 1.653 ms stddev 0.130, 0 failed
progress: 45.0 s, 19422.7 tps, lat 1.647 ms stddev 0.091, 0 failed
progress: 46.0 s, 19491.2 tps, lat 1.641 ms stddev 0.030, 0 failed
progress: 47.0 s, 19497.8 tps, lat 1.641 ms stddev 0.029, 0 failed
progress: 48.0 s, 19467.9 tps, lat 1.643 ms stddev 0.052, 0 failed
progress: 49.0 s, 19339.0 tps, lat 1.654 ms stddev 0.127, 0 failed
progress: 50.0 s, 19218.0 tps, lat 1.665 ms stddev 0.175, 0 failed
progress: 51.0 s, 19378.0 tps, lat 1.651 ms stddev 0.111, 0 failed
progress: 52.0 s, 19436.4 tps, lat 1.646 ms stddev 0.080, 0 failed
progress: 53.0 s, 19383.1 tps, lat 1.650 ms stddev 0.101, 0 failed
progress: 54.0 s, 19468.6 tps, lat 1.644 ms stddev 0.040, 0 failed
progress: 55.0 s, 19507.0 tps, lat 1.640 ms stddev 0.027, 0 failed
progress: 56.0 s, 19419.0 tps, lat 1.647 ms stddev 0.110, 0 failed
progress: 57.0 s, 19495.8 tps, lat 1.641 ms stddev 0.029, 0 failed
progress: 58.0 s, 19441.0 tps, lat 1.645 ms stddev 0.085, 0 failed
progress: 59.0 s, 19391.1 tps, lat 1.650 ms stddev 0.116, 0 failed
transaction type: star-1.sql
scaling factor: 1
query mode: simple
number of clients: 32
number of threads: 32
maximum number of tries: 1
duration: 60 s
number of transactions actually processed: 1160625
number of failed transactions: 0 (0.000%)
latency average = 1.653 ms
latency stddev = 0.117 ms
initial connection time = 26.334 ms
tps = 19351.559322 (without initial connection time)
