pgbench (18devel, server 9.3.25)
progress: 1.0 s, 17254.9 tps, lat 3.652 ms stddev 2.798, 0 failed
progress: 2.0 s, 25712.2 tps, lat 2.489 ms stddev 0.659, 0 failed
progress: 3.0 s, 21200.0 tps, lat 3.004 ms stddev 1.771, 0 failed
progress: 4.0 s, 23422.0 tps, lat 2.744 ms stddev 1.424, 0 failed
progress: 5.0 s, 11265.7 tps, lat 5.661 ms stddev 3.350, 0 failed
progress: 6.0 s, 20121.7 tps, lat 3.192 ms stddev 2.269, 0 failed
progress: 7.0 s, 22945.0 tps, lat 2.780 ms stddev 1.502, 0 failed
progress: 8.0 s, 17103.4 tps, lat 3.739 ms stddev 2.679, 0 failed
progress: 9.0 s, 11798.8 tps, lat 5.445 ms stddev 3.529, 0 failed
progress: 10.0 s, 20771.4 tps, lat 3.080 ms stddev 1.981, 0 failed
progress: 11.0 s, 24445.9 tps, lat 2.618 ms stddev 1.087, 0 failed
progress: 12.0 s, 21825.0 tps, lat 2.933 ms stddev 1.605, 0 failed
progress: 13.0 s, 18446.0 tps, lat 3.468 ms stddev 2.412, 0 failed
progress: 14.0 s, 22926.1 tps, lat 2.784 ms stddev 1.348, 0 failed
progress: 15.0 s, 19540.9 tps, lat 3.283 ms stddev 2.239, 0 failed
progress: 16.0 s, 19935.1 tps, lat 3.202 ms stddev 2.004, 0 failed
progress: 17.0 s, 14308.9 tps, lat 4.485 ms stddev 3.081, 0 failed
progress: 18.0 s, 25693.1 tps, lat 2.489 ms stddev 0.791, 0 failed
progress: 19.0 s, 8980.4 tps, lat 7.103 ms stddev 3.026, 0 failed
progress: 20.0 s, 17970.9 tps, lat 3.574 ms stddev 2.534, 0 failed
progress: 21.0 s, 25694.1 tps, lat 2.491 ms stddev 0.689, 0 failed
progress: 22.0 s, 23532.1 tps, lat 2.719 ms stddev 1.140, 0 failed
progress: 23.0 s, 25092.0 tps, lat 2.551 ms stddev 0.775, 0 failed
progress: 24.0 s, 15226.5 tps, lat 4.185 ms stddev 2.978, 0 failed
progress: 25.0 s, 21813.8 tps, lat 2.946 ms stddev 1.824, 0 failed
progress: 26.0 s, 24081.9 tps, lat 2.657 ms stddev 1.037, 0 failed
progress: 27.0 s, 21173.9 tps, lat 3.021 ms stddev 1.851, 0 failed
progress: 28.0 s, 24409.0 tps, lat 2.622 ms stddev 0.881, 0 failed
progress: 29.0 s, 21885.4 tps, lat 2.916 ms stddev 1.638, 0 failed
progress: 30.0 s, 23248.3 tps, lat 2.750 ms stddev 1.215, 0 failed
progress: 31.0 s, 19733.5 tps, lat 3.245 ms stddev 2.169, 0 failed
progress: 32.0 s, 10154.7 tps, lat 6.302 ms stddev 3.094, 0 failed
progress: 33.0 s, 8682.0 tps, lat 7.372 ms stddev 3.053, 0 failed
progress: 34.0 s, 13983.4 tps, lat 4.575 ms stddev 3.061, 0 failed
progress: 35.0 s, 25314.9 tps, lat 2.536 ms stddev 1.017, 0 failed
progress: 36.0 s, 14884.0 tps, lat 4.300 ms stddev 2.904, 0 failed
progress: 37.0 s, 23165.0 tps, lat 2.755 ms stddev 1.466, 0 failed
progress: 38.0 s, 22317.1 tps, lat 2.875 ms stddev 1.631, 0 failed
progress: 39.0 s, 18885.9 tps, lat 3.390 ms stddev 2.202, 0 failed
progress: 40.0 s, 16365.0 tps, lat 3.909 ms stddev 2.780, 0 failed
progress: 41.0 s, 21270.4 tps, lat 2.999 ms stddev 1.867, 0 failed
progress: 42.0 s, 22536.4 tps, lat 2.839 ms stddev 1.593, 0 failed
progress: 43.0 s, 11453.8 tps, lat 5.605 ms stddev 3.362, 0 failed
progress: 44.0 s, 14565.8 tps, lat 4.395 ms stddev 3.104, 0 failed
progress: 45.0 s, 23788.0 tps, lat 2.689 ms stddev 1.336, 0 failed
progress: 46.0 s, 17293.4 tps, lat 3.692 ms stddev 2.535, 0 failed
progress: 47.0 s, 7768.0 tps, lat 8.237 ms stddev 2.354, 0 failed
progress: 48.0 s, 18621.6 tps, lat 3.446 ms stddev 2.434, 0 failed
progress: 49.0 s, 23084.5 tps, lat 2.771 ms stddev 1.360, 0 failed
progress: 50.0 s, 22374.6 tps, lat 2.861 ms stddev 1.469, 0 failed
progress: 51.0 s, 17538.9 tps, lat 3.649 ms stddev 2.401, 0 failed
progress: 52.0 s, 22762.1 tps, lat 2.804 ms stddev 1.558, 0 failed
progress: 53.0 s, 16446.1 tps, lat 3.901 ms stddev 2.696, 0 failed
progress: 54.0 s, 17838.1 tps, lat 3.578 ms stddev 2.526, 0 failed
progress: 55.0 s, 22939.8 tps, lat 2.797 ms stddev 1.383, 0 failed
progress: 56.0 s, 18509.6 tps, lat 3.450 ms stddev 2.360, 0 failed
progress: 57.0 s, 18575.4 tps, lat 3.453 ms stddev 2.412, 0 failed
progress: 58.0 s, 24431.0 tps, lat 2.618 ms stddev 0.999, 0 failed
progress: 59.0 s, 23335.0 tps, lat 2.744 ms stddev 1.149, 0 failed
transaction type: star-1.sql
scaling factor: 1
query mode: simple
number of clients: 64
number of threads: 64
maximum number of tries: 1
duration: 60 s
number of transactions actually processed: 1174086
number of failed transactions: 0 (0.000%)
latency average = 3.268 ms
latency stddev = 2.187 ms
initial connection time = 39.518 ms
tps = 19579.759094 (without initial connection time)
