pgbench (18devel, server 12.20)
progress: 1.0 s, 16542.0 tps, lat 3.806 ms stddev 1.474, 0 failed
progress: 2.0 s, 17143.0 tps, lat 3.731 ms stddev 1.049, 0 failed
progress: 3.0 s, 16255.0 tps, lat 3.938 ms stddev 1.068, 0 failed
progress: 4.0 s, 16590.0 tps, lat 3.857 ms stddev 1.088, 0 failed
progress: 5.0 s, 16542.0 tps, lat 3.869 ms stddev 1.082, 0 failed
progress: 6.0 s, 16517.9 tps, lat 3.872 ms stddev 1.078, 0 failed
progress: 7.0 s, 16394.1 tps, lat 3.904 ms stddev 1.075, 0 failed
progress: 8.0 s, 16621.0 tps, lat 3.850 ms stddev 1.091, 0 failed
progress: 9.0 s, 16348.9 tps, lat 3.914 ms stddev 1.066, 0 failed
progress: 10.0 s, 16528.1 tps, lat 3.871 ms stddev 1.090, 0 failed
progress: 11.0 s, 16572.4 tps, lat 3.862 ms stddev 1.090, 0 failed
progress: 12.0 s, 16645.6 tps, lat 3.844 ms stddev 1.093, 0 failed
progress: 13.0 s, 16404.0 tps, lat 3.902 ms stddev 1.082, 0 failed
progress: 14.0 s, 16268.0 tps, lat 3.933 ms stddev 1.069, 0 failed
progress: 15.0 s, 16599.0 tps, lat 3.855 ms stddev 1.085, 0 failed
progress: 16.0 s, 16520.1 tps, lat 3.875 ms stddev 1.089, 0 failed
progress: 17.0 s, 16496.0 tps, lat 3.880 ms stddev 1.083, 0 failed
progress: 18.0 s, 16296.0 tps, lat 3.925 ms stddev 1.062, 0 failed
progress: 19.0 s, 16481.9 tps, lat 3.883 ms stddev 1.086, 0 failed
progress: 20.0 s, 16595.1 tps, lat 3.856 ms stddev 1.089, 0 failed
progress: 21.0 s, 16561.0 tps, lat 3.865 ms stddev 1.086, 0 failed
progress: 22.0 s, 16615.9 tps, lat 3.849 ms stddev 1.089, 0 failed
progress: 23.0 s, 16499.0 tps, lat 3.880 ms stddev 1.077, 0 failed
progress: 24.0 s, 16537.0 tps, lat 3.870 ms stddev 1.082, 0 failed
progress: 25.0 s, 16460.0 tps, lat 3.887 ms stddev 1.080, 0 failed
progress: 26.0 s, 16590.9 tps, lat 3.855 ms stddev 1.086, 0 failed
progress: 27.0 s, 16612.8 tps, lat 3.854 ms stddev 1.091, 0 failed
progress: 28.0 s, 16383.3 tps, lat 3.905 ms stddev 1.081, 0 failed
progress: 29.0 s, 16600.0 tps, lat 3.855 ms stddev 1.099, 0 failed
progress: 30.0 s, 16398.0 tps, lat 3.903 ms stddev 1.088, 0 failed
progress: 31.0 s, 16582.9 tps, lat 3.859 ms stddev 1.092, 0 failed
progress: 32.0 s, 16449.1 tps, lat 3.888 ms stddev 1.088, 0 failed
progress: 33.0 s, 16489.9 tps, lat 3.883 ms stddev 1.086, 0 failed
progress: 34.0 s, 16473.1 tps, lat 3.883 ms stddev 1.101, 0 failed
progress: 35.0 s, 16287.0 tps, lat 3.930 ms stddev 1.082, 0 failed
progress: 36.0 s, 16510.0 tps, lat 3.877 ms stddev 1.094, 0 failed
progress: 37.0 s, 16463.0 tps, lat 3.887 ms stddev 1.088, 0 failed
progress: 38.0 s, 16444.0 tps, lat 3.892 ms stddev 1.080, 0 failed
progress: 39.0 s, 16451.9 tps, lat 3.888 ms stddev 1.086, 0 failed
progress: 40.0 s, 16388.1 tps, lat 3.904 ms stddev 1.077, 0 failed
progress: 41.0 s, 16403.9 tps, lat 3.902 ms stddev 1.080, 0 failed
progress: 42.0 s, 16440.0 tps, lat 3.893 ms stddev 1.083, 0 failed
progress: 43.0 s, 16411.0 tps, lat 3.899 ms stddev 1.085, 0 failed
progress: 44.0 s, 16409.0 tps, lat 3.899 ms stddev 1.081, 0 failed
progress: 45.0 s, 16464.9 tps, lat 3.886 ms stddev 1.084, 0 failed
progress: 46.0 s, 16442.0 tps, lat 3.893 ms stddev 1.086, 0 failed
progress: 47.0 s, 16683.0 tps, lat 3.837 ms stddev 1.096, 0 failed
progress: 48.0 s, 16504.0 tps, lat 3.875 ms stddev 1.099, 0 failed
progress: 49.0 s, 16418.9 tps, lat 3.898 ms stddev 1.087, 0 failed
progress: 50.0 s, 16416.1 tps, lat 3.900 ms stddev 1.094, 0 failed
progress: 51.0 s, 16408.0 tps, lat 3.898 ms stddev 1.083, 0 failed
progress: 52.0 s, 16443.0 tps, lat 3.892 ms stddev 1.090, 0 failed
progress: 53.0 s, 16400.1 tps, lat 3.903 ms stddev 1.086, 0 failed
progress: 54.0 s, 16571.0 tps, lat 3.861 ms stddev 1.105, 0 failed
progress: 55.0 s, 16568.1 tps, lat 3.862 ms stddev 1.098, 0 failed
progress: 56.0 s, 16419.9 tps, lat 3.898 ms stddev 1.089, 0 failed
progress: 57.0 s, 16305.9 tps, lat 3.924 ms stddev 1.078, 0 failed
progress: 58.0 s, 16336.1 tps, lat 3.917 ms stddev 1.084, 0 failed
progress: 59.0 s, 16435.0 tps, lat 3.894 ms stddev 1.094, 0 failed
transaction type: star-1-left.sql
scaling factor: 1
query mode: simple
number of clients: 64
number of threads: 64
maximum number of tries: 1
duration: 60 s
number of transactions actually processed: 988530
number of failed transactions: 0 (0.000%)
latency average = 3.882 ms
latency stddev = 1.093 ms
initial connection time = 38.598 ms
tps = 16484.261660 (without initial connection time)
