pgbench (18devel, server 14.13)
progress: 1.0 s, 112965.8 tps, lat 0.141 ms stddev 0.120, 0 failed
progress: 2.0 s, 118287.9 tps, lat 0.135 ms stddev 0.009, 0 failed
progress: 3.0 s, 116459.3 tps, lat 0.137 ms stddev 0.018, 0 failed
progress: 4.0 s, 117993.2 tps, lat 0.135 ms stddev 0.007, 0 failed
progress: 5.0 s, 118189.7 tps, lat 0.135 ms stddev 0.007, 0 failed
progress: 6.0 s, 118375.9 tps, lat 0.135 ms stddev 0.015, 0 failed
progress: 7.0 s, 120267.4 tps, lat 0.133 ms stddev 0.006, 0 failed
progress: 8.0 s, 119848.7 tps, lat 0.133 ms stddev 0.006, 0 failed
progress: 9.0 s, 120202.5 tps, lat 0.133 ms stddev 0.006, 0 failed
progress: 10.0 s, 120183.7 tps, lat 0.133 ms stddev 0.005, 0 failed
progress: 11.0 s, 119179.8 tps, lat 0.134 ms stddev 0.010, 0 failed
progress: 12.0 s, 118635.3 tps, lat 0.135 ms stddev 0.011, 0 failed
progress: 13.0 s, 118433.6 tps, lat 0.135 ms stddev 0.016, 0 failed
progress: 14.0 s, 119333.2 tps, lat 0.134 ms stddev 0.006, 0 failed
progress: 15.0 s, 120116.8 tps, lat 0.133 ms stddev 0.005, 0 failed
progress: 16.0 s, 120028.0 tps, lat 0.133 ms stddev 0.005, 0 failed
progress: 17.0 s, 120555.8 tps, lat 0.133 ms stddev 0.005, 0 failed
progress: 18.0 s, 120464.5 tps, lat 0.133 ms stddev 0.008, 0 failed
progress: 19.0 s, 120482.6 tps, lat 0.133 ms stddev 0.009, 0 failed
progress: 20.0 s, 120876.0 tps, lat 0.132 ms stddev 0.006, 0 failed
progress: 21.0 s, 120530.0 tps, lat 0.133 ms stddev 0.006, 0 failed
progress: 22.0 s, 120288.0 tps, lat 0.133 ms stddev 0.005, 0 failed
progress: 23.0 s, 120370.0 tps, lat 0.133 ms stddev 0.005, 0 failed
progress: 24.0 s, 119984.6 tps, lat 0.133 ms stddev 0.006, 0 failed
progress: 25.0 s, 120604.5 tps, lat 0.133 ms stddev 0.006, 0 failed
progress: 26.0 s, 120515.9 tps, lat 0.133 ms stddev 0.005, 0 failed
progress: 27.0 s, 119941.1 tps, lat 0.133 ms stddev 0.006, 0 failed
progress: 28.0 s, 120147.0 tps, lat 0.133 ms stddev 0.006, 0 failed
progress: 29.0 s, 120353.8 tps, lat 0.133 ms stddev 0.005, 0 failed
progress: 30.0 s, 120367.1 tps, lat 0.133 ms stddev 0.005, 0 failed
progress: 31.0 s, 121164.3 tps, lat 0.132 ms stddev 0.005, 0 failed
progress: 32.0 s, 121281.7 tps, lat 0.132 ms stddev 0.005, 0 failed
progress: 33.0 s, 120984.5 tps, lat 0.132 ms stddev 0.005, 0 failed
progress: 34.0 s, 120412.2 tps, lat 0.133 ms stddev 0.006, 0 failed
progress: 35.0 s, 120557.1 tps, lat 0.133 ms stddev 0.005, 0 failed
progress: 36.0 s, 120510.8 tps, lat 0.133 ms stddev 0.005, 0 failed
progress: 37.0 s, 120423.4 tps, lat 0.133 ms stddev 0.005, 0 failed
progress: 38.0 s, 120229.9 tps, lat 0.133 ms stddev 0.005, 0 failed
progress: 39.0 s, 119772.1 tps, lat 0.133 ms stddev 0.009, 0 failed
progress: 40.0 s, 120163.4 tps, lat 0.133 ms stddev 0.005, 0 failed
progress: 41.0 s, 119595.4 tps, lat 0.134 ms stddev 0.006, 0 failed
progress: 42.0 s, 120582.1 tps, lat 0.133 ms stddev 0.005, 0 failed
progress: 43.0 s, 119838.0 tps, lat 0.133 ms stddev 0.006, 0 failed
progress: 44.0 s, 120067.9 tps, lat 0.133 ms stddev 0.006, 0 failed
progress: 45.0 s, 119674.0 tps, lat 0.134 ms stddev 0.006, 0 failed
progress: 46.0 s, 118977.0 tps, lat 0.134 ms stddev 0.007, 0 failed
progress: 47.0 s, 119444.1 tps, lat 0.134 ms stddev 0.006, 0 failed
progress: 48.0 s, 119084.3 tps, lat 0.134 ms stddev 0.007, 0 failed
progress: 49.0 s, 118889.3 tps, lat 0.134 ms stddev 0.006, 0 failed
progress: 50.0 s, 118944.4 tps, lat 0.134 ms stddev 0.006, 0 failed
progress: 51.0 s, 118921.9 tps, lat 0.134 ms stddev 0.007, 0 failed
progress: 52.0 s, 118631.1 tps, lat 0.135 ms stddev 0.007, 0 failed
progress: 53.0 s, 119066.0 tps, lat 0.134 ms stddev 0.006, 0 failed
progress: 54.0 s, 119625.0 tps, lat 0.134 ms stddev 0.006, 0 failed
progress: 55.0 s, 120001.5 tps, lat 0.133 ms stddev 0.005, 0 failed
progress: 56.0 s, 120142.2 tps, lat 0.133 ms stddev 0.005, 0 failed
progress: 57.0 s, 119270.3 tps, lat 0.134 ms stddev 0.006, 0 failed
progress: 58.0 s, 120166.5 tps, lat 0.133 ms stddev 0.005, 0 failed
progress: 59.0 s, 120374.0 tps, lat 0.133 ms stddev 0.005, 0 failed
transaction type: star-1-left.sql
scaling factor: 1
query mode: prepared
number of clients: 16
number of threads: 16
maximum number of tries: 1
duration: 60 s
number of transactions actually processed: 7180222
number of failed transactions: 0 (0.000%)
latency average = 0.134 ms
latency stddev = 0.017 ms
initial connection time = 10.323 ms
tps = 119690.315053 (without initial connection time)
