pgbench (18devel, server 9.2.24)
progress: 1.0 s, 7257.6 tps, lat 0.137 ms stddev 0.451, 0 failed
progress: 2.0 s, 8158.0 tps, lat 0.123 ms stddev 0.008, 0 failed
progress: 3.0 s, 8298.0 tps, lat 0.120 ms stddev 0.004, 0 failed
progress: 4.0 s, 8339.1 tps, lat 0.120 ms stddev 0.004, 0 failed
progress: 5.0 s, 8393.0 tps, lat 0.119 ms stddev 0.005, 0 failed
progress: 6.0 s, 8323.9 tps, lat 0.120 ms stddev 0.003, 0 failed
progress: 7.0 s, 8408.4 tps, lat 0.119 ms stddev 0.004, 0 failed
progress: 8.0 s, 8382.0 tps, lat 0.119 ms stddev 0.004, 0 failed
progress: 9.0 s, 8505.8 tps, lat 0.117 ms stddev 0.004, 0 failed
progress: 10.0 s, 8824.0 tps, lat 0.113 ms stddev 0.003, 0 failed
progress: 11.0 s, 8606.0 tps, lat 0.116 ms stddev 0.003, 0 failed
progress: 12.0 s, 8587.0 tps, lat 0.116 ms stddev 0.004, 0 failed
progress: 13.0 s, 8613.2 tps, lat 0.116 ms stddev 0.005, 0 failed
progress: 14.0 s, 8371.6 tps, lat 0.119 ms stddev 0.004, 0 failed
progress: 15.0 s, 8386.1 tps, lat 0.119 ms stddev 0.003, 0 failed
progress: 16.0 s, 8453.0 tps, lat 0.118 ms stddev 0.004, 0 failed
progress: 17.0 s, 8500.2 tps, lat 0.118 ms stddev 0.005, 0 failed
progress: 18.0 s, 8431.8 tps, lat 0.119 ms stddev 0.004, 0 failed
progress: 19.0 s, 8445.2 tps, lat 0.118 ms stddev 0.004, 0 failed
progress: 20.0 s, 8432.2 tps, lat 0.119 ms stddev 0.004, 0 failed
progress: 21.0 s, 8475.9 tps, lat 0.118 ms stddev 0.004, 0 failed
progress: 22.0 s, 8425.1 tps, lat 0.119 ms stddev 0.004, 0 failed
progress: 23.0 s, 8398.6 tps, lat 0.119 ms stddev 0.004, 0 failed
progress: 24.0 s, 8396.0 tps, lat 0.119 ms stddev 0.004, 0 failed
progress: 25.0 s, 8434.4 tps, lat 0.119 ms stddev 0.004, 0 failed
progress: 26.0 s, 8400.9 tps, lat 0.119 ms stddev 0.004, 0 failed
progress: 27.0 s, 8364.7 tps, lat 0.119 ms stddev 0.004, 0 failed
progress: 28.0 s, 8366.0 tps, lat 0.119 ms stddev 0.004, 0 failed
progress: 29.0 s, 8425.1 tps, lat 0.119 ms stddev 0.004, 0 failed
progress: 30.0 s, 8348.1 tps, lat 0.120 ms stddev 0.004, 0 failed
progress: 31.0 s, 8373.8 tps, lat 0.119 ms stddev 0.004, 0 failed
progress: 32.0 s, 8632.1 tps, lat 0.116 ms stddev 0.004, 0 failed
progress: 33.0 s, 8501.9 tps, lat 0.118 ms stddev 0.004, 0 failed
progress: 34.0 s, 8328.0 tps, lat 0.120 ms stddev 0.003, 0 failed
progress: 35.0 s, 8269.0 tps, lat 0.121 ms stddev 0.003, 0 failed
progress: 36.0 s, 8295.4 tps, lat 0.120 ms stddev 0.003, 0 failed
progress: 37.0 s, 8387.0 tps, lat 0.119 ms stddev 0.004, 0 failed
progress: 38.0 s, 8325.8 tps, lat 0.120 ms stddev 0.004, 0 failed
progress: 39.0 s, 8435.8 tps, lat 0.118 ms stddev 0.003, 0 failed
progress: 40.0 s, 8434.4 tps, lat 0.119 ms stddev 0.003, 0 failed
progress: 41.0 s, 8389.6 tps, lat 0.119 ms stddev 0.003, 0 failed
progress: 42.0 s, 8393.0 tps, lat 0.119 ms stddev 0.004, 0 failed
progress: 43.0 s, 8317.0 tps, lat 0.120 ms stddev 0.004, 0 failed
progress: 44.0 s, 8383.0 tps, lat 0.119 ms stddev 0.005, 0 failed
progress: 45.0 s, 8475.0 tps, lat 0.118 ms stddev 0.004, 0 failed
progress: 46.0 s, 8411.0 tps, lat 0.119 ms stddev 0.003, 0 failed
progress: 47.0 s, 8380.3 tps, lat 0.119 ms stddev 0.003, 0 failed
progress: 48.0 s, 8399.7 tps, lat 0.119 ms stddev 0.003, 0 failed
progress: 49.0 s, 8391.0 tps, lat 0.119 ms stddev 0.005, 0 failed
progress: 50.0 s, 8266.0 tps, lat 0.121 ms stddev 0.005, 0 failed
progress: 51.0 s, 8376.1 tps, lat 0.119 ms stddev 0.003, 0 failed
progress: 52.0 s, 8361.1 tps, lat 0.120 ms stddev 0.005, 0 failed
progress: 53.0 s, 8434.9 tps, lat 0.118 ms stddev 0.004, 0 failed
progress: 54.0 s, 8412.0 tps, lat 0.119 ms stddev 0.004, 0 failed
progress: 55.0 s, 8373.0 tps, lat 0.119 ms stddev 0.005, 0 failed
progress: 56.0 s, 8402.0 tps, lat 0.119 ms stddev 0.004, 0 failed
progress: 57.0 s, 8411.0 tps, lat 0.119 ms stddev 0.006, 0 failed
progress: 58.0 s, 8514.0 tps, lat 0.117 ms stddev 0.004, 0 failed
progress: 59.0 s, 8305.2 tps, lat 0.120 ms stddev 0.004, 0 failed
progress: 60.0 s, 8309.2 tps, lat 0.120 ms stddev 0.003, 0 failed
transaction type: star-1.sql
scaling factor: 1
query mode: prepared
number of clients: 1
number of threads: 1
maximum number of tries: 1
duration: 60 s
number of transactions actually processed: 503439
number of failed transactions: 0 (0.000%)
latency average = 0.119 ms
latency stddev = 0.054 ms
initial connection time = 2.317 ms
tps = 8390.966200 (without initial connection time)
