pgbench (18devel, server 9.2.24)
progress: 1.0 s, 56655.9 tps, lat 1.110 ms stddev 4.057, 0 failed
progress: 2.0 s, 66291.9 tps, lat 0.965 ms stddev 0.932, 0 failed
progress: 3.0 s, 66220.0 tps, lat 0.966 ms stddev 0.931, 0 failed
progress: 4.0 s, 66477.4 tps, lat 0.963 ms stddev 0.934, 0 failed
progress: 5.0 s, 68352.6 tps, lat 0.936 ms stddev 0.892, 0 failed
progress: 6.0 s, 66693.1 tps, lat 0.960 ms stddev 0.923, 0 failed
progress: 7.0 s, 66049.0 tps, lat 0.969 ms stddev 0.943, 0 failed
progress: 8.0 s, 66540.9 tps, lat 0.961 ms stddev 0.932, 0 failed
progress: 9.0 s, 68743.1 tps, lat 0.931 ms stddev 0.882, 0 failed
progress: 10.0 s, 66496.0 tps, lat 0.962 ms stddev 0.931, 0 failed
progress: 11.0 s, 66481.8 tps, lat 0.962 ms stddev 0.931, 0 failed
progress: 12.0 s, 66098.1 tps, lat 0.968 ms stddev 0.939, 0 failed
progress: 13.0 s, 68209.1 tps, lat 0.938 ms stddev 0.892, 0 failed
progress: 14.0 s, 66233.7 tps, lat 0.966 ms stddev 0.934, 0 failed
progress: 15.0 s, 66497.1 tps, lat 0.962 ms stddev 0.931, 0 failed
progress: 16.0 s, 66223.1 tps, lat 0.966 ms stddev 0.933, 0 failed
progress: 17.0 s, 68711.7 tps, lat 0.931 ms stddev 0.884, 0 failed
progress: 18.0 s, 66250.3 tps, lat 0.966 ms stddev 0.943, 0 failed
progress: 19.0 s, 66053.7 tps, lat 0.969 ms stddev 0.945, 0 failed
progress: 20.0 s, 66693.0 tps, lat 0.960 ms stddev 0.934, 0 failed
progress: 21.0 s, 68328.3 tps, lat 0.936 ms stddev 0.890, 0 failed
progress: 22.0 s, 66239.9 tps, lat 0.966 ms stddev 0.933, 0 failed
progress: 23.0 s, 66223.9 tps, lat 0.966 ms stddev 0.941, 0 failed
progress: 24.0 s, 66474.9 tps, lat 0.963 ms stddev 0.936, 0 failed
progress: 25.0 s, 68077.3 tps, lat 0.940 ms stddev 0.892, 0 failed
progress: 26.0 s, 66070.0 tps, lat 0.969 ms stddev 0.946, 0 failed
progress: 27.0 s, 67042.9 tps, lat 0.954 ms stddev 0.927, 0 failed
progress: 28.0 s, 66685.2 tps, lat 0.959 ms stddev 0.933, 0 failed
progress: 29.0 s, 68256.6 tps, lat 0.937 ms stddev 0.892, 0 failed
progress: 30.0 s, 66761.3 tps, lat 0.959 ms stddev 0.929, 0 failed
progress: 31.0 s, 66194.8 tps, lat 0.967 ms stddev 0.938, 0 failed
progress: 32.0 s, 66524.3 tps, lat 0.962 ms stddev 0.938, 0 failed
progress: 33.0 s, 68692.7 tps, lat 0.932 ms stddev 0.885, 0 failed
progress: 34.0 s, 66083.3 tps, lat 0.968 ms stddev 0.947, 0 failed
progress: 35.0 s, 66450.8 tps, lat 0.963 ms stddev 0.935, 0 failed
progress: 36.0 s, 66569.1 tps, lat 0.961 ms stddev 0.939, 0 failed
progress: 37.0 s, 68180.0 tps, lat 0.938 ms stddev 0.893, 0 failed
progress: 38.0 s, 66115.9 tps, lat 0.968 ms stddev 0.941, 0 failed
progress: 39.0 s, 66816.1 tps, lat 0.958 ms stddev 0.935, 0 failed
progress: 40.0 s, 66304.0 tps, lat 0.965 ms stddev 0.947, 0 failed
progress: 41.0 s, 68419.7 tps, lat 0.935 ms stddev 0.895, 0 failed
progress: 42.0 s, 66369.3 tps, lat 0.964 ms stddev 0.936, 0 failed
progress: 43.0 s, 66719.1 tps, lat 0.959 ms stddev 0.935, 0 failed
progress: 44.0 s, 66693.7 tps, lat 0.959 ms stddev 0.924, 0 failed
progress: 45.0 s, 67998.2 tps, lat 0.941 ms stddev 0.896, 0 failed
progress: 46.0 s, 66064.1 tps, lat 0.968 ms stddev 0.948, 0 failed
progress: 47.0 s, 66516.5 tps, lat 0.962 ms stddev 0.936, 0 failed
progress: 48.0 s, 66527.3 tps, lat 0.961 ms stddev 0.931, 0 failed
progress: 49.0 s, 68270.0 tps, lat 0.937 ms stddev 0.896, 0 failed
progress: 50.0 s, 65755.1 tps, lat 0.973 ms stddev 0.951, 0 failed
progress: 51.0 s, 66301.7 tps, lat 0.965 ms stddev 0.944, 0 failed
progress: 52.0 s, 66366.4 tps, lat 0.964 ms stddev 0.937, 0 failed
progress: 53.0 s, 68159.8 tps, lat 0.939 ms stddev 0.891, 0 failed
progress: 54.0 s, 66671.9 tps, lat 0.960 ms stddev 0.934, 0 failed
progress: 55.0 s, 66344.1 tps, lat 0.964 ms stddev 0.933, 0 failed
progress: 56.0 s, 66678.1 tps, lat 0.960 ms stddev 0.935, 0 failed
progress: 57.0 s, 68285.7 tps, lat 0.937 ms stddev 0.895, 0 failed
progress: 58.0 s, 66564.4 tps, lat 0.961 ms stddev 0.935, 0 failed
progress: 59.0 s, 67039.9 tps, lat 0.954 ms stddev 0.926, 0 failed
transaction type: star-1.sql
scaling factor: 1
query mode: prepared
number of clients: 64
number of threads: 64
maximum number of tries: 1
duration: 60 s
number of transactions actually processed: 4001084
number of failed transactions: 0 (0.000%)
latency average = 0.959 ms
latency stddev = 1.038 ms
initial connection time = 41.690 ms
tps = 66726.678836 (without initial connection time)
