pgbench (18devel, server 8.0.26)
progress: 4.2 s, 7.3 tps, lat 535.023 ms stddev 866.466, 0 failed
progress: 5.0 s, 817.2 tps, lat 776.743 ms stddev 1523.390, 0 failed
progress: 6.0 s, 3281.0 tps, lat 47.789 ms stddev 197.653, 0 failed
progress: 7.0 s, 3090.0 tps, lat 42.502 ms stddev 36.932, 0 failed
progress: 8.0 s, 3698.1 tps, lat 34.696 ms stddev 37.047, 0 failed
progress: 9.0 s, 4573.9 tps, lat 27.992 ms stddev 24.191, 0 failed
progress: 10.0 s, 5045.8 tps, lat 24.926 ms stddev 21.398, 0 failed
progress: 11.0 s, 4639.4 tps, lat 27.452 ms stddev 22.237, 0 failed
progress: 12.0 s, 5121.9 tps, lat 25.441 ms stddev 22.856, 0 failed
progress: 13.0 s, 3280.9 tps, lat 36.712 ms stddev 34.410, 0 failed
progress: 14.0 s, 4787.2 tps, lat 28.352 ms stddev 30.441, 0 failed
progress: 15.0 s, 4489.7 tps, lat 27.967 ms stddev 23.402, 0 failed
progress: 16.0 s, 5025.1 tps, lat 25.531 ms stddev 23.733, 0 failed
progress: 17.0 s, 4147.9 tps, lat 30.114 ms stddev 25.507, 0 failed
progress: 18.0 s, 4001.1 tps, lat 33.089 ms stddev 28.611, 0 failed
progress: 19.0 s, 3355.9 tps, lat 37.011 ms stddev 36.217, 0 failed
progress: 20.0 s, 4302.1 tps, lat 29.736 ms stddev 31.401, 0 failed
progress: 21.0 s, 3815.7 tps, lat 34.003 ms stddev 30.452, 0 failed
progress: 22.0 s, 4444.3 tps, lat 29.068 ms stddev 28.520, 0 failed
progress: 23.0 s, 3860.0 tps, lat 32.017 ms stddev 30.780, 0 failed
progress: 24.0 s, 3735.0 tps, lat 35.915 ms stddev 34.464, 0 failed
progress: 25.0 s, 4752.1 tps, lat 27.063 ms stddev 27.520, 0 failed
progress: 26.0 s, 4161.0 tps, lat 30.704 ms stddev 30.405, 0 failed
progress: 27.0 s, 5311.2 tps, lat 23.973 ms stddev 19.911, 0 failed
progress: 28.0 s, 4502.5 tps, lat 27.786 ms stddev 25.591, 0 failed
progress: 29.0 s, 4391.3 tps, lat 29.967 ms stddev 27.963, 0 failed
progress: 30.0 s, 4063.9 tps, lat 30.788 ms stddev 27.855, 0 failed
progress: 31.0 s, 4358.0 tps, lat 29.743 ms stddev 28.876, 0 failed
progress: 32.0 s, 4267.3 tps, lat 30.080 ms stddev 26.640, 0 failed
progress: 33.0 s, 5708.0 tps, lat 22.683 ms stddev 24.682, 0 failed
progress: 34.0 s, 5484.0 tps, lat 23.317 ms stddev 21.220, 0 failed
progress: 35.0 s, 5574.7 tps, lat 22.725 ms stddev 24.033, 0 failed
progress: 36.0 s, 4639.1 tps, lat 27.838 ms stddev 27.102, 0 failed
progress: 37.0 s, 6366.2 tps, lat 19.858 ms stddev 20.112, 0 failed
progress: 38.0 s, 4548.8 tps, lat 28.454 ms stddev 25.713, 0 failed
progress: 39.0 s, 5348.9 tps, lat 23.605 ms stddev 23.898, 0 failed
progress: 40.0 s, 5785.0 tps, lat 21.735 ms stddev 19.978, 0 failed
progress: 41.0 s, 5612.1 tps, lat 22.963 ms stddev 21.297, 0 failed
progress: 42.0 s, 3976.0 tps, lat 32.430 ms stddev 32.908, 0 failed
progress: 43.0 s, 5531.2 tps, lat 23.594 ms stddev 23.722, 0 failed
progress: 44.0 s, 4954.7 tps, lat 24.860 ms stddev 24.997, 0 failed
progress: 45.0 s, 6150.1 tps, lat 20.806 ms stddev 19.713, 0 failed
progress: 46.0 s, 4927.2 tps, lat 26.642 ms stddev 24.115, 0 failed
progress: 47.0 s, 4369.8 tps, lat 28.814 ms stddev 26.608, 0 failed
progress: 48.0 s, 3945.0 tps, lat 32.929 ms stddev 35.226, 0 failed
progress: 49.0 s, 4750.9 tps, lat 26.533 ms stddev 25.420, 0 failed
progress: 50.0 s, 4580.1 tps, lat 28.273 ms stddev 24.678, 0 failed
progress: 51.0 s, 4605.2 tps, lat 28.284 ms stddev 27.232, 0 failed
progress: 52.0 s, 5254.8 tps, lat 23.478 ms stddev 22.450, 0 failed
progress: 53.0 s, 4780.0 tps, lat 27.451 ms stddev 23.402, 0 failed
progress: 54.0 s, 4351.0 tps, lat 29.652 ms stddev 27.675, 0 failed
progress: 55.0 s, 5006.9 tps, lat 25.608 ms stddev 23.096, 0 failed
progress: 56.0 s, 4402.2 tps, lat 28.914 ms stddev 27.460, 0 failed
progress: 57.0 s, 4726.8 tps, lat 26.302 ms stddev 21.640, 0 failed
progress: 58.0 s, 5037.8 tps, lat 25.158 ms stddev 24.353, 0 failed
progress: 59.0 s, 4482.3 tps, lat 28.683 ms stddev 24.993, 0 failed
transaction type: star-1.sql
scaling factor: 1
query mode: prepared
number of clients: 128
number of threads: 128
maximum number of tries: 1
duration: 60 s
number of transactions actually processed: 254492
number of failed transactions: 0 (0.000%)
latency average = 29.726 ms
latency stddev = 91.320 ms
initial connection time = 903.983 ms
tps = 4305.415510 (without initial connection time)
