pgbench (18devel, server 14.13)
progress: 1.0 s, 158665.5 tps, lat 1.530 ms stddev 3.794, 0 failed
progress: 2.0 s, 191032.6 tps, lat 1.340 ms stddev 1.566, 0 failed
progress: 3.0 s, 192595.8 tps, lat 1.329 ms stddev 1.595, 0 failed
progress: 4.0 s, 193237.6 tps, lat 1.325 ms stddev 1.598, 0 failed
progress: 5.0 s, 190386.2 tps, lat 1.344 ms stddev 1.592, 0 failed
progress: 6.0 s, 191864.2 tps, lat 1.334 ms stddev 1.612, 0 failed
progress: 7.0 s, 194199.6 tps, lat 1.318 ms stddev 1.603, 0 failed
progress: 8.0 s, 191040.2 tps, lat 1.340 ms stddev 1.608, 0 failed
progress: 9.0 s, 192979.6 tps, lat 1.326 ms stddev 1.587, 0 failed
progress: 10.0 s, 194294.7 tps, lat 1.318 ms stddev 1.577, 0 failed
progress: 11.0 s, 192009.2 tps, lat 1.333 ms stddev 1.584, 0 failed
progress: 12.0 s, 195798.8 tps, lat 1.307 ms stddev 1.561, 0 failed
progress: 13.0 s, 194422.8 tps, lat 1.317 ms stddev 1.568, 0 failed
progress: 14.0 s, 194872.6 tps, lat 1.313 ms stddev 1.560, 0 failed
progress: 15.0 s, 194291.0 tps, lat 1.317 ms stddev 1.574, 0 failed
progress: 16.0 s, 192021.2 tps, lat 1.333 ms stddev 1.593, 0 failed
progress: 17.0 s, 194742.4 tps, lat 1.314 ms stddev 1.567, 0 failed
progress: 18.0 s, 194643.4 tps, lat 1.315 ms stddev 1.576, 0 failed
progress: 19.0 s, 193805.0 tps, lat 1.320 ms stddev 1.582, 0 failed
progress: 20.0 s, 192572.6 tps, lat 1.329 ms stddev 1.586, 0 failed
progress: 21.0 s, 192571.8 tps, lat 1.329 ms stddev 1.585, 0 failed
progress: 22.0 s, 192722.6 tps, lat 1.328 ms stddev 1.593, 0 failed
progress: 23.0 s, 193777.0 tps, lat 1.321 ms stddev 1.583, 0 failed
progress: 24.0 s, 193727.4 tps, lat 1.321 ms stddev 1.574, 0 failed
progress: 25.0 s, 194468.2 tps, lat 1.316 ms stddev 1.577, 0 failed
progress: 26.0 s, 193311.2 tps, lat 1.324 ms stddev 1.588, 0 failed
progress: 27.0 s, 193327.6 tps, lat 1.324 ms stddev 1.590, 0 failed
progress: 28.0 s, 193376.8 tps, lat 1.324 ms stddev 1.588, 0 failed
progress: 29.0 s, 193621.0 tps, lat 1.322 ms stddev 1.584, 0 failed
progress: 30.0 s, 193651.8 tps, lat 1.322 ms stddev 1.585, 0 failed
progress: 31.0 s, 194229.8 tps, lat 1.317 ms stddev 1.579, 0 failed
progress: 32.0 s, 194261.8 tps, lat 1.318 ms stddev 1.573, 0 failed
progress: 33.0 s, 194883.2 tps, lat 1.314 ms stddev 1.563, 0 failed
progress: 34.0 s, 195991.4 tps, lat 1.306 ms stddev 1.568, 0 failed
progress: 35.0 s, 195257.4 tps, lat 1.311 ms stddev 1.578, 0 failed
progress: 36.0 s, 195643.5 tps, lat 1.308 ms stddev 1.590, 0 failed
progress: 37.0 s, 194645.5 tps, lat 1.315 ms stddev 1.553, 0 failed
progress: 38.0 s, 194395.8 tps, lat 1.316 ms stddev 1.554, 0 failed
progress: 39.0 s, 197413.6 tps, lat 1.296 ms stddev 1.581, 0 failed
progress: 40.0 s, 195019.4 tps, lat 1.313 ms stddev 1.585, 0 failed
progress: 41.0 s, 195344.0 tps, lat 1.310 ms stddev 1.591, 0 failed
progress: 42.0 s, 195379.6 tps, lat 1.310 ms stddev 1.595, 0 failed
progress: 43.0 s, 195676.6 tps, lat 1.308 ms stddev 1.593, 0 failed
progress: 44.0 s, 195416.2 tps, lat 1.310 ms stddev 1.590, 0 failed
progress: 45.0 s, 195915.2 tps, lat 1.307 ms stddev 1.592, 0 failed
progress: 46.0 s, 196451.1 tps, lat 1.302 ms stddev 1.578, 0 failed
progress: 47.0 s, 194938.4 tps, lat 1.313 ms stddev 1.601, 0 failed
progress: 48.0 s, 194815.0 tps, lat 1.314 ms stddev 1.600, 0 failed
progress: 49.0 s, 195290.2 tps, lat 1.311 ms stddev 1.601, 0 failed
progress: 50.0 s, 194557.6 tps, lat 1.316 ms stddev 1.594, 0 failed
progress: 51.0 s, 193945.2 tps, lat 1.319 ms stddev 1.577, 0 failed
progress: 52.0 s, 193976.4 tps, lat 1.319 ms stddev 1.577, 0 failed
progress: 53.0 s, 194640.4 tps, lat 1.315 ms stddev 1.570, 0 failed
progress: 54.0 s, 193927.8 tps, lat 1.320 ms stddev 1.577, 0 failed
progress: 55.0 s, 193329.7 tps, lat 1.324 ms stddev 1.593, 0 failed
progress: 56.0 s, 193182.7 tps, lat 1.325 ms stddev 1.587, 0 failed
progress: 57.0 s, 193520.0 tps, lat 1.323 ms stddev 1.558, 0 failed
progress: 58.0 s, 195100.6 tps, lat 1.312 ms stddev 1.563, 0 failed
progress: 59.0 s, 194997.0 tps, lat 1.312 ms stddev 1.547, 0 failed
transaction type: star-1.sql
scaling factor: 1
query mode: prepared
number of clients: 256
number of threads: 256
maximum number of tries: 1
duration: 60 s
number of transactions actually processed: 11593029
number of failed transactions: 0 (0.000%)
latency average = 1.322 ms
latency stddev = 1.645 ms
initial connection time = 151.091 ms
tps = 193456.700984 (without initial connection time)
