pgbench (18devel, server 10.23)
progress: 1.0 s, 12687.2 tps, lat 2.496 ms stddev 0.627, 0 failed
progress: 2.0 s, 13181.0 tps, lat 2.428 ms stddev 0.160, 0 failed
progress: 3.0 s, 13242.0 tps, lat 2.416 ms stddev 0.089, 0 failed
progress: 4.0 s, 13218.0 tps, lat 2.421 ms stddev 0.137, 0 failed
progress: 5.0 s, 13135.6 tps, lat 2.435 ms stddev 0.234, 0 failed
progress: 6.0 s, 13284.5 tps, lat 2.409 ms stddev 0.032, 0 failed
progress: 7.0 s, 13278.5 tps, lat 2.409 ms stddev 0.030, 0 failed
progress: 8.0 s, 13236.4 tps, lat 2.418 ms stddev 0.143, 0 failed
progress: 9.0 s, 13254.0 tps, lat 2.413 ms stddev 0.124, 0 failed
progress: 10.0 s, 13172.6 tps, lat 2.429 ms stddev 0.208, 0 failed
progress: 11.0 s, 13242.0 tps, lat 2.416 ms stddev 0.133, 0 failed
progress: 12.0 s, 13258.0 tps, lat 2.413 ms stddev 0.116, 0 failed
progress: 13.0 s, 13294.4 tps, lat 2.407 ms stddev 0.031, 0 failed
progress: 14.0 s, 13224.0 tps, lat 2.418 ms stddev 0.163, 0 failed
progress: 15.0 s, 13288.6 tps, lat 2.408 ms stddev 0.030, 0 failed
progress: 16.0 s, 13306.5 tps, lat 2.406 ms stddev 0.030, 0 failed
progress: 17.0 s, 13306.0 tps, lat 2.404 ms stddev 0.029, 0 failed
progress: 18.0 s, 13263.5 tps, lat 2.412 ms stddev 0.119, 0 failed
progress: 19.0 s, 13295.4 tps, lat 2.406 ms stddev 0.026, 0 failed
progress: 20.0 s, 13296.6 tps, lat 2.406 ms stddev 0.027, 0 failed
progress: 21.0 s, 13300.0 tps, lat 2.405 ms stddev 0.030, 0 failed
progress: 22.0 s, 13250.6 tps, lat 2.415 ms stddev 0.146, 0 failed
progress: 23.0 s, 13259.8 tps, lat 2.413 ms stddev 0.124, 0 failed
progress: 24.0 s, 13292.0 tps, lat 2.407 ms stddev 0.031, 0 failed
progress: 25.0 s, 13224.0 tps, lat 2.419 ms stddev 0.164, 0 failed
progress: 26.0 s, 13251.1 tps, lat 2.416 ms stddev 0.139, 0 failed
progress: 27.0 s, 13287.0 tps, lat 2.407 ms stddev 0.030, 0 failed
progress: 28.0 s, 13309.0 tps, lat 2.404 ms stddev 0.031, 0 failed
progress: 29.0 s, 13313.6 tps, lat 2.402 ms stddev 0.031, 0 failed
progress: 30.0 s, 13311.4 tps, lat 2.403 ms stddev 0.032, 0 failed
progress: 31.0 s, 13249.0 tps, lat 2.415 ms stddev 0.152, 0 failed
progress: 32.0 s, 13258.0 tps, lat 2.413 ms stddev 0.135, 0 failed
progress: 33.0 s, 13309.0 tps, lat 2.404 ms stddev 0.030, 0 failed
progress: 34.0 s, 13312.8 tps, lat 2.404 ms stddev 0.031, 0 failed
progress: 35.0 s, 13295.2 tps, lat 2.406 ms stddev 0.032, 0 failed
progress: 36.0 s, 13250.6 tps, lat 2.415 ms stddev 0.142, 0 failed
progress: 37.0 s, 13296.7 tps, lat 2.406 ms stddev 0.059, 0 failed
progress: 38.0 s, 13234.3 tps, lat 2.417 ms stddev 0.169, 0 failed
progress: 39.0 s, 13319.0 tps, lat 2.403 ms stddev 0.034, 0 failed
progress: 40.0 s, 13329.0 tps, lat 2.400 ms stddev 0.032, 0 failed
progress: 41.0 s, 13323.0 tps, lat 2.401 ms stddev 0.033, 0 failed
progress: 42.0 s, 13253.0 tps, lat 2.414 ms stddev 0.141, 0 failed
progress: 43.0 s, 13305.4 tps, lat 2.405 ms stddev 0.032, 0 failed
progress: 44.0 s, 13313.8 tps, lat 2.402 ms stddev 0.032, 0 failed
progress: 45.0 s, 13329.8 tps, lat 2.400 ms stddev 0.034, 0 failed
progress: 46.0 s, 13303.0 tps, lat 2.405 ms stddev 0.119, 0 failed
progress: 47.0 s, 13341.0 tps, lat 2.399 ms stddev 0.031, 0 failed
progress: 48.0 s, 13300.5 tps, lat 2.405 ms stddev 0.103, 0 failed
progress: 49.0 s, 13326.5 tps, lat 2.401 ms stddev 0.032, 0 failed
progress: 50.0 s, 13326.4 tps, lat 2.401 ms stddev 0.030, 0 failed
progress: 51.0 s, 13322.0 tps, lat 2.402 ms stddev 0.030, 0 failed
progress: 52.0 s, 13333.0 tps, lat 2.400 ms stddev 0.030, 0 failed
progress: 53.0 s, 13263.6 tps, lat 2.411 ms stddev 0.147, 0 failed
progress: 54.0 s, 13311.0 tps, lat 2.404 ms stddev 0.032, 0 failed
progress: 55.0 s, 13320.8 tps, lat 2.403 ms stddev 0.033, 0 failed
progress: 56.0 s, 13321.7 tps, lat 2.401 ms stddev 0.029, 0 failed
progress: 57.0 s, 13335.5 tps, lat 2.399 ms stddev 0.027, 0 failed
progress: 58.0 s, 13336.0 tps, lat 2.400 ms stddev 0.064, 0 failed
progress: 59.0 s, 13261.5 tps, lat 2.413 ms stddev 0.165, 0 failed
transaction type: star-1-left.sql
scaling factor: 1
query mode: simple
number of clients: 32
number of threads: 32
maximum number of tries: 1
duration: 60 s
number of transactions actually processed: 796193
number of failed transactions: 0 (0.000%)
latency average = 2.410 ms
latency stddev = 0.127 ms
initial connection time = 21.489 ms
tps = 13273.980790 (without initial connection time)
