pgbench (18devel, server 9.1.24)
progress: 1.0 s, 1730.9 tps, lat 86.849 ms stddev 136.961, 0 failed
progress: 2.0 s, 4148.2 tps, lat 79.988 ms stddev 170.043, 0 failed
progress: 3.0 s, 2930.3 tps, lat 87.414 ms stddev 73.795, 0 failed
progress: 4.0 s, 5316.5 tps, lat 51.108 ms stddev 62.319, 0 failed
progress: 5.0 s, 3556.5 tps, lat 66.827 ms stddev 69.618, 0 failed
progress: 6.0 s, 3722.5 tps, lat 70.303 ms stddev 73.562, 0 failed
progress: 7.0 s, 2849.3 tps, lat 88.223 ms stddev 76.352, 0 failed
progress: 8.0 s, 6669.0 tps, lat 40.813 ms stddev 56.900, 0 failed
progress: 9.0 s, 6071.0 tps, lat 39.665 ms stddev 49.340, 0 failed
progress: 10.0 s, 2955.2 tps, lat 86.157 ms stddev 74.302, 0 failed
progress: 11.0 s, 3646.9 tps, lat 70.281 ms stddev 71.025, 0 failed
progress: 12.0 s, 9111.9 tps, lat 28.288 ms stddev 39.504, 0 failed
progress: 13.0 s, 8346.3 tps, lat 30.747 ms stddev 42.561, 0 failed
progress: 14.0 s, 3908.9 tps, lat 69.226 ms stddev 72.052, 0 failed
progress: 15.0 s, 6838.2 tps, lat 35.318 ms stddev 46.351, 0 failed
progress: 16.0 s, 8795.5 tps, lat 29.418 ms stddev 40.989, 0 failed
progress: 17.0 s, 3345.5 tps, lat 75.288 ms stddev 67.306, 0 failed
progress: 18.0 s, 4535.1 tps, lat 56.362 ms stddev 64.262, 0 failed
progress: 19.0 s, 3167.2 tps, lat 80.965 ms stddev 68.752, 0 failed
progress: 20.0 s, 2935.9 tps, lat 87.453 ms stddev 78.755, 0 failed
progress: 21.0 s, 2981.4 tps, lat 86.148 ms stddev 78.218, 0 failed
progress: 22.0 s, 5325.2 tps, lat 48.072 ms stddev 56.522, 0 failed
progress: 23.0 s, 2901.4 tps, lat 87.203 ms stddev 77.144, 0 failed
progress: 24.0 s, 10016.8 tps, lat 25.666 ms stddev 34.326, 0 failed
progress: 25.0 s, 2940.6 tps, lat 86.098 ms stddev 76.570, 0 failed
progress: 26.0 s, 10331.5 tps, lat 25.779 ms stddev 38.487, 0 failed
progress: 27.0 s, 9529.9 tps, lat 26.124 ms stddev 33.555, 0 failed
progress: 28.0 s, 2989.9 tps, lat 85.201 ms stddev 74.400, 0 failed
progress: 29.0 s, 5679.2 tps, lat 45.035 ms stddev 58.116, 0 failed
progress: 30.0 s, 5238.9 tps, lat 49.144 ms stddev 60.979, 0 failed
progress: 31.0 s, 3071.6 tps, lat 83.375 ms stddev 71.048, 0 failed
progress: 32.0 s, 6656.6 tps, lat 38.093 ms stddev 49.414, 0 failed
progress: 33.0 s, 6422.8 tps, lat 42.333 ms stddev 57.329, 0 failed
progress: 34.0 s, 2928.3 tps, lat 82.884 ms stddev 72.035, 0 failed
progress: 35.0 s, 2924.6 tps, lat 86.914 ms stddev 75.710, 0 failed
progress: 36.0 s, 7173.5 tps, lat 35.725 ms stddev 50.137, 0 failed
progress: 37.0 s, 2882.3 tps, lat 88.608 ms stddev 78.987, 0 failed
progress: 38.0 s, 3008.0 tps, lat 86.196 ms stddev 74.629, 0 failed
progress: 39.0 s, 5346.2 tps, lat 50.609 ms stddev 62.385, 0 failed
progress: 40.0 s, 7326.6 tps, lat 32.614 ms stddev 41.319, 0 failed
progress: 41.0 s, 3028.3 tps, lat 85.168 ms stddev 72.167, 0 failed
progress: 42.0 s, 5238.1 tps, lat 49.155 ms stddev 57.146, 0 failed
progress: 43.0 s, 3681.4 tps, lat 73.135 ms stddev 70.189, 0 failed
progress: 44.0 s, 5165.2 tps, lat 46.136 ms stddev 57.833, 0 failed
progress: 45.0 s, 2960.9 tps, lat 86.392 ms stddev 79.688, 0 failed
progress: 46.0 s, 4672.4 tps, lat 55.404 ms stddev 64.500, 0 failed
progress: 47.0 s, 3324.5 tps, lat 77.949 ms stddev 72.137, 0 failed
progress: 48.0 s, 2955.2 tps, lat 85.853 ms stddev 74.167, 0 failed
progress: 49.0 s, 2952.1 tps, lat 86.659 ms stddev 76.588, 0 failed
progress: 50.0 s, 2956.5 tps, lat 86.046 ms stddev 78.770, 0 failed
progress: 51.0 s, 4732.1 tps, lat 57.413 ms stddev 68.364, 0 failed
progress: 52.0 s, 5390.0 tps, lat 44.614 ms stddev 56.392, 0 failed
progress: 53.0 s, 7045.4 tps, lat 37.152 ms stddev 49.744, 0 failed
progress: 54.0 s, 8818.2 tps, lat 29.197 ms stddev 40.567, 0 failed
progress: 55.0 s, 2938.7 tps, lat 84.331 ms stddev 74.555, 0 failed
progress: 56.0 s, 5359.6 tps, lat 48.040 ms stddev 60.013, 0 failed
progress: 57.0 s, 6203.7 tps, lat 41.296 ms stddev 51.928, 0 failed
progress: 58.0 s, 2985.1 tps, lat 85.395 ms stddev 75.173, 0 failed
progress: 59.0 s, 2970.5 tps, lat 85.826 ms stddev 75.441, 0 failed
transaction type: star-1-left.sql
scaling factor: 1
query mode: simple
number of clients: 256
number of threads: 256
maximum number of tries: 1
duration: 60 s
number of transactions actually processed: 289222
number of failed transactions: 0 (0.000%)
latency average = 52.993 ms
latency stddev = 66.721 ms
initial connection time = 141.561 ms
tps = 4829.429171 (without initial connection time)
