pgbench (18devel, server 8.0.26)
progress: 1.3 s, 0.0 tps, lat 0.000 ms stddev 0.000, 0 failed
progress: 2.0 s, 14.9 tps, lat 20.160 ms stddev 61.440, 0 failed
progress: 3.0 s, 11.0 tps, lat 254.131 ms stddev 537.717, 0 failed
progress: 4.0 s, 19.0 tps, lat 276.672 ms stddev 804.777, 0 failed
progress: 5.0 s, 2.0 tps, lat 1190.719 ms stddev 277.611, 0 failed
progress: 6.0 s, 17.0 tps, lat 675.309 ms stddev 1158.019, 0 failed
progress: 7.0 s, 4.0 tps, lat 982.795 ms stddev 192.364, 0 failed
progress: 8.0 s, 27.0 tps, lat 683.075 ms stddev 1625.035, 0 failed
progress: 9.0 s, 58.0 tps, lat 767.048 ms stddev 2007.201, 0 failed
progress: 10.0 s, 152.0 tps, lat 1005.555 ms stddev 2577.993, 0 failed
progress: 11.0 s, 1214.8 tps, lat 1701.188 ms stddev 3441.454, 0 failed
progress: 12.0 s, 1956.4 tps, lat 212.896 ms stddev 872.567, 0 failed
progress: 13.0 s, 1778.0 tps, lat 148.053 ms stddev 55.219, 0 failed
progress: 14.0 s, 2661.0 tps, lat 97.457 ms stddev 62.441, 0 failed
progress: 15.0 s, 1877.0 tps, lat 128.593 ms stddev 57.013, 0 failed
progress: 16.0 s, 1571.9 tps, lat 153.132 ms stddev 61.881, 0 failed
progress: 17.0 s, 1722.0 tps, lat 160.821 ms stddev 65.401, 0 failed
progress: 18.0 s, 3055.2 tps, lat 84.671 ms stddev 68.205, 0 failed
progress: 19.0 s, 1875.9 tps, lat 130.761 ms stddev 66.127, 0 failed
progress: 20.0 s, 1876.0 tps, lat 144.472 ms stddev 54.952, 0 failed
progress: 21.0 s, 2147.0 tps, lat 116.545 ms stddev 71.361, 0 failed
progress: 22.0 s, 2492.1 tps, lat 107.403 ms stddev 74.529, 0 failed
progress: 23.0 s, 2232.9 tps, lat 108.934 ms stddev 43.935, 0 failed
progress: 24.0 s, 1580.7 tps, lat 157.793 ms stddev 59.541, 0 failed
progress: 25.0 s, 1553.3 tps, lat 174.151 ms stddev 75.320, 0 failed
progress: 26.0 s, 3591.8 tps, lat 67.720 ms stddev 51.967, 0 failed
progress: 27.0 s, 2194.3 tps, lat 124.629 ms stddev 64.412, 0 failed
progress: 28.0 s, 2157.8 tps, lat 112.355 ms stddev 45.872, 0 failed
progress: 29.0 s, 1606.0 tps, lat 160.797 ms stddev 61.220, 0 failed
progress: 30.0 s, 1633.0 tps, lat 153.788 ms stddev 46.280, 0 failed
progress: 31.0 s, 1466.9 tps, lat 172.960 ms stddev 64.199, 0 failed
progress: 32.0 s, 1510.2 tps, lat 174.675 ms stddev 60.658, 0 failed
progress: 33.0 s, 1645.0 tps, lat 150.348 ms stddev 56.202, 0 failed
progress: 34.0 s, 2026.9 tps, lat 133.925 ms stddev 56.763, 0 failed
progress: 35.0 s, 1569.0 tps, lat 160.134 ms stddev 53.879, 0 failed
progress: 36.0 s, 1622.0 tps, lat 156.953 ms stddev 59.724, 0 failed
progress: 37.0 s, 1615.0 tps, lat 154.505 ms stddev 55.593, 0 failed
progress: 38.0 s, 2427.1 tps, lat 104.881 ms stddev 61.158, 0 failed
progress: 39.0 s, 1488.0 tps, lat 167.716 ms stddev 62.327, 0 failed
progress: 40.0 s, 1440.9 tps, lat 177.845 ms stddev 70.714, 0 failed
progress: 41.0 s, 1842.2 tps, lat 150.986 ms stddev 59.485, 0 failed
progress: 42.0 s, 1535.9 tps, lat 158.340 ms stddev 63.721, 0 failed
progress: 43.0 s, 1473.0 tps, lat 166.039 ms stddev 60.225, 0 failed
progress: 44.0 s, 1675.7 tps, lat 152.664 ms stddev 57.627, 0 failed
progress: 45.0 s, 1782.2 tps, lat 152.703 ms stddev 68.519, 0 failed
progress: 46.0 s, 1600.0 tps, lat 157.945 ms stddev 50.042, 0 failed
progress: 47.0 s, 2076.1 tps, lat 119.761 ms stddev 73.948, 0 failed
progress: 48.0 s, 1612.1 tps, lat 163.113 ms stddev 62.420, 0 failed
progress: 49.0 s, 1545.8 tps, lat 169.764 ms stddev 78.082, 0 failed
progress: 50.0 s, 1547.0 tps, lat 162.434 ms stddev 60.298, 0 failed
progress: 51.0 s, 1707.9 tps, lat 147.561 ms stddev 65.086, 0 failed
progress: 52.0 s, 1817.2 tps, lat 137.935 ms stddev 50.095, 0 failed
progress: 53.0 s, 1498.9 tps, lat 172.667 ms stddev 66.753, 0 failed
progress: 54.0 s, 1564.0 tps, lat 163.137 ms stddev 69.530, 0 failed
progress: 55.0 s, 2230.2 tps, lat 115.906 ms stddev 71.382, 0 failed
progress: 56.0 s, 3180.7 tps, lat 83.253 ms stddev 58.052, 0 failed
progress: 57.0 s, 1744.0 tps, lat 140.629 ms stddev 57.060, 0 failed
progress: 58.0 s, 1811.2 tps, lat 145.846 ms stddev 50.012, 0 failed
progress: 59.0 s, 1642.0 tps, lat 153.591 ms stddev 58.825, 0 failed
transaction type: star-1-left.sql
scaling factor: 1
query mode: simple
number of clients: 256
number of threads: 256
maximum number of tries: 1
duration: 60 s
number of transactions actually processed: 93667
number of failed transactions: 0 (0.000%)
latency average = 160.372 ms
latency stddev = 470.515 ms
initial connection time = 1365.306 ms
tps = 1595.791623 (without initial connection time)
