pgbench (18devel, server 8.0.26)
progress: 1.0 s, 0.0 tps, lat 0.000 ms stddev 0.000, 0 failed
progress: 2.0 s, 31.0 tps, lat 105.403 ms stddev 326.919, 0 failed
progress: 3.0 s, 2091.1 tps, lat 79.596 ms stddev 335.742, 0 failed
progress: 4.0 s, 4414.0 tps, lat 14.146 ms stddev 14.063, 0 failed
progress: 5.0 s, 3762.9 tps, lat 17.051 ms stddev 19.135, 0 failed
progress: 6.0 s, 3256.0 tps, lat 19.977 ms stddev 18.082, 0 failed
progress: 7.0 s, 3332.2 tps, lat 19.064 ms stddev 19.006, 0 failed
progress: 8.0 s, 2850.9 tps, lat 22.210 ms stddev 21.240, 0 failed
progress: 9.0 s, 3397.0 tps, lat 18.648 ms stddev 19.242, 0 failed
progress: 10.0 s, 3468.1 tps, lat 18.722 ms stddev 17.614, 0 failed
progress: 11.0 s, 2560.0 tps, lat 25.512 ms stddev 21.477, 0 failed
progress: 12.0 s, 2774.0 tps, lat 22.852 ms stddev 22.346, 0 failed
progress: 13.0 s, 2469.0 tps, lat 25.834 ms stddev 23.067, 0 failed
progress: 14.0 s, 3498.0 tps, lat 18.274 ms stddev 19.510, 0 failed
progress: 15.0 s, 3533.9 tps, lat 18.181 ms stddev 17.833, 0 failed
progress: 16.0 s, 3098.9 tps, lat 20.789 ms stddev 21.321, 0 failed
progress: 17.0 s, 2550.1 tps, lat 24.853 ms stddev 22.877, 0 failed
progress: 18.0 s, 3719.0 tps, lat 17.265 ms stddev 16.198, 0 failed
progress: 19.0 s, 3624.9 tps, lat 17.401 ms stddev 18.237, 0 failed
progress: 20.0 s, 3948.3 tps, lat 16.610 ms stddev 16.622, 0 failed
progress: 21.0 s, 2616.0 tps, lat 23.860 ms stddev 22.674, 0 failed
progress: 22.0 s, 2957.8 tps, lat 21.909 ms stddev 20.004, 0 failed
progress: 23.0 s, 2440.1 tps, lat 25.990 ms stddev 19.871, 0 failed
progress: 24.0 s, 1948.0 tps, lat 32.894 ms stddev 22.029, 0 failed
progress: 25.0 s, 2530.9 tps, lat 25.354 ms stddev 22.820, 0 failed
progress: 26.0 s, 3697.1 tps, lat 17.470 ms stddev 19.227, 0 failed
progress: 27.0 s, 3498.8 tps, lat 17.826 ms stddev 17.841, 0 failed
progress: 28.0 s, 3323.9 tps, lat 19.510 ms stddev 18.016, 0 failed
progress: 29.0 s, 2870.1 tps, lat 21.754 ms stddev 18.654, 0 failed
progress: 30.0 s, 3575.0 tps, lat 18.120 ms stddev 16.002, 0 failed
progress: 31.0 s, 3103.0 tps, lat 21.049 ms stddev 18.031, 0 failed
progress: 32.0 s, 2541.0 tps, lat 25.052 ms stddev 24.443, 0 failed
progress: 33.0 s, 2082.1 tps, lat 30.925 ms stddev 24.889, 0 failed
progress: 34.0 s, 2643.0 tps, lat 24.404 ms stddev 18.520, 0 failed
progress: 35.0 s, 2471.0 tps, lat 25.620 ms stddev 20.302, 0 failed
progress: 36.0 s, 2141.0 tps, lat 29.620 ms stddev 21.693, 0 failed
progress: 37.0 s, 2838.9 tps, lat 22.630 ms stddev 20.849, 0 failed
progress: 38.0 s, 2726.9 tps, lat 23.169 ms stddev 22.109, 0 failed
progress: 39.0 s, 3585.0 tps, lat 17.898 ms stddev 16.892, 0 failed
progress: 40.0 s, 2832.2 tps, lat 22.653 ms stddev 17.366, 0 failed
progress: 41.0 s, 3576.0 tps, lat 17.869 ms stddev 16.126, 0 failed
progress: 42.0 s, 2249.0 tps, lat 28.508 ms stddev 23.329, 0 failed
progress: 43.0 s, 4372.4 tps, lat 14.777 ms stddev 16.252, 0 failed
progress: 44.0 s, 3952.5 tps, lat 15.861 ms stddev 15.739, 0 failed
progress: 45.0 s, 2657.0 tps, lat 24.984 ms stddev 23.122, 0 failed
progress: 46.0 s, 2469.9 tps, lat 25.133 ms stddev 20.551, 0 failed
progress: 47.0 s, 2219.1 tps, lat 29.002 ms stddev 21.030, 0 failed
progress: 48.0 s, 2951.0 tps, lat 21.556 ms stddev 23.341, 0 failed
progress: 49.0 s, 2750.0 tps, lat 23.989 ms stddev 22.417, 0 failed
progress: 50.0 s, 2628.0 tps, lat 23.610 ms stddev 24.299, 0 failed
progress: 51.0 s, 2604.9 tps, lat 24.700 ms stddev 20.070, 0 failed
progress: 52.0 s, 2049.1 tps, lat 31.470 ms stddev 23.458, 0 failed
progress: 53.0 s, 3357.0 tps, lat 18.914 ms stddev 19.233, 0 failed
progress: 54.0 s, 2430.9 tps, lat 25.853 ms stddev 22.318, 0 failed
progress: 55.0 s, 3224.2 tps, lat 20.396 ms stddev 20.037, 0 failed
progress: 56.0 s, 2182.0 tps, lat 29.237 ms stddev 22.577, 0 failed
progress: 57.0 s, 2720.9 tps, lat 23.769 ms stddev 21.336, 0 failed
progress: 58.0 s, 3609.9 tps, lat 17.631 ms stddev 15.704, 0 failed
progress: 59.0 s, 3132.2 tps, lat 19.982 ms stddev 18.690, 0 failed
transaction type: star-1-left.sql
scaling factor: 1
query mode: simple
number of clients: 64
number of threads: 64
maximum number of tries: 1
duration: 60 s
number of transactions actually processed: 172803
number of failed transactions: 0 (0.000%)
latency average = 22.092 ms
latency stddev = 42.725 ms
initial connection time = 371.314 ms
tps = 2896.121787 (without initial connection time)
