pgbench (18devel, server 13.16)
progress: 1.0 s, 925.9 tps, lat 17.011 ms stddev 1.206, 0 failed
progress: 2.0 s, 958.0 tps, lat 16.727 ms stddev 0.491, 0 failed
progress: 3.0 s, 959.0 tps, lat 16.725 ms stddev 0.539, 0 failed
progress: 4.0 s, 951.0 tps, lat 16.799 ms stddev 0.159, 0 failed
progress: 5.0 s, 953.0 tps, lat 16.774 ms stddev 0.084, 0 failed
progress: 6.0 s, 953.0 tps, lat 16.766 ms stddev 0.084, 0 failed
progress: 7.0 s, 957.0 tps, lat 16.756 ms stddev 0.106, 0 failed
progress: 8.0 s, 952.0 tps, lat 16.751 ms stddev 0.163, 0 failed
progress: 9.0 s, 962.0 tps, lat 16.719 ms stddev 0.098, 0 failed
progress: 10.0 s, 951.0 tps, lat 16.721 ms stddev 0.102, 0 failed
progress: 11.0 s, 958.0 tps, lat 16.745 ms stddev 0.092, 0 failed
progress: 12.0 s, 957.0 tps, lat 16.758 ms stddev 0.100, 0 failed
progress: 13.0 s, 952.0 tps, lat 16.747 ms stddev 0.106, 0 failed
progress: 14.0 s, 956.0 tps, lat 16.777 ms stddev 0.106, 0 failed
progress: 15.0 s, 951.0 tps, lat 16.782 ms stddev 0.107, 0 failed
progress: 16.0 s, 956.0 tps, lat 16.765 ms stddev 0.093, 0 failed
progress: 17.0 s, 956.0 tps, lat 16.757 ms stddev 0.100, 0 failed
progress: 18.0 s, 954.0 tps, lat 16.770 ms stddev 0.106, 0 failed
progress: 19.0 s, 951.0 tps, lat 16.751 ms stddev 0.098, 0 failed
progress: 20.0 s, 958.0 tps, lat 16.752 ms stddev 0.101, 0 failed
progress: 21.0 s, 957.0 tps, lat 16.739 ms stddev 0.080, 0 failed
progress: 22.0 s, 953.0 tps, lat 16.742 ms stddev 0.100, 0 failed
progress: 23.0 s, 956.0 tps, lat 16.763 ms stddev 0.124, 0 failed
progress: 24.0 s, 955.0 tps, lat 16.768 ms stddev 0.098, 0 failed
progress: 25.0 s, 953.0 tps, lat 16.745 ms stddev 0.106, 0 failed
progress: 26.0 s, 958.0 tps, lat 16.758 ms stddev 0.095, 0 failed
progress: 27.0 s, 954.0 tps, lat 16.752 ms stddev 0.143, 0 failed
progress: 28.0 s, 952.0 tps, lat 16.768 ms stddev 0.116, 0 failed
progress: 29.0 s, 959.1 tps, lat 16.778 ms stddev 0.098, 0 failed
progress: 30.0 s, 950.9 tps, lat 16.712 ms stddev 0.106, 0 failed
progress: 31.0 s, 959.0 tps, lat 16.738 ms stddev 0.094, 0 failed
progress: 32.0 s, 960.0 tps, lat 16.728 ms stddev 0.097, 0 failed
progress: 33.0 s, 950.0 tps, lat 16.720 ms stddev 0.105, 0 failed
progress: 34.0 s, 960.0 tps, lat 16.736 ms stddev 0.120, 0 failed
progress: 35.0 s, 955.0 tps, lat 16.738 ms stddev 0.130, 0 failed
progress: 36.0 s, 952.0 tps, lat 16.771 ms stddev 0.114, 0 failed
progress: 37.0 s, 958.0 tps, lat 16.748 ms stddev 0.110, 0 failed
progress: 38.0 s, 956.0 tps, lat 16.750 ms stddev 0.102, 0 failed
progress: 39.0 s, 953.0 tps, lat 16.753 ms stddev 0.105, 0 failed
progress: 40.0 s, 953.0 tps, lat 16.781 ms stddev 0.105, 0 failed
progress: 41.0 s, 955.0 tps, lat 16.764 ms stddev 0.085, 0 failed
progress: 42.0 s, 955.0 tps, lat 16.745 ms stddev 0.095, 0 failed
progress: 43.0 s, 955.0 tps, lat 16.761 ms stddev 0.096, 0 failed
progress: 44.0 s, 954.0 tps, lat 16.760 ms stddev 0.096, 0 failed
progress: 45.0 s, 955.0 tps, lat 16.756 ms stddev 0.113, 0 failed
progress: 46.0 s, 957.0 tps, lat 16.739 ms stddev 0.111, 0 failed
progress: 47.0 s, 954.0 tps, lat 16.745 ms stddev 0.088, 0 failed
progress: 48.0 s, 955.0 tps, lat 16.744 ms stddev 0.101, 0 failed
progress: 49.0 s, 958.0 tps, lat 16.764 ms stddev 0.120, 0 failed
progress: 50.0 s, 953.0 tps, lat 16.776 ms stddev 0.112, 0 failed
progress: 51.0 s, 953.0 tps, lat 16.754 ms stddev 0.108, 0 failed
progress: 52.0 s, 954.0 tps, lat 16.787 ms stddev 0.123, 0 failed
progress: 53.0 s, 951.0 tps, lat 16.813 ms stddev 0.127, 0 failed
progress: 54.0 s, 951.0 tps, lat 16.802 ms stddev 0.131, 0 failed
progress: 55.0 s, 953.0 tps, lat 16.814 ms stddev 0.129, 0 failed
progress: 56.0 s, 954.0 tps, lat 16.778 ms stddev 0.116, 0 failed
progress: 57.0 s, 954.0 tps, lat 16.769 ms stddev 0.115, 0 failed
progress: 58.0 s, 953.0 tps, lat 16.767 ms stddev 0.113, 0 failed
progress: 59.0 s, 956.0 tps, lat 16.779 ms stddev 0.167, 0 failed
progress: 60.0 s, 949.0 tps, lat 16.816 ms stddev 0.122, 0 failed
transaction type: star-1.sql
scaling factor: 1
query mode: simple
number of clients: 16
number of threads: 16
maximum number of tries: 1
duration: 60 s
number of transactions actually processed: 57267
number of failed transactions: 0 (0.000%)
latency average = 16.763 ms
latency stddev = 0.213 ms
initial connection time = 10.788 ms
tps = 954.384434 (without initial connection time)
