pgbench (18devel)
starting vacuum...end.
progress: 1.0 s, 46689.2 tps, lat 0.678 ms stddev 0.218, 0 failed
progress: 2.0 s, 60123.9 tps, lat 0.532 ms stddev 0.154, 0 failed
progress: 3.0 s, 67866.0 tps, lat 0.471 ms stddev 0.162, 0 failed
progress: 4.0 s, 82516.1 tps, lat 0.388 ms stddev 0.075, 0 failed
progress: 5.0 s, 89078.5 tps, lat 0.359 ms stddev 0.106, 0 failed
progress: 6.0 s, 92932.0 tps, lat 0.344 ms stddev 0.041, 0 failed
progress: 7.0 s, 94661.7 tps, lat 0.338 ms stddev 0.089, 0 failed
progress: 8.0 s, 96211.4 tps, lat 0.332 ms stddev 0.037, 0 failed
progress: 9.0 s, 97222.8 tps, lat 0.329 ms stddev 0.038, 0 failed
progress: 10.0 s, 97474.7 tps, lat 0.328 ms stddev 0.034, 0 failed
progress: 11.0 s, 96308.5 tps, lat 0.332 ms stddev 0.037, 0 failed
progress: 12.0 s, 97385.9 tps, lat 0.328 ms stddev 0.037, 0 failed
progress: 13.0 s, 97875.7 tps, lat 0.327 ms stddev 0.035, 0 failed
progress: 14.0 s, 98697.5 tps, lat 0.324 ms stddev 0.037, 0 failed
progress: 15.0 s, 98683.5 tps, lat 0.324 ms stddev 0.038, 0 failed
progress: 16.0 s, 97984.0 tps, lat 0.326 ms stddev 0.037, 0 failed
progress: 17.0 s, 97402.2 tps, lat 0.328 ms stddev 0.037, 0 failed
progress: 18.0 s, 96588.1 tps, lat 0.331 ms stddev 0.036, 0 failed
progress: 19.0 s, 97054.8 tps, lat 0.329 ms stddev 0.039, 0 failed
progress: 20.0 s, 98362.3 tps, lat 0.325 ms stddev 0.043, 0 failed
progress: 21.0 s, 98400.7 tps, lat 0.325 ms stddev 0.043, 0 failed
progress: 22.0 s, 98241.3 tps, lat 0.325 ms stddev 0.042, 0 failed
progress: 23.0 s, 97739.0 tps, lat 0.327 ms stddev 0.037, 0 failed
progress: 24.0 s, 98110.6 tps, lat 0.326 ms stddev 0.037, 0 failed
progress: 25.0 s, 96760.1 tps, lat 0.331 ms stddev 0.084, 0 failed
progress: 26.0 s, 98387.9 tps, lat 0.325 ms stddev 0.037, 0 failed
progress: 27.0 s, 92763.8 tps, lat 0.345 ms stddev 0.064, 0 failed
progress: 28.0 s, 97777.1 tps, lat 0.327 ms stddev 0.035, 0 failed
progress: 29.0 s, 98216.6 tps, lat 0.326 ms stddev 0.037, 0 failed
progress: 30.0 s, 98031.2 tps, lat 0.326 ms stddev 0.035, 0 failed
progress: 31.0 s, 97223.1 tps, lat 0.329 ms stddev 0.043, 0 failed
progress: 32.0 s, 98033.2 tps, lat 0.326 ms stddev 0.034, 0 failed
progress: 33.0 s, 98253.0 tps, lat 0.325 ms stddev 0.036, 0 failed
progress: 34.0 s, 62126.5 tps, lat 0.436 ms stddev 4.470, 0 failed
progress: 35.0 s, 95954.6 tps, lat 0.384 ms stddev 3.104, 0 failed
progress: 36.0 s, 98760.9 tps, lat 0.324 ms stddev 0.037, 0 failed
progress: 37.0 s, 98385.8 tps, lat 0.325 ms stddev 0.037, 0 failed
progress: 38.0 s, 98715.9 tps, lat 0.324 ms stddev 0.035, 0 failed
progress: 39.0 s, 95506.9 tps, lat 0.335 ms stddev 0.095, 0 failed
progress: 40.0 s, 98165.5 tps, lat 0.326 ms stddev 0.032, 0 failed
progress: 41.0 s, 97721.1 tps, lat 0.327 ms stddev 0.040, 0 failed
progress: 42.0 s, 95670.2 tps, lat 0.334 ms stddev 0.035, 0 failed
progress: 43.0 s, 98214.0 tps, lat 0.326 ms stddev 0.038, 0 failed
progress: 44.0 s, 97067.2 tps, lat 0.329 ms stddev 0.036, 0 failed
progress: 45.0 s, 98699.0 tps, lat 0.324 ms stddev 0.040, 0 failed
progress: 46.0 s, 96596.4 tps, lat 0.331 ms stddev 0.051, 0 failed
progress: 47.0 s, 98184.5 tps, lat 0.326 ms stddev 0.037, 0 failed
progress: 48.0 s, 99553.8 tps, lat 0.321 ms stddev 0.037, 0 failed
progress: 49.0 s, 99224.9 tps, lat 0.322 ms stddev 0.032, 0 failed
progress: 50.0 s, 97442.6 tps, lat 0.328 ms stddev 0.042, 0 failed
progress: 51.0 s, 97451.6 tps, lat 0.328 ms stddev 0.043, 0 failed
progress: 52.0 s, 99134.6 tps, lat 0.323 ms stddev 0.038, 0 failed
progress: 53.0 s, 97085.8 tps, lat 0.329 ms stddev 0.048, 0 failed
progress: 54.0 s, 99988.1 tps, lat 0.320 ms stddev 0.036, 0 failed
progress: 55.0 s, 98711.5 tps, lat 0.324 ms stddev 0.036, 0 failed
progress: 56.0 s, 96769.8 tps, lat 0.330 ms stddev 0.090, 0 failed
progress: 57.0 s, 98510.2 tps, lat 0.325 ms stddev 0.042, 0 failed
progress: 58.0 s, 97705.1 tps, lat 0.327 ms stddev 0.039, 0 failed
progress: 59.0 s, 97922.6 tps, lat 0.327 ms stddev 0.039, 0 failed
transaction type: <builtin: simple update>
scaling factor: 100
query mode: simple
number of clients: 32
number of threads: 32
maximum number of tries: 1
duration: 60 s
number of transactions actually processed: 5676471
number of failed transactions: 0 (0.000%)
latency average = 0.338 ms
latency stddev = 0.622 ms
initial connection time = 12.138 ms
tps = 94624.667958 (without initial connection time)
