pgbench (18devel, server 13.16)
progress: 1.0 s, 30031.0 tps, lat 2.098 ms stddev 0.981, 0 failed
progress: 2.0 s, 31177.2 tps, lat 2.052 ms stddev 0.523, 0 failed
progress: 3.0 s, 29858.9 tps, lat 2.143 ms stddev 0.540, 0 failed
progress: 4.0 s, 29892.9 tps, lat 2.141 ms stddev 0.539, 0 failed
progress: 5.0 s, 29700.2 tps, lat 2.154 ms stddev 0.530, 0 failed
progress: 6.0 s, 29606.0 tps, lat 2.162 ms stddev 0.531, 0 failed
progress: 7.0 s, 29750.9 tps, lat 2.151 ms stddev 0.534, 0 failed
progress: 8.0 s, 29851.1 tps, lat 2.143 ms stddev 0.538, 0 failed
progress: 9.0 s, 29947.8 tps, lat 2.137 ms stddev 0.536, 0 failed
progress: 10.0 s, 29846.1 tps, lat 2.144 ms stddev 0.536, 0 failed
progress: 11.0 s, 30136.9 tps, lat 2.124 ms stddev 0.542, 0 failed
progress: 12.0 s, 29941.0 tps, lat 2.136 ms stddev 0.537, 0 failed
progress: 13.0 s, 30054.0 tps, lat 2.130 ms stddev 0.542, 0 failed
progress: 14.0 s, 29728.1 tps, lat 2.152 ms stddev 0.541, 0 failed
progress: 15.0 s, 29837.9 tps, lat 2.145 ms stddev 0.546, 0 failed
progress: 16.0 s, 29777.0 tps, lat 2.149 ms stddev 0.537, 0 failed
progress: 17.0 s, 30018.9 tps, lat 2.132 ms stddev 0.542, 0 failed
progress: 18.0 s, 29795.2 tps, lat 2.147 ms stddev 0.536, 0 failed
progress: 19.0 s, 29847.9 tps, lat 2.144 ms stddev 0.540, 0 failed
progress: 20.0 s, 29914.1 tps, lat 2.139 ms stddev 0.542, 0 failed
progress: 21.0 s, 29757.2 tps, lat 2.151 ms stddev 0.537, 0 failed
progress: 22.0 s, 29892.8 tps, lat 2.140 ms stddev 0.538, 0 failed
progress: 23.0 s, 29577.1 tps, lat 2.163 ms stddev 0.530, 0 failed
progress: 24.0 s, 29849.9 tps, lat 2.144 ms stddev 0.537, 0 failed
progress: 25.0 s, 29882.2 tps, lat 2.141 ms stddev 0.541, 0 failed
progress: 26.0 s, 29813.8 tps, lat 2.146 ms stddev 0.540, 0 failed
progress: 27.0 s, 29834.0 tps, lat 2.145 ms stddev 0.538, 0 failed
progress: 28.0 s, 29801.9 tps, lat 2.147 ms stddev 0.536, 0 failed
progress: 29.0 s, 29943.2 tps, lat 2.137 ms stddev 0.542, 0 failed
progress: 30.0 s, 29581.7 tps, lat 2.163 ms stddev 0.533, 0 failed
progress: 31.0 s, 29776.1 tps, lat 2.148 ms stddev 0.539, 0 failed
progress: 32.0 s, 29755.0 tps, lat 2.151 ms stddev 0.535, 0 failed
progress: 33.0 s, 29946.9 tps, lat 2.136 ms stddev 0.542, 0 failed
progress: 34.0 s, 29902.2 tps, lat 2.140 ms stddev 0.541, 0 failed
progress: 35.0 s, 29724.9 tps, lat 2.152 ms stddev 0.537, 0 failed
progress: 36.0 s, 29940.9 tps, lat 2.137 ms stddev 0.545, 0 failed
progress: 37.0 s, 29734.9 tps, lat 2.153 ms stddev 0.538, 0 failed
progress: 38.0 s, 29900.0 tps, lat 2.140 ms stddev 0.545, 0 failed
progress: 39.0 s, 29812.0 tps, lat 2.147 ms stddev 0.539, 0 failed
progress: 40.0 s, 29835.1 tps, lat 2.144 ms stddev 0.542, 0 failed
progress: 41.0 s, 29688.2 tps, lat 2.156 ms stddev 0.538, 0 failed
progress: 42.0 s, 29554.8 tps, lat 2.165 ms stddev 0.535, 0 failed
progress: 43.0 s, 29651.0 tps, lat 2.158 ms stddev 0.540, 0 failed
progress: 44.0 s, 29868.1 tps, lat 2.143 ms stddev 0.541, 0 failed
progress: 45.0 s, 29715.9 tps, lat 2.153 ms stddev 0.540, 0 failed
progress: 46.0 s, 29698.0 tps, lat 2.155 ms stddev 0.536, 0 failed
progress: 47.0 s, 29759.0 tps, lat 2.150 ms stddev 0.539, 0 failed
progress: 48.0 s, 29864.9 tps, lat 2.142 ms stddev 0.545, 0 failed
progress: 49.0 s, 29427.0 tps, lat 2.174 ms stddev 0.533, 0 failed
progress: 50.0 s, 29787.1 tps, lat 2.149 ms stddev 0.544, 0 failed
progress: 51.0 s, 29720.0 tps, lat 2.153 ms stddev 0.539, 0 failed
progress: 52.0 s, 29713.1 tps, lat 2.153 ms stddev 0.538, 0 failed
progress: 53.0 s, 29533.9 tps, lat 2.166 ms stddev 0.535, 0 failed
progress: 54.0 s, 29646.1 tps, lat 2.158 ms stddev 0.537, 0 failed
progress: 55.0 s, 29772.6 tps, lat 2.150 ms stddev 0.544, 0 failed
progress: 56.0 s, 29742.2 tps, lat 2.151 ms stddev 0.542, 0 failed
progress: 57.0 s, 29637.0 tps, lat 2.159 ms stddev 0.539, 0 failed
progress: 58.0 s, 29965.9 tps, lat 2.135 ms stddev 0.547, 0 failed
progress: 59.0 s, 29887.3 tps, lat 2.141 ms stddev 0.545, 0 failed
transaction type: star-1.sql
scaling factor: 1
query mode: simple
number of clients: 64
number of threads: 64
maximum number of tries: 1
duration: 60 s
number of transactions actually processed: 1788520
number of failed transactions: 0 (0.000%)
latency average = 2.145 ms
latency stddev = 0.549 ms
initial connection time = 38.965 ms
tps = 29826.474563 (without initial connection time)
