pgbench (18devel, server 8.4.22)
progress: 1.0 s, 2404.5 tps, lat 50.732 ms stddev 60.057, 0 failed
progress: 2.0 s, 3108.3 tps, lat 41.133 ms stddev 17.068, 0 failed
progress: 3.0 s, 3099.0 tps, lat 41.358 ms stddev 16.594, 0 failed
progress: 4.0 s, 3261.9 tps, lat 39.278 ms stddev 17.590, 0 failed
progress: 5.0 s, 5638.3 tps, lat 22.665 ms stddev 19.902, 0 failed
progress: 6.0 s, 3480.2 tps, lat 36.740 ms stddev 20.006, 0 failed
progress: 7.0 s, 3380.8 tps, lat 37.957 ms stddev 17.773, 0 failed
progress: 8.0 s, 3612.9 tps, lat 35.373 ms stddev 18.700, 0 failed
progress: 9.0 s, 4109.0 tps, lat 31.114 ms stddev 20.616, 0 failed
progress: 10.0 s, 3418.3 tps, lat 37.611 ms stddev 19.256, 0 failed
progress: 11.0 s, 3191.1 tps, lat 40.029 ms stddev 16.628, 0 failed
progress: 12.0 s, 3174.3 tps, lat 40.263 ms stddev 17.722, 0 failed
progress: 13.0 s, 3120.2 tps, lat 40.970 ms stddev 17.541, 0 failed
progress: 14.0 s, 3138.7 tps, lat 40.777 ms stddev 17.445, 0 failed
progress: 15.0 s, 5694.0 tps, lat 22.576 ms stddev 20.054, 0 failed
progress: 16.0 s, 4357.3 tps, lat 29.262 ms stddev 20.752, 0 failed
progress: 17.0 s, 4266.0 tps, lat 30.152 ms stddev 20.546, 0 failed
progress: 18.0 s, 3580.8 tps, lat 35.605 ms stddev 19.035, 0 failed
progress: 19.0 s, 3482.0 tps, lat 36.736 ms stddev 19.125, 0 failed
progress: 20.0 s, 3655.0 tps, lat 35.034 ms stddev 19.387, 0 failed
progress: 21.0 s, 3157.1 tps, lat 40.673 ms stddev 17.124, 0 failed
progress: 22.0 s, 3121.0 tps, lat 40.918 ms stddev 17.471, 0 failed
progress: 23.0 s, 3187.8 tps, lat 40.163 ms stddev 17.570, 0 failed
progress: 24.0 s, 3119.4 tps, lat 41.159 ms stddev 18.124, 0 failed
progress: 25.0 s, 3499.5 tps, lat 36.420 ms stddev 19.338, 0 failed
progress: 26.0 s, 4496.6 tps, lat 28.446 ms stddev 20.359, 0 failed
progress: 27.0 s, 5104.7 tps, lat 25.191 ms stddev 20.408, 0 failed
progress: 28.0 s, 4165.3 tps, lat 31.211 ms stddev 20.178, 0 failed
progress: 29.0 s, 3651.0 tps, lat 34.435 ms stddev 19.103, 0 failed
progress: 30.0 s, 3121.0 tps, lat 40.892 ms stddev 17.275, 0 failed
progress: 31.0 s, 3097.4 tps, lat 41.276 ms stddev 17.581, 0 failed
progress: 32.0 s, 3115.6 tps, lat 41.168 ms stddev 17.479, 0 failed
progress: 33.0 s, 3137.8 tps, lat 40.828 ms stddev 17.313, 0 failed
progress: 34.0 s, 3137.0 tps, lat 40.852 ms stddev 17.557, 0 failed
progress: 35.0 s, 3131.9 tps, lat 40.789 ms stddev 16.928, 0 failed
progress: 36.0 s, 3096.8 tps, lat 41.225 ms stddev 17.539, 0 failed
progress: 37.0 s, 4256.3 tps, lat 30.228 ms stddev 20.600, 0 failed
progress: 38.0 s, 4369.3 tps, lat 29.190 ms stddev 20.942, 0 failed
progress: 39.0 s, 5244.0 tps, lat 24.595 ms stddev 20.625, 0 failed
progress: 40.0 s, 3997.3 tps, lat 31.778 ms stddev 20.298, 0 failed
progress: 41.0 s, 6774.6 tps, lat 18.907 ms stddev 18.576, 0 failed
progress: 42.0 s, 6355.7 tps, lat 20.143 ms stddev 18.849, 0 failed
progress: 43.0 s, 3151.9 tps, lat 40.615 ms stddev 17.250, 0 failed
progress: 44.0 s, 3289.1 tps, lat 38.883 ms stddev 18.189, 0 failed
progress: 45.0 s, 3094.7 tps, lat 41.378 ms stddev 17.724, 0 failed
progress: 46.0 s, 3182.6 tps, lat 40.167 ms stddev 16.562, 0 failed
progress: 47.0 s, 3104.4 tps, lat 41.326 ms stddev 18.145, 0 failed
progress: 48.0 s, 3177.5 tps, lat 40.454 ms stddev 17.751, 0 failed
progress: 49.0 s, 3584.3 tps, lat 35.526 ms stddev 19.386, 0 failed
progress: 50.0 s, 5180.1 tps, lat 24.747 ms stddev 20.070, 0 failed
progress: 51.0 s, 3078.9 tps, lat 41.514 ms stddev 17.002, 0 failed
progress: 52.0 s, 4557.7 tps, lat 28.056 ms stddev 21.204, 0 failed
progress: 53.0 s, 4439.9 tps, lat 29.388 ms stddev 21.321, 0 failed
progress: 54.0 s, 4257.4 tps, lat 29.487 ms stddev 21.381, 0 failed
progress: 55.0 s, 4000.1 tps, lat 32.000 ms stddev 20.473, 0 failed
progress: 56.0 s, 3595.5 tps, lat 35.638 ms stddev 19.579, 0 failed
progress: 57.0 s, 3111.9 tps, lat 41.044 ms stddev 17.304, 0 failed
progress: 58.0 s, 7252.5 tps, lat 17.673 ms stddev 17.172, 0 failed
progress: 59.0 s, 4302.3 tps, lat 29.781 ms stddev 21.300, 0 failed
transaction type: star-1-left.sql
scaling factor: 1
query mode: simple
number of clients: 128
number of threads: 128
maximum number of tries: 1
duration: 60 s
number of transactions actually processed: 229009
number of failed transactions: 0 (0.000%)
latency average = 33.501 ms
latency stddev = 21.262 ms
initial connection time = 76.142 ms
tps = 3820.150321 (without initial connection time)
