pgbench (18devel, server 12.20)
progress: 1.0 s, 9843.9 tps, lat 0.101 ms stddev 0.064, 0 failed
progress: 2.0 s, 10161.6 tps, lat 0.098 ms stddev 0.004, 0 failed
progress: 3.0 s, 10010.0 tps, lat 0.100 ms stddev 0.003, 0 failed
progress: 4.0 s, 9985.0 tps, lat 0.100 ms stddev 0.004, 0 failed
progress: 5.0 s, 10061.0 tps, lat 0.099 ms stddev 0.004, 0 failed
progress: 6.0 s, 10047.0 tps, lat 0.099 ms stddev 0.003, 0 failed
progress: 7.0 s, 9774.0 tps, lat 0.102 ms stddev 0.003, 0 failed
progress: 8.0 s, 9692.1 tps, lat 0.103 ms stddev 0.003, 0 failed
progress: 9.0 s, 10182.3 tps, lat 0.098 ms stddev 0.004, 0 failed
progress: 10.0 s, 10284.6 tps, lat 0.097 ms stddev 0.004, 0 failed
progress: 11.0 s, 9854.9 tps, lat 0.101 ms stddev 0.003, 0 failed
progress: 12.0 s, 9823.2 tps, lat 0.102 ms stddev 0.003, 0 failed
progress: 13.0 s, 10188.9 tps, lat 0.098 ms stddev 0.004, 0 failed
progress: 14.0 s, 9841.8 tps, lat 0.102 ms stddev 0.003, 0 failed
progress: 15.0 s, 9745.0 tps, lat 0.103 ms stddev 0.003, 0 failed
progress: 16.0 s, 9706.0 tps, lat 0.103 ms stddev 0.004, 0 failed
progress: 17.0 s, 9800.0 tps, lat 0.102 ms stddev 0.002, 0 failed
progress: 18.0 s, 10060.1 tps, lat 0.099 ms stddev 0.003, 0 failed
progress: 19.0 s, 10128.9 tps, lat 0.099 ms stddev 0.002, 0 failed
progress: 20.0 s, 9954.0 tps, lat 0.100 ms stddev 0.004, 0 failed
progress: 21.0 s, 10219.0 tps, lat 0.098 ms stddev 0.004, 0 failed
progress: 22.0 s, 10396.1 tps, lat 0.096 ms stddev 0.002, 0 failed
progress: 23.0 s, 9987.4 tps, lat 0.100 ms stddev 0.004, 0 failed
progress: 24.0 s, 9924.5 tps, lat 0.101 ms stddev 0.003, 0 failed
progress: 25.0 s, 9859.1 tps, lat 0.101 ms stddev 0.003, 0 failed
progress: 26.0 s, 10114.9 tps, lat 0.099 ms stddev 0.002, 0 failed
progress: 27.0 s, 10136.3 tps, lat 0.099 ms stddev 0.002, 0 failed
progress: 28.0 s, 10130.7 tps, lat 0.099 ms stddev 0.002, 0 failed
progress: 29.0 s, 10246.4 tps, lat 0.098 ms stddev 0.003, 0 failed
progress: 30.0 s, 10183.2 tps, lat 0.098 ms stddev 0.004, 0 failed
progress: 31.0 s, 9737.5 tps, lat 0.103 ms stddev 0.005, 0 failed
progress: 32.0 s, 9715.5 tps, lat 0.103 ms stddev 0.003, 0 failed
progress: 33.0 s, 9845.7 tps, lat 0.101 ms stddev 0.004, 0 failed
progress: 34.0 s, 9974.3 tps, lat 0.100 ms stddev 0.004, 0 failed
progress: 35.0 s, 9915.6 tps, lat 0.101 ms stddev 0.003, 0 failed
progress: 36.0 s, 9719.0 tps, lat 0.103 ms stddev 0.002, 0 failed
progress: 37.0 s, 10082.3 tps, lat 0.099 ms stddev 0.004, 0 failed
progress: 38.0 s, 10409.2 tps, lat 0.096 ms stddev 0.002, 0 failed
progress: 39.0 s, 10041.6 tps, lat 0.100 ms stddev 0.004, 0 failed
progress: 40.0 s, 9712.9 tps, lat 0.103 ms stddev 0.002, 0 failed
progress: 41.0 s, 9833.3 tps, lat 0.102 ms stddev 0.004, 0 failed
progress: 42.0 s, 9710.7 tps, lat 0.103 ms stddev 0.002, 0 failed
progress: 43.0 s, 9932.0 tps, lat 0.101 ms stddev 0.003, 0 failed
progress: 44.0 s, 10181.2 tps, lat 0.098 ms stddev 0.002, 0 failed
progress: 45.0 s, 10284.8 tps, lat 0.097 ms stddev 0.003, 0 failed
progress: 46.0 s, 10421.2 tps, lat 0.096 ms stddev 0.002, 0 failed
progress: 47.0 s, 10394.1 tps, lat 0.096 ms stddev 0.002, 0 failed
progress: 48.0 s, 10386.3 tps, lat 0.096 ms stddev 0.002, 0 failed
progress: 49.0 s, 10394.6 tps, lat 0.096 ms stddev 0.003, 0 failed
progress: 50.0 s, 10393.2 tps, lat 0.096 ms stddev 0.003, 0 failed
progress: 51.0 s, 10380.8 tps, lat 0.096 ms stddev 0.002, 0 failed
progress: 52.0 s, 10365.9 tps, lat 0.096 ms stddev 0.002, 0 failed
progress: 53.0 s, 10393.0 tps, lat 0.096 ms stddev 0.002, 0 failed
progress: 54.0 s, 9945.0 tps, lat 0.100 ms stddev 0.004, 0 failed
progress: 55.0 s, 9800.0 tps, lat 0.102 ms stddev 0.003, 0 failed
progress: 56.0 s, 9825.0 tps, lat 0.102 ms stddev 0.003, 0 failed
progress: 57.0 s, 9902.0 tps, lat 0.101 ms stddev 0.004, 0 failed
progress: 58.0 s, 9676.2 tps, lat 0.103 ms stddev 0.002, 0 failed
progress: 59.0 s, 10014.9 tps, lat 0.100 ms stddev 0.003, 0 failed
progress: 60.0 s, 10127.4 tps, lat 0.099 ms stddev 0.002, 0 failed
transaction type: star-1-left.sql
scaling factor: 1
query mode: prepared
number of clients: 1
number of threads: 1
maximum number of tries: 1
duration: 60 s
number of transactions actually processed: 601858
number of failed transactions: 0 (0.000%)
latency average = 0.100 ms
latency stddev = 0.009 ms
initial connection time = 2.023 ms
tps = 10031.285494 (without initial connection time)
