pgbench (18devel, server 12.20)
progress: 1.0 s, 81734.3 tps, lat 1.524 ms stddev 2.333, 0 failed
progress: 2.0 s, 87319.2 tps, lat 1.465 ms stddev 1.599, 0 failed
progress: 3.0 s, 87177.0 tps, lat 1.469 ms stddev 1.596, 0 failed
progress: 4.0 s, 87112.0 tps, lat 1.469 ms stddev 1.607, 0 failed
progress: 5.0 s, 89815.5 tps, lat 1.425 ms stddev 1.526, 0 failed
progress: 6.0 s, 87022.2 tps, lat 1.471 ms stddev 1.611, 0 failed
progress: 7.0 s, 87533.0 tps, lat 1.462 ms stddev 1.596, 0 failed
progress: 8.0 s, 86960.1 tps, lat 1.472 ms stddev 1.618, 0 failed
progress: 9.0 s, 88955.8 tps, lat 1.439 ms stddev 1.544, 0 failed
progress: 10.0 s, 87493.2 tps, lat 1.462 ms stddev 1.604, 0 failed
progress: 11.0 s, 88018.9 tps, lat 1.455 ms stddev 1.594, 0 failed
progress: 12.0 s, 87951.7 tps, lat 1.455 ms stddev 1.592, 0 failed
progress: 13.0 s, 88975.3 tps, lat 1.439 ms stddev 1.545, 0 failed
progress: 14.0 s, 87762.9 tps, lat 1.458 ms stddev 1.595, 0 failed
progress: 15.0 s, 87881.2 tps, lat 1.457 ms stddev 1.588, 0 failed
progress: 16.0 s, 87817.2 tps, lat 1.458 ms stddev 1.593, 0 failed
progress: 17.0 s, 88860.7 tps, lat 1.440 ms stddev 1.564, 0 failed
progress: 18.0 s, 87196.9 tps, lat 1.468 ms stddev 1.612, 0 failed
progress: 19.0 s, 86985.9 tps, lat 1.471 ms stddev 1.620, 0 failed
progress: 20.0 s, 88422.0 tps, lat 1.448 ms stddev 1.587, 0 failed
progress: 21.0 s, 90687.8 tps, lat 1.411 ms stddev 1.519, 0 failed
progress: 22.0 s, 87352.0 tps, lat 1.465 ms stddev 1.608, 0 failed
progress: 23.0 s, 87103.4 tps, lat 1.470 ms stddev 1.625, 0 failed
progress: 24.0 s, 87428.8 tps, lat 1.463 ms stddev 1.607, 0 failed
progress: 25.0 s, 89867.2 tps, lat 1.425 ms stddev 1.543, 0 failed
progress: 26.0 s, 87549.0 tps, lat 1.462 ms stddev 1.606, 0 failed
progress: 27.0 s, 87831.9 tps, lat 1.457 ms stddev 1.592, 0 failed
progress: 28.0 s, 87312.8 tps, lat 1.465 ms stddev 1.616, 0 failed
progress: 29.0 s, 89422.2 tps, lat 1.431 ms stddev 1.546, 0 failed
progress: 30.0 s, 87635.2 tps, lat 1.460 ms stddev 1.592, 0 failed
progress: 31.0 s, 87841.5 tps, lat 1.457 ms stddev 1.599, 0 failed
progress: 32.0 s, 87404.8 tps, lat 1.464 ms stddev 1.607, 0 failed
progress: 33.0 s, 89222.1 tps, lat 1.435 ms stddev 1.546, 0 failed
progress: 34.0 s, 87173.5 tps, lat 1.468 ms stddev 1.619, 0 failed
progress: 35.0 s, 87581.9 tps, lat 1.461 ms stddev 1.606, 0 failed
progress: 36.0 s, 87952.3 tps, lat 1.455 ms stddev 1.600, 0 failed
progress: 37.0 s, 90064.7 tps, lat 1.421 ms stddev 1.525, 0 failed
progress: 38.0 s, 87272.1 tps, lat 1.467 ms stddev 1.604, 0 failed
progress: 39.0 s, 87727.9 tps, lat 1.459 ms stddev 1.605, 0 failed
progress: 40.0 s, 87442.1 tps, lat 1.463 ms stddev 1.604, 0 failed
progress: 41.0 s, 89316.9 tps, lat 1.433 ms stddev 1.550, 0 failed
progress: 42.0 s, 87754.4 tps, lat 1.458 ms stddev 1.599, 0 failed
progress: 43.0 s, 87575.5 tps, lat 1.462 ms stddev 1.615, 0 failed
progress: 44.0 s, 87600.9 tps, lat 1.461 ms stddev 1.610, 0 failed
progress: 45.0 s, 89667.3 tps, lat 1.427 ms stddev 1.540, 0 failed
progress: 46.0 s, 87357.9 tps, lat 1.465 ms stddev 1.609, 0 failed
progress: 47.0 s, 87901.6 tps, lat 1.456 ms stddev 1.605, 0 failed
progress: 48.0 s, 87283.4 tps, lat 1.466 ms stddev 1.613, 0 failed
progress: 49.0 s, 88941.2 tps, lat 1.440 ms stddev 1.560, 0 failed
progress: 50.0 s, 86857.5 tps, lat 1.473 ms stddev 1.630, 0 failed
progress: 51.0 s, 87274.3 tps, lat 1.466 ms stddev 1.613, 0 failed
progress: 52.0 s, 87062.9 tps, lat 1.470 ms stddev 1.626, 0 failed
progress: 53.0 s, 89606.3 tps, lat 1.428 ms stddev 1.535, 0 failed
progress: 54.0 s, 87527.8 tps, lat 1.463 ms stddev 1.618, 0 failed
progress: 55.0 s, 87394.3 tps, lat 1.465 ms stddev 1.614, 0 failed
progress: 56.0 s, 87823.7 tps, lat 1.457 ms stddev 1.592, 0 failed
progress: 57.0 s, 89587.3 tps, lat 1.428 ms stddev 1.533, 0 failed
progress: 58.0 s, 87742.7 tps, lat 1.459 ms stddev 1.602, 0 failed
progress: 59.0 s, 87772.3 tps, lat 1.458 ms stddev 1.604, 0 failed
transaction type: star-1-left.sql
scaling factor: 1
query mode: prepared
number of clients: 128
number of threads: 128
maximum number of tries: 1
duration: 60 s
number of transactions actually processed: 5269563
number of failed transactions: 0 (0.000%)
latency average = 1.456 ms
latency stddev = 1.605 ms
initial connection time = 73.613 ms
tps = 87893.408579 (without initial connection time)
