pgbench (18devel, server 12.20)
progress: 1.0 s, 90471.9 tps, lat 0.696 ms stddev 0.860, 0 failed
progress: 2.0 s, 90501.4 tps, lat 0.707 ms stddev 0.692, 0 failed
progress: 3.0 s, 89493.5 tps, lat 0.715 ms stddev 0.703, 0 failed
progress: 4.0 s, 90507.3 tps, lat 0.707 ms stddev 0.695, 0 failed
progress: 5.0 s, 93854.9 tps, lat 0.682 ms stddev 0.659, 0 failed
progress: 6.0 s, 90429.9 tps, lat 0.708 ms stddev 0.694, 0 failed
progress: 7.0 s, 90211.6 tps, lat 0.709 ms stddev 0.700, 0 failed
progress: 8.0 s, 90960.0 tps, lat 0.703 ms stddev 0.690, 0 failed
progress: 9.0 s, 93854.4 tps, lat 0.682 ms stddev 0.657, 0 failed
progress: 10.0 s, 90309.9 tps, lat 0.709 ms stddev 0.703, 0 failed
progress: 11.0 s, 91005.6 tps, lat 0.703 ms stddev 0.694, 0 failed
progress: 12.0 s, 90928.5 tps, lat 0.704 ms stddev 0.696, 0 failed
progress: 13.0 s, 94617.1 tps, lat 0.676 ms stddev 0.643, 0 failed
progress: 14.0 s, 91026.9 tps, lat 0.703 ms stddev 0.694, 0 failed
progress: 15.0 s, 90972.6 tps, lat 0.703 ms stddev 0.697, 0 failed
progress: 16.0 s, 90680.3 tps, lat 0.706 ms stddev 0.694, 0 failed
progress: 17.0 s, 94045.9 tps, lat 0.680 ms stddev 0.652, 0 failed
progress: 18.0 s, 90748.2 tps, lat 0.705 ms stddev 0.703, 0 failed
progress: 19.0 s, 91333.9 tps, lat 0.700 ms stddev 0.693, 0 failed
progress: 20.0 s, 90755.9 tps, lat 0.705 ms stddev 0.697, 0 failed
progress: 21.0 s, 93636.0 tps, lat 0.683 ms stddev 0.656, 0 failed
progress: 22.0 s, 90596.7 tps, lat 0.706 ms stddev 0.698, 0 failed
progress: 23.0 s, 90543.2 tps, lat 0.707 ms stddev 0.702, 0 failed
progress: 24.0 s, 90893.3 tps, lat 0.704 ms stddev 0.695, 0 failed
progress: 25.0 s, 94304.0 tps, lat 0.678 ms stddev 0.652, 0 failed
progress: 26.0 s, 89393.0 tps, lat 0.716 ms stddev 0.718, 0 failed
progress: 27.0 s, 90154.9 tps, lat 0.710 ms stddev 0.701, 0 failed
progress: 28.0 s, 91300.9 tps, lat 0.701 ms stddev 0.693, 0 failed
progress: 29.0 s, 94224.1 tps, lat 0.679 ms stddev 0.656, 0 failed
progress: 30.0 s, 90414.2 tps, lat 0.708 ms stddev 0.698, 0 failed
progress: 31.0 s, 90584.5 tps, lat 0.706 ms stddev 0.698, 0 failed
progress: 32.0 s, 90578.4 tps, lat 0.706 ms stddev 0.699, 0 failed
progress: 33.0 s, 93985.6 tps, lat 0.681 ms stddev 0.657, 0 failed
progress: 34.0 s, 90491.3 tps, lat 0.707 ms stddev 0.699, 0 failed
progress: 35.0 s, 90631.7 tps, lat 0.706 ms stddev 0.697, 0 failed
progress: 36.0 s, 90160.5 tps, lat 0.710 ms stddev 0.703, 0 failed
progress: 37.0 s, 95130.7 tps, lat 0.673 ms stddev 0.641, 0 failed
progress: 38.0 s, 90652.8 tps, lat 0.706 ms stddev 0.698, 0 failed
progress: 39.0 s, 90915.1 tps, lat 0.704 ms stddev 0.697, 0 failed
progress: 40.0 s, 90815.2 tps, lat 0.704 ms stddev 0.693, 0 failed
progress: 41.0 s, 94650.2 tps, lat 0.676 ms stddev 0.651, 0 failed
progress: 42.0 s, 90956.6 tps, lat 0.703 ms stddev 0.695, 0 failed
progress: 43.0 s, 90399.2 tps, lat 0.708 ms stddev 0.702, 0 failed
progress: 44.0 s, 90890.4 tps, lat 0.704 ms stddev 0.695, 0 failed
progress: 45.0 s, 94048.0 tps, lat 0.680 ms stddev 0.655, 0 failed
progress: 46.0 s, 90207.8 tps, lat 0.709 ms stddev 0.706, 0 failed
progress: 47.0 s, 89807.6 tps, lat 0.712 ms stddev 0.707, 0 failed
progress: 48.0 s, 90415.2 tps, lat 0.708 ms stddev 0.703, 0 failed
progress: 49.0 s, 94584.2 tps, lat 0.676 ms stddev 0.650, 0 failed
progress: 50.0 s, 90474.2 tps, lat 0.707 ms stddev 0.699, 0 failed
progress: 51.0 s, 90575.5 tps, lat 0.706 ms stddev 0.697, 0 failed
progress: 52.0 s, 89741.4 tps, lat 0.713 ms stddev 0.707, 0 failed
progress: 53.0 s, 94186.0 tps, lat 0.679 ms stddev 0.656, 0 failed
progress: 54.0 s, 91045.8 tps, lat 0.703 ms stddev 0.691, 0 failed
progress: 55.0 s, 90815.9 tps, lat 0.704 ms stddev 0.697, 0 failed
progress: 56.0 s, 91732.2 tps, lat 0.698 ms stddev 0.687, 0 failed
progress: 57.0 s, 94085.7 tps, lat 0.680 ms stddev 0.655, 0 failed
progress: 58.0 s, 90622.2 tps, lat 0.706 ms stddev 0.699, 0 failed
progress: 59.0 s, 90113.7 tps, lat 0.710 ms stddev 0.704, 0 failed
transaction type: star-1-left.sql
scaling factor: 1
query mode: prepared
number of clients: 64
number of threads: 64
maximum number of tries: 1
duration: 60 s
number of transactions actually processed: 5485696
number of failed transactions: 0 (0.000%)
latency average = 0.699 ms
latency stddev = 0.690 ms
initial connection time = 38.095 ms
tps = 91479.916227 (without initial connection time)
