pgbench (18devel, server 9.4.26)
progress: 1.0 s, 21494.5 tps, lat 11.247 ms stddev 15.906, 0 failed
progress: 2.0 s, 23872.0 tps, lat 10.733 ms stddev 11.333, 0 failed
progress: 3.0 s, 23656.9 tps, lat 10.814 ms stddev 11.254, 0 failed
progress: 4.0 s, 23541.2 tps, lat 10.865 ms stddev 11.177, 0 failed
progress: 5.0 s, 23528.9 tps, lat 10.897 ms stddev 11.008, 0 failed
progress: 6.0 s, 23630.2 tps, lat 10.818 ms stddev 11.129, 0 failed
progress: 7.0 s, 23436.8 tps, lat 10.921 ms stddev 11.499, 0 failed
progress: 8.0 s, 23341.9 tps, lat 10.955 ms stddev 11.898, 0 failed
progress: 9.0 s, 23362.1 tps, lat 10.969 ms stddev 11.798, 0 failed
progress: 10.0 s, 23305.4 tps, lat 10.973 ms stddev 11.801, 0 failed
progress: 11.0 s, 23374.5 tps, lat 10.933 ms stddev 11.888, 0 failed
progress: 12.0 s, 23367.1 tps, lat 10.988 ms stddev 11.833, 0 failed
progress: 13.0 s, 23639.8 tps, lat 10.816 ms stddev 11.995, 0 failed
progress: 14.0 s, 23483.1 tps, lat 10.945 ms stddev 12.005, 0 failed
progress: 15.0 s, 23538.9 tps, lat 10.837 ms stddev 11.835, 0 failed
progress: 16.0 s, 23463.0 tps, lat 10.919 ms stddev 11.813, 0 failed
progress: 17.0 s, 23527.0 tps, lat 10.871 ms stddev 11.949, 0 failed
progress: 18.0 s, 23292.0 tps, lat 10.988 ms stddev 11.727, 0 failed
progress: 19.0 s, 23498.9 tps, lat 10.903 ms stddev 11.966, 0 failed
progress: 20.0 s, 23423.0 tps, lat 10.931 ms stddev 11.871, 0 failed
progress: 21.0 s, 23307.1 tps, lat 10.978 ms stddev 11.757, 0 failed
progress: 22.0 s, 23523.0 tps, lat 10.883 ms stddev 12.006, 0 failed
progress: 23.0 s, 23416.8 tps, lat 10.926 ms stddev 12.072, 0 failed
progress: 24.0 s, 23481.2 tps, lat 10.922 ms stddev 11.738, 0 failed
progress: 25.0 s, 23554.8 tps, lat 10.860 ms stddev 11.874, 0 failed
progress: 26.0 s, 23458.3 tps, lat 10.912 ms stddev 11.887, 0 failed
progress: 27.0 s, 23458.8 tps, lat 10.907 ms stddev 11.897, 0 failed
progress: 28.0 s, 23487.0 tps, lat 10.902 ms stddev 11.764, 0 failed
progress: 29.0 s, 23312.1 tps, lat 10.986 ms stddev 12.036, 0 failed
progress: 30.0 s, 23484.9 tps, lat 10.908 ms stddev 11.830, 0 failed
progress: 31.0 s, 23503.8 tps, lat 10.872 ms stddev 11.857, 0 failed
progress: 32.0 s, 23504.3 tps, lat 10.902 ms stddev 11.888, 0 failed
progress: 33.0 s, 23537.8 tps, lat 10.864 ms stddev 11.990, 0 failed
progress: 34.0 s, 23538.2 tps, lat 10.878 ms stddev 11.767, 0 failed
progress: 35.0 s, 23320.6 tps, lat 10.985 ms stddev 11.884, 0 failed
progress: 36.0 s, 23484.6 tps, lat 10.887 ms stddev 11.901, 0 failed
progress: 37.0 s, 23445.9 tps, lat 10.931 ms stddev 12.002, 0 failed
progress: 38.0 s, 23521.7 tps, lat 10.891 ms stddev 11.854, 0 failed
progress: 39.0 s, 23501.9 tps, lat 10.880 ms stddev 11.814, 0 failed
progress: 40.0 s, 23515.1 tps, lat 10.883 ms stddev 11.733, 0 failed
progress: 41.0 s, 23502.3 tps, lat 10.891 ms stddev 11.878, 0 failed
progress: 42.0 s, 23535.6 tps, lat 10.881 ms stddev 11.847, 0 failed
progress: 43.0 s, 23536.2 tps, lat 10.870 ms stddev 11.679, 0 failed
progress: 44.0 s, 23374.6 tps, lat 10.966 ms stddev 11.716, 0 failed
progress: 45.0 s, 23363.2 tps, lat 10.943 ms stddev 11.822, 0 failed
progress: 46.0 s, 23489.1 tps, lat 10.909 ms stddev 11.822, 0 failed
progress: 47.0 s, 23473.1 tps, lat 10.906 ms stddev 11.694, 0 failed
progress: 48.0 s, 23470.8 tps, lat 10.897 ms stddev 11.923, 0 failed
progress: 49.0 s, 23418.1 tps, lat 10.945 ms stddev 11.686, 0 failed
progress: 50.0 s, 23383.5 tps, lat 10.943 ms stddev 11.700, 0 failed
progress: 51.0 s, 23423.6 tps, lat 10.924 ms stddev 11.913, 0 failed
progress: 52.0 s, 23585.8 tps, lat 10.858 ms stddev 11.950, 0 failed
progress: 53.0 s, 23474.2 tps, lat 10.910 ms stddev 11.736, 0 failed
progress: 54.0 s, 23450.9 tps, lat 10.917 ms stddev 11.715, 0 failed
progress: 55.0 s, 23501.7 tps, lat 10.878 ms stddev 11.798, 0 failed
progress: 56.0 s, 23548.6 tps, lat 10.886 ms stddev 12.081, 0 failed
progress: 57.0 s, 23501.6 tps, lat 10.877 ms stddev 11.779, 0 failed
progress: 58.0 s, 23506.3 tps, lat 10.898 ms stddev 11.838, 0 failed
progress: 59.0 s, 23504.9 tps, lat 10.888 ms stddev 11.786, 0 failed
transaction type: star-1.sql
scaling factor: 1
query mode: simple
number of clients: 256
number of threads: 256
maximum number of tries: 1
duration: 60 s
number of transactions actually processed: 1404585
number of failed transactions: 0 (0.000%)
latency average = 10.914 ms
latency stddev = 11.872 ms
initial connection time = 144.959 ms
tps = 23441.582106 (without initial connection time)
