pgbench (18devel, server 9.4.26)
progress: 1.0 s, 24833.5 tps, lat 2.538 ms stddev 1.118, 0 failed
progress: 2.0 s, 25566.0 tps, lat 2.502 ms stddev 0.621, 0 failed
progress: 3.0 s, 25255.1 tps, lat 2.535 ms stddev 0.633, 0 failed
progress: 4.0 s, 24611.0 tps, lat 2.600 ms stddev 0.689, 0 failed
progress: 5.0 s, 24801.0 tps, lat 2.580 ms stddev 0.661, 0 failed
progress: 6.0 s, 24365.9 tps, lat 2.626 ms stddev 0.686, 0 failed
progress: 7.0 s, 24385.0 tps, lat 2.624 ms stddev 0.682, 0 failed
progress: 8.0 s, 24561.1 tps, lat 2.606 ms stddev 0.694, 0 failed
progress: 9.0 s, 24398.0 tps, lat 2.623 ms stddev 0.698, 0 failed
progress: 10.0 s, 24777.3 tps, lat 2.583 ms stddev 0.670, 0 failed
progress: 11.0 s, 24401.8 tps, lat 2.623 ms stddev 0.684, 0 failed
progress: 12.0 s, 24381.1 tps, lat 2.625 ms stddev 0.666, 0 failed
progress: 13.0 s, 24435.9 tps, lat 2.619 ms stddev 0.671, 0 failed
progress: 14.0 s, 24519.9 tps, lat 2.610 ms stddev 0.675, 0 failed
progress: 15.0 s, 24508.2 tps, lat 2.611 ms stddev 0.670, 0 failed
progress: 16.0 s, 24261.9 tps, lat 2.638 ms stddev 0.675, 0 failed
progress: 17.0 s, 24391.0 tps, lat 2.623 ms stddev 0.679, 0 failed
progress: 18.0 s, 24231.0 tps, lat 2.641 ms stddev 0.695, 0 failed
progress: 19.0 s, 24458.1 tps, lat 2.616 ms stddev 0.692, 0 failed
progress: 20.0 s, 24211.0 tps, lat 2.643 ms stddev 0.679, 0 failed
progress: 21.0 s, 24429.2 tps, lat 2.618 ms stddev 0.681, 0 failed
progress: 22.0 s, 24306.6 tps, lat 2.634 ms stddev 0.694, 0 failed
progress: 23.0 s, 24297.1 tps, lat 2.633 ms stddev 0.682, 0 failed
progress: 24.0 s, 24419.9 tps, lat 2.620 ms stddev 0.697, 0 failed
progress: 25.0 s, 24455.1 tps, lat 2.618 ms stddev 0.678, 0 failed
progress: 26.0 s, 24375.1 tps, lat 2.626 ms stddev 0.684, 0 failed
progress: 27.0 s, 24291.8 tps, lat 2.634 ms stddev 0.676, 0 failed
progress: 28.0 s, 24199.1 tps, lat 2.645 ms stddev 0.685, 0 failed
progress: 29.0 s, 24277.9 tps, lat 2.636 ms stddev 0.695, 0 failed
progress: 30.0 s, 24198.0 tps, lat 2.644 ms stddev 0.678, 0 failed
progress: 31.0 s, 24292.2 tps, lat 2.634 ms stddev 0.678, 0 failed
progress: 32.0 s, 24425.9 tps, lat 2.621 ms stddev 0.685, 0 failed
progress: 33.0 s, 24409.9 tps, lat 2.621 ms stddev 0.671, 0 failed
progress: 34.0 s, 24544.0 tps, lat 2.608 ms stddev 0.677, 0 failed
progress: 35.0 s, 24371.0 tps, lat 2.625 ms stddev 0.691, 0 failed
progress: 36.0 s, 24379.5 tps, lat 2.624 ms stddev 0.684, 0 failed
progress: 37.0 s, 24328.6 tps, lat 2.631 ms stddev 0.685, 0 failed
progress: 38.0 s, 24479.9 tps, lat 2.614 ms stddev 0.686, 0 failed
progress: 39.0 s, 24407.0 tps, lat 2.622 ms stddev 0.682, 0 failed
progress: 40.0 s, 24221.0 tps, lat 2.641 ms stddev 0.685, 0 failed
progress: 41.0 s, 24613.0 tps, lat 2.601 ms stddev 0.685, 0 failed
progress: 42.0 s, 24501.1 tps, lat 2.611 ms stddev 0.677, 0 failed
progress: 43.0 s, 24304.9 tps, lat 2.631 ms stddev 0.687, 0 failed
progress: 44.0 s, 24474.9 tps, lat 2.616 ms stddev 0.678, 0 failed
progress: 45.0 s, 24487.0 tps, lat 2.613 ms stddev 0.670, 0 failed
progress: 46.0 s, 24394.0 tps, lat 2.624 ms stddev 0.689, 0 failed
progress: 47.0 s, 24528.0 tps, lat 2.609 ms stddev 0.681, 0 failed
progress: 48.0 s, 24473.0 tps, lat 2.614 ms stddev 0.685, 0 failed
progress: 49.0 s, 24475.1 tps, lat 2.616 ms stddev 0.685, 0 failed
progress: 50.0 s, 24522.0 tps, lat 2.609 ms stddev 0.689, 0 failed
progress: 51.0 s, 24453.2 tps, lat 2.617 ms stddev 0.670, 0 failed
progress: 52.0 s, 24319.9 tps, lat 2.632 ms stddev 0.690, 0 failed
progress: 53.0 s, 24353.8 tps, lat 2.627 ms stddev 0.675, 0 failed
progress: 54.0 s, 24343.2 tps, lat 2.629 ms stddev 0.688, 0 failed
progress: 55.0 s, 24231.0 tps, lat 2.641 ms stddev 0.686, 0 failed
progress: 56.0 s, 24460.0 tps, lat 2.617 ms stddev 0.686, 0 failed
progress: 57.0 s, 24613.0 tps, lat 2.600 ms stddev 0.683, 0 failed
progress: 58.0 s, 24357.3 tps, lat 2.626 ms stddev 0.678, 0 failed
progress: 59.0 s, 24142.7 tps, lat 2.653 ms stddev 0.700, 0 failed
transaction type: star-1.sql
scaling factor: 1
query mode: simple
number of clients: 64
number of threads: 64
maximum number of tries: 1
duration: 60 s
number of transactions actually processed: 1466025
number of failed transactions: 0 (0.000%)
latency average = 2.617 ms
latency stddev = 0.691 ms
initial connection time = 41.148 ms
tps = 24449.101591 (without initial connection time)
