pgbench (18devel, server 9.6.24)
progress: 1.0 s, 80.0 tps, lat 12.335 ms stddev 0.495, 0 failed
progress: 2.0 s, 82.0 tps, lat 12.242 ms stddev 0.328, 0 failed
progress: 3.0 s, 82.0 tps, lat 12.152 ms stddev 0.198, 0 failed
progress: 4.0 s, 83.0 tps, lat 12.115 ms stddev 0.082, 0 failed
progress: 5.0 s, 82.0 tps, lat 12.189 ms stddev 0.277, 0 failed
progress: 6.0 s, 82.0 tps, lat 12.181 ms stddev 0.263, 0 failed
progress: 7.0 s, 82.0 tps, lat 12.154 ms stddev 0.199, 0 failed
progress: 8.0 s, 83.0 tps, lat 12.142 ms stddev 0.181, 0 failed
progress: 9.0 s, 82.0 tps, lat 12.181 ms stddev 0.248, 0 failed
progress: 10.0 s, 82.0 tps, lat 12.137 ms stddev 0.178, 0 failed
progress: 11.0 s, 82.0 tps, lat 12.157 ms stddev 0.215, 0 failed
progress: 12.0 s, 82.0 tps, lat 12.190 ms stddev 0.264, 0 failed
progress: 13.0 s, 83.0 tps, lat 12.140 ms stddev 0.168, 0 failed
progress: 14.0 s, 82.0 tps, lat 12.242 ms stddev 0.342, 0 failed
progress: 15.0 s, 82.0 tps, lat 12.153 ms stddev 0.196, 0 failed
progress: 16.0 s, 82.0 tps, lat 12.182 ms stddev 0.261, 0 failed
progress: 17.0 s, 82.0 tps, lat 12.157 ms stddev 0.195, 0 failed
progress: 18.0 s, 82.0 tps, lat 12.215 ms stddev 0.307, 0 failed
progress: 19.0 s, 82.0 tps, lat 12.164 ms stddev 0.226, 0 failed
progress: 20.0 s, 83.0 tps, lat 12.111 ms stddev 0.046, 0 failed
progress: 21.0 s, 82.0 tps, lat 12.170 ms stddev 0.192, 0 failed
progress: 22.0 s, 82.0 tps, lat 12.160 ms stddev 0.218, 0 failed
progress: 23.0 s, 83.0 tps, lat 12.112 ms stddev 0.085, 0 failed
progress: 24.0 s, 82.0 tps, lat 12.157 ms stddev 0.196, 0 failed
progress: 25.0 s, 82.0 tps, lat 12.175 ms stddev 0.235, 0 failed
progress: 26.0 s, 82.0 tps, lat 12.186 ms stddev 0.255, 0 failed
progress: 27.0 s, 82.0 tps, lat 12.216 ms stddev 0.317, 0 failed
progress: 28.0 s, 82.0 tps, lat 12.188 ms stddev 0.277, 0 failed
progress: 29.0 s, 82.0 tps, lat 12.163 ms stddev 0.215, 0 failed
progress: 30.0 s, 82.0 tps, lat 12.263 ms stddev 0.242, 0 failed
progress: 31.0 s, 82.0 tps, lat 12.227 ms stddev 0.176, 0 failed
progress: 32.0 s, 81.0 tps, lat 12.303 ms stddev 0.336, 0 failed
progress: 33.0 s, 81.0 tps, lat 12.330 ms stddev 0.354, 0 failed
progress: 34.0 s, 82.0 tps, lat 12.235 ms stddev 0.221, 0 failed
progress: 35.0 s, 81.0 tps, lat 12.285 ms stddev 0.307, 0 failed
progress: 36.0 s, 81.0 tps, lat 12.294 ms stddev 0.303, 0 failed
progress: 37.0 s, 82.0 tps, lat 12.270 ms stddev 0.274, 0 failed
progress: 38.0 s, 81.0 tps, lat 12.315 ms stddev 0.324, 0 failed
progress: 39.0 s, 81.0 tps, lat 12.335 ms stddev 0.367, 0 failed
progress: 40.0 s, 81.0 tps, lat 12.344 ms stddev 0.350, 0 failed
progress: 41.0 s, 82.0 tps, lat 12.297 ms stddev 0.295, 0 failed
progress: 42.0 s, 81.0 tps, lat 12.300 ms stddev 0.319, 0 failed
progress: 43.0 s, 81.0 tps, lat 12.364 ms stddev 0.380, 0 failed
progress: 44.0 s, 81.0 tps, lat 12.257 ms stddev 0.243, 0 failed
progress: 45.0 s, 81.0 tps, lat 12.319 ms stddev 0.344, 0 failed
progress: 46.0 s, 82.0 tps, lat 12.290 ms stddev 0.307, 0 failed
progress: 47.0 s, 81.0 tps, lat 12.256 ms stddev 0.271, 0 failed
progress: 48.0 s, 82.0 tps, lat 12.325 ms stddev 0.346, 0 failed
progress: 49.0 s, 81.0 tps, lat 12.342 ms stddev 0.366, 0 failed
progress: 50.0 s, 81.0 tps, lat 12.298 ms stddev 0.326, 0 failed
progress: 51.0 s, 81.0 tps, lat 12.302 ms stddev 0.282, 0 failed
progress: 52.0 s, 82.0 tps, lat 12.217 ms stddev 0.197, 0 failed
progress: 53.0 s, 81.0 tps, lat 12.310 ms stddev 0.307, 0 failed
progress: 54.0 s, 82.0 tps, lat 12.274 ms stddev 0.296, 0 failed
progress: 55.0 s, 81.0 tps, lat 12.238 ms stddev 0.245, 0 failed
progress: 56.0 s, 82.0 tps, lat 12.296 ms stddev 0.316, 0 failed
progress: 57.0 s, 82.0 tps, lat 12.196 ms stddev 0.175, 0 failed
progress: 58.0 s, 82.0 tps, lat 12.176 ms stddev 0.266, 0 failed
progress: 59.0 s, 82.0 tps, lat 12.154 ms stddev 0.201, 0 failed
progress: 60.0 s, 82.0 tps, lat 12.167 ms stddev 0.248, 0 failed
transaction type: star-1.sql
scaling factor: 1
query mode: simple
number of clients: 1
number of threads: 1
maximum number of tries: 1
duration: 60 s
number of transactions actually processed: 4907
number of failed transactions: 0 (0.000%)
latency average = 12.227 ms
latency stddev = 0.281 ms
initial connection time = 2.031 ms
tps = 81.783215 (without initial connection time)
