pgbench (18devel, server 9.0.23)
progress: 1.0 s, 31400.2 tps, lat 3.973 ms stddev 11.689, 0 failed
progress: 2.0 s, 38704.9 tps, lat 3.307 ms stddev 3.076, 0 failed
progress: 3.0 s, 36479.1 tps, lat 3.508 ms stddev 3.615, 0 failed
progress: 4.0 s, 38412.7 tps, lat 3.332 ms stddev 3.182, 0 failed
progress: 5.0 s, 38680.3 tps, lat 3.310 ms stddev 3.103, 0 failed
progress: 6.0 s, 38907.7 tps, lat 3.289 ms stddev 3.092, 0 failed
progress: 7.0 s, 17856.6 tps, lat 7.102 ms stddev 8.406, 0 failed
progress: 8.0 s, 6284.1 tps, lat 20.347 ms stddev 8.142, 0 failed
progress: 9.0 s, 6329.4 tps, lat 20.243 ms stddev 7.923, 0 failed
progress: 10.0 s, 6353.4 tps, lat 20.134 ms stddev 7.748, 0 failed
progress: 11.0 s, 6433.9 tps, lat 19.919 ms stddev 8.388, 0 failed
progress: 12.0 s, 6491.2 tps, lat 19.691 ms stddev 8.345, 0 failed
progress: 13.0 s, 16239.5 tps, lat 7.956 ms stddev 9.119, 0 failed
progress: 14.0 s, 33644.5 tps, lat 3.769 ms stddev 4.283, 0 failed
progress: 15.0 s, 38402.8 tps, lat 3.363 ms stddev 3.306, 0 failed
progress: 16.0 s, 38289.0 tps, lat 3.344 ms stddev 3.185, 0 failed
progress: 17.0 s, 38669.0 tps, lat 3.310 ms stddev 3.162, 0 failed
progress: 18.0 s, 38934.9 tps, lat 3.287 ms stddev 3.088, 0 failed
progress: 19.0 s, 29380.1 tps, lat 4.355 ms stddev 5.371, 0 failed
progress: 20.0 s, 38632.0 tps, lat 3.313 ms stddev 3.164, 0 failed
progress: 21.0 s, 38632.1 tps, lat 3.312 ms stddev 3.164, 0 failed
progress: 22.0 s, 24778.9 tps, lat 5.167 ms stddev 6.498, 0 failed
progress: 23.0 s, 24028.0 tps, lat 5.280 ms stddev 6.673, 0 failed
progress: 24.0 s, 22160.8 tps, lat 5.824 ms stddev 7.361, 0 failed
progress: 25.0 s, 38386.0 tps, lat 3.335 ms stddev 3.162, 0 failed
progress: 26.0 s, 38696.9 tps, lat 3.309 ms stddev 3.104, 0 failed
progress: 27.0 s, 24893.3 tps, lat 5.097 ms stddev 6.446, 0 failed
progress: 28.0 s, 15470.7 tps, lat 8.341 ms stddev 9.242, 0 failed
progress: 29.0 s, 34464.5 tps, lat 3.682 ms stddev 4.106, 0 failed
progress: 30.0 s, 37388.8 tps, lat 3.453 ms stddev 3.597, 0 failed
progress: 31.0 s, 38669.0 tps, lat 3.308 ms stddev 3.152, 0 failed
progress: 32.0 s, 38625.0 tps, lat 3.314 ms stddev 3.157, 0 failed
progress: 33.0 s, 38653.9 tps, lat 3.313 ms stddev 3.151, 0 failed
progress: 34.0 s, 21913.0 tps, lat 5.793 ms stddev 7.293, 0 failed
progress: 35.0 s, 6564.5 tps, lat 19.512 ms stddev 8.401, 0 failed
progress: 36.0 s, 32750.1 tps, lat 3.936 ms stddev 4.717, 0 failed
progress: 37.0 s, 20589.4 tps, lat 6.170 ms stddev 7.599, 0 failed
progress: 38.0 s, 10344.4 tps, lat 12.472 ms stddev 10.485, 0 failed
progress: 39.0 s, 38290.0 tps, lat 3.340 ms stddev 3.219, 0 failed
progress: 40.0 s, 38528.2 tps, lat 3.322 ms stddev 3.167, 0 failed
progress: 41.0 s, 38185.6 tps, lat 3.354 ms stddev 3.214, 0 failed
progress: 42.0 s, 38986.2 tps, lat 3.284 ms stddev 3.077, 0 failed
progress: 43.0 s, 38553.0 tps, lat 3.318 ms stddev 3.182, 0 failed
progress: 44.0 s, 38447.1 tps, lat 3.330 ms stddev 3.191, 0 failed
progress: 45.0 s, 38612.0 tps, lat 3.315 ms stddev 3.174, 0 failed
progress: 46.0 s, 38777.9 tps, lat 3.300 ms stddev 3.091, 0 failed
progress: 47.0 s, 38681.0 tps, lat 3.309 ms stddev 3.175, 0 failed
progress: 48.0 s, 38750.1 tps, lat 3.301 ms stddev 3.168, 0 failed
progress: 49.0 s, 38547.0 tps, lat 3.321 ms stddev 3.154, 0 failed
progress: 50.0 s, 39050.1 tps, lat 3.279 ms stddev 3.070, 0 failed
progress: 51.0 s, 38424.8 tps, lat 3.329 ms stddev 3.181, 0 failed
progress: 52.0 s, 38453.2 tps, lat 3.329 ms stddev 3.190, 0 failed
progress: 53.0 s, 38395.9 tps, lat 3.333 ms stddev 3.156, 0 failed
progress: 54.0 s, 38654.8 tps, lat 3.311 ms stddev 3.118, 0 failed
progress: 55.0 s, 38678.2 tps, lat 3.310 ms stddev 3.162, 0 failed
progress: 56.0 s, 38602.9 tps, lat 3.315 ms stddev 3.167, 0 failed
progress: 57.0 s, 38735.0 tps, lat 3.302 ms stddev 3.122, 0 failed
progress: 58.0 s, 30676.1 tps, lat 4.175 ms stddev 5.133, 0 failed
progress: 59.0 s, 38233.0 tps, lat 3.348 ms stddev 3.194, 0 failed
transaction type: star-1.sql
scaling factor: 1
query mode: prepared
number of clients: 128
number of threads: 128
maximum number of tries: 1
duration: 60 s
number of transactions actually processed: 1890279
number of failed transactions: 0 (0.000%)
latency average = 4.058 ms
latency stddev = 5.106 ms
initial connection time = 76.024 ms
tps = 31534.159141 (without initial connection time)
