pgbench (18devel, server 9.0.23)
progress: 1.0 s, 36776.0 tps, lat 0.432 ms stddev 0.695, 0 failed
progress: 2.0 s, 36325.0 tps, lat 0.440 ms stddev 0.173, 0 failed
progress: 3.0 s, 34886.0 tps, lat 0.458 ms stddev 0.207, 0 failed
progress: 4.0 s, 31233.0 tps, lat 0.512 ms stddev 0.304, 0 failed
progress: 5.0 s, 32775.4 tps, lat 0.488 ms stddev 0.286, 0 failed
progress: 6.0 s, 36305.5 tps, lat 0.440 ms stddev 0.162, 0 failed
progress: 7.0 s, 37415.1 tps, lat 0.427 ms stddev 0.126, 0 failed
progress: 8.0 s, 34908.9 tps, lat 0.458 ms stddev 0.219, 0 failed
progress: 9.0 s, 33067.1 tps, lat 0.484 ms stddev 0.273, 0 failed
progress: 10.0 s, 37315.0 tps, lat 0.428 ms stddev 0.131, 0 failed
progress: 11.0 s, 37549.0 tps, lat 0.426 ms stddev 0.128, 0 failed
progress: 12.0 s, 37843.0 tps, lat 0.422 ms stddev 0.136, 0 failed
progress: 13.0 s, 37755.0 tps, lat 0.423 ms stddev 0.122, 0 failed
progress: 14.0 s, 35434.0 tps, lat 0.451 ms stddev 0.196, 0 failed
progress: 15.0 s, 31320.7 tps, lat 0.510 ms stddev 0.308, 0 failed
progress: 16.0 s, 34682.3 tps, lat 0.461 ms stddev 0.232, 0 failed
progress: 17.0 s, 33980.0 tps, lat 0.470 ms stddev 0.250, 0 failed
progress: 18.0 s, 31377.0 tps, lat 0.509 ms stddev 0.306, 0 failed
progress: 19.0 s, 32938.0 tps, lat 0.486 ms stddev 0.276, 0 failed
progress: 20.0 s, 37339.9 tps, lat 0.428 ms stddev 0.148, 0 failed
progress: 21.0 s, 36101.4 tps, lat 0.443 ms stddev 0.163, 0 failed
progress: 22.0 s, 35285.7 tps, lat 0.453 ms stddev 0.202, 0 failed
progress: 23.0 s, 35953.6 tps, lat 0.445 ms stddev 0.172, 0 failed
progress: 24.0 s, 35944.5 tps, lat 0.445 ms stddev 0.176, 0 failed
progress: 25.0 s, 35705.9 tps, lat 0.448 ms stddev 0.176, 0 failed
progress: 26.0 s, 34344.1 tps, lat 0.466 ms stddev 0.228, 0 failed
progress: 27.0 s, 35147.9 tps, lat 0.455 ms stddev 0.205, 0 failed
progress: 28.0 s, 36239.3 tps, lat 0.441 ms stddev 0.178, 0 failed
progress: 29.0 s, 33520.8 tps, lat 0.477 ms stddev 0.240, 0 failed
progress: 30.0 s, 31479.9 tps, lat 0.508 ms stddev 0.296, 0 failed
progress: 31.0 s, 31143.0 tps, lat 0.513 ms stddev 0.308, 0 failed
progress: 32.0 s, 32013.0 tps, lat 0.499 ms stddev 0.286, 0 failed
progress: 33.0 s, 32319.0 tps, lat 0.495 ms stddev 0.274, 0 failed
progress: 34.0 s, 33450.7 tps, lat 0.478 ms stddev 0.243, 0 failed
progress: 35.0 s, 34701.3 tps, lat 0.461 ms stddev 0.204, 0 failed
progress: 36.0 s, 34005.8 tps, lat 0.470 ms stddev 0.227, 0 failed
progress: 37.0 s, 33194.2 tps, lat 0.482 ms stddev 0.258, 0 failed
progress: 38.0 s, 33744.0 tps, lat 0.474 ms stddev 0.239, 0 failed
progress: 39.0 s, 33635.0 tps, lat 0.475 ms stddev 0.234, 0 failed
progress: 40.0 s, 33292.0 tps, lat 0.480 ms stddev 0.250, 0 failed
progress: 41.0 s, 34647.0 tps, lat 0.461 ms stddev 0.197, 0 failed
progress: 42.0 s, 34709.0 tps, lat 0.461 ms stddev 0.198, 0 failed
progress: 43.0 s, 34126.0 tps, lat 0.468 ms stddev 0.214, 0 failed
progress: 44.0 s, 32138.0 tps, lat 0.498 ms stddev 0.271, 0 failed
progress: 45.0 s, 32806.6 tps, lat 0.487 ms stddev 0.246, 0 failed
progress: 46.0 s, 32684.8 tps, lat 0.489 ms stddev 0.259, 0 failed
progress: 47.0 s, 34869.6 tps, lat 0.459 ms stddev 0.188, 0 failed
progress: 48.0 s, 34715.2 tps, lat 0.461 ms stddev 0.195, 0 failed
progress: 49.0 s, 34512.3 tps, lat 0.463 ms stddev 0.203, 0 failed
progress: 50.0 s, 35926.3 tps, lat 0.445 ms stddev 0.183, 0 failed
progress: 51.0 s, 35702.7 tps, lat 0.448 ms stddev 0.177, 0 failed
progress: 52.0 s, 35562.3 tps, lat 0.450 ms stddev 0.191, 0 failed
progress: 53.0 s, 35835.0 tps, lat 0.446 ms stddev 0.171, 0 failed
progress: 54.0 s, 35621.0 tps, lat 0.449 ms stddev 0.183, 0 failed
progress: 55.0 s, 36647.0 tps, lat 0.436 ms stddev 0.149, 0 failed
progress: 56.0 s, 35436.0 tps, lat 0.451 ms stddev 0.177, 0 failed
progress: 57.0 s, 33448.0 tps, lat 0.478 ms stddev 0.239, 0 failed
progress: 58.0 s, 33472.0 tps, lat 0.478 ms stddev 0.251, 0 failed
progress: 59.0 s, 33258.9 tps, lat 0.481 ms stddev 0.252, 0 failed
transaction type: star-1.sql
scaling factor: 1
query mode: prepared
number of clients: 16
number of threads: 16
maximum number of tries: 1
duration: 60 s
number of transactions actually processed: 2073138
number of failed transactions: 0 (0.000%)
latency average = 0.463 ms
latency stddev = 0.237 ms
initial connection time = 12.516 ms
tps = 34559.262539 (without initial connection time)
