pgbench (18devel, server 9.2.24)
progress: 1.0 s, 65441.9 tps, lat 0.963 ms stddev 1.362, 0 failed
progress: 2.0 s, 67592.5 tps, lat 0.947 ms stddev 0.908, 0 failed
progress: 3.0 s, 67268.9 tps, lat 0.951 ms stddev 0.914, 0 failed
progress: 4.0 s, 67567.7 tps, lat 0.947 ms stddev 0.906, 0 failed
progress: 5.0 s, 68588.3 tps, lat 0.933 ms stddev 0.883, 0 failed
progress: 6.0 s, 67068.9 tps, lat 0.954 ms stddev 0.927, 0 failed
progress: 7.0 s, 67155.9 tps, lat 0.953 ms stddev 0.923, 0 failed
progress: 8.0 s, 67632.2 tps, lat 0.946 ms stddev 0.906, 0 failed
progress: 9.0 s, 68637.0 tps, lat 0.932 ms stddev 0.894, 0 failed
progress: 10.0 s, 66756.8 tps, lat 0.959 ms stddev 0.927, 0 failed
progress: 11.0 s, 66855.2 tps, lat 0.957 ms stddev 0.923, 0 failed
progress: 12.0 s, 67719.1 tps, lat 0.945 ms stddev 0.907, 0 failed
progress: 13.0 s, 69265.6 tps, lat 0.924 ms stddev 0.872, 0 failed
progress: 14.0 s, 67079.4 tps, lat 0.954 ms stddev 0.927, 0 failed
progress: 15.0 s, 67390.8 tps, lat 0.950 ms stddev 0.921, 0 failed
progress: 16.0 s, 67597.2 tps, lat 0.947 ms stddev 0.913, 0 failed
progress: 17.0 s, 69513.0 tps, lat 0.920 ms stddev 0.872, 0 failed
progress: 18.0 s, 67757.7 tps, lat 0.944 ms stddev 0.908, 0 failed
progress: 19.0 s, 68052.0 tps, lat 0.940 ms stddev 0.905, 0 failed
progress: 20.0 s, 67398.3 tps, lat 0.950 ms stddev 0.914, 0 failed
progress: 21.0 s, 69466.9 tps, lat 0.921 ms stddev 0.867, 0 failed
progress: 22.0 s, 66866.9 tps, lat 0.957 ms stddev 0.929, 0 failed
progress: 23.0 s, 67202.7 tps, lat 0.952 ms stddev 0.928, 0 failed
progress: 24.0 s, 66955.4 tps, lat 0.955 ms stddev 0.929, 0 failed
progress: 25.0 s, 68623.0 tps, lat 0.933 ms stddev 0.893, 0 failed
progress: 26.0 s, 67391.1 tps, lat 0.949 ms stddev 0.923, 0 failed
progress: 27.0 s, 67597.7 tps, lat 0.947 ms stddev 0.914, 0 failed
progress: 28.0 s, 68156.9 tps, lat 0.939 ms stddev 0.900, 0 failed
progress: 29.0 s, 68787.1 tps, lat 0.930 ms stddev 0.882, 0 failed
progress: 30.0 s, 66874.2 tps, lat 0.957 ms stddev 0.930, 0 failed
progress: 31.0 s, 67904.8 tps, lat 0.943 ms stddev 0.913, 0 failed
progress: 32.0 s, 67405.1 tps, lat 0.949 ms stddev 0.916, 0 failed
progress: 33.0 s, 68430.9 tps, lat 0.935 ms stddev 0.885, 0 failed
progress: 34.0 s, 66898.1 tps, lat 0.956 ms stddev 0.931, 0 failed
progress: 35.0 s, 67444.1 tps, lat 0.949 ms stddev 0.912, 0 failed
progress: 36.0 s, 67971.8 tps, lat 0.942 ms stddev 0.914, 0 failed
progress: 37.0 s, 68650.2 tps, lat 0.932 ms stddev 0.895, 0 failed
progress: 38.0 s, 67413.7 tps, lat 0.949 ms stddev 0.919, 0 failed
progress: 39.0 s, 66705.3 tps, lat 0.959 ms stddev 0.943, 0 failed
progress: 40.0 s, 67305.9 tps, lat 0.950 ms stddev 0.919, 0 failed
progress: 41.0 s, 69750.7 tps, lat 0.917 ms stddev 0.870, 0 failed
progress: 42.0 s, 67746.0 tps, lat 0.944 ms stddev 0.910, 0 failed
progress: 43.0 s, 67019.1 tps, lat 0.955 ms stddev 0.925, 0 failed
progress: 44.0 s, 67357.1 tps, lat 0.950 ms stddev 0.920, 0 failed
progress: 45.0 s, 69206.2 tps, lat 0.925 ms stddev 0.879, 0 failed
progress: 46.0 s, 67728.9 tps, lat 0.945 ms stddev 0.913, 0 failed
progress: 47.0 s, 67100.1 tps, lat 0.953 ms stddev 0.920, 0 failed
progress: 48.0 s, 67757.0 tps, lat 0.944 ms stddev 0.913, 0 failed
progress: 49.0 s, 68584.6 tps, lat 0.933 ms stddev 0.894, 0 failed
progress: 50.0 s, 67301.5 tps, lat 0.951 ms stddev 0.930, 0 failed
progress: 51.0 s, 67219.7 tps, lat 0.952 ms stddev 0.929, 0 failed
progress: 52.0 s, 67223.8 tps, lat 0.952 ms stddev 0.916, 0 failed
progress: 53.0 s, 69300.0 tps, lat 0.923 ms stddev 0.884, 0 failed
progress: 54.0 s, 66526.3 tps, lat 0.962 ms stddev 0.933, 0 failed
progress: 55.0 s, 67505.0 tps, lat 0.948 ms stddev 0.920, 0 failed
progress: 56.0 s, 68119.1 tps, lat 0.939 ms stddev 0.911, 0 failed
progress: 57.0 s, 69135.9 tps, lat 0.926 ms stddev 0.890, 0 failed
progress: 58.0 s, 67413.9 tps, lat 0.949 ms stddev 0.925, 0 failed
progress: 59.0 s, 67298.1 tps, lat 0.951 ms stddev 0.927, 0 failed
transaction type: star-1.sql
scaling factor: 1
query mode: prepared
number of clients: 64
number of threads: 64
maximum number of tries: 1
duration: 60 s
number of transactions actually processed: 4061830
number of failed transactions: 0 (0.000%)
latency average = 0.945 ms
latency stddev = 0.919 ms
initial connection time = 40.775 ms
tps = 67740.801904 (without initial connection time)
