pgbench (18devel, server 10.23)
progress: 1.0 s, 23820.8 tps, lat 5.215 ms stddev 4.432, 0 failed
progress: 2.0 s, 25052.4 tps, lat 5.108 ms stddev 3.491, 0 failed
progress: 3.0 s, 24310.1 tps, lat 5.265 ms stddev 3.638, 0 failed
progress: 4.0 s, 24295.2 tps, lat 5.269 ms stddev 3.453, 0 failed
progress: 5.0 s, 24171.3 tps, lat 5.293 ms stddev 3.814, 0 failed
progress: 6.0 s, 24248.4 tps, lat 5.279 ms stddev 3.757, 0 failed
progress: 7.0 s, 24254.1 tps, lat 5.278 ms stddev 3.901, 0 failed
progress: 8.0 s, 24287.8 tps, lat 5.268 ms stddev 4.026, 0 failed
progress: 9.0 s, 24373.0 tps, lat 5.253 ms stddev 4.108, 0 failed
progress: 10.0 s, 24300.1 tps, lat 5.267 ms stddev 4.053, 0 failed
progress: 11.0 s, 24289.5 tps, lat 5.265 ms stddev 3.775, 0 failed
progress: 12.0 s, 24279.2 tps, lat 5.274 ms stddev 3.951, 0 failed
progress: 13.0 s, 24286.5 tps, lat 5.272 ms stddev 3.964, 0 failed
progress: 14.0 s, 24316.1 tps, lat 5.261 ms stddev 3.933, 0 failed
progress: 15.0 s, 24362.9 tps, lat 5.257 ms stddev 4.009, 0 failed
progress: 16.0 s, 24293.5 tps, lat 5.267 ms stddev 3.875, 0 failed
progress: 17.0 s, 24329.1 tps, lat 5.263 ms stddev 3.985, 0 failed
progress: 18.0 s, 24324.0 tps, lat 5.255 ms stddev 3.898, 0 failed
progress: 19.0 s, 24317.1 tps, lat 5.261 ms stddev 3.986, 0 failed
progress: 20.0 s, 24339.9 tps, lat 5.261 ms stddev 3.951, 0 failed
progress: 21.0 s, 24328.0 tps, lat 5.266 ms stddev 3.959, 0 failed
progress: 22.0 s, 24273.6 tps, lat 5.269 ms stddev 3.899, 0 failed
progress: 23.0 s, 24283.9 tps, lat 5.270 ms stddev 3.914, 0 failed
progress: 24.0 s, 24352.1 tps, lat 5.254 ms stddev 4.100, 0 failed
progress: 25.0 s, 24310.3 tps, lat 5.269 ms stddev 3.829, 0 failed
progress: 26.0 s, 24315.2 tps, lat 5.265 ms stddev 4.172, 0 failed
progress: 27.0 s, 24300.7 tps, lat 5.269 ms stddev 4.011, 0 failed
progress: 28.0 s, 24285.3 tps, lat 5.266 ms stddev 4.041, 0 failed
progress: 29.0 s, 24321.5 tps, lat 5.258 ms stddev 4.041, 0 failed
progress: 30.0 s, 24282.5 tps, lat 5.276 ms stddev 4.017, 0 failed
progress: 31.0 s, 24305.9 tps, lat 5.267 ms stddev 3.990, 0 failed
progress: 32.0 s, 24240.1 tps, lat 5.274 ms stddev 3.816, 0 failed
progress: 33.0 s, 24322.1 tps, lat 5.264 ms stddev 4.102, 0 failed
progress: 34.0 s, 24233.8 tps, lat 5.280 ms stddev 3.893, 0 failed
progress: 35.0 s, 24262.1 tps, lat 5.280 ms stddev 3.940, 0 failed
progress: 36.0 s, 24361.0 tps, lat 5.247 ms stddev 4.110, 0 failed
progress: 37.0 s, 24317.3 tps, lat 5.271 ms stddev 3.972, 0 failed
progress: 38.0 s, 24282.9 tps, lat 5.264 ms stddev 3.797, 0 failed
progress: 39.0 s, 24241.3 tps, lat 5.283 ms stddev 3.900, 0 failed
progress: 40.0 s, 24238.4 tps, lat 5.280 ms stddev 3.981, 0 failed
progress: 41.0 s, 24295.3 tps, lat 5.267 ms stddev 3.994, 0 failed
progress: 42.0 s, 24274.3 tps, lat 5.273 ms stddev 3.959, 0 failed
progress: 43.0 s, 24301.5 tps, lat 5.270 ms stddev 3.965, 0 failed
progress: 44.0 s, 24268.6 tps, lat 5.274 ms stddev 3.997, 0 failed
progress: 45.0 s, 24283.3 tps, lat 5.267 ms stddev 3.856, 0 failed
progress: 46.0 s, 24267.9 tps, lat 5.271 ms stddev 3.840, 0 failed
progress: 47.0 s, 24268.0 tps, lat 5.277 ms stddev 3.911, 0 failed
progress: 48.0 s, 24240.0 tps, lat 5.279 ms stddev 3.861, 0 failed
progress: 49.0 s, 24281.0 tps, lat 5.273 ms stddev 4.109, 0 failed
progress: 50.0 s, 24280.9 tps, lat 5.269 ms stddev 3.918, 0 failed
progress: 51.0 s, 24214.9 tps, lat 5.289 ms stddev 3.990, 0 failed
progress: 52.0 s, 24261.1 tps, lat 5.275 ms stddev 4.004, 0 failed
progress: 53.0 s, 24251.1 tps, lat 5.273 ms stddev 4.035, 0 failed
progress: 54.0 s, 24288.1 tps, lat 5.270 ms stddev 4.104, 0 failed
progress: 55.0 s, 24301.4 tps, lat 5.272 ms stddev 4.117, 0 failed
progress: 56.0 s, 24235.9 tps, lat 5.278 ms stddev 3.860, 0 failed
progress: 57.0 s, 24242.6 tps, lat 5.282 ms stddev 4.102, 0 failed
progress: 58.0 s, 24259.0 tps, lat 5.276 ms stddev 3.869, 0 failed
progress: 59.0 s, 24254.2 tps, lat 5.276 ms stddev 3.974, 0 failed
transaction type: star-1.sql
scaling factor: 1
query mode: simple
number of clients: 128
number of threads: 128
maximum number of tries: 1
duration: 60 s
number of transactions actually processed: 1456425
number of failed transactions: 0 (0.000%)
latency average = 5.267 ms
latency stddev = 3.954 ms
initial connection time = 73.519 ms
tps = 24290.174611 (without initial connection time)
