pgbench (18devel, server 10.23)
progress: 1.0 s, 8967.5 tps, lat 1.773 ms stddev 0.266, 0 failed
progress: 2.0 s, 9156.6 tps, lat 1.747 ms stddev 0.041, 0 failed
progress: 3.0 s, 9097.4 tps, lat 1.758 ms stddev 0.035, 0 failed
progress: 4.0 s, 9150.7 tps, lat 1.748 ms stddev 0.049, 0 failed
progress: 5.0 s, 9100.3 tps, lat 1.758 ms stddev 0.030, 0 failed
progress: 6.0 s, 9100.0 tps, lat 1.758 ms stddev 0.029, 0 failed
progress: 7.0 s, 9098.7 tps, lat 1.758 ms stddev 0.030, 0 failed
progress: 8.0 s, 9104.0 tps, lat 1.757 ms stddev 0.033, 0 failed
progress: 9.0 s, 9088.0 tps, lat 1.760 ms stddev 0.032, 0 failed
progress: 10.0 s, 9070.3 tps, lat 1.764 ms stddev 0.030, 0 failed
progress: 11.0 s, 9074.9 tps, lat 1.763 ms stddev 0.031, 0 failed
progress: 12.0 s, 9126.1 tps, lat 1.752 ms stddev 0.031, 0 failed
progress: 13.0 s, 9090.0 tps, lat 1.760 ms stddev 0.031, 0 failed
progress: 14.0 s, 9099.6 tps, lat 1.758 ms stddev 0.031, 0 failed
progress: 15.0 s, 9118.0 tps, lat 1.754 ms stddev 0.030, 0 failed
progress: 16.0 s, 9110.4 tps, lat 1.756 ms stddev 0.031, 0 failed
progress: 17.0 s, 9138.7 tps, lat 1.750 ms stddev 0.030, 0 failed
progress: 18.0 s, 9115.3 tps, lat 1.755 ms stddev 0.036, 0 failed
progress: 19.0 s, 9154.6 tps, lat 1.747 ms stddev 0.030, 0 failed
progress: 20.0 s, 9112.0 tps, lat 1.755 ms stddev 0.033, 0 failed
progress: 21.0 s, 9113.9 tps, lat 1.755 ms stddev 0.029, 0 failed
progress: 22.0 s, 9107.1 tps, lat 1.756 ms stddev 0.027, 0 failed
progress: 23.0 s, 9131.3 tps, lat 1.752 ms stddev 0.029, 0 failed
progress: 24.0 s, 9155.7 tps, lat 1.747 ms stddev 0.032, 0 failed
progress: 25.0 s, 9124.4 tps, lat 1.753 ms stddev 0.030, 0 failed
progress: 26.0 s, 9122.7 tps, lat 1.753 ms stddev 0.028, 0 failed
progress: 27.0 s, 9111.3 tps, lat 1.756 ms stddev 0.031, 0 failed
progress: 28.0 s, 9131.6 tps, lat 1.752 ms stddev 0.031, 0 failed
progress: 29.0 s, 9099.1 tps, lat 1.757 ms stddev 0.028, 0 failed
progress: 30.0 s, 9142.6 tps, lat 1.750 ms stddev 0.030, 0 failed
progress: 31.0 s, 9113.4 tps, lat 1.755 ms stddev 0.028, 0 failed
progress: 32.0 s, 9142.9 tps, lat 1.749 ms stddev 0.031, 0 failed
progress: 33.0 s, 9156.1 tps, lat 1.748 ms stddev 0.029, 0 failed
progress: 34.0 s, 9124.3 tps, lat 1.752 ms stddev 0.029, 0 failed
progress: 35.0 s, 9129.0 tps, lat 1.752 ms stddev 0.027, 0 failed
progress: 36.0 s, 9145.2 tps, lat 1.749 ms stddev 0.030, 0 failed
progress: 37.0 s, 9112.2 tps, lat 1.755 ms stddev 0.028, 0 failed
progress: 38.0 s, 9110.2 tps, lat 1.756 ms stddev 0.030, 0 failed
progress: 39.0 s, 9100.0 tps, lat 1.757 ms stddev 0.031, 0 failed
progress: 40.0 s, 9116.0 tps, lat 1.755 ms stddev 0.031, 0 failed
progress: 41.0 s, 9122.0 tps, lat 1.753 ms stddev 0.029, 0 failed
progress: 42.0 s, 9111.0 tps, lat 1.756 ms stddev 0.031, 0 failed
progress: 43.0 s, 9121.4 tps, lat 1.754 ms stddev 0.027, 0 failed
progress: 44.0 s, 9147.6 tps, lat 1.748 ms stddev 0.032, 0 failed
progress: 45.0 s, 9101.0 tps, lat 1.757 ms stddev 0.031, 0 failed
progress: 46.0 s, 9104.9 tps, lat 1.757 ms stddev 0.028, 0 failed
progress: 47.0 s, 9102.4 tps, lat 1.757 ms stddev 0.029, 0 failed
progress: 48.0 s, 9131.7 tps, lat 1.752 ms stddev 0.031, 0 failed
progress: 49.0 s, 9136.3 tps, lat 1.750 ms stddev 0.028, 0 failed
progress: 50.0 s, 9104.4 tps, lat 1.757 ms stddev 0.030, 0 failed
progress: 51.0 s, 9108.2 tps, lat 1.757 ms stddev 0.031, 0 failed
progress: 52.0 s, 9146.0 tps, lat 1.749 ms stddev 0.029, 0 failed
progress: 53.0 s, 9116.0 tps, lat 1.755 ms stddev 0.031, 0 failed
progress: 54.0 s, 9108.5 tps, lat 1.756 ms stddev 0.032, 0 failed
progress: 55.0 s, 9132.5 tps, lat 1.751 ms stddev 0.030, 0 failed
progress: 56.0 s, 9135.3 tps, lat 1.751 ms stddev 0.032, 0 failed
progress: 57.0 s, 9145.6 tps, lat 1.748 ms stddev 0.029, 0 failed
progress: 58.0 s, 9118.1 tps, lat 1.754 ms stddev 0.028, 0 failed
progress: 59.0 s, 9121.9 tps, lat 1.754 ms stddev 0.028, 0 failed
transaction type: star-1.sql
scaling factor: 1
query mode: simple
number of clients: 16
number of threads: 16
maximum number of tries: 1
duration: 60 s
number of transactions actually processed: 547017
number of failed transactions: 0 (0.000%)
latency average = 1.754 ms
latency stddev = 0.046 ms
initial connection time = 11.031 ms
tps = 9118.344803 (without initial connection time)
