pgbench (18devel, server 10.23)
progress: 1.0 s, 24323.5 tps, lat 2.587 ms stddev 1.168, 0 failed
progress: 2.0 s, 24691.9 tps, lat 2.592 ms stddev 0.696, 0 failed
progress: 3.0 s, 24440.1 tps, lat 2.618 ms stddev 0.704, 0 failed
progress: 4.0 s, 24298.1 tps, lat 2.634 ms stddev 0.696, 0 failed
progress: 5.0 s, 24091.9 tps, lat 2.656 ms stddev 0.686, 0 failed
progress: 6.0 s, 24192.1 tps, lat 2.645 ms stddev 0.692, 0 failed
progress: 7.0 s, 24429.9 tps, lat 2.619 ms stddev 0.703, 0 failed
progress: 8.0 s, 24369.1 tps, lat 2.626 ms stddev 0.699, 0 failed
progress: 9.0 s, 24201.1 tps, lat 2.644 ms stddev 0.692, 0 failed
progress: 10.0 s, 24396.9 tps, lat 2.623 ms stddev 0.701, 0 failed
progress: 11.0 s, 24374.1 tps, lat 2.625 ms stddev 0.699, 0 failed
progress: 12.0 s, 24313.8 tps, lat 2.632 ms stddev 0.698, 0 failed
progress: 13.0 s, 24336.2 tps, lat 2.629 ms stddev 0.694, 0 failed
progress: 14.0 s, 24439.8 tps, lat 2.619 ms stddev 0.700, 0 failed
progress: 15.0 s, 24063.0 tps, lat 2.659 ms stddev 0.685, 0 failed
progress: 16.0 s, 24236.0 tps, lat 2.641 ms stddev 0.695, 0 failed
progress: 17.0 s, 24481.2 tps, lat 2.613 ms stddev 0.704, 0 failed
progress: 18.0 s, 24417.8 tps, lat 2.622 ms stddev 0.702, 0 failed
progress: 19.0 s, 24323.0 tps, lat 2.631 ms stddev 0.695, 0 failed
progress: 20.0 s, 24403.1 tps, lat 2.621 ms stddev 0.705, 0 failed
progress: 21.0 s, 24308.0 tps, lat 2.632 ms stddev 0.695, 0 failed
progress: 22.0 s, 24367.9 tps, lat 2.626 ms stddev 0.699, 0 failed
progress: 23.0 s, 24363.1 tps, lat 2.627 ms stddev 0.697, 0 failed
progress: 24.0 s, 24313.8 tps, lat 2.631 ms stddev 0.700, 0 failed
progress: 25.0 s, 24246.0 tps, lat 2.639 ms stddev 0.694, 0 failed
progress: 26.0 s, 24527.0 tps, lat 2.608 ms stddev 0.705, 0 failed
progress: 27.0 s, 24461.1 tps, lat 2.616 ms stddev 0.700, 0 failed
progress: 28.0 s, 24401.8 tps, lat 2.622 ms stddev 0.698, 0 failed
progress: 29.0 s, 24172.4 tps, lat 2.647 ms stddev 0.687, 0 failed
progress: 30.0 s, 24311.9 tps, lat 2.632 ms stddev 0.696, 0 failed
progress: 31.0 s, 24233.1 tps, lat 2.641 ms stddev 0.694, 0 failed
progress: 32.0 s, 24220.8 tps, lat 2.642 ms stddev 0.697, 0 failed
progress: 33.0 s, 24396.0 tps, lat 2.623 ms stddev 0.703, 0 failed
progress: 34.0 s, 24252.0 tps, lat 2.639 ms stddev 0.698, 0 failed
progress: 35.0 s, 24421.9 tps, lat 2.619 ms stddev 0.703, 0 failed
progress: 36.0 s, 24323.0 tps, lat 2.632 ms stddev 0.698, 0 failed
progress: 37.0 s, 24454.0 tps, lat 2.616 ms stddev 0.705, 0 failed
progress: 38.0 s, 24469.0 tps, lat 2.615 ms stddev 0.702, 0 failed
progress: 39.0 s, 24485.0 tps, lat 2.614 ms stddev 0.702, 0 failed
progress: 40.0 s, 24524.0 tps, lat 2.609 ms stddev 0.708, 0 failed
progress: 41.0 s, 24325.1 tps, lat 2.631 ms stddev 0.699, 0 failed
progress: 42.0 s, 24334.0 tps, lat 2.628 ms stddev 0.698, 0 failed
progress: 43.0 s, 24381.0 tps, lat 2.625 ms stddev 0.699, 0 failed
progress: 44.0 s, 24456.8 tps, lat 2.616 ms stddev 0.700, 0 failed
progress: 45.0 s, 24271.5 tps, lat 2.636 ms stddev 0.695, 0 failed
progress: 46.0 s, 24482.5 tps, lat 2.614 ms stddev 0.703, 0 failed
progress: 47.0 s, 24496.9 tps, lat 2.612 ms stddev 0.706, 0 failed
progress: 48.0 s, 24431.0 tps, lat 2.619 ms stddev 0.706, 0 failed
progress: 49.0 s, 24346.0 tps, lat 2.629 ms stddev 0.699, 0 failed
progress: 50.0 s, 24408.0 tps, lat 2.621 ms stddev 0.700, 0 failed
progress: 51.0 s, 24382.1 tps, lat 2.626 ms stddev 0.703, 0 failed
progress: 52.0 s, 24313.9 tps, lat 2.631 ms stddev 0.697, 0 failed
progress: 53.0 s, 24290.9 tps, lat 2.635 ms stddev 0.698, 0 failed
progress: 54.0 s, 24242.0 tps, lat 2.640 ms stddev 0.699, 0 failed
progress: 55.0 s, 24370.0 tps, lat 2.625 ms stddev 0.699, 0 failed
progress: 56.0 s, 24352.2 tps, lat 2.627 ms stddev 0.700, 0 failed
progress: 57.0 s, 24362.9 tps, lat 2.627 ms stddev 0.700, 0 failed
progress: 58.0 s, 24483.0 tps, lat 2.614 ms stddev 0.708, 0 failed
progress: 59.0 s, 24492.0 tps, lat 2.613 ms stddev 0.706, 0 failed
transaction type: star-1.sql
scaling factor: 1
query mode: simple
number of clients: 64
number of threads: 64
maximum number of tries: 1
duration: 60 s
number of transactions actually processed: 1461233
number of failed transactions: 0 (0.000%)
latency average = 2.626 ms
latency stddev = 0.710 ms
initial connection time = 40.775 ms
tps = 24368.974227 (without initial connection time)
