pgbench (18devel, server 12.20)
progress: 1.0 s, 82731.3 tps, lat 1.506 ms stddev 2.073, 0 failed
progress: 2.0 s, 85970.0 tps, lat 1.488 ms stddev 1.609, 0 failed
progress: 3.0 s, 86580.9 tps, lat 1.478 ms stddev 1.592, 0 failed
progress: 4.0 s, 86716.2 tps, lat 1.476 ms stddev 1.597, 0 failed
progress: 5.0 s, 89266.0 tps, lat 1.433 ms stddev 1.521, 0 failed
progress: 6.0 s, 87334.9 tps, lat 1.466 ms stddev 1.583, 0 failed
progress: 7.0 s, 86706.9 tps, lat 1.476 ms stddev 1.586, 0 failed
progress: 8.0 s, 87453.1 tps, lat 1.464 ms stddev 1.580, 0 failed
progress: 9.0 s, 89053.5 tps, lat 1.437 ms stddev 1.523, 0 failed
progress: 10.0 s, 86426.5 tps, lat 1.481 ms stddev 1.610, 0 failed
progress: 11.0 s, 85895.0 tps, lat 1.490 ms stddev 1.628, 0 failed
progress: 12.0 s, 87040.1 tps, lat 1.470 ms stddev 1.597, 0 failed
progress: 13.0 s, 88389.5 tps, lat 1.448 ms stddev 1.545, 0 failed
progress: 14.0 s, 86220.5 tps, lat 1.484 ms stddev 1.618, 0 failed
progress: 15.0 s, 87042.9 tps, lat 1.471 ms stddev 1.597, 0 failed
progress: 16.0 s, 87253.1 tps, lat 1.467 ms stddev 1.589, 0 failed
progress: 17.0 s, 89152.8 tps, lat 1.435 ms stddev 1.528, 0 failed
progress: 18.0 s, 85953.2 tps, lat 1.489 ms stddev 1.609, 0 failed
progress: 19.0 s, 86615.9 tps, lat 1.478 ms stddev 1.612, 0 failed
progress: 20.0 s, 86152.0 tps, lat 1.485 ms stddev 1.611, 0 failed
progress: 21.0 s, 89264.2 tps, lat 1.434 ms stddev 1.527, 0 failed
progress: 22.0 s, 86701.1 tps, lat 1.475 ms stddev 1.597, 0 failed
progress: 23.0 s, 87182.0 tps, lat 1.469 ms stddev 1.587, 0 failed
progress: 24.0 s, 87330.9 tps, lat 1.465 ms stddev 1.585, 0 failed
progress: 25.0 s, 89042.7 tps, lat 1.438 ms stddev 1.530, 0 failed
progress: 26.0 s, 87121.9 tps, lat 1.469 ms stddev 1.589, 0 failed
progress: 27.0 s, 86869.3 tps, lat 1.474 ms stddev 1.593, 0 failed
progress: 28.0 s, 86453.8 tps, lat 1.479 ms stddev 1.604, 0 failed
progress: 29.0 s, 89479.9 tps, lat 1.431 ms stddev 1.519, 0 failed
progress: 30.0 s, 85966.2 tps, lat 1.488 ms stddev 1.622, 0 failed
progress: 31.0 s, 86619.4 tps, lat 1.477 ms stddev 1.606, 0 failed
progress: 32.0 s, 87175.7 tps, lat 1.468 ms stddev 1.583, 0 failed
progress: 33.0 s, 89014.6 tps, lat 1.438 ms stddev 1.532, 0 failed
progress: 34.0 s, 86008.8 tps, lat 1.487 ms stddev 1.631, 0 failed
progress: 35.0 s, 87208.6 tps, lat 1.468 ms stddev 1.587, 0 failed
progress: 36.0 s, 86769.8 tps, lat 1.475 ms stddev 1.598, 0 failed
progress: 37.0 s, 89280.9 tps, lat 1.433 ms stddev 1.525, 0 failed
progress: 38.0 s, 87138.3 tps, lat 1.469 ms stddev 1.585, 0 failed
progress: 39.0 s, 86698.0 tps, lat 1.476 ms stddev 1.608, 0 failed
progress: 40.0 s, 87190.9 tps, lat 1.467 ms stddev 1.589, 0 failed
progress: 41.0 s, 88856.2 tps, lat 1.440 ms stddev 1.525, 0 failed
progress: 42.0 s, 86555.7 tps, lat 1.479 ms stddev 1.605, 0 failed
progress: 43.0 s, 87072.0 tps, lat 1.470 ms stddev 1.584, 0 failed
progress: 44.0 s, 86668.3 tps, lat 1.477 ms stddev 1.601, 0 failed
progress: 45.0 s, 89030.5 tps, lat 1.437 ms stddev 1.531, 0 failed
progress: 46.0 s, 86539.1 tps, lat 1.479 ms stddev 1.602, 0 failed
progress: 47.0 s, 86638.3 tps, lat 1.477 ms stddev 1.601, 0 failed
progress: 48.0 s, 87097.9 tps, lat 1.470 ms stddev 1.593, 0 failed
progress: 49.0 s, 88575.2 tps, lat 1.445 ms stddev 1.537, 0 failed
progress: 50.0 s, 86387.7 tps, lat 1.481 ms stddev 1.604, 0 failed
progress: 51.0 s, 86937.1 tps, lat 1.472 ms stddev 1.596, 0 failed
progress: 52.0 s, 88023.7 tps, lat 1.454 ms stddev 1.566, 0 failed
progress: 53.0 s, 89309.4 tps, lat 1.434 ms stddev 1.528, 0 failed
progress: 54.0 s, 86474.7 tps, lat 1.480 ms stddev 1.616, 0 failed
progress: 55.0 s, 86465.3 tps, lat 1.479 ms stddev 1.606, 0 failed
progress: 56.0 s, 87071.9 tps, lat 1.470 ms stddev 1.587, 0 failed
progress: 57.0 s, 88498.6 tps, lat 1.447 ms stddev 1.545, 0 failed
progress: 58.0 s, 87024.2 tps, lat 1.470 ms stddev 1.599, 0 failed
progress: 59.0 s, 86453.0 tps, lat 1.480 ms stddev 1.613, 0 failed
transaction type: star-1.sql
scaling factor: 1
query mode: prepared
number of clients: 128
number of threads: 128
maximum number of tries: 1
duration: 60 s
number of transactions actually processed: 5229786
number of failed transactions: 0 (0.000%)
latency average = 1.467 ms
latency stddev = 1.592 ms
initial connection time = 75.773 ms
tps = 87232.486173 (without initial connection time)
