pgbench (18devel, server 8.2.23)
progress: 1.0 s, 32821.1 tps, lat 3.789 ms stddev 12.419, 0 failed
progress: 2.0 s, 42384.0 tps, lat 3.020 ms stddev 2.744, 0 failed
progress: 3.0 s, 25230.9 tps, lat 5.034 ms stddev 6.553, 0 failed
progress: 4.0 s, 11540.8 tps, lat 11.079 ms stddev 10.009, 0 failed
progress: 5.0 s, 6262.7 tps, lat 20.435 ms stddev 6.769, 0 failed
progress: 6.0 s, 15931.3 tps, lat 8.040 ms stddev 8.922, 0 failed
progress: 7.0 s, 6250.6 tps, lat 20.458 ms stddev 6.589, 0 failed
progress: 8.0 s, 27990.5 tps, lat 4.613 ms stddev 6.096, 0 failed
progress: 9.0 s, 42591.2 tps, lat 3.005 ms stddev 2.735, 0 failed
progress: 10.0 s, 42688.0 tps, lat 2.998 ms stddev 2.723, 0 failed
progress: 11.0 s, 42595.9 tps, lat 3.005 ms stddev 2.742, 0 failed
progress: 12.0 s, 43338.3 tps, lat 2.953 ms stddev 2.592, 0 failed
progress: 13.0 s, 42312.9 tps, lat 3.024 ms stddev 2.778, 0 failed
progress: 14.0 s, 42303.0 tps, lat 3.028 ms stddev 2.768, 0 failed
progress: 15.0 s, 27002.4 tps, lat 4.700 ms stddev 6.152, 0 failed
progress: 16.0 s, 6397.9 tps, lat 19.986 ms stddev 7.555, 0 failed
progress: 17.0 s, 15771.7 tps, lat 8.187 ms stddev 9.130, 0 failed
progress: 18.0 s, 42535.0 tps, lat 3.009 ms stddev 2.739, 0 failed
progress: 19.0 s, 42485.9 tps, lat 3.012 ms stddev 2.729, 0 failed
progress: 20.0 s, 43190.9 tps, lat 2.964 ms stddev 2.628, 0 failed
progress: 21.0 s, 42358.1 tps, lat 3.022 ms stddev 2.771, 0 failed
progress: 22.0 s, 42427.0 tps, lat 3.018 ms stddev 2.771, 0 failed
progress: 23.0 s, 42915.0 tps, lat 2.981 ms stddev 2.684, 0 failed
progress: 24.0 s, 19713.0 tps, lat 6.435 ms stddev 7.886, 0 failed
progress: 25.0 s, 6433.9 tps, lat 19.930 ms stddev 7.388, 0 failed
progress: 26.0 s, 18377.2 tps, lat 7.015 ms stddev 8.311, 0 failed
progress: 27.0 s, 42426.1 tps, lat 3.016 ms stddev 2.746, 0 failed
progress: 28.0 s, 23461.5 tps, lat 5.417 ms stddev 7.032, 0 failed
progress: 29.0 s, 6460.7 tps, lat 19.789 ms stddev 7.347, 0 failed
progress: 30.0 s, 6408.4 tps, lat 19.974 ms stddev 7.455, 0 failed
progress: 31.0 s, 6442.1 tps, lat 19.851 ms stddev 7.417, 0 failed
progress: 32.0 s, 6616.7 tps, lat 19.332 ms stddev 7.748, 0 failed
progress: 33.0 s, 25640.5 tps, lat 5.040 ms stddev 6.620, 0 failed
progress: 34.0 s, 33548.1 tps, lat 3.774 ms stddev 4.723, 0 failed
progress: 35.0 s, 17320.0 tps, lat 7.466 ms stddev 8.706, 0 failed
progress: 36.0 s, 42991.0 tps, lat 2.979 ms stddev 2.654, 0 failed
progress: 37.0 s, 42413.8 tps, lat 3.017 ms stddev 2.792, 0 failed
progress: 38.0 s, 30762.9 tps, lat 4.124 ms stddev 5.280, 0 failed
progress: 39.0 s, 42877.3 tps, lat 3.012 ms stddev 2.902, 0 failed
progress: 40.0 s, 40243.1 tps, lat 3.180 ms stddev 3.354, 0 failed
progress: 41.0 s, 42438.7 tps, lat 3.015 ms stddev 2.759, 0 failed
progress: 42.0 s, 42572.4 tps, lat 3.007 ms stddev 2.758, 0 failed
progress: 43.0 s, 42672.9 tps, lat 2.998 ms stddev 2.722, 0 failed
progress: 44.0 s, 43016.0 tps, lat 2.975 ms stddev 2.636, 0 failed
progress: 45.0 s, 41810.1 tps, lat 3.062 ms stddev 2.834, 0 failed
progress: 46.0 s, 38085.5 tps, lat 3.328 ms stddev 3.678, 0 failed
progress: 47.0 s, 21188.6 tps, lat 6.098 ms stddev 7.681, 0 failed
progress: 48.0 s, 42972.3 tps, lat 2.978 ms stddev 2.648, 0 failed
progress: 49.0 s, 42360.1 tps, lat 3.021 ms stddev 2.790, 0 failed
progress: 50.0 s, 42634.9 tps, lat 3.001 ms stddev 2.735, 0 failed
progress: 51.0 s, 17376.0 tps, lat 7.307 ms stddev 8.531, 0 failed
progress: 52.0 s, 20640.3 tps, lat 6.252 ms stddev 7.782, 0 failed
progress: 53.0 s, 42279.0 tps, lat 3.026 ms stddev 2.783, 0 failed
progress: 54.0 s, 42668.0 tps, lat 3.000 ms stddev 2.722, 0 failed
progress: 55.0 s, 42034.5 tps, lat 3.021 ms stddev 2.748, 0 failed
progress: 56.0 s, 33761.6 tps, lat 3.822 ms stddev 4.733, 0 failed
progress: 57.0 s, 42281.0 tps, lat 3.026 ms stddev 2.768, 0 failed
progress: 58.0 s, 42594.5 tps, lat 3.004 ms stddev 2.722, 0 failed
progress: 59.0 s, 42826.4 tps, lat 2.989 ms stddev 2.718, 0 failed
transaction type: star-1.sql
scaling factor: 1
query mode: prepared
number of clients: 128
number of threads: 128
maximum number of tries: 1
duration: 60 s
number of transactions actually processed: 1908782
number of failed transactions: 0 (0.000%)
latency average = 4.018 ms
latency stddev = 5.350 ms
initial connection time = 75.911 ms
tps = 31843.845438 (without initial connection time)
