pgbench (18devel)
starting vacuum...end.
progress: 1.0 s, 28016.5 tps, lat 4.416 ms stddev 1.434, 0 failed
progress: 2.0 s, 24414.8 tps, lat 5.249 ms stddev 2.920, 0 failed
progress: 3.0 s, 28511.1 tps, lat 4.475 ms stddev 1.327, 0 failed
progress: 4.0 s, 28142.9 tps, lat 4.563 ms stddev 1.706, 0 failed
progress: 5.0 s, 27290.1 tps, lat 4.685 ms stddev 1.275, 0 failed
progress: 6.0 s, 28905.0 tps, lat 4.413 ms stddev 1.237, 0 failed
progress: 7.0 s, 29517.6 tps, lat 4.353 ms stddev 1.139, 0 failed
progress: 8.0 s, 27691.4 tps, lat 4.600 ms stddev 1.308, 0 failed
progress: 9.0 s, 29869.0 tps, lat 4.306 ms stddev 1.363, 0 failed
progress: 10.0 s, 27566.9 tps, lat 4.641 ms stddev 1.886, 0 failed
progress: 11.0 s, 16619.8 tps, lat 7.579 ms stddev 4.015, 0 failed
progress: 12.0 s, 15803.2 tps, lat 8.208 ms stddev 4.030, 0 failed
progress: 13.0 s, 17737.9 tps, lat 7.229 ms stddev 2.659, 0 failed
progress: 14.0 s, 26721.1 tps, lat 4.784 ms stddev 2.281, 0 failed
progress: 15.0 s, 29785.1 tps, lat 4.290 ms stddev 1.306, 0 failed
progress: 16.0 s, 28025.9 tps, lat 4.577 ms stddev 1.878, 0 failed
progress: 17.0 s, 30593.0 tps, lat 4.186 ms stddev 1.344, 0 failed
progress: 18.0 s, 29656.1 tps, lat 4.310 ms stddev 1.208, 0 failed
progress: 19.0 s, 21605.8 tps, lat 5.923 ms stddev 3.234, 0 failed
progress: 20.0 s, 31333.2 tps, lat 4.087 ms stddev 1.204, 0 failed
progress: 21.0 s, 29832.1 tps, lat 4.296 ms stddev 1.212, 0 failed
progress: 22.0 s, 27027.7 tps, lat 4.738 ms stddev 2.596, 0 failed
progress: 23.0 s, 18230.5 tps, lat 7.014 ms stddev 2.725, 0 failed
progress: 24.0 s, 14985.9 tps, lat 8.533 ms stddev 3.580, 0 failed
progress: 25.0 s, 14682.1 tps, lat 8.725 ms stddev 4.726, 0 failed
progress: 26.0 s, 18388.0 tps, lat 6.955 ms stddev 2.665, 0 failed
progress: 27.0 s, 13874.8 tps, lat 9.200 ms stddev 5.442, 0 failed
progress: 28.0 s, 16311.1 tps, lat 7.883 ms stddev 3.609, 0 failed
progress: 29.0 s, 17350.1 tps, lat 7.362 ms stddev 3.784, 0 failed
progress: 30.0 s, 15124.0 tps, lat 8.417 ms stddev 3.903, 0 failed
progress: 31.0 s, 15884.0 tps, lat 8.107 ms stddev 3.523, 0 failed
progress: 32.0 s, 17828.0 tps, lat 7.171 ms stddev 3.000, 0 failed
progress: 33.0 s, 16384.0 tps, lat 7.816 ms stddev 3.895, 0 failed
progress: 34.0 s, 14601.0 tps, lat 8.715 ms stddev 4.022, 0 failed
progress: 35.0 s, 16022.0 tps, lat 8.036 ms stddev 4.285, 0 failed
progress: 36.0 s, 18788.0 tps, lat 6.817 ms stddev 3.530, 0 failed
progress: 37.0 s, 16066.0 tps, lat 7.952 ms stddev 4.415, 0 failed
progress: 38.0 s, 18666.0 tps, lat 6.865 ms stddev 2.744, 0 failed
progress: 39.0 s, 16440.0 tps, lat 7.717 ms stddev 3.198, 0 failed
progress: 40.0 s, 16631.0 tps, lat 7.564 ms stddev 3.284, 0 failed
progress: 41.0 s, 17086.0 tps, lat 7.677 ms stddev 5.730, 0 failed
progress: 42.0 s, 17971.0 tps, lat 7.100 ms stddev 3.101, 0 failed
progress: 43.0 s, 16431.6 tps, lat 7.818 ms stddev 3.586, 0 failed
progress: 44.0 s, 13688.3 tps, lat 9.337 ms stddev 3.528, 0 failed
progress: 45.0 s, 15619.0 tps, lat 8.218 ms stddev 10.405, 0 failed
progress: 46.0 s, 17880.0 tps, lat 7.113 ms stddev 2.901, 0 failed
progress: 47.0 s, 15943.0 tps, lat 8.034 ms stddev 3.565, 0 failed
progress: 48.0 s, 17850.0 tps, lat 7.208 ms stddev 3.684, 0 failed
progress: 49.0 s, 15468.0 tps, lat 8.153 ms stddev 4.325, 0 failed
progress: 50.0 s, 26593.0 tps, lat 4.874 ms stddev 3.360, 0 failed
progress: 51.0 s, 16937.0 tps, lat 7.575 ms stddev 3.796, 0 failed
progress: 52.0 s, 18095.1 tps, lat 7.068 ms stddev 4.561, 0 failed
progress: 53.0 s, 14294.0 tps, lat 8.859 ms stddev 5.247, 0 failed
progress: 54.0 s, 17581.0 tps, lat 7.362 ms stddev 3.736, 0 failed
progress: 55.0 s, 15891.0 tps, lat 7.963 ms stddev 4.509, 0 failed
progress: 56.0 s, 14712.0 tps, lat 8.798 ms stddev 5.542, 0 failed
progress: 57.0 s, 16990.0 tps, lat 7.528 ms stddev 3.938, 0 failed
progress: 58.0 s, 16137.0 tps, lat 7.923 ms stddev 2.937, 0 failed
progress: 59.0 s, 14791.0 tps, lat 8.661 ms stddev 4.878, 0 failed
transaction type: <builtin: simple update>
scaling factor: 10000
query mode: simple
number of clients: 128
number of threads: 128
maximum number of tries: 1
duration: 60 s
number of transactions actually processed: 1218508
number of failed transactions: 0 (0.000%)
latency average = 6.299 ms
latency stddev = 3.713 ms
initial connection time = 38.403 ms
tps = 20291.414776 (without initial connection time)
