pgbench (18devel)
starting vacuum...end.
progress: 1.0 s, 25775.5 tps, lat 9.319 ms stddev 5.048, 0 failed
progress: 2.0 s, 31814.0 tps, lat 8.021 ms stddev 2.073, 0 failed
progress: 3.0 s, 26037.0 tps, lat 9.861 ms stddev 11.786, 0 failed
progress: 4.0 s, 27114.0 tps, lat 9.406 ms stddev 10.565, 0 failed
progress: 5.0 s, 30485.9 tps, lat 8.417 ms stddev 2.482, 0 failed
progress: 6.0 s, 29526.1 tps, lat 8.660 ms stddev 3.929, 0 failed
progress: 7.0 s, 29178.0 tps, lat 8.766 ms stddev 2.412, 0 failed
progress: 8.0 s, 29870.0 tps, lat 8.581 ms stddev 1.733, 0 failed
progress: 9.0 s, 27831.1 tps, lat 9.147 ms stddev 1.726, 0 failed
progress: 10.0 s, 24518.8 tps, lat 10.502 ms stddev 1.943, 0 failed
progress: 11.0 s, 21738.5 tps, lat 11.600 ms stddev 6.312, 0 failed
progress: 12.0 s, 15839.2 tps, lat 16.289 ms stddev 7.346, 0 failed
progress: 13.0 s, 19527.0 tps, lat 13.161 ms stddev 3.709, 0 failed
progress: 14.0 s, 13469.0 tps, lat 18.977 ms stddev 20.887, 0 failed
progress: 15.0 s, 10451.0 tps, lat 24.424 ms stddev 11.038, 0 failed
progress: 16.0 s, 13889.0 tps, lat 18.422 ms stddev 23.016, 0 failed
progress: 17.0 s, 19244.0 tps, lat 13.371 ms stddev 4.618, 0 failed
progress: 18.0 s, 18223.0 tps, lat 14.081 ms stddev 4.087, 0 failed
progress: 19.0 s, 17862.9 tps, lat 14.280 ms stddev 6.264, 0 failed
progress: 20.0 s, 18321.1 tps, lat 13.930 ms stddev 6.551, 0 failed
progress: 21.0 s, 21255.0 tps, lat 12.094 ms stddev 3.339, 0 failed
progress: 22.0 s, 20028.0 tps, lat 12.785 ms stddev 3.320, 0 failed
progress: 23.0 s, 14794.9 tps, lat 17.267 ms stddev 31.182, 0 failed
progress: 24.0 s, 19603.1 tps, lat 13.125 ms stddev 5.043, 0 failed
progress: 25.0 s, 16571.0 tps, lat 15.372 ms stddev 4.247, 0 failed
progress: 26.0 s, 10998.0 tps, lat 23.236 ms stddev 42.482, 0 failed
progress: 27.0 s, 18493.0 tps, lat 13.870 ms stddev 4.324, 0 failed
progress: 28.0 s, 19660.9 tps, lat 13.038 ms stddev 3.343, 0 failed
progress: 29.0 s, 17177.1 tps, lat 14.962 ms stddev 12.983, 0 failed
progress: 30.0 s, 20612.0 tps, lat 12.356 ms stddev 4.469, 0 failed
progress: 31.0 s, 30030.1 tps, lat 8.551 ms stddev 1.701, 0 failed
progress: 32.0 s, 28386.9 tps, lat 9.007 ms stddev 2.053, 0 failed
progress: 33.0 s, 29846.1 tps, lat 8.593 ms stddev 2.204, 0 failed
progress: 34.0 s, 17360.1 tps, lat 13.690 ms stddev 7.581, 0 failed
progress: 35.0 s, 16514.8 tps, lat 16.593 ms stddev 13.609, 0 failed
progress: 36.0 s, 19651.0 tps, lat 12.949 ms stddev 3.670, 0 failed
progress: 37.0 s, 18108.0 tps, lat 14.179 ms stddev 13.552, 0 failed
progress: 38.0 s, 18706.0 tps, lat 13.699 ms stddev 4.369, 0 failed
progress: 39.0 s, 17454.0 tps, lat 14.610 ms stddev 5.688, 0 failed
progress: 40.0 s, 20120.0 tps, lat 12.801 ms stddev 4.409, 0 failed
progress: 41.0 s, 18581.0 tps, lat 13.681 ms stddev 4.407, 0 failed
progress: 42.0 s, 18902.0 tps, lat 13.497 ms stddev 4.650, 0 failed
progress: 43.0 s, 18643.9 tps, lat 13.855 ms stddev 5.338, 0 failed
progress: 44.0 s, 18039.0 tps, lat 14.208 ms stddev 5.453, 0 failed
progress: 45.0 s, 18842.9 tps, lat 13.613 ms stddev 4.324, 0 failed
progress: 46.0 s, 18245.1 tps, lat 13.978 ms stddev 4.101, 0 failed
progress: 47.0 s, 17455.0 tps, lat 14.698 ms stddev 16.930, 0 failed
progress: 48.0 s, 18930.0 tps, lat 13.435 ms stddev 3.526, 0 failed
progress: 49.0 s, 18841.0 tps, lat 13.689 ms stddev 7.363, 0 failed
progress: 50.0 s, 18887.0 tps, lat 13.479 ms stddev 8.621, 0 failed
progress: 51.0 s, 19008.0 tps, lat 13.510 ms stddev 4.674, 0 failed
progress: 52.0 s, 19667.0 tps, lat 13.033 ms stddev 5.458, 0 failed
progress: 53.0 s, 17299.9 tps, lat 14.811 ms stddev 6.863, 0 failed
progress: 54.0 s, 18868.1 tps, lat 13.542 ms stddev 4.625, 0 failed
progress: 55.0 s, 19072.0 tps, lat 13.328 ms stddev 4.286, 0 failed
progress: 56.0 s, 19014.0 tps, lat 13.570 ms stddev 12.075, 0 failed
progress: 57.0 s, 18711.1 tps, lat 13.637 ms stddev 3.854, 0 failed
progress: 58.0 s, 20077.9 tps, lat 12.804 ms stddev 4.381, 0 failed
progress: 59.0 s, 16482.0 tps, lat 15.510 ms stddev 16.305, 0 failed
transaction type: <builtin: simple update>
scaling factor: 10000
query mode: simple
number of clients: 256
number of threads: 256
maximum number of tries: 1
duration: 60 s
number of transactions actually processed: 1218282
number of failed transactions: 0 (0.000%)
latency average = 12.595 ms
latency stddev = 9.406 ms
initial connection time = 72.737 ms
tps = 20302.924171 (without initial connection time)
