pgbench (18devel)
starting vacuum...end.
progress: 1.0 s, 29210.4 tps, lat 1.083 ms stddev 0.459, 0 failed
progress: 2.0 s, 29843.3 tps, lat 1.073 ms stddev 0.457, 0 failed
progress: 3.0 s, 31441.8 tps, lat 1.018 ms stddev 0.357, 0 failed
progress: 4.0 s, 28272.8 tps, lat 1.121 ms stddev 0.507, 0 failed
progress: 5.0 s, 30904.4 tps, lat 1.045 ms stddev 0.479, 0 failed
progress: 6.0 s, 31625.7 tps, lat 1.011 ms stddev 0.322, 0 failed
progress: 7.0 s, 31635.0 tps, lat 1.011 ms stddev 0.351, 0 failed
progress: 8.0 s, 29904.3 tps, lat 1.070 ms stddev 0.460, 0 failed
progress: 9.0 s, 29504.8 tps, lat 1.084 ms stddev 0.501, 0 failed
progress: 10.0 s, 30824.9 tps, lat 1.037 ms stddev 0.353, 0 failed
progress: 11.0 s, 31944.0 tps, lat 1.001 ms stddev 0.318, 0 failed
progress: 12.0 s, 32218.2 tps, lat 0.993 ms stddev 0.271, 0 failed
progress: 13.0 s, 30583.8 tps, lat 1.046 ms stddev 1.252, 0 failed
progress: 14.0 s, 32358.9 tps, lat 0.988 ms stddev 0.289, 0 failed
progress: 15.0 s, 30984.1 tps, lat 1.033 ms stddev 0.376, 0 failed
progress: 16.0 s, 30967.0 tps, lat 1.033 ms stddev 0.353, 0 failed
progress: 17.0 s, 23632.9 tps, lat 1.348 ms stddev 1.735, 0 failed
progress: 18.0 s, 13404.0 tps, lat 2.388 ms stddev 5.168, 0 failed
progress: 19.0 s, 3150.0 tps, lat 10.144 ms stddev 3.111, 0 failed
progress: 20.0 s, 4276.0 tps, lat 7.515 ms stddev 7.776, 0 failed
progress: 21.0 s, 5883.9 tps, lat 5.412 ms stddev 3.264, 0 failed
progress: 22.0 s, 6359.2 tps, lat 5.027 ms stddev 9.677, 0 failed
progress: 23.0 s, 6776.0 tps, lat 4.741 ms stddev 10.091, 0 failed
progress: 24.0 s, 4618.0 tps, lat 6.932 ms stddev 4.399, 0 failed
progress: 25.0 s, 5309.0 tps, lat 6.006 ms stddev 6.426, 0 failed
progress: 26.0 s, 7369.0 tps, lat 4.360 ms stddev 3.921, 0 failed
progress: 27.0 s, 9803.4 tps, lat 3.189 ms stddev 7.500, 0 failed
progress: 28.0 s, 7806.5 tps, lat 4.196 ms stddev 9.050, 0 failed
progress: 29.0 s, 8257.9 tps, lat 3.875 ms stddev 11.134, 0 failed
progress: 30.0 s, 4868.6 tps, lat 6.092 ms stddev 3.811, 0 failed
progress: 31.0 s, 7448.6 tps, lat 4.590 ms stddev 8.625, 0 failed
progress: 32.0 s, 7318.9 tps, lat 4.373 ms stddev 5.233, 0 failed
progress: 33.0 s, 9258.1 tps, lat 3.469 ms stddev 3.662, 0 failed
progress: 34.0 s, 30950.0 tps, lat 1.034 ms stddev 0.365, 0 failed
progress: 35.0 s, 24539.0 tps, lat 1.304 ms stddev 4.011, 0 failed
progress: 36.0 s, 28492.9 tps, lat 1.123 ms stddev 2.867, 0 failed
progress: 37.0 s, 22563.0 tps, lat 1.418 ms stddev 3.996, 0 failed
progress: 38.0 s, 31646.2 tps, lat 1.011 ms stddev 0.315, 0 failed
progress: 39.0 s, 7858.1 tps, lat 4.072 ms stddev 7.214, 0 failed
progress: 40.0 s, 29625.1 tps, lat 1.079 ms stddev 0.463, 0 failed
progress: 41.0 s, 25602.5 tps, lat 1.250 ms stddev 4.097, 0 failed
progress: 42.0 s, 28935.0 tps, lat 1.106 ms stddev 1.948, 0 failed
progress: 43.0 s, 32614.1 tps, lat 0.981 ms stddev 0.352, 0 failed
progress: 44.0 s, 29587.6 tps, lat 1.081 ms stddev 0.498, 0 failed
progress: 45.0 s, 28440.5 tps, lat 1.125 ms stddev 0.935, 0 failed
progress: 46.0 s, 23618.0 tps, lat 1.350 ms stddev 1.912, 0 failed
progress: 47.0 s, 17723.9 tps, lat 1.806 ms stddev 2.486, 0 failed
progress: 48.0 s, 16142.9 tps, lat 1.978 ms stddev 2.930, 0 failed
progress: 49.0 s, 16827.2 tps, lat 1.906 ms stddev 2.968, 0 failed
progress: 50.0 s, 10841.5 tps, lat 2.942 ms stddev 3.762, 0 failed
progress: 51.0 s, 3136.7 tps, lat 10.168 ms stddev 2.289, 0 failed
progress: 52.0 s, 2943.1 tps, lat 10.916 ms stddev 5.961, 0 failed
progress: 53.0 s, 3097.0 tps, lat 10.315 ms stddev 2.993, 0 failed
progress: 54.0 s, 3199.8 tps, lat 10.025 ms stddev 2.217, 0 failed
progress: 55.0 s, 2998.1 tps, lat 10.623 ms stddev 2.505, 0 failed
progress: 56.0 s, 7630.0 tps, lat 4.219 ms stddev 3.646, 0 failed
progress: 57.0 s, 5592.0 tps, lat 5.731 ms stddev 10.772, 0 failed
progress: 58.0 s, 7611.0 tps, lat 4.191 ms stddev 3.214, 0 failed
progress: 59.0 s, 3318.0 tps, lat 9.632 ms stddev 4.630, 0 failed
transaction type: <builtin: simple update>
scaling factor: 10000
query mode: simple
number of clients: 32
number of threads: 32
maximum number of tries: 1
duration: 60 s
number of transactions actually processed: 1080415
number of failed transactions: 0 (0.000%)
latency average = 1.776 ms
latency stddev = 3.450 ms
initial connection time = 10.998 ms
tps = 18009.491724 (without initial connection time)
