pgbench (18devel, server 9.3.25)
progress: 1.0 s, 18646.0 tps, lat 1.701 ms stddev 0.414, 0 failed
progress: 2.0 s, 19179.2 tps, lat 1.668 ms stddev 0.136, 0 failed
progress: 3.0 s, 19280.1 tps, lat 1.659 ms stddev 0.113, 0 failed
progress: 4.0 s, 19378.7 tps, lat 1.651 ms stddev 0.031, 0 failed
progress: 5.0 s, 19397.0 tps, lat 1.650 ms stddev 0.026, 0 failed
progress: 6.0 s, 19317.4 tps, lat 1.656 ms stddev 0.081, 0 failed
progress: 7.0 s, 19275.6 tps, lat 1.660 ms stddev 0.109, 0 failed
progress: 8.0 s, 19296.9 tps, lat 1.658 ms stddev 0.078, 0 failed
progress: 9.0 s, 19337.1 tps, lat 1.654 ms stddev 0.096, 0 failed
progress: 10.0 s, 19273.0 tps, lat 1.660 ms stddev 0.123, 0 failed
progress: 11.0 s, 19336.3 tps, lat 1.654 ms stddev 0.086, 0 failed
progress: 12.0 s, 19242.7 tps, lat 1.663 ms stddev 0.150, 0 failed
progress: 13.0 s, 19436.1 tps, lat 1.646 ms stddev 0.030, 0 failed
progress: 14.0 s, 19368.9 tps, lat 1.651 ms stddev 0.081, 0 failed
progress: 15.0 s, 19451.9 tps, lat 1.645 ms stddev 0.030, 0 failed
progress: 16.0 s, 19185.0 tps, lat 1.667 ms stddev 0.166, 0 failed
progress: 17.0 s, 19381.0 tps, lat 1.651 ms stddev 0.075, 0 failed
progress: 18.0 s, 19291.5 tps, lat 1.658 ms stddev 0.118, 0 failed
progress: 19.0 s, 19384.7 tps, lat 1.650 ms stddev 0.085, 0 failed
progress: 20.0 s, 19437.8 tps, lat 1.646 ms stddev 0.030, 0 failed
progress: 21.0 s, 19338.6 tps, lat 1.654 ms stddev 0.097, 0 failed
progress: 22.0 s, 19280.4 tps, lat 1.659 ms stddev 0.142, 0 failed
progress: 23.0 s, 19446.0 tps, lat 1.645 ms stddev 0.050, 0 failed
progress: 24.0 s, 19318.0 tps, lat 1.657 ms stddev 0.129, 0 failed
progress: 25.0 s, 19372.0 tps, lat 1.651 ms stddev 0.088, 0 failed
progress: 26.0 s, 19451.0 tps, lat 1.645 ms stddev 0.032, 0 failed
progress: 27.0 s, 19395.5 tps, lat 1.649 ms stddev 0.086, 0 failed
progress: 28.0 s, 19323.7 tps, lat 1.655 ms stddev 0.111, 0 failed
progress: 29.0 s, 19126.1 tps, lat 1.673 ms stddev 0.193, 0 failed
progress: 30.0 s, 19380.0 tps, lat 1.651 ms stddev 0.085, 0 failed
progress: 31.0 s, 19318.9 tps, lat 1.655 ms stddev 0.126, 0 failed
progress: 32.0 s, 19356.0 tps, lat 1.653 ms stddev 0.089, 0 failed
progress: 33.0 s, 19432.0 tps, lat 1.646 ms stddev 0.031, 0 failed
progress: 34.0 s, 19338.1 tps, lat 1.654 ms stddev 0.105, 0 failed
progress: 35.0 s, 19368.0 tps, lat 1.651 ms stddev 0.102, 0 failed
progress: 36.0 s, 19464.0 tps, lat 1.644 ms stddev 0.028, 0 failed
progress: 37.0 s, 19444.0 tps, lat 1.645 ms stddev 0.030, 0 failed
progress: 38.0 s, 19391.0 tps, lat 1.650 ms stddev 0.082, 0 failed
progress: 39.0 s, 19355.0 tps, lat 1.653 ms stddev 0.101, 0 failed
progress: 40.0 s, 19438.3 tps, lat 1.646 ms stddev 0.029, 0 failed
progress: 41.0 s, 19359.0 tps, lat 1.652 ms stddev 0.091, 0 failed
progress: 42.0 s, 19435.7 tps, lat 1.646 ms stddev 0.026, 0 failed
progress: 43.0 s, 19428.3 tps, lat 1.646 ms stddev 0.026, 0 failed
progress: 44.0 s, 19342.1 tps, lat 1.654 ms stddev 0.105, 0 failed
progress: 45.0 s, 19387.7 tps, lat 1.650 ms stddev 0.062, 0 failed
progress: 46.0 s, 19449.9 tps, lat 1.645 ms stddev 0.030, 0 failed
progress: 47.0 s, 19292.1 tps, lat 1.658 ms stddev 0.125, 0 failed
progress: 48.0 s, 19181.8 tps, lat 1.667 ms stddev 0.163, 0 failed
progress: 49.0 s, 19415.0 tps, lat 1.648 ms stddev 0.067, 0 failed
progress: 50.0 s, 19439.4 tps, lat 1.646 ms stddev 0.028, 0 failed
progress: 51.0 s, 19311.7 tps, lat 1.657 ms stddev 0.150, 0 failed
progress: 52.0 s, 19502.4 tps, lat 1.641 ms stddev 0.029, 0 failed
progress: 53.0 s, 19398.7 tps, lat 1.649 ms stddev 0.099, 0 failed
progress: 54.0 s, 19453.3 tps, lat 1.644 ms stddev 0.033, 0 failed
progress: 55.0 s, 19443.5 tps, lat 1.645 ms stddev 0.031, 0 failed
progress: 56.0 s, 19460.1 tps, lat 1.644 ms stddev 0.033, 0 failed
progress: 57.0 s, 19478.9 tps, lat 1.642 ms stddev 0.031, 0 failed
progress: 58.0 s, 19392.1 tps, lat 1.650 ms stddev 0.098, 0 failed
progress: 59.0 s, 19303.1 tps, lat 1.658 ms stddev 0.131, 0 failed
transaction type: star-1.sql
scaling factor: 1
query mode: simple
number of clients: 32
number of threads: 32
maximum number of tries: 1
duration: 60 s
number of transactions actually processed: 1160930
number of failed transactions: 0 (0.000%)
latency average = 1.653 ms
latency stddev = 0.106 ms
initial connection time = 21.380 ms
tps = 19355.097288 (without initial connection time)
