pgbench (18devel, server 9.3.25)
progress: 1.0 s, 24452.5 tps, lat 2.579 ms stddev 1.442, 0 failed
progress: 2.0 s, 19486.9 tps, lat 3.284 ms stddev 2.249, 0 failed
progress: 3.0 s, 18140.5 tps, lat 3.516 ms stddev 2.467, 0 failed
progress: 4.0 s, 19326.5 tps, lat 3.321 ms stddev 2.370, 0 failed
progress: 5.0 s, 23920.1 tps, lat 2.676 ms stddev 1.153, 0 failed
progress: 6.0 s, 25060.9 tps, lat 2.553 ms stddev 0.675, 0 failed
progress: 7.0 s, 11073.7 tps, lat 5.762 ms stddev 3.242, 0 failed
progress: 8.0 s, 24887.6 tps, lat 2.578 ms stddev 1.036, 0 failed
progress: 9.0 s, 19085.1 tps, lat 3.353 ms stddev 2.166, 0 failed
progress: 10.0 s, 24066.9 tps, lat 2.659 ms stddev 1.160, 0 failed
progress: 11.0 s, 14389.1 tps, lat 4.446 ms stddev 2.966, 0 failed
progress: 12.0 s, 15390.1 tps, lat 4.145 ms stddev 2.914, 0 failed
progress: 13.0 s, 21626.3 tps, lat 2.969 ms stddev 1.877, 0 failed
progress: 14.0 s, 16657.4 tps, lat 3.833 ms stddev 2.676, 0 failed
progress: 15.0 s, 23280.7 tps, lat 2.755 ms stddev 1.445, 0 failed
progress: 16.0 s, 14345.5 tps, lat 4.460 ms stddev 3.098, 0 failed
progress: 17.0 s, 22361.4 tps, lat 2.855 ms stddev 1.556, 0 failed
progress: 18.0 s, 20478.3 tps, lat 3.133 ms stddev 2.153, 0 failed
progress: 19.0 s, 22762.9 tps, lat 2.810 ms stddev 1.463, 0 failed
progress: 20.0 s, 20123.0 tps, lat 3.170 ms stddev 1.992, 0 failed
progress: 21.0 s, 21714.1 tps, lat 2.947 ms stddev 1.786, 0 failed
progress: 22.0 s, 18768.1 tps, lat 3.421 ms stddev 2.386, 0 failed
progress: 23.0 s, 16017.4 tps, lat 3.994 ms stddev 2.877, 0 failed
progress: 24.0 s, 21987.8 tps, lat 2.910 ms stddev 1.662, 0 failed
progress: 25.0 s, 21302.0 tps, lat 3.005 ms stddev 1.847, 0 failed
progress: 26.0 s, 19553.0 tps, lat 3.271 ms stddev 2.084, 0 failed
progress: 27.0 s, 8867.2 tps, lat 7.198 ms stddev 3.022, 0 failed
progress: 28.0 s, 23414.8 tps, lat 2.741 ms stddev 1.483, 0 failed
progress: 29.0 s, 17234.4 tps, lat 3.705 ms stddev 2.656, 0 failed
progress: 30.0 s, 14966.6 tps, lat 4.284 ms stddev 3.107, 0 failed
progress: 31.0 s, 23493.8 tps, lat 2.723 ms stddev 1.333, 0 failed
progress: 32.0 s, 18306.1 tps, lat 3.496 ms stddev 2.374, 0 failed
progress: 33.0 s, 22120.0 tps, lat 2.893 ms stddev 1.677, 0 failed
progress: 34.0 s, 24322.0 tps, lat 2.631 ms stddev 0.893, 0 failed
progress: 35.0 s, 24493.0 tps, lat 2.613 ms stddev 0.881, 0 failed
progress: 36.0 s, 22381.1 tps, lat 2.854 ms stddev 1.482, 0 failed
progress: 37.0 s, 19635.9 tps, lat 3.264 ms stddev 2.032, 0 failed
progress: 38.0 s, 23467.6 tps, lat 2.719 ms stddev 1.235, 0 failed
progress: 39.0 s, 9898.2 tps, lat 6.467 ms stddev 3.076, 0 failed
progress: 40.0 s, 13091.5 tps, lat 4.885 ms stddev 3.119, 0 failed
progress: 41.0 s, 23281.9 tps, lat 2.757 ms stddev 1.477, 0 failed
progress: 42.0 s, 14599.6 tps, lat 4.372 ms stddev 3.017, 0 failed
progress: 43.0 s, 13270.3 tps, lat 4.836 ms stddev 3.340, 0 failed
progress: 44.0 s, 24934.0 tps, lat 2.566 ms stddev 1.052, 0 failed
progress: 45.0 s, 23286.0 tps, lat 2.748 ms stddev 1.232, 0 failed
progress: 46.0 s, 18594.0 tps, lat 3.442 ms stddev 2.330, 0 failed
progress: 47.0 s, 18242.0 tps, lat 3.508 ms stddev 2.355, 0 failed
progress: 48.0 s, 24126.0 tps, lat 2.653 ms stddev 1.147, 0 failed
progress: 49.0 s, 20485.2 tps, lat 3.124 ms stddev 1.887, 0 failed
progress: 50.0 s, 23226.9 tps, lat 2.755 ms stddev 1.282, 0 failed
progress: 51.0 s, 10636.6 tps, lat 5.992 ms stddev 3.231, 0 failed
progress: 52.0 s, 22535.8 tps, lat 2.850 ms stddev 1.616, 0 failed
progress: 53.0 s, 22837.6 tps, lat 2.798 ms stddev 1.438, 0 failed
progress: 54.0 s, 19270.2 tps, lat 3.319 ms stddev 2.174, 0 failed
progress: 55.0 s, 17959.0 tps, lat 3.561 ms stddev 2.437, 0 failed
progress: 56.0 s, 13740.7 tps, lat 4.665 ms stddev 3.169, 0 failed
progress: 57.0 s, 24166.0 tps, lat 2.651 ms stddev 1.152, 0 failed
progress: 58.0 s, 19417.9 tps, lat 3.284 ms stddev 2.081, 0 failed
progress: 59.0 s, 7390.7 tps, lat 8.653 ms stddev 2.156, 0 failed
transaction type: star-1.sql
scaling factor: 1
query mode: simple
number of clients: 64
number of threads: 64
maximum number of tries: 1
duration: 60 s
number of transactions actually processed: 1156845
number of failed transactions: 0 (0.000%)
latency average = 3.317 ms
latency stddev = 2.238 ms
initial connection time = 39.567 ms
tps = 19291.588979 (without initial connection time)
