pgbench (18devel, server 17.0)
progress: 1.0 s, 199264.0 tps, lat 0.622 ms stddev 1.373, 0 failed
progress: 2.0 s, 226447.5 tps, lat 0.565 ms stddev 0.504, 0 failed
progress: 3.0 s, 225280.0 tps, lat 0.568 ms stddev 0.508, 0 failed
progress: 4.0 s, 227814.2 tps, lat 0.562 ms stddev 0.509, 0 failed
progress: 5.0 s, 227529.9 tps, lat 0.562 ms stddev 0.500, 0 failed
progress: 6.0 s, 227493.4 tps, lat 0.562 ms stddev 0.509, 0 failed
progress: 7.0 s, 228132.8 tps, lat 0.561 ms stddev 0.501, 0 failed
progress: 8.0 s, 229222.9 tps, lat 0.558 ms stddev 0.508, 0 failed
progress: 9.0 s, 227954.8 tps, lat 0.561 ms stddev 0.512, 0 failed
progress: 10.0 s, 229373.0 tps, lat 0.558 ms stddev 0.507, 0 failed
progress: 11.0 s, 228887.6 tps, lat 0.559 ms stddev 0.506, 0 failed
progress: 12.0 s, 228822.7 tps, lat 0.559 ms stddev 0.509, 0 failed
progress: 13.0 s, 229104.6 tps, lat 0.558 ms stddev 0.502, 0 failed
progress: 14.0 s, 228939.0 tps, lat 0.559 ms stddev 0.502, 0 failed
progress: 15.0 s, 229400.2 tps, lat 0.558 ms stddev 0.499, 0 failed
progress: 16.0 s, 229097.0 tps, lat 0.558 ms stddev 0.498, 0 failed
progress: 17.0 s, 228298.0 tps, lat 0.560 ms stddev 0.512, 0 failed
progress: 18.0 s, 229489.7 tps, lat 0.558 ms stddev 0.506, 0 failed
progress: 19.0 s, 228521.3 tps, lat 0.560 ms stddev 0.504, 0 failed
progress: 20.0 s, 229487.2 tps, lat 0.558 ms stddev 0.506, 0 failed
progress: 21.0 s, 228802.6 tps, lat 0.559 ms stddev 0.500, 0 failed
progress: 22.0 s, 229357.7 tps, lat 0.558 ms stddev 0.492, 0 failed
progress: 23.0 s, 229115.8 tps, lat 0.558 ms stddev 0.506, 0 failed
progress: 24.0 s, 229668.7 tps, lat 0.557 ms stddev 0.498, 0 failed
progress: 25.0 s, 229080.9 tps, lat 0.558 ms stddev 0.507, 0 failed
progress: 26.0 s, 229177.5 tps, lat 0.558 ms stddev 0.501, 0 failed
progress: 27.0 s, 228699.1 tps, lat 0.559 ms stddev 0.504, 0 failed
progress: 28.0 s, 228617.0 tps, lat 0.560 ms stddev 0.502, 0 failed
progress: 29.0 s, 228974.1 tps, lat 0.559 ms stddev 0.501, 0 failed
progress: 30.0 s, 228391.1 tps, lat 0.560 ms stddev 0.506, 0 failed
progress: 31.0 s, 228863.1 tps, lat 0.559 ms stddev 0.509, 0 failed
progress: 32.0 s, 229092.5 tps, lat 0.558 ms stddev 0.504, 0 failed
progress: 33.0 s, 228703.5 tps, lat 0.559 ms stddev 0.506, 0 failed
progress: 34.0 s, 229058.8 tps, lat 0.559 ms stddev 0.507, 0 failed
progress: 35.0 s, 229143.0 tps, lat 0.558 ms stddev 0.506, 0 failed
progress: 36.0 s, 228870.2 tps, lat 0.559 ms stddev 0.501, 0 failed
progress: 37.0 s, 229111.6 tps, lat 0.558 ms stddev 0.507, 0 failed
progress: 38.0 s, 228923.6 tps, lat 0.559 ms stddev 0.505, 0 failed
progress: 39.0 s, 228651.5 tps, lat 0.560 ms stddev 0.497, 0 failed
progress: 40.0 s, 229355.5 tps, lat 0.558 ms stddev 0.503, 0 failed
progress: 41.0 s, 228491.5 tps, lat 0.560 ms stddev 0.499, 0 failed
progress: 42.0 s, 229518.5 tps, lat 0.557 ms stddev 0.504, 0 failed
progress: 43.0 s, 228845.4 tps, lat 0.559 ms stddev 0.499, 0 failed
progress: 44.0 s, 228187.3 tps, lat 0.561 ms stddev 0.496, 0 failed
progress: 45.0 s, 229372.5 tps, lat 0.558 ms stddev 0.507, 0 failed
progress: 46.0 s, 228709.1 tps, lat 0.559 ms stddev 0.507, 0 failed
progress: 47.0 s, 228564.2 tps, lat 0.560 ms stddev 0.512, 0 failed
progress: 48.0 s, 229288.7 tps, lat 0.558 ms stddev 0.505, 0 failed
progress: 49.0 s, 229394.8 tps, lat 0.558 ms stddev 0.508, 0 failed
progress: 50.0 s, 228790.8 tps, lat 0.559 ms stddev 0.503, 0 failed
progress: 51.0 s, 229246.7 tps, lat 0.558 ms stddev 0.506, 0 failed
progress: 52.0 s, 228670.8 tps, lat 0.560 ms stddev 0.504, 0 failed
progress: 53.0 s, 228689.5 tps, lat 0.559 ms stddev 0.498, 0 failed
progress: 54.0 s, 229555.2 tps, lat 0.557 ms stddev 0.506, 0 failed
progress: 55.0 s, 229006.2 tps, lat 0.559 ms stddev 0.505, 0 failed
progress: 56.0 s, 228841.4 tps, lat 0.559 ms stddev 0.503, 0 failed
progress: 57.0 s, 228927.2 tps, lat 0.559 ms stddev 0.506, 0 failed
progress: 58.0 s, 228898.9 tps, lat 0.559 ms stddev 0.502, 0 failed
progress: 59.0 s, 228644.6 tps, lat 0.560 ms stddev 0.505, 0 failed
transaction type: star-1-left.sql
scaling factor: 1
query mode: prepared
number of clients: 128
number of threads: 128
maximum number of tries: 1
duration: 60 s
number of transactions actually processed: 13685514
number of failed transactions: 0 (0.000%)
latency average = 0.560 ms
latency stddev = 0.531 ms
initial connection time = 81.519 ms
tps = 228249.125606 (without initial connection time)
