pgbench (18devel, server 17.0)
progress: 1.0 s, 243378.4 tps, lat 0.258 ms stddev 0.438, 0 failed
progress: 2.0 s, 260536.5 tps, lat 0.245 ms stddev 0.073, 0 failed
progress: 3.0 s, 261606.7 tps, lat 0.244 ms stddev 0.066, 0 failed
progress: 4.0 s, 261503.3 tps, lat 0.245 ms stddev 0.067, 0 failed
progress: 5.0 s, 262589.6 tps, lat 0.244 ms stddev 0.057, 0 failed
progress: 6.0 s, 261311.1 tps, lat 0.245 ms stddev 0.067, 0 failed
progress: 7.0 s, 260676.7 tps, lat 0.245 ms stddev 0.069, 0 failed
progress: 8.0 s, 262184.3 tps, lat 0.244 ms stddev 0.057, 0 failed
progress: 9.0 s, 261442.2 tps, lat 0.245 ms stddev 0.056, 0 failed
progress: 10.0 s, 261921.0 tps, lat 0.244 ms stddev 0.059, 0 failed
progress: 11.0 s, 261828.0 tps, lat 0.244 ms stddev 0.062, 0 failed
progress: 12.0 s, 261535.0 tps, lat 0.245 ms stddev 0.065, 0 failed
progress: 13.0 s, 262045.7 tps, lat 0.244 ms stddev 0.057, 0 failed
progress: 14.0 s, 261205.3 tps, lat 0.245 ms stddev 0.067, 0 failed
progress: 15.0 s, 262042.3 tps, lat 0.244 ms stddev 0.056, 0 failed
progress: 16.0 s, 262270.1 tps, lat 0.244 ms stddev 0.059, 0 failed
progress: 17.0 s, 261151.8 tps, lat 0.245 ms stddev 0.066, 0 failed
progress: 18.0 s, 261002.0 tps, lat 0.245 ms stddev 0.064, 0 failed
progress: 19.0 s, 261642.9 tps, lat 0.244 ms stddev 0.063, 0 failed
progress: 20.0 s, 261977.1 tps, lat 0.244 ms stddev 0.062, 0 failed
progress: 21.0 s, 260190.0 tps, lat 0.246 ms stddev 0.071, 0 failed
progress: 22.0 s, 261765.5 tps, lat 0.244 ms stddev 0.055, 0 failed
progress: 23.0 s, 261562.0 tps, lat 0.244 ms stddev 0.062, 0 failed
progress: 24.0 s, 261460.5 tps, lat 0.245 ms stddev 0.066, 0 failed
progress: 25.0 s, 262126.6 tps, lat 0.244 ms stddev 0.056, 0 failed
progress: 26.0 s, 261108.0 tps, lat 0.245 ms stddev 0.071, 0 failed
progress: 27.0 s, 261652.0 tps, lat 0.244 ms stddev 0.061, 0 failed
progress: 28.0 s, 261497.0 tps, lat 0.245 ms stddev 0.057, 0 failed
progress: 29.0 s, 261517.0 tps, lat 0.245 ms stddev 0.060, 0 failed
progress: 30.0 s, 261249.7 tps, lat 0.245 ms stddev 0.063, 0 failed
progress: 31.0 s, 261218.8 tps, lat 0.245 ms stddev 0.060, 0 failed
progress: 32.0 s, 260663.9 tps, lat 0.245 ms stddev 0.072, 0 failed
progress: 33.0 s, 260872.6 tps, lat 0.245 ms stddev 0.068, 0 failed
progress: 34.0 s, 260782.5 tps, lat 0.245 ms stddev 0.068, 0 failed
progress: 35.0 s, 261595.5 tps, lat 0.244 ms stddev 0.062, 0 failed
progress: 36.0 s, 261162.8 tps, lat 0.245 ms stddev 0.063, 0 failed
progress: 37.0 s, 259920.0 tps, lat 0.246 ms stddev 0.074, 0 failed
progress: 38.0 s, 260401.3 tps, lat 0.246 ms stddev 0.067, 0 failed
progress: 39.0 s, 261453.5 tps, lat 0.245 ms stddev 0.059, 0 failed
progress: 40.0 s, 260316.3 tps, lat 0.246 ms stddev 0.071, 0 failed
progress: 41.0 s, 260503.6 tps, lat 0.245 ms stddev 0.069, 0 failed
progress: 42.0 s, 260966.4 tps, lat 0.245 ms stddev 0.061, 0 failed
progress: 43.0 s, 261178.3 tps, lat 0.245 ms stddev 0.063, 0 failed
progress: 44.0 s, 261610.8 tps, lat 0.244 ms stddev 0.063, 0 failed
progress: 45.0 s, 260071.0 tps, lat 0.246 ms stddev 0.071, 0 failed
progress: 46.0 s, 260740.0 tps, lat 0.245 ms stddev 0.066, 0 failed
progress: 47.0 s, 260051.2 tps, lat 0.246 ms stddev 0.076, 0 failed
progress: 48.0 s, 260824.7 tps, lat 0.245 ms stddev 0.063, 0 failed
progress: 49.0 s, 260934.5 tps, lat 0.245 ms stddev 0.062, 0 failed
progress: 50.0 s, 260746.7 tps, lat 0.245 ms stddev 0.066, 0 failed
progress: 51.0 s, 260628.3 tps, lat 0.245 ms stddev 0.066, 0 failed
progress: 52.0 s, 260449.3 tps, lat 0.246 ms stddev 0.067, 0 failed
progress: 53.0 s, 260533.1 tps, lat 0.245 ms stddev 0.068, 0 failed
progress: 54.0 s, 260386.5 tps, lat 0.246 ms stddev 0.072, 0 failed
progress: 55.0 s, 260317.2 tps, lat 0.246 ms stddev 0.066, 0 failed
progress: 56.0 s, 260727.3 tps, lat 0.245 ms stddev 0.065, 0 failed
progress: 57.0 s, 260205.8 tps, lat 0.246 ms stddev 0.064, 0 failed
progress: 58.0 s, 260025.5 tps, lat 0.246 ms stddev 0.066, 0 failed
progress: 59.0 s, 260420.7 tps, lat 0.246 ms stddev 0.064, 0 failed
transaction type: star-1-left.sql
scaling factor: 1
query mode: prepared
number of clients: 64
number of threads: 64
maximum number of tries: 1
duration: 60 s
number of transactions actually processed: 15641055
number of failed transactions: 0 (0.000%)
latency average = 0.245 ms
latency stddev = 0.084 ms
initial connection time = 43.215 ms
tps = 260851.012052 (without initial connection time)
