pgbench (18devel, server 8.3.23)
progress: 1.0 s, 69.0 tps, lat 14.408 ms stddev 0.719, 0 failed
progress: 2.0 s, 70.0 tps, lat 14.241 ms stddev 0.070, 0 failed
progress: 3.0 s, 70.0 tps, lat 14.239 ms stddev 0.086, 0 failed
progress: 4.0 s, 70.0 tps, lat 14.249 ms stddev 0.148, 0 failed
progress: 5.0 s, 71.0 tps, lat 14.241 ms stddev 0.117, 0 failed
progress: 6.0 s, 70.0 tps, lat 14.269 ms stddev 0.222, 0 failed
progress: 7.0 s, 70.0 tps, lat 14.239 ms stddev 0.083, 0 failed
progress: 8.0 s, 70.0 tps, lat 14.229 ms stddev 0.070, 0 failed
progress: 9.0 s, 70.0 tps, lat 14.271 ms stddev 0.275, 0 failed
progress: 10.0 s, 70.0 tps, lat 14.271 ms stddev 0.275, 0 failed
progress: 11.0 s, 70.0 tps, lat 14.269 ms stddev 0.207, 0 failed
progress: 12.0 s, 71.0 tps, lat 14.226 ms stddev 0.073, 0 failed
progress: 13.0 s, 70.0 tps, lat 14.227 ms stddev 0.071, 0 failed
progress: 14.0 s, 70.0 tps, lat 14.242 ms stddev 0.197, 0 failed
progress: 15.0 s, 70.0 tps, lat 14.251 ms stddev 0.102, 0 failed
progress: 16.0 s, 70.0 tps, lat 14.274 ms stddev 0.278, 0 failed
progress: 17.0 s, 71.0 tps, lat 14.224 ms stddev 0.064, 0 failed
progress: 18.0 s, 70.0 tps, lat 14.225 ms stddev 0.065, 0 failed
progress: 19.0 s, 70.0 tps, lat 14.232 ms stddev 0.087, 0 failed
progress: 20.0 s, 71.0 tps, lat 14.221 ms stddev 0.067, 0 failed
progress: 21.0 s, 70.0 tps, lat 14.227 ms stddev 0.085, 0 failed
progress: 22.0 s, 70.0 tps, lat 14.215 ms stddev 0.059, 0 failed
progress: 23.0 s, 69.0 tps, lat 14.532 ms stddev 0.397, 0 failed
progress: 24.0 s, 69.0 tps, lat 14.471 ms stddev 0.288, 0 failed
progress: 25.0 s, 69.0 tps, lat 14.451 ms stddev 0.211, 0 failed
progress: 26.0 s, 69.0 tps, lat 14.472 ms stddev 0.278, 0 failed
progress: 27.0 s, 70.0 tps, lat 14.331 ms stddev 0.148, 0 failed
progress: 28.0 s, 71.0 tps, lat 14.223 ms stddev 0.069, 0 failed
progress: 29.0 s, 70.0 tps, lat 14.253 ms stddev 0.197, 0 failed
progress: 30.0 s, 70.0 tps, lat 14.240 ms stddev 0.193, 0 failed
progress: 31.0 s, 70.0 tps, lat 14.259 ms stddev 0.195, 0 failed
progress: 32.0 s, 70.0 tps, lat 14.221 ms stddev 0.072, 0 failed
progress: 33.0 s, 71.0 tps, lat 14.222 ms stddev 0.067, 0 failed
progress: 34.0 s, 69.0 tps, lat 14.330 ms stddev 0.241, 0 failed
progress: 35.0 s, 70.0 tps, lat 14.451 ms stddev 0.200, 0 failed
progress: 36.0 s, 69.0 tps, lat 14.444 ms stddev 0.195, 0 failed
progress: 37.0 s, 69.0 tps, lat 14.453 ms stddev 0.245, 0 failed
progress: 38.0 s, 69.0 tps, lat 14.422 ms stddev 0.060, 0 failed
progress: 39.0 s, 70.0 tps, lat 14.433 ms stddev 0.068, 0 failed
progress: 40.0 s, 69.0 tps, lat 14.439 ms stddev 0.142, 0 failed
progress: 41.0 s, 69.0 tps, lat 14.443 ms stddev 0.205, 0 failed
progress: 42.0 s, 70.0 tps, lat 14.425 ms stddev 0.066, 0 failed
progress: 43.0 s, 69.0 tps, lat 14.432 ms stddev 0.063, 0 failed
progress: 44.0 s, 69.0 tps, lat 14.422 ms stddev 0.064, 0 failed
progress: 45.0 s, 69.0 tps, lat 14.504 ms stddev 0.294, 0 failed
progress: 46.0 s, 69.0 tps, lat 14.478 ms stddev 0.279, 0 failed
progress: 47.0 s, 69.0 tps, lat 14.457 ms stddev 0.209, 0 failed
progress: 48.0 s, 70.0 tps, lat 14.422 ms stddev 0.059, 0 failed
progress: 49.0 s, 69.0 tps, lat 14.421 ms stddev 0.054, 0 failed
progress: 50.0 s, 69.0 tps, lat 14.427 ms stddev 0.058, 0 failed
progress: 51.0 s, 70.0 tps, lat 14.451 ms stddev 0.213, 0 failed
progress: 52.0 s, 69.0 tps, lat 14.431 ms stddev 0.067, 0 failed
progress: 53.0 s, 69.0 tps, lat 14.419 ms stddev 0.050, 0 failed
progress: 54.0 s, 69.0 tps, lat 14.426 ms stddev 0.061, 0 failed
progress: 55.0 s, 70.0 tps, lat 14.480 ms stddev 0.276, 0 failed
progress: 56.0 s, 69.0 tps, lat 14.425 ms stddev 0.065, 0 failed
progress: 57.0 s, 69.0 tps, lat 14.472 ms stddev 0.287, 0 failed
progress: 58.0 s, 69.0 tps, lat 14.444 ms stddev 0.210, 0 failed
progress: 59.0 s, 69.0 tps, lat 14.434 ms stddev 0.079, 0 failed
progress: 60.0 s, 70.0 tps, lat 14.471 ms stddev 0.286, 0 failed
transaction type: star-1.sql
scaling factor: 1
query mode: simple
number of clients: 1
number of threads: 1
maximum number of tries: 1
duration: 60 s
number of transactions actually processed: 4182
number of failed transactions: 0 (0.000%)
latency average = 14.350 ms
latency stddev = 0.223 ms
initial connection time = 1.763 ms
tps = 69.685746 (without initial connection time)
