pgbench (18devel, server 8.0.26)
progress: 1.0 s, 6453.7 tps, lat 0.154 ms stddev 0.036, 0 failed
progress: 2.0 s, 6546.1 tps, lat 0.153 ms stddev 0.009, 0 failed
progress: 3.0 s, 6806.9 tps, lat 0.147 ms stddev 0.008, 0 failed
progress: 4.0 s, 6776.4 tps, lat 0.148 ms stddev 0.008, 0 failed
progress: 5.0 s, 6705.6 tps, lat 0.149 ms stddev 0.009, 0 failed
progress: 6.0 s, 6729.0 tps, lat 0.149 ms stddev 0.009, 0 failed
progress: 7.0 s, 6696.0 tps, lat 0.149 ms stddev 0.009, 0 failed
progress: 8.0 s, 6667.3 tps, lat 0.150 ms stddev 0.009, 0 failed
progress: 9.0 s, 6701.7 tps, lat 0.149 ms stddev 0.010, 0 failed
progress: 10.0 s, 6817.0 tps, lat 0.147 ms stddev 0.008, 0 failed
progress: 11.0 s, 6741.1 tps, lat 0.148 ms stddev 0.025, 0 failed
progress: 12.0 s, 6637.9 tps, lat 0.151 ms stddev 0.008, 0 failed
progress: 13.0 s, 6770.0 tps, lat 0.148 ms stddev 0.008, 0 failed
progress: 14.0 s, 6660.0 tps, lat 0.150 ms stddev 0.009, 0 failed
progress: 15.0 s, 6810.0 tps, lat 0.147 ms stddev 0.008, 0 failed
progress: 16.0 s, 6710.0 tps, lat 0.149 ms stddev 0.008, 0 failed
progress: 17.0 s, 6766.0 tps, lat 0.148 ms stddev 0.008, 0 failed
progress: 18.0 s, 6716.3 tps, lat 0.149 ms stddev 0.008, 0 failed
progress: 19.0 s, 6676.9 tps, lat 0.150 ms stddev 0.009, 0 failed
progress: 20.0 s, 6650.8 tps, lat 0.150 ms stddev 0.008, 0 failed
progress: 21.0 s, 6746.0 tps, lat 0.148 ms stddev 0.025, 0 failed
progress: 22.0 s, 6629.2 tps, lat 0.151 ms stddev 0.009, 0 failed
progress: 23.0 s, 6796.8 tps, lat 0.147 ms stddev 0.008, 0 failed
progress: 24.0 s, 6625.2 tps, lat 0.151 ms stddev 0.008, 0 failed
progress: 25.0 s, 6723.2 tps, lat 0.149 ms stddev 0.008, 0 failed
progress: 26.0 s, 6673.6 tps, lat 0.150 ms stddev 0.009, 0 failed
progress: 27.0 s, 6795.1 tps, lat 0.147 ms stddev 0.008, 0 failed
progress: 28.0 s, 6658.1 tps, lat 0.150 ms stddev 0.009, 0 failed
progress: 29.0 s, 6718.2 tps, lat 0.149 ms stddev 0.009, 0 failed
progress: 30.0 s, 6626.7 tps, lat 0.151 ms stddev 0.048, 0 failed
progress: 31.0 s, 6785.0 tps, lat 0.147 ms stddev 0.024, 0 failed
progress: 32.0 s, 6659.0 tps, lat 0.150 ms stddev 0.009, 0 failed
progress: 33.0 s, 6681.0 tps, lat 0.150 ms stddev 0.008, 0 failed
progress: 34.0 s, 6634.0 tps, lat 0.151 ms stddev 0.009, 0 failed
progress: 35.0 s, 6687.2 tps, lat 0.149 ms stddev 0.008, 0 failed
progress: 36.0 s, 6719.8 tps, lat 0.149 ms stddev 0.008, 0 failed
progress: 37.0 s, 6691.0 tps, lat 0.149 ms stddev 0.008, 0 failed
progress: 38.0 s, 6702.0 tps, lat 0.149 ms stddev 0.009, 0 failed
progress: 39.0 s, 6735.0 tps, lat 0.148 ms stddev 0.009, 0 failed
progress: 40.0 s, 6691.0 tps, lat 0.149 ms stddev 0.009, 0 failed
progress: 41.0 s, 6686.0 tps, lat 0.150 ms stddev 0.025, 0 failed
progress: 42.0 s, 6730.1 tps, lat 0.149 ms stddev 0.011, 0 failed
progress: 43.0 s, 6730.9 tps, lat 0.148 ms stddev 0.008, 0 failed
progress: 44.0 s, 6712.0 tps, lat 0.149 ms stddev 0.008, 0 failed
progress: 45.0 s, 6764.2 tps, lat 0.148 ms stddev 0.010, 0 failed
progress: 46.0 s, 6747.8 tps, lat 0.148 ms stddev 0.008, 0 failed
progress: 47.0 s, 6671.0 tps, lat 0.150 ms stddev 0.010, 0 failed
progress: 48.0 s, 6750.0 tps, lat 0.148 ms stddev 0.008, 0 failed
progress: 49.0 s, 6710.0 tps, lat 0.149 ms stddev 0.009, 0 failed
progress: 50.0 s, 6627.0 tps, lat 0.151 ms stddev 0.009, 0 failed
progress: 51.0 s, 6737.3 tps, lat 0.148 ms stddev 0.025, 0 failed
progress: 52.0 s, 6718.8 tps, lat 0.149 ms stddev 0.009, 0 failed
progress: 53.0 s, 6682.0 tps, lat 0.150 ms stddev 0.009, 0 failed
progress: 54.0 s, 6651.8 tps, lat 0.150 ms stddev 0.009, 0 failed
progress: 55.0 s, 6732.0 tps, lat 0.148 ms stddev 0.009, 0 failed
progress: 56.0 s, 6738.0 tps, lat 0.148 ms stddev 0.008, 0 failed
progress: 57.0 s, 6665.0 tps, lat 0.150 ms stddev 0.009, 0 failed
progress: 58.0 s, 6661.1 tps, lat 0.150 ms stddev 0.008, 0 failed
progress: 59.0 s, 6748.9 tps, lat 0.148 ms stddev 0.008, 0 failed
progress: 60.0 s, 6760.1 tps, lat 0.148 ms stddev 0.008, 0 failed
transaction type: star-1-left.sql
scaling factor: 1
query mode: prepared
number of clients: 1
number of threads: 1
maximum number of tries: 1
duration: 60 s
number of transactions actually processed: 402241
number of failed transactions: 0 (0.000%)
latency average = 0.149 ms
latency stddev = 0.013 ms
initial connection time = 4.761 ms
tps = 6704.529340 (without initial connection time)
