pgbench (18devel, server 8.0.26)
progress: 5.0 s, 135.1 tps, lat 501.298 ms stddev 1262.186, 0 failed
progress: 6.0 s, 2608.1 tps, lat 122.916 ms stddev 579.191, 0 failed
progress: 7.0 s, 3616.1 tps, lat 36.940 ms stddev 31.586, 0 failed
progress: 8.0 s, 3686.0 tps, lat 33.970 ms stddev 30.137, 0 failed
progress: 9.0 s, 3518.8 tps, lat 36.452 ms stddev 32.245, 0 failed
progress: 10.0 s, 4706.1 tps, lat 27.553 ms stddev 25.998, 0 failed
progress: 11.0 s, 3644.9 tps, lat 34.475 ms stddev 28.461, 0 failed
progress: 12.0 s, 4380.1 tps, lat 29.069 ms stddev 26.442, 0 failed
progress: 13.0 s, 3241.1 tps, lat 39.608 ms stddev 34.133, 0 failed
progress: 14.0 s, 3670.1 tps, lat 35.028 ms stddev 33.702, 0 failed
progress: 15.0 s, 3866.9 tps, lat 33.245 ms stddev 33.752, 0 failed
progress: 16.0 s, 4781.9 tps, lat 27.100 ms stddev 25.433, 0 failed
progress: 17.0 s, 4210.3 tps, lat 29.559 ms stddev 26.257, 0 failed
progress: 18.0 s, 4597.9 tps, lat 28.897 ms stddev 28.387, 0 failed
progress: 19.0 s, 4244.9 tps, lat 29.654 ms stddev 27.331, 0 failed
progress: 20.0 s, 4348.1 tps, lat 29.312 ms stddev 24.387, 0 failed
progress: 21.0 s, 4164.0 tps, lat 31.378 ms stddev 30.791, 0 failed
progress: 22.0 s, 4740.0 tps, lat 26.913 ms stddev 25.040, 0 failed
progress: 23.0 s, 3913.8 tps, lat 31.201 ms stddev 26.851, 0 failed
progress: 24.0 s, 3782.1 tps, lat 35.160 ms stddev 32.543, 0 failed
progress: 25.0 s, 4629.1 tps, lat 28.015 ms stddev 28.469, 0 failed
progress: 26.0 s, 4989.9 tps, lat 25.303 ms stddev 25.671, 0 failed
progress: 27.0 s, 4724.0 tps, lat 27.319 ms stddev 26.923, 0 failed
progress: 28.0 s, 3798.0 tps, lat 33.026 ms stddev 33.255, 0 failed
progress: 29.0 s, 3612.0 tps, lat 35.818 ms stddev 35.481, 0 failed
progress: 30.0 s, 4310.7 tps, lat 29.756 ms stddev 28.409, 0 failed
progress: 31.0 s, 4081.2 tps, lat 31.294 ms stddev 28.108, 0 failed
progress: 32.0 s, 4096.9 tps, lat 30.426 ms stddev 31.592, 0 failed
progress: 33.0 s, 4377.9 tps, lat 29.981 ms stddev 31.487, 0 failed
progress: 34.0 s, 4270.3 tps, lat 30.340 ms stddev 28.468, 0 failed
progress: 35.0 s, 4293.0 tps, lat 29.813 ms stddev 27.255, 0 failed
progress: 36.0 s, 4082.9 tps, lat 31.020 ms stddev 26.536, 0 failed
progress: 37.0 s, 3932.9 tps, lat 32.936 ms stddev 30.154, 0 failed
progress: 38.0 s, 4344.8 tps, lat 28.239 ms stddev 27.934, 0 failed
progress: 39.0 s, 4812.4 tps, lat 27.314 ms stddev 23.830, 0 failed
progress: 40.0 s, 4540.9 tps, lat 28.533 ms stddev 26.678, 0 failed
progress: 41.0 s, 4401.1 tps, lat 28.629 ms stddev 25.928, 0 failed
progress: 42.0 s, 4931.8 tps, lat 25.364 ms stddev 24.860, 0 failed
progress: 43.0 s, 4500.2 tps, lat 29.097 ms stddev 30.678, 0 failed
progress: 44.0 s, 4707.7 tps, lat 27.225 ms stddev 24.557, 0 failed
progress: 45.0 s, 4158.3 tps, lat 31.277 ms stddev 29.777, 0 failed
progress: 46.0 s, 5337.8 tps, lat 23.946 ms stddev 22.541, 0 failed
progress: 47.0 s, 4761.2 tps, lat 26.661 ms stddev 23.475, 0 failed
progress: 48.0 s, 4623.0 tps, lat 27.904 ms stddev 27.493, 0 failed
progress: 49.0 s, 4554.0 tps, lat 27.859 ms stddev 25.878, 0 failed
progress: 50.0 s, 5074.0 tps, lat 25.435 ms stddev 25.193, 0 failed
progress: 51.0 s, 4632.0 tps, lat 27.694 ms stddev 28.844, 0 failed
progress: 52.0 s, 4597.0 tps, lat 27.264 ms stddev 24.197, 0 failed
progress: 53.0 s, 4337.9 tps, lat 29.712 ms stddev 29.818, 0 failed
progress: 54.0 s, 4107.9 tps, lat 30.746 ms stddev 26.169, 0 failed
progress: 55.0 s, 5263.1 tps, lat 24.940 ms stddev 21.667, 0 failed
progress: 56.0 s, 5621.0 tps, lat 22.657 ms stddev 22.040, 0 failed
progress: 57.0 s, 4405.0 tps, lat 28.106 ms stddev 29.548, 0 failed
progress: 58.0 s, 4480.0 tps, lat 29.372 ms stddev 27.762, 0 failed
progress: 59.0 s, 4162.0 tps, lat 30.756 ms stddev 27.380, 0 failed
transaction type: star-1-left.sql
scaling factor: 1
query mode: prepared
number of clients: 128
number of threads: 128
maximum number of tries: 1
duration: 60 s
number of transactions actually processed: 238298
number of failed transactions: 0 (0.000%)
latency average = 31.775 ms
latency stddev = 98.364 ms
initial connection time = 851.027 ms
tps = 4027.189622 (without initial connection time)
