pgbench (18devel, server 8.0.26)
progress: 10.0 s, 211.3 tps, lat 869.037 ms stddev 2389.125, 0 failed
progress: 11.0 s, 2830.0 tps, lat 214.357 ms stddev 1022.410, 0 failed
progress: 12.0 s, 2940.2 tps, lat 84.296 ms stddev 77.376, 0 failed
progress: 13.0 s, 2725.7 tps, lat 88.676 ms stddev 77.576, 0 failed
progress: 14.0 s, 3321.4 tps, lat 81.178 ms stddev 69.616, 0 failed
progress: 15.0 s, 2841.9 tps, lat 86.980 ms stddev 74.977, 0 failed
progress: 16.0 s, 3474.9 tps, lat 75.938 ms stddev 58.273, 0 failed
progress: 17.0 s, 3265.3 tps, lat 78.669 ms stddev 79.184, 0 failed
progress: 18.0 s, 4017.6 tps, lat 64.301 ms stddev 50.504, 0 failed
progress: 19.0 s, 3686.1 tps, lat 68.173 ms stddev 59.309, 0 failed
progress: 20.0 s, 4608.0 tps, lat 57.391 ms stddev 43.041, 0 failed
progress: 21.0 s, 4160.1 tps, lat 60.623 ms stddev 48.949, 0 failed
progress: 22.0 s, 4374.2 tps, lat 60.380 ms stddev 54.773, 0 failed
progress: 23.0 s, 3811.9 tps, lat 65.908 ms stddev 62.257, 0 failed
progress: 24.0 s, 3616.0 tps, lat 64.694 ms stddev 49.327, 0 failed
progress: 25.0 s, 3960.7 tps, lat 69.288 ms stddev 58.320, 0 failed
progress: 26.0 s, 4222.2 tps, lat 60.544 ms stddev 50.531, 0 failed
progress: 27.0 s, 4443.2 tps, lat 58.978 ms stddev 54.808, 0 failed
progress: 28.0 s, 3456.9 tps, lat 73.350 ms stddev 51.729, 0 failed
progress: 29.0 s, 3047.8 tps, lat 80.547 ms stddev 60.028, 0 failed
progress: 30.0 s, 4642.0 tps, lat 58.130 ms stddev 52.505, 0 failed
progress: 31.0 s, 3942.3 tps, lat 63.868 ms stddev 60.854, 0 failed
progress: 32.0 s, 3884.1 tps, lat 65.083 ms stddev 52.097, 0 failed
progress: 33.0 s, 2975.8 tps, lat 82.847 ms stddev 75.413, 0 failed
progress: 34.0 s, 4350.0 tps, lat 62.970 ms stddev 55.049, 0 failed
progress: 35.0 s, 3411.2 tps, lat 75.091 ms stddev 57.956, 0 failed
progress: 36.0 s, 4041.8 tps, lat 63.117 ms stddev 47.291, 0 failed
progress: 37.0 s, 3040.1 tps, lat 85.089 ms stddev 75.803, 0 failed
progress: 38.0 s, 3729.7 tps, lat 66.443 ms stddev 64.894, 0 failed
progress: 39.0 s, 3444.9 tps, lat 72.822 ms stddev 73.728, 0 failed
progress: 40.0 s, 4393.4 tps, lat 61.184 ms stddev 55.847, 0 failed
progress: 41.0 s, 4671.0 tps, lat 54.617 ms stddev 41.904, 0 failed
progress: 42.0 s, 4431.0 tps, lat 58.014 ms stddev 48.428, 0 failed
progress: 43.0 s, 4337.9 tps, lat 57.166 ms stddev 49.432, 0 failed
progress: 44.0 s, 3643.7 tps, lat 67.767 ms stddev 51.819, 0 failed
progress: 45.0 s, 4224.6 tps, lat 64.430 ms stddev 49.247, 0 failed
progress: 46.0 s, 4194.8 tps, lat 60.941 ms stddev 46.887, 0 failed
progress: 47.0 s, 3857.8 tps, lat 64.011 ms stddev 48.855, 0 failed
progress: 48.0 s, 3745.3 tps, lat 69.345 ms stddev 56.087, 0 failed
progress: 49.0 s, 3707.0 tps, lat 68.396 ms stddev 62.554, 0 failed
progress: 50.0 s, 4070.6 tps, lat 62.323 ms stddev 55.817, 0 failed
progress: 51.0 s, 3848.8 tps, lat 67.005 ms stddev 50.708, 0 failed
progress: 52.0 s, 4204.6 tps, lat 61.186 ms stddev 45.106, 0 failed
progress: 53.0 s, 3145.0 tps, lat 77.987 ms stddev 67.792, 0 failed
progress: 54.0 s, 4475.9 tps, lat 59.849 ms stddev 52.492, 0 failed
progress: 55.0 s, 4248.0 tps, lat 60.484 ms stddev 40.826, 0 failed
progress: 56.0 s, 4192.1 tps, lat 61.773 ms stddev 47.325, 0 failed
progress: 57.0 s, 4155.6 tps, lat 59.128 ms stddev 42.344, 0 failed
progress: 58.0 s, 4573.5 tps, lat 58.500 ms stddev 47.910, 0 failed
progress: 59.0 s, 4647.0 tps, lat 55.103 ms stddev 39.672, 0 failed
transaction type: star-1-left.sql
scaling factor: 1
query mode: prepared
number of clients: 256
number of threads: 256
maximum number of tries: 1
duration: 60 s
number of transactions actually processed: 194643
number of failed transactions: 0 (0.000%)
latency average = 76.843 ms
latency stddev = 295.154 ms
initial connection time = 1595.567 ms
tps = 3330.122739 (without initial connection time)
