pgbench (18devel, server 8.0.26)
progress: 2.3 s, 98.6 tps, lat 75.873 ms stddev 317.833, 0 failed
progress: 3.0 s, 2313.3 tps, lat 88.128 ms stddev 365.149, 0 failed
progress: 4.0 s, 3387.9 tps, lat 19.141 ms stddev 21.178, 0 failed
progress: 5.0 s, 3972.0 tps, lat 15.899 ms stddev 15.751, 0 failed
progress: 6.0 s, 4036.2 tps, lat 15.730 ms stddev 17.680, 0 failed
progress: 7.0 s, 3731.0 tps, lat 17.326 ms stddev 18.535, 0 failed
progress: 8.0 s, 3528.0 tps, lat 18.370 ms stddev 17.801, 0 failed
progress: 9.0 s, 4354.8 tps, lat 14.481 ms stddev 15.316, 0 failed
progress: 10.0 s, 4119.1 tps, lat 15.610 ms stddev 14.782, 0 failed
progress: 11.0 s, 4110.9 tps, lat 15.558 ms stddev 18.864, 0 failed
progress: 12.0 s, 3776.2 tps, lat 16.781 ms stddev 17.436, 0 failed
progress: 13.0 s, 4333.7 tps, lat 14.939 ms stddev 15.398, 0 failed
progress: 14.0 s, 4306.5 tps, lat 14.925 ms stddev 17.166, 0 failed
progress: 15.0 s, 3954.7 tps, lat 16.262 ms stddev 17.945, 0 failed
progress: 16.0 s, 4036.9 tps, lat 15.478 ms stddev 15.487, 0 failed
progress: 17.0 s, 5129.4 tps, lat 12.754 ms stddev 15.492, 0 failed
progress: 18.0 s, 4588.7 tps, lat 13.846 ms stddev 14.558, 0 failed
progress: 19.0 s, 4257.0 tps, lat 14.905 ms stddev 16.767, 0 failed
progress: 20.0 s, 4465.1 tps, lat 14.311 ms stddev 15.921, 0 failed
progress: 21.0 s, 4158.9 tps, lat 15.281 ms stddev 17.232, 0 failed
progress: 22.0 s, 4925.3 tps, lat 13.170 ms stddev 15.848, 0 failed
progress: 23.0 s, 2686.8 tps, lat 23.903 ms stddev 24.393, 0 failed
progress: 24.0 s, 4029.2 tps, lat 15.945 ms stddev 18.283, 0 failed
progress: 25.0 s, 4440.0 tps, lat 14.443 ms stddev 16.109, 0 failed
progress: 26.0 s, 4147.9 tps, lat 15.225 ms stddev 16.844, 0 failed
progress: 27.0 s, 4116.0 tps, lat 15.530 ms stddev 16.761, 0 failed
progress: 28.0 s, 4540.1 tps, lat 14.148 ms stddev 18.010, 0 failed
progress: 29.0 s, 3650.0 tps, lat 17.553 ms stddev 18.322, 0 failed
progress: 30.0 s, 4067.9 tps, lat 15.728 ms stddev 16.092, 0 failed
progress: 31.0 s, 4108.9 tps, lat 15.732 ms stddev 17.238, 0 failed
progress: 32.0 s, 4084.2 tps, lat 15.704 ms stddev 17.094, 0 failed
progress: 33.0 s, 4483.7 tps, lat 14.184 ms stddev 15.910, 0 failed
progress: 34.0 s, 4061.3 tps, lat 15.724 ms stddev 15.525, 0 failed
progress: 35.0 s, 4034.7 tps, lat 15.851 ms stddev 16.988, 0 failed
progress: 36.0 s, 4544.3 tps, lat 14.141 ms stddev 14.956, 0 failed
progress: 37.0 s, 4490.0 tps, lat 14.302 ms stddev 15.037, 0 failed
progress: 38.0 s, 4101.8 tps, lat 15.390 ms stddev 17.899, 0 failed
progress: 39.0 s, 3795.1 tps, lat 17.038 ms stddev 20.177, 0 failed
progress: 40.0 s, 3906.0 tps, lat 16.397 ms stddev 18.527, 0 failed
progress: 41.0 s, 4674.9 tps, lat 13.592 ms stddev 14.170, 0 failed
progress: 42.0 s, 4882.1 tps, lat 13.132 ms stddev 14.669, 0 failed
progress: 43.0 s, 5168.2 tps, lat 12.284 ms stddev 14.714, 0 failed
progress: 44.0 s, 4214.8 tps, lat 14.953 ms stddev 17.140, 0 failed
progress: 45.0 s, 3617.0 tps, lat 17.997 ms stddev 19.763, 0 failed
progress: 46.0 s, 3558.1 tps, lat 18.154 ms stddev 17.844, 0 failed
progress: 47.0 s, 4343.9 tps, lat 14.628 ms stddev 15.444, 0 failed
progress: 48.0 s, 3441.0 tps, lat 18.541 ms stddev 18.055, 0 failed
progress: 49.0 s, 3470.0 tps, lat 18.499 ms stddev 20.812, 0 failed
progress: 50.0 s, 3980.2 tps, lat 15.951 ms stddev 17.165, 0 failed
progress: 51.0 s, 4118.9 tps, lat 15.588 ms stddev 17.071, 0 failed
progress: 52.0 s, 3936.1 tps, lat 16.050 ms stddev 17.255, 0 failed
progress: 53.0 s, 3558.8 tps, lat 18.204 ms stddev 19.127, 0 failed
progress: 54.0 s, 4054.1 tps, lat 15.819 ms stddev 20.199, 0 failed
progress: 55.0 s, 3379.0 tps, lat 18.673 ms stddev 17.787, 0 failed
progress: 56.0 s, 3850.0 tps, lat 16.967 ms stddev 18.357, 0 failed
progress: 57.0 s, 4046.9 tps, lat 15.953 ms stddev 17.200, 0 failed
progress: 58.0 s, 4186.1 tps, lat 14.925 ms stddev 17.729, 0 failed
progress: 59.0 s, 4736.0 tps, lat 13.720 ms stddev 15.396, 0 failed
transaction type: star-1-left.sql
scaling factor: 1
query mode: prepared
number of clients: 64
number of threads: 64
maximum number of tries: 1
duration: 60 s
number of transactions actually processed: 236041
number of failed transactions: 0 (0.000%)
latency average = 16.164 ms
latency stddev = 37.356 ms
initial connection time = 387.851 ms
tps = 3958.721065 (without initial connection time)
