pgbench (18devel, server 8.3.23)
progress: 1.0 s, 6415.8 tps, lat 37.004 ms stddev 79.346, 0 failed
progress: 2.0 s, 5951.4 tps, lat 42.580 ms stddev 33.730, 0 failed
progress: 3.0 s, 9631.3 tps, lat 26.553 ms stddev 31.603, 0 failed
progress: 4.0 s, 6584.0 tps, lat 38.784 ms stddev 34.705, 0 failed
progress: 5.0 s, 5880.8 tps, lat 43.648 ms stddev 35.079, 0 failed
progress: 6.0 s, 6120.3 tps, lat 41.728 ms stddev 33.805, 0 failed
progress: 7.0 s, 6518.7 tps, lat 40.533 ms stddev 35.447, 0 failed
progress: 8.0 s, 6342.6 tps, lat 39.145 ms stddev 33.747, 0 failed
progress: 9.0 s, 6446.0 tps, lat 39.907 ms stddev 34.483, 0 failed
progress: 10.0 s, 5892.7 tps, lat 43.050 ms stddev 35.652, 0 failed
progress: 11.0 s, 7287.3 tps, lat 35.143 ms stddev 36.061, 0 failed
progress: 12.0 s, 8167.9 tps, lat 31.479 ms stddev 33.461, 0 failed
progress: 13.0 s, 5985.8 tps, lat 42.696 ms stddev 36.084, 0 failed
progress: 14.0 s, 6732.1 tps, lat 37.967 ms stddev 34.738, 0 failed
progress: 15.0 s, 5630.7 tps, lat 45.450 ms stddev 37.736, 0 failed
progress: 16.0 s, 5625.8 tps, lat 45.359 ms stddev 38.355, 0 failed
progress: 17.0 s, 6721.4 tps, lat 38.109 ms stddev 36.073, 0 failed
progress: 18.0 s, 7308.4 tps, lat 35.163 ms stddev 34.974, 0 failed
progress: 19.0 s, 6087.7 tps, lat 42.222 ms stddev 36.342, 0 failed
progress: 20.0 s, 8593.8 tps, lat 29.616 ms stddev 32.601, 0 failed
progress: 21.0 s, 6018.3 tps, lat 42.599 ms stddev 35.185, 0 failed
progress: 22.0 s, 6828.7 tps, lat 37.634 ms stddev 33.260, 0 failed
progress: 23.0 s, 5933.0 tps, lat 42.986 ms stddev 35.820, 0 failed
progress: 24.0 s, 6034.9 tps, lat 42.433 ms stddev 36.177, 0 failed
progress: 25.0 s, 6000.2 tps, lat 42.746 ms stddev 35.081, 0 failed
progress: 26.0 s, 6194.7 tps, lat 41.265 ms stddev 34.854, 0 failed
progress: 27.0 s, 9899.5 tps, lat 25.853 ms stddev 31.493, 0 failed
progress: 28.0 s, 6320.2 tps, lat 40.621 ms stddev 34.573, 0 failed
progress: 29.0 s, 5986.4 tps, lat 42.638 ms stddev 36.059, 0 failed
progress: 30.0 s, 6041.6 tps, lat 42.280 ms stddev 35.481, 0 failed
progress: 31.0 s, 6054.8 tps, lat 42.318 ms stddev 36.144, 0 failed
progress: 32.0 s, 6091.7 tps, lat 41.990 ms stddev 35.439, 0 failed
progress: 33.0 s, 5957.4 tps, lat 43.073 ms stddev 36.036, 0 failed
progress: 34.0 s, 6212.5 tps, lat 41.133 ms stddev 35.687, 0 failed
progress: 35.0 s, 6073.6 tps, lat 42.150 ms stddev 35.326, 0 failed
progress: 36.0 s, 5979.2 tps, lat 42.827 ms stddev 36.307, 0 failed
progress: 37.0 s, 10985.0 tps, lat 23.456 ms stddev 30.758, 0 failed
progress: 38.0 s, 6034.1 tps, lat 42.281 ms stddev 34.502, 0 failed
progress: 39.0 s, 7441.9 tps, lat 34.423 ms stddev 35.011, 0 failed
progress: 40.0 s, 6691.8 tps, lat 38.319 ms stddev 34.150, 0 failed
progress: 41.0 s, 9071.6 tps, lat 28.073 ms stddev 32.554, 0 failed
progress: 42.0 s, 6157.4 tps, lat 41.635 ms stddev 34.653, 0 failed
progress: 43.0 s, 6447.0 tps, lat 39.708 ms stddev 34.868, 0 failed
progress: 44.0 s, 6110.7 tps, lat 41.929 ms stddev 35.263, 0 failed
progress: 45.0 s, 6002.6 tps, lat 42.595 ms stddev 35.221, 0 failed
progress: 46.0 s, 5994.1 tps, lat 42.745 ms stddev 36.053, 0 failed
progress: 47.0 s, 7730.4 tps, lat 34.085 ms stddev 33.971, 0 failed
progress: 48.0 s, 7394.0 tps, lat 33.785 ms stddev 34.477, 0 failed
progress: 49.0 s, 5958.0 tps, lat 42.786 ms stddev 35.669, 0 failed
progress: 50.0 s, 6380.7 tps, lat 39.885 ms stddev 34.987, 0 failed
progress: 51.0 s, 5928.5 tps, lat 43.148 ms stddev 36.084, 0 failed
progress: 52.0 s, 7536.8 tps, lat 34.235 ms stddev 32.774, 0 failed
progress: 53.0 s, 6023.7 tps, lat 42.184 ms stddev 35.381, 0 failed
progress: 54.0 s, 5976.4 tps, lat 42.930 ms stddev 35.259, 0 failed
progress: 55.0 s, 7632.3 tps, lat 33.616 ms stddev 33.642, 0 failed
progress: 56.0 s, 6028.2 tps, lat 42.512 ms stddev 35.182, 0 failed
progress: 57.0 s, 6080.6 tps, lat 41.945 ms stddev 35.068, 0 failed
progress: 58.0 s, 5965.6 tps, lat 42.991 ms stddev 36.775, 0 failed
progress: 59.0 s, 6020.2 tps, lat 42.388 ms stddev 35.843, 0 failed
transaction type: star-1.sql
scaling factor: 1
query mode: prepared
number of clients: 256
number of threads: 256
maximum number of tries: 1
duration: 60 s
number of transactions actually processed: 397023
number of failed transactions: 0 (0.000%)
latency average = 38.598 ms
latency stddev = 36.351 ms
initial connection time = 149.522 ms
tps = 6629.019247 (without initial connection time)
