pgbench (18devel)
progress: 1.0 s, 230954.3 tps, lat 0.537 ms stddev 4.366, 0 failed
progress: 2.0 s, 386030.3 tps, lat 0.331 ms stddev 0.147, 0 failed
progress: 3.0 s, 375629.2 tps, lat 0.340 ms stddev 0.151, 0 failed
progress: 4.0 s, 377717.0 tps, lat 0.339 ms stddev 0.148, 0 failed
progress: 5.0 s, 378464.4 tps, lat 0.338 ms stddev 0.147, 0 failed
progress: 6.0 s, 378818.9 tps, lat 0.338 ms stddev 0.147, 0 failed
progress: 7.0 s, 379331.5 tps, lat 0.337 ms stddev 0.146, 0 failed
progress: 8.0 s, 379714.6 tps, lat 0.337 ms stddev 0.146, 0 failed
progress: 9.0 s, 379700.4 tps, lat 0.337 ms stddev 0.146, 0 failed
progress: 10.0 s, 379567.2 tps, lat 0.337 ms stddev 0.146, 0 failed
progress: 11.0 s, 379663.7 tps, lat 0.337 ms stddev 0.146, 0 failed
progress: 12.0 s, 379448.4 tps, lat 0.337 ms stddev 0.146, 0 failed
progress: 13.0 s, 379341.8 tps, lat 0.337 ms stddev 0.146, 0 failed
progress: 14.0 s, 379428.9 tps, lat 0.337 ms stddev 0.146, 0 failed
progress: 15.0 s, 379417.3 tps, lat 0.337 ms stddev 0.146, 0 failed
progress: 16.0 s, 379592.0 tps, lat 0.337 ms stddev 0.146, 0 failed
progress: 17.0 s, 379589.0 tps, lat 0.337 ms stddev 0.146, 0 failed
progress: 18.0 s, 379247.3 tps, lat 0.337 ms stddev 0.146, 0 failed
progress: 19.0 s, 379311.1 tps, lat 0.337 ms stddev 0.146, 0 failed
progress: 20.0 s, 379377.4 tps, lat 0.337 ms stddev 0.146, 0 failed
progress: 21.0 s, 379322.9 tps, lat 0.337 ms stddev 0.146, 0 failed
progress: 22.0 s, 379643.3 tps, lat 0.337 ms stddev 0.146, 0 failed
progress: 23.0 s, 379586.0 tps, lat 0.337 ms stddev 0.146, 0 failed
progress: 24.0 s, 379438.4 tps, lat 0.337 ms stddev 0.146, 0 failed
progress: 25.0 s, 379571.0 tps, lat 0.337 ms stddev 0.146, 0 failed
progress: 26.0 s, 379416.9 tps, lat 0.337 ms stddev 0.146, 0 failed
progress: 27.0 s, 379428.3 tps, lat 0.337 ms stddev 0.146, 0 failed
progress: 28.0 s, 379700.8 tps, lat 0.337 ms stddev 0.146, 0 failed
progress: 29.0 s, 379669.0 tps, lat 0.337 ms stddev 0.147, 0 failed
progress: 30.0 s, 379277.7 tps, lat 0.337 ms stddev 0.147, 0 failed
progress: 31.0 s, 379337.8 tps, lat 0.337 ms stddev 0.146, 0 failed
progress: 32.0 s, 379355.4 tps, lat 0.337 ms stddev 0.146, 0 failed
progress: 33.0 s, 379379.2 tps, lat 0.337 ms stddev 0.146, 0 failed
progress: 34.0 s, 379312.5 tps, lat 0.337 ms stddev 0.146, 0 failed
progress: 35.0 s, 379287.9 tps, lat 0.337 ms stddev 0.146, 0 failed
progress: 36.0 s, 379270.2 tps, lat 0.337 ms stddev 0.146, 0 failed
progress: 37.0 s, 379416.9 tps, lat 0.337 ms stddev 0.146, 0 failed
progress: 38.0 s, 379401.3 tps, lat 0.337 ms stddev 0.146, 0 failed
progress: 39.0 s, 379097.4 tps, lat 0.337 ms stddev 0.147, 0 failed
progress: 40.0 s, 379123.6 tps, lat 0.337 ms stddev 0.146, 0 failed
progress: 41.0 s, 379287.7 tps, lat 0.337 ms stddev 0.146, 0 failed
progress: 42.0 s, 379352.6 tps, lat 0.337 ms stddev 0.146, 0 failed
progress: 43.0 s, 379490.3 tps, lat 0.337 ms stddev 0.146, 0 failed
progress: 44.0 s, 379467.7 tps, lat 0.337 ms stddev 0.145, 0 failed
progress: 45.0 s, 379379.4 tps, lat 0.337 ms stddev 0.145, 0 failed
progress: 46.0 s, 379230.3 tps, lat 0.337 ms stddev 0.145, 0 failed
progress: 47.0 s, 379437.6 tps, lat 0.337 ms stddev 0.145, 0 failed
progress: 48.0 s, 379315.6 tps, lat 0.337 ms stddev 0.146, 0 failed
progress: 49.0 s, 379571.4 tps, lat 0.337 ms stddev 0.145, 0 failed
progress: 50.0 s, 379424.6 tps, lat 0.337 ms stddev 0.149, 0 failed
progress: 51.0 s, 379317.1 tps, lat 0.337 ms stddev 0.148, 0 failed
progress: 52.0 s, 379269.9 tps, lat 0.337 ms stddev 0.146, 0 failed
progress: 53.0 s, 379429.4 tps, lat 0.337 ms stddev 0.146, 0 failed
progress: 54.0 s, 379151.8 tps, lat 0.337 ms stddev 0.146, 0 failed
progress: 55.0 s, 379445.6 tps, lat 0.337 ms stddev 0.146, 0 failed
progress: 56.0 s, 379338.5 tps, lat 0.337 ms stddev 0.145, 0 failed
progress: 57.0 s, 379333.8 tps, lat 0.337 ms stddev 0.146, 0 failed
progress: 58.0 s, 379464.9 tps, lat 0.337 ms stddev 0.145, 0 failed
progress: 59.0 s, 379389.5 tps, lat 0.337 ms stddev 0.145, 0 failed
transaction type: star-1.sql
scaling factor: 1
query mode: prepared
number of clients: 128
number of threads: 128
maximum number of tries: 1
duration: 60 s
number of transactions actually processed: 22596925
number of failed transactions: 0 (0.000%)
latency average = 0.339 ms
latency stddev = 0.465 ms
initial connection time = 81.181 ms
tps = 376989.603981 (without initial connection time)
