pgbench (18devel, server 9.6.24)
progress: 1.0 s, 92886.7 tps, lat 0.171 ms stddev 0.120, 0 failed
progress: 2.0 s, 96314.2 tps, lat 0.166 ms stddev 0.014, 0 failed
progress: 3.0 s, 96729.4 tps, lat 0.165 ms stddev 0.015, 0 failed
progress: 4.0 s, 96248.4 tps, lat 0.166 ms stddev 0.014, 0 failed
progress: 5.0 s, 96000.4 tps, lat 0.167 ms stddev 0.020, 0 failed
progress: 6.0 s, 96597.2 tps, lat 0.166 ms stddev 0.014, 0 failed
progress: 7.0 s, 96499.7 tps, lat 0.166 ms stddev 0.014, 0 failed
progress: 8.0 s, 96685.9 tps, lat 0.165 ms stddev 0.014, 0 failed
progress: 9.0 s, 96840.2 tps, lat 0.165 ms stddev 0.014, 0 failed
progress: 10.0 s, 96817.1 tps, lat 0.165 ms stddev 0.013, 0 failed
progress: 11.0 s, 97750.7 tps, lat 0.164 ms stddev 0.013, 0 failed
progress: 12.0 s, 96862.0 tps, lat 0.165 ms stddev 0.018, 0 failed
progress: 13.0 s, 97560.1 tps, lat 0.164 ms stddev 0.017, 0 failed
progress: 14.0 s, 97238.3 tps, lat 0.164 ms stddev 0.020, 0 failed
progress: 15.0 s, 98324.2 tps, lat 0.163 ms stddev 0.013, 0 failed
progress: 16.0 s, 99065.9 tps, lat 0.161 ms stddev 0.013, 0 failed
progress: 17.0 s, 98911.6 tps, lat 0.162 ms stddev 0.016, 0 failed
progress: 18.0 s, 98523.3 tps, lat 0.162 ms stddev 0.019, 0 failed
progress: 19.0 s, 100174.5 tps, lat 0.160 ms stddev 0.012, 0 failed
progress: 20.0 s, 100635.1 tps, lat 0.159 ms stddev 0.011, 0 failed
progress: 21.0 s, 100498.0 tps, lat 0.159 ms stddev 0.011, 0 failed
progress: 22.0 s, 100207.9 tps, lat 0.160 ms stddev 0.012, 0 failed
progress: 23.0 s, 100813.7 tps, lat 0.159 ms stddev 0.012, 0 failed
progress: 24.0 s, 99678.3 tps, lat 0.160 ms stddev 0.012, 0 failed
progress: 25.0 s, 99279.1 tps, lat 0.161 ms stddev 0.013, 0 failed
progress: 26.0 s, 99422.9 tps, lat 0.161 ms stddev 0.013, 0 failed
progress: 27.0 s, 98457.1 tps, lat 0.162 ms stddev 0.016, 0 failed
progress: 28.0 s, 99214.0 tps, lat 0.161 ms stddev 0.013, 0 failed
progress: 29.0 s, 99043.0 tps, lat 0.161 ms stddev 0.016, 0 failed
progress: 30.0 s, 98433.4 tps, lat 0.162 ms stddev 0.016, 0 failed
progress: 31.0 s, 99356.5 tps, lat 0.161 ms stddev 0.012, 0 failed
progress: 32.0 s, 99816.9 tps, lat 0.160 ms stddev 0.012, 0 failed
progress: 33.0 s, 99525.4 tps, lat 0.161 ms stddev 0.015, 0 failed
progress: 34.0 s, 99757.6 tps, lat 0.160 ms stddev 0.012, 0 failed
progress: 35.0 s, 100036.2 tps, lat 0.160 ms stddev 0.012, 0 failed
progress: 36.0 s, 99817.9 tps, lat 0.160 ms stddev 0.012, 0 failed
progress: 37.0 s, 99939.1 tps, lat 0.160 ms stddev 0.011, 0 failed
progress: 38.0 s, 100224.0 tps, lat 0.160 ms stddev 0.011, 0 failed
progress: 39.0 s, 100226.9 tps, lat 0.160 ms stddev 0.012, 0 failed
progress: 40.0 s, 100002.4 tps, lat 0.160 ms stddev 0.012, 0 failed
progress: 41.0 s, 99034.6 tps, lat 0.161 ms stddev 0.012, 0 failed
progress: 42.0 s, 99533.1 tps, lat 0.161 ms stddev 0.012, 0 failed
progress: 43.0 s, 99927.3 tps, lat 0.160 ms stddev 0.012, 0 failed
progress: 44.0 s, 99771.6 tps, lat 0.160 ms stddev 0.012, 0 failed
progress: 45.0 s, 99222.0 tps, lat 0.161 ms stddev 0.013, 0 failed
progress: 46.0 s, 99563.8 tps, lat 0.161 ms stddev 0.012, 0 failed
progress: 47.0 s, 100057.2 tps, lat 0.160 ms stddev 0.012, 0 failed
progress: 48.0 s, 100099.4 tps, lat 0.160 ms stddev 0.012, 0 failed
progress: 49.0 s, 98720.4 tps, lat 0.162 ms stddev 0.015, 0 failed
progress: 50.0 s, 99312.8 tps, lat 0.161 ms stddev 0.012, 0 failed
progress: 51.0 s, 99668.5 tps, lat 0.160 ms stddev 0.012, 0 failed
progress: 52.0 s, 99147.0 tps, lat 0.161 ms stddev 0.013, 0 failed
progress: 53.0 s, 98398.0 tps, lat 0.162 ms stddev 0.013, 0 failed
progress: 54.0 s, 97790.2 tps, lat 0.164 ms stddev 0.017, 0 failed
progress: 55.0 s, 98942.6 tps, lat 0.162 ms stddev 0.012, 0 failed
progress: 56.0 s, 98901.1 tps, lat 0.162 ms stddev 0.013, 0 failed
progress: 57.0 s, 98564.0 tps, lat 0.162 ms stddev 0.021, 0 failed
progress: 58.0 s, 100301.9 tps, lat 0.159 ms stddev 0.012, 0 failed
progress: 59.0 s, 100542.0 tps, lat 0.159 ms stddev 0.012, 0 failed
transaction type: star-1-left.sql
scaling factor: 1
query mode: prepared
number of clients: 16
number of threads: 16
maximum number of tries: 1
duration: 60 s
number of transactions actually processed: 5927844
number of failed transactions: 0 (0.000%)
latency average = 0.162 ms
latency stddev = 0.020 ms
initial connection time = 11.186 ms
tps = 98815.236150 (without initial connection time)
