pgbench (18devel, server 11.22)
progress: 1.0 s, 25775.7 tps, lat 4.835 ms stddev 4.112, 0 failed
progress: 2.0 s, 27345.8 tps, lat 4.678 ms stddev 2.808, 0 failed
progress: 3.0 s, 26896.4 tps, lat 4.757 ms stddev 2.962, 0 failed
progress: 4.0 s, 26480.4 tps, lat 4.834 ms stddev 2.984, 0 failed
progress: 5.0 s, 26422.8 tps, lat 4.840 ms stddev 3.106, 0 failed
progress: 6.0 s, 26516.5 tps, lat 4.831 ms stddev 3.410, 0 failed
progress: 7.0 s, 26363.8 tps, lat 4.853 ms stddev 3.245, 0 failed
progress: 8.0 s, 26507.6 tps, lat 4.827 ms stddev 3.313, 0 failed
progress: 9.0 s, 26481.5 tps, lat 4.836 ms stddev 3.334, 0 failed
progress: 10.0 s, 26456.2 tps, lat 4.837 ms stddev 3.435, 0 failed
progress: 11.0 s, 26435.7 tps, lat 4.838 ms stddev 3.347, 0 failed
progress: 12.0 s, 26483.8 tps, lat 4.836 ms stddev 3.447, 0 failed
progress: 13.0 s, 26417.3 tps, lat 4.842 ms stddev 3.264, 0 failed
progress: 14.0 s, 26492.2 tps, lat 4.834 ms stddev 3.402, 0 failed
progress: 15.0 s, 26492.2 tps, lat 4.833 ms stddev 3.298, 0 failed
progress: 16.0 s, 26468.4 tps, lat 4.838 ms stddev 3.300, 0 failed
progress: 17.0 s, 26517.2 tps, lat 4.822 ms stddev 3.400, 0 failed
progress: 18.0 s, 26466.3 tps, lat 4.835 ms stddev 3.443, 0 failed
progress: 19.0 s, 26456.4 tps, lat 4.839 ms stddev 3.389, 0 failed
progress: 20.0 s, 26423.3 tps, lat 4.843 ms stddev 3.421, 0 failed
progress: 21.0 s, 26497.1 tps, lat 4.827 ms stddev 3.322, 0 failed
progress: 22.0 s, 26445.3 tps, lat 4.846 ms stddev 3.390, 0 failed
progress: 23.0 s, 26449.7 tps, lat 4.838 ms stddev 3.260, 0 failed
progress: 24.0 s, 26493.8 tps, lat 4.829 ms stddev 3.331, 0 failed
progress: 25.0 s, 26470.9 tps, lat 4.837 ms stddev 3.402, 0 failed
progress: 26.0 s, 26503.1 tps, lat 4.825 ms stddev 3.349, 0 failed
progress: 27.0 s, 26512.1 tps, lat 4.830 ms stddev 3.345, 0 failed
progress: 28.0 s, 26435.0 tps, lat 4.841 ms stddev 3.445, 0 failed
progress: 29.0 s, 26468.6 tps, lat 4.836 ms stddev 3.367, 0 failed
progress: 30.0 s, 26497.9 tps, lat 4.827 ms stddev 3.267, 0 failed
progress: 31.0 s, 26420.6 tps, lat 4.847 ms stddev 3.322, 0 failed
progress: 32.0 s, 26551.3 tps, lat 4.819 ms stddev 3.373, 0 failed
progress: 33.0 s, 26533.9 tps, lat 4.824 ms stddev 3.351, 0 failed
progress: 34.0 s, 26473.7 tps, lat 4.833 ms stddev 3.301, 0 failed
progress: 35.0 s, 26516.1 tps, lat 4.831 ms stddev 3.349, 0 failed
progress: 36.0 s, 26431.2 tps, lat 4.834 ms stddev 3.281, 0 failed
progress: 37.0 s, 26467.3 tps, lat 4.842 ms stddev 3.363, 0 failed
progress: 38.0 s, 26439.4 tps, lat 4.841 ms stddev 3.370, 0 failed
progress: 39.0 s, 26465.1 tps, lat 4.838 ms stddev 3.316, 0 failed
progress: 40.0 s, 26470.2 tps, lat 4.836 ms stddev 3.236, 0 failed
progress: 41.0 s, 26508.7 tps, lat 4.827 ms stddev 3.329, 0 failed
progress: 42.0 s, 26418.3 tps, lat 4.843 ms stddev 3.311, 0 failed
progress: 43.0 s, 26481.9 tps, lat 4.835 ms stddev 3.400, 0 failed
progress: 44.0 s, 26376.6 tps, lat 4.853 ms stddev 3.327, 0 failed
progress: 45.0 s, 26570.7 tps, lat 4.819 ms stddev 3.327, 0 failed
progress: 46.0 s, 26470.5 tps, lat 4.831 ms stddev 3.300, 0 failed
progress: 47.0 s, 26446.6 tps, lat 4.840 ms stddev 3.386, 0 failed
progress: 48.0 s, 26394.2 tps, lat 4.851 ms stddev 3.334, 0 failed
progress: 49.0 s, 26461.1 tps, lat 4.838 ms stddev 3.356, 0 failed
progress: 50.0 s, 26434.1 tps, lat 4.838 ms stddev 3.330, 0 failed
progress: 51.0 s, 26433.9 tps, lat 4.845 ms stddev 3.453, 0 failed
progress: 52.0 s, 26429.9 tps, lat 4.842 ms stddev 3.316, 0 failed
progress: 53.0 s, 26473.9 tps, lat 4.834 ms stddev 3.380, 0 failed
progress: 54.0 s, 26382.2 tps, lat 4.849 ms stddev 3.353, 0 failed
progress: 55.0 s, 26425.2 tps, lat 4.845 ms stddev 3.332, 0 failed
progress: 56.0 s, 26433.7 tps, lat 4.843 ms stddev 3.399, 0 failed
progress: 57.0 s, 26412.1 tps, lat 4.844 ms stddev 3.307, 0 failed
progress: 58.0 s, 26451.9 tps, lat 4.841 ms stddev 3.411, 0 failed
progress: 59.0 s, 26456.1 tps, lat 4.833 ms stddev 3.396, 0 failed
transaction type: star-1.sql
scaling factor: 1
query mode: simple
number of clients: 128
number of threads: 128
maximum number of tries: 1
duration: 60 s
number of transactions actually processed: 1587203
number of failed transactions: 0 (0.000%)
latency average = 4.833 ms
latency stddev = 3.345 ms
initial connection time = 73.196 ms
tps = 26473.527040 (without initial connection time)
