pgbench (18devel, server 11.22)
progress: 1.0 s, 9369.4 tps, lat 1.696 ms stddev 0.235, 0 failed
progress: 2.0 s, 9547.0 tps, lat 1.675 ms stddev 0.031, 0 failed
progress: 3.0 s, 9579.6 tps, lat 1.670 ms stddev 0.035, 0 failed
progress: 4.0 s, 9582.4 tps, lat 1.669 ms stddev 0.039, 0 failed
progress: 5.0 s, 9549.9 tps, lat 1.675 ms stddev 0.036, 0 failed
progress: 6.0 s, 9549.7 tps, lat 1.675 ms stddev 0.037, 0 failed
progress: 7.0 s, 9512.0 tps, lat 1.682 ms stddev 0.038, 0 failed
progress: 8.0 s, 9435.0 tps, lat 1.695 ms stddev 0.130, 0 failed
progress: 9.0 s, 9551.1 tps, lat 1.675 ms stddev 0.036, 0 failed
progress: 10.0 s, 9536.0 tps, lat 1.678 ms stddev 0.034, 0 failed
progress: 11.0 s, 9467.3 tps, lat 1.689 ms stddev 0.143, 0 failed
progress: 12.0 s, 9577.7 tps, lat 1.670 ms stddev 0.032, 0 failed
progress: 13.0 s, 9473.0 tps, lat 1.689 ms stddev 0.136, 0 failed
progress: 14.0 s, 9584.3 tps, lat 1.669 ms stddev 0.030, 0 failed
progress: 15.0 s, 9591.0 tps, lat 1.668 ms stddev 0.030, 0 failed
progress: 16.0 s, 9572.6 tps, lat 1.670 ms stddev 0.033, 0 failed
progress: 17.0 s, 9546.1 tps, lat 1.676 ms stddev 0.032, 0 failed
progress: 18.0 s, 9564.0 tps, lat 1.673 ms stddev 0.033, 0 failed
progress: 19.0 s, 9590.3 tps, lat 1.668 ms stddev 0.034, 0 failed
progress: 20.0 s, 9609.0 tps, lat 1.665 ms stddev 0.031, 0 failed
progress: 21.0 s, 9581.6 tps, lat 1.669 ms stddev 0.033, 0 failed
progress: 22.0 s, 9691.0 tps, lat 1.651 ms stddev 0.037, 0 failed
progress: 23.0 s, 9577.4 tps, lat 1.670 ms stddev 0.034, 0 failed
progress: 24.0 s, 9495.5 tps, lat 1.684 ms stddev 0.141, 0 failed
progress: 25.0 s, 9516.1 tps, lat 1.681 ms stddev 0.128, 0 failed
progress: 26.0 s, 9581.9 tps, lat 1.669 ms stddev 0.031, 0 failed
progress: 27.0 s, 9602.4 tps, lat 1.666 ms stddev 0.031, 0 failed
progress: 28.0 s, 9595.6 tps, lat 1.667 ms stddev 0.031, 0 failed
progress: 29.0 s, 9618.4 tps, lat 1.664 ms stddev 0.030, 0 failed
progress: 30.0 s, 9588.7 tps, lat 1.668 ms stddev 0.032, 0 failed
progress: 31.0 s, 9629.3 tps, lat 1.661 ms stddev 0.030, 0 failed
progress: 32.0 s, 9623.4 tps, lat 1.662 ms stddev 0.031, 0 failed
progress: 33.0 s, 9594.2 tps, lat 1.667 ms stddev 0.031, 0 failed
progress: 34.0 s, 9600.3 tps, lat 1.666 ms stddev 0.033, 0 failed
progress: 35.0 s, 9591.0 tps, lat 1.668 ms stddev 0.034, 0 failed
progress: 36.0 s, 9639.7 tps, lat 1.659 ms stddev 0.030, 0 failed
progress: 37.0 s, 9597.0 tps, lat 1.667 ms stddev 0.029, 0 failed
progress: 38.0 s, 9571.0 tps, lat 1.670 ms stddev 0.031, 0 failed
progress: 39.0 s, 9582.3 tps, lat 1.669 ms stddev 0.031, 0 failed
progress: 40.0 s, 9596.7 tps, lat 1.667 ms stddev 0.030, 0 failed
progress: 41.0 s, 9604.4 tps, lat 1.666 ms stddev 0.032, 0 failed
progress: 42.0 s, 9603.6 tps, lat 1.665 ms stddev 0.029, 0 failed
progress: 43.0 s, 9609.9 tps, lat 1.664 ms stddev 0.030, 0 failed
progress: 44.0 s, 9580.1 tps, lat 1.670 ms stddev 0.031, 0 failed
progress: 45.0 s, 9598.1 tps, lat 1.667 ms stddev 0.033, 0 failed
progress: 46.0 s, 9582.3 tps, lat 1.669 ms stddev 0.034, 0 failed
progress: 47.0 s, 9587.5 tps, lat 1.668 ms stddev 0.033, 0 failed
progress: 48.0 s, 9588.1 tps, lat 1.668 ms stddev 0.033, 0 failed
progress: 49.0 s, 9603.0 tps, lat 1.666 ms stddev 0.031, 0 failed
progress: 50.0 s, 9610.3 tps, lat 1.665 ms stddev 0.034, 0 failed
progress: 51.0 s, 9562.7 tps, lat 1.672 ms stddev 0.036, 0 failed
progress: 52.0 s, 9567.0 tps, lat 1.672 ms stddev 0.035, 0 failed
progress: 53.0 s, 9586.3 tps, lat 1.669 ms stddev 0.032, 0 failed
progress: 54.0 s, 9590.7 tps, lat 1.668 ms stddev 0.031, 0 failed
progress: 55.0 s, 9583.0 tps, lat 1.669 ms stddev 0.031, 0 failed
progress: 56.0 s, 9572.3 tps, lat 1.671 ms stddev 0.046, 0 failed
progress: 57.0 s, 9565.7 tps, lat 1.672 ms stddev 0.033, 0 failed
progress: 58.0 s, 9554.9 tps, lat 1.674 ms stddev 0.034, 0 failed
progress: 59.0 s, 9575.4 tps, lat 1.671 ms stddev 0.031, 0 failed
transaction type: star-1.sql
scaling factor: 1
query mode: simple
number of clients: 16
number of threads: 16
maximum number of tries: 1
duration: 60 s
number of transactions actually processed: 574313
number of failed transactions: 0 (0.000%)
latency average = 1.671 ms
latency stddev = 0.059 ms
initial connection time = 12.697 ms
tps = 9573.612487 (without initial connection time)
