pgbench (18devel, server 8.4.22)
progress: 1.0 s, 8272.8 tps, lat 0.121 ms stddev 0.027, 0 failed
progress: 2.0 s, 8285.9 tps, lat 0.121 ms stddev 0.007, 0 failed
progress: 3.0 s, 8347.8 tps, lat 0.120 ms stddev 0.007, 0 failed
progress: 4.0 s, 8294.0 tps, lat 0.121 ms stddev 0.007, 0 failed
progress: 5.0 s, 8339.0 tps, lat 0.120 ms stddev 0.007, 0 failed
progress: 6.0 s, 8526.9 tps, lat 0.117 ms stddev 0.006, 0 failed
progress: 7.0 s, 8297.4 tps, lat 0.120 ms stddev 0.007, 0 failed
progress: 8.0 s, 8354.7 tps, lat 0.120 ms stddev 0.006, 0 failed
progress: 9.0 s, 8386.4 tps, lat 0.119 ms stddev 0.007, 0 failed
progress: 10.0 s, 8317.9 tps, lat 0.120 ms stddev 0.006, 0 failed
progress: 11.0 s, 8351.2 tps, lat 0.120 ms stddev 0.006, 0 failed
progress: 12.0 s, 8296.6 tps, lat 0.120 ms stddev 0.006, 0 failed
progress: 13.0 s, 8414.2 tps, lat 0.119 ms stddev 0.007, 0 failed
progress: 14.0 s, 8331.0 tps, lat 0.120 ms stddev 0.006, 0 failed
progress: 15.0 s, 8324.8 tps, lat 0.120 ms stddev 0.007, 0 failed
progress: 16.0 s, 8482.4 tps, lat 0.118 ms stddev 0.006, 0 failed
progress: 17.0 s, 8365.8 tps, lat 0.119 ms stddev 0.006, 0 failed
progress: 18.0 s, 8228.9 tps, lat 0.121 ms stddev 0.007, 0 failed
progress: 19.0 s, 8473.9 tps, lat 0.118 ms stddev 0.006, 0 failed
progress: 20.0 s, 8401.4 tps, lat 0.119 ms stddev 0.006, 0 failed
progress: 21.0 s, 8347.6 tps, lat 0.120 ms stddev 0.006, 0 failed
progress: 22.0 s, 8333.0 tps, lat 0.120 ms stddev 0.006, 0 failed
progress: 23.0 s, 8327.0 tps, lat 0.120 ms stddev 0.008, 0 failed
progress: 24.0 s, 8433.1 tps, lat 0.119 ms stddev 0.006, 0 failed
progress: 25.0 s, 8412.0 tps, lat 0.119 ms stddev 0.007, 0 failed
progress: 26.0 s, 8305.2 tps, lat 0.120 ms stddev 0.007, 0 failed
progress: 27.0 s, 8342.8 tps, lat 0.120 ms stddev 0.007, 0 failed
progress: 28.0 s, 8369.3 tps, lat 0.119 ms stddev 0.007, 0 failed
progress: 29.0 s, 8334.7 tps, lat 0.120 ms stddev 0.007, 0 failed
progress: 30.0 s, 8337.9 tps, lat 0.120 ms stddev 0.006, 0 failed
progress: 31.0 s, 8431.3 tps, lat 0.119 ms stddev 0.006, 0 failed
progress: 32.0 s, 8385.7 tps, lat 0.119 ms stddev 0.006, 0 failed
progress: 33.0 s, 8375.2 tps, lat 0.119 ms stddev 0.006, 0 failed
progress: 34.0 s, 8351.3 tps, lat 0.120 ms stddev 0.006, 0 failed
progress: 35.0 s, 8427.8 tps, lat 0.119 ms stddev 0.006, 0 failed
progress: 36.0 s, 8337.7 tps, lat 0.120 ms stddev 0.006, 0 failed
progress: 37.0 s, 8431.0 tps, lat 0.119 ms stddev 0.006, 0 failed
progress: 38.0 s, 8423.4 tps, lat 0.119 ms stddev 0.006, 0 failed
progress: 39.0 s, 8460.6 tps, lat 0.118 ms stddev 0.006, 0 failed
progress: 40.0 s, 8408.3 tps, lat 0.119 ms stddev 0.006, 0 failed
progress: 41.0 s, 8389.7 tps, lat 0.119 ms stddev 0.006, 0 failed
progress: 42.0 s, 8370.0 tps, lat 0.119 ms stddev 0.006, 0 failed
progress: 43.0 s, 8382.0 tps, lat 0.119 ms stddev 0.007, 0 failed
progress: 44.0 s, 8398.3 tps, lat 0.119 ms stddev 0.006, 0 failed
progress: 45.0 s, 8396.9 tps, lat 0.119 ms stddev 0.006, 0 failed
progress: 46.0 s, 8399.0 tps, lat 0.119 ms stddev 0.006, 0 failed
progress: 47.0 s, 8430.8 tps, lat 0.119 ms stddev 0.006, 0 failed
progress: 48.0 s, 8392.0 tps, lat 0.119 ms stddev 0.006, 0 failed
progress: 49.0 s, 8361.0 tps, lat 0.120 ms stddev 0.006, 0 failed
progress: 50.0 s, 8362.9 tps, lat 0.120 ms stddev 0.006, 0 failed
progress: 51.0 s, 8412.4 tps, lat 0.119 ms stddev 0.006, 0 failed
progress: 52.0 s, 8308.7 tps, lat 0.120 ms stddev 0.007, 0 failed
progress: 53.0 s, 8357.0 tps, lat 0.120 ms stddev 0.007, 0 failed
progress: 54.0 s, 8373.3 tps, lat 0.119 ms stddev 0.007, 0 failed
progress: 55.0 s, 8412.7 tps, lat 0.119 ms stddev 0.007, 0 failed
progress: 56.0 s, 8364.0 tps, lat 0.119 ms stddev 0.006, 0 failed
progress: 57.0 s, 8389.0 tps, lat 0.119 ms stddev 0.006, 0 failed
progress: 58.0 s, 8358.0 tps, lat 0.120 ms stddev 0.006, 0 failed
progress: 59.0 s, 8450.0 tps, lat 0.118 ms stddev 0.006, 0 failed
progress: 60.0 s, 8467.4 tps, lat 0.118 ms stddev 0.006, 0 failed
transaction type: star-1.sql
scaling factor: 1
query mode: prepared
number of clients: 1
number of threads: 1
maximum number of tries: 1
duration: 60 s
number of transactions actually processed: 502444
number of failed transactions: 0 (0.000%)
latency average = 0.119 ms
latency stddev = 0.007 ms
initial connection time = 1.913 ms
tps = 8374.319292 (without initial connection time)
