pgbench (18devel, server 8.4.22)
progress: 1.0 s, 8040.5 tps, lat 15.500 ms stddev 30.260, 0 failed
progress: 2.0 s, 40410.1 tps, lat 3.167 ms stddev 3.012, 0 failed
progress: 3.0 s, 37629.9 tps, lat 3.399 ms stddev 3.660, 0 failed
progress: 4.0 s, 40236.1 tps, lat 3.182 ms stddev 3.088, 0 failed
progress: 5.0 s, 31896.8 tps, lat 4.011 ms stddev 4.908, 0 failed
progress: 6.0 s, 40313.8 tps, lat 3.175 ms stddev 3.021, 0 failed
progress: 7.0 s, 40800.3 tps, lat 3.136 ms stddev 3.021, 0 failed
progress: 8.0 s, 40560.0 tps, lat 3.156 ms stddev 3.040, 0 failed
progress: 9.0 s, 40427.0 tps, lat 3.167 ms stddev 3.070, 0 failed
progress: 10.0 s, 40551.0 tps, lat 3.155 ms stddev 3.036, 0 failed
progress: 11.0 s, 40873.0 tps, lat 3.132 ms stddev 2.964, 0 failed
progress: 12.0 s, 40468.0 tps, lat 3.163 ms stddev 3.062, 0 failed
progress: 13.0 s, 19974.7 tps, lat 6.352 ms stddev 7.619, 0 failed
progress: 14.0 s, 18636.2 tps, lat 6.930 ms stddev 8.085, 0 failed
progress: 15.0 s, 40783.1 tps, lat 3.137 ms stddev 3.008, 0 failed
progress: 16.0 s, 40472.9 tps, lat 3.163 ms stddev 3.099, 0 failed
progress: 17.0 s, 40369.0 tps, lat 3.171 ms stddev 3.056, 0 failed
progress: 18.0 s, 40750.1 tps, lat 3.141 ms stddev 3.061, 0 failed
progress: 19.0 s, 40777.9 tps, lat 3.136 ms stddev 2.993, 0 failed
progress: 20.0 s, 40174.2 tps, lat 3.188 ms stddev 3.107, 0 failed
progress: 21.0 s, 40242.9 tps, lat 3.181 ms stddev 3.094, 0 failed
progress: 22.0 s, 40463.9 tps, lat 3.165 ms stddev 3.029, 0 failed
progress: 23.0 s, 40761.1 tps, lat 3.137 ms stddev 3.008, 0 failed
progress: 24.0 s, 40098.0 tps, lat 3.193 ms stddev 3.115, 0 failed
progress: 25.0 s, 15930.5 tps, lat 7.971 ms stddev 8.664, 0 failed
progress: 26.0 s, 15044.9 tps, lat 8.572 ms stddev 9.086, 0 failed
progress: 27.0 s, 40428.4 tps, lat 3.167 ms stddev 3.021, 0 failed
progress: 28.0 s, 40377.9 tps, lat 3.169 ms stddev 3.091, 0 failed
progress: 29.0 s, 40305.0 tps, lat 3.176 ms stddev 3.069, 0 failed
progress: 30.0 s, 26722.0 tps, lat 4.790 ms stddev 6.063, 0 failed
progress: 31.0 s, 41039.9 tps, lat 3.119 ms stddev 2.973, 0 failed
progress: 32.0 s, 40461.9 tps, lat 3.164 ms stddev 3.070, 0 failed
progress: 33.0 s, 40489.2 tps, lat 3.160 ms stddev 3.062, 0 failed
progress: 34.0 s, 40538.0 tps, lat 3.157 ms stddev 3.044, 0 failed
progress: 35.0 s, 40823.9 tps, lat 3.135 ms stddev 3.007, 0 failed
progress: 36.0 s, 40228.0 tps, lat 3.181 ms stddev 3.112, 0 failed
progress: 37.0 s, 40550.9 tps, lat 3.156 ms stddev 3.052, 0 failed
progress: 38.0 s, 40232.2 tps, lat 3.182 ms stddev 3.082, 0 failed
progress: 39.0 s, 40834.5 tps, lat 3.134 ms stddev 2.992, 0 failed
progress: 40.0 s, 40492.5 tps, lat 3.161 ms stddev 3.057, 0 failed
progress: 41.0 s, 36213.6 tps, lat 3.508 ms stddev 3.953, 0 failed
progress: 42.0 s, 39510.4 tps, lat 3.263 ms stddev 3.338, 0 failed
progress: 43.0 s, 40931.6 tps, lat 3.128 ms stddev 2.957, 0 failed
progress: 44.0 s, 40363.0 tps, lat 3.171 ms stddev 3.085, 0 failed
progress: 45.0 s, 40637.1 tps, lat 3.149 ms stddev 3.062, 0 failed
progress: 46.0 s, 40705.7 tps, lat 3.143 ms stddev 3.037, 0 failed
progress: 47.0 s, 41027.5 tps, lat 3.120 ms stddev 2.996, 0 failed
progress: 48.0 s, 40251.7 tps, lat 3.181 ms stddev 3.097, 0 failed
progress: 49.0 s, 40413.8 tps, lat 3.167 ms stddev 3.073, 0 failed
progress: 50.0 s, 40571.1 tps, lat 3.154 ms stddev 3.058, 0 failed
progress: 51.0 s, 30778.8 tps, lat 4.123 ms stddev 5.078, 0 failed
progress: 52.0 s, 34743.5 tps, lat 3.715 ms stddev 4.401, 0 failed
progress: 53.0 s, 40506.9 tps, lat 3.159 ms stddev 3.038, 0 failed
progress: 54.0 s, 40357.9 tps, lat 3.172 ms stddev 3.091, 0 failed
progress: 55.0 s, 40984.0 tps, lat 3.125 ms stddev 2.995, 0 failed
progress: 56.0 s, 40377.2 tps, lat 3.168 ms stddev 3.076, 0 failed
progress: 57.0 s, 40322.8 tps, lat 3.175 ms stddev 3.085, 0 failed
progress: 58.0 s, 40331.1 tps, lat 3.172 ms stddev 3.059, 0 failed
progress: 59.0 s, 40938.9 tps, lat 3.126 ms stddev 2.990, 0 failed
transaction type: star-1.sql
scaling factor: 1
query mode: prepared
number of clients: 128
number of threads: 128
maximum number of tries: 1
duration: 60 s
number of transactions actually processed: 2250874
number of failed transactions: 0 (0.000%)
latency average = 3.408 ms
latency stddev = 4.102 ms
initial connection time = 74.054 ms
tps = 37546.677837 (without initial connection time)
