pgbench (18devel, server 8.4.22)
progress: 1.0 s, 6338.6 tps, lat 2.508 ms stddev 0.518, 0 failed
progress: 2.0 s, 6421.0 tps, lat 2.492 ms stddev 0.228, 0 failed
progress: 3.0 s, 6451.7 tps, lat 2.480 ms stddev 0.089, 0 failed
progress: 4.0 s, 6456.3 tps, lat 2.478 ms stddev 0.094, 0 failed
progress: 5.0 s, 6465.7 tps, lat 2.473 ms stddev 0.108, 0 failed
progress: 6.0 s, 6454.3 tps, lat 2.479 ms stddev 0.189, 0 failed
progress: 7.0 s, 6471.7 tps, lat 2.471 ms stddev 0.141, 0 failed
progress: 8.0 s, 6498.3 tps, lat 2.464 ms stddev 0.119, 0 failed
progress: 9.0 s, 6494.8 tps, lat 2.463 ms stddev 0.152, 0 failed
progress: 10.0 s, 6480.9 tps, lat 2.467 ms stddev 0.163, 0 failed
progress: 11.0 s, 6492.0 tps, lat 2.463 ms stddev 0.113, 0 failed
progress: 12.0 s, 6479.0 tps, lat 2.470 ms stddev 0.152, 0 failed
progress: 13.0 s, 6493.0 tps, lat 2.465 ms stddev 0.132, 0 failed
progress: 14.0 s, 6479.1 tps, lat 2.469 ms stddev 0.106, 0 failed
progress: 15.0 s, 6487.2 tps, lat 2.467 ms stddev 0.086, 0 failed
progress: 16.0 s, 6502.8 tps, lat 2.459 ms stddev 0.100, 0 failed
progress: 17.0 s, 6465.0 tps, lat 2.473 ms stddev 0.145, 0 failed
progress: 18.0 s, 6492.2 tps, lat 2.466 ms stddev 0.126, 0 failed
progress: 19.0 s, 6477.8 tps, lat 2.468 ms stddev 0.106, 0 failed
progress: 20.0 s, 6470.0 tps, lat 2.472 ms stddev 0.103, 0 failed
progress: 21.0 s, 6487.0 tps, lat 2.465 ms stddev 0.102, 0 failed
progress: 22.0 s, 6471.9 tps, lat 2.472 ms stddev 0.122, 0 failed
progress: 23.0 s, 6480.0 tps, lat 2.470 ms stddev 0.094, 0 failed
progress: 24.0 s, 6478.1 tps, lat 2.470 ms stddev 0.099, 0 failed
progress: 25.0 s, 6471.0 tps, lat 2.470 ms stddev 0.076, 0 failed
progress: 26.0 s, 6476.0 tps, lat 2.472 ms stddev 0.115, 0 failed
progress: 27.0 s, 6494.0 tps, lat 2.462 ms stddev 0.096, 0 failed
progress: 28.0 s, 6486.9 tps, lat 2.465 ms stddev 0.103, 0 failed
progress: 29.0 s, 6488.9 tps, lat 2.467 ms stddev 0.105, 0 failed
progress: 30.0 s, 6471.2 tps, lat 2.471 ms stddev 0.103, 0 failed
progress: 31.0 s, 6469.9 tps, lat 2.473 ms stddev 0.102, 0 failed
progress: 32.0 s, 6467.1 tps, lat 2.473 ms stddev 0.093, 0 failed
progress: 33.0 s, 6459.9 tps, lat 2.475 ms stddev 0.083, 0 failed
progress: 34.0 s, 6475.2 tps, lat 2.471 ms stddev 0.056, 0 failed
progress: 35.0 s, 6460.0 tps, lat 2.477 ms stddev 0.098, 0 failed
progress: 36.0 s, 6494.0 tps, lat 2.463 ms stddev 0.089, 0 failed
progress: 37.0 s, 6492.0 tps, lat 2.464 ms stddev 0.108, 0 failed
progress: 38.0 s, 6490.0 tps, lat 2.466 ms stddev 0.106, 0 failed
progress: 39.0 s, 6473.0 tps, lat 2.472 ms stddev 0.091, 0 failed
progress: 40.0 s, 6479.9 tps, lat 2.468 ms stddev 0.118, 0 failed
progress: 41.0 s, 6467.0 tps, lat 2.473 ms stddev 0.082, 0 failed
progress: 42.0 s, 6465.8 tps, lat 2.474 ms stddev 0.082, 0 failed
progress: 43.0 s, 6477.2 tps, lat 2.470 ms stddev 0.101, 0 failed
progress: 44.0 s, 6495.8 tps, lat 2.462 ms stddev 0.062, 0 failed
progress: 45.0 s, 6482.0 tps, lat 2.468 ms stddev 0.144, 0 failed
progress: 46.0 s, 6500.0 tps, lat 2.461 ms stddev 0.088, 0 failed
progress: 47.0 s, 6482.0 tps, lat 2.468 ms stddev 0.081, 0 failed
progress: 48.0 s, 6492.0 tps, lat 2.465 ms stddev 0.092, 0 failed
progress: 49.0 s, 6487.0 tps, lat 2.465 ms stddev 0.125, 0 failed
progress: 50.0 s, 6488.2 tps, lat 2.465 ms stddev 0.087, 0 failed
progress: 51.0 s, 6494.0 tps, lat 2.466 ms stddev 0.077, 0 failed
progress: 52.0 s, 6481.7 tps, lat 2.467 ms stddev 0.111, 0 failed
progress: 53.0 s, 6495.3 tps, lat 2.462 ms stddev 0.074, 0 failed
progress: 54.0 s, 6494.9 tps, lat 2.464 ms stddev 0.077, 0 failed
progress: 55.0 s, 6533.1 tps, lat 2.448 ms stddev 0.084, 0 failed
progress: 56.0 s, 6489.7 tps, lat 2.465 ms stddev 0.122, 0 failed
progress: 57.0 s, 6515.0 tps, lat 2.457 ms stddev 0.097, 0 failed
progress: 58.0 s, 6504.8 tps, lat 2.458 ms stddev 0.097, 0 failed
progress: 59.0 s, 6525.4 tps, lat 2.451 ms stddev 0.097, 0 failed
transaction type: star-1-left.sql
scaling factor: 1
query mode: simple
number of clients: 16
number of threads: 16
maximum number of tries: 1
duration: 60 s
number of transactions actually processed: 388794
number of failed transactions: 0 (0.000%)
latency average = 2.468 ms
latency stddev = 0.128 ms
initial connection time = 10.439 ms
tps = 6480.742713 (without initial connection time)
