pgbench (18devel, server 9.4.26)
progress: 1.0 s, 61329.5 tps, lat 2.030 ms stddev 2.942, 0 failed
progress: 2.0 s, 63841.0 tps, lat 2.004 ms stddev 2.134, 0 failed
progress: 3.0 s, 64323.1 tps, lat 1.990 ms stddev 2.151, 0 failed
progress: 4.0 s, 64193.8 tps, lat 1.994 ms stddev 2.125, 0 failed
progress: 5.0 s, 66084.9 tps, lat 1.936 ms stddev 2.024, 0 failed
progress: 6.0 s, 63334.2 tps, lat 2.021 ms stddev 2.179, 0 failed
progress: 7.0 s, 64163.7 tps, lat 1.994 ms stddev 2.131, 0 failed
progress: 8.0 s, 64477.2 tps, lat 1.986 ms stddev 2.112, 0 failed
progress: 9.0 s, 65567.4 tps, lat 1.951 ms stddev 2.059, 0 failed
progress: 10.0 s, 63747.7 tps, lat 2.008 ms stddev 2.172, 0 failed
progress: 11.0 s, 64438.9 tps, lat 1.985 ms stddev 2.144, 0 failed
progress: 12.0 s, 64102.1 tps, lat 1.998 ms stddev 2.136, 0 failed
progress: 13.0 s, 65820.0 tps, lat 1.944 ms stddev 2.046, 0 failed
progress: 14.0 s, 64098.1 tps, lat 1.997 ms stddev 2.153, 0 failed
progress: 15.0 s, 63736.9 tps, lat 2.008 ms stddev 2.147, 0 failed
progress: 16.0 s, 63776.9 tps, lat 2.006 ms stddev 2.153, 0 failed
progress: 17.0 s, 65750.9 tps, lat 1.947 ms stddev 2.058, 0 failed
progress: 18.0 s, 64069.1 tps, lat 1.997 ms stddev 2.149, 0 failed
progress: 19.0 s, 63879.9 tps, lat 2.004 ms stddev 2.156, 0 failed
progress: 20.0 s, 64505.4 tps, lat 1.984 ms stddev 2.127, 0 failed
progress: 21.0 s, 65336.8 tps, lat 1.958 ms stddev 2.067, 0 failed
progress: 22.0 s, 63559.7 tps, lat 2.014 ms stddev 2.183, 0 failed
progress: 23.0 s, 64440.3 tps, lat 1.987 ms stddev 2.134, 0 failed
progress: 24.0 s, 64254.9 tps, lat 1.992 ms stddev 2.139, 0 failed
progress: 25.0 s, 65200.2 tps, lat 1.963 ms stddev 2.080, 0 failed
progress: 26.0 s, 63846.6 tps, lat 2.004 ms stddev 2.159, 0 failed
progress: 27.0 s, 63727.4 tps, lat 2.008 ms stddev 2.170, 0 failed
progress: 28.0 s, 64450.9 tps, lat 1.986 ms stddev 2.127, 0 failed
progress: 29.0 s, 65732.9 tps, lat 1.946 ms stddev 2.047, 0 failed
progress: 30.0 s, 64303.6 tps, lat 1.991 ms stddev 2.141, 0 failed
progress: 31.0 s, 64180.4 tps, lat 1.993 ms stddev 2.140, 0 failed
progress: 32.0 s, 64339.1 tps, lat 1.989 ms stddev 2.134, 0 failed
progress: 33.0 s, 66417.5 tps, lat 1.927 ms stddev 2.017, 0 failed
progress: 34.0 s, 63682.8 tps, lat 2.009 ms stddev 2.183, 0 failed
progress: 35.0 s, 64324.3 tps, lat 1.990 ms stddev 2.142, 0 failed
progress: 36.0 s, 64116.5 tps, lat 1.996 ms stddev 2.134, 0 failed
progress: 37.0 s, 65677.0 tps, lat 1.948 ms stddev 2.049, 0 failed
progress: 38.0 s, 63784.1 tps, lat 2.007 ms stddev 2.169, 0 failed
progress: 39.0 s, 64249.1 tps, lat 1.992 ms stddev 2.144, 0 failed
progress: 40.0 s, 64933.7 tps, lat 1.971 ms stddev 2.111, 0 failed
progress: 41.0 s, 65578.2 tps, lat 1.952 ms stddev 2.080, 0 failed
progress: 42.0 s, 64134.1 tps, lat 1.996 ms stddev 2.150, 0 failed
progress: 43.0 s, 64300.6 tps, lat 1.990 ms stddev 2.131, 0 failed
progress: 44.0 s, 64050.3 tps, lat 1.998 ms stddev 2.130, 0 failed
progress: 45.0 s, 65618.1 tps, lat 1.951 ms stddev 2.069, 0 failed
progress: 46.0 s, 63690.0 tps, lat 2.010 ms stddev 2.165, 0 failed
progress: 47.0 s, 64646.8 tps, lat 1.979 ms stddev 2.127, 0 failed
progress: 48.0 s, 63862.1 tps, lat 2.003 ms stddev 2.152, 0 failed
progress: 49.0 s, 65671.5 tps, lat 1.949 ms stddev 2.066, 0 failed
progress: 50.0 s, 63590.3 tps, lat 2.013 ms stddev 2.161, 0 failed
progress: 51.0 s, 64133.3 tps, lat 1.995 ms stddev 2.156, 0 failed
progress: 52.0 s, 64047.6 tps, lat 1.999 ms stddev 2.148, 0 failed
progress: 53.0 s, 65984.3 tps, lat 1.940 ms stddev 2.058, 0 failed
progress: 54.0 s, 63945.1 tps, lat 2.000 ms stddev 2.145, 0 failed
progress: 55.0 s, 64755.9 tps, lat 1.976 ms stddev 2.119, 0 failed
progress: 56.0 s, 65033.0 tps, lat 1.969 ms stddev 2.112, 0 failed
progress: 57.0 s, 65772.0 tps, lat 1.945 ms stddev 2.054, 0 failed
progress: 58.0 s, 63506.9 tps, lat 2.016 ms stddev 2.170, 0 failed
progress: 59.0 s, 64430.0 tps, lat 1.986 ms stddev 2.125, 0 failed
transaction type: star-1.sql
scaling factor: 1
query mode: prepared
number of clients: 128
number of threads: 128
maximum number of tries: 1
duration: 60 s
number of transactions actually processed: 3864144
number of failed transactions: 0 (0.000%)
latency average = 1.985 ms
latency stddev = 2.140 ms
initial connection time = 77.892 ms
tps = 64450.726229 (without initial connection time)
