pgbench (18devel, server 9.4.26)
progress: 1.0 s, 64123.0 tps, lat 0.982 ms stddev 1.119, 0 failed
progress: 2.0 s, 65032.5 tps, lat 0.984 ms stddev 0.957, 0 failed
progress: 3.0 s, 65208.9 tps, lat 0.981 ms stddev 0.950, 0 failed
progress: 4.0 s, 65071.5 tps, lat 0.983 ms stddev 0.958, 0 failed
progress: 5.0 s, 66409.6 tps, lat 0.963 ms stddev 0.922, 0 failed
progress: 6.0 s, 64337.9 tps, lat 0.994 ms stddev 0.972, 0 failed
progress: 7.0 s, 65705.0 tps, lat 0.974 ms stddev 0.944, 0 failed
progress: 8.0 s, 65495.0 tps, lat 0.977 ms stddev 0.945, 0 failed
progress: 9.0 s, 66919.9 tps, lat 0.956 ms stddev 0.911, 0 failed
progress: 10.0 s, 64679.9 tps, lat 0.989 ms stddev 0.973, 0 failed
progress: 11.0 s, 64907.9 tps, lat 0.986 ms stddev 0.960, 0 failed
progress: 12.0 s, 65067.3 tps, lat 0.984 ms stddev 0.960, 0 failed
progress: 13.0 s, 67294.1 tps, lat 0.951 ms stddev 0.907, 0 failed
progress: 14.0 s, 65820.1 tps, lat 0.972 ms stddev 0.947, 0 failed
progress: 15.0 s, 65141.6 tps, lat 0.982 ms stddev 0.954, 0 failed
progress: 16.0 s, 66417.1 tps, lat 0.963 ms stddev 0.927, 0 failed
progress: 17.0 s, 66782.0 tps, lat 0.958 ms stddev 0.928, 0 failed
progress: 18.0 s, 64983.3 tps, lat 0.985 ms stddev 0.964, 0 failed
progress: 19.0 s, 65904.0 tps, lat 0.971 ms stddev 0.942, 0 failed
progress: 20.0 s, 65236.0 tps, lat 0.981 ms stddev 0.961, 0 failed
progress: 21.0 s, 67095.0 tps, lat 0.954 ms stddev 0.916, 0 failed
progress: 22.0 s, 65207.1 tps, lat 0.981 ms stddev 0.965, 0 failed
progress: 23.0 s, 64961.4 tps, lat 0.985 ms stddev 0.957, 0 failed
progress: 24.0 s, 65805.5 tps, lat 0.972 ms stddev 0.945, 0 failed
progress: 25.0 s, 67652.8 tps, lat 0.946 ms stddev 0.903, 0 failed
progress: 26.0 s, 65098.0 tps, lat 0.983 ms stddev 0.961, 0 failed
progress: 27.0 s, 65125.9 tps, lat 0.982 ms stddev 0.957, 0 failed
progress: 28.0 s, 65150.9 tps, lat 0.982 ms stddev 0.959, 0 failed
progress: 29.0 s, 67079.3 tps, lat 0.954 ms stddev 0.915, 0 failed
progress: 30.0 s, 65298.9 tps, lat 0.980 ms stddev 0.951, 0 failed
progress: 31.0 s, 65621.8 tps, lat 0.975 ms stddev 0.954, 0 failed
progress: 32.0 s, 66073.1 tps, lat 0.968 ms stddev 0.949, 0 failed
progress: 33.0 s, 66113.2 tps, lat 0.968 ms stddev 0.938, 0 failed
progress: 34.0 s, 65126.9 tps, lat 0.983 ms stddev 0.963, 0 failed
progress: 35.0 s, 65288.1 tps, lat 0.980 ms stddev 0.954, 0 failed
progress: 36.0 s, 65073.9 tps, lat 0.983 ms stddev 0.959, 0 failed
progress: 37.0 s, 67057.4 tps, lat 0.954 ms stddev 0.920, 0 failed
progress: 38.0 s, 64800.6 tps, lat 0.987 ms stddev 0.964, 0 failed
progress: 39.0 s, 64928.1 tps, lat 0.985 ms stddev 0.966, 0 failed
progress: 40.0 s, 65693.0 tps, lat 0.974 ms stddev 0.950, 0 failed
progress: 41.0 s, 66616.1 tps, lat 0.960 ms stddev 0.921, 0 failed
progress: 42.0 s, 64473.3 tps, lat 0.992 ms stddev 0.978, 0 failed
progress: 43.0 s, 65182.9 tps, lat 0.982 ms stddev 0.962, 0 failed
progress: 44.0 s, 65387.6 tps, lat 0.978 ms stddev 0.957, 0 failed
progress: 45.0 s, 66624.5 tps, lat 0.960 ms stddev 0.931, 0 failed
progress: 46.0 s, 65358.7 tps, lat 0.979 ms stddev 0.959, 0 failed
progress: 47.0 s, 65516.1 tps, lat 0.977 ms stddev 0.956, 0 failed
progress: 48.0 s, 65449.1 tps, lat 0.978 ms stddev 0.953, 0 failed
progress: 49.0 s, 66886.1 tps, lat 0.956 ms stddev 0.913, 0 failed
progress: 50.0 s, 65186.0 tps, lat 0.981 ms stddev 0.956, 0 failed
progress: 51.0 s, 65511.0 tps, lat 0.977 ms stddev 0.954, 0 failed
progress: 52.0 s, 65667.1 tps, lat 0.974 ms stddev 0.950, 0 failed
progress: 53.0 s, 67107.5 tps, lat 0.953 ms stddev 0.904, 0 failed
progress: 54.0 s, 64669.5 tps, lat 0.989 ms stddev 0.975, 0 failed
progress: 55.0 s, 65152.0 tps, lat 0.982 ms stddev 0.958, 0 failed
progress: 56.0 s, 66089.9 tps, lat 0.968 ms stddev 0.942, 0 failed
progress: 57.0 s, 67399.4 tps, lat 0.949 ms stddev 0.911, 0 failed
progress: 58.0 s, 65642.8 tps, lat 0.975 ms stddev 0.950, 0 failed
progress: 59.0 s, 64952.5 tps, lat 0.985 ms stddev 0.964, 0 failed
transaction type: star-1.sql
scaling factor: 1
query mode: prepared
number of clients: 64
number of threads: 64
maximum number of tries: 1
duration: 60 s
number of transactions actually processed: 3938133
number of failed transactions: 0 (0.000%)
latency average = 0.974 ms
latency stddev = 0.950 ms
initial connection time = 41.183 ms
tps = 65676.973562 (without initial connection time)
