pgbench (18devel, server 16.4)
progress: 1.0 s, 1819.9 tps, lat 104.553 ms stddev 143.125, 0 failed
progress: 2.0 s, 2187.9 tps, lat 131.035 ms stddev 128.566, 0 failed
progress: 3.0 s, 2158.1 tps, lat 118.670 ms stddev 72.929, 0 failed
progress: 4.0 s, 2126.0 tps, lat 118.648 ms stddev 81.099, 0 failed
progress: 5.0 s, 2109.0 tps, lat 123.526 ms stddev 77.983, 0 failed
progress: 6.0 s, 2147.0 tps, lat 119.476 ms stddev 40.300, 0 failed
progress: 7.0 s, 2119.9 tps, lat 120.742 ms stddev 46.176, 0 failed
progress: 8.0 s, 2132.8 tps, lat 118.311 ms stddev 37.921, 0 failed
progress: 9.0 s, 2165.9 tps, lat 119.140 ms stddev 58.329, 0 failed
progress: 10.0 s, 2162.4 tps, lat 118.412 ms stddev 48.394, 0 failed
progress: 11.0 s, 2114.9 tps, lat 122.555 ms stddev 50.853, 0 failed
progress: 12.0 s, 2122.1 tps, lat 120.046 ms stddev 35.209, 0 failed
progress: 13.0 s, 2156.5 tps, lat 117.843 ms stddev 36.938, 0 failed
progress: 14.0 s, 2107.4 tps, lat 122.228 ms stddev 38.141, 0 failed
progress: 15.0 s, 2155.0 tps, lat 117.775 ms stddev 43.542, 0 failed
progress: 16.0 s, 2120.1 tps, lat 122.389 ms stddev 43.297, 0 failed
progress: 17.0 s, 2123.0 tps, lat 120.234 ms stddev 32.707, 0 failed
progress: 18.0 s, 2105.0 tps, lat 121.281 ms stddev 37.571, 0 failed
progress: 19.0 s, 2125.0 tps, lat 118.695 ms stddev 46.858, 0 failed
progress: 20.0 s, 2088.0 tps, lat 123.859 ms stddev 39.543, 0 failed
progress: 21.0 s, 2121.0 tps, lat 121.970 ms stddev 35.992, 0 failed
progress: 22.0 s, 2084.0 tps, lat 121.758 ms stddev 36.375, 0 failed
progress: 23.0 s, 2123.9 tps, lat 119.649 ms stddev 40.362, 0 failed
progress: 24.0 s, 2087.1 tps, lat 123.574 ms stddev 61.056, 0 failed
progress: 25.0 s, 2095.0 tps, lat 122.533 ms stddev 35.084, 0 failed
progress: 26.0 s, 2084.9 tps, lat 122.980 ms stddev 29.291, 0 failed
progress: 27.0 s, 2105.1 tps, lat 118.666 ms stddev 62.408, 0 failed
progress: 28.0 s, 2081.0 tps, lat 125.242 ms stddev 59.142, 0 failed
progress: 29.0 s, 2096.9 tps, lat 120.739 ms stddev 50.616, 0 failed
progress: 30.0 s, 2092.1 tps, lat 121.267 ms stddev 55.487, 0 failed
progress: 31.0 s, 2072.0 tps, lat 127.272 ms stddev 67.354, 0 failed
progress: 32.0 s, 2092.1 tps, lat 122.350 ms stddev 39.164, 0 failed
progress: 33.0 s, 2083.7 tps, lat 122.366 ms stddev 47.039, 0 failed
progress: 34.0 s, 2049.5 tps, lat 124.273 ms stddev 34.581, 0 failed
progress: 35.0 s, 2082.8 tps, lat 121.973 ms stddev 57.616, 0 failed
progress: 36.0 s, 2075.1 tps, lat 125.262 ms stddev 39.645, 0 failed
progress: 37.0 s, 2044.1 tps, lat 123.636 ms stddev 35.074, 0 failed
progress: 38.0 s, 2120.0 tps, lat 120.756 ms stddev 75.917, 0 failed
progress: 39.0 s, 2073.0 tps, lat 125.303 ms stddev 49.766, 0 failed
progress: 40.0 s, 2047.0 tps, lat 123.481 ms stddev 41.269, 0 failed
progress: 41.0 s, 2086.9 tps, lat 123.411 ms stddev 37.954, 0 failed
progress: 42.0 s, 2082.1 tps, lat 122.792 ms stddev 36.886, 0 failed
progress: 43.0 s, 2068.0 tps, lat 123.678 ms stddev 58.520, 0 failed
progress: 44.0 s, 2089.9 tps, lat 122.884 ms stddev 31.858, 0 failed
progress: 45.0 s, 2086.0 tps, lat 123.292 ms stddev 36.262, 0 failed
progress: 46.0 s, 2078.1 tps, lat 122.168 ms stddev 30.113, 0 failed
progress: 47.0 s, 2107.0 tps, lat 120.696 ms stddev 56.236, 0 failed
progress: 48.0 s, 2097.0 tps, lat 123.384 ms stddev 45.559, 0 failed
progress: 49.0 s, 2093.0 tps, lat 122.080 ms stddev 47.692, 0 failed
progress: 50.0 s, 2068.9 tps, lat 122.999 ms stddev 35.197, 0 failed
progress: 51.0 s, 2092.1 tps, lat 123.433 ms stddev 41.043, 0 failed
progress: 52.0 s, 2094.0 tps, lat 121.183 ms stddev 51.126, 0 failed
progress: 53.0 s, 2085.0 tps, lat 121.179 ms stddev 53.186, 0 failed
progress: 54.0 s, 2063.9 tps, lat 125.359 ms stddev 64.057, 0 failed
progress: 55.0 s, 2081.1 tps, lat 124.730 ms stddev 33.978, 0 failed
progress: 56.0 s, 2042.8 tps, lat 124.086 ms stddev 37.341, 0 failed
progress: 57.0 s, 2089.2 tps, lat 123.224 ms stddev 36.648, 0 failed
progress: 58.0 s, 2068.5 tps, lat 121.824 ms stddev 42.693, 0 failed
progress: 59.0 s, 2055.3 tps, lat 127.016 ms stddev 49.235, 0 failed
transaction type: star-1.sql
scaling factor: 1
query mode: simple
number of clients: 256
number of threads: 256
maximum number of tries: 1
duration: 60 s
number of transactions actually processed: 125696
number of failed transactions: 0 (0.000%)
latency average = 121.954 ms
latency stddev = 53.105 ms
initial connection time = 166.016 ms
tps = 2097.535221 (without initial connection time)
