pgbench (18devel, server 8.0.26)
progress: 1.0 s, 418.0 tps, lat 37.175 ms stddev 82.233, 0 failed
progress: 2.0 s, 761.0 tps, lat 21.029 ms stddev 4.807, 0 failed
progress: 3.0 s, 764.0 tps, lat 20.954 ms stddev 4.849, 0 failed
progress: 4.0 s, 768.0 tps, lat 20.817 ms stddev 4.616, 0 failed
progress: 5.0 s, 776.0 tps, lat 20.623 ms stddev 4.537, 0 failed
progress: 6.0 s, 813.0 tps, lat 19.725 ms stddev 0.413, 0 failed
progress: 7.0 s, 812.0 tps, lat 19.705 ms stddev 0.198, 0 failed
progress: 8.0 s, 808.0 tps, lat 19.778 ms stddev 0.647, 0 failed
progress: 9.0 s, 808.0 tps, lat 19.819 ms stddev 1.035, 0 failed
progress: 10.0 s, 803.0 tps, lat 19.902 ms stddev 1.617, 0 failed
progress: 11.0 s, 810.0 tps, lat 19.745 ms stddev 0.431, 0 failed
progress: 12.0 s, 811.0 tps, lat 19.763 ms stddev 0.532, 0 failed
progress: 13.0 s, 812.0 tps, lat 19.691 ms stddev 0.152, 0 failed
progress: 14.0 s, 775.0 tps, lat 20.644 ms stddev 3.996, 0 failed
progress: 15.0 s, 802.0 tps, lat 19.877 ms stddev 1.171, 0 failed
progress: 16.0 s, 812.0 tps, lat 19.740 ms stddev 0.557, 0 failed
progress: 17.0 s, 798.0 tps, lat 20.087 ms stddev 1.796, 0 failed
progress: 18.0 s, 810.0 tps, lat 19.723 ms stddev 0.439, 0 failed
progress: 19.0 s, 812.0 tps, lat 19.752 ms stddev 0.648, 0 failed
progress: 20.0 s, 812.0 tps, lat 19.704 ms stddev 0.540, 0 failed
progress: 21.0 s, 802.0 tps, lat 19.973 ms stddev 1.642, 0 failed
progress: 22.0 s, 811.0 tps, lat 19.710 ms stddev 0.562, 0 failed
progress: 23.0 s, 809.0 tps, lat 19.726 ms stddev 0.450, 0 failed
progress: 24.0 s, 797.0 tps, lat 19.961 ms stddev 1.631, 0 failed
progress: 25.0 s, 799.0 tps, lat 20.114 ms stddev 1.870, 0 failed
progress: 26.0 s, 812.0 tps, lat 19.754 ms stddev 0.761, 0 failed
progress: 27.0 s, 806.0 tps, lat 19.763 ms stddev 0.670, 0 failed
progress: 28.0 s, 811.0 tps, lat 19.796 ms stddev 0.649, 0 failed
progress: 29.0 s, 814.0 tps, lat 19.704 ms stddev 0.649, 0 failed
progress: 30.0 s, 812.0 tps, lat 19.651 ms stddev 0.190, 0 failed
progress: 31.0 s, 802.0 tps, lat 19.973 ms stddev 2.085, 0 failed
progress: 32.0 s, 814.0 tps, lat 19.670 ms stddev 0.397, 0 failed
progress: 33.0 s, 811.0 tps, lat 19.715 ms stddev 0.741, 0 failed
progress: 34.0 s, 813.0 tps, lat 19.674 ms stddev 0.413, 0 failed
progress: 35.0 s, 813.0 tps, lat 19.669 ms stddev 0.404, 0 failed
progress: 36.0 s, 811.0 tps, lat 19.716 ms stddev 0.651, 0 failed
progress: 37.0 s, 813.0 tps, lat 19.690 ms stddev 0.545, 0 failed
progress: 38.0 s, 806.0 tps, lat 19.814 ms stddev 1.133, 0 failed
progress: 39.0 s, 802.0 tps, lat 20.003 ms stddev 1.695, 0 failed
progress: 40.0 s, 811.0 tps, lat 19.742 ms stddev 0.565, 0 failed
progress: 41.0 s, 812.0 tps, lat 19.673 ms stddev 0.417, 0 failed
progress: 42.0 s, 811.0 tps, lat 19.702 ms stddev 0.541, 0 failed
progress: 43.0 s, 815.0 tps, lat 19.677 ms stddev 0.201, 0 failed
progress: 44.0 s, 812.0 tps, lat 19.702 ms stddev 0.541, 0 failed
progress: 45.0 s, 807.0 tps, lat 19.854 ms stddev 1.148, 0 failed
progress: 46.0 s, 808.0 tps, lat 19.726 ms stddev 0.431, 0 failed
progress: 47.0 s, 809.0 tps, lat 19.809 ms stddev 0.911, 0 failed
progress: 48.0 s, 806.0 tps, lat 19.803 ms stddev 0.691, 0 failed
progress: 49.0 s, 815.0 tps, lat 19.685 ms stddev 0.222, 0 failed
progress: 50.0 s, 812.0 tps, lat 19.709 ms stddev 0.402, 0 failed
progress: 51.0 s, 810.0 tps, lat 19.688 ms stddev 0.294, 0 failed
progress: 52.0 s, 814.0 tps, lat 19.697 ms stddev 0.404, 0 failed
progress: 53.0 s, 809.0 tps, lat 19.775 ms stddev 0.884, 0 failed
progress: 54.0 s, 812.0 tps, lat 19.698 ms stddev 0.418, 0 failed
progress: 55.0 s, 808.0 tps, lat 19.786 ms stddev 0.890, 0 failed
progress: 56.0 s, 812.0 tps, lat 19.735 ms stddev 0.752, 0 failed
progress: 57.0 s, 813.0 tps, lat 19.684 ms stddev 0.576, 0 failed
progress: 58.0 s, 812.0 tps, lat 19.682 ms stddev 0.430, 0 failed
progress: 59.0 s, 801.0 tps, lat 19.873 ms stddev 1.448, 0 failed
progress: 60.0 s, 818.0 tps, lat 19.667 ms stddev 0.678, 0 failed
transaction type: star-1.sql
scaling factor: 1
query mode: simple
number of clients: 16
number of threads: 16
maximum number of tries: 1
duration: 60 s
number of transactions actually processed: 47982
number of failed transactions: 0 (0.000%)
latency average = 20.003 ms
latency stddev = 7.998 ms
initial connection time = 23.866 ms
tps = 799.750997 (without initial connection time)
