pgbench (18devel, server 8.0.26)
progress: 1.0 s, 0.0 tps, lat 0.000 ms stddev 0.000, 0 failed
progress: 2.0 s, 0.0 tps, lat 0.000 ms stddev 0.000, 0 failed
progress: 3.0 s, 1062.0 tps, lat 155.027 ms stddev 481.897, 0 failed
progress: 4.0 s, 1978.9 tps, lat 32.376 ms stddev 10.114, 0 failed
progress: 5.0 s, 1923.0 tps, lat 33.191 ms stddev 10.631, 0 failed
progress: 6.0 s, 1965.0 tps, lat 32.603 ms stddev 10.265, 0 failed
progress: 7.0 s, 1925.0 tps, lat 33.256 ms stddev 10.509, 0 failed
progress: 8.0 s, 1970.0 tps, lat 32.593 ms stddev 10.188, 0 failed
progress: 9.0 s, 1928.0 tps, lat 33.023 ms stddev 10.365, 0 failed
progress: 10.0 s, 1953.9 tps, lat 32.693 ms stddev 10.190, 0 failed
progress: 11.0 s, 1952.0 tps, lat 33.059 ms stddev 10.343, 0 failed
progress: 12.0 s, 1928.0 tps, lat 32.923 ms stddev 10.459, 0 failed
progress: 13.0 s, 1951.0 tps, lat 32.876 ms stddev 10.315, 0 failed
progress: 14.0 s, 1953.0 tps, lat 32.746 ms stddev 10.197, 0 failed
progress: 15.0 s, 1938.0 tps, lat 33.031 ms stddev 10.282, 0 failed
progress: 16.0 s, 1924.0 tps, lat 33.302 ms stddev 10.547, 0 failed
progress: 17.0 s, 1960.0 tps, lat 32.795 ms stddev 10.309, 0 failed
progress: 18.0 s, 1950.0 tps, lat 32.598 ms stddev 10.218, 0 failed
progress: 19.0 s, 1944.0 tps, lat 32.944 ms stddev 10.233, 0 failed
progress: 20.0 s, 1952.0 tps, lat 32.852 ms stddev 10.311, 0 failed
progress: 21.0 s, 1926.0 tps, lat 33.075 ms stddev 10.473, 0 failed
progress: 22.0 s, 1959.0 tps, lat 32.787 ms stddev 10.404, 0 failed
progress: 23.0 s, 1912.0 tps, lat 33.555 ms stddev 10.602, 0 failed
progress: 24.0 s, 1929.0 tps, lat 33.096 ms stddev 10.424, 0 failed
progress: 25.0 s, 1904.9 tps, lat 33.179 ms stddev 10.651, 0 failed
progress: 26.0 s, 1936.1 tps, lat 33.283 ms stddev 10.460, 0 failed
progress: 27.0 s, 1932.0 tps, lat 33.416 ms stddev 10.494, 0 failed
progress: 28.0 s, 1903.0 tps, lat 33.665 ms stddev 10.896, 0 failed
progress: 29.0 s, 1921.0 tps, lat 33.175 ms stddev 10.612, 0 failed
progress: 30.0 s, 1920.0 tps, lat 33.226 ms stddev 10.534, 0 failed
progress: 31.0 s, 1898.0 tps, lat 34.109 ms stddev 11.551, 0 failed
progress: 32.0 s, 1919.0 tps, lat 33.197 ms stddev 10.641, 0 failed
progress: 33.0 s, 1937.0 tps, lat 32.921 ms stddev 10.595, 0 failed
progress: 34.0 s, 1930.0 tps, lat 33.109 ms stddev 10.626, 0 failed
progress: 35.0 s, 1894.0 tps, lat 33.801 ms stddev 10.755, 0 failed
progress: 36.0 s, 1934.0 tps, lat 33.158 ms stddev 10.458, 0 failed
progress: 37.0 s, 1934.0 tps, lat 33.040 ms stddev 10.425, 0 failed
progress: 38.0 s, 1899.0 tps, lat 33.610 ms stddev 10.245, 0 failed
progress: 39.0 s, 1909.0 tps, lat 33.545 ms stddev 10.720, 0 failed
progress: 40.0 s, 1920.0 tps, lat 33.475 ms stddev 10.687, 0 failed
progress: 41.0 s, 1931.0 tps, lat 33.052 ms stddev 10.285, 0 failed
progress: 42.0 s, 1932.0 tps, lat 33.226 ms stddev 10.393, 0 failed
progress: 43.0 s, 1902.0 tps, lat 33.556 ms stddev 10.406, 0 failed
progress: 44.0 s, 1931.0 tps, lat 33.247 ms stddev 10.476, 0 failed
progress: 45.0 s, 1921.0 tps, lat 33.229 ms stddev 10.535, 0 failed
progress: 46.0 s, 1918.0 tps, lat 33.496 ms stddev 10.376, 0 failed
progress: 47.0 s, 1898.0 tps, lat 33.698 ms stddev 10.550, 0 failed
progress: 48.0 s, 1898.0 tps, lat 33.652 ms stddev 10.551, 0 failed
progress: 49.0 s, 1933.0 tps, lat 33.180 ms stddev 10.279, 0 failed
progress: 50.0 s, 1912.0 tps, lat 33.295 ms stddev 10.419, 0 failed
progress: 51.0 s, 1903.0 tps, lat 33.817 ms stddev 10.642, 0 failed
progress: 52.0 s, 1912.9 tps, lat 33.248 ms stddev 10.603, 0 failed
progress: 53.0 s, 1932.1 tps, lat 33.197 ms stddev 10.631, 0 failed
progress: 54.0 s, 1915.0 tps, lat 33.420 ms stddev 10.645, 0 failed
progress: 55.0 s, 1932.0 tps, lat 33.177 ms stddev 10.617, 0 failed
progress: 56.0 s, 1898.0 tps, lat 33.596 ms stddev 11.035, 0 failed
progress: 57.0 s, 1895.0 tps, lat 33.732 ms stddev 10.532, 0 failed
progress: 58.0 s, 1920.0 tps, lat 33.525 ms stddev 10.876, 0 failed
progress: 59.0 s, 1886.0 tps, lat 33.973 ms stddev 10.895, 0 failed
transaction type: star-1.sql
scaling factor: 1
query mode: simple
number of clients: 64
number of threads: 64
maximum number of tries: 1
duration: 60 s
number of transactions actually processed: 110842
number of failed transactions: 0 (0.000%)
latency average = 34.398 ms
latency stddev = 49.730 ms
initial connection time = 440.004 ms
tps = 1860.063710 (without initial connection time)
