pgbench (18devel, server 9.6.24)
progress: 1.0 s, 16135.4 tps, lat 7.700 ms stddev 6.308, 0 failed
progress: 2.0 s, 16504.7 tps, lat 7.761 ms stddev 5.614, 0 failed
progress: 3.0 s, 16591.3 tps, lat 7.726 ms stddev 5.626, 0 failed
progress: 4.0 s, 16559.5 tps, lat 7.724 ms stddev 5.334, 0 failed
progress: 5.0 s, 16538.5 tps, lat 7.735 ms stddev 5.770, 0 failed
progress: 6.0 s, 16608.6 tps, lat 7.714 ms stddev 6.184, 0 failed
progress: 7.0 s, 16626.0 tps, lat 7.694 ms stddev 5.939, 0 failed
progress: 8.0 s, 16689.0 tps, lat 7.669 ms stddev 6.057, 0 failed
progress: 9.0 s, 16739.7 tps, lat 7.636 ms stddev 6.097, 0 failed
progress: 10.0 s, 16710.9 tps, lat 7.662 ms stddev 6.275, 0 failed
progress: 11.0 s, 16672.2 tps, lat 7.673 ms stddev 6.027, 0 failed
progress: 12.0 s, 16703.0 tps, lat 7.661 ms stddev 5.989, 0 failed
progress: 13.0 s, 16722.7 tps, lat 7.667 ms stddev 6.361, 0 failed
progress: 14.0 s, 16724.6 tps, lat 7.641 ms stddev 6.256, 0 failed
progress: 15.0 s, 16712.9 tps, lat 7.649 ms stddev 6.002, 0 failed
progress: 16.0 s, 16704.9 tps, lat 7.689 ms stddev 5.907, 0 failed
progress: 17.0 s, 16730.0 tps, lat 7.631 ms stddev 5.747, 0 failed
progress: 18.0 s, 16716.0 tps, lat 7.659 ms stddev 5.901, 0 failed
progress: 19.0 s, 16761.0 tps, lat 7.639 ms stddev 6.034, 0 failed
progress: 20.0 s, 16721.0 tps, lat 7.659 ms stddev 5.860, 0 failed
progress: 21.0 s, 16777.8 tps, lat 7.619 ms stddev 6.159, 0 failed
progress: 22.0 s, 16741.2 tps, lat 7.643 ms stddev 5.913, 0 failed
progress: 23.0 s, 16782.1 tps, lat 7.634 ms stddev 6.413, 0 failed
progress: 24.0 s, 16790.8 tps, lat 7.614 ms stddev 6.302, 0 failed
progress: 25.0 s, 16747.2 tps, lat 7.649 ms stddev 6.031, 0 failed
progress: 26.0 s, 16740.8 tps, lat 7.650 ms stddev 5.848, 0 failed
progress: 27.0 s, 16690.1 tps, lat 7.669 ms stddev 5.411, 0 failed
progress: 28.0 s, 16752.5 tps, lat 7.642 ms stddev 5.904, 0 failed
progress: 29.0 s, 16704.6 tps, lat 7.650 ms stddev 5.593, 0 failed
progress: 30.0 s, 16736.0 tps, lat 7.659 ms stddev 5.913, 0 failed
progress: 31.0 s, 16716.5 tps, lat 7.642 ms stddev 5.650, 0 failed
progress: 32.0 s, 16760.5 tps, lat 7.641 ms stddev 6.180, 0 failed
progress: 33.0 s, 16733.0 tps, lat 7.647 ms stddev 6.020, 0 failed
progress: 34.0 s, 16739.0 tps, lat 7.655 ms stddev 6.087, 0 failed
progress: 35.0 s, 16731.5 tps, lat 7.635 ms stddev 6.102, 0 failed
progress: 36.0 s, 16708.4 tps, lat 7.678 ms stddev 5.792, 0 failed
progress: 37.0 s, 16719.9 tps, lat 7.658 ms stddev 5.942, 0 failed
progress: 38.0 s, 16756.2 tps, lat 7.632 ms stddev 6.100, 0 failed
progress: 39.0 s, 16726.9 tps, lat 7.632 ms stddev 5.645, 0 failed
progress: 40.0 s, 16722.7 tps, lat 7.675 ms stddev 6.079, 0 failed
progress: 41.0 s, 16755.2 tps, lat 7.633 ms stddev 6.173, 0 failed
progress: 42.0 s, 16778.7 tps, lat 7.640 ms stddev 6.248, 0 failed
progress: 43.0 s, 16713.4 tps, lat 7.654 ms stddev 5.748, 0 failed
progress: 44.0 s, 16758.8 tps, lat 7.639 ms stddev 6.222, 0 failed
progress: 45.0 s, 16740.1 tps, lat 7.641 ms stddev 6.098, 0 failed
progress: 46.0 s, 16757.1 tps, lat 7.633 ms stddev 5.959, 0 failed
progress: 47.0 s, 16759.6 tps, lat 7.655 ms stddev 6.212, 0 failed
progress: 48.0 s, 16720.3 tps, lat 7.633 ms stddev 6.034, 0 failed
progress: 49.0 s, 16737.0 tps, lat 7.661 ms stddev 6.339, 0 failed
progress: 50.0 s, 16737.7 tps, lat 7.638 ms stddev 5.777, 0 failed
progress: 51.0 s, 16741.7 tps, lat 7.659 ms stddev 6.227, 0 failed
progress: 52.0 s, 16714.5 tps, lat 7.640 ms stddev 5.839, 0 failed
progress: 53.0 s, 16763.9 tps, lat 7.650 ms stddev 6.077, 0 failed
progress: 54.0 s, 16739.1 tps, lat 7.629 ms stddev 6.046, 0 failed
progress: 55.0 s, 16753.8 tps, lat 7.647 ms stddev 6.269, 0 failed
progress: 56.0 s, 16739.2 tps, lat 7.659 ms stddev 6.134, 0 failed
progress: 57.0 s, 16753.6 tps, lat 7.633 ms stddev 5.917, 0 failed
progress: 58.0 s, 16756.0 tps, lat 7.639 ms stddev 5.857, 0 failed
progress: 59.0 s, 16766.4 tps, lat 7.626 ms stddev 6.224, 0 failed
transaction type: star-1-left.sql
scaling factor: 1
query mode: simple
number of clients: 128
number of threads: 128
maximum number of tries: 1
duration: 60 s
number of transactions actually processed: 1001856
number of failed transactions: 0 (0.000%)
latency average = 7.657 ms
latency stddev = 6.005 ms
initial connection time = 72.622 ms
tps = 16708.371330 (without initial connection time)
