pgbench (18devel, server 9.6.24)
progress: 1.0 s, 6561.6 tps, lat 2.422 ms stddev 0.246, 0 failed
progress: 2.0 s, 6687.7 tps, lat 2.392 ms stddev 0.038, 0 failed
progress: 3.0 s, 6704.0 tps, lat 2.386 ms stddev 0.039, 0 failed
progress: 4.0 s, 6716.0 tps, lat 2.383 ms stddev 0.040, 0 failed
progress: 5.0 s, 6701.0 tps, lat 2.386 ms stddev 0.041, 0 failed
progress: 6.0 s, 6696.9 tps, lat 2.389 ms stddev 0.039, 0 failed
progress: 7.0 s, 6704.1 tps, lat 2.387 ms stddev 0.041, 0 failed
progress: 8.0 s, 6691.9 tps, lat 2.390 ms stddev 0.037, 0 failed
progress: 9.0 s, 6694.0 tps, lat 2.388 ms stddev 0.040, 0 failed
progress: 10.0 s, 6725.0 tps, lat 2.380 ms stddev 0.040, 0 failed
progress: 11.0 s, 6694.2 tps, lat 2.390 ms stddev 0.038, 0 failed
progress: 12.0 s, 6714.8 tps, lat 2.381 ms stddev 0.038, 0 failed
progress: 13.0 s, 6712.9 tps, lat 2.384 ms stddev 0.040, 0 failed
progress: 14.0 s, 6700.0 tps, lat 2.387 ms stddev 0.038, 0 failed
progress: 15.0 s, 6693.3 tps, lat 2.390 ms stddev 0.037, 0 failed
progress: 16.0 s, 6721.8 tps, lat 2.381 ms stddev 0.038, 0 failed
progress: 17.0 s, 6713.2 tps, lat 2.383 ms stddev 0.039, 0 failed
progress: 18.0 s, 6708.7 tps, lat 2.383 ms stddev 0.042, 0 failed
progress: 19.0 s, 6704.0 tps, lat 2.385 ms stddev 0.038, 0 failed
progress: 20.0 s, 6689.3 tps, lat 2.392 ms stddev 0.034, 0 failed
progress: 21.0 s, 6717.0 tps, lat 2.382 ms stddev 0.036, 0 failed
progress: 22.0 s, 6707.7 tps, lat 2.384 ms stddev 0.037, 0 failed
progress: 23.0 s, 6677.2 tps, lat 2.396 ms stddev 0.036, 0 failed
progress: 24.0 s, 6701.8 tps, lat 2.387 ms stddev 0.035, 0 failed
progress: 25.0 s, 6728.0 tps, lat 2.378 ms stddev 0.040, 0 failed
progress: 26.0 s, 6710.0 tps, lat 2.385 ms stddev 0.040, 0 failed
progress: 27.0 s, 6708.0 tps, lat 2.384 ms stddev 0.037, 0 failed
progress: 28.0 s, 6699.9 tps, lat 2.388 ms stddev 0.035, 0 failed
progress: 29.0 s, 6701.0 tps, lat 2.387 ms stddev 0.038, 0 failed
progress: 30.0 s, 6719.0 tps, lat 2.381 ms stddev 0.038, 0 failed
progress: 31.0 s, 6740.0 tps, lat 2.374 ms stddev 0.040, 0 failed
progress: 32.0 s, 6735.9 tps, lat 2.375 ms stddev 0.037, 0 failed
progress: 33.0 s, 6688.0 tps, lat 2.392 ms stddev 0.038, 0 failed
progress: 34.0 s, 6687.1 tps, lat 2.392 ms stddev 0.034, 0 failed
progress: 35.0 s, 6707.0 tps, lat 2.385 ms stddev 0.037, 0 failed
progress: 36.0 s, 6694.8 tps, lat 2.390 ms stddev 0.036, 0 failed
progress: 37.0 s, 6695.4 tps, lat 2.389 ms stddev 0.036, 0 failed
progress: 38.0 s, 6702.8 tps, lat 2.387 ms stddev 0.039, 0 failed
progress: 39.0 s, 6720.2 tps, lat 2.380 ms stddev 0.038, 0 failed
progress: 40.0 s, 6705.0 tps, lat 2.387 ms stddev 0.038, 0 failed
progress: 41.0 s, 6707.7 tps, lat 2.384 ms stddev 0.041, 0 failed
progress: 42.0 s, 6692.3 tps, lat 2.390 ms stddev 0.039, 0 failed
progress: 43.0 s, 6665.8 tps, lat 2.399 ms stddev 0.214, 0 failed
progress: 44.0 s, 6709.0 tps, lat 2.385 ms stddev 0.041, 0 failed
progress: 45.0 s, 6696.9 tps, lat 2.388 ms stddev 0.038, 0 failed
progress: 46.0 s, 6697.0 tps, lat 2.390 ms stddev 0.037, 0 failed
progress: 47.0 s, 6691.0 tps, lat 2.391 ms stddev 0.039, 0 failed
progress: 48.0 s, 6706.2 tps, lat 2.384 ms stddev 0.037, 0 failed
progress: 49.0 s, 6700.0 tps, lat 2.387 ms stddev 0.039, 0 failed
progress: 50.0 s, 6712.8 tps, lat 2.384 ms stddev 0.041, 0 failed
progress: 51.0 s, 6705.0 tps, lat 2.385 ms stddev 0.039, 0 failed
progress: 52.0 s, 6722.0 tps, lat 2.380 ms stddev 0.037, 0 failed
progress: 53.0 s, 6721.0 tps, lat 2.380 ms stddev 0.038, 0 failed
progress: 54.0 s, 6723.3 tps, lat 2.379 ms stddev 0.041, 0 failed
progress: 55.0 s, 6709.0 tps, lat 2.384 ms stddev 0.037, 0 failed
progress: 56.0 s, 6695.8 tps, lat 2.390 ms stddev 0.180, 0 failed
progress: 57.0 s, 6714.0 tps, lat 2.383 ms stddev 0.036, 0 failed
progress: 58.0 s, 6691.9 tps, lat 2.390 ms stddev 0.039, 0 failed
progress: 59.0 s, 6710.1 tps, lat 2.384 ms stddev 0.037, 0 failed
transaction type: star-1-left.sql
scaling factor: 1
query mode: simple
number of clients: 16
number of threads: 16
maximum number of tries: 1
duration: 60 s
number of transactions actually processed: 402161
number of failed transactions: 0 (0.000%)
latency average = 2.386 ms
latency stddev = 0.061 ms
initial connection time = 11.727 ms
tps = 6703.729115 (without initial connection time)
