pgbench (18devel, server 9.6.24)
progress: 1.0 s, 15095.9 tps, lat 15.923 ms stddev 25.523, 0 failed
progress: 2.0 s, 17221.3 tps, lat 14.832 ms stddev 19.126, 0 failed
progress: 3.0 s, 16903.5 tps, lat 15.120 ms stddev 20.259, 0 failed
progress: 4.0 s, 16501.4 tps, lat 15.567 ms stddev 20.458, 0 failed
progress: 5.0 s, 16712.9 tps, lat 15.311 ms stddev 21.112, 0 failed
progress: 6.0 s, 16647.1 tps, lat 15.319 ms stddev 21.113, 0 failed
progress: 7.0 s, 16627.6 tps, lat 15.431 ms stddev 21.604, 0 failed
progress: 8.0 s, 16743.3 tps, lat 15.310 ms stddev 22.430, 0 failed
progress: 9.0 s, 16704.2 tps, lat 15.380 ms stddev 21.986, 0 failed
progress: 10.0 s, 16690.8 tps, lat 15.237 ms stddev 21.591, 0 failed
progress: 11.0 s, 16810.7 tps, lat 15.218 ms stddev 22.094, 0 failed
progress: 12.0 s, 16830.3 tps, lat 15.209 ms stddev 22.608, 0 failed
progress: 13.0 s, 16822.2 tps, lat 15.193 ms stddev 21.629, 0 failed
progress: 14.0 s, 16863.7 tps, lat 15.129 ms stddev 22.515, 0 failed
progress: 15.0 s, 16793.6 tps, lat 15.339 ms stddev 21.779, 0 failed
progress: 16.0 s, 16849.6 tps, lat 15.152 ms stddev 22.662, 0 failed
progress: 17.0 s, 16782.1 tps, lat 15.288 ms stddev 21.231, 0 failed
progress: 18.0 s, 16819.9 tps, lat 15.119 ms stddev 21.905, 0 failed
progress: 19.0 s, 16786.8 tps, lat 15.350 ms stddev 21.469, 0 failed
progress: 20.0 s, 16825.3 tps, lat 15.194 ms stddev 21.714, 0 failed
progress: 21.0 s, 16792.7 tps, lat 15.334 ms stddev 21.764, 0 failed
progress: 22.0 s, 16829.5 tps, lat 15.154 ms stddev 21.742, 0 failed
progress: 23.0 s, 16804.6 tps, lat 15.194 ms stddev 22.401, 0 failed
progress: 24.0 s, 16812.1 tps, lat 15.195 ms stddev 22.259, 0 failed
progress: 25.0 s, 16765.1 tps, lat 15.309 ms stddev 21.446, 0 failed
progress: 26.0 s, 16811.3 tps, lat 15.247 ms stddev 21.941, 0 failed
progress: 27.0 s, 16755.9 tps, lat 15.245 ms stddev 21.702, 0 failed
progress: 28.0 s, 16795.8 tps, lat 15.233 ms stddev 21.540, 0 failed
progress: 29.0 s, 16796.3 tps, lat 15.274 ms stddev 22.360, 0 failed
progress: 30.0 s, 16774.6 tps, lat 15.320 ms stddev 21.220, 0 failed
progress: 31.0 s, 16783.0 tps, lat 15.198 ms stddev 21.651, 0 failed
progress: 32.0 s, 16757.1 tps, lat 15.307 ms stddev 22.002, 0 failed
progress: 33.0 s, 16782.8 tps, lat 15.214 ms stddev 22.101, 0 failed
progress: 34.0 s, 16769.1 tps, lat 15.293 ms stddev 22.082, 0 failed
progress: 35.0 s, 16739.1 tps, lat 15.229 ms stddev 21.795, 0 failed
progress: 36.0 s, 16797.8 tps, lat 15.244 ms stddev 22.486, 0 failed
progress: 37.0 s, 16737.2 tps, lat 15.329 ms stddev 22.111, 0 failed
progress: 38.0 s, 16759.0 tps, lat 15.266 ms stddev 22.383, 0 failed
progress: 39.0 s, 16739.1 tps, lat 15.263 ms stddev 21.481, 0 failed
progress: 40.0 s, 16783.9 tps, lat 15.279 ms stddev 22.203, 0 failed
progress: 41.0 s, 16690.9 tps, lat 15.420 ms stddev 20.896, 0 failed
progress: 42.0 s, 16732.1 tps, lat 15.284 ms stddev 21.010, 0 failed
progress: 43.0 s, 16768.8 tps, lat 15.168 ms stddev 21.902, 0 failed
progress: 44.0 s, 16742.1 tps, lat 15.379 ms stddev 21.784, 0 failed
progress: 45.0 s, 16776.0 tps, lat 15.210 ms stddev 21.745, 0 failed
progress: 46.0 s, 16743.4 tps, lat 15.273 ms stddev 21.751, 0 failed
progress: 47.0 s, 16779.6 tps, lat 15.243 ms stddev 21.808, 0 failed
progress: 48.0 s, 16778.1 tps, lat 15.277 ms stddev 22.678, 0 failed
progress: 49.0 s, 16759.0 tps, lat 15.239 ms stddev 21.991, 0 failed
progress: 50.0 s, 16679.8 tps, lat 15.463 ms stddev 20.041, 0 failed
progress: 51.0 s, 16751.1 tps, lat 15.169 ms stddev 21.859, 0 failed
progress: 52.0 s, 16663.1 tps, lat 15.434 ms stddev 21.250, 0 failed
progress: 53.0 s, 16803.4 tps, lat 15.237 ms stddev 21.871, 0 failed
progress: 54.0 s, 16705.5 tps, lat 15.370 ms stddev 20.897, 0 failed
progress: 55.0 s, 16697.0 tps, lat 15.211 ms stddev 20.612, 0 failed
progress: 56.0 s, 16742.7 tps, lat 15.268 ms stddev 22.279, 0 failed
progress: 57.0 s, 16747.1 tps, lat 15.344 ms stddev 22.390, 0 failed
progress: 58.0 s, 16740.2 tps, lat 15.257 ms stddev 21.771, 0 failed
progress: 59.0 s, 16719.4 tps, lat 15.326 ms stddev 21.800, 0 failed
transaction type: star-1-left.sql
scaling factor: 1
query mode: simple
number of clients: 256
number of threads: 256
maximum number of tries: 1
duration: 60 s
number of transactions actually processed: 1002823
number of failed transactions: 0 (0.000%)
latency average = 15.284 ms
latency stddev = 21.777 ms
initial connection time = 148.702 ms
tps = 16740.185970 (without initial connection time)
