pgbench (18devel, server 8.2.23)
progress: 1.0 s, 18651.0 tps, lat 0.853 ms stddev 0.373, 0 failed
progress: 2.0 s, 19391.0 tps, lat 0.825 ms stddev 0.210, 0 failed
progress: 3.0 s, 19080.0 tps, lat 0.838 ms stddev 0.240, 0 failed
progress: 4.0 s, 19179.0 tps, lat 0.834 ms stddev 0.244, 0 failed
progress: 5.0 s, 19639.3 tps, lat 0.814 ms stddev 0.214, 0 failed
progress: 6.0 s, 19366.3 tps, lat 0.825 ms stddev 0.227, 0 failed
progress: 7.0 s, 19249.4 tps, lat 0.831 ms stddev 0.244, 0 failed
progress: 8.0 s, 19172.0 tps, lat 0.834 ms stddev 0.243, 0 failed
progress: 9.0 s, 19235.0 tps, lat 0.831 ms stddev 0.246, 0 failed
progress: 10.0 s, 19246.0 tps, lat 0.831 ms stddev 0.249, 0 failed
progress: 11.0 s, 20197.0 tps, lat 0.792 ms stddev 0.161, 0 failed
progress: 12.0 s, 20480.0 tps, lat 0.781 ms stddev 0.117, 0 failed
progress: 13.0 s, 20134.0 tps, lat 0.794 ms stddev 0.140, 0 failed
progress: 14.0 s, 20070.0 tps, lat 0.797 ms stddev 0.156, 0 failed
progress: 15.0 s, 20175.0 tps, lat 0.793 ms stddev 0.126, 0 failed
progress: 16.0 s, 20201.3 tps, lat 0.791 ms stddev 0.131, 0 failed
progress: 17.0 s, 20083.7 tps, lat 0.796 ms stddev 0.151, 0 failed
progress: 18.0 s, 20112.0 tps, lat 0.795 ms stddev 0.148, 0 failed
progress: 19.0 s, 20142.0 tps, lat 0.794 ms stddev 0.168, 0 failed
progress: 20.0 s, 20132.0 tps, lat 0.794 ms stddev 0.175, 0 failed
progress: 21.0 s, 20068.0 tps, lat 0.797 ms stddev 0.161, 0 failed
progress: 22.0 s, 19924.1 tps, lat 0.803 ms stddev 0.199, 0 failed
progress: 23.0 s, 20152.0 tps, lat 0.794 ms stddev 0.153, 0 failed
progress: 24.0 s, 20372.0 tps, lat 0.785 ms stddev 0.132, 0 failed
progress: 25.0 s, 19770.0 tps, lat 0.809 ms stddev 0.211, 0 failed
progress: 26.0 s, 19791.9 tps, lat 0.807 ms stddev 0.181, 0 failed
progress: 27.0 s, 20154.0 tps, lat 0.794 ms stddev 0.151, 0 failed
progress: 28.0 s, 20305.0 tps, lat 0.788 ms stddev 0.155, 0 failed
progress: 29.0 s, 20001.2 tps, lat 0.799 ms stddev 0.196, 0 failed
progress: 30.0 s, 20213.9 tps, lat 0.791 ms stddev 0.166, 0 failed
progress: 31.0 s, 20204.0 tps, lat 0.791 ms stddev 0.160, 0 failed
progress: 32.0 s, 20272.0 tps, lat 0.789 ms stddev 0.148, 0 failed
progress: 33.0 s, 20462.0 tps, lat 0.781 ms stddev 0.137, 0 failed
progress: 34.0 s, 19839.0 tps, lat 0.806 ms stddev 0.182, 0 failed
progress: 35.0 s, 19836.3 tps, lat 0.806 ms stddev 0.185, 0 failed
progress: 36.0 s, 19999.7 tps, lat 0.800 ms stddev 0.183, 0 failed
progress: 37.0 s, 19647.2 tps, lat 0.814 ms stddev 0.216, 0 failed
progress: 38.0 s, 19957.7 tps, lat 0.800 ms stddev 0.183, 0 failed
progress: 39.0 s, 19876.1 tps, lat 0.805 ms stddev 0.179, 0 failed
progress: 40.0 s, 19724.2 tps, lat 0.811 ms stddev 0.190, 0 failed
progress: 41.0 s, 19471.9 tps, lat 0.821 ms stddev 0.231, 0 failed
progress: 42.0 s, 19151.1 tps, lat 0.835 ms stddev 0.256, 0 failed
progress: 43.0 s, 19415.0 tps, lat 0.824 ms stddev 0.232, 0 failed
progress: 44.0 s, 19398.0 tps, lat 0.824 ms stddev 0.235, 0 failed
progress: 45.0 s, 19126.9 tps, lat 0.836 ms stddev 0.260, 0 failed
progress: 46.0 s, 20031.1 tps, lat 0.798 ms stddev 0.178, 0 failed
progress: 47.0 s, 19853.8 tps, lat 0.805 ms stddev 0.181, 0 failed
progress: 48.0 s, 19515.2 tps, lat 0.819 ms stddev 0.211, 0 failed
progress: 49.0 s, 19969.0 tps, lat 0.801 ms stddev 0.178, 0 failed
progress: 50.0 s, 19869.8 tps, lat 0.805 ms stddev 0.181, 0 failed
progress: 51.0 s, 19994.0 tps, lat 0.800 ms stddev 0.176, 0 failed
progress: 52.0 s, 20042.0 tps, lat 0.798 ms stddev 0.171, 0 failed
progress: 53.0 s, 20043.0 tps, lat 0.798 ms stddev 0.173, 0 failed
progress: 54.0 s, 20067.1 tps, lat 0.797 ms stddev 0.192, 0 failed
progress: 55.0 s, 20293.0 tps, lat 0.787 ms stddev 0.167, 0 failed
progress: 56.0 s, 20327.0 tps, lat 0.787 ms stddev 0.166, 0 failed
progress: 57.0 s, 20285.0 tps, lat 0.788 ms stddev 0.165, 0 failed
progress: 58.0 s, 20185.0 tps, lat 0.792 ms stddev 0.164, 0 failed
progress: 59.0 s, 20120.0 tps, lat 0.795 ms stddev 0.164, 0 failed
transaction type: star-1.sql
scaling factor: 1
query mode: simple
number of clients: 16
number of threads: 16
maximum number of tries: 1
duration: 60 s
number of transactions actually processed: 1191038
number of failed transactions: 0 (0.000%)
latency average = 0.805 ms
latency stddev = 0.193 ms
initial connection time = 11.714 ms
tps = 19853.899300 (without initial connection time)
