pgbench (18devel, server 9.1.24)
progress: 1.0 s, 13802.7 tps, lat 2.297 ms stddev 1.367, 0 failed
progress: 2.0 s, 19334.0 tps, lat 1.655 ms stddev 1.043, 0 failed
progress: 3.0 s, 14430.0 tps, lat 2.217 ms stddev 0.841, 0 failed
progress: 4.0 s, 17667.9 tps, lat 1.811 ms stddev 1.007, 0 failed
progress: 5.0 s, 13261.9 tps, lat 2.413 ms stddev 0.671, 0 failed
progress: 6.0 s, 12482.1 tps, lat 2.563 ms stddev 0.605, 0 failed
progress: 7.0 s, 12262.9 tps, lat 2.609 ms stddev 0.557, 0 failed
progress: 8.0 s, 15436.1 tps, lat 2.073 ms stddev 1.020, 0 failed
progress: 9.0 s, 13837.9 tps, lat 2.312 ms stddev 0.872, 0 failed
progress: 10.0 s, 12408.4 tps, lat 2.579 ms stddev 0.601, 0 failed
progress: 11.0 s, 12309.6 tps, lat 2.599 ms stddev 0.534, 0 failed
progress: 12.0 s, 12396.2 tps, lat 2.580 ms stddev 0.567, 0 failed
progress: 13.0 s, 12185.0 tps, lat 2.626 ms stddev 0.507, 0 failed
progress: 14.0 s, 13006.2 tps, lat 2.460 ms stddev 0.758, 0 failed
progress: 15.0 s, 12309.0 tps, lat 2.599 ms stddev 0.656, 0 failed
progress: 16.0 s, 12086.6 tps, lat 2.647 ms stddev 0.518, 0 failed
progress: 17.0 s, 11681.4 tps, lat 2.739 ms stddev 0.393, 0 failed
progress: 18.0 s, 12327.3 tps, lat 2.595 ms stddev 0.552, 0 failed
progress: 19.0 s, 12768.6 tps, lat 2.506 ms stddev 0.702, 0 failed
progress: 20.0 s, 15062.6 tps, lat 2.124 ms stddev 1.017, 0 failed
progress: 21.0 s, 12259.8 tps, lat 2.610 ms stddev 0.595, 0 failed
progress: 22.0 s, 12200.5 tps, lat 2.623 ms stddev 0.549, 0 failed
progress: 23.0 s, 12479.6 tps, lat 2.564 ms stddev 0.643, 0 failed
progress: 24.0 s, 33461.8 tps, lat 0.956 ms stddev 0.812, 0 failed
progress: 25.0 s, 12137.1 tps, lat 2.635 ms stddev 0.598, 0 failed
progress: 26.0 s, 11610.9 tps, lat 2.756 ms stddev 0.396, 0 failed
progress: 27.0 s, 11558.4 tps, lat 2.769 ms stddev 0.421, 0 failed
progress: 28.0 s, 11676.5 tps, lat 2.739 ms stddev 0.444, 0 failed
progress: 29.0 s, 14161.6 tps, lat 2.262 ms stddev 0.936, 0 failed
progress: 30.0 s, 12514.6 tps, lat 2.554 ms stddev 0.652, 0 failed
progress: 31.0 s, 12088.0 tps, lat 2.647 ms stddev 0.539, 0 failed
progress: 32.0 s, 13046.5 tps, lat 2.452 ms stddev 0.751, 0 failed
progress: 33.0 s, 12224.0 tps, lat 2.617 ms stddev 0.591, 0 failed
progress: 34.0 s, 11865.5 tps, lat 2.696 ms stddev 0.420, 0 failed
progress: 35.0 s, 15348.6 tps, lat 2.086 ms stddev 0.972, 0 failed
progress: 36.0 s, 33701.8 tps, lat 0.948 ms stddev 0.808, 0 failed
progress: 37.0 s, 11907.0 tps, lat 2.688 ms stddev 0.391, 0 failed
progress: 38.0 s, 13799.9 tps, lat 2.318 ms stddev 0.853, 0 failed
progress: 39.0 s, 13992.9 tps, lat 2.286 ms stddev 0.863, 0 failed
progress: 40.0 s, 11874.1 tps, lat 2.694 ms stddev 0.453, 0 failed
progress: 41.0 s, 12173.8 tps, lat 2.628 ms stddev 0.561, 0 failed
progress: 42.0 s, 11689.1 tps, lat 2.737 ms stddev 0.459, 0 failed
progress: 43.0 s, 11731.0 tps, lat 2.727 ms stddev 0.464, 0 failed
progress: 44.0 s, 11799.4 tps, lat 2.712 ms stddev 0.486, 0 failed
progress: 45.0 s, 12281.0 tps, lat 2.605 ms stddev 0.582, 0 failed
progress: 46.0 s, 11825.0 tps, lat 2.705 ms stddev 0.431, 0 failed
progress: 47.0 s, 11600.0 tps, lat 2.759 ms stddev 0.403, 0 failed
progress: 48.0 s, 11823.6 tps, lat 2.706 ms stddev 0.470, 0 failed
progress: 49.0 s, 11717.0 tps, lat 2.732 ms stddev 0.397, 0 failed
progress: 50.0 s, 12148.0 tps, lat 2.632 ms stddev 0.536, 0 failed
progress: 51.0 s, 11940.0 tps, lat 2.680 ms stddev 0.472, 0 failed
progress: 52.0 s, 13716.3 tps, lat 2.331 ms stddev 0.878, 0 failed
progress: 53.0 s, 11971.6 tps, lat 2.674 ms stddev 0.450, 0 failed
progress: 54.0 s, 12124.2 tps, lat 2.638 ms stddev 0.431, 0 failed
progress: 55.0 s, 14090.8 tps, lat 2.271 ms stddev 0.874, 0 failed
progress: 56.0 s, 14989.3 tps, lat 2.134 ms stddev 0.951, 0 failed
progress: 57.0 s, 13711.1 tps, lat 2.333 ms stddev 0.807, 0 failed
progress: 58.0 s, 12679.8 tps, lat 2.524 ms stddev 0.649, 0 failed
progress: 59.0 s, 18586.9 tps, lat 1.721 ms stddev 1.096, 0 failed
transaction type: star-1-left.sql
scaling factor: 1
query mode: prepared
number of clients: 32
number of threads: 32
maximum number of tries: 1
duration: 60 s
number of transactions actually processed: 818979
number of failed transactions: 0 (0.000%)
latency average = 2.343 ms
latency stddev = 0.875 ms
initial connection time = 20.922 ms
tps = 13654.119904 (without initial connection time)
