pgbench (18devel, server 10.23)
progress: 1.0 s, 15764.9 tps, lat 7.866 ms stddev 7.091, 0 failed
progress: 2.0 s, 16708.0 tps, lat 7.656 ms stddev 6.354, 0 failed
progress: 3.0 s, 16424.1 tps, lat 7.800 ms stddev 6.203, 0 failed
progress: 4.0 s, 16141.9 tps, lat 7.922 ms stddev 5.998, 0 failed
progress: 5.0 s, 16172.9 tps, lat 7.904 ms stddev 6.394, 0 failed
progress: 6.0 s, 16281.1 tps, lat 7.878 ms stddev 6.790, 0 failed
progress: 7.0 s, 16289.9 tps, lat 7.852 ms stddev 6.708, 0 failed
progress: 8.0 s, 16304.8 tps, lat 7.854 ms stddev 6.169, 0 failed
progress: 9.0 s, 16343.5 tps, lat 7.834 ms stddev 6.460, 0 failed
progress: 10.0 s, 16372.7 tps, lat 7.806 ms stddev 6.695, 0 failed
progress: 11.0 s, 16362.2 tps, lat 7.827 ms stddev 6.646, 0 failed
progress: 12.0 s, 16367.7 tps, lat 7.815 ms stddev 6.572, 0 failed
progress: 13.0 s, 16371.0 tps, lat 7.826 ms stddev 6.680, 0 failed
progress: 14.0 s, 16362.1 tps, lat 7.807 ms stddev 6.800, 0 failed
progress: 15.0 s, 16404.5 tps, lat 7.815 ms stddev 6.838, 0 failed
progress: 16.0 s, 16338.5 tps, lat 7.830 ms stddev 6.676, 0 failed
progress: 17.0 s, 16372.9 tps, lat 7.813 ms stddev 6.809, 0 failed
progress: 18.0 s, 16326.1 tps, lat 7.845 ms stddev 6.409, 0 failed
progress: 19.0 s, 16364.8 tps, lat 7.826 ms stddev 6.752, 0 failed
progress: 20.0 s, 16393.1 tps, lat 7.801 ms stddev 6.683, 0 failed
progress: 21.0 s, 16338.5 tps, lat 7.837 ms stddev 6.491, 0 failed
progress: 22.0 s, 16367.4 tps, lat 7.824 ms stddev 6.603, 0 failed
progress: 23.0 s, 16357.5 tps, lat 7.817 ms stddev 6.552, 0 failed
progress: 24.0 s, 16321.6 tps, lat 7.852 ms stddev 6.508, 0 failed
progress: 25.0 s, 16339.0 tps, lat 7.825 ms stddev 6.598, 0 failed
progress: 26.0 s, 16343.8 tps, lat 7.818 ms stddev 6.916, 0 failed
progress: 27.0 s, 16356.2 tps, lat 7.833 ms stddev 6.497, 0 failed
progress: 28.0 s, 16358.4 tps, lat 7.827 ms stddev 6.364, 0 failed
progress: 29.0 s, 16359.5 tps, lat 7.831 ms stddev 6.895, 0 failed
progress: 30.0 s, 16366.1 tps, lat 7.819 ms stddev 6.690, 0 failed
progress: 31.0 s, 16357.9 tps, lat 7.821 ms stddev 6.466, 0 failed
progress: 32.0 s, 16334.7 tps, lat 7.839 ms stddev 6.396, 0 failed
progress: 33.0 s, 16375.1 tps, lat 7.798 ms stddev 6.405, 0 failed
progress: 34.0 s, 16347.1 tps, lat 7.843 ms stddev 6.754, 0 failed
progress: 35.0 s, 16369.9 tps, lat 7.822 ms stddev 6.681, 0 failed
progress: 36.0 s, 16310.0 tps, lat 7.859 ms stddev 6.601, 0 failed
progress: 37.0 s, 16327.1 tps, lat 7.823 ms stddev 6.320, 0 failed
progress: 38.0 s, 16304.0 tps, lat 7.846 ms stddev 6.518, 0 failed
progress: 39.0 s, 16339.9 tps, lat 7.843 ms stddev 6.736, 0 failed
progress: 40.0 s, 16323.3 tps, lat 7.836 ms stddev 6.670, 0 failed
progress: 41.0 s, 16382.3 tps, lat 7.813 ms stddev 6.617, 0 failed
progress: 42.0 s, 16345.4 tps, lat 7.826 ms stddev 6.516, 0 failed
progress: 43.0 s, 16334.7 tps, lat 7.845 ms stddev 6.709, 0 failed
progress: 44.0 s, 16337.8 tps, lat 7.835 ms stddev 6.457, 0 failed
progress: 45.0 s, 16315.3 tps, lat 7.844 ms stddev 6.440, 0 failed
progress: 46.0 s, 16328.4 tps, lat 7.842 ms stddev 6.869, 0 failed
progress: 47.0 s, 16294.6 tps, lat 7.847 ms stddev 6.457, 0 failed
progress: 48.0 s, 16334.0 tps, lat 7.840 ms stddev 6.885, 0 failed
progress: 49.0 s, 16339.8 tps, lat 7.834 ms stddev 6.738, 0 failed
progress: 50.0 s, 16320.7 tps, lat 7.843 ms stddev 6.643, 0 failed
progress: 51.0 s, 16355.6 tps, lat 7.816 ms stddev 6.941, 0 failed
progress: 52.0 s, 16293.1 tps, lat 7.848 ms stddev 6.392, 0 failed
progress: 53.0 s, 16312.2 tps, lat 7.865 ms stddev 6.633, 0 failed
progress: 54.0 s, 16334.6 tps, lat 7.826 ms stddev 6.729, 0 failed
progress: 55.0 s, 16316.0 tps, lat 7.847 ms stddev 7.068, 0 failed
progress: 56.0 s, 16288.0 tps, lat 7.862 ms stddev 6.509, 0 failed
progress: 57.0 s, 16305.9 tps, lat 7.850 ms stddev 6.760, 0 failed
progress: 58.0 s, 16303.1 tps, lat 7.852 ms stddev 6.743, 0 failed
progress: 59.0 s, 16275.7 tps, lat 7.863 ms stddev 6.601, 0 failed
transaction type: star-1-left.sql
scaling factor: 1
query mode: simple
number of clients: 128
number of threads: 128
maximum number of tries: 1
duration: 60 s
number of transactions actually processed: 979017
number of failed transactions: 0 (0.000%)
latency average = 7.835 ms
latency stddev = 6.618 ms
initial connection time = 76.615 ms
tps = 16328.515760 (without initial connection time)
