pgbench (18devel, server 10.23)
progress: 1.0 s, 12729.2 tps, lat 2.490 ms stddev 0.612, 0 failed
progress: 2.0 s, 13223.1 tps, lat 2.419 ms stddev 0.056, 0 failed
progress: 3.0 s, 13154.0 tps, lat 2.433 ms stddev 0.196, 0 failed
progress: 4.0 s, 13238.9 tps, lat 2.416 ms stddev 0.090, 0 failed
progress: 5.0 s, 13200.6 tps, lat 2.423 ms stddev 0.141, 0 failed
progress: 6.0 s, 13237.6 tps, lat 2.417 ms stddev 0.072, 0 failed
progress: 7.0 s, 13138.9 tps, lat 2.435 ms stddev 0.189, 0 failed
progress: 8.0 s, 13233.0 tps, lat 2.418 ms stddev 0.097, 0 failed
progress: 9.0 s, 13090.6 tps, lat 2.444 ms stddev 0.254, 0 failed
progress: 10.0 s, 13149.0 tps, lat 2.434 ms stddev 0.212, 0 failed
progress: 11.0 s, 13173.8 tps, lat 2.427 ms stddev 0.172, 0 failed
progress: 12.0 s, 13247.1 tps, lat 2.416 ms stddev 0.084, 0 failed
progress: 13.0 s, 13270.8 tps, lat 2.412 ms stddev 0.031, 0 failed
progress: 14.0 s, 13209.3 tps, lat 2.421 ms stddev 0.140, 0 failed
progress: 15.0 s, 13083.4 tps, lat 2.445 ms stddev 0.262, 0 failed
progress: 16.0 s, 13189.0 tps, lat 2.426 ms stddev 0.158, 0 failed
progress: 17.0 s, 13151.0 tps, lat 2.433 ms stddev 0.194, 0 failed
progress: 18.0 s, 13266.4 tps, lat 2.411 ms stddev 0.030, 0 failed
progress: 19.0 s, 13282.7 tps, lat 2.409 ms stddev 0.030, 0 failed
progress: 20.0 s, 13275.5 tps, lat 2.410 ms stddev 0.029, 0 failed
progress: 21.0 s, 13264.9 tps, lat 2.412 ms stddev 0.031, 0 failed
progress: 22.0 s, 13265.6 tps, lat 2.412 ms stddev 0.033, 0 failed
progress: 23.0 s, 13194.9 tps, lat 2.424 ms stddev 0.146, 0 failed
progress: 24.0 s, 13212.0 tps, lat 2.422 ms stddev 0.128, 0 failed
progress: 25.0 s, 13256.0 tps, lat 2.414 ms stddev 0.036, 0 failed
progress: 26.0 s, 13210.5 tps, lat 2.422 ms stddev 0.139, 0 failed
progress: 27.0 s, 13263.5 tps, lat 2.412 ms stddev 0.035, 0 failed
progress: 28.0 s, 13147.0 tps, lat 2.433 ms stddev 0.204, 0 failed
progress: 29.0 s, 13232.0 tps, lat 2.418 ms stddev 0.122, 0 failed
progress: 30.0 s, 13282.5 tps, lat 2.409 ms stddev 0.032, 0 failed
progress: 31.0 s, 13276.5 tps, lat 2.410 ms stddev 0.036, 0 failed
progress: 32.0 s, 13277.1 tps, lat 2.410 ms stddev 0.040, 0 failed
progress: 33.0 s, 13257.0 tps, lat 2.412 ms stddev 0.036, 0 failed
progress: 34.0 s, 13277.0 tps, lat 2.411 ms stddev 0.034, 0 failed
progress: 35.0 s, 13178.5 tps, lat 2.427 ms stddev 0.187, 0 failed
progress: 36.0 s, 13206.1 tps, lat 2.423 ms stddev 0.164, 0 failed
progress: 37.0 s, 13189.5 tps, lat 2.425 ms stddev 0.168, 0 failed
progress: 38.0 s, 13265.5 tps, lat 2.412 ms stddev 0.036, 0 failed
progress: 39.0 s, 13270.0 tps, lat 2.411 ms stddev 0.035, 0 failed
progress: 40.0 s, 13251.0 tps, lat 2.415 ms stddev 0.100, 0 failed
progress: 41.0 s, 13269.0 tps, lat 2.411 ms stddev 0.035, 0 failed
progress: 42.0 s, 13272.5 tps, lat 2.410 ms stddev 0.033, 0 failed
progress: 43.0 s, 13278.7 tps, lat 2.409 ms stddev 0.033, 0 failed
progress: 44.0 s, 13291.8 tps, lat 2.407 ms stddev 0.033, 0 failed
progress: 45.0 s, 13231.1 tps, lat 2.417 ms stddev 0.150, 0 failed
progress: 46.0 s, 13285.5 tps, lat 2.409 ms stddev 0.062, 0 failed
progress: 47.0 s, 13189.5 tps, lat 2.425 ms stddev 0.187, 0 failed
progress: 48.0 s, 13285.9 tps, lat 2.408 ms stddev 0.033, 0 failed
progress: 49.0 s, 13281.5 tps, lat 2.409 ms stddev 0.032, 0 failed
progress: 50.0 s, 13215.0 tps, lat 2.421 ms stddev 0.161, 0 failed
progress: 51.0 s, 13219.4 tps, lat 2.420 ms stddev 0.148, 0 failed
progress: 52.0 s, 13284.6 tps, lat 2.408 ms stddev 0.033, 0 failed
progress: 53.0 s, 13231.0 tps, lat 2.418 ms stddev 0.148, 0 failed
progress: 54.0 s, 13280.5 tps, lat 2.409 ms stddev 0.034, 0 failed
progress: 55.0 s, 13239.5 tps, lat 2.417 ms stddev 0.142, 0 failed
progress: 56.0 s, 13284.4 tps, lat 2.408 ms stddev 0.032, 0 failed
progress: 57.0 s, 13286.1 tps, lat 2.408 ms stddev 0.033, 0 failed
progress: 58.0 s, 13293.0 tps, lat 2.407 ms stddev 0.033, 0 failed
progress: 59.0 s, 13279.5 tps, lat 2.409 ms stddev 0.034, 0 failed
transaction type: star-1-left.sql
scaling factor: 1
query mode: simple
number of clients: 32
number of threads: 32
maximum number of tries: 1
duration: 60 s
number of transactions actually processed: 793452
number of failed transactions: 0 (0.000%)
latency average = 2.418 ms
latency stddev = 0.140 ms
initial connection time = 22.123 ms
tps = 13228.458461 (without initial connection time)
