pgbench (18devel, server 16.4)
progress: 1.0 s, 25649.8 tps, lat 9.255 ms stddev 10.966, 0 failed
progress: 2.0 s, 29000.7 tps, lat 8.825 ms stddev 7.572, 0 failed
progress: 3.0 s, 29040.1 tps, lat 8.818 ms stddev 7.505, 0 failed
progress: 4.0 s, 28697.0 tps, lat 8.913 ms stddev 7.511, 0 failed
progress: 5.0 s, 28990.7 tps, lat 8.833 ms stddev 7.353, 0 failed
progress: 6.0 s, 29012.6 tps, lat 8.827 ms stddev 7.358, 0 failed
progress: 7.0 s, 28751.6 tps, lat 8.902 ms stddev 7.615, 0 failed
progress: 8.0 s, 28661.0 tps, lat 8.932 ms stddev 8.198, 0 failed
progress: 9.0 s, 28682.1 tps, lat 8.924 ms stddev 8.070, 0 failed
progress: 10.0 s, 28658.9 tps, lat 8.928 ms stddev 8.082, 0 failed
progress: 11.0 s, 28593.0 tps, lat 8.955 ms stddev 8.166, 0 failed
progress: 12.0 s, 28745.5 tps, lat 8.902 ms stddev 8.066, 0 failed
progress: 13.0 s, 28732.4 tps, lat 8.915 ms stddev 8.227, 0 failed
progress: 14.0 s, 28786.9 tps, lat 8.891 ms stddev 8.119, 0 failed
progress: 15.0 s, 28758.9 tps, lat 8.883 ms stddev 8.021, 0 failed
progress: 16.0 s, 28770.1 tps, lat 8.914 ms stddev 8.093, 0 failed
progress: 17.0 s, 28665.1 tps, lat 8.935 ms stddev 8.170, 0 failed
progress: 18.0 s, 28581.8 tps, lat 8.946 ms stddev 8.241, 0 failed
progress: 19.0 s, 28720.1 tps, lat 8.910 ms stddev 8.149, 0 failed
progress: 20.0 s, 28762.1 tps, lat 8.898 ms stddev 8.211, 0 failed
progress: 21.0 s, 28789.6 tps, lat 8.897 ms stddev 8.113, 0 failed
progress: 22.0 s, 28758.5 tps, lat 8.900 ms stddev 8.045, 0 failed
progress: 23.0 s, 28746.7 tps, lat 8.889 ms stddev 8.072, 0 failed
progress: 24.0 s, 28839.1 tps, lat 8.894 ms stddev 8.121, 0 failed
progress: 25.0 s, 28727.2 tps, lat 8.914 ms stddev 8.000, 0 failed
progress: 26.0 s, 28818.9 tps, lat 8.872 ms stddev 8.131, 0 failed
progress: 27.0 s, 28766.1 tps, lat 8.901 ms stddev 8.309, 0 failed
progress: 28.0 s, 28887.0 tps, lat 8.876 ms stddev 8.059, 0 failed
progress: 29.0 s, 28767.7 tps, lat 8.886 ms stddev 8.042, 0 failed
progress: 30.0 s, 28824.2 tps, lat 8.888 ms stddev 8.168, 0 failed
progress: 31.0 s, 28793.1 tps, lat 8.890 ms stddev 8.041, 0 failed
progress: 32.0 s, 28874.8 tps, lat 8.865 ms stddev 8.117, 0 failed
progress: 33.0 s, 28781.2 tps, lat 8.891 ms stddev 8.206, 0 failed
progress: 34.0 s, 28800.9 tps, lat 8.892 ms stddev 8.133, 0 failed
progress: 35.0 s, 28741.0 tps, lat 8.912 ms stddev 8.097, 0 failed
progress: 36.0 s, 28857.0 tps, lat 8.862 ms stddev 8.083, 0 failed
progress: 37.0 s, 28793.9 tps, lat 8.889 ms stddev 8.155, 0 failed
progress: 38.0 s, 28883.1 tps, lat 8.859 ms stddev 8.140, 0 failed
progress: 39.0 s, 28813.1 tps, lat 8.893 ms stddev 8.104, 0 failed
progress: 40.0 s, 28915.1 tps, lat 8.854 ms stddev 8.099, 0 failed
progress: 41.0 s, 28840.9 tps, lat 8.870 ms stddev 8.112, 0 failed
progress: 42.0 s, 28826.9 tps, lat 8.885 ms stddev 8.079, 0 failed
progress: 43.0 s, 28896.1 tps, lat 8.858 ms stddev 8.091, 0 failed
progress: 44.0 s, 28816.1 tps, lat 8.880 ms stddev 8.162, 0 failed
progress: 45.0 s, 28790.9 tps, lat 8.890 ms stddev 8.127, 0 failed
progress: 46.0 s, 28780.3 tps, lat 8.891 ms stddev 8.292, 0 failed
progress: 47.0 s, 28816.5 tps, lat 8.890 ms stddev 8.163, 0 failed
progress: 48.0 s, 28794.3 tps, lat 8.891 ms stddev 7.992, 0 failed
progress: 49.0 s, 28847.0 tps, lat 8.878 ms stddev 8.060, 0 failed
progress: 50.0 s, 28859.0 tps, lat 8.856 ms stddev 8.063, 0 failed
progress: 51.0 s, 28875.0 tps, lat 8.873 ms stddev 8.111, 0 failed
progress: 52.0 s, 28790.9 tps, lat 8.880 ms stddev 8.218, 0 failed
progress: 53.0 s, 28772.0 tps, lat 8.909 ms stddev 8.077, 0 failed
progress: 54.0 s, 28847.4 tps, lat 8.879 ms stddev 8.046, 0 failed
progress: 55.0 s, 28852.6 tps, lat 8.872 ms stddev 8.051, 0 failed
progress: 56.0 s, 28868.1 tps, lat 8.859 ms stddev 7.978, 0 failed
progress: 57.0 s, 28858.8 tps, lat 8.882 ms stddev 8.182, 0 failed
progress: 58.0 s, 28829.8 tps, lat 8.864 ms stddev 8.077, 0 failed
progress: 59.0 s, 28735.3 tps, lat 8.918 ms stddev 8.271, 0 failed
transaction type: star-1.sql
scaling factor: 1
query mode: simple
number of clients: 256
number of threads: 256
maximum number of tries: 1
duration: 60 s
number of transactions actually processed: 1722228
number of failed transactions: 0 (0.000%)
latency average = 8.897 ms
latency stddev = 8.114 ms
initial connection time = 167.188 ms
tps = 28756.147211 (without initial connection time)
