pgbench (18devel, server 16.4)
progress: 1.0 s, 22231.6 tps, lat 1.424 ms stddev 0.470, 0 failed
progress: 2.0 s, 22823.1 tps, lat 1.402 ms stddev 0.084, 0 failed
progress: 3.0 s, 22688.9 tps, lat 1.410 ms stddev 0.132, 0 failed
progress: 4.0 s, 22732.0 tps, lat 1.407 ms stddev 0.130, 0 failed
progress: 5.0 s, 22983.0 tps, lat 1.392 ms stddev 0.043, 0 failed
progress: 6.0 s, 22785.3 tps, lat 1.404 ms stddev 0.126, 0 failed
progress: 7.0 s, 22780.9 tps, lat 1.404 ms stddev 0.133, 0 failed
progress: 8.0 s, 23065.8 tps, lat 1.387 ms stddev 0.022, 0 failed
progress: 9.0 s, 22961.2 tps, lat 1.393 ms stddev 0.073, 0 failed
progress: 10.0 s, 22863.0 tps, lat 1.399 ms stddev 0.108, 0 failed
progress: 11.0 s, 22953.0 tps, lat 1.394 ms stddev 0.085, 0 failed
progress: 12.0 s, 22864.9 tps, lat 1.399 ms stddev 0.103, 0 failed
progress: 13.0 s, 22936.1 tps, lat 1.395 ms stddev 0.079, 0 failed
progress: 14.0 s, 22925.9 tps, lat 1.395 ms stddev 0.102, 0 failed
progress: 15.0 s, 22919.4 tps, lat 1.396 ms stddev 0.098, 0 failed
progress: 16.0 s, 23038.8 tps, lat 1.388 ms stddev 0.025, 0 failed
progress: 17.0 s, 22876.0 tps, lat 1.398 ms stddev 0.104, 0 failed
progress: 18.0 s, 22831.0 tps, lat 1.401 ms stddev 0.121, 0 failed
progress: 19.0 s, 22922.0 tps, lat 1.396 ms stddev 0.093, 0 failed
progress: 20.0 s, 22974.0 tps, lat 1.392 ms stddev 0.084, 0 failed
progress: 21.0 s, 22990.0 tps, lat 1.392 ms stddev 0.076, 0 failed
progress: 22.0 s, 23082.9 tps, lat 1.386 ms stddev 0.023, 0 failed
progress: 23.0 s, 23075.1 tps, lat 1.386 ms stddev 0.023, 0 failed
progress: 24.0 s, 23080.0 tps, lat 1.386 ms stddev 0.023, 0 failed
progress: 25.0 s, 22832.9 tps, lat 1.401 ms stddev 0.121, 0 failed
progress: 26.0 s, 23074.9 tps, lat 1.386 ms stddev 0.022, 0 failed
progress: 27.0 s, 22998.4 tps, lat 1.391 ms stddev 0.071, 0 failed
progress: 28.0 s, 22901.6 tps, lat 1.397 ms stddev 0.105, 0 failed
progress: 29.0 s, 22983.4 tps, lat 1.392 ms stddev 0.073, 0 failed
progress: 30.0 s, 22780.0 tps, lat 1.404 ms stddev 0.140, 0 failed
progress: 31.0 s, 22737.7 tps, lat 1.406 ms stddev 0.142, 0 failed
progress: 32.0 s, 22677.0 tps, lat 1.411 ms stddev 0.158, 0 failed
progress: 33.0 s, 23012.0 tps, lat 1.390 ms stddev 0.075, 0 failed
progress: 34.0 s, 22999.0 tps, lat 1.391 ms stddev 0.083, 0 failed
progress: 35.0 s, 23095.0 tps, lat 1.385 ms stddev 0.024, 0 failed
progress: 36.0 s, 23019.0 tps, lat 1.390 ms stddev 0.079, 0 failed
progress: 37.0 s, 23132.4 tps, lat 1.383 ms stddev 0.022, 0 failed
progress: 38.0 s, 23132.8 tps, lat 1.383 ms stddev 0.021, 0 failed
progress: 39.0 s, 22949.0 tps, lat 1.394 ms stddev 0.104, 0 failed
progress: 40.0 s, 22950.9 tps, lat 1.394 ms stddev 0.102, 0 failed
progress: 41.0 s, 22978.1 tps, lat 1.392 ms stddev 0.082, 0 failed
progress: 42.0 s, 23085.0 tps, lat 1.386 ms stddev 0.022, 0 failed
progress: 43.0 s, 23068.8 tps, lat 1.386 ms stddev 0.021, 0 failed
progress: 44.0 s, 22827.0 tps, lat 1.402 ms stddev 0.122, 0 failed
progress: 45.0 s, 22915.4 tps, lat 1.396 ms stddev 0.102, 0 failed
progress: 46.0 s, 22883.0 tps, lat 1.398 ms stddev 0.111, 0 failed
progress: 47.0 s, 22961.7 tps, lat 1.393 ms stddev 0.089, 0 failed
progress: 48.0 s, 22943.2 tps, lat 1.394 ms stddev 0.082, 0 failed
progress: 49.0 s, 22975.8 tps, lat 1.392 ms stddev 0.067, 0 failed
progress: 50.0 s, 22858.1 tps, lat 1.400 ms stddev 0.112, 0 failed
progress: 51.0 s, 23046.0 tps, lat 1.388 ms stddev 0.021, 0 failed
progress: 52.0 s, 23056.1 tps, lat 1.387 ms stddev 0.020, 0 failed
progress: 53.0 s, 23075.0 tps, lat 1.386 ms stddev 0.020, 0 failed
progress: 54.0 s, 22914.8 tps, lat 1.396 ms stddev 0.105, 0 failed
progress: 55.0 s, 22995.0 tps, lat 1.391 ms stddev 0.078, 0 failed
progress: 56.0 s, 23144.9 tps, lat 1.382 ms stddev 0.021, 0 failed
progress: 57.0 s, 23111.9 tps, lat 1.384 ms stddev 0.025, 0 failed
progress: 58.0 s, 23092.0 tps, lat 1.385 ms stddev 0.040, 0 failed
progress: 59.0 s, 22764.9 tps, lat 1.405 ms stddev 0.145, 0 failed
transaction type: star-1.sql
scaling factor: 1
query mode: simple
number of clients: 32
number of threads: 32
maximum number of tries: 1
duration: 60 s
number of transactions actually processed: 1375899
number of failed transactions: 0 (0.000%)
latency average = 1.395 ms
latency stddev = 0.107 ms
initial connection time = 20.146 ms
tps = 22938.667703 (without initial connection time)
