pgbench (18devel, server 16.4)
progress: 1.0 s, 29681.2 tps, lat 2.113 ms stddev 0.999, 0 failed
progress: 2.0 s, 30156.8 tps, lat 2.122 ms stddev 0.524, 0 failed
progress: 3.0 s, 30271.0 tps, lat 2.114 ms stddev 0.521, 0 failed
progress: 4.0 s, 30136.1 tps, lat 2.124 ms stddev 0.518, 0 failed
progress: 5.0 s, 30267.0 tps, lat 2.114 ms stddev 0.523, 0 failed
progress: 6.0 s, 30119.0 tps, lat 2.124 ms stddev 0.519, 0 failed
progress: 7.0 s, 30277.0 tps, lat 2.114 ms stddev 0.525, 0 failed
progress: 8.0 s, 30035.0 tps, lat 2.130 ms stddev 0.515, 0 failed
progress: 9.0 s, 30256.9 tps, lat 2.115 ms stddev 0.522, 0 failed
progress: 10.0 s, 30167.0 tps, lat 2.121 ms stddev 0.517, 0 failed
progress: 11.0 s, 30232.9 tps, lat 2.116 ms stddev 0.519, 0 failed
progress: 12.0 s, 30255.2 tps, lat 2.116 ms stddev 0.524, 0 failed
progress: 13.0 s, 30130.9 tps, lat 2.123 ms stddev 0.518, 0 failed
progress: 14.0 s, 30372.0 tps, lat 2.107 ms stddev 0.527, 0 failed
progress: 15.0 s, 30226.9 tps, lat 2.117 ms stddev 0.518, 0 failed
progress: 16.0 s, 30263.3 tps, lat 2.115 ms stddev 0.521, 0 failed
progress: 17.0 s, 30093.7 tps, lat 2.126 ms stddev 0.520, 0 failed
progress: 18.0 s, 30240.0 tps, lat 2.116 ms stddev 0.523, 0 failed
progress: 19.0 s, 30340.2 tps, lat 2.109 ms stddev 0.523, 0 failed
progress: 20.0 s, 30357.8 tps, lat 2.107 ms stddev 0.525, 0 failed
progress: 21.0 s, 30314.7 tps, lat 2.111 ms stddev 0.524, 0 failed
progress: 22.0 s, 30395.4 tps, lat 2.105 ms stddev 0.524, 0 failed
progress: 23.0 s, 30283.1 tps, lat 2.113 ms stddev 0.521, 0 failed
progress: 24.0 s, 30243.0 tps, lat 2.115 ms stddev 0.519, 0 failed
progress: 25.0 s, 30397.0 tps, lat 2.105 ms stddev 0.525, 0 failed
progress: 26.0 s, 30311.8 tps, lat 2.110 ms stddev 0.526, 0 failed
progress: 27.0 s, 30101.2 tps, lat 2.126 ms stddev 0.516, 0 failed
progress: 28.0 s, 30237.8 tps, lat 2.117 ms stddev 0.518, 0 failed
progress: 29.0 s, 30226.1 tps, lat 2.117 ms stddev 0.523, 0 failed
progress: 30.0 s, 30391.1 tps, lat 2.105 ms stddev 0.524, 0 failed
progress: 31.0 s, 30233.4 tps, lat 2.117 ms stddev 0.521, 0 failed
progress: 32.0 s, 30192.1 tps, lat 2.119 ms stddev 0.516, 0 failed
progress: 33.0 s, 30310.2 tps, lat 2.111 ms stddev 0.522, 0 failed
progress: 34.0 s, 30480.1 tps, lat 2.099 ms stddev 0.527, 0 failed
progress: 35.0 s, 30185.9 tps, lat 2.120 ms stddev 0.520, 0 failed
progress: 36.0 s, 30229.1 tps, lat 2.117 ms stddev 0.519, 0 failed
progress: 37.0 s, 30354.0 tps, lat 2.108 ms stddev 0.527, 0 failed
progress: 38.0 s, 30191.2 tps, lat 2.119 ms stddev 0.520, 0 failed
progress: 39.0 s, 30176.9 tps, lat 2.121 ms stddev 0.517, 0 failed
progress: 40.0 s, 30358.9 tps, lat 2.108 ms stddev 0.526, 0 failed
progress: 41.0 s, 30304.0 tps, lat 2.112 ms stddev 0.521, 0 failed
progress: 42.0 s, 30202.2 tps, lat 2.119 ms stddev 0.518, 0 failed
progress: 43.0 s, 30336.8 tps, lat 2.109 ms stddev 0.522, 0 failed
progress: 44.0 s, 30434.0 tps, lat 2.103 ms stddev 0.526, 0 failed
progress: 45.0 s, 30380.0 tps, lat 2.106 ms stddev 0.524, 0 failed
progress: 46.0 s, 30204.7 tps, lat 2.119 ms stddev 0.521, 0 failed
progress: 47.0 s, 30107.1 tps, lat 2.125 ms stddev 0.519, 0 failed
progress: 48.0 s, 30461.3 tps, lat 2.101 ms stddev 0.528, 0 failed
progress: 49.0 s, 30307.0 tps, lat 2.111 ms stddev 0.524, 0 failed
progress: 50.0 s, 30423.5 tps, lat 2.103 ms stddev 0.526, 0 failed
progress: 51.0 s, 30420.5 tps, lat 2.104 ms stddev 0.528, 0 failed
progress: 52.0 s, 30336.0 tps, lat 2.110 ms stddev 0.523, 0 failed
progress: 53.0 s, 30317.0 tps, lat 2.111 ms stddev 0.525, 0 failed
progress: 54.0 s, 29927.1 tps, lat 2.138 ms stddev 0.511, 0 failed
progress: 55.0 s, 30241.1 tps, lat 2.116 ms stddev 0.523, 0 failed
progress: 56.0 s, 30377.8 tps, lat 2.107 ms stddev 0.523, 0 failed
progress: 57.0 s, 30315.1 tps, lat 2.111 ms stddev 0.523, 0 failed
progress: 58.0 s, 30295.0 tps, lat 2.112 ms stddev 0.524, 0 failed
progress: 59.0 s, 30462.9 tps, lat 2.101 ms stddev 0.528, 0 failed
transaction type: star-1.sql
scaling factor: 1
query mode: simple
number of clients: 64
number of threads: 64
maximum number of tries: 1
duration: 60 s
number of transactions actually processed: 1814954
number of failed transactions: 0 (0.000%)
latency average = 2.114 ms
latency stddev = 0.533 ms
initial connection time = 44.404 ms
tps = 30269.986941 (without initial connection time)
