pgbench (18devel, server 17.0)
progress: 1.0 s, 2116.8 tps, lat 29.174 ms stddev 10.226, 0 failed
progress: 2.0 s, 2245.0 tps, lat 28.531 ms stddev 9.469, 0 failed
progress: 3.0 s, 2256.0 tps, lat 28.399 ms stddev 9.494, 0 failed
progress: 4.0 s, 2262.0 tps, lat 28.341 ms stddev 9.454, 0 failed
progress: 5.0 s, 2265.0 tps, lat 28.219 ms stddev 9.457, 0 failed
progress: 6.0 s, 2264.0 tps, lat 28.255 ms stddev 9.469, 0 failed
progress: 7.0 s, 2258.0 tps, lat 28.343 ms stddev 9.454, 0 failed
progress: 8.0 s, 2271.0 tps, lat 28.199 ms stddev 9.451, 0 failed
progress: 9.0 s, 2266.0 tps, lat 28.177 ms stddev 9.415, 0 failed
progress: 10.0 s, 2274.0 tps, lat 28.192 ms stddev 9.424, 0 failed
progress: 11.0 s, 2257.0 tps, lat 28.439 ms stddev 9.434, 0 failed
progress: 12.0 s, 2257.0 tps, lat 28.307 ms stddev 9.423, 0 failed
progress: 13.0 s, 2259.0 tps, lat 28.269 ms stddev 9.439, 0 failed
progress: 14.0 s, 2263.0 tps, lat 28.263 ms stddev 9.440, 0 failed
progress: 15.0 s, 2264.1 tps, lat 28.238 ms stddev 9.398, 0 failed
progress: 16.0 s, 2271.0 tps, lat 28.316 ms stddev 9.413, 0 failed
progress: 17.0 s, 2260.0 tps, lat 28.268 ms stddev 9.455, 0 failed
progress: 18.0 s, 2252.0 tps, lat 28.434 ms stddev 9.413, 0 failed
progress: 19.0 s, 2265.0 tps, lat 28.226 ms stddev 9.464, 0 failed
progress: 20.0 s, 2272.0 tps, lat 28.178 ms stddev 9.473, 0 failed
progress: 21.0 s, 2256.0 tps, lat 28.351 ms stddev 9.487, 0 failed
progress: 22.0 s, 2257.0 tps, lat 28.404 ms stddev 9.502, 0 failed
progress: 23.0 s, 2246.0 tps, lat 28.432 ms stddev 9.471, 0 failed
progress: 24.0 s, 2258.0 tps, lat 28.323 ms stddev 9.467, 0 failed
progress: 25.0 s, 2250.0 tps, lat 28.473 ms stddev 9.437, 0 failed
progress: 26.0 s, 2267.0 tps, lat 28.261 ms stddev 9.449, 0 failed
progress: 27.0 s, 2261.9 tps, lat 28.284 ms stddev 9.441, 0 failed
progress: 28.0 s, 2264.1 tps, lat 28.315 ms stddev 9.430, 0 failed
progress: 29.0 s, 2241.0 tps, lat 28.452 ms stddev 9.399, 0 failed
progress: 30.0 s, 2254.0 tps, lat 28.499 ms stddev 9.393, 0 failed
progress: 31.0 s, 2270.0 tps, lat 28.236 ms stddev 9.388, 0 failed
progress: 32.0 s, 2239.0 tps, lat 28.505 ms stddev 9.373, 0 failed
progress: 33.0 s, 2256.0 tps, lat 28.426 ms stddev 9.411, 0 failed
progress: 34.0 s, 2271.0 tps, lat 28.176 ms stddev 9.457, 0 failed
progress: 35.0 s, 2261.0 tps, lat 28.239 ms stddev 9.455, 0 failed
progress: 36.0 s, 2267.0 tps, lat 28.219 ms stddev 9.462, 0 failed
progress: 37.0 s, 2264.0 tps, lat 28.280 ms stddev 9.442, 0 failed
progress: 38.0 s, 2276.0 tps, lat 28.163 ms stddev 9.419, 0 failed
progress: 39.0 s, 2260.1 tps, lat 28.264 ms stddev 9.416, 0 failed
progress: 40.0 s, 2269.9 tps, lat 28.253 ms stddev 9.445, 0 failed
progress: 41.0 s, 2267.0 tps, lat 28.215 ms stddev 9.437, 0 failed
progress: 42.0 s, 2260.0 tps, lat 28.291 ms stddev 9.428, 0 failed
progress: 43.0 s, 2270.0 tps, lat 28.180 ms stddev 9.452, 0 failed
progress: 44.0 s, 2274.0 tps, lat 28.151 ms stddev 9.452, 0 failed
progress: 45.0 s, 2257.0 tps, lat 28.294 ms stddev 9.453, 0 failed
progress: 46.0 s, 2263.0 tps, lat 28.328 ms stddev 9.452, 0 failed
progress: 47.0 s, 2266.0 tps, lat 28.294 ms stddev 9.433, 0 failed
progress: 48.0 s, 2252.0 tps, lat 28.338 ms stddev 9.419, 0 failed
progress: 49.0 s, 2273.0 tps, lat 28.205 ms stddev 9.434, 0 failed
progress: 50.0 s, 2267.0 tps, lat 28.214 ms stddev 9.462, 0 failed
progress: 51.0 s, 2266.0 tps, lat 28.295 ms stddev 9.419, 0 failed
progress: 52.0 s, 2241.0 tps, lat 28.486 ms stddev 9.386, 0 failed
progress: 53.0 s, 2276.0 tps, lat 28.203 ms stddev 9.458, 0 failed
progress: 54.0 s, 2268.0 tps, lat 28.216 ms stddev 9.436, 0 failed
progress: 55.0 s, 2268.0 tps, lat 28.216 ms stddev 9.401, 0 failed
progress: 56.0 s, 2261.0 tps, lat 28.237 ms stddev 9.423, 0 failed
progress: 57.0 s, 2262.0 tps, lat 28.292 ms stddev 9.406, 0 failed
progress: 58.0 s, 2268.0 tps, lat 28.194 ms stddev 9.419, 0 failed
progress: 59.0 s, 2268.0 tps, lat 28.267 ms stddev 9.427, 0 failed
transaction type: star-1.sql
scaling factor: 1
query mode: simple
number of clients: 64
number of threads: 64
maximum number of tries: 1
duration: 60 s
number of transactions actually processed: 135574
number of failed transactions: 0 (0.000%)
latency average = 28.310 ms
latency stddev = 9.451 ms
initial connection time = 43.788 ms
tps = 2259.876646 (without initial connection time)
