pgbench (18devel, server 17.0)
progress: 1.0 s, 204196.3 tps, lat 0.155 ms stddev 0.178, 0 failed
progress: 2.0 s, 216247.5 tps, lat 0.148 ms stddev 0.020, 0 failed
progress: 3.0 s, 215424.6 tps, lat 0.148 ms stddev 0.021, 0 failed
progress: 4.0 s, 218630.0 tps, lat 0.146 ms stddev 0.020, 0 failed
progress: 5.0 s, 219789.5 tps, lat 0.145 ms stddev 0.015, 0 failed
progress: 6.0 s, 217656.0 tps, lat 0.147 ms stddev 0.016, 0 failed
progress: 7.0 s, 218152.9 tps, lat 0.147 ms stddev 0.015, 0 failed
progress: 8.0 s, 218483.3 tps, lat 0.146 ms stddev 0.018, 0 failed
progress: 9.0 s, 219950.5 tps, lat 0.145 ms stddev 0.016, 0 failed
progress: 10.0 s, 218197.8 tps, lat 0.146 ms stddev 0.017, 0 failed
progress: 11.0 s, 217418.0 tps, lat 0.147 ms stddev 0.023, 0 failed
progress: 12.0 s, 219680.4 tps, lat 0.146 ms stddev 0.016, 0 failed
progress: 13.0 s, 220656.0 tps, lat 0.145 ms stddev 0.017, 0 failed
progress: 14.0 s, 220426.7 tps, lat 0.145 ms stddev 0.015, 0 failed
progress: 15.0 s, 219367.1 tps, lat 0.146 ms stddev 0.015, 0 failed
progress: 16.0 s, 219222.8 tps, lat 0.146 ms stddev 0.016, 0 failed
progress: 17.0 s, 221327.9 tps, lat 0.144 ms stddev 0.016, 0 failed
progress: 18.0 s, 221848.3 tps, lat 0.144 ms stddev 0.016, 0 failed
progress: 19.0 s, 220690.9 tps, lat 0.145 ms stddev 0.018, 0 failed
progress: 20.0 s, 221034.3 tps, lat 0.145 ms stddev 0.017, 0 failed
progress: 21.0 s, 220513.5 tps, lat 0.145 ms stddev 0.015, 0 failed
progress: 22.0 s, 222324.1 tps, lat 0.144 ms stddev 0.014, 0 failed
progress: 23.0 s, 222164.6 tps, lat 0.144 ms stddev 0.015, 0 failed
progress: 24.0 s, 223348.8 tps, lat 0.143 ms stddev 0.014, 0 failed
progress: 25.0 s, 220344.7 tps, lat 0.145 ms stddev 0.014, 0 failed
progress: 26.0 s, 219377.2 tps, lat 0.146 ms stddev 0.019, 0 failed
progress: 27.0 s, 217944.2 tps, lat 0.147 ms stddev 0.014, 0 failed
progress: 28.0 s, 220009.0 tps, lat 0.145 ms stddev 0.016, 0 failed
progress: 29.0 s, 220444.1 tps, lat 0.145 ms stddev 0.015, 0 failed
progress: 30.0 s, 222418.8 tps, lat 0.144 ms stddev 0.015, 0 failed
progress: 31.0 s, 221508.8 tps, lat 0.144 ms stddev 0.016, 0 failed
progress: 32.0 s, 217569.4 tps, lat 0.147 ms stddev 0.019, 0 failed
progress: 33.0 s, 221511.6 tps, lat 0.144 ms stddev 0.015, 0 failed
progress: 34.0 s, 218531.1 tps, lat 0.146 ms stddev 0.017, 0 failed
progress: 35.0 s, 222621.8 tps, lat 0.144 ms stddev 0.015, 0 failed
progress: 36.0 s, 221560.2 tps, lat 0.144 ms stddev 0.016, 0 failed
progress: 37.0 s, 222713.4 tps, lat 0.144 ms stddev 0.015, 0 failed
progress: 38.0 s, 224576.7 tps, lat 0.142 ms stddev 0.014, 0 failed
progress: 39.0 s, 219548.3 tps, lat 0.146 ms stddev 0.017, 0 failed
progress: 40.0 s, 219374.7 tps, lat 0.146 ms stddev 0.016, 0 failed
progress: 41.0 s, 220547.8 tps, lat 0.145 ms stddev 0.015, 0 failed
progress: 42.0 s, 220734.5 tps, lat 0.145 ms stddev 0.017, 0 failed
progress: 43.0 s, 222174.7 tps, lat 0.144 ms stddev 0.014, 0 failed
progress: 44.0 s, 224121.0 tps, lat 0.143 ms stddev 0.014, 0 failed
progress: 45.0 s, 220916.2 tps, lat 0.145 ms stddev 0.015, 0 failed
progress: 46.0 s, 221489.8 tps, lat 0.144 ms stddev 0.015, 0 failed
progress: 47.0 s, 222004.0 tps, lat 0.144 ms stddev 0.014, 0 failed
progress: 48.0 s, 220016.2 tps, lat 0.145 ms stddev 0.021, 0 failed
progress: 49.0 s, 222911.7 tps, lat 0.143 ms stddev 0.013, 0 failed
progress: 50.0 s, 223863.4 tps, lat 0.143 ms stddev 0.015, 0 failed
progress: 51.0 s, 219439.1 tps, lat 0.146 ms stddev 0.016, 0 failed
progress: 52.0 s, 218749.8 tps, lat 0.146 ms stddev 0.016, 0 failed
progress: 53.0 s, 217471.1 tps, lat 0.147 ms stddev 0.017, 0 failed
progress: 54.0 s, 218188.1 tps, lat 0.146 ms stddev 0.015, 0 failed
progress: 55.0 s, 220053.8 tps, lat 0.145 ms stddev 0.016, 0 failed
progress: 56.0 s, 221339.4 tps, lat 0.144 ms stddev 0.015, 0 failed
progress: 57.0 s, 222459.0 tps, lat 0.144 ms stddev 0.014, 0 failed
progress: 58.0 s, 219949.2 tps, lat 0.145 ms stddev 0.021, 0 failed
progress: 59.0 s, 219594.4 tps, lat 0.146 ms stddev 0.014, 0 failed
transaction type: star-1-left.sql
scaling factor: 1
query mode: prepared
number of clients: 32
number of threads: 32
maximum number of tries: 1
duration: 60 s
number of transactions actually processed: 13200556
number of failed transactions: 0 (0.000%)
latency average = 0.145 ms
latency stddev = 0.027 ms
initial connection time = 24.042 ms
tps = 220095.445038 (without initial connection time)
