pgbench (18devel, server 10.23)
progress: 1.0 s, 21541.7 tps, lat 11.222 ms stddev 40.308, 0 failed
progress: 2.0 s, 52205.1 tps, lat 4.905 ms stddev 5.054, 0 failed
progress: 3.0 s, 52367.9 tps, lat 4.885 ms stddev 4.992, 0 failed
progress: 4.0 s, 52248.6 tps, lat 4.903 ms stddev 5.008, 0 failed
progress: 5.0 s, 52351.9 tps, lat 4.889 ms stddev 5.008, 0 failed
progress: 6.0 s, 52247.8 tps, lat 4.898 ms stddev 5.060, 0 failed
progress: 7.0 s, 52111.7 tps, lat 4.913 ms stddev 5.026, 0 failed
progress: 8.0 s, 52463.1 tps, lat 4.879 ms stddev 5.058, 0 failed
progress: 9.0 s, 52336.9 tps, lat 4.891 ms stddev 4.990, 0 failed
progress: 10.0 s, 51859.8 tps, lat 4.935 ms stddev 5.097, 0 failed
progress: 11.0 s, 51991.2 tps, lat 4.920 ms stddev 5.074, 0 failed
progress: 12.0 s, 52276.1 tps, lat 4.897 ms stddev 4.991, 0 failed
progress: 13.0 s, 52174.9 tps, lat 4.908 ms stddev 5.061, 0 failed
progress: 14.0 s, 52277.0 tps, lat 4.899 ms stddev 5.068, 0 failed
progress: 15.0 s, 52359.9 tps, lat 4.889 ms stddev 5.025, 0 failed
progress: 16.0 s, 52174.2 tps, lat 4.904 ms stddev 5.048, 0 failed
progress: 17.0 s, 51244.9 tps, lat 4.996 ms stddev 5.147, 0 failed
progress: 18.0 s, 51992.9 tps, lat 4.924 ms stddev 5.062, 0 failed
progress: 19.0 s, 52301.9 tps, lat 4.895 ms stddev 5.056, 0 failed
progress: 20.0 s, 52220.1 tps, lat 4.901 ms stddev 5.033, 0 failed
progress: 21.0 s, 52301.9 tps, lat 4.895 ms stddev 5.018, 0 failed
progress: 22.0 s, 52346.1 tps, lat 4.888 ms stddev 5.017, 0 failed
progress: 23.0 s, 52329.7 tps, lat 4.895 ms stddev 5.032, 0 failed
progress: 24.0 s, 52507.2 tps, lat 4.873 ms stddev 4.999, 0 failed
progress: 25.0 s, 52532.2 tps, lat 4.874 ms stddev 5.039, 0 failed
progress: 26.0 s, 52399.8 tps, lat 4.887 ms stddev 5.053, 0 failed
progress: 27.0 s, 51727.0 tps, lat 4.947 ms stddev 5.095, 0 failed
progress: 28.0 s, 52370.0 tps, lat 4.891 ms stddev 4.997, 0 failed
progress: 29.0 s, 52316.2 tps, lat 4.889 ms stddev 5.010, 0 failed
progress: 30.0 s, 52385.9 tps, lat 4.887 ms stddev 5.047, 0 failed
progress: 31.0 s, 52234.9 tps, lat 4.900 ms stddev 5.048, 0 failed
progress: 32.0 s, 52657.7 tps, lat 4.861 ms stddev 4.992, 0 failed
progress: 33.0 s, 52426.1 tps, lat 4.883 ms stddev 5.029, 0 failed
progress: 34.0 s, 51715.1 tps, lat 4.949 ms stddev 5.121, 0 failed
progress: 35.0 s, 52337.0 tps, lat 4.888 ms stddev 5.031, 0 failed
progress: 36.0 s, 52150.4 tps, lat 4.911 ms stddev 5.041, 0 failed
progress: 37.0 s, 51976.6 tps, lat 4.924 ms stddev 5.131, 0 failed
progress: 38.0 s, 51505.5 tps, lat 4.971 ms stddev 5.168, 0 failed
progress: 39.0 s, 52272.6 tps, lat 4.898 ms stddev 5.071, 0 failed
progress: 40.0 s, 52443.8 tps, lat 4.884 ms stddev 5.058, 0 failed
progress: 41.0 s, 52476.9 tps, lat 4.874 ms stddev 5.021, 0 failed
progress: 42.0 s, 52100.1 tps, lat 4.914 ms stddev 5.103, 0 failed
progress: 43.0 s, 52260.0 tps, lat 4.898 ms stddev 5.053, 0 failed
progress: 44.0 s, 52235.9 tps, lat 4.902 ms stddev 5.049, 0 failed
progress: 45.0 s, 52689.1 tps, lat 4.856 ms stddev 5.018, 0 failed
progress: 46.0 s, 52433.9 tps, lat 4.886 ms stddev 5.041, 0 failed
progress: 47.0 s, 52504.1 tps, lat 4.874 ms stddev 5.033, 0 failed
progress: 48.0 s, 52209.8 tps, lat 4.905 ms stddev 5.094, 0 failed
progress: 49.0 s, 52868.0 tps, lat 4.842 ms stddev 4.960, 0 failed
progress: 50.0 s, 52583.2 tps, lat 4.866 ms stddev 5.012, 0 failed
progress: 51.0 s, 52676.0 tps, lat 4.859 ms stddev 4.993, 0 failed
progress: 52.0 s, 52588.6 tps, lat 4.869 ms stddev 4.988, 0 failed
progress: 53.0 s, 52578.3 tps, lat 4.864 ms stddev 5.016, 0 failed
progress: 54.0 s, 52570.1 tps, lat 4.874 ms stddev 5.008, 0 failed
progress: 55.0 s, 52049.0 tps, lat 4.917 ms stddev 5.109, 0 failed
progress: 56.0 s, 52388.9 tps, lat 4.884 ms stddev 5.042, 0 failed
progress: 57.0 s, 52732.2 tps, lat 4.854 ms stddev 5.028, 0 failed
progress: 58.0 s, 52267.0 tps, lat 4.896 ms stddev 5.053, 0 failed
progress: 59.0 s, 52138.1 tps, lat 4.912 ms stddev 5.049, 0 failed
transaction type: star-1.sql
scaling factor: 1
query mode: prepared
number of clients: 256
number of threads: 256
maximum number of tries: 1
duration: 60 s
number of transactions actually processed: 3101384
number of failed transactions: 0 (0.000%)
latency average = 4.942 ms
latency stddev = 6.075 ms
initial connection time = 147.221 ms
tps = 51762.811207 (without initial connection time)
