pgbench (18devel, server 8.0.26)
progress: 1.0 s, 6494.6 tps, lat 0.153 ms stddev 0.038, 0 failed
progress: 2.0 s, 6719.3 tps, lat 0.149 ms stddev 0.008, 0 failed
progress: 3.0 s, 6756.7 tps, lat 0.148 ms stddev 0.008, 0 failed
progress: 4.0 s, 6774.0 tps, lat 0.148 ms stddev 0.008, 0 failed
progress: 5.0 s, 6802.0 tps, lat 0.147 ms stddev 0.008, 0 failed
progress: 6.0 s, 6851.0 tps, lat 0.146 ms stddev 0.008, 0 failed
progress: 7.0 s, 6840.3 tps, lat 0.146 ms stddev 0.008, 0 failed
progress: 8.0 s, 6877.7 tps, lat 0.145 ms stddev 0.008, 0 failed
progress: 9.0 s, 6872.0 tps, lat 0.145 ms stddev 0.009, 0 failed
progress: 10.0 s, 6887.3 tps, lat 0.145 ms stddev 0.008, 0 failed
progress: 11.0 s, 6874.7 tps, lat 0.145 ms stddev 0.025, 0 failed
progress: 12.0 s, 6881.0 tps, lat 0.145 ms stddev 0.008, 0 failed
progress: 13.0 s, 6895.2 tps, lat 0.145 ms stddev 0.008, 0 failed
progress: 14.0 s, 6891.0 tps, lat 0.145 ms stddev 0.008, 0 failed
progress: 15.0 s, 6894.8 tps, lat 0.145 ms stddev 0.008, 0 failed
progress: 16.0 s, 6900.2 tps, lat 0.145 ms stddev 0.008, 0 failed
progress: 17.0 s, 6895.1 tps, lat 0.145 ms stddev 0.008, 0 failed
progress: 18.0 s, 6886.8 tps, lat 0.145 ms stddev 0.008, 0 failed
progress: 19.0 s, 6888.0 tps, lat 0.145 ms stddev 0.008, 0 failed
progress: 20.0 s, 6764.0 tps, lat 0.148 ms stddev 0.009, 0 failed
progress: 21.0 s, 6726.0 tps, lat 0.149 ms stddev 0.025, 0 failed
progress: 22.0 s, 6848.3 tps, lat 0.146 ms stddev 0.008, 0 failed
progress: 23.0 s, 6816.6 tps, lat 0.147 ms stddev 0.008, 0 failed
progress: 24.0 s, 6848.4 tps, lat 0.146 ms stddev 0.008, 0 failed
progress: 25.0 s, 6815.0 tps, lat 0.147 ms stddev 0.008, 0 failed
progress: 26.0 s, 6824.6 tps, lat 0.146 ms stddev 0.008, 0 failed
progress: 27.0 s, 6881.0 tps, lat 0.145 ms stddev 0.008, 0 failed
progress: 28.0 s, 6895.0 tps, lat 0.145 ms stddev 0.008, 0 failed
progress: 29.0 s, 6811.2 tps, lat 0.147 ms stddev 0.008, 0 failed
progress: 30.0 s, 6832.8 tps, lat 0.146 ms stddev 0.009, 0 failed
progress: 31.0 s, 6822.0 tps, lat 0.147 ms stddev 0.025, 0 failed
progress: 32.0 s, 6757.0 tps, lat 0.148 ms stddev 0.008, 0 failed
progress: 33.0 s, 6715.0 tps, lat 0.149 ms stddev 0.008, 0 failed
progress: 34.0 s, 6816.0 tps, lat 0.147 ms stddev 0.008, 0 failed
progress: 35.0 s, 6803.0 tps, lat 0.147 ms stddev 0.008, 0 failed
progress: 36.0 s, 6760.0 tps, lat 0.148 ms stddev 0.008, 0 failed
progress: 37.0 s, 6808.1 tps, lat 0.147 ms stddev 0.008, 0 failed
progress: 38.0 s, 6746.0 tps, lat 0.148 ms stddev 0.008, 0 failed
progress: 39.0 s, 6712.0 tps, lat 0.149 ms stddev 0.008, 0 failed
progress: 40.0 s, 6861.1 tps, lat 0.146 ms stddev 0.008, 0 failed
progress: 41.0 s, 6784.9 tps, lat 0.147 ms stddev 0.024, 0 failed
progress: 42.0 s, 6773.0 tps, lat 0.148 ms stddev 0.008, 0 failed
progress: 43.0 s, 6849.0 tps, lat 0.146 ms stddev 0.009, 0 failed
progress: 44.0 s, 6713.0 tps, lat 0.149 ms stddev 0.008, 0 failed
progress: 45.0 s, 6688.2 tps, lat 0.149 ms stddev 0.008, 0 failed
progress: 46.0 s, 6726.8 tps, lat 0.149 ms stddev 0.008, 0 failed
progress: 47.0 s, 6786.3 tps, lat 0.147 ms stddev 0.008, 0 failed
progress: 48.0 s, 6720.9 tps, lat 0.149 ms stddev 0.010, 0 failed
progress: 49.0 s, 6702.9 tps, lat 0.149 ms stddev 0.008, 0 failed
progress: 50.0 s, 6728.0 tps, lat 0.149 ms stddev 0.008, 0 failed
progress: 51.0 s, 6873.0 tps, lat 0.145 ms stddev 0.024, 0 failed
progress: 52.0 s, 6945.0 tps, lat 0.144 ms stddev 0.007, 0 failed
progress: 53.0 s, 6748.1 tps, lat 0.148 ms stddev 0.009, 0 failed
progress: 54.0 s, 6784.9 tps, lat 0.147 ms stddev 0.008, 0 failed
progress: 55.0 s, 6809.0 tps, lat 0.147 ms stddev 0.008, 0 failed
progress: 56.0 s, 6855.0 tps, lat 0.146 ms stddev 0.008, 0 failed
progress: 57.0 s, 6785.2 tps, lat 0.147 ms stddev 0.010, 0 failed
progress: 58.0 s, 6758.0 tps, lat 0.148 ms stddev 0.008, 0 failed
progress: 59.0 s, 6723.8 tps, lat 0.149 ms stddev 0.008, 0 failed
progress: 60.0 s, 6831.1 tps, lat 0.146 ms stddev 0.008, 0 failed
transaction type: star-1-left.sql
scaling factor: 1
query mode: prepared
number of clients: 1
number of threads: 1
maximum number of tries: 1
duration: 60 s
number of transactions actually processed: 408332
number of failed transactions: 0 (0.000%)
latency average = 0.147 ms
latency stddev = 0.012 ms
initial connection time = 4.760 ms
tps = 6806.063639 (without initial connection time)
