pgbench (18devel, server 8.0.26)
progress: 4.8 s, 80.4 tps, lat 333.398 ms stddev 1028.840, 0 failed
progress: 5.0 s, 1600.2 tps, lat 606.317 ms stddev 1459.030, 0 failed
progress: 6.0 s, 2734.0 tps, lat 138.142 ms stddev 639.548, 0 failed
progress: 7.0 s, 3642.1 tps, lat 34.892 ms stddev 29.760, 0 failed
progress: 8.0 s, 3908.9 tps, lat 32.678 ms stddev 32.781, 0 failed
progress: 9.0 s, 4473.0 tps, lat 28.672 ms stddev 26.763, 0 failed
progress: 10.0 s, 4067.0 tps, lat 30.053 ms stddev 24.753, 0 failed
progress: 11.0 s, 4557.1 tps, lat 29.382 ms stddev 28.645, 0 failed
progress: 12.0 s, 4308.9 tps, lat 29.928 ms stddev 25.586, 0 failed
progress: 13.0 s, 3812.0 tps, lat 32.798 ms stddev 27.050, 0 failed
progress: 14.0 s, 4433.2 tps, lat 29.541 ms stddev 29.126, 0 failed
progress: 15.0 s, 4859.8 tps, lat 25.953 ms stddev 23.513, 0 failed
progress: 16.0 s, 4781.2 tps, lat 27.071 ms stddev 25.482, 0 failed
progress: 17.0 s, 4445.8 tps, lat 28.981 ms stddev 27.448, 0 failed
progress: 18.0 s, 2991.0 tps, lat 41.822 ms stddev 37.309, 0 failed
progress: 19.0 s, 5340.2 tps, lat 24.533 ms stddev 19.683, 0 failed
progress: 20.0 s, 4900.9 tps, lat 25.837 ms stddev 27.772, 0 failed
progress: 21.0 s, 4870.1 tps, lat 26.188 ms stddev 25.991, 0 failed
progress: 22.0 s, 4019.8 tps, lat 31.912 ms stddev 27.423, 0 failed
progress: 23.0 s, 4665.1 tps, lat 27.737 ms stddev 27.436, 0 failed
progress: 24.0 s, 3432.6 tps, lat 35.098 ms stddev 32.917, 0 failed
progress: 25.0 s, 4889.8 tps, lat 27.817 ms stddev 24.550, 0 failed
progress: 26.0 s, 3918.8 tps, lat 32.438 ms stddev 30.067, 0 failed
progress: 27.0 s, 3909.2 tps, lat 31.863 ms stddev 31.740, 0 failed
progress: 28.0 s, 3388.9 tps, lat 38.304 ms stddev 40.701, 0 failed
progress: 29.0 s, 3612.1 tps, lat 35.375 ms stddev 29.348, 0 failed
progress: 30.0 s, 5418.8 tps, lat 23.567 ms stddev 22.822, 0 failed
progress: 31.0 s, 3879.9 tps, lat 33.174 ms stddev 27.904, 0 failed
progress: 32.0 s, 3800.1 tps, lat 33.711 ms stddev 31.672, 0 failed
progress: 33.0 s, 4442.9 tps, lat 28.418 ms stddev 28.115, 0 failed
progress: 34.0 s, 4946.3 tps, lat 26.723 ms stddev 25.953, 0 failed
progress: 35.0 s, 6013.6 tps, lat 21.222 ms stddev 19.658, 0 failed
progress: 36.0 s, 4523.1 tps, lat 27.816 ms stddev 31.003, 0 failed
progress: 37.0 s, 4341.1 tps, lat 29.535 ms stddev 30.304, 0 failed
progress: 38.0 s, 3997.0 tps, lat 30.691 ms stddev 30.275, 0 failed
progress: 39.0 s, 4096.0 tps, lat 31.552 ms stddev 31.865, 0 failed
progress: 40.0 s, 5159.0 tps, lat 25.099 ms stddev 24.378, 0 failed
progress: 41.0 s, 4574.0 tps, lat 28.231 ms stddev 25.544, 0 failed
progress: 42.0 s, 4620.2 tps, lat 28.300 ms stddev 27.186, 0 failed
progress: 43.0 s, 4775.0 tps, lat 27.029 ms stddev 28.303, 0 failed
progress: 44.0 s, 4382.9 tps, lat 28.955 ms stddev 27.607, 0 failed
progress: 45.0 s, 5190.2 tps, lat 24.875 ms stddev 22.326, 0 failed
progress: 46.0 s, 4441.8 tps, lat 27.703 ms stddev 28.714, 0 failed
progress: 47.0 s, 4748.9 tps, lat 27.393 ms stddev 28.337, 0 failed
progress: 48.0 s, 4246.2 tps, lat 30.704 ms stddev 26.663, 0 failed
progress: 49.0 s, 4568.0 tps, lat 28.007 ms stddev 30.698, 0 failed
progress: 50.0 s, 4087.8 tps, lat 30.697 ms stddev 28.866, 0 failed
progress: 51.0 s, 4501.0 tps, lat 28.781 ms stddev 29.552, 0 failed
progress: 52.0 s, 3996.0 tps, lat 32.061 ms stddev 32.202, 0 failed
progress: 53.0 s, 4443.1 tps, lat 28.505 ms stddev 27.433, 0 failed
progress: 54.0 s, 5297.1 tps, lat 24.653 ms stddev 22.172, 0 failed
progress: 55.0 s, 5254.8 tps, lat 24.292 ms stddev 23.713, 0 failed
progress: 56.0 s, 3988.9 tps, lat 31.394 ms stddev 27.202, 0 failed
progress: 57.0 s, 4428.1 tps, lat 28.761 ms stddev 30.187, 0 failed
progress: 58.0 s, 4703.9 tps, lat 27.985 ms stddev 22.398, 0 failed
progress: 59.0 s, 5234.0 tps, lat 24.234 ms stddev 21.469, 0 failed
transaction type: star-1-left.sql
scaling factor: 1
query mode: prepared
number of clients: 128
number of threads: 128
maximum number of tries: 1
duration: 60 s
number of transactions actually processed: 242927
number of failed transactions: 0 (0.000%)
latency average = 31.273 ms
latency stddev = 101.813 ms
initial connection time = 652.789 ms
tps = 4092.360838 (without initial connection time)
