pgbench (18devel, server 8.0.26)
progress: 2.4 s, 109.6 tps, lat 257.938 ms stddev 650.134, 0 failed
progress: 3.0 s, 2709.9 tps, lat 66.349 ms stddev 312.696, 0 failed
progress: 4.0 s, 3008.1 tps, lat 20.928 ms stddev 22.919, 0 failed
progress: 5.0 s, 3475.0 tps, lat 18.521 ms stddev 19.492, 0 failed
progress: 6.0 s, 2970.0 tps, lat 21.712 ms stddev 23.762, 0 failed
progress: 7.0 s, 3622.0 tps, lat 17.702 ms stddev 19.443, 0 failed
progress: 8.0 s, 4388.2 tps, lat 14.830 ms stddev 17.493, 0 failed
progress: 9.0 s, 3952.0 tps, lat 15.954 ms stddev 18.357, 0 failed
progress: 10.0 s, 4049.0 tps, lat 15.820 ms stddev 16.529, 0 failed
progress: 11.0 s, 3624.1 tps, lat 17.976 ms stddev 20.134, 0 failed
progress: 12.0 s, 3428.9 tps, lat 18.576 ms stddev 19.796, 0 failed
progress: 13.0 s, 3882.9 tps, lat 16.535 ms stddev 17.038, 0 failed
progress: 14.0 s, 4532.1 tps, lat 14.137 ms stddev 15.030, 0 failed
progress: 15.0 s, 4457.1 tps, lat 14.336 ms stddev 15.852, 0 failed
progress: 16.0 s, 3197.1 tps, lat 20.027 ms stddev 18.882, 0 failed
progress: 17.0 s, 3624.8 tps, lat 17.583 ms stddev 16.908, 0 failed
progress: 18.0 s, 3861.0 tps, lat 16.644 ms stddev 17.747, 0 failed
progress: 19.0 s, 3122.1 tps, lat 20.444 ms stddev 20.673, 0 failed
progress: 20.0 s, 3901.0 tps, lat 16.288 ms stddev 16.487, 0 failed
progress: 21.0 s, 3778.0 tps, lat 16.970 ms stddev 18.918, 0 failed
progress: 22.0 s, 4132.0 tps, lat 15.559 ms stddev 18.527, 0 failed
progress: 23.0 s, 4480.0 tps, lat 14.200 ms stddev 13.897, 0 failed
progress: 24.0 s, 3948.1 tps, lat 16.356 ms stddev 18.861, 0 failed
progress: 25.0 s, 4783.7 tps, lat 13.203 ms stddev 14.232, 0 failed
progress: 26.0 s, 4388.9 tps, lat 14.669 ms stddev 16.808, 0 failed
progress: 27.0 s, 4619.3 tps, lat 13.876 ms stddev 16.238, 0 failed
progress: 28.0 s, 3352.0 tps, lat 18.865 ms stddev 18.605, 0 failed
progress: 29.0 s, 3933.8 tps, lat 16.340 ms stddev 14.982, 0 failed
progress: 30.0 s, 3640.9 tps, lat 17.592 ms stddev 19.293, 0 failed
progress: 31.0 s, 4823.4 tps, lat 13.327 ms stddev 15.887, 0 failed
progress: 32.0 s, 4367.8 tps, lat 14.266 ms stddev 15.076, 0 failed
progress: 33.0 s, 4108.0 tps, lat 15.969 ms stddev 17.193, 0 failed
progress: 34.0 s, 4242.0 tps, lat 15.246 ms stddev 15.869, 0 failed
progress: 35.0 s, 4029.1 tps, lat 15.598 ms stddev 16.554, 0 failed
progress: 36.0 s, 3571.8 tps, lat 17.895 ms stddev 18.059, 0 failed
progress: 37.0 s, 4660.2 tps, lat 13.728 ms stddev 15.149, 0 failed
progress: 38.0 s, 4091.9 tps, lat 15.635 ms stddev 17.320, 0 failed
progress: 39.0 s, 4038.1 tps, lat 15.865 ms stddev 15.576, 0 failed
progress: 40.0 s, 4060.8 tps, lat 15.970 ms stddev 16.421, 0 failed
progress: 41.0 s, 3775.1 tps, lat 16.728 ms stddev 17.800, 0 failed
progress: 42.0 s, 3777.0 tps, lat 17.238 ms stddev 19.017, 0 failed
progress: 43.0 s, 4675.0 tps, lat 13.560 ms stddev 15.102, 0 failed
progress: 44.0 s, 4034.0 tps, lat 15.956 ms stddev 18.334, 0 failed
progress: 45.0 s, 3462.0 tps, lat 18.119 ms stddev 18.237, 0 failed
progress: 46.0 s, 3832.9 tps, lat 16.881 ms stddev 19.261, 0 failed
progress: 47.0 s, 4269.0 tps, lat 15.118 ms stddev 16.925, 0 failed
progress: 48.0 s, 4541.0 tps, lat 14.135 ms stddev 14.366, 0 failed
progress: 49.0 s, 4174.0 tps, lat 15.096 ms stddev 18.073, 0 failed
progress: 50.0 s, 3384.0 tps, lat 18.805 ms stddev 20.514, 0 failed
progress: 51.0 s, 4473.1 tps, lat 14.502 ms stddev 16.443, 0 failed
progress: 52.0 s, 4271.8 tps, lat 15.025 ms stddev 16.830, 0 failed
progress: 53.0 s, 3956.3 tps, lat 16.237 ms stddev 15.892, 0 failed
progress: 54.0 s, 4126.7 tps, lat 15.324 ms stddev 17.239, 0 failed
progress: 55.0 s, 2996.9 tps, lat 21.111 ms stddev 22.059, 0 failed
progress: 56.0 s, 4279.0 tps, lat 15.026 ms stddev 19.155, 0 failed
progress: 57.0 s, 4487.1 tps, lat 14.307 ms stddev 16.055, 0 failed
progress: 58.0 s, 4613.0 tps, lat 13.745 ms stddev 15.200, 0 failed
progress: 59.0 s, 3947.0 tps, lat 16.621 ms stddev 18.824, 0 failed
transaction type: star-1-left.sql
scaling factor: 1
query mode: prepared
number of clients: 64
number of threads: 64
maximum number of tries: 1
duration: 60 s
number of transactions actually processed: 229758
number of failed transactions: 0 (0.000%)
latency average = 16.631 ms
latency stddev = 39.345 ms
initial connection time = 297.972 ms
tps = 3847.706015 (without initial connection time)
