pgbench (18devel, server 9.1.24)
progress: 1.0 s, 15218.5 tps, lat 2.079 ms stddev 1.716, 0 failed
progress: 2.0 s, 27182.2 tps, lat 1.177 ms stddev 0.841, 0 failed
progress: 3.0 s, 20605.0 tps, lat 1.552 ms stddev 0.938, 0 failed
progress: 4.0 s, 12681.0 tps, lat 2.525 ms stddev 0.542, 0 failed
progress: 5.0 s, 18682.0 tps, lat 1.711 ms stddev 0.942, 0 failed
progress: 6.0 s, 23567.2 tps, lat 1.357 ms stddev 0.926, 0 failed
progress: 7.0 s, 21695.1 tps, lat 1.475 ms stddev 0.953, 0 failed
progress: 8.0 s, 21691.2 tps, lat 1.475 ms stddev 0.958, 0 failed
progress: 9.0 s, 17063.9 tps, lat 1.875 ms stddev 1.019, 0 failed
progress: 10.0 s, 19381.5 tps, lat 1.651 ms stddev 1.028, 0 failed
progress: 11.0 s, 19892.0 tps, lat 1.610 ms stddev 0.996, 0 failed
progress: 12.0 s, 18294.4 tps, lat 1.748 ms stddev 0.955, 0 failed
progress: 13.0 s, 22707.8 tps, lat 1.409 ms stddev 0.973, 0 failed
progress: 14.0 s, 21782.2 tps, lat 1.468 ms stddev 0.986, 0 failed
progress: 15.0 s, 16143.0 tps, lat 1.981 ms stddev 0.924, 0 failed
progress: 16.0 s, 15084.5 tps, lat 2.121 ms stddev 0.810, 0 failed
progress: 17.0 s, 19749.1 tps, lat 1.620 ms stddev 0.979, 0 failed
progress: 18.0 s, 18009.6 tps, lat 1.777 ms stddev 1.014, 0 failed
progress: 19.0 s, 16685.3 tps, lat 1.918 ms stddev 1.028, 0 failed
progress: 20.0 s, 13209.8 tps, lat 2.422 ms stddev 0.719, 0 failed
progress: 21.0 s, 13181.2 tps, lat 2.429 ms stddev 0.629, 0 failed
progress: 22.0 s, 13282.3 tps, lat 2.407 ms stddev 0.723, 0 failed
progress: 23.0 s, 15420.2 tps, lat 2.074 ms stddev 0.907, 0 failed
progress: 24.0 s, 12923.1 tps, lat 2.476 ms stddev 0.649, 0 failed
progress: 25.0 s, 15108.3 tps, lat 2.117 ms stddev 0.912, 0 failed
progress: 26.0 s, 21787.3 tps, lat 1.470 ms stddev 1.016, 0 failed
progress: 27.0 s, 13418.9 tps, lat 2.383 ms stddev 0.788, 0 failed
progress: 28.0 s, 15178.0 tps, lat 2.108 ms stddev 0.878, 0 failed
progress: 29.0 s, 20224.7 tps, lat 1.582 ms stddev 1.044, 0 failed
progress: 30.0 s, 19107.0 tps, lat 1.675 ms stddev 0.972, 0 failed
progress: 31.0 s, 12883.1 tps, lat 2.482 ms stddev 0.574, 0 failed
progress: 32.0 s, 17940.3 tps, lat 1.785 ms stddev 0.969, 0 failed
progress: 33.0 s, 20665.7 tps, lat 1.547 ms stddev 0.982, 0 failed
progress: 34.0 s, 23231.6 tps, lat 1.377 ms stddev 0.993, 0 failed
progress: 35.0 s, 14242.0 tps, lat 2.247 ms stddev 0.849, 0 failed
progress: 36.0 s, 16184.8 tps, lat 1.976 ms stddev 0.936, 0 failed
progress: 37.0 s, 17031.7 tps, lat 1.879 ms stddev 1.016, 0 failed
progress: 38.0 s, 15719.1 tps, lat 2.037 ms stddev 0.922, 0 failed
progress: 39.0 s, 19017.5 tps, lat 1.681 ms stddev 0.990, 0 failed
progress: 40.0 s, 15948.1 tps, lat 2.007 ms stddev 0.959, 0 failed
progress: 41.0 s, 19422.1 tps, lat 1.647 ms stddev 1.032, 0 failed
progress: 42.0 s, 26686.1 tps, lat 1.198 ms stddev 0.919, 0 failed
progress: 43.0 s, 17182.0 tps, lat 1.863 ms stddev 0.957, 0 failed
progress: 44.0 s, 14750.9 tps, lat 2.168 ms stddev 0.770, 0 failed
progress: 45.0 s, 29229.3 tps, lat 1.095 ms stddev 0.871, 0 failed
progress: 46.0 s, 16517.3 tps, lat 1.936 ms stddev 0.915, 0 failed
progress: 47.0 s, 26761.0 tps, lat 1.196 ms stddev 0.866, 0 failed
progress: 48.0 s, 17659.3 tps, lat 1.811 ms stddev 0.968, 0 failed
progress: 49.0 s, 12566.0 tps, lat 2.546 ms stddev 0.575, 0 failed
progress: 50.0 s, 16688.9 tps, lat 1.918 ms stddev 0.947, 0 failed
progress: 51.0 s, 18485.8 tps, lat 1.731 ms stddev 0.920, 0 failed
progress: 52.0 s, 18113.0 tps, lat 1.765 ms stddev 1.018, 0 failed
progress: 53.0 s, 22542.3 tps, lat 1.420 ms stddev 1.018, 0 failed
progress: 54.0 s, 14639.0 tps, lat 2.185 ms stddev 0.902, 0 failed
progress: 55.0 s, 13655.7 tps, lat 2.341 ms stddev 0.742, 0 failed
progress: 56.0 s, 15565.8 tps, lat 2.056 ms stddev 0.950, 0 failed
progress: 57.0 s, 15652.0 tps, lat 2.045 ms stddev 0.938, 0 failed
progress: 58.0 s, 23817.6 tps, lat 1.344 ms stddev 0.867, 0 failed
progress: 59.0 s, 14546.1 tps, lat 2.198 ms stddev 0.794, 0 failed
transaction type: star-1.sql
scaling factor: 1
query mode: prepared
number of clients: 32
number of threads: 32
maximum number of tries: 1
duration: 60 s
number of transactions actually processed: 1084478
number of failed transactions: 0 (0.000%)
latency average = 1.769 ms
latency stddev = 1.008 ms
initial connection time = 22.903 ms
tps = 18081.107575 (without initial connection time)
