pgbench (18devel, server 9.1.24)
progress: 1.0 s, 36628.9 tps, lat 1.721 ms stddev 2.792, 0 failed
progress: 2.0 s, 39512.9 tps, lat 1.619 ms stddev 1.422, 0 failed
progress: 3.0 s, 23144.4 tps, lat 2.757 ms stddev 2.849, 0 failed
progress: 4.0 s, 7925.3 tps, lat 8.073 ms stddev 2.096, 0 failed
progress: 5.0 s, 7732.9 tps, lat 8.280 ms stddev 2.145, 0 failed
progress: 6.0 s, 20648.0 tps, lat 3.107 ms stddev 3.194, 0 failed
progress: 7.0 s, 37684.9 tps, lat 1.694 ms stddev 1.564, 0 failed
progress: 8.0 s, 36301.6 tps, lat 1.767 ms stddev 1.709, 0 failed
progress: 9.0 s, 39468.6 tps, lat 1.621 ms stddev 1.429, 0 failed
progress: 10.0 s, 15891.0 tps, lat 4.027 ms stddev 3.606, 0 failed
progress: 11.0 s, 39741.2 tps, lat 1.610 ms stddev 1.416, 0 failed
progress: 12.0 s, 40135.8 tps, lat 1.594 ms stddev 1.383, 0 failed
progress: 13.0 s, 39575.2 tps, lat 1.617 ms stddev 1.417, 0 failed
progress: 14.0 s, 39728.9 tps, lat 1.610 ms stddev 1.423, 0 failed
progress: 15.0 s, 38677.9 tps, lat 1.655 ms stddev 1.517, 0 failed
progress: 16.0 s, 28560.6 tps, lat 2.234 ms stddev 2.395, 0 failed
progress: 17.0 s, 7964.1 tps, lat 8.038 ms stddev 1.967, 0 failed
progress: 18.0 s, 35846.7 tps, lat 1.790 ms stddev 1.788, 0 failed
progress: 19.0 s, 39539.1 tps, lat 1.618 ms stddev 1.424, 0 failed
progress: 20.0 s, 40025.0 tps, lat 1.599 ms stddev 1.384, 0 failed
progress: 21.0 s, 39652.9 tps, lat 1.613 ms stddev 1.427, 0 failed
progress: 22.0 s, 39850.8 tps, lat 1.606 ms stddev 1.417, 0 failed
progress: 23.0 s, 39747.1 tps, lat 1.610 ms stddev 1.408, 0 failed
progress: 24.0 s, 39972.1 tps, lat 1.601 ms stddev 1.383, 0 failed
progress: 25.0 s, 40022.0 tps, lat 1.598 ms stddev 1.401, 0 failed
progress: 26.0 s, 40003.0 tps, lat 1.600 ms stddev 1.404, 0 failed
progress: 27.0 s, 39880.6 tps, lat 1.604 ms stddev 1.402, 0 failed
progress: 28.0 s, 40030.4 tps, lat 1.599 ms stddev 1.358, 0 failed
progress: 29.0 s, 39624.2 tps, lat 1.615 ms stddev 1.426, 0 failed
progress: 30.0 s, 39898.9 tps, lat 1.604 ms stddev 1.414, 0 failed
progress: 31.0 s, 39646.8 tps, lat 1.614 ms stddev 1.420, 0 failed
progress: 32.0 s, 40123.1 tps, lat 1.595 ms stddev 1.386, 0 failed
progress: 33.0 s, 39663.0 tps, lat 1.613 ms stddev 1.434, 0 failed
progress: 34.0 s, 39672.8 tps, lat 1.613 ms stddev 1.427, 0 failed
progress: 35.0 s, 39680.2 tps, lat 1.613 ms stddev 1.425, 0 failed
progress: 36.0 s, 39820.1 tps, lat 1.607 ms stddev 1.396, 0 failed
progress: 37.0 s, 39394.9 tps, lat 1.625 ms stddev 1.445, 0 failed
progress: 38.0 s, 39515.3 tps, lat 1.619 ms stddev 1.441, 0 failed
progress: 39.0 s, 39598.7 tps, lat 1.616 ms stddev 1.433, 0 failed
progress: 40.0 s, 39861.0 tps, lat 1.605 ms stddev 1.393, 0 failed
progress: 41.0 s, 39305.0 tps, lat 1.628 ms stddev 1.440, 0 failed
progress: 42.0 s, 38723.0 tps, lat 1.647 ms stddev 1.494, 0 failed
progress: 43.0 s, 8125.8 tps, lat 7.878 ms stddev 2.241, 0 failed
progress: 44.0 s, 8002.0 tps, lat 7.995 ms stddev 2.145, 0 failed
progress: 45.0 s, 18149.0 tps, lat 3.538 ms stddev 3.384, 0 failed
progress: 46.0 s, 39796.8 tps, lat 1.608 ms stddev 1.416, 0 failed
progress: 47.0 s, 36616.2 tps, lat 1.747 ms stddev 1.711, 0 failed
progress: 48.0 s, 40283.8 tps, lat 1.589 ms stddev 1.367, 0 failed
progress: 49.0 s, 39856.6 tps, lat 1.605 ms stddev 1.416, 0 failed
progress: 50.0 s, 39811.6 tps, lat 1.607 ms stddev 1.425, 0 failed
progress: 51.0 s, 39701.8 tps, lat 1.612 ms stddev 1.429, 0 failed
progress: 52.0 s, 40362.2 tps, lat 1.585 ms stddev 1.375, 0 failed
progress: 53.0 s, 39760.7 tps, lat 1.609 ms stddev 1.436, 0 failed
progress: 54.0 s, 39847.9 tps, lat 1.605 ms stddev 1.414, 0 failed
progress: 55.0 s, 39944.2 tps, lat 1.603 ms stddev 1.405, 0 failed
progress: 56.0 s, 40065.1 tps, lat 1.597 ms stddev 1.396, 0 failed
progress: 57.0 s, 39708.2 tps, lat 1.611 ms stddev 1.422, 0 failed
progress: 58.0 s, 39718.0 tps, lat 1.612 ms stddev 1.425, 0 failed
progress: 59.0 s, 39875.8 tps, lat 1.605 ms stddev 1.416, 0 failed
transaction type: star-1.sql
scaling factor: 1
query mode: prepared
number of clients: 64
number of threads: 64
maximum number of tries: 1
duration: 60 s
number of transactions actually processed: 2116998
number of failed transactions: 0 (0.000%)
latency average = 1.812 ms
latency stddev = 1.852 ms
initial connection time = 40.216 ms
tps = 35305.680860 (without initial connection time)
