pgbench (18devel, server 9.1.24)
progress: 1.0 s, 23560.6 tps, lat 5.292 ms stddev 18.986, 0 failed
progress: 2.0 s, 39098.0 tps, lat 3.273 ms stddev 3.069, 0 failed
progress: 3.0 s, 38886.9 tps, lat 3.291 ms stddev 3.150, 0 failed
progress: 4.0 s, 38971.2 tps, lat 3.284 ms stddev 3.123, 0 failed
progress: 5.0 s, 39431.0 tps, lat 3.245 ms stddev 3.064, 0 failed
progress: 6.0 s, 39135.9 tps, lat 3.271 ms stddev 3.095, 0 failed
progress: 7.0 s, 39055.1 tps, lat 3.276 ms stddev 3.125, 0 failed
progress: 8.0 s, 39023.0 tps, lat 3.281 ms stddev 3.114, 0 failed
progress: 9.0 s, 39299.9 tps, lat 3.256 ms stddev 3.070, 0 failed
progress: 10.0 s, 39201.0 tps, lat 3.264 ms stddev 3.105, 0 failed
progress: 11.0 s, 39017.0 tps, lat 3.281 ms stddev 3.136, 0 failed
progress: 12.0 s, 28827.1 tps, lat 4.440 ms stddev 5.385, 0 failed
progress: 13.0 s, 39355.5 tps, lat 3.252 ms stddev 3.056, 0 failed
progress: 14.0 s, 39061.4 tps, lat 3.276 ms stddev 3.121, 0 failed
progress: 15.0 s, 38823.9 tps, lat 3.297 ms stddev 3.156, 0 failed
progress: 16.0 s, 39016.0 tps, lat 3.281 ms stddev 3.117, 0 failed
progress: 17.0 s, 39310.9 tps, lat 3.256 ms stddev 3.070, 0 failed
progress: 18.0 s, 39094.2 tps, lat 3.275 ms stddev 3.142, 0 failed
progress: 19.0 s, 38721.0 tps, lat 3.304 ms stddev 3.145, 0 failed
progress: 20.0 s, 39196.1 tps, lat 3.265 ms stddev 3.110, 0 failed
progress: 21.0 s, 18095.8 tps, lat 7.032 ms stddev 7.922, 0 failed
progress: 22.0 s, 33197.0 tps, lat 3.876 ms stddev 4.406, 0 failed
progress: 23.0 s, 38699.0 tps, lat 3.308 ms stddev 3.180, 0 failed
progress: 24.0 s, 39042.8 tps, lat 3.279 ms stddev 3.142, 0 failed
progress: 25.0 s, 30380.6 tps, lat 4.182 ms stddev 4.905, 0 failed
progress: 26.0 s, 27542.4 tps, lat 4.681 ms stddev 5.740, 0 failed
progress: 27.0 s, 39130.4 tps, lat 3.270 ms stddev 3.130, 0 failed
progress: 28.0 s, 38929.6 tps, lat 3.287 ms stddev 3.155, 0 failed
progress: 29.0 s, 39248.1 tps, lat 3.262 ms stddev 3.091, 0 failed
progress: 30.0 s, 39076.9 tps, lat 3.276 ms stddev 3.120, 0 failed
progress: 31.0 s, 38881.0 tps, lat 3.289 ms stddev 3.181, 0 failed
progress: 32.0 s, 38998.0 tps, lat 3.284 ms stddev 3.132, 0 failed
progress: 33.0 s, 39396.0 tps, lat 3.249 ms stddev 3.064, 0 failed
progress: 34.0 s, 39447.1 tps, lat 3.244 ms stddev 3.087, 0 failed
progress: 35.0 s, 39266.0 tps, lat 3.259 ms stddev 3.118, 0 failed
progress: 36.0 s, 39020.0 tps, lat 3.281 ms stddev 3.139, 0 failed
progress: 37.0 s, 39342.0 tps, lat 3.253 ms stddev 3.087, 0 failed
progress: 38.0 s, 38986.9 tps, lat 3.282 ms stddev 3.153, 0 failed
progress: 39.0 s, 39084.0 tps, lat 3.275 ms stddev 3.145, 0 failed
progress: 40.0 s, 39211.7 tps, lat 3.264 ms stddev 3.113, 0 failed
progress: 41.0 s, 39595.3 tps, lat 3.233 ms stddev 3.059, 0 failed
progress: 42.0 s, 38902.8 tps, lat 3.290 ms stddev 3.153, 0 failed
progress: 43.0 s, 39123.1 tps, lat 3.271 ms stddev 3.132, 0 failed
progress: 44.0 s, 38865.0 tps, lat 3.291 ms stddev 3.158, 0 failed
progress: 45.0 s, 39266.9 tps, lat 3.262 ms stddev 3.070, 0 failed
progress: 46.0 s, 39097.2 tps, lat 3.271 ms stddev 3.125, 0 failed
progress: 47.0 s, 39045.0 tps, lat 3.280 ms stddev 3.143, 0 failed
progress: 48.0 s, 39138.0 tps, lat 3.269 ms stddev 3.080, 0 failed
progress: 49.0 s, 39373.0 tps, lat 3.251 ms stddev 3.072, 0 failed
progress: 50.0 s, 39251.8 tps, lat 3.261 ms stddev 3.098, 0 failed
progress: 51.0 s, 38937.3 tps, lat 3.287 ms stddev 3.141, 0 failed
progress: 52.0 s, 39247.0 tps, lat 3.262 ms stddev 3.122, 0 failed
progress: 53.0 s, 39196.9 tps, lat 3.265 ms stddev 3.091, 0 failed
progress: 54.0 s, 39177.0 tps, lat 3.265 ms stddev 3.097, 0 failed
progress: 55.0 s, 39034.1 tps, lat 3.280 ms stddev 3.120, 0 failed
progress: 56.0 s, 30711.4 tps, lat 4.137 ms stddev 4.846, 0 failed
progress: 57.0 s, 7277.0 tps, lat 17.603 ms stddev 7.524, 0 failed
progress: 58.0 s, 7315.4 tps, lat 17.477 ms stddev 7.574, 0 failed
progress: 59.0 s, 17399.9 tps, lat 7.412 ms stddev 8.090, 0 failed
transaction type: star-1.sql
scaling factor: 1
query mode: prepared
number of clients: 128
number of threads: 128
maximum number of tries: 1
duration: 60 s
number of transactions actually processed: 2178573
number of failed transactions: 0 (0.000%)
latency average = 3.521 ms
latency stddev = 4.179 ms
initial connection time = 72.251 ms
tps = 36341.667554 (without initial connection time)
