pgbench (18devel, server 9.1.24)
progress: 1.0 s, 14365.6 tps, lat 2.203 ms stddev 1.322, 0 failed
progress: 2.0 s, 12253.5 tps, lat 2.611 ms stddev 0.518, 0 failed
progress: 3.0 s, 12773.5 tps, lat 2.505 ms stddev 0.731, 0 failed
progress: 4.0 s, 12311.0 tps, lat 2.598 ms stddev 0.625, 0 failed
progress: 5.0 s, 12350.0 tps, lat 2.591 ms stddev 0.585, 0 failed
progress: 6.0 s, 22298.1 tps, lat 1.435 ms stddev 1.009, 0 failed
progress: 7.0 s, 13812.2 tps, lat 2.316 ms stddev 0.839, 0 failed
progress: 8.0 s, 13229.6 tps, lat 2.418 ms stddev 0.788, 0 failed
progress: 9.0 s, 14734.1 tps, lat 2.171 ms stddev 0.932, 0 failed
progress: 10.0 s, 12887.1 tps, lat 2.483 ms stddev 0.709, 0 failed
progress: 11.0 s, 12675.0 tps, lat 2.524 ms stddev 0.660, 0 failed
progress: 12.0 s, 11985.0 tps, lat 2.670 ms stddev 0.440, 0 failed
progress: 13.0 s, 13815.6 tps, lat 2.315 ms stddev 0.824, 0 failed
progress: 14.0 s, 25941.9 tps, lat 1.234 ms stddev 0.944, 0 failed
progress: 15.0 s, 15970.9 tps, lat 2.005 ms stddev 1.028, 0 failed
progress: 16.0 s, 18448.0 tps, lat 1.733 ms stddev 1.039, 0 failed
progress: 17.0 s, 12928.5 tps, lat 2.475 ms stddev 0.693, 0 failed
progress: 18.0 s, 13154.7 tps, lat 2.432 ms stddev 0.725, 0 failed
progress: 19.0 s, 14085.9 tps, lat 2.271 ms stddev 0.820, 0 failed
progress: 20.0 s, 12454.1 tps, lat 2.569 ms stddev 0.717, 0 failed
progress: 21.0 s, 11846.0 tps, lat 2.700 ms stddev 0.544, 0 failed
progress: 22.0 s, 17322.1 tps, lat 1.847 ms stddev 1.080, 0 failed
progress: 23.0 s, 11979.0 tps, lat 2.671 ms stddev 0.551, 0 failed
progress: 24.0 s, 12185.0 tps, lat 2.625 ms stddev 0.591, 0 failed
progress: 25.0 s, 11889.0 tps, lat 2.690 ms stddev 0.531, 0 failed
progress: 26.0 s, 13428.1 tps, lat 2.383 ms stddev 0.872, 0 failed
progress: 27.0 s, 12458.8 tps, lat 2.569 ms stddev 0.655, 0 failed
progress: 28.0 s, 17740.3 tps, lat 1.803 ms stddev 1.103, 0 failed
progress: 29.0 s, 11811.5 tps, lat 2.710 ms stddev 0.532, 0 failed
progress: 30.0 s, 11938.5 tps, lat 2.679 ms stddev 0.577, 0 failed
progress: 31.0 s, 12052.0 tps, lat 2.654 ms stddev 0.549, 0 failed
progress: 32.0 s, 13509.1 tps, lat 2.368 ms stddev 0.801, 0 failed
progress: 33.0 s, 12255.9 tps, lat 2.611 ms stddev 0.622, 0 failed
progress: 34.0 s, 12967.2 tps, lat 2.468 ms stddev 0.789, 0 failed
progress: 35.0 s, 13688.2 tps, lat 2.336 ms stddev 0.861, 0 failed
progress: 36.0 s, 12223.7 tps, lat 2.618 ms stddev 0.594, 0 failed
progress: 37.0 s, 15224.0 tps, lat 2.101 ms stddev 0.976, 0 failed
progress: 38.0 s, 22570.8 tps, lat 1.418 ms stddev 1.045, 0 failed
progress: 39.0 s, 12549.2 tps, lat 2.550 ms stddev 0.689, 0 failed
progress: 40.0 s, 12085.9 tps, lat 2.646 ms stddev 0.561, 0 failed
progress: 41.0 s, 16769.3 tps, lat 1.909 ms stddev 1.026, 0 failed
progress: 42.0 s, 13241.2 tps, lat 2.415 ms stddev 0.777, 0 failed
progress: 43.0 s, 22782.2 tps, lat 1.405 ms stddev 1.028, 0 failed
progress: 44.0 s, 19074.8 tps, lat 1.676 ms stddev 1.033, 0 failed
progress: 45.0 s, 15856.5 tps, lat 2.017 ms stddev 0.939, 0 failed
progress: 46.0 s, 15491.4 tps, lat 2.066 ms stddev 0.986, 0 failed
progress: 47.0 s, 14475.9 tps, lat 2.211 ms stddev 0.829, 0 failed
progress: 48.0 s, 16790.2 tps, lat 1.905 ms stddev 0.942, 0 failed
progress: 49.0 s, 22770.0 tps, lat 1.406 ms stddev 0.931, 0 failed
progress: 50.0 s, 21675.2 tps, lat 1.475 ms stddev 0.999, 0 failed
progress: 51.0 s, 16403.5 tps, lat 1.951 ms stddev 0.908, 0 failed
progress: 52.0 s, 17505.1 tps, lat 1.828 ms stddev 1.005, 0 failed
progress: 53.0 s, 16451.5 tps, lat 1.943 ms stddev 0.970, 0 failed
progress: 54.0 s, 13366.7 tps, lat 2.394 ms stddev 0.748, 0 failed
progress: 55.0 s, 16104.4 tps, lat 1.986 ms stddev 0.989, 0 failed
progress: 56.0 s, 17286.6 tps, lat 1.851 ms stddev 0.990, 0 failed
progress: 57.0 s, 23294.8 tps, lat 1.373 ms stddev 0.941, 0 failed
progress: 58.0 s, 14462.5 tps, lat 2.212 ms stddev 0.845, 0 failed
progress: 59.0 s, 18598.7 tps, lat 1.721 ms stddev 0.986, 0 failed
transaction type: star-1.sql
scaling factor: 1
query mode: prepared
number of clients: 32
number of threads: 32
maximum number of tries: 1
duration: 60 s
number of transactions actually processed: 909714
number of failed transactions: 0 (0.000%)
latency average = 2.109 ms
latency stddev = 0.976 ms
initial connection time = 22.152 ms
tps = 15167.132155 (without initial connection time)
