pgbench (18devel, server 9.4.26)
progress: 1.0 s, 59564.5 tps, lat 2.095 ms stddev 3.120, 0 failed
progress: 2.0 s, 64467.1 tps, lat 1.985 ms stddev 2.092, 0 failed
progress: 3.0 s, 64632.1 tps, lat 1.980 ms stddev 2.096, 0 failed
progress: 4.0 s, 65185.9 tps, lat 1.964 ms stddev 2.065, 0 failed
progress: 5.0 s, 64927.9 tps, lat 1.971 ms stddev 2.083, 0 failed
progress: 6.0 s, 64032.9 tps, lat 1.999 ms stddev 2.151, 0 failed
progress: 7.0 s, 64673.4 tps, lat 1.978 ms stddev 2.094, 0 failed
progress: 8.0 s, 65295.9 tps, lat 1.960 ms stddev 2.056, 0 failed
progress: 9.0 s, 64750.0 tps, lat 1.977 ms stddev 2.085, 0 failed
progress: 10.0 s, 63728.1 tps, lat 2.008 ms stddev 2.149, 0 failed
progress: 11.0 s, 64141.9 tps, lat 1.995 ms stddev 2.110, 0 failed
progress: 12.0 s, 65236.1 tps, lat 1.962 ms stddev 2.065, 0 failed
progress: 13.0 s, 64858.0 tps, lat 1.974 ms stddev 2.107, 0 failed
progress: 14.0 s, 63972.8 tps, lat 2.000 ms stddev 2.147, 0 failed
progress: 15.0 s, 64319.1 tps, lat 1.989 ms stddev 2.117, 0 failed
progress: 16.0 s, 65299.0 tps, lat 1.961 ms stddev 2.058, 0 failed
progress: 17.0 s, 64481.1 tps, lat 1.983 ms stddev 2.118, 0 failed
progress: 18.0 s, 64130.1 tps, lat 1.996 ms stddev 2.145, 0 failed
progress: 19.0 s, 63555.9 tps, lat 2.014 ms stddev 2.147, 0 failed
progress: 20.0 s, 64921.0 tps, lat 1.971 ms stddev 2.081, 0 failed
progress: 21.0 s, 64611.9 tps, lat 1.981 ms stddev 2.106, 0 failed
progress: 22.0 s, 64009.1 tps, lat 1.999 ms stddev 2.144, 0 failed
progress: 23.0 s, 64095.1 tps, lat 1.998 ms stddev 2.138, 0 failed
progress: 24.0 s, 65093.9 tps, lat 1.966 ms stddev 2.080, 0 failed
progress: 25.0 s, 64393.7 tps, lat 1.987 ms stddev 2.130, 0 failed
progress: 26.0 s, 63749.3 tps, lat 2.008 ms stddev 2.156, 0 failed
progress: 27.0 s, 64155.6 tps, lat 1.994 ms stddev 2.131, 0 failed
progress: 28.0 s, 64847.4 tps, lat 1.974 ms stddev 2.092, 0 failed
progress: 29.0 s, 64552.9 tps, lat 1.982 ms stddev 2.117, 0 failed
progress: 30.0 s, 64006.2 tps, lat 1.999 ms stddev 2.143, 0 failed
progress: 31.0 s, 64295.7 tps, lat 1.991 ms stddev 2.120, 0 failed
progress: 32.0 s, 64969.2 tps, lat 1.971 ms stddev 2.088, 0 failed
progress: 33.0 s, 64922.8 tps, lat 1.970 ms stddev 2.086, 0 failed
progress: 34.0 s, 64026.1 tps, lat 1.999 ms stddev 2.135, 0 failed
progress: 35.0 s, 64387.0 tps, lat 1.987 ms stddev 2.118, 0 failed
progress: 36.0 s, 64819.1 tps, lat 1.975 ms stddev 2.098, 0 failed
progress: 37.0 s, 64325.0 tps, lat 1.989 ms stddev 2.120, 0 failed
progress: 38.0 s, 64402.9 tps, lat 1.987 ms stddev 2.124, 0 failed
progress: 39.0 s, 63951.1 tps, lat 2.001 ms stddev 2.145, 0 failed
progress: 40.0 s, 65090.0 tps, lat 1.965 ms stddev 2.079, 0 failed
progress: 41.0 s, 65226.9 tps, lat 1.963 ms stddev 2.076, 0 failed
progress: 42.0 s, 64734.1 tps, lat 1.978 ms stddev 2.106, 0 failed
progress: 43.0 s, 64464.1 tps, lat 1.985 ms stddev 2.125, 0 failed
progress: 44.0 s, 65669.9 tps, lat 1.950 ms stddev 2.057, 0 failed
progress: 45.0 s, 65478.8 tps, lat 1.954 ms stddev 2.063, 0 failed
progress: 46.0 s, 63399.4 tps, lat 2.019 ms stddev 2.155, 0 failed
progress: 47.0 s, 64454.9 tps, lat 1.985 ms stddev 2.118, 0 failed
progress: 48.0 s, 65455.1 tps, lat 1.955 ms stddev 2.060, 0 failed
progress: 49.0 s, 64891.5 tps, lat 1.972 ms stddev 2.096, 0 failed
progress: 50.0 s, 63493.0 tps, lat 2.016 ms stddev 2.182, 0 failed
progress: 51.0 s, 64716.2 tps, lat 1.977 ms stddev 2.100, 0 failed
progress: 52.0 s, 65821.2 tps, lat 1.945 ms stddev 2.053, 0 failed
progress: 53.0 s, 64708.0 tps, lat 1.978 ms stddev 2.119, 0 failed
progress: 54.0 s, 64361.5 tps, lat 1.988 ms stddev 2.125, 0 failed
progress: 55.0 s, 64301.5 tps, lat 1.991 ms stddev 2.123, 0 failed
progress: 56.0 s, 65417.9 tps, lat 1.957 ms stddev 2.068, 0 failed
progress: 57.0 s, 64459.1 tps, lat 1.985 ms stddev 2.114, 0 failed
progress: 58.0 s, 64521.0 tps, lat 1.984 ms stddev 2.117, 0 failed
progress: 59.0 s, 64600.9 tps, lat 1.981 ms stddev 2.134, 0 failed
transaction type: star-1.sql
scaling factor: 1
query mode: prepared
number of clients: 128
number of threads: 128
maximum number of tries: 1
duration: 60 s
number of transactions actually processed: 3867324
number of failed transactions: 0 (0.000%)
latency average = 1.983 ms
latency stddev = 2.129 ms
initial connection time = 74.030 ms
tps = 64495.821681 (without initial connection time)
