pgbench (18devel, server 9.4.26)
progress: 1.0 s, 62282.3 tps, lat 1.012 ms stddev 1.139, 0 failed
progress: 2.0 s, 65254.3 tps, lat 0.980 ms stddev 0.948, 0 failed
progress: 3.0 s, 65210.7 tps, lat 0.981 ms stddev 0.954, 0 failed
progress: 4.0 s, 66653.2 tps, lat 0.960 ms stddev 0.917, 0 failed
progress: 5.0 s, 64750.9 tps, lat 0.988 ms stddev 0.968, 0 failed
progress: 6.0 s, 64279.8 tps, lat 0.996 ms stddev 0.980, 0 failed
progress: 7.0 s, 64793.5 tps, lat 0.987 ms stddev 0.966, 0 failed
progress: 8.0 s, 66675.7 tps, lat 0.960 ms stddev 0.915, 0 failed
progress: 9.0 s, 64629.1 tps, lat 0.990 ms stddev 0.973, 0 failed
progress: 10.0 s, 64828.2 tps, lat 0.987 ms stddev 0.974, 0 failed
progress: 11.0 s, 65062.6 tps, lat 0.983 ms stddev 0.963, 0 failed
progress: 12.0 s, 66793.3 tps, lat 0.958 ms stddev 0.919, 0 failed
progress: 13.0 s, 65201.5 tps, lat 0.982 ms stddev 0.958, 0 failed
progress: 14.0 s, 65286.4 tps, lat 0.979 ms stddev 0.958, 0 failed
progress: 15.0 s, 65058.1 tps, lat 0.984 ms stddev 0.959, 0 failed
progress: 16.0 s, 67233.0 tps, lat 0.952 ms stddev 0.904, 0 failed
progress: 17.0 s, 64653.8 tps, lat 0.990 ms stddev 0.974, 0 failed
progress: 18.0 s, 64768.1 tps, lat 0.988 ms stddev 0.967, 0 failed
progress: 19.0 s, 65237.8 tps, lat 0.981 ms stddev 0.956, 0 failed
progress: 20.0 s, 66488.2 tps, lat 0.962 ms stddev 0.931, 0 failed
progress: 21.0 s, 64511.1 tps, lat 0.991 ms stddev 0.968, 0 failed
progress: 22.0 s, 64901.9 tps, lat 0.986 ms stddev 0.967, 0 failed
progress: 23.0 s, 65008.7 tps, lat 0.984 ms stddev 0.959, 0 failed
progress: 24.0 s, 66627.3 tps, lat 0.960 ms stddev 0.922, 0 failed
progress: 25.0 s, 66857.9 tps, lat 0.957 ms stddev 0.917, 0 failed
progress: 26.0 s, 65148.0 tps, lat 0.982 ms stddev 0.963, 0 failed
progress: 27.0 s, 64845.8 tps, lat 0.987 ms stddev 0.969, 0 failed
progress: 28.0 s, 66180.2 tps, lat 0.966 ms stddev 0.937, 0 failed
progress: 29.0 s, 65418.9 tps, lat 0.978 ms stddev 0.953, 0 failed
progress: 30.0 s, 64954.9 tps, lat 0.985 ms stddev 0.965, 0 failed
progress: 31.0 s, 65428.1 tps, lat 0.978 ms stddev 0.947, 0 failed
progress: 32.0 s, 66706.9 tps, lat 0.959 ms stddev 0.920, 0 failed
progress: 33.0 s, 64253.3 tps, lat 0.996 ms stddev 0.983, 0 failed
progress: 34.0 s, 65631.9 tps, lat 0.975 ms stddev 0.947, 0 failed
progress: 35.0 s, 65264.9 tps, lat 0.980 ms stddev 0.953, 0 failed
progress: 36.0 s, 66746.2 tps, lat 0.958 ms stddev 0.915, 0 failed
progress: 37.0 s, 65060.7 tps, lat 0.983 ms stddev 0.960, 0 failed
progress: 38.0 s, 64998.1 tps, lat 0.984 ms stddev 0.959, 0 failed
progress: 39.0 s, 65079.1 tps, lat 0.983 ms stddev 0.960, 0 failed
progress: 40.0 s, 66635.9 tps, lat 0.960 ms stddev 0.925, 0 failed
progress: 41.0 s, 64720.0 tps, lat 0.989 ms stddev 0.970, 0 failed
progress: 42.0 s, 64984.1 tps, lat 0.985 ms stddev 0.966, 0 failed
progress: 43.0 s, 64982.9 tps, lat 0.984 ms stddev 0.954, 0 failed
progress: 44.0 s, 66382.1 tps, lat 0.964 ms stddev 0.928, 0 failed
progress: 45.0 s, 64812.9 tps, lat 0.987 ms stddev 0.972, 0 failed
progress: 46.0 s, 64605.0 tps, lat 0.990 ms stddev 0.974, 0 failed
progress: 47.0 s, 65237.8 tps, lat 0.981 ms stddev 0.962, 0 failed
progress: 48.0 s, 66728.2 tps, lat 0.959 ms stddev 0.914, 0 failed
progress: 49.0 s, 65003.0 tps, lat 0.984 ms stddev 0.964, 0 failed
progress: 50.0 s, 65272.9 tps, lat 0.980 ms stddev 0.958, 0 failed
progress: 51.0 s, 66147.1 tps, lat 0.967 ms stddev 0.935, 0 failed
progress: 52.0 s, 66272.1 tps, lat 0.965 ms stddev 0.935, 0 failed
progress: 53.0 s, 65304.8 tps, lat 0.980 ms stddev 0.965, 0 failed
progress: 54.0 s, 64909.0 tps, lat 0.986 ms stddev 0.964, 0 failed
progress: 55.0 s, 65175.5 tps, lat 0.982 ms stddev 0.964, 0 failed
progress: 56.0 s, 66662.6 tps, lat 0.960 ms stddev 0.919, 0 failed
progress: 57.0 s, 65365.0 tps, lat 0.979 ms stddev 0.956, 0 failed
progress: 58.0 s, 65330.9 tps, lat 0.979 ms stddev 0.955, 0 failed
progress: 59.0 s, 65279.6 tps, lat 0.980 ms stddev 0.960, 0 failed
transaction type: star-1.sql
scaling factor: 1
query mode: prepared
number of clients: 64
number of threads: 64
maximum number of tries: 1
duration: 60 s
number of transactions actually processed: 3924086
number of failed transactions: 0 (0.000%)
latency average = 0.978 ms
latency stddev = 0.954 ms
initial connection time = 38.186 ms
tps = 65440.262313 (without initial connection time)
