pgbench (18devel)
progress: 1.0 s, 338483.6 tps, lat 0.366 ms stddev 0.647, 0 failed
progress: 2.0 s, 364128.8 tps, lat 0.351 ms stddev 0.161, 0 failed
progress: 3.0 s, 367786.7 tps, lat 0.348 ms stddev 0.156, 0 failed
progress: 4.0 s, 369692.5 tps, lat 0.346 ms stddev 0.153, 0 failed
progress: 5.0 s, 370293.3 tps, lat 0.345 ms stddev 0.152, 0 failed
progress: 6.0 s, 370868.4 tps, lat 0.345 ms stddev 0.152, 0 failed
progress: 7.0 s, 370944.8 tps, lat 0.345 ms stddev 0.153, 0 failed
progress: 8.0 s, 371293.4 tps, lat 0.344 ms stddev 0.152, 0 failed
progress: 9.0 s, 371628.8 tps, lat 0.344 ms stddev 0.151, 0 failed
progress: 10.0 s, 371323.8 tps, lat 0.344 ms stddev 0.152, 0 failed
progress: 11.0 s, 371643.1 tps, lat 0.344 ms stddev 0.152, 0 failed
progress: 12.0 s, 371470.7 tps, lat 0.344 ms stddev 0.152, 0 failed
progress: 13.0 s, 371418.5 tps, lat 0.344 ms stddev 0.152, 0 failed
progress: 14.0 s, 371479.1 tps, lat 0.344 ms stddev 0.152, 0 failed
progress: 15.0 s, 371772.0 tps, lat 0.344 ms stddev 0.152, 0 failed
progress: 16.0 s, 371730.3 tps, lat 0.344 ms stddev 0.152, 0 failed
progress: 17.0 s, 371688.5 tps, lat 0.344 ms stddev 0.153, 0 failed
progress: 18.0 s, 371584.4 tps, lat 0.344 ms stddev 0.152, 0 failed
progress: 19.0 s, 371783.8 tps, lat 0.344 ms stddev 0.151, 0 failed
progress: 20.0 s, 371509.8 tps, lat 0.344 ms stddev 0.152, 0 failed
progress: 21.0 s, 371705.0 tps, lat 0.344 ms stddev 0.151, 0 failed
progress: 22.0 s, 371751.7 tps, lat 0.344 ms stddev 0.152, 0 failed
progress: 23.0 s, 371635.1 tps, lat 0.344 ms stddev 0.151, 0 failed
progress: 24.0 s, 371763.7 tps, lat 0.344 ms stddev 0.151, 0 failed
progress: 25.0 s, 371755.4 tps, lat 0.344 ms stddev 0.151, 0 failed
progress: 26.0 s, 371841.1 tps, lat 0.344 ms stddev 0.151, 0 failed
progress: 27.0 s, 371756.9 tps, lat 0.344 ms stddev 0.152, 0 failed
progress: 28.0 s, 371569.7 tps, lat 0.344 ms stddev 0.151, 0 failed
progress: 29.0 s, 371555.9 tps, lat 0.344 ms stddev 0.151, 0 failed
progress: 30.0 s, 371565.2 tps, lat 0.344 ms stddev 0.151, 0 failed
progress: 31.0 s, 371812.2 tps, lat 0.344 ms stddev 0.151, 0 failed
progress: 32.0 s, 371434.7 tps, lat 0.344 ms stddev 0.152, 0 failed
progress: 33.0 s, 371589.3 tps, lat 0.344 ms stddev 0.151, 0 failed
progress: 34.0 s, 371962.7 tps, lat 0.344 ms stddev 0.151, 0 failed
progress: 35.0 s, 372009.1 tps, lat 0.344 ms stddev 0.151, 0 failed
progress: 36.0 s, 371859.5 tps, lat 0.344 ms stddev 0.150, 0 failed
progress: 37.0 s, 371968.1 tps, lat 0.344 ms stddev 0.150, 0 failed
progress: 38.0 s, 371987.2 tps, lat 0.344 ms stddev 0.150, 0 failed
progress: 39.0 s, 371734.7 tps, lat 0.344 ms stddev 0.150, 0 failed
progress: 40.0 s, 371825.4 tps, lat 0.344 ms stddev 0.149, 0 failed
progress: 41.0 s, 371726.3 tps, lat 0.344 ms stddev 0.149, 0 failed
progress: 42.0 s, 371908.7 tps, lat 0.344 ms stddev 0.149, 0 failed
progress: 43.0 s, 371802.3 tps, lat 0.344 ms stddev 0.150, 0 failed
progress: 44.0 s, 371694.0 tps, lat 0.344 ms stddev 0.149, 0 failed
progress: 45.0 s, 371867.8 tps, lat 0.344 ms stddev 0.149, 0 failed
progress: 46.0 s, 371713.3 tps, lat 0.344 ms stddev 0.149, 0 failed
progress: 47.0 s, 371751.3 tps, lat 0.344 ms stddev 0.149, 0 failed
progress: 48.0 s, 371852.1 tps, lat 0.344 ms stddev 0.149, 0 failed
progress: 49.0 s, 371683.3 tps, lat 0.344 ms stddev 0.150, 0 failed
progress: 50.0 s, 371864.0 tps, lat 0.344 ms stddev 0.159, 0 failed
progress: 51.0 s, 372011.0 tps, lat 0.344 ms stddev 0.155, 0 failed
progress: 52.0 s, 371816.9 tps, lat 0.344 ms stddev 0.151, 0 failed
progress: 53.0 s, 371683.6 tps, lat 0.344 ms stddev 0.150, 0 failed
progress: 54.0 s, 371598.8 tps, lat 0.344 ms stddev 0.150, 0 failed
progress: 55.0 s, 371624.2 tps, lat 0.344 ms stddev 0.150, 0 failed
progress: 56.0 s, 371899.4 tps, lat 0.344 ms stddev 0.150, 0 failed
progress: 57.0 s, 372289.6 tps, lat 0.344 ms stddev 0.150, 0 failed
progress: 58.0 s, 372207.6 tps, lat 0.344 ms stddev 0.150, 0 failed
progress: 59.0 s, 372259.0 tps, lat 0.344 ms stddev 0.149, 0 failed
transaction type: star-1.sql
scaling factor: 1
query mode: prepared
number of clients: 128
number of threads: 128
maximum number of tries: 1
duration: 60 s
number of transactions actually processed: 22238373
number of failed transactions: 0 (0.000%)
latency average = 0.345 ms
latency stddev = 0.170 ms
initial connection time = 76.864 ms
tps = 371059.874257 (without initial connection time)
