pgbench (18devel, server 9.2.24)
progress: 1.0 s, 37980.8 tps, lat 6.402 ms stddev 25.091, 0 failed
progress: 2.0 s, 57769.9 tps, lat 4.431 ms stddev 4.824, 0 failed
progress: 3.0 s, 58643.1 tps, lat 4.364 ms stddev 4.721, 0 failed
progress: 4.0 s, 57405.9 tps, lat 4.458 ms stddev 4.918, 0 failed
progress: 5.0 s, 57883.9 tps, lat 4.424 ms stddev 4.884, 0 failed
progress: 6.0 s, 57627.1 tps, lat 4.442 ms stddev 4.892, 0 failed
progress: 7.0 s, 58562.0 tps, lat 4.369 ms stddev 4.739, 0 failed
progress: 8.0 s, 57332.9 tps, lat 4.464 ms stddev 4.976, 0 failed
progress: 9.0 s, 57754.1 tps, lat 4.436 ms stddev 4.852, 0 failed
progress: 10.0 s, 57631.9 tps, lat 4.442 ms stddev 4.897, 0 failed
progress: 11.0 s, 59433.1 tps, lat 4.305 ms stddev 4.685, 0 failed
progress: 12.0 s, 57760.7 tps, lat 4.430 ms stddev 4.911, 0 failed
progress: 13.0 s, 57842.4 tps, lat 4.426 ms stddev 4.905, 0 failed
progress: 14.0 s, 58146.8 tps, lat 4.404 ms stddev 4.849, 0 failed
progress: 15.0 s, 59274.2 tps, lat 4.319 ms stddev 4.675, 0 failed
progress: 16.0 s, 58077.9 tps, lat 4.409 ms stddev 4.833, 0 failed
progress: 17.0 s, 57597.9 tps, lat 4.445 ms stddev 4.867, 0 failed
progress: 18.0 s, 57540.1 tps, lat 4.448 ms stddev 4.855, 0 failed
progress: 19.0 s, 59130.8 tps, lat 4.329 ms stddev 4.694, 0 failed
progress: 20.0 s, 57986.3 tps, lat 4.412 ms stddev 4.848, 0 failed
progress: 21.0 s, 57848.8 tps, lat 4.428 ms stddev 4.855, 0 failed
progress: 22.0 s, 58354.9 tps, lat 4.385 ms stddev 4.835, 0 failed
progress: 23.0 s, 59169.1 tps, lat 4.323 ms stddev 4.694, 0 failed
progress: 24.0 s, 57651.7 tps, lat 4.446 ms stddev 4.953, 0 failed
progress: 25.0 s, 58248.2 tps, lat 4.392 ms stddev 4.868, 0 failed
progress: 26.0 s, 58302.2 tps, lat 4.391 ms stddev 4.876, 0 failed
progress: 27.0 s, 59467.8 tps, lat 4.303 ms stddev 4.701, 0 failed
progress: 28.0 s, 58072.1 tps, lat 4.409 ms stddev 4.896, 0 failed
progress: 29.0 s, 57465.9 tps, lat 4.456 ms stddev 4.942, 0 failed
progress: 30.0 s, 57686.1 tps, lat 4.435 ms stddev 4.886, 0 failed
progress: 31.0 s, 58889.6 tps, lat 4.346 ms stddev 4.754, 0 failed
progress: 32.0 s, 58162.5 tps, lat 4.404 ms stddev 4.864, 0 failed
progress: 33.0 s, 57888.9 tps, lat 4.422 ms stddev 4.901, 0 failed
progress: 34.0 s, 58337.1 tps, lat 4.386 ms stddev 4.856, 0 failed
progress: 35.0 s, 58912.1 tps, lat 4.346 ms stddev 4.775, 0 failed
progress: 36.0 s, 57512.9 tps, lat 4.453 ms stddev 4.943, 0 failed
progress: 37.0 s, 57249.1 tps, lat 4.468 ms stddev 4.957, 0 failed
progress: 38.0 s, 57783.8 tps, lat 4.434 ms stddev 4.910, 0 failed
progress: 39.0 s, 58396.2 tps, lat 4.382 ms stddev 4.802, 0 failed
progress: 40.0 s, 57745.8 tps, lat 4.433 ms stddev 4.904, 0 failed
progress: 41.0 s, 57762.0 tps, lat 4.431 ms stddev 4.911, 0 failed
progress: 42.0 s, 57755.9 tps, lat 4.434 ms stddev 4.921, 0 failed
progress: 43.0 s, 59060.0 tps, lat 4.331 ms stddev 4.681, 0 failed
progress: 44.0 s, 57992.1 tps, lat 4.416 ms stddev 4.870, 0 failed
progress: 45.0 s, 57641.0 tps, lat 4.439 ms stddev 4.901, 0 failed
progress: 46.0 s, 58189.2 tps, lat 4.403 ms stddev 4.882, 0 failed
progress: 47.0 s, 59058.9 tps, lat 4.332 ms stddev 4.736, 0 failed
progress: 48.0 s, 57986.1 tps, lat 4.414 ms stddev 4.919, 0 failed
progress: 49.0 s, 57637.8 tps, lat 4.444 ms stddev 4.909, 0 failed
progress: 50.0 s, 57636.0 tps, lat 4.443 ms stddev 4.933, 0 failed
progress: 51.0 s, 58996.2 tps, lat 4.338 ms stddev 4.739, 0 failed
progress: 52.0 s, 57393.5 tps, lat 4.456 ms stddev 4.966, 0 failed
progress: 53.0 s, 57328.3 tps, lat 4.467 ms stddev 4.960, 0 failed
progress: 54.0 s, 58068.0 tps, lat 4.410 ms stddev 4.867, 0 failed
progress: 55.0 s, 58614.1 tps, lat 4.366 ms stddev 4.764, 0 failed
progress: 56.0 s, 57586.9 tps, lat 4.445 ms stddev 4.925, 0 failed
progress: 57.0 s, 57864.1 tps, lat 4.423 ms stddev 4.901, 0 failed
progress: 58.0 s, 57799.2 tps, lat 4.430 ms stddev 4.914, 0 failed
progress: 59.0 s, 59175.8 tps, lat 4.327 ms stddev 4.727, 0 failed
transaction type: star-1.sql
scaling factor: 1
query mode: prepared
number of clients: 256
number of threads: 256
maximum number of tries: 1
duration: 60 s
number of transactions actually processed: 3460670
number of failed transactions: 0 (0.000%)
latency average = 4.428 ms
latency stddev = 5.501 ms
initial connection time = 144.483 ms
tps = 57781.914934 (without initial connection time)
