pgbench (18devel, server 9.2.24)
progress: 1.0 s, 108752.0 tps, lat 0.292 ms stddev 0.272, 0 failed
progress: 2.0 s, 112240.0 tps, lat 0.285 ms stddev 0.095, 0 failed
progress: 3.0 s, 112705.0 tps, lat 0.284 ms stddev 0.094, 0 failed
progress: 4.0 s, 113638.0 tps, lat 0.281 ms stddev 0.094, 0 failed
progress: 5.0 s, 112966.8 tps, lat 0.283 ms stddev 0.096, 0 failed
progress: 6.0 s, 111229.2 tps, lat 0.287 ms stddev 0.097, 0 failed
progress: 7.0 s, 113763.0 tps, lat 0.281 ms stddev 0.094, 0 failed
progress: 8.0 s, 113839.0 tps, lat 0.281 ms stddev 0.093, 0 failed
progress: 9.0 s, 113890.7 tps, lat 0.281 ms stddev 0.093, 0 failed
progress: 10.0 s, 114900.7 tps, lat 0.278 ms stddev 0.092, 0 failed
progress: 11.0 s, 115291.7 tps, lat 0.277 ms stddev 0.092, 0 failed
progress: 12.0 s, 114159.3 tps, lat 0.280 ms stddev 0.094, 0 failed
progress: 13.0 s, 114106.2 tps, lat 0.280 ms stddev 0.095, 0 failed
progress: 14.0 s, 114171.5 tps, lat 0.280 ms stddev 0.096, 0 failed
progress: 15.0 s, 115109.7 tps, lat 0.278 ms stddev 0.093, 0 failed
progress: 16.0 s, 113922.8 tps, lat 0.281 ms stddev 0.095, 0 failed
progress: 17.0 s, 115064.6 tps, lat 0.278 ms stddev 0.093, 0 failed
progress: 18.0 s, 114730.4 tps, lat 0.279 ms stddev 0.093, 0 failed
progress: 19.0 s, 115525.5 tps, lat 0.277 ms stddev 0.093, 0 failed
progress: 20.0 s, 112956.5 tps, lat 0.283 ms stddev 0.097, 0 failed
progress: 21.0 s, 114138.6 tps, lat 0.280 ms stddev 0.095, 0 failed
progress: 22.0 s, 114065.4 tps, lat 0.280 ms stddev 0.096, 0 failed
progress: 23.0 s, 114108.2 tps, lat 0.280 ms stddev 0.095, 0 failed
progress: 24.0 s, 113388.9 tps, lat 0.282 ms stddev 0.096, 0 failed
progress: 25.0 s, 114060.5 tps, lat 0.280 ms stddev 0.096, 0 failed
progress: 26.0 s, 114280.5 tps, lat 0.280 ms stddev 0.095, 0 failed
progress: 27.0 s, 115676.5 tps, lat 0.276 ms stddev 0.093, 0 failed
progress: 28.0 s, 115725.0 tps, lat 0.276 ms stddev 0.093, 0 failed
progress: 29.0 s, 115144.6 tps, lat 0.278 ms stddev 0.095, 0 failed
progress: 30.0 s, 113925.5 tps, lat 0.281 ms stddev 0.096, 0 failed
progress: 31.0 s, 115162.3 tps, lat 0.278 ms stddev 0.095, 0 failed
progress: 32.0 s, 113977.2 tps, lat 0.281 ms stddev 0.096, 0 failed
progress: 33.0 s, 113671.6 tps, lat 0.281 ms stddev 0.097, 0 failed
progress: 34.0 s, 114837.9 tps, lat 0.278 ms stddev 0.094, 0 failed
progress: 35.0 s, 112766.1 tps, lat 0.284 ms stddev 0.098, 0 failed
progress: 36.0 s, 113513.3 tps, lat 0.282 ms stddev 0.097, 0 failed
progress: 37.0 s, 113155.7 tps, lat 0.283 ms stddev 0.099, 0 failed
progress: 38.0 s, 114930.0 tps, lat 0.278 ms stddev 0.095, 0 failed
progress: 39.0 s, 113967.4 tps, lat 0.281 ms stddev 0.097, 0 failed
progress: 40.0 s, 114398.6 tps, lat 0.280 ms stddev 0.096, 0 failed
progress: 41.0 s, 114850.7 tps, lat 0.278 ms stddev 0.096, 0 failed
progress: 42.0 s, 115391.8 tps, lat 0.277 ms stddev 0.094, 0 failed
progress: 43.0 s, 115235.3 tps, lat 0.277 ms stddev 0.094, 0 failed
progress: 44.0 s, 113593.1 tps, lat 0.281 ms stddev 0.097, 0 failed
progress: 45.0 s, 114370.0 tps, lat 0.280 ms stddev 0.096, 0 failed
progress: 46.0 s, 114833.7 tps, lat 0.278 ms stddev 0.096, 0 failed
progress: 47.0 s, 114318.2 tps, lat 0.280 ms stddev 0.097, 0 failed
progress: 48.0 s, 114775.1 tps, lat 0.279 ms stddev 0.095, 0 failed
progress: 49.0 s, 115032.2 tps, lat 0.278 ms stddev 0.095, 0 failed
progress: 50.0 s, 114591.3 tps, lat 0.279 ms stddev 0.095, 0 failed
progress: 51.0 s, 114757.2 tps, lat 0.279 ms stddev 0.095, 0 failed
progress: 52.0 s, 115782.3 tps, lat 0.276 ms stddev 0.093, 0 failed
progress: 53.0 s, 114681.5 tps, lat 0.279 ms stddev 0.094, 0 failed
progress: 54.0 s, 114868.8 tps, lat 0.278 ms stddev 0.093, 0 failed
progress: 55.0 s, 115562.8 tps, lat 0.277 ms stddev 0.094, 0 failed
progress: 56.0 s, 115930.3 tps, lat 0.276 ms stddev 0.093, 0 failed
progress: 57.0 s, 114970.0 tps, lat 0.278 ms stddev 0.094, 0 failed
progress: 58.0 s, 115018.1 tps, lat 0.278 ms stddev 0.095, 0 failed
progress: 59.0 s, 115747.7 tps, lat 0.276 ms stddev 0.094, 0 failed
transaction type: star-1.sql
scaling factor: 1
query mode: prepared
number of clients: 32
number of threads: 32
maximum number of tries: 1
duration: 60 s
number of transactions actually processed: 6855641
number of failed transactions: 0 (0.000%)
latency average = 0.280 ms
latency stddev = 0.100 ms
initial connection time = 22.908 ms
tps = 114302.824880 (without initial connection time)
