pgbench (18devel, server 16.4)
progress: 1.0 s, 30591.1 tps, lat 2.052 ms stddev 0.956, 0 failed
progress: 2.0 s, 30444.0 tps, lat 2.102 ms stddev 0.520, 0 failed
progress: 3.0 s, 30298.0 tps, lat 2.112 ms stddev 0.519, 0 failed
progress: 4.0 s, 30160.2 tps, lat 2.122 ms stddev 0.514, 0 failed
progress: 5.0 s, 30333.8 tps, lat 2.110 ms stddev 0.517, 0 failed
progress: 6.0 s, 30456.9 tps, lat 2.101 ms stddev 0.521, 0 failed
progress: 7.0 s, 30675.3 tps, lat 2.086 ms stddev 0.527, 0 failed
progress: 8.0 s, 30535.9 tps, lat 2.095 ms stddev 0.522, 0 failed
progress: 9.0 s, 30254.1 tps, lat 2.115 ms stddev 0.512, 0 failed
progress: 10.0 s, 30536.7 tps, lat 2.095 ms stddev 0.523, 0 failed
progress: 11.0 s, 30085.3 tps, lat 2.127 ms stddev 0.513, 0 failed
progress: 12.0 s, 30520.0 tps, lat 2.096 ms stddev 0.522, 0 failed
progress: 13.0 s, 30440.8 tps, lat 2.103 ms stddev 0.519, 0 failed
progress: 14.0 s, 30371.1 tps, lat 2.107 ms stddev 0.518, 0 failed
progress: 15.0 s, 30467.9 tps, lat 2.100 ms stddev 0.519, 0 failed
progress: 16.0 s, 30260.1 tps, lat 2.115 ms stddev 0.516, 0 failed
progress: 17.0 s, 30456.9 tps, lat 2.101 ms stddev 0.519, 0 failed
progress: 18.0 s, 30225.9 tps, lat 2.117 ms stddev 0.515, 0 failed
progress: 19.0 s, 30622.1 tps, lat 2.090 ms stddev 0.523, 0 failed
progress: 20.0 s, 30479.2 tps, lat 2.099 ms stddev 0.519, 0 failed
progress: 21.0 s, 30570.7 tps, lat 2.093 ms stddev 0.524, 0 failed
progress: 22.0 s, 30490.1 tps, lat 2.098 ms stddev 0.522, 0 failed
progress: 23.0 s, 30324.2 tps, lat 2.110 ms stddev 0.514, 0 failed
progress: 24.0 s, 30383.5 tps, lat 2.107 ms stddev 0.522, 0 failed
progress: 25.0 s, 30232.3 tps, lat 2.117 ms stddev 0.517, 0 failed
progress: 26.0 s, 30404.0 tps, lat 2.104 ms stddev 0.521, 0 failed
progress: 27.0 s, 30661.9 tps, lat 2.087 ms stddev 0.527, 0 failed
progress: 28.0 s, 30570.0 tps, lat 2.093 ms stddev 0.528, 0 failed
progress: 29.0 s, 30439.9 tps, lat 2.102 ms stddev 0.521, 0 failed
progress: 30.0 s, 30657.1 tps, lat 2.087 ms stddev 0.529, 0 failed
progress: 31.0 s, 30483.0 tps, lat 2.099 ms stddev 0.521, 0 failed
progress: 32.0 s, 30530.2 tps, lat 2.096 ms stddev 0.524, 0 failed
progress: 33.0 s, 30303.7 tps, lat 2.111 ms stddev 0.517, 0 failed
progress: 34.0 s, 30571.2 tps, lat 2.094 ms stddev 0.527, 0 failed
progress: 35.0 s, 30570.9 tps, lat 2.093 ms stddev 0.528, 0 failed
progress: 36.0 s, 30257.1 tps, lat 2.114 ms stddev 0.518, 0 failed
progress: 37.0 s, 30553.8 tps, lat 2.095 ms stddev 0.526, 0 failed
progress: 38.0 s, 30323.2 tps, lat 2.110 ms stddev 0.519, 0 failed
progress: 39.0 s, 30373.0 tps, lat 2.107 ms stddev 0.521, 0 failed
progress: 40.0 s, 30275.8 tps, lat 2.114 ms stddev 0.516, 0 failed
progress: 41.0 s, 30379.0 tps, lat 2.107 ms stddev 0.522, 0 failed
progress: 42.0 s, 30498.0 tps, lat 2.098 ms stddev 0.522, 0 failed
progress: 43.0 s, 30299.3 tps, lat 2.112 ms stddev 0.519, 0 failed
progress: 44.0 s, 30489.9 tps, lat 2.098 ms stddev 0.523, 0 failed
progress: 45.0 s, 30386.8 tps, lat 2.106 ms stddev 0.520, 0 failed
progress: 46.0 s, 30277.0 tps, lat 2.113 ms stddev 0.520, 0 failed
progress: 47.0 s, 30366.0 tps, lat 2.107 ms stddev 0.522, 0 failed
progress: 48.0 s, 30596.0 tps, lat 2.092 ms stddev 0.527, 0 failed
progress: 49.0 s, 30590.1 tps, lat 2.092 ms stddev 0.527, 0 failed
progress: 50.0 s, 30421.8 tps, lat 2.103 ms stddev 0.523, 0 failed
progress: 51.0 s, 30208.0 tps, lat 2.118 ms stddev 0.517, 0 failed
progress: 52.0 s, 30330.1 tps, lat 2.110 ms stddev 0.523, 0 failed
progress: 53.0 s, 30494.9 tps, lat 2.098 ms stddev 0.524, 0 failed
progress: 54.0 s, 30334.1 tps, lat 2.110 ms stddev 0.518, 0 failed
progress: 55.0 s, 30438.2 tps, lat 2.102 ms stddev 0.523, 0 failed
progress: 56.0 s, 30189.8 tps, lat 2.119 ms stddev 0.518, 0 failed
progress: 57.0 s, 30362.0 tps, lat 2.107 ms stddev 0.522, 0 failed
progress: 58.0 s, 30242.0 tps, lat 2.116 ms stddev 0.518, 0 failed
progress: 59.0 s, 30403.0 tps, lat 2.105 ms stddev 0.521, 0 failed
transaction type: star-1.sql
scaling factor: 1
query mode: simple
number of clients: 64
number of threads: 64
maximum number of tries: 1
duration: 60 s
number of transactions actually processed: 1824324
number of failed transactions: 0 (0.000%)
latency average = 2.103 ms
latency stddev = 0.531 ms
initial connection time = 39.566 ms
tps = 30423.839889 (without initial connection time)
