pgbench (18devel, server 8.0.26)
progress: 1.0 s, 6380.0 tps, lat 0.156 ms stddev 0.037, 0 failed
progress: 2.0 s, 6583.7 tps, lat 0.152 ms stddev 0.005, 0 failed
progress: 3.0 s, 6658.0 tps, lat 0.150 ms stddev 0.004, 0 failed
progress: 4.0 s, 6673.0 tps, lat 0.150 ms stddev 0.006, 0 failed
progress: 5.0 s, 6690.0 tps, lat 0.149 ms stddev 0.005, 0 failed
progress: 6.0 s, 6654.0 tps, lat 0.150 ms stddev 0.006, 0 failed
progress: 7.0 s, 6642.0 tps, lat 0.150 ms stddev 0.006, 0 failed
progress: 8.0 s, 6646.0 tps, lat 0.150 ms stddev 0.007, 0 failed
progress: 9.0 s, 6967.0 tps, lat 0.143 ms stddev 0.006, 0 failed
progress: 10.0 s, 6806.0 tps, lat 0.147 ms stddev 0.006, 0 failed
progress: 11.0 s, 6793.0 tps, lat 0.147 ms stddev 0.023, 0 failed
progress: 12.0 s, 6865.0 tps, lat 0.146 ms stddev 0.007, 0 failed
progress: 13.0 s, 6774.3 tps, lat 0.148 ms stddev 0.007, 0 failed
progress: 14.0 s, 6857.7 tps, lat 0.146 ms stddev 0.007, 0 failed
progress: 15.0 s, 6795.0 tps, lat 0.147 ms stddev 0.007, 0 failed
progress: 16.0 s, 6884.0 tps, lat 0.145 ms stddev 0.007, 0 failed
progress: 17.0 s, 6918.0 tps, lat 0.144 ms stddev 0.006, 0 failed
progress: 18.0 s, 6823.0 tps, lat 0.146 ms stddev 0.006, 0 failed
progress: 19.0 s, 6882.0 tps, lat 0.145 ms stddev 0.007, 0 failed
progress: 20.0 s, 6860.0 tps, lat 0.146 ms stddev 0.006, 0 failed
progress: 21.0 s, 6788.0 tps, lat 0.147 ms stddev 0.024, 0 failed
progress: 22.0 s, 6913.3 tps, lat 0.145 ms stddev 0.006, 0 failed
progress: 23.0 s, 6808.7 tps, lat 0.147 ms stddev 0.007, 0 failed
progress: 24.0 s, 6781.0 tps, lat 0.147 ms stddev 0.006, 0 failed
progress: 25.0 s, 6816.4 tps, lat 0.147 ms stddev 0.006, 0 failed
progress: 26.0 s, 6846.9 tps, lat 0.146 ms stddev 0.006, 0 failed
progress: 27.0 s, 6830.7 tps, lat 0.146 ms stddev 0.006, 0 failed
progress: 28.0 s, 6787.2 tps, lat 0.147 ms stddev 0.007, 0 failed
progress: 29.0 s, 6746.9 tps, lat 0.148 ms stddev 0.007, 0 failed
progress: 30.0 s, 6797.0 tps, lat 0.147 ms stddev 0.007, 0 failed
progress: 31.0 s, 6808.0 tps, lat 0.147 ms stddev 0.023, 0 failed
progress: 32.0 s, 6735.9 tps, lat 0.148 ms stddev 0.006, 0 failed
progress: 33.0 s, 6711.4 tps, lat 0.149 ms stddev 0.007, 0 failed
progress: 34.0 s, 6782.0 tps, lat 0.147 ms stddev 0.006, 0 failed
progress: 35.0 s, 6777.7 tps, lat 0.147 ms stddev 0.006, 0 failed
progress: 36.0 s, 6798.2 tps, lat 0.147 ms stddev 0.006, 0 failed
progress: 37.0 s, 6688.1 tps, lat 0.149 ms stddev 0.006, 0 failed
progress: 38.0 s, 6761.8 tps, lat 0.148 ms stddev 0.006, 0 failed
progress: 39.0 s, 6760.0 tps, lat 0.148 ms stddev 0.007, 0 failed
progress: 40.0 s, 6728.0 tps, lat 0.149 ms stddev 0.007, 0 failed
progress: 41.0 s, 6707.0 tps, lat 0.149 ms stddev 0.024, 0 failed
progress: 42.0 s, 6773.1 tps, lat 0.148 ms stddev 0.006, 0 failed
progress: 43.0 s, 6696.2 tps, lat 0.149 ms stddev 0.007, 0 failed
progress: 44.0 s, 6758.0 tps, lat 0.148 ms stddev 0.007, 0 failed
progress: 45.0 s, 6752.8 tps, lat 0.148 ms stddev 0.008, 0 failed
progress: 46.0 s, 6720.9 tps, lat 0.149 ms stddev 0.007, 0 failed
progress: 47.0 s, 6735.2 tps, lat 0.148 ms stddev 0.006, 0 failed
progress: 48.0 s, 6738.7 tps, lat 0.148 ms stddev 0.006, 0 failed
progress: 49.0 s, 6653.1 tps, lat 0.150 ms stddev 0.006, 0 failed
progress: 50.0 s, 6703.8 tps, lat 0.149 ms stddev 0.008, 0 failed
progress: 51.0 s, 6749.0 tps, lat 0.148 ms stddev 0.024, 0 failed
progress: 52.0 s, 6738.0 tps, lat 0.148 ms stddev 0.006, 0 failed
progress: 53.0 s, 6720.0 tps, lat 0.149 ms stddev 0.006, 0 failed
progress: 54.0 s, 6668.0 tps, lat 0.150 ms stddev 0.008, 0 failed
progress: 55.0 s, 6726.1 tps, lat 0.149 ms stddev 0.006, 0 failed
progress: 56.0 s, 6742.1 tps, lat 0.148 ms stddev 0.006, 0 failed
progress: 57.0 s, 6647.0 tps, lat 0.150 ms stddev 0.006, 0 failed
progress: 58.0 s, 6731.9 tps, lat 0.148 ms stddev 0.006, 0 failed
progress: 59.0 s, 6760.0 tps, lat 0.148 ms stddev 0.008, 0 failed
progress: 60.0 s, 6778.3 tps, lat 0.147 ms stddev 0.006, 0 failed
transaction type: star-1.sql
scaling factor: 1
query mode: prepared
number of clients: 1
number of threads: 1
maximum number of tries: 1
duration: 60 s
number of transactions actually processed: 405319
number of failed transactions: 0 (0.000%)
latency average = 0.148 ms
latency stddev = 0.010 ms
initial connection time = 4.280 ms
tps = 6755.783717 (without initial connection time)
