pgbench (18devel, server 8.0.26)
progress: 1.0 s, 2078.8 tps, lat 7.234 ms stddev 43.222, 0 failed
progress: 2.0 s, 4079.1 tps, lat 3.942 ms stddev 6.819, 0 failed
progress: 3.0 s, 4701.0 tps, lat 3.412 ms stddev 6.105, 0 failed
progress: 4.0 s, 4374.9 tps, lat 3.641 ms stddev 6.932, 0 failed
progress: 5.0 s, 4364.1 tps, lat 3.656 ms stddev 6.516, 0 failed
progress: 6.0 s, 4540.8 tps, lat 3.535 ms stddev 6.092, 0 failed
progress: 7.0 s, 5302.2 tps, lat 3.014 ms stddev 5.600, 0 failed
progress: 8.0 s, 5357.0 tps, lat 3.003 ms stddev 5.399, 0 failed
progress: 9.0 s, 4694.0 tps, lat 3.391 ms stddev 6.129, 0 failed
progress: 10.0 s, 4505.0 tps, lat 3.553 ms stddev 6.344, 0 failed
progress: 11.0 s, 4432.9 tps, lat 3.617 ms stddev 6.250, 0 failed
progress: 12.0 s, 4390.9 tps, lat 3.645 ms stddev 6.491, 0 failed
progress: 13.0 s, 4937.0 tps, lat 3.233 ms stddev 6.201, 0 failed
progress: 14.0 s, 4533.0 tps, lat 3.553 ms stddev 6.058, 0 failed
progress: 15.0 s, 4158.0 tps, lat 3.790 ms stddev 6.741, 0 failed
progress: 16.0 s, 4280.2 tps, lat 3.743 ms stddev 7.233, 0 failed
progress: 17.0 s, 5096.7 tps, lat 3.165 ms stddev 5.787, 0 failed
progress: 18.0 s, 3710.0 tps, lat 4.298 ms stddev 7.365, 0 failed
progress: 19.0 s, 4201.0 tps, lat 3.842 ms stddev 7.195, 0 failed
progress: 20.0 s, 4412.0 tps, lat 3.574 ms stddev 6.476, 0 failed
progress: 21.0 s, 4317.9 tps, lat 3.716 ms stddev 6.888, 0 failed
progress: 22.0 s, 4994.3 tps, lat 3.229 ms stddev 5.781, 0 failed
progress: 23.0 s, 4803.0 tps, lat 3.344 ms stddev 6.077, 0 failed
progress: 24.0 s, 4814.8 tps, lat 3.278 ms stddev 5.722, 0 failed
progress: 25.0 s, 4812.0 tps, lat 3.348 ms stddev 6.129, 0 failed
progress: 26.0 s, 4778.2 tps, lat 3.362 ms stddev 6.057, 0 failed
progress: 27.0 s, 4901.0 tps, lat 3.247 ms stddev 5.900, 0 failed
progress: 28.0 s, 4423.0 tps, lat 3.629 ms stddev 6.536, 0 failed
progress: 29.0 s, 4921.9 tps, lat 3.259 ms stddev 5.937, 0 failed
progress: 30.0 s, 4841.1 tps, lat 3.288 ms stddev 6.056, 0 failed
progress: 31.0 s, 4344.0 tps, lat 3.703 ms stddev 6.938, 0 failed
progress: 32.0 s, 5654.0 tps, lat 2.830 ms stddev 5.106, 0 failed
progress: 33.0 s, 4417.0 tps, lat 3.619 ms stddev 6.444, 0 failed
progress: 34.0 s, 4787.0 tps, lat 3.324 ms stddev 6.294, 0 failed
progress: 35.0 s, 4639.8 tps, lat 3.441 ms stddev 6.345, 0 failed
progress: 36.0 s, 5386.2 tps, lat 2.957 ms stddev 5.594, 0 failed
progress: 37.0 s, 4330.0 tps, lat 3.695 ms stddev 7.252, 0 failed
progress: 38.0 s, 5161.0 tps, lat 3.133 ms stddev 5.748, 0 failed
progress: 39.0 s, 5123.0 tps, lat 3.126 ms stddev 5.715, 0 failed
progress: 40.0 s, 3844.8 tps, lat 4.123 ms stddev 6.982, 0 failed
progress: 41.0 s, 4919.0 tps, lat 3.264 ms stddev 5.661, 0 failed
progress: 42.0 s, 4327.9 tps, lat 3.680 ms stddev 6.349, 0 failed
progress: 43.0 s, 4973.2 tps, lat 3.245 ms stddev 6.284, 0 failed
progress: 44.0 s, 4325.1 tps, lat 3.688 ms stddev 6.835, 0 failed
progress: 45.0 s, 4596.0 tps, lat 3.481 ms stddev 6.178, 0 failed
progress: 46.0 s, 4607.0 tps, lat 3.466 ms stddev 6.010, 0 failed
progress: 47.0 s, 4441.0 tps, lat 3.622 ms stddev 7.075, 0 failed
progress: 48.0 s, 4680.9 tps, lat 3.403 ms stddev 6.440, 0 failed
progress: 49.0 s, 4037.1 tps, lat 3.979 ms stddev 6.841, 0 failed
progress: 50.0 s, 4118.0 tps, lat 3.861 ms stddev 6.785, 0 failed
progress: 51.0 s, 4787.9 tps, lat 3.342 ms stddev 5.696, 0 failed
progress: 52.0 s, 4724.0 tps, lat 3.392 ms stddev 6.225, 0 failed
progress: 53.0 s, 4299.0 tps, lat 3.739 ms stddev 7.026, 0 failed
progress: 54.0 s, 4649.0 tps, lat 3.433 ms stddev 6.007, 0 failed
progress: 55.0 s, 4533.0 tps, lat 3.509 ms stddev 6.059, 0 failed
progress: 56.0 s, 4424.0 tps, lat 3.630 ms stddev 6.055, 0 failed
progress: 57.0 s, 3783.0 tps, lat 4.231 ms stddev 7.056, 0 failed
progress: 58.0 s, 4830.0 tps, lat 3.299 ms stddev 5.687, 0 failed
progress: 59.0 s, 5002.2 tps, lat 3.227 ms stddev 6.125, 0 failed
progress: 60.0 s, 4177.9 tps, lat 3.810 ms stddev 6.466, 0 failed
transaction type: star-1.sql
scaling factor: 1
query mode: prepared
number of clients: 16
number of threads: 16
maximum number of tries: 1
duration: 60 s
number of transactions actually processed: 273684
number of failed transactions: 0 (0.000%)
latency average = 3.505 ms
latency stddev = 7.324 ms
initial connection time = 53.520 ms
tps = 4564.985568 (without initial connection time)
