pgbench (18devel, server 17.0)
progress: 1.0 s, 103691.3 tps, lat 0.153 ms stddev 0.583, 0 failed
progress: 2.0 s, 122552.9 tps, lat 0.130 ms stddev 0.006, 0 failed
progress: 3.0 s, 123222.2 tps, lat 0.130 ms stddev 0.006, 0 failed
progress: 4.0 s, 122776.0 tps, lat 0.130 ms stddev 0.006, 0 failed
progress: 5.0 s, 122380.3 tps, lat 0.131 ms stddev 0.006, 0 failed
progress: 6.0 s, 121292.7 tps, lat 0.132 ms stddev 0.008, 0 failed
progress: 7.0 s, 121287.9 tps, lat 0.132 ms stddev 0.007, 0 failed
progress: 8.0 s, 121197.6 tps, lat 0.132 ms stddev 0.009, 0 failed
progress: 9.0 s, 121959.5 tps, lat 0.131 ms stddev 0.006, 0 failed
progress: 10.0 s, 122132.7 tps, lat 0.131 ms stddev 0.006, 0 failed
progress: 11.0 s, 122110.1 tps, lat 0.131 ms stddev 0.007, 0 failed
progress: 12.0 s, 121157.8 tps, lat 0.132 ms stddev 0.008, 0 failed
progress: 13.0 s, 121630.1 tps, lat 0.131 ms stddev 0.007, 0 failed
progress: 14.0 s, 122262.1 tps, lat 0.131 ms stddev 0.007, 0 failed
progress: 15.0 s, 122865.1 tps, lat 0.130 ms stddev 0.006, 0 failed
progress: 16.0 s, 123963.2 tps, lat 0.129 ms stddev 0.005, 0 failed
progress: 17.0 s, 124297.9 tps, lat 0.129 ms stddev 0.005, 0 failed
progress: 18.0 s, 122519.8 tps, lat 0.130 ms stddev 0.010, 0 failed
progress: 19.0 s, 123089.5 tps, lat 0.130 ms stddev 0.008, 0 failed
progress: 20.0 s, 123488.5 tps, lat 0.129 ms stddev 0.005, 0 failed
progress: 21.0 s, 123524.3 tps, lat 0.129 ms stddev 0.005, 0 failed
progress: 22.0 s, 123432.7 tps, lat 0.130 ms stddev 0.005, 0 failed
progress: 23.0 s, 123187.4 tps, lat 0.130 ms stddev 0.005, 0 failed
progress: 24.0 s, 122830.7 tps, lat 0.130 ms stddev 0.005, 0 failed
progress: 25.0 s, 122291.0 tps, lat 0.131 ms stddev 0.009, 0 failed
progress: 26.0 s, 122231.9 tps, lat 0.131 ms stddev 0.006, 0 failed
progress: 27.0 s, 120828.5 tps, lat 0.132 ms stddev 0.007, 0 failed
progress: 28.0 s, 120975.0 tps, lat 0.132 ms stddev 0.007, 0 failed
progress: 29.0 s, 122496.3 tps, lat 0.131 ms stddev 0.006, 0 failed
progress: 30.0 s, 121139.3 tps, lat 0.132 ms stddev 0.007, 0 failed
progress: 31.0 s, 121819.9 tps, lat 0.131 ms stddev 0.013, 0 failed
progress: 32.0 s, 123105.7 tps, lat 0.130 ms stddev 0.005, 0 failed
progress: 33.0 s, 123480.4 tps, lat 0.129 ms stddev 0.005, 0 failed
progress: 34.0 s, 123540.5 tps, lat 0.129 ms stddev 0.005, 0 failed
progress: 35.0 s, 123270.3 tps, lat 0.130 ms stddev 0.005, 0 failed
progress: 36.0 s, 123416.1 tps, lat 0.130 ms stddev 0.005, 0 failed
progress: 37.0 s, 123466.9 tps, lat 0.129 ms stddev 0.005, 0 failed
progress: 38.0 s, 121509.1 tps, lat 0.132 ms stddev 0.007, 0 failed
progress: 39.0 s, 121894.3 tps, lat 0.131 ms stddev 0.006, 0 failed
progress: 40.0 s, 122376.6 tps, lat 0.131 ms stddev 0.006, 0 failed
progress: 41.0 s, 123196.0 tps, lat 0.130 ms stddev 0.005, 0 failed
progress: 42.0 s, 123659.7 tps, lat 0.129 ms stddev 0.005, 0 failed
progress: 43.0 s, 123281.3 tps, lat 0.130 ms stddev 0.005, 0 failed
progress: 44.0 s, 123196.2 tps, lat 0.130 ms stddev 0.005, 0 failed
progress: 45.0 s, 123399.9 tps, lat 0.130 ms stddev 0.005, 0 failed
progress: 46.0 s, 123788.9 tps, lat 0.129 ms stddev 0.005, 0 failed
progress: 47.0 s, 123027.0 tps, lat 0.130 ms stddev 0.006, 0 failed
progress: 48.0 s, 123523.5 tps, lat 0.129 ms stddev 0.005, 0 failed
progress: 49.0 s, 123657.6 tps, lat 0.129 ms stddev 0.005, 0 failed
progress: 50.0 s, 123991.7 tps, lat 0.129 ms stddev 0.005, 0 failed
progress: 51.0 s, 123831.2 tps, lat 0.129 ms stddev 0.005, 0 failed
progress: 52.0 s, 122025.0 tps, lat 0.131 ms stddev 0.011, 0 failed
progress: 53.0 s, 123040.1 tps, lat 0.130 ms stddev 0.006, 0 failed
progress: 54.0 s, 123543.0 tps, lat 0.129 ms stddev 0.005, 0 failed
progress: 55.0 s, 123017.9 tps, lat 0.130 ms stddev 0.006, 0 failed
progress: 56.0 s, 123301.9 tps, lat 0.130 ms stddev 0.006, 0 failed
progress: 57.0 s, 123224.1 tps, lat 0.130 ms stddev 0.005, 0 failed
progress: 58.0 s, 122942.1 tps, lat 0.130 ms stddev 0.005, 0 failed
progress: 59.0 s, 122898.5 tps, lat 0.130 ms stddev 0.005, 0 failed
transaction type: star-1.sql
scaling factor: 1
query mode: prepared
number of clients: 16
number of threads: 16
maximum number of tries: 1
duration: 60 s
number of transactions actually processed: 7345488
number of failed transactions: 0 (0.000%)
latency average = 0.131 ms
latency stddev = 0.070 ms
initial connection time = 12.917 ms
tps = 122450.318646 (without initial connection time)
