pgbench (18devel, server 9.3.25)
progress: 1.0 s, 542.0 tps, lat 1.838 ms stddev 0.094, 0 failed
progress: 2.0 s, 548.0 tps, lat 1.824 ms stddev 0.025, 0 failed
progress: 3.0 s, 553.0 tps, lat 1.810 ms stddev 0.029, 0 failed
progress: 4.0 s, 553.0 tps, lat 1.806 ms stddev 0.019, 0 failed
progress: 5.0 s, 553.0 tps, lat 1.807 ms stddev 0.027, 0 failed
progress: 6.0 s, 554.0 tps, lat 1.806 ms stddev 0.018, 0 failed
progress: 7.0 s, 550.0 tps, lat 1.818 ms stddev 0.024, 0 failed
progress: 8.0 s, 549.0 tps, lat 1.820 ms stddev 0.029, 0 failed
progress: 9.0 s, 551.0 tps, lat 1.817 ms stddev 0.017, 0 failed
progress: 10.0 s, 549.0 tps, lat 1.818 ms stddev 0.026, 0 failed
progress: 11.0 s, 555.0 tps, lat 1.801 ms stddev 0.016, 0 failed
progress: 12.0 s, 552.0 tps, lat 1.812 ms stddev 0.033, 0 failed
progress: 13.0 s, 555.0 tps, lat 1.802 ms stddev 0.015, 0 failed
progress: 14.0 s, 554.0 tps, lat 1.804 ms stddev 0.027, 0 failed
progress: 15.0 s, 554.0 tps, lat 1.804 ms stddev 0.025, 0 failed
progress: 16.0 s, 554.0 tps, lat 1.806 ms stddev 0.030, 0 failed
progress: 17.0 s, 553.0 tps, lat 1.807 ms stddev 0.025, 0 failed
progress: 18.0 s, 554.0 tps, lat 1.804 ms stddev 0.025, 0 failed
progress: 19.0 s, 555.0 tps, lat 1.803 ms stddev 0.019, 0 failed
progress: 20.0 s, 554.0 tps, lat 1.803 ms stddev 0.021, 0 failed
progress: 21.0 s, 555.0 tps, lat 1.802 ms stddev 0.019, 0 failed
progress: 22.0 s, 555.0 tps, lat 1.803 ms stddev 0.023, 0 failed
progress: 23.0 s, 554.0 tps, lat 1.804 ms stddev 0.026, 0 failed
progress: 24.0 s, 555.0 tps, lat 1.801 ms stddev 0.007, 0 failed
progress: 25.0 s, 555.0 tps, lat 1.802 ms stddev 0.021, 0 failed
progress: 26.0 s, 554.0 tps, lat 1.804 ms stddev 0.025, 0 failed
progress: 27.0 s, 555.0 tps, lat 1.802 ms stddev 0.017, 0 failed
progress: 28.0 s, 554.0 tps, lat 1.804 ms stddev 0.030, 0 failed
progress: 29.0 s, 554.0 tps, lat 1.802 ms stddev 0.023, 0 failed
progress: 30.0 s, 555.0 tps, lat 1.804 ms stddev 0.029, 0 failed
progress: 31.0 s, 555.0 tps, lat 1.801 ms stddev 0.019, 0 failed
progress: 32.0 s, 554.0 tps, lat 1.802 ms stddev 0.023, 0 failed
progress: 33.0 s, 555.0 tps, lat 1.803 ms stddev 0.024, 0 failed
progress: 34.0 s, 554.0 tps, lat 1.803 ms stddev 0.025, 0 failed
progress: 35.0 s, 555.0 tps, lat 1.802 ms stddev 0.021, 0 failed
progress: 36.0 s, 555.0 tps, lat 1.802 ms stddev 0.022, 0 failed
progress: 37.0 s, 555.0 tps, lat 1.802 ms stddev 0.025, 0 failed
progress: 38.0 s, 554.0 tps, lat 1.804 ms stddev 0.028, 0 failed
progress: 39.0 s, 554.0 tps, lat 1.803 ms stddev 0.026, 0 failed
progress: 40.0 s, 555.0 tps, lat 1.802 ms stddev 0.023, 0 failed
progress: 41.0 s, 552.0 tps, lat 1.811 ms stddev 0.036, 0 failed
progress: 42.0 s, 555.0 tps, lat 1.802 ms stddev 0.020, 0 failed
progress: 43.0 s, 555.0 tps, lat 1.801 ms stddev 0.018, 0 failed
progress: 44.0 s, 555.0 tps, lat 1.802 ms stddev 0.020, 0 failed
progress: 45.0 s, 554.0 tps, lat 1.804 ms stddev 0.030, 0 failed
progress: 46.0 s, 554.0 tps, lat 1.803 ms stddev 0.022, 0 failed
progress: 47.0 s, 554.0 tps, lat 1.807 ms stddev 0.032, 0 failed
progress: 48.0 s, 554.0 tps, lat 1.803 ms stddev 0.027, 0 failed
progress: 49.0 s, 554.0 tps, lat 1.803 ms stddev 0.027, 0 failed
progress: 50.0 s, 555.0 tps, lat 1.802 ms stddev 0.022, 0 failed
progress: 51.0 s, 554.0 tps, lat 1.804 ms stddev 0.030, 0 failed
progress: 52.0 s, 555.0 tps, lat 1.802 ms stddev 0.021, 0 failed
progress: 53.0 s, 555.0 tps, lat 1.801 ms stddev 0.016, 0 failed
progress: 54.0 s, 555.0 tps, lat 1.803 ms stddev 0.023, 0 failed
progress: 55.0 s, 554.0 tps, lat 1.803 ms stddev 0.027, 0 failed
progress: 56.0 s, 555.0 tps, lat 1.802 ms stddev 0.020, 0 failed
progress: 57.0 s, 555.0 tps, lat 1.802 ms stddev 0.021, 0 failed
progress: 58.0 s, 554.0 tps, lat 1.804 ms stddev 0.028, 0 failed
progress: 59.0 s, 555.0 tps, lat 1.802 ms stddev 0.023, 0 failed
progress: 60.0 s, 554.0 tps, lat 1.802 ms stddev 0.021, 0 failed
transaction type: star-1-left.sql
scaling factor: 1
query mode: simple
number of clients: 1
number of threads: 1
maximum number of tries: 1
duration: 60 s
number of transactions actually processed: 33223
number of failed transactions: 0 (0.000%)
latency average = 1.805 ms
latency stddev = 0.028 ms
initial connection time = 2.155 ms
tps = 553.735531 (without initial connection time)
