pgbench (18devel, server 9.3.25)
progress: 1.0 s, 6514.4 tps, lat 2.436 ms stddev 0.289, 0 failed
progress: 2.0 s, 6603.0 tps, lat 2.424 ms stddev 0.125, 0 failed
progress: 3.0 s, 6649.1 tps, lat 2.405 ms stddev 0.109, 0 failed
progress: 4.0 s, 6630.3 tps, lat 2.412 ms stddev 0.095, 0 failed
progress: 5.0 s, 6651.7 tps, lat 2.404 ms stddev 0.112, 0 failed
progress: 6.0 s, 6677.2 tps, lat 2.397 ms stddev 0.103, 0 failed
progress: 7.0 s, 6645.8 tps, lat 2.407 ms stddev 0.108, 0 failed
progress: 8.0 s, 6644.0 tps, lat 2.408 ms stddev 0.110, 0 failed
progress: 9.0 s, 6649.0 tps, lat 2.406 ms stddev 0.113, 0 failed
progress: 10.0 s, 6672.0 tps, lat 2.397 ms stddev 0.093, 0 failed
progress: 11.0 s, 6659.2 tps, lat 2.402 ms stddev 0.110, 0 failed
progress: 12.0 s, 6662.7 tps, lat 2.402 ms stddev 0.093, 0 failed
progress: 13.0 s, 6657.2 tps, lat 2.403 ms stddev 0.111, 0 failed
progress: 14.0 s, 6655.1 tps, lat 2.403 ms stddev 0.098, 0 failed
progress: 15.0 s, 6648.8 tps, lat 2.406 ms stddev 0.107, 0 failed
progress: 16.0 s, 6628.9 tps, lat 2.413 ms stddev 0.105, 0 failed
progress: 17.0 s, 6683.3 tps, lat 2.393 ms stddev 0.108, 0 failed
progress: 18.0 s, 6668.8 tps, lat 2.399 ms stddev 0.102, 0 failed
progress: 19.0 s, 6671.0 tps, lat 2.398 ms stddev 0.100, 0 failed
progress: 20.0 s, 6651.0 tps, lat 2.406 ms stddev 0.108, 0 failed
progress: 21.0 s, 6684.0 tps, lat 2.393 ms stddev 0.095, 0 failed
progress: 22.0 s, 6657.0 tps, lat 2.403 ms stddev 0.099, 0 failed
progress: 23.0 s, 6672.2 tps, lat 2.397 ms stddev 0.110, 0 failed
progress: 24.0 s, 6694.8 tps, lat 2.390 ms stddev 0.092, 0 failed
progress: 25.0 s, 6680.0 tps, lat 2.394 ms stddev 0.097, 0 failed
progress: 26.0 s, 6681.2 tps, lat 2.394 ms stddev 0.107, 0 failed
progress: 27.0 s, 6644.8 tps, lat 2.408 ms stddev 0.119, 0 failed
progress: 28.0 s, 6652.2 tps, lat 2.404 ms stddev 0.113, 0 failed
progress: 29.0 s, 6692.8 tps, lat 2.390 ms stddev 0.098, 0 failed
progress: 30.0 s, 6681.0 tps, lat 2.395 ms stddev 0.090, 0 failed
progress: 31.0 s, 6654.0 tps, lat 2.404 ms stddev 0.106, 0 failed
progress: 32.0 s, 6688.1 tps, lat 2.392 ms stddev 0.113, 0 failed
progress: 33.0 s, 6662.2 tps, lat 2.401 ms stddev 0.099, 0 failed
progress: 34.0 s, 6655.7 tps, lat 2.403 ms stddev 0.103, 0 failed
progress: 35.0 s, 6722.1 tps, lat 2.380 ms stddev 0.099, 0 failed
progress: 36.0 s, 6656.0 tps, lat 2.403 ms stddev 0.094, 0 failed
progress: 37.0 s, 6675.0 tps, lat 2.396 ms stddev 0.101, 0 failed
progress: 38.0 s, 6690.0 tps, lat 2.391 ms stddev 0.099, 0 failed
progress: 39.0 s, 6689.9 tps, lat 2.392 ms stddev 0.100, 0 failed
progress: 40.0 s, 6667.3 tps, lat 2.399 ms stddev 0.117, 0 failed
progress: 41.0 s, 6618.7 tps, lat 2.417 ms stddev 0.227, 0 failed
progress: 42.0 s, 6665.0 tps, lat 2.401 ms stddev 0.100, 0 failed
progress: 43.0 s, 6658.9 tps, lat 2.402 ms stddev 0.099, 0 failed
progress: 44.0 s, 6650.1 tps, lat 2.405 ms stddev 0.106, 0 failed
progress: 45.0 s, 6619.2 tps, lat 2.416 ms stddev 0.217, 0 failed
progress: 46.0 s, 6651.1 tps, lat 2.407 ms stddev 0.167, 0 failed
progress: 47.0 s, 6677.6 tps, lat 2.395 ms stddev 0.097, 0 failed
progress: 48.0 s, 6657.1 tps, lat 2.404 ms stddev 0.125, 0 failed
progress: 49.0 s, 6641.0 tps, lat 2.408 ms stddev 0.117, 0 failed
progress: 50.0 s, 6666.0 tps, lat 2.400 ms stddev 0.111, 0 failed
progress: 51.0 s, 6656.9 tps, lat 2.402 ms stddev 0.098, 0 failed
progress: 52.0 s, 6673.0 tps, lat 2.397 ms stddev 0.101, 0 failed
progress: 53.0 s, 6669.1 tps, lat 2.398 ms stddev 0.092, 0 failed
progress: 54.0 s, 6680.2 tps, lat 2.395 ms stddev 0.106, 0 failed
progress: 55.0 s, 6634.8 tps, lat 2.411 ms stddev 0.098, 0 failed
progress: 56.0 s, 6639.5 tps, lat 2.410 ms stddev 0.120, 0 failed
progress: 57.0 s, 6668.5 tps, lat 2.400 ms stddev 0.101, 0 failed
progress: 58.0 s, 6661.2 tps, lat 2.401 ms stddev 0.104, 0 failed
progress: 59.0 s, 6676.7 tps, lat 2.395 ms stddev 0.103, 0 failed
transaction type: star-1-left.sql
scaling factor: 1
query mode: simple
number of clients: 16
number of threads: 16
maximum number of tries: 1
duration: 60 s
number of transactions actually processed: 399513
number of failed transactions: 0 (0.000%)
latency average = 2.402 ms
latency stddev = 0.117 ms
initial connection time = 13.296 ms
tps = 6659.769959 (without initial connection time)
