pgbench (18devel, server 9.3.25)
progress: 1.0 s, 12693.2 tps, lat 2.497 ms stddev 0.744, 0 failed
progress: 2.0 s, 13477.1 tps, lat 2.374 ms stddev 0.162, 0 failed
progress: 3.0 s, 13585.0 tps, lat 2.356 ms stddev 0.067, 0 failed
progress: 4.0 s, 13531.0 tps, lat 2.364 ms stddev 0.156, 0 failed
progress: 5.0 s, 13551.0 tps, lat 2.360 ms stddev 0.139, 0 failed
progress: 6.0 s, 13474.0 tps, lat 2.375 ms stddev 0.213, 0 failed
progress: 7.0 s, 13572.0 tps, lat 2.357 ms stddev 0.130, 0 failed
progress: 8.0 s, 13603.0 tps, lat 2.352 ms stddev 0.065, 0 failed
progress: 9.0 s, 13612.0 tps, lat 2.351 ms stddev 0.065, 0 failed
progress: 10.0 s, 13602.0 tps, lat 2.352 ms stddev 0.067, 0 failed
progress: 11.0 s, 13586.0 tps, lat 2.355 ms stddev 0.074, 0 failed
progress: 12.0 s, 13509.0 tps, lat 2.368 ms stddev 0.162, 0 failed
progress: 13.0 s, 13580.9 tps, lat 2.355 ms stddev 0.075, 0 failed
progress: 14.0 s, 13596.1 tps, lat 2.353 ms stddev 0.071, 0 failed
progress: 15.0 s, 13611.0 tps, lat 2.351 ms stddev 0.068, 0 failed
progress: 16.0 s, 13548.0 tps, lat 2.361 ms stddev 0.154, 0 failed
progress: 17.0 s, 13586.0 tps, lat 2.354 ms stddev 0.070, 0 failed
progress: 18.0 s, 13543.0 tps, lat 2.363 ms stddev 0.150, 0 failed
progress: 19.0 s, 13603.0 tps, lat 2.352 ms stddev 0.074, 0 failed
progress: 20.0 s, 13604.6 tps, lat 2.351 ms stddev 0.068, 0 failed
progress: 21.0 s, 13526.0 tps, lat 2.366 ms stddev 0.188, 0 failed
progress: 22.0 s, 13605.0 tps, lat 2.352 ms stddev 0.069, 0 failed
progress: 23.0 s, 13611.0 tps, lat 2.351 ms stddev 0.067, 0 failed
progress: 24.0 s, 13615.4 tps, lat 2.350 ms stddev 0.069, 0 failed
progress: 25.0 s, 13611.0 tps, lat 2.350 ms stddev 0.066, 0 failed
progress: 26.0 s, 13546.1 tps, lat 2.361 ms stddev 0.169, 0 failed
progress: 27.0 s, 13621.5 tps, lat 2.349 ms stddev 0.066, 0 failed
progress: 28.0 s, 13602.5 tps, lat 2.352 ms stddev 0.070, 0 failed
progress: 29.0 s, 13544.5 tps, lat 2.363 ms stddev 0.156, 0 failed
progress: 30.0 s, 13522.9 tps, lat 2.366 ms stddev 0.187, 0 failed
progress: 31.0 s, 13614.6 tps, lat 2.350 ms stddev 0.064, 0 failed
progress: 32.0 s, 13597.0 tps, lat 2.353 ms stddev 0.066, 0 failed
progress: 33.0 s, 13593.0 tps, lat 2.353 ms stddev 0.070, 0 failed
progress: 34.0 s, 13609.0 tps, lat 2.351 ms stddev 0.069, 0 failed
progress: 35.0 s, 13576.5 tps, lat 2.356 ms stddev 0.127, 0 failed
progress: 36.0 s, 13550.0 tps, lat 2.362 ms stddev 0.165, 0 failed
progress: 37.0 s, 13604.0 tps, lat 2.351 ms stddev 0.064, 0 failed
progress: 38.0 s, 13611.0 tps, lat 2.350 ms stddev 0.064, 0 failed
progress: 39.0 s, 13626.0 tps, lat 2.349 ms stddev 0.066, 0 failed
progress: 40.0 s, 13630.0 tps, lat 2.347 ms stddev 0.063, 0 failed
progress: 41.0 s, 13626.0 tps, lat 2.348 ms stddev 0.063, 0 failed
progress: 42.0 s, 13618.0 tps, lat 2.349 ms stddev 0.064, 0 failed
progress: 43.0 s, 13608.0 tps, lat 2.351 ms stddev 0.066, 0 failed
progress: 44.0 s, 13597.0 tps, lat 2.353 ms stddev 0.067, 0 failed
progress: 45.0 s, 13608.0 tps, lat 2.351 ms stddev 0.066, 0 failed
progress: 46.0 s, 13602.5 tps, lat 2.351 ms stddev 0.069, 0 failed
progress: 47.0 s, 13619.5 tps, lat 2.349 ms stddev 0.068, 0 failed
progress: 48.0 s, 13615.0 tps, lat 2.350 ms stddev 0.068, 0 failed
progress: 49.0 s, 13621.0 tps, lat 2.349 ms stddev 0.067, 0 failed
progress: 50.0 s, 13611.0 tps, lat 2.351 ms stddev 0.067, 0 failed
progress: 51.0 s, 13629.0 tps, lat 2.348 ms stddev 0.065, 0 failed
progress: 52.0 s, 13610.5 tps, lat 2.349 ms stddev 0.066, 0 failed
progress: 53.0 s, 13626.0 tps, lat 2.349 ms stddev 0.065, 0 failed
progress: 54.0 s, 13623.5 tps, lat 2.347 ms stddev 0.062, 0 failed
progress: 55.0 s, 13581.0 tps, lat 2.356 ms stddev 0.134, 0 failed
progress: 56.0 s, 13622.0 tps, lat 2.349 ms stddev 0.066, 0 failed
progress: 57.0 s, 13621.5 tps, lat 2.349 ms stddev 0.065, 0 failed
progress: 58.0 s, 13618.0 tps, lat 2.349 ms stddev 0.065, 0 failed
progress: 59.0 s, 13615.5 tps, lat 2.350 ms stddev 0.068, 0 failed
transaction type: star-1-left.sql
scaling factor: 1
query mode: simple
number of clients: 32
number of threads: 32
maximum number of tries: 1
duration: 60 s
number of transactions actually processed: 814414
number of failed transactions: 0 (0.000%)
latency average = 2.356 ms
latency stddev = 0.137 ms
initial connection time = 22.436 ms
tps = 13578.093603 (without initial connection time)
