pgbench (18devel, server 8.4.22)
progress: 1.0 s, 3687.5 tps, lat 16.987 ms stddev 11.578, 0 failed
progress: 2.0 s, 4067.1 tps, lat 15.707 ms stddev 4.388, 0 failed
progress: 3.0 s, 4049.9 tps, lat 15.823 ms stddev 4.486, 0 failed
progress: 4.0 s, 4047.3 tps, lat 15.793 ms stddev 4.285, 0 failed
progress: 5.0 s, 4036.6 tps, lat 15.858 ms stddev 4.255, 0 failed
progress: 6.0 s, 4107.9 tps, lat 15.571 ms stddev 4.567, 0 failed
progress: 7.0 s, 4049.3 tps, lat 15.811 ms stddev 4.680, 0 failed
progress: 8.0 s, 4115.0 tps, lat 15.559 ms stddev 4.425, 0 failed
progress: 9.0 s, 4047.0 tps, lat 15.820 ms stddev 4.400, 0 failed
progress: 10.0 s, 4079.0 tps, lat 15.691 ms stddev 4.533, 0 failed
progress: 11.0 s, 4062.1 tps, lat 15.749 ms stddev 4.632, 0 failed
progress: 12.0 s, 4109.0 tps, lat 15.592 ms stddev 4.425, 0 failed
progress: 13.0 s, 4011.8 tps, lat 15.933 ms stddev 4.725, 0 failed
progress: 14.0 s, 4091.1 tps, lat 15.628 ms stddev 4.550, 0 failed
progress: 15.0 s, 4088.0 tps, lat 15.652 ms stddev 4.341, 0 failed
progress: 16.0 s, 4115.0 tps, lat 15.564 ms stddev 4.495, 0 failed
progress: 17.0 s, 4077.0 tps, lat 15.706 ms stddev 4.601, 0 failed
progress: 18.0 s, 4049.1 tps, lat 15.800 ms stddev 4.619, 0 failed
progress: 19.0 s, 4059.6 tps, lat 15.781 ms stddev 4.531, 0 failed
progress: 20.0 s, 4099.2 tps, lat 15.601 ms stddev 4.373, 0 failed
progress: 21.0 s, 4067.1 tps, lat 15.723 ms stddev 4.713, 0 failed
progress: 22.0 s, 4119.1 tps, lat 15.546 ms stddev 4.282, 0 failed
progress: 23.0 s, 4085.9 tps, lat 15.678 ms stddev 4.211, 0 failed
progress: 24.0 s, 4140.0 tps, lat 15.441 ms stddev 4.383, 0 failed
progress: 25.0 s, 4059.9 tps, lat 15.756 ms stddev 4.224, 0 failed
progress: 26.0 s, 4036.1 tps, lat 15.866 ms stddev 4.487, 0 failed
progress: 27.0 s, 4124.0 tps, lat 15.494 ms stddev 4.264, 0 failed
progress: 28.0 s, 4097.0 tps, lat 15.630 ms stddev 4.511, 0 failed
progress: 29.0 s, 4195.8 tps, lat 15.278 ms stddev 4.347, 0 failed
progress: 30.0 s, 4024.1 tps, lat 15.882 ms stddev 4.267, 0 failed
progress: 31.0 s, 4078.0 tps, lat 15.721 ms stddev 4.385, 0 failed
progress: 32.0 s, 4072.9 tps, lat 15.686 ms stddev 4.362, 0 failed
progress: 33.0 s, 4034.4 tps, lat 15.867 ms stddev 4.568, 0 failed
progress: 34.0 s, 4071.6 tps, lat 15.707 ms stddev 4.395, 0 failed
progress: 35.0 s, 4055.9 tps, lat 15.801 ms stddev 4.679, 0 failed
progress: 36.0 s, 4060.3 tps, lat 15.738 ms stddev 4.795, 0 failed
progress: 37.0 s, 4171.0 tps, lat 15.340 ms stddev 4.459, 0 failed
progress: 38.0 s, 4134.0 tps, lat 15.481 ms stddev 4.443, 0 failed
progress: 39.0 s, 4270.3 tps, lat 15.005 ms stddev 5.172, 0 failed
progress: 40.0 s, 4084.7 tps, lat 15.686 ms stddev 4.391, 0 failed
progress: 41.0 s, 4055.0 tps, lat 15.750 ms stddev 4.374, 0 failed
progress: 42.0 s, 4056.1 tps, lat 15.783 ms stddev 4.525, 0 failed
progress: 43.0 s, 4060.0 tps, lat 15.798 ms stddev 4.574, 0 failed
progress: 44.0 s, 4013.0 tps, lat 15.921 ms stddev 4.452, 0 failed
progress: 45.0 s, 4005.0 tps, lat 15.963 ms stddev 4.643, 0 failed
progress: 46.0 s, 4069.8 tps, lat 15.736 ms stddev 4.232, 0 failed
progress: 47.0 s, 4086.8 tps, lat 15.668 ms stddev 4.420, 0 failed
progress: 48.0 s, 4110.2 tps, lat 15.561 ms stddev 4.326, 0 failed
progress: 49.0 s, 4064.0 tps, lat 15.773 ms stddev 4.266, 0 failed
progress: 50.0 s, 4104.1 tps, lat 15.562 ms stddev 4.677, 0 failed
progress: 51.0 s, 4202.0 tps, lat 15.247 ms stddev 4.353, 0 failed
progress: 52.0 s, 4152.9 tps, lat 15.408 ms stddev 4.497, 0 failed
progress: 53.0 s, 4119.1 tps, lat 15.527 ms stddev 4.665, 0 failed
progress: 54.0 s, 4103.1 tps, lat 15.600 ms stddev 4.686, 0 failed
progress: 55.0 s, 4096.9 tps, lat 15.632 ms stddev 4.454, 0 failed
progress: 56.0 s, 4167.1 tps, lat 15.346 ms stddev 4.776, 0 failed
progress: 57.0 s, 4146.9 tps, lat 15.428 ms stddev 4.640, 0 failed
progress: 58.0 s, 4130.1 tps, lat 15.501 ms stddev 4.563, 0 failed
progress: 59.0 s, 4129.9 tps, lat 15.475 ms stddev 4.253, 0 failed
transaction type: star-1.sql
scaling factor: 1
query mode: simple
number of clients: 64
number of threads: 64
maximum number of tries: 1
duration: 60 s
number of transactions actually processed: 244916
number of failed transactions: 0 (0.000%)
latency average = 15.669 ms
latency stddev = 4.678 ms
initial connection time = 40.251 ms
tps = 4084.064262 (without initial connection time)
