pgbench (18devel, server 9.3.25)
progress: 1.0 s, 8498.5 tps, lat 0.117 ms stddev 0.048, 0 failed
progress: 2.0 s, 8746.4 tps, lat 0.114 ms stddev 0.004, 0 failed
progress: 3.0 s, 8795.7 tps, lat 0.114 ms stddev 0.004, 0 failed
progress: 4.0 s, 8769.2 tps, lat 0.114 ms stddev 0.004, 0 failed
progress: 5.0 s, 8693.7 tps, lat 0.115 ms stddev 0.004, 0 failed
progress: 6.0 s, 8678.0 tps, lat 0.115 ms stddev 0.003, 0 failed
progress: 7.0 s, 8675.0 tps, lat 0.115 ms stddev 0.005, 0 failed
progress: 8.0 s, 8617.2 tps, lat 0.116 ms stddev 0.003, 0 failed
progress: 9.0 s, 8591.1 tps, lat 0.116 ms stddev 0.003, 0 failed
progress: 10.0 s, 8569.7 tps, lat 0.117 ms stddev 0.003, 0 failed
progress: 11.0 s, 8676.9 tps, lat 0.115 ms stddev 0.004, 0 failed
progress: 12.0 s, 8671.0 tps, lat 0.115 ms stddev 0.003, 0 failed
progress: 13.0 s, 8655.0 tps, lat 0.115 ms stddev 0.003, 0 failed
progress: 14.0 s, 8689.0 tps, lat 0.115 ms stddev 0.003, 0 failed
progress: 15.0 s, 8771.3 tps, lat 0.114 ms stddev 0.003, 0 failed
progress: 16.0 s, 8820.1 tps, lat 0.113 ms stddev 0.003, 0 failed
progress: 17.0 s, 8817.0 tps, lat 0.113 ms stddev 0.003, 0 failed
progress: 18.0 s, 8623.8 tps, lat 0.116 ms stddev 0.003, 0 failed
progress: 19.0 s, 8688.9 tps, lat 0.115 ms stddev 0.004, 0 failed
progress: 20.0 s, 8679.0 tps, lat 0.115 ms stddev 0.003, 0 failed
progress: 21.0 s, 8657.3 tps, lat 0.115 ms stddev 0.004, 0 failed
progress: 22.0 s, 8701.7 tps, lat 0.115 ms stddev 0.003, 0 failed
progress: 23.0 s, 8731.0 tps, lat 0.114 ms stddev 0.003, 0 failed
progress: 24.0 s, 8611.0 tps, lat 0.116 ms stddev 0.003, 0 failed
progress: 25.0 s, 8620.4 tps, lat 0.116 ms stddev 0.004, 0 failed
progress: 26.0 s, 8671.7 tps, lat 0.115 ms stddev 0.004, 0 failed
progress: 27.0 s, 8679.2 tps, lat 0.115 ms stddev 0.004, 0 failed
progress: 28.0 s, 8541.1 tps, lat 0.117 ms stddev 0.003, 0 failed
progress: 29.0 s, 8604.7 tps, lat 0.116 ms stddev 0.003, 0 failed
progress: 30.0 s, 8602.0 tps, lat 0.116 ms stddev 0.003, 0 failed
progress: 31.0 s, 8721.1 tps, lat 0.115 ms stddev 0.003, 0 failed
progress: 32.0 s, 8703.9 tps, lat 0.115 ms stddev 0.003, 0 failed
progress: 33.0 s, 8723.0 tps, lat 0.115 ms stddev 0.003, 0 failed
progress: 34.0 s, 8703.9 tps, lat 0.115 ms stddev 0.003, 0 failed
progress: 35.0 s, 8735.1 tps, lat 0.114 ms stddev 0.003, 0 failed
progress: 36.0 s, 8705.1 tps, lat 0.115 ms stddev 0.004, 0 failed
progress: 37.0 s, 8664.9 tps, lat 0.115 ms stddev 0.003, 0 failed
progress: 38.0 s, 8577.3 tps, lat 0.117 ms stddev 0.004, 0 failed
progress: 39.0 s, 8672.9 tps, lat 0.115 ms stddev 0.004, 0 failed
progress: 40.0 s, 8662.8 tps, lat 0.115 ms stddev 0.003, 0 failed
progress: 41.0 s, 8657.0 tps, lat 0.115 ms stddev 0.003, 0 failed
progress: 42.0 s, 8646.3 tps, lat 0.116 ms stddev 0.003, 0 failed
progress: 43.0 s, 8671.7 tps, lat 0.115 ms stddev 0.003, 0 failed
progress: 44.0 s, 8674.0 tps, lat 0.115 ms stddev 0.003, 0 failed
progress: 45.0 s, 8643.0 tps, lat 0.116 ms stddev 0.003, 0 failed
progress: 46.0 s, 8651.1 tps, lat 0.116 ms stddev 0.004, 0 failed
progress: 47.0 s, 8692.4 tps, lat 0.115 ms stddev 0.004, 0 failed
progress: 48.0 s, 8620.0 tps, lat 0.116 ms stddev 0.004, 0 failed
progress: 49.0 s, 8631.0 tps, lat 0.116 ms stddev 0.004, 0 failed
progress: 50.0 s, 8667.6 tps, lat 0.115 ms stddev 0.003, 0 failed
progress: 51.0 s, 8701.0 tps, lat 0.115 ms stddev 0.003, 0 failed
progress: 52.0 s, 8619.0 tps, lat 0.116 ms stddev 0.004, 0 failed
progress: 53.0 s, 8731.5 tps, lat 0.114 ms stddev 0.003, 0 failed
progress: 54.0 s, 8635.8 tps, lat 0.116 ms stddev 0.003, 0 failed
progress: 55.0 s, 8729.7 tps, lat 0.114 ms stddev 0.004, 0 failed
progress: 56.0 s, 8586.0 tps, lat 0.116 ms stddev 0.003, 0 failed
progress: 57.0 s, 8685.0 tps, lat 0.115 ms stddev 0.003, 0 failed
progress: 58.0 s, 8600.0 tps, lat 0.116 ms stddev 0.003, 0 failed
progress: 59.0 s, 8670.5 tps, lat 0.115 ms stddev 0.003, 0 failed
progress: 60.0 s, 8670.8 tps, lat 0.115 ms stddev 0.003, 0 failed
transaction type: star-1.sql
scaling factor: 1
query mode: prepared
number of clients: 1
number of threads: 1
maximum number of tries: 1
duration: 60 s
number of transactions actually processed: 520200
number of failed transactions: 0 (0.000%)
latency average = 0.115 ms
latency stddev = 0.007 ms
initial connection time = 2.415 ms
tps = 8670.339444 (without initial connection time)
