pgbench (18devel, server 9.3.25)
progress: 1.0 s, 106352.2 tps, lat 0.298 ms stddev 0.243, 0 failed
progress: 2.0 s, 111387.4 tps, lat 0.287 ms stddev 0.103, 0 failed
progress: 3.0 s, 110904.0 tps, lat 0.288 ms stddev 0.105, 0 failed
progress: 4.0 s, 109969.5 tps, lat 0.291 ms stddev 0.106, 0 failed
progress: 5.0 s, 110758.1 tps, lat 0.289 ms stddev 0.106, 0 failed
progress: 6.0 s, 111151.9 tps, lat 0.288 ms stddev 0.105, 0 failed
progress: 7.0 s, 110836.3 tps, lat 0.288 ms stddev 0.106, 0 failed
progress: 8.0 s, 110619.7 tps, lat 0.289 ms stddev 0.107, 0 failed
progress: 9.0 s, 111716.0 tps, lat 0.286 ms stddev 0.104, 0 failed
progress: 10.0 s, 111367.7 tps, lat 0.287 ms stddev 0.105, 0 failed
progress: 11.0 s, 111043.7 tps, lat 0.288 ms stddev 0.105, 0 failed
progress: 12.0 s, 111672.1 tps, lat 0.286 ms stddev 0.103, 0 failed
progress: 13.0 s, 111572.6 tps, lat 0.287 ms stddev 0.104, 0 failed
progress: 14.0 s, 111259.0 tps, lat 0.287 ms stddev 0.104, 0 failed
progress: 15.0 s, 111494.6 tps, lat 0.287 ms stddev 0.105, 0 failed
progress: 16.0 s, 111251.9 tps, lat 0.287 ms stddev 0.105, 0 failed
progress: 17.0 s, 110999.6 tps, lat 0.288 ms stddev 0.105, 0 failed
progress: 18.0 s, 111819.6 tps, lat 0.286 ms stddev 0.105, 0 failed
progress: 19.0 s, 112079.2 tps, lat 0.285 ms stddev 0.104, 0 failed
progress: 20.0 s, 110296.2 tps, lat 0.290 ms stddev 0.107, 0 failed
progress: 21.0 s, 110589.4 tps, lat 0.289 ms stddev 0.105, 0 failed
progress: 22.0 s, 110477.6 tps, lat 0.289 ms stddev 0.105, 0 failed
progress: 23.0 s, 111100.0 tps, lat 0.288 ms stddev 0.104, 0 failed
progress: 24.0 s, 110538.6 tps, lat 0.289 ms stddev 0.106, 0 failed
progress: 25.0 s, 112122.4 tps, lat 0.285 ms stddev 0.103, 0 failed
progress: 26.0 s, 111514.7 tps, lat 0.287 ms stddev 0.104, 0 failed
progress: 27.0 s, 111838.2 tps, lat 0.286 ms stddev 0.102, 0 failed
progress: 28.0 s, 110534.1 tps, lat 0.289 ms stddev 0.104, 0 failed
progress: 29.0 s, 110890.8 tps, lat 0.288 ms stddev 0.105, 0 failed
progress: 30.0 s, 112918.0 tps, lat 0.283 ms stddev 0.103, 0 failed
progress: 31.0 s, 112752.2 tps, lat 0.284 ms stddev 0.102, 0 failed
progress: 32.0 s, 110979.0 tps, lat 0.288 ms stddev 0.105, 0 failed
progress: 33.0 s, 112660.7 tps, lat 0.284 ms stddev 0.102, 0 failed
progress: 34.0 s, 111805.2 tps, lat 0.286 ms stddev 0.104, 0 failed
progress: 35.0 s, 112056.5 tps, lat 0.285 ms stddev 0.103, 0 failed
progress: 36.0 s, 112469.2 tps, lat 0.284 ms stddev 0.103, 0 failed
progress: 37.0 s, 113416.5 tps, lat 0.282 ms stddev 0.103, 0 failed
progress: 38.0 s, 112051.9 tps, lat 0.285 ms stddev 0.105, 0 failed
progress: 39.0 s, 110915.0 tps, lat 0.288 ms stddev 0.105, 0 failed
progress: 40.0 s, 110930.6 tps, lat 0.288 ms stddev 0.104, 0 failed
progress: 41.0 s, 111314.2 tps, lat 0.287 ms stddev 0.103, 0 failed
progress: 42.0 s, 112918.0 tps, lat 0.283 ms stddev 0.102, 0 failed
progress: 43.0 s, 111026.0 tps, lat 0.288 ms stddev 0.104, 0 failed
progress: 44.0 s, 110023.2 tps, lat 0.290 ms stddev 0.108, 0 failed
progress: 45.0 s, 111882.4 tps, lat 0.286 ms stddev 0.112, 0 failed
progress: 46.0 s, 112050.2 tps, lat 0.285 ms stddev 0.106, 0 failed
progress: 47.0 s, 112144.9 tps, lat 0.285 ms stddev 0.103, 0 failed
progress: 48.0 s, 111247.4 tps, lat 0.287 ms stddev 0.105, 0 failed
progress: 49.0 s, 111172.4 tps, lat 0.288 ms stddev 0.105, 0 failed
progress: 50.0 s, 111127.7 tps, lat 0.288 ms stddev 0.105, 0 failed
progress: 51.0 s, 113061.6 tps, lat 0.283 ms stddev 0.102, 0 failed
progress: 52.0 s, 113571.9 tps, lat 0.282 ms stddev 0.103, 0 failed
progress: 53.0 s, 113369.9 tps, lat 0.282 ms stddev 0.101, 0 failed
progress: 54.0 s, 112924.3 tps, lat 0.283 ms stddev 0.106, 0 failed
progress: 55.0 s, 111365.8 tps, lat 0.287 ms stddev 0.104, 0 failed
progress: 56.0 s, 111244.8 tps, lat 0.287 ms stddev 0.105, 0 failed
progress: 57.0 s, 112293.2 tps, lat 0.285 ms stddev 0.102, 0 failed
progress: 58.0 s, 112359.3 tps, lat 0.285 ms stddev 0.103, 0 failed
progress: 59.0 s, 111846.7 tps, lat 0.286 ms stddev 0.103, 0 failed
transaction type: star-1.sql
scaling factor: 1
query mode: prepared
number of clients: 32
number of threads: 32
maximum number of tries: 1
duration: 60 s
number of transactions actually processed: 6689118
number of failed transactions: 0 (0.000%)
latency average = 0.287 ms
latency stddev = 0.108 ms
initial connection time = 21.349 ms
tps = 111523.584188 (without initial connection time)
