pgbench (18devel, server 9.3.25)
progress: 1.0 s, 63553.8 tps, lat 0.992 ms stddev 1.224, 0 failed
progress: 2.0 s, 66505.3 tps, lat 0.962 ms stddev 0.930, 0 failed
progress: 3.0 s, 67605.0 tps, lat 0.946 ms stddev 0.917, 0 failed
progress: 4.0 s, 66987.8 tps, lat 0.955 ms stddev 0.931, 0 failed
progress: 5.0 s, 66664.1 tps, lat 0.960 ms stddev 0.932, 0 failed
progress: 6.0 s, 66681.1 tps, lat 0.960 ms stddev 0.932, 0 failed
progress: 7.0 s, 67505.3 tps, lat 0.948 ms stddev 0.917, 0 failed
progress: 8.0 s, 66690.8 tps, lat 0.959 ms stddev 0.938, 0 failed
progress: 9.0 s, 66901.5 tps, lat 0.956 ms stddev 0.939, 0 failed
progress: 10.0 s, 66002.3 tps, lat 0.970 ms stddev 0.958, 0 failed
progress: 11.0 s, 67866.4 tps, lat 0.943 ms stddev 0.907, 0 failed
progress: 12.0 s, 67179.9 tps, lat 0.952 ms stddev 0.932, 0 failed
progress: 13.0 s, 66732.0 tps, lat 0.959 ms stddev 0.936, 0 failed
progress: 14.0 s, 66397.9 tps, lat 0.964 ms stddev 0.952, 0 failed
progress: 15.0 s, 66884.1 tps, lat 0.957 ms stddev 0.932, 0 failed
progress: 16.0 s, 67260.7 tps, lat 0.951 ms stddev 0.932, 0 failed
progress: 17.0 s, 66479.1 tps, lat 0.962 ms stddev 0.945, 0 failed
progress: 18.0 s, 67005.0 tps, lat 0.955 ms stddev 0.935, 0 failed
progress: 19.0 s, 67497.1 tps, lat 0.948 ms stddev 0.923, 0 failed
progress: 20.0 s, 67565.7 tps, lat 0.947 ms stddev 0.919, 0 failed
progress: 21.0 s, 66499.3 tps, lat 0.962 ms stddev 0.947, 0 failed
progress: 22.0 s, 67060.1 tps, lat 0.954 ms stddev 0.930, 0 failed
progress: 23.0 s, 68270.0 tps, lat 0.937 ms stddev 0.908, 0 failed
progress: 24.0 s, 67638.0 tps, lat 0.946 ms stddev 0.917, 0 failed
progress: 25.0 s, 67374.7 tps, lat 0.949 ms stddev 0.933, 0 failed
progress: 26.0 s, 67473.0 tps, lat 0.948 ms stddev 0.925, 0 failed
progress: 27.0 s, 67688.3 tps, lat 0.945 ms stddev 0.914, 0 failed
progress: 28.0 s, 67255.0 tps, lat 0.952 ms stddev 0.928, 0 failed
progress: 29.0 s, 66492.0 tps, lat 0.962 ms stddev 0.948, 0 failed
progress: 30.0 s, 66771.0 tps, lat 0.958 ms stddev 0.941, 0 failed
progress: 31.0 s, 67539.9 tps, lat 0.947 ms stddev 0.928, 0 failed
progress: 32.0 s, 66895.9 tps, lat 0.956 ms stddev 0.937, 0 failed
progress: 33.0 s, 66818.1 tps, lat 0.958 ms stddev 0.935, 0 failed
progress: 34.0 s, 66812.1 tps, lat 0.958 ms stddev 0.939, 0 failed
progress: 35.0 s, 67796.0 tps, lat 0.944 ms stddev 0.920, 0 failed
progress: 36.0 s, 67361.9 tps, lat 0.950 ms stddev 0.932, 0 failed
progress: 37.0 s, 66394.0 tps, lat 0.964 ms stddev 0.953, 0 failed
progress: 38.0 s, 66683.9 tps, lat 0.960 ms stddev 0.941, 0 failed
progress: 39.0 s, 68065.9 tps, lat 0.940 ms stddev 0.917, 0 failed
progress: 40.0 s, 67677.1 tps, lat 0.945 ms stddev 0.917, 0 failed
progress: 41.0 s, 66970.2 tps, lat 0.955 ms stddev 0.936, 0 failed
progress: 42.0 s, 66297.8 tps, lat 0.965 ms stddev 0.945, 0 failed
progress: 43.0 s, 67812.1 tps, lat 0.944 ms stddev 0.912, 0 failed
progress: 44.0 s, 67072.2 tps, lat 0.954 ms stddev 0.930, 0 failed
progress: 45.0 s, 66566.7 tps, lat 0.961 ms stddev 0.940, 0 failed
progress: 46.0 s, 66427.1 tps, lat 0.963 ms stddev 0.950, 0 failed
progress: 47.0 s, 67570.1 tps, lat 0.947 ms stddev 0.920, 0 failed
progress: 48.0 s, 67205.7 tps, lat 0.952 ms stddev 0.933, 0 failed
progress: 49.0 s, 67005.1 tps, lat 0.955 ms stddev 0.929, 0 failed
progress: 50.0 s, 66665.9 tps, lat 0.960 ms stddev 0.938, 0 failed
progress: 51.0 s, 67382.3 tps, lat 0.950 ms stddev 0.922, 0 failed
progress: 52.0 s, 67978.0 tps, lat 0.941 ms stddev 0.916, 0 failed
progress: 53.0 s, 66563.0 tps, lat 0.961 ms stddev 0.941, 0 failed
progress: 54.0 s, 65931.9 tps, lat 0.970 ms stddev 0.959, 0 failed
progress: 55.0 s, 67840.5 tps, lat 0.943 ms stddev 0.916, 0 failed
progress: 56.0 s, 67731.7 tps, lat 0.945 ms stddev 0.921, 0 failed
progress: 57.0 s, 66786.0 tps, lat 0.958 ms stddev 0.937, 0 failed
progress: 58.0 s, 66789.9 tps, lat 0.958 ms stddev 0.944, 0 failed
progress: 59.0 s, 67354.9 tps, lat 0.950 ms stddev 0.923, 0 failed
transaction type: star-1.sql
scaling factor: 1
query mode: prepared
number of clients: 64
number of threads: 64
maximum number of tries: 1
duration: 60 s
number of transactions actually processed: 4020968
number of failed transactions: 0 (0.000%)
latency average = 0.954 ms
latency stddev = 0.937 ms
initial connection time = 40.290 ms
tps = 67058.120658 (without initial connection time)
