pgbench (18devel, server 9.5.25)
progress: 1.0 s, 13105.3 tps, lat 2.420 ms stddev 0.556, 0 failed
progress: 2.0 s, 13550.6 tps, lat 2.360 ms stddev 0.193, 0 failed
progress: 3.0 s, 13631.8 tps, lat 2.347 ms stddev 0.147, 0 failed
progress: 4.0 s, 13693.6 tps, lat 2.337 ms stddev 0.058, 0 failed
progress: 5.0 s, 13717.5 tps, lat 2.331 ms stddev 0.045, 0 failed
progress: 6.0 s, 13727.5 tps, lat 2.332 ms stddev 0.053, 0 failed
progress: 7.0 s, 13738.0 tps, lat 2.328 ms stddev 0.043, 0 failed
progress: 8.0 s, 13738.0 tps, lat 2.329 ms stddev 0.048, 0 failed
progress: 9.0 s, 13688.5 tps, lat 2.336 ms stddev 0.141, 0 failed
progress: 10.0 s, 13746.5 tps, lat 2.329 ms stddev 0.045, 0 failed
progress: 11.0 s, 13745.6 tps, lat 2.327 ms stddev 0.041, 0 failed
progress: 12.0 s, 13752.8 tps, lat 2.327 ms stddev 0.046, 0 failed
progress: 13.0 s, 13758.7 tps, lat 2.326 ms stddev 0.044, 0 failed
progress: 14.0 s, 13755.5 tps, lat 2.325 ms stddev 0.042, 0 failed
progress: 15.0 s, 13722.0 tps, lat 2.331 ms stddev 0.118, 0 failed
progress: 16.0 s, 13737.0 tps, lat 2.329 ms stddev 0.055, 0 failed
progress: 17.0 s, 13751.0 tps, lat 2.327 ms stddev 0.040, 0 failed
progress: 18.0 s, 13751.4 tps, lat 2.327 ms stddev 0.041, 0 failed
progress: 19.0 s, 13695.0 tps, lat 2.336 ms stddev 0.144, 0 failed
progress: 20.0 s, 13680.0 tps, lat 2.339 ms stddev 0.166, 0 failed
progress: 21.0 s, 13687.6 tps, lat 2.337 ms stddev 0.163, 0 failed
progress: 22.0 s, 13753.5 tps, lat 2.327 ms stddev 0.052, 0 failed
progress: 23.0 s, 13765.5 tps, lat 2.324 ms stddev 0.042, 0 failed
progress: 24.0 s, 13691.5 tps, lat 2.337 ms stddev 0.175, 0 failed
progress: 25.0 s, 13788.0 tps, lat 2.321 ms stddev 0.040, 0 failed
progress: 26.0 s, 13743.0 tps, lat 2.328 ms stddev 0.120, 0 failed
progress: 27.0 s, 13775.9 tps, lat 2.322 ms stddev 0.045, 0 failed
progress: 28.0 s, 13782.0 tps, lat 2.322 ms stddev 0.044, 0 failed
progress: 29.0 s, 13710.0 tps, lat 2.333 ms stddev 0.158, 0 failed
progress: 30.0 s, 13742.8 tps, lat 2.328 ms stddev 0.119, 0 failed
progress: 31.0 s, 13760.2 tps, lat 2.325 ms stddev 0.046, 0 failed
progress: 32.0 s, 13719.0 tps, lat 2.332 ms stddev 0.134, 0 failed
progress: 33.0 s, 13655.1 tps, lat 2.344 ms stddev 0.196, 0 failed
progress: 34.0 s, 13748.9 tps, lat 2.326 ms stddev 0.046, 0 failed
progress: 35.0 s, 13767.0 tps, lat 2.324 ms stddev 0.044, 0 failed
progress: 36.0 s, 13745.0 tps, lat 2.328 ms stddev 0.118, 0 failed
progress: 37.0 s, 13786.0 tps, lat 2.321 ms stddev 0.043, 0 failed
progress: 38.0 s, 13714.9 tps, lat 2.333 ms stddev 0.150, 0 failed
progress: 39.0 s, 13770.1 tps, lat 2.323 ms stddev 0.043, 0 failed
progress: 40.0 s, 13771.9 tps, lat 2.323 ms stddev 0.044, 0 failed
progress: 41.0 s, 13785.0 tps, lat 2.321 ms stddev 0.039, 0 failed
progress: 42.0 s, 13772.0 tps, lat 2.323 ms stddev 0.045, 0 failed
progress: 43.0 s, 13783.0 tps, lat 2.322 ms stddev 0.040, 0 failed
progress: 44.0 s, 13782.0 tps, lat 2.321 ms stddev 0.038, 0 failed
progress: 45.0 s, 13774.0 tps, lat 2.323 ms stddev 0.052, 0 failed
progress: 46.0 s, 13783.0 tps, lat 2.321 ms stddev 0.039, 0 failed
progress: 47.0 s, 13779.0 tps, lat 2.322 ms stddev 0.040, 0 failed
progress: 48.0 s, 13716.9 tps, lat 2.332 ms stddev 0.149, 0 failed
progress: 49.0 s, 13763.0 tps, lat 2.324 ms stddev 0.043, 0 failed
progress: 50.0 s, 13775.0 tps, lat 2.323 ms stddev 0.038, 0 failed
progress: 51.0 s, 13765.0 tps, lat 2.324 ms stddev 0.042, 0 failed
progress: 52.0 s, 13764.0 tps, lat 2.324 ms stddev 0.045, 0 failed
progress: 53.0 s, 13724.0 tps, lat 2.332 ms stddev 0.146, 0 failed
progress: 54.0 s, 13715.0 tps, lat 2.332 ms stddev 0.138, 0 failed
progress: 55.0 s, 13779.0 tps, lat 2.322 ms stddev 0.043, 0 failed
progress: 56.0 s, 13777.0 tps, lat 2.322 ms stddev 0.043, 0 failed
progress: 57.0 s, 13703.0 tps, lat 2.335 ms stddev 0.167, 0 failed
progress: 58.0 s, 13792.0 tps, lat 2.320 ms stddev 0.042, 0 failed
progress: 59.0 s, 13790.0 tps, lat 2.320 ms stddev 0.039, 0 failed
transaction type: star-1-left.sql
scaling factor: 1
query mode: simple
number of clients: 32
number of threads: 32
maximum number of tries: 1
duration: 60 s
number of transactions actually processed: 823696
number of failed transactions: 0 (0.000%)
latency average = 2.330 ms
latency stddev = 0.117 ms
initial connection time = 22.484 ms
tps = 13732.760484 (without initial connection time)
