pgbench (18devel, server 9.5.25)
progress: 1.0 s, 17299.8 tps, lat 3.645 ms stddev 1.462, 0 failed
progress: 2.0 s, 17373.7 tps, lat 3.682 ms stddev 1.033, 0 failed
progress: 3.0 s, 17230.5 tps, lat 3.715 ms stddev 1.048, 0 failed
progress: 4.0 s, 17225.0 tps, lat 3.715 ms stddev 1.045, 0 failed
progress: 5.0 s, 17186.9 tps, lat 3.722 ms stddev 1.046, 0 failed
progress: 6.0 s, 17207.0 tps, lat 3.720 ms stddev 1.050, 0 failed
progress: 7.0 s, 17075.0 tps, lat 3.749 ms stddev 1.033, 0 failed
progress: 8.0 s, 17184.0 tps, lat 3.724 ms stddev 1.042, 0 failed
progress: 9.0 s, 17193.1 tps, lat 3.721 ms stddev 1.050, 0 failed
progress: 10.0 s, 17378.9 tps, lat 3.683 ms stddev 1.051, 0 failed
progress: 11.0 s, 17178.9 tps, lat 3.725 ms stddev 1.048, 0 failed
progress: 12.0 s, 17256.1 tps, lat 3.709 ms stddev 1.043, 0 failed
progress: 13.0 s, 17339.5 tps, lat 3.690 ms stddev 1.055, 0 failed
progress: 14.0 s, 17324.6 tps, lat 3.693 ms stddev 1.056, 0 failed
progress: 15.0 s, 17253.0 tps, lat 3.710 ms stddev 1.042, 0 failed
progress: 16.0 s, 17213.1 tps, lat 3.718 ms stddev 1.047, 0 failed
progress: 17.0 s, 17241.9 tps, lat 3.711 ms stddev 1.052, 0 failed
progress: 18.0 s, 17263.1 tps, lat 3.706 ms stddev 1.048, 0 failed
progress: 19.0 s, 17117.9 tps, lat 3.739 ms stddev 1.033, 0 failed
progress: 20.0 s, 17236.0 tps, lat 3.711 ms stddev 1.044, 0 failed
progress: 21.0 s, 17231.1 tps, lat 3.714 ms stddev 1.050, 0 failed
progress: 22.0 s, 17263.9 tps, lat 3.707 ms stddev 1.049, 0 failed
progress: 23.0 s, 17182.1 tps, lat 3.724 ms stddev 1.059, 0 failed
progress: 24.0 s, 17319.0 tps, lat 3.695 ms stddev 1.064, 0 failed
progress: 25.0 s, 17352.5 tps, lat 3.689 ms stddev 1.063, 0 failed
progress: 26.0 s, 17183.6 tps, lat 3.723 ms stddev 1.042, 0 failed
progress: 27.0 s, 17244.9 tps, lat 3.711 ms stddev 1.045, 0 failed
progress: 28.0 s, 17203.1 tps, lat 3.719 ms stddev 1.050, 0 failed
progress: 29.0 s, 17449.1 tps, lat 3.670 ms stddev 1.056, 0 failed
progress: 30.0 s, 17049.9 tps, lat 3.753 ms stddev 1.046, 0 failed
progress: 31.0 s, 17309.9 tps, lat 3.696 ms stddev 1.056, 0 failed
progress: 32.0 s, 17276.1 tps, lat 3.703 ms stddev 1.051, 0 failed
progress: 33.0 s, 17129.9 tps, lat 3.736 ms stddev 1.046, 0 failed
progress: 34.0 s, 17189.2 tps, lat 3.723 ms stddev 1.046, 0 failed
progress: 35.0 s, 17387.8 tps, lat 3.680 ms stddev 1.061, 0 failed
progress: 36.0 s, 17256.1 tps, lat 3.710 ms stddev 1.054, 0 failed
progress: 37.0 s, 17207.1 tps, lat 3.720 ms stddev 1.052, 0 failed
progress: 38.0 s, 17283.0 tps, lat 3.701 ms stddev 1.055, 0 failed
progress: 39.0 s, 17360.0 tps, lat 3.686 ms stddev 1.066, 0 failed
progress: 40.0 s, 17362.9 tps, lat 3.685 ms stddev 1.052, 0 failed
progress: 41.0 s, 17086.1 tps, lat 3.746 ms stddev 1.038, 0 failed
progress: 42.0 s, 17168.0 tps, lat 3.726 ms stddev 1.051, 0 failed
progress: 43.0 s, 17210.9 tps, lat 3.720 ms stddev 1.051, 0 failed
progress: 44.0 s, 17268.6 tps, lat 3.707 ms stddev 1.058, 0 failed
progress: 45.0 s, 17307.4 tps, lat 3.697 ms stddev 1.062, 0 failed
progress: 46.0 s, 17304.0 tps, lat 3.698 ms stddev 1.064, 0 failed
progress: 47.0 s, 17188.9 tps, lat 3.722 ms stddev 1.059, 0 failed
progress: 48.0 s, 17221.1 tps, lat 3.716 ms stddev 1.053, 0 failed
progress: 49.0 s, 17174.9 tps, lat 3.726 ms stddev 1.049, 0 failed
progress: 50.0 s, 17253.0 tps, lat 3.708 ms stddev 1.052, 0 failed
progress: 51.0 s, 17042.0 tps, lat 3.756 ms stddev 1.047, 0 failed
progress: 52.0 s, 17215.1 tps, lat 3.716 ms stddev 1.059, 0 failed
progress: 53.0 s, 17165.0 tps, lat 3.729 ms stddev 1.054, 0 failed
progress: 54.0 s, 17221.1 tps, lat 3.716 ms stddev 1.062, 0 failed
progress: 55.0 s, 17145.9 tps, lat 3.732 ms stddev 1.057, 0 failed
progress: 56.0 s, 17187.0 tps, lat 3.726 ms stddev 1.054, 0 failed
progress: 57.0 s, 17298.0 tps, lat 3.698 ms stddev 1.065, 0 failed
progress: 58.0 s, 17144.0 tps, lat 3.730 ms stddev 1.053, 0 failed
progress: 59.0 s, 17100.9 tps, lat 3.743 ms stddev 1.041, 0 failed
transaction type: star-1-left.sql
scaling factor: 1
query mode: simple
number of clients: 64
number of threads: 64
maximum number of tries: 1
duration: 60 s
number of transactions actually processed: 1033498
number of failed transactions: 0 (0.000%)
latency average = 3.713 ms
latency stddev = 1.060 ms
initial connection time = 38.339 ms
tps = 17234.207074 (without initial connection time)
