pgbench (18devel, server 8.4.22)
progress: 1.0 s, 5742.7 tps, lat 21.541 ms stddev 29.408, 0 failed
progress: 2.0 s, 25896.0 tps, lat 4.978 ms stddev 6.306, 0 failed
progress: 3.0 s, 39042.0 tps, lat 3.280 ms stddev 3.142, 0 failed
progress: 4.0 s, 39047.0 tps, lat 3.278 ms stddev 3.163, 0 failed
progress: 5.0 s, 38628.1 tps, lat 3.313 ms stddev 3.156, 0 failed
progress: 6.0 s, 39272.0 tps, lat 3.260 ms stddev 3.107, 0 failed
progress: 7.0 s, 39023.0 tps, lat 3.280 ms stddev 3.185, 0 failed
progress: 8.0 s, 39252.9 tps, lat 3.260 ms stddev 3.131, 0 failed
progress: 9.0 s, 39187.1 tps, lat 3.267 ms stddev 3.119, 0 failed
progress: 10.0 s, 32675.0 tps, lat 3.919 ms stddev 4.599, 0 failed
progress: 11.0 s, 39002.0 tps, lat 3.278 ms stddev 3.181, 0 failed
progress: 12.0 s, 36282.1 tps, lat 3.504 ms stddev 3.738, 0 failed
progress: 13.0 s, 35536.7 tps, lat 3.628 ms stddev 4.091, 0 failed
progress: 14.0 s, 26924.1 tps, lat 4.754 ms stddev 5.971, 0 failed
progress: 15.0 s, 38988.0 tps, lat 3.282 ms stddev 3.180, 0 failed
progress: 16.0 s, 34380.0 tps, lat 3.723 ms stddev 4.260, 0 failed
progress: 17.0 s, 38986.2 tps, lat 3.283 ms stddev 3.176, 0 failed
progress: 18.0 s, 39285.8 tps, lat 3.258 ms stddev 3.097, 0 failed
progress: 19.0 s, 38731.2 tps, lat 3.304 ms stddev 3.207, 0 failed
progress: 20.0 s, 39020.0 tps, lat 3.280 ms stddev 3.178, 0 failed
progress: 21.0 s, 28240.0 tps, lat 4.491 ms stddev 5.585, 0 failed
progress: 22.0 s, 6700.9 tps, lat 19.123 ms stddev 8.125, 0 failed
progress: 23.0 s, 17172.1 tps, lat 7.513 ms stddev 8.419, 0 failed
progress: 24.0 s, 39372.1 tps, lat 3.250 ms stddev 3.147, 0 failed
progress: 25.0 s, 39282.0 tps, lat 3.259 ms stddev 3.159, 0 failed
progress: 26.0 s, 39518.2 tps, lat 3.238 ms stddev 3.092, 0 failed
progress: 27.0 s, 38906.8 tps, lat 3.289 ms stddev 3.208, 0 failed
progress: 28.0 s, 39285.1 tps, lat 3.258 ms stddev 3.137, 0 failed
progress: 29.0 s, 39298.9 tps, lat 3.257 ms stddev 3.151, 0 failed
progress: 30.0 s, 39561.0 tps, lat 3.237 ms stddev 3.110, 0 failed
progress: 31.0 s, 38877.9 tps, lat 3.290 ms stddev 3.170, 0 failed
progress: 32.0 s, 39103.0 tps, lat 3.273 ms stddev 3.180, 0 failed
progress: 33.0 s, 39113.1 tps, lat 3.273 ms stddev 3.183, 0 failed
progress: 34.0 s, 39481.9 tps, lat 3.242 ms stddev 3.093, 0 failed
progress: 35.0 s, 39216.1 tps, lat 3.265 ms stddev 3.147, 0 failed
progress: 36.0 s, 39286.0 tps, lat 3.256 ms stddev 3.149, 0 failed
progress: 37.0 s, 39368.0 tps, lat 3.252 ms stddev 3.124, 0 failed
progress: 38.0 s, 39751.0 tps, lat 3.219 ms stddev 3.045, 0 failed
progress: 39.0 s, 37908.0 tps, lat 3.376 ms stddev 3.392, 0 failed
progress: 40.0 s, 39022.0 tps, lat 3.280 ms stddev 3.176, 0 failed
progress: 41.0 s, 39310.0 tps, lat 3.256 ms stddev 3.127, 0 failed
progress: 42.0 s, 39512.1 tps, lat 3.240 ms stddev 3.074, 0 failed
progress: 43.0 s, 39146.0 tps, lat 3.269 ms stddev 3.211, 0 failed
progress: 44.0 s, 39315.0 tps, lat 3.256 ms stddev 3.147, 0 failed
progress: 45.0 s, 39054.0 tps, lat 3.277 ms stddev 3.136, 0 failed
progress: 46.0 s, 39543.8 tps, lat 3.235 ms stddev 3.091, 0 failed
progress: 47.0 s, 36577.1 tps, lat 3.499 ms stddev 3.756, 0 failed
progress: 48.0 s, 38957.0 tps, lat 3.286 ms stddev 3.185, 0 failed
progress: 49.0 s, 39228.0 tps, lat 3.263 ms stddev 3.152, 0 failed
progress: 50.0 s, 39597.0 tps, lat 3.233 ms stddev 3.089, 0 failed
progress: 51.0 s, 39091.0 tps, lat 3.274 ms stddev 3.184, 0 failed
progress: 52.0 s, 39384.9 tps, lat 3.250 ms stddev 3.164, 0 failed
progress: 53.0 s, 39195.2 tps, lat 3.265 ms stddev 3.155, 0 failed
progress: 54.0 s, 35874.9 tps, lat 3.568 ms stddev 3.942, 0 failed
progress: 55.0 s, 39225.0 tps, lat 3.264 ms stddev 3.189, 0 failed
progress: 56.0 s, 39384.0 tps, lat 3.248 ms stddev 3.158, 0 failed
progress: 57.0 s, 39210.0 tps, lat 3.265 ms stddev 3.154, 0 failed
progress: 58.0 s, 38882.1 tps, lat 3.293 ms stddev 3.205, 0 failed
progress: 59.0 s, 38948.0 tps, lat 3.285 ms stddev 3.193, 0 failed
transaction type: star-1-left.sql
scaling factor: 1
query mode: prepared
number of clients: 128
number of threads: 128
maximum number of tries: 1
duration: 60 s
number of transactions actually processed: 2200091
number of failed transactions: 0 (0.000%)
latency average = 3.486 ms
latency stddev = 4.029 ms
initial connection time = 73.856 ms
tps = 36702.626301 (without initial connection time)
