pgbench (18devel, server 8.4.22)
progress: 1.0 s, 4238.7 tps, lat 54.277 ms stddev 133.013, 0 failed
progress: 2.0 s, 31106.2 tps, lat 8.579 ms stddev 16.421, 0 failed
progress: 3.0 s, 37807.0 tps, lat 6.767 ms stddev 6.534, 0 failed
progress: 4.0 s, 37923.0 tps, lat 6.754 ms stddev 6.587, 0 failed
progress: 5.0 s, 37910.9 tps, lat 6.747 ms stddev 6.588, 0 failed
progress: 6.0 s, 38372.0 tps, lat 6.673 ms stddev 6.473, 0 failed
progress: 7.0 s, 38160.0 tps, lat 6.711 ms stddev 6.566, 0 failed
progress: 8.0 s, 24961.9 tps, lat 10.033 ms stddev 13.880, 0 failed
progress: 9.0 s, 8700.3 tps, lat 30.059 ms stddev 26.642, 0 failed
progress: 10.0 s, 37970.0 tps, lat 6.739 ms stddev 6.546, 0 failed
progress: 11.0 s, 37982.0 tps, lat 6.739 ms stddev 6.546, 0 failed
progress: 12.0 s, 37671.0 tps, lat 6.794 ms stddev 6.667, 0 failed
progress: 13.0 s, 37898.1 tps, lat 6.760 ms stddev 6.621, 0 failed
progress: 14.0 s, 38385.9 tps, lat 6.667 ms stddev 6.427, 0 failed
progress: 15.0 s, 38494.9 tps, lat 6.649 ms stddev 6.463, 0 failed
progress: 16.0 s, 28704.1 tps, lat 8.918 ms stddev 11.932, 0 failed
progress: 17.0 s, 37880.9 tps, lat 6.759 ms stddev 6.575, 0 failed
progress: 18.0 s, 38408.9 tps, lat 6.666 ms stddev 6.469, 0 failed
progress: 19.0 s, 27491.1 tps, lat 9.101 ms stddev 12.220, 0 failed
progress: 20.0 s, 31249.3 tps, lat 8.374 ms stddev 11.267, 0 failed
progress: 21.0 s, 16412.0 tps, lat 15.601 ms stddev 19.906, 0 failed
progress: 22.0 s, 38102.0 tps, lat 6.718 ms stddev 6.578, 0 failed
progress: 23.0 s, 37877.9 tps, lat 6.758 ms stddev 6.643, 0 failed
progress: 24.0 s, 35328.0 tps, lat 7.243 ms stddev 7.994, 0 failed
progress: 25.0 s, 37903.0 tps, lat 6.760 ms stddev 6.590, 0 failed
progress: 26.0 s, 37932.9 tps, lat 6.745 ms stddev 6.538, 0 failed
progress: 27.0 s, 38185.1 tps, lat 6.702 ms stddev 6.523, 0 failed
progress: 28.0 s, 38049.0 tps, lat 6.729 ms stddev 6.613, 0 failed
progress: 29.0 s, 38028.0 tps, lat 6.727 ms stddev 6.578, 0 failed
progress: 30.0 s, 35835.2 tps, lat 7.155 ms stddev 7.715, 0 failed
progress: 31.0 s, 38290.8 tps, lat 6.681 ms stddev 6.437, 0 failed
progress: 32.0 s, 37946.2 tps, lat 6.746 ms stddev 6.652, 0 failed
progress: 33.0 s, 28042.9 tps, lat 9.131 ms stddev 12.299, 0 failed
progress: 34.0 s, 38380.0 tps, lat 6.667 ms stddev 6.516, 0 failed
progress: 35.0 s, 17287.4 tps, lat 14.798 ms stddev 19.597, 0 failed
progress: 36.0 s, 38114.3 tps, lat 6.721 ms stddev 6.568, 0 failed
progress: 37.0 s, 31528.6 tps, lat 7.954 ms stddev 9.998, 0 failed
progress: 38.0 s, 16419.3 tps, lat 15.903 ms stddev 20.832, 0 failed
progress: 39.0 s, 37987.9 tps, lat 6.735 ms stddev 6.599, 0 failed
progress: 40.0 s, 37853.2 tps, lat 6.769 ms stddev 6.659, 0 failed
progress: 41.0 s, 31641.7 tps, lat 8.084 ms stddev 10.129, 0 failed
progress: 42.0 s, 38150.2 tps, lat 6.715 ms stddev 6.535, 0 failed
progress: 43.0 s, 38096.3 tps, lat 6.718 ms stddev 6.587, 0 failed
progress: 44.0 s, 34991.0 tps, lat 7.315 ms stddev 8.048, 0 failed
progress: 45.0 s, 38052.0 tps, lat 6.726 ms stddev 6.572, 0 failed
progress: 46.0 s, 38298.8 tps, lat 6.687 ms stddev 6.536, 0 failed
progress: 47.0 s, 38048.9 tps, lat 6.726 ms stddev 6.592, 0 failed
progress: 48.0 s, 37965.2 tps, lat 6.735 ms stddev 6.652, 0 failed
progress: 49.0 s, 38043.0 tps, lat 6.734 ms stddev 6.614, 0 failed
progress: 50.0 s, 38026.9 tps, lat 6.740 ms stddev 6.599, 0 failed
progress: 51.0 s, 38270.1 tps, lat 6.684 ms stddev 6.540, 0 failed
progress: 52.0 s, 38051.8 tps, lat 6.734 ms stddev 6.602, 0 failed
progress: 53.0 s, 38198.2 tps, lat 6.693 ms stddev 6.533, 0 failed
progress: 54.0 s, 38380.2 tps, lat 6.673 ms stddev 6.541, 0 failed
progress: 55.0 s, 37962.7 tps, lat 6.745 ms stddev 6.661, 0 failed
progress: 56.0 s, 37972.2 tps, lat 6.736 ms stddev 6.641, 0 failed
progress: 57.0 s, 18574.1 tps, lat 13.789 ms stddev 18.421, 0 failed
progress: 58.0 s, 15187.0 tps, lat 16.848 ms stddev 20.827, 0 failed
progress: 59.0 s, 38067.0 tps, lat 6.722 ms stddev 6.603, 0 failed
transaction type: star-1-left.sql
scaling factor: 1
query mode: prepared
number of clients: 256
number of threads: 256
maximum number of tries: 1
duration: 60 s
number of transactions actually processed: 2033399
number of failed transactions: 0 (0.000%)
latency average = 7.535 ms
latency stddev = 11.004 ms
initial connection time = 155.965 ms
tps = 33960.190367 (without initial connection time)
