pgbench (18devel, server 8.4.22)
progress: 1.0 s, 13075.7 tps, lat 2.425 ms stddev 1.846, 0 failed
progress: 2.0 s, 13857.3 tps, lat 2.309 ms stddev 0.905, 0 failed
progress: 3.0 s, 14099.0 tps, lat 2.269 ms stddev 0.892, 0 failed
progress: 4.0 s, 14479.8 tps, lat 2.210 ms stddev 0.896, 0 failed
progress: 5.0 s, 12645.0 tps, lat 2.530 ms stddev 0.546, 0 failed
progress: 6.0 s, 11589.4 tps, lat 2.760 ms stddev 0.508, 0 failed
progress: 7.0 s, 12164.0 tps, lat 2.630 ms stddev 0.708, 0 failed
progress: 8.0 s, 11350.0 tps, lat 2.819 ms stddev 0.510, 0 failed
progress: 9.0 s, 12051.9 tps, lat 2.654 ms stddev 0.552, 0 failed
progress: 10.0 s, 14691.0 tps, lat 2.178 ms stddev 0.982, 0 failed
progress: 11.0 s, 11677.7 tps, lat 2.740 ms stddev 0.482, 0 failed
progress: 12.0 s, 17162.5 tps, lat 1.865 ms stddev 1.075, 0 failed
progress: 13.0 s, 12336.4 tps, lat 2.595 ms stddev 0.625, 0 failed
progress: 14.0 s, 15110.2 tps, lat 2.116 ms stddev 1.010, 0 failed
progress: 15.0 s, 11854.4 tps, lat 2.699 ms stddev 0.516, 0 failed
progress: 16.0 s, 11923.4 tps, lat 2.683 ms stddev 0.562, 0 failed
progress: 17.0 s, 16549.3 tps, lat 1.933 ms stddev 1.073, 0 failed
progress: 18.0 s, 11950.1 tps, lat 2.677 ms stddev 0.655, 0 failed
progress: 19.0 s, 11176.9 tps, lat 2.863 ms stddev 0.444, 0 failed
progress: 20.0 s, 11432.0 tps, lat 2.799 ms stddev 0.459, 0 failed
progress: 21.0 s, 11365.5 tps, lat 2.815 ms stddev 0.478, 0 failed
progress: 22.0 s, 11537.4 tps, lat 2.773 ms stddev 0.501, 0 failed
progress: 23.0 s, 11709.1 tps, lat 2.733 ms stddev 0.532, 0 failed
progress: 24.0 s, 11831.8 tps, lat 2.703 ms stddev 0.598, 0 failed
progress: 25.0 s, 11670.2 tps, lat 2.741 ms stddev 0.560, 0 failed
progress: 26.0 s, 11624.0 tps, lat 2.753 ms stddev 0.554, 0 failed
progress: 27.0 s, 11514.6 tps, lat 2.779 ms stddev 0.496, 0 failed
progress: 28.0 s, 11582.4 tps, lat 2.762 ms stddev 0.536, 0 failed
progress: 29.0 s, 14800.9 tps, lat 2.161 ms stddev 1.086, 0 failed
progress: 30.0 s, 11503.3 tps, lat 2.782 ms stddev 0.531, 0 failed
progress: 31.0 s, 11595.8 tps, lat 2.760 ms stddev 0.569, 0 failed
progress: 32.0 s, 11876.8 tps, lat 2.694 ms stddev 0.616, 0 failed
progress: 33.0 s, 15937.0 tps, lat 2.007 ms stddev 1.128, 0 failed
progress: 34.0 s, 11883.1 tps, lat 2.692 ms stddev 0.486, 0 failed
progress: 35.0 s, 22936.1 tps, lat 1.397 ms stddev 1.076, 0 failed
progress: 36.0 s, 11940.4 tps, lat 2.676 ms stddev 0.560, 0 failed
progress: 37.0 s, 12695.0 tps, lat 2.521 ms stddev 0.703, 0 failed
progress: 38.0 s, 11815.6 tps, lat 2.707 ms stddev 0.473, 0 failed
progress: 39.0 s, 11825.0 tps, lat 2.706 ms stddev 0.464, 0 failed
progress: 40.0 s, 12140.0 tps, lat 2.635 ms stddev 0.577, 0 failed
progress: 41.0 s, 13736.0 tps, lat 2.330 ms stddev 0.924, 0 failed
progress: 42.0 s, 12093.0 tps, lat 2.645 ms stddev 0.706, 0 failed
progress: 43.0 s, 11617.0 tps, lat 2.754 ms stddev 0.542, 0 failed
progress: 44.0 s, 11376.9 tps, lat 2.813 ms stddev 0.498, 0 failed
progress: 45.0 s, 12468.4 tps, lat 2.565 ms stddev 0.816, 0 failed
progress: 46.0 s, 11407.2 tps, lat 2.805 ms stddev 0.529, 0 failed
progress: 47.0 s, 11612.2 tps, lat 2.755 ms stddev 0.592, 0 failed
progress: 48.0 s, 11275.2 tps, lat 2.838 ms stddev 0.462, 0 failed
progress: 49.0 s, 14533.2 tps, lat 2.202 ms stddev 0.958, 0 failed
progress: 50.0 s, 13331.3 tps, lat 2.400 ms stddev 0.803, 0 failed
progress: 51.0 s, 11795.6 tps, lat 2.712 ms stddev 0.482, 0 failed
progress: 52.0 s, 11723.4 tps, lat 2.729 ms stddev 0.505, 0 failed
progress: 53.0 s, 13267.6 tps, lat 2.411 ms stddev 0.870, 0 failed
progress: 54.0 s, 12148.9 tps, lat 2.633 ms stddev 0.621, 0 failed
progress: 55.0 s, 11814.0 tps, lat 2.709 ms stddev 0.657, 0 failed
progress: 56.0 s, 17795.1 tps, lat 1.798 ms stddev 1.111, 0 failed
progress: 57.0 s, 12283.0 tps, lat 2.604 ms stddev 0.604, 0 failed
progress: 58.0 s, 12393.5 tps, lat 2.583 ms stddev 0.653, 0 failed
progress: 59.0 s, 11743.6 tps, lat 2.723 ms stddev 0.491, 0 failed
transaction type: star-1-left.sql
scaling factor: 1
query mode: prepared
number of clients: 32
number of threads: 32
maximum number of tries: 1
duration: 60 s
number of transactions actually processed: 772978
number of failed transactions: 0 (0.000%)
latency average = 2.483 ms
latency stddev = 0.856 ms
initial connection time = 19.461 ms
tps = 12886.881916 (without initial connection time)
