pgbench (18devel, server 8.4.22)
progress: 1.0 s, 10823.9 tps, lat 5.829 ms stddev 9.231, 0 failed
progress: 2.0 s, 40055.8 tps, lat 1.597 ms stddev 1.410, 0 failed
progress: 3.0 s, 39927.9 tps, lat 1.602 ms stddev 1.412, 0 failed
progress: 4.0 s, 40050.1 tps, lat 1.597 ms stddev 1.424, 0 failed
progress: 5.0 s, 40014.9 tps, lat 1.600 ms stddev 1.428, 0 failed
progress: 6.0 s, 32361.8 tps, lat 1.969 ms stddev 2.145, 0 failed
progress: 7.0 s, 7243.0 tps, lat 8.846 ms stddev 2.198, 0 failed
progress: 8.0 s, 31275.2 tps, lat 2.052 ms stddev 2.289, 0 failed
progress: 9.0 s, 40334.4 tps, lat 1.586 ms stddev 1.399, 0 failed
progress: 10.0 s, 39797.0 tps, lat 1.608 ms stddev 1.444, 0 failed
progress: 11.0 s, 13047.4 tps, lat 4.888 ms stddev 3.884, 0 failed
progress: 12.0 s, 7199.7 tps, lat 8.889 ms stddev 2.282, 0 failed
progress: 13.0 s, 7364.0 tps, lat 8.693 ms stddev 2.145, 0 failed
progress: 14.0 s, 35557.0 tps, lat 1.805 ms stddev 1.899, 0 failed
progress: 15.0 s, 39985.9 tps, lat 1.599 ms stddev 1.422, 0 failed
progress: 16.0 s, 39881.9 tps, lat 1.607 ms stddev 1.461, 0 failed
progress: 17.0 s, 39722.1 tps, lat 1.611 ms stddev 1.462, 0 failed
progress: 18.0 s, 40075.8 tps, lat 1.597 ms stddev 1.436, 0 failed
progress: 19.0 s, 40403.1 tps, lat 1.583 ms stddev 1.420, 0 failed
progress: 20.0 s, 33566.0 tps, lat 1.906 ms stddev 2.047, 0 failed
progress: 21.0 s, 39780.2 tps, lat 1.609 ms stddev 1.468, 0 failed
progress: 22.0 s, 39950.0 tps, lat 1.602 ms stddev 1.434, 0 failed
progress: 23.0 s, 20218.8 tps, lat 3.154 ms stddev 3.360, 0 failed
progress: 24.0 s, 15478.3 tps, lat 4.148 ms stddev 3.844, 0 failed
progress: 25.0 s, 39553.1 tps, lat 1.618 ms stddev 1.463, 0 failed
progress: 26.0 s, 39763.4 tps, lat 1.609 ms stddev 1.460, 0 failed
progress: 27.0 s, 40296.9 tps, lat 1.588 ms stddev 1.419, 0 failed
progress: 28.0 s, 39568.1 tps, lat 1.618 ms stddev 1.467, 0 failed
progress: 29.0 s, 40112.1 tps, lat 1.595 ms stddev 1.445, 0 failed
progress: 30.0 s, 39738.0 tps, lat 1.610 ms stddev 1.450, 0 failed
progress: 31.0 s, 39978.8 tps, lat 1.600 ms stddev 1.435, 0 failed
progress: 32.0 s, 39789.2 tps, lat 1.608 ms stddev 1.458, 0 failed
progress: 33.0 s, 40175.0 tps, lat 1.593 ms stddev 1.430, 0 failed
progress: 34.0 s, 40160.0 tps, lat 1.593 ms stddev 1.435, 0 failed
progress: 35.0 s, 40325.9 tps, lat 1.586 ms stddev 1.414, 0 failed
progress: 36.0 s, 40200.0 tps, lat 1.592 ms stddev 1.438, 0 failed
progress: 37.0 s, 40144.0 tps, lat 1.594 ms stddev 1.442, 0 failed
progress: 38.0 s, 40074.0 tps, lat 1.597 ms stddev 1.444, 0 failed
progress: 39.0 s, 15586.0 tps, lat 4.105 ms stddev 3.824, 0 failed
progress: 40.0 s, 40032.4 tps, lat 1.599 ms stddev 1.448, 0 failed
progress: 41.0 s, 39939.7 tps, lat 1.602 ms stddev 1.444, 0 failed
progress: 42.0 s, 40040.0 tps, lat 1.598 ms stddev 1.451, 0 failed
progress: 43.0 s, 20813.3 tps, lat 3.066 ms stddev 3.340, 0 failed
progress: 44.0 s, 7281.0 tps, lat 8.788 ms stddev 2.209, 0 failed
progress: 45.0 s, 7352.2 tps, lat 8.707 ms stddev 2.192, 0 failed
progress: 46.0 s, 23636.4 tps, lat 2.714 ms stddev 3.038, 0 failed
progress: 47.0 s, 30979.3 tps, lat 2.061 ms stddev 2.289, 0 failed
progress: 48.0 s, 21266.2 tps, lat 3.017 ms stddev 3.274, 0 failed
progress: 49.0 s, 7697.2 tps, lat 8.282 ms stddev 2.628, 0 failed
progress: 50.0 s, 7343.0 tps, lat 8.719 ms stddev 2.244, 0 failed
progress: 51.0 s, 35303.5 tps, lat 1.819 ms stddev 1.927, 0 failed
progress: 52.0 s, 40174.0 tps, lat 1.592 ms stddev 1.441, 0 failed
progress: 53.0 s, 28208.8 tps, lat 2.262 ms stddev 2.572, 0 failed
progress: 54.0 s, 35906.1 tps, lat 1.787 ms stddev 1.876, 0 failed
progress: 55.0 s, 19390.8 tps, lat 3.289 ms stddev 3.426, 0 failed
progress: 56.0 s, 7320.5 tps, lat 8.744 ms stddev 2.234, 0 failed
progress: 57.0 s, 7274.8 tps, lat 8.797 ms stddev 2.159, 0 failed
progress: 58.0 s, 7369.4 tps, lat 8.682 ms stddev 2.132, 0 failed
progress: 59.0 s, 28533.2 tps, lat 2.241 ms stddev 2.537, 0 failed
transaction type: star-1-left.sql
scaling factor: 1
query mode: prepared
number of clients: 64
number of threads: 64
maximum number of tries: 1
duration: 60 s
number of transactions actually processed: 1772465
number of failed transactions: 0 (0.000%)
latency average = 2.165 ms
latency stddev = 2.535 ms
initial connection time = 38.091 ms
tps = 29557.779045 (without initial connection time)
