pgbench (18devel, server 8.0.26)
progress: 1.0 s, 1574.9 tps, lat 0.631 ms stddev 0.064, 0 failed
progress: 2.0 s, 1597.0 tps, lat 0.626 ms stddev 0.023, 0 failed
progress: 3.0 s, 1615.0 tps, lat 0.619 ms stddev 0.023, 0 failed
progress: 4.0 s, 1629.0 tps, lat 0.613 ms stddev 0.023, 0 failed
progress: 5.0 s, 1641.0 tps, lat 0.609 ms stddev 0.017, 0 failed
progress: 6.0 s, 1651.0 tps, lat 0.605 ms stddev 0.025, 0 failed
progress: 7.0 s, 1639.0 tps, lat 0.610 ms stddev 0.022, 0 failed
progress: 8.0 s, 1645.0 tps, lat 0.608 ms stddev 0.022, 0 failed
progress: 9.0 s, 1616.0 tps, lat 0.618 ms stddev 0.026, 0 failed
progress: 10.0 s, 1638.1 tps, lat 0.610 ms stddev 0.022, 0 failed
progress: 11.0 s, 1625.0 tps, lat 0.615 ms stddev 0.044, 0 failed
progress: 12.0 s, 1623.1 tps, lat 0.616 ms stddev 0.022, 0 failed
progress: 13.0 s, 1646.9 tps, lat 0.607 ms stddev 0.025, 0 failed
progress: 14.0 s, 1631.0 tps, lat 0.613 ms stddev 0.020, 0 failed
progress: 15.0 s, 1629.0 tps, lat 0.613 ms stddev 0.024, 0 failed
progress: 16.0 s, 1617.0 tps, lat 0.618 ms stddev 0.021, 0 failed
progress: 17.0 s, 1651.0 tps, lat 0.605 ms stddev 0.021, 0 failed
progress: 18.0 s, 1627.0 tps, lat 0.614 ms stddev 0.021, 0 failed
progress: 19.0 s, 1632.0 tps, lat 0.612 ms stddev 0.021, 0 failed
progress: 20.0 s, 1628.0 tps, lat 0.614 ms stddev 0.024, 0 failed
progress: 21.0 s, 1666.0 tps, lat 0.600 ms stddev 0.041, 0 failed
progress: 22.0 s, 1667.0 tps, lat 0.600 ms stddev 0.020, 0 failed
progress: 23.0 s, 1668.0 tps, lat 0.599 ms stddev 0.021, 0 failed
progress: 24.0 s, 1662.1 tps, lat 0.601 ms stddev 0.022, 0 failed
progress: 25.0 s, 1617.9 tps, lat 0.617 ms stddev 0.024, 0 failed
progress: 26.0 s, 1618.0 tps, lat 0.617 ms stddev 0.020, 0 failed
progress: 27.0 s, 1631.0 tps, lat 0.613 ms stddev 0.021, 0 failed
progress: 28.0 s, 1618.0 tps, lat 0.618 ms stddev 0.020, 0 failed
progress: 29.0 s, 1626.0 tps, lat 0.615 ms stddev 0.025, 0 failed
progress: 30.0 s, 1626.0 tps, lat 0.614 ms stddev 0.019, 0 failed
progress: 31.0 s, 1651.0 tps, lat 0.605 ms stddev 0.043, 0 failed
progress: 32.0 s, 1632.0 tps, lat 0.612 ms stddev 0.019, 0 failed
progress: 33.0 s, 1641.0 tps, lat 0.609 ms stddev 0.023, 0 failed
progress: 34.0 s, 1616.0 tps, lat 0.618 ms stddev 0.026, 0 failed
progress: 35.0 s, 1638.0 tps, lat 0.610 ms stddev 0.020, 0 failed
progress: 36.0 s, 1651.0 tps, lat 0.605 ms stddev 0.020, 0 failed
progress: 37.0 s, 1664.0 tps, lat 0.601 ms stddev 0.021, 0 failed
progress: 38.0 s, 1638.0 tps, lat 0.610 ms stddev 0.022, 0 failed
progress: 39.0 s, 1636.0 tps, lat 0.611 ms stddev 0.025, 0 failed
progress: 40.0 s, 1647.0 tps, lat 0.607 ms stddev 0.019, 0 failed
progress: 41.0 s, 1620.0 tps, lat 0.617 ms stddev 0.047, 0 failed
progress: 42.0 s, 1629.0 tps, lat 0.613 ms stddev 0.020, 0 failed
progress: 43.0 s, 1640.0 tps, lat 0.609 ms stddev 0.026, 0 failed
progress: 44.0 s, 1626.0 tps, lat 0.615 ms stddev 0.018, 0 failed
progress: 45.0 s, 1625.0 tps, lat 0.615 ms stddev 0.018, 0 failed
progress: 46.0 s, 1625.0 tps, lat 0.615 ms stddev 0.018, 0 failed
progress: 47.0 s, 1644.0 tps, lat 0.608 ms stddev 0.021, 0 failed
progress: 48.0 s, 1638.0 tps, lat 0.610 ms stddev 0.025, 0 failed
progress: 49.0 s, 1626.0 tps, lat 0.615 ms stddev 0.019, 0 failed
progress: 50.0 s, 1632.0 tps, lat 0.612 ms stddev 0.020, 0 failed
progress: 51.0 s, 1647.0 tps, lat 0.607 ms stddev 0.042, 0 failed
progress: 52.0 s, 1645.0 tps, lat 0.607 ms stddev 0.019, 0 failed
progress: 53.0 s, 1646.0 tps, lat 0.607 ms stddev 0.028, 0 failed
progress: 54.0 s, 1621.0 tps, lat 0.617 ms stddev 0.021, 0 failed
progress: 55.0 s, 1624.0 tps, lat 0.615 ms stddev 0.022, 0 failed
progress: 56.0 s, 1623.0 tps, lat 0.616 ms stddev 0.020, 0 failed
progress: 57.0 s, 1627.0 tps, lat 0.614 ms stddev 0.025, 0 failed
progress: 58.0 s, 1634.1 tps, lat 0.612 ms stddev 0.021, 0 failed
progress: 59.0 s, 1634.9 tps, lat 0.611 ms stddev 0.025, 0 failed
progress: 60.0 s, 1621.1 tps, lat 0.616 ms stddev 0.021, 0 failed
transaction type: star-1-left.sql
scaling factor: 1
query mode: simple
number of clients: 1
number of threads: 1
maximum number of tries: 1
duration: 60 s
number of transactions actually processed: 97999
number of failed transactions: 0 (0.000%)
latency average = 0.612 ms
latency stddev = 0.026 ms
initial connection time = 4.626 ms
tps = 1633.435962 (without initial connection time)
