pgbench (18devel, server 9.0.23)
progress: 1.0 s, 8314.6 tps, lat 0.120 ms stddev 0.048, 0 failed
progress: 2.0 s, 8510.1 tps, lat 0.117 ms stddev 0.004, 0 failed
progress: 3.0 s, 8587.9 tps, lat 0.116 ms stddev 0.006, 0 failed
progress: 4.0 s, 8552.0 tps, lat 0.117 ms stddev 0.004, 0 failed
progress: 5.0 s, 8669.0 tps, lat 0.115 ms stddev 0.005, 0 failed
progress: 6.0 s, 8629.3 tps, lat 0.116 ms stddev 0.004, 0 failed
progress: 7.0 s, 8665.7 tps, lat 0.115 ms stddev 0.004, 0 failed
progress: 8.0 s, 8678.0 tps, lat 0.115 ms stddev 0.003, 0 failed
progress: 9.0 s, 8794.1 tps, lat 0.114 ms stddev 0.004, 0 failed
progress: 10.0 s, 8728.9 tps, lat 0.114 ms stddev 0.003, 0 failed
progress: 11.0 s, 8714.0 tps, lat 0.115 ms stddev 0.003, 0 failed
progress: 12.0 s, 8730.4 tps, lat 0.114 ms stddev 0.003, 0 failed
progress: 13.0 s, 8822.1 tps, lat 0.113 ms stddev 0.004, 0 failed
progress: 14.0 s, 8719.6 tps, lat 0.115 ms stddev 0.004, 0 failed
progress: 15.0 s, 8747.0 tps, lat 0.114 ms stddev 0.003, 0 failed
progress: 16.0 s, 8702.0 tps, lat 0.115 ms stddev 0.005, 0 failed
progress: 17.0 s, 8831.3 tps, lat 0.113 ms stddev 0.004, 0 failed
progress: 18.0 s, 8799.7 tps, lat 0.114 ms stddev 0.003, 0 failed
progress: 19.0 s, 8748.0 tps, lat 0.114 ms stddev 0.003, 0 failed
progress: 20.0 s, 8754.3 tps, lat 0.114 ms stddev 0.002, 0 failed
progress: 21.0 s, 8838.7 tps, lat 0.113 ms stddev 0.004, 0 failed
progress: 22.0 s, 8764.0 tps, lat 0.114 ms stddev 0.003, 0 failed
progress: 23.0 s, 8742.4 tps, lat 0.114 ms stddev 0.003, 0 failed
progress: 24.0 s, 8737.5 tps, lat 0.114 ms stddev 0.004, 0 failed
progress: 25.0 s, 8717.0 tps, lat 0.115 ms stddev 0.004, 0 failed
progress: 26.0 s, 8748.1 tps, lat 0.114 ms stddev 0.004, 0 failed
progress: 27.0 s, 8749.1 tps, lat 0.114 ms stddev 0.003, 0 failed
progress: 28.0 s, 8755.9 tps, lat 0.114 ms stddev 0.003, 0 failed
progress: 29.0 s, 8835.8 tps, lat 0.113 ms stddev 0.004, 0 failed
progress: 30.0 s, 8747.3 tps, lat 0.114 ms stddev 0.003, 0 failed
progress: 31.0 s, 8735.1 tps, lat 0.114 ms stddev 0.003, 0 failed
progress: 32.0 s, 8712.6 tps, lat 0.115 ms stddev 0.003, 0 failed
progress: 33.0 s, 8816.0 tps, lat 0.113 ms stddev 0.003, 0 failed
progress: 34.0 s, 8966.1 tps, lat 0.111 ms stddev 0.003, 0 failed
progress: 35.0 s, 8998.2 tps, lat 0.111 ms stddev 0.002, 0 failed
progress: 36.0 s, 8787.8 tps, lat 0.114 ms stddev 0.003, 0 failed
progress: 37.0 s, 8786.9 tps, lat 0.114 ms stddev 0.004, 0 failed
progress: 38.0 s, 8718.2 tps, lat 0.115 ms stddev 0.003, 0 failed
progress: 39.0 s, 8697.8 tps, lat 0.115 ms stddev 0.003, 0 failed
progress: 40.0 s, 8706.0 tps, lat 0.115 ms stddev 0.003, 0 failed
progress: 41.0 s, 8776.0 tps, lat 0.114 ms stddev 0.003, 0 failed
progress: 42.0 s, 8811.0 tps, lat 0.113 ms stddev 0.003, 0 failed
progress: 43.0 s, 8696.4 tps, lat 0.115 ms stddev 0.003, 0 failed
progress: 44.0 s, 8663.6 tps, lat 0.115 ms stddev 0.004, 0 failed
progress: 45.0 s, 8761.2 tps, lat 0.114 ms stddev 0.004, 0 failed
progress: 46.0 s, 8695.8 tps, lat 0.115 ms stddev 0.004, 0 failed
progress: 47.0 s, 8658.4 tps, lat 0.115 ms stddev 0.003, 0 failed
progress: 48.0 s, 8681.8 tps, lat 0.115 ms stddev 0.003, 0 failed
progress: 49.0 s, 8756.0 tps, lat 0.114 ms stddev 0.004, 0 failed
progress: 50.0 s, 8651.8 tps, lat 0.115 ms stddev 0.003, 0 failed
progress: 51.0 s, 8651.0 tps, lat 0.116 ms stddev 0.003, 0 failed
progress: 52.0 s, 8677.0 tps, lat 0.115 ms stddev 0.002, 0 failed
progress: 53.0 s, 8750.4 tps, lat 0.114 ms stddev 0.003, 0 failed
progress: 54.0 s, 8945.0 tps, lat 0.112 ms stddev 0.003, 0 failed
progress: 55.0 s, 8672.7 tps, lat 0.115 ms stddev 0.002, 0 failed
progress: 56.0 s, 8647.0 tps, lat 0.116 ms stddev 0.003, 0 failed
progress: 57.0 s, 8721.0 tps, lat 0.115 ms stddev 0.003, 0 failed
progress: 58.0 s, 8761.4 tps, lat 0.114 ms stddev 0.003, 0 failed
progress: 59.0 s, 8649.6 tps, lat 0.116 ms stddev 0.003, 0 failed
progress: 60.0 s, 8643.4 tps, lat 0.116 ms stddev 0.003, 0 failed
transaction type: star-1-left.sql
scaling factor: 1
query mode: prepared
number of clients: 1
number of threads: 1
maximum number of tries: 1
duration: 60 s
number of transactions actually processed: 523530
number of failed transactions: 0 (0.000%)
latency average = 0.115 ms
latency stddev = 0.007 ms
initial connection time = 2.426 ms
tps = 8725.840017 (without initial connection time)
