pgbench (18devel, server 9.0.23)
progress: 1.0 s, 14490.5 tps, lat 8.614 ms stddev 24.638, 0 failed
progress: 2.0 s, 39004.9 tps, lat 3.280 ms stddev 3.082, 0 failed
progress: 3.0 s, 38832.2 tps, lat 3.296 ms stddev 3.097, 0 failed
progress: 4.0 s, 39141.7 tps, lat 3.270 ms stddev 3.096, 0 failed
progress: 5.0 s, 39281.2 tps, lat 3.259 ms stddev 3.036, 0 failed
progress: 6.0 s, 39000.1 tps, lat 3.281 ms stddev 3.147, 0 failed
progress: 7.0 s, 29788.7 tps, lat 4.296 ms stddev 5.267, 0 failed
progress: 8.0 s, 38942.3 tps, lat 3.288 ms stddev 3.096, 0 failed
progress: 9.0 s, 32555.4 tps, lat 3.898 ms stddev 4.599, 0 failed
progress: 10.0 s, 35894.6 tps, lat 3.594 ms stddev 3.942, 0 failed
progress: 11.0 s, 38971.1 tps, lat 3.285 ms stddev 3.145, 0 failed
progress: 12.0 s, 39073.0 tps, lat 3.275 ms stddev 3.116, 0 failed
progress: 13.0 s, 39529.0 tps, lat 3.237 ms stddev 3.034, 0 failed
progress: 14.0 s, 14376.0 tps, lat 8.839 ms stddev 9.236, 0 failed
progress: 15.0 s, 29072.3 tps, lat 4.400 ms stddev 5.371, 0 failed
progress: 16.0 s, 28129.6 tps, lat 4.583 ms stddev 5.702, 0 failed
progress: 17.0 s, 30183.1 tps, lat 4.243 ms stddev 5.170, 0 failed
progress: 18.0 s, 38967.4 tps, lat 3.286 ms stddev 3.142, 0 failed
progress: 19.0 s, 39095.4 tps, lat 3.273 ms stddev 3.106, 0 failed
progress: 20.0 s, 38780.0 tps, lat 3.301 ms stddev 3.137, 0 failed
progress: 21.0 s, 39041.2 tps, lat 3.277 ms stddev 3.084, 0 failed
progress: 22.0 s, 38675.8 tps, lat 3.310 ms stddev 3.190, 0 failed
progress: 23.0 s, 38753.1 tps, lat 3.302 ms stddev 3.171, 0 failed
progress: 24.0 s, 39048.9 tps, lat 3.279 ms stddev 3.146, 0 failed
progress: 25.0 s, 32397.1 tps, lat 3.949 ms stddev 4.616, 0 failed
progress: 26.0 s, 38970.8 tps, lat 3.285 ms stddev 3.153, 0 failed
progress: 27.0 s, 38956.2 tps, lat 3.285 ms stddev 3.135, 0 failed
progress: 28.0 s, 39162.8 tps, lat 3.268 ms stddev 3.116, 0 failed
progress: 29.0 s, 35603.1 tps, lat 3.595 ms stddev 3.886, 0 failed
progress: 30.0 s, 38729.9 tps, lat 3.304 ms stddev 3.194, 0 failed
progress: 31.0 s, 39037.7 tps, lat 3.280 ms stddev 3.135, 0 failed
progress: 32.0 s, 18012.4 tps, lat 7.042 ms stddev 8.083, 0 failed
progress: 33.0 s, 17966.2 tps, lat 7.183 ms stddev 8.294, 0 failed
progress: 34.0 s, 38875.9 tps, lat 3.292 ms stddev 3.168, 0 failed
progress: 35.0 s, 38839.2 tps, lat 3.295 ms stddev 3.168, 0 failed
progress: 36.0 s, 39096.0 tps, lat 3.275 ms stddev 3.110, 0 failed
progress: 37.0 s, 39055.9 tps, lat 3.277 ms stddev 3.094, 0 failed
progress: 38.0 s, 37128.7 tps, lat 3.414 ms stddev 3.452, 0 failed
progress: 39.0 s, 6831.7 tps, lat 18.790 ms stddev 7.998, 0 failed
progress: 40.0 s, 6798.9 tps, lat 18.806 ms stddev 7.889, 0 failed
progress: 41.0 s, 18056.8 tps, lat 7.141 ms stddev 8.197, 0 failed
progress: 42.0 s, 39043.5 tps, lat 3.278 ms stddev 3.117, 0 failed
progress: 43.0 s, 38959.4 tps, lat 3.287 ms stddev 3.142, 0 failed
progress: 44.0 s, 39108.2 tps, lat 3.272 ms stddev 3.112, 0 failed
progress: 45.0 s, 39233.9 tps, lat 3.262 ms stddev 3.061, 0 failed
progress: 46.0 s, 19312.1 tps, lat 6.576 ms stddev 7.776, 0 failed
progress: 47.0 s, 25809.2 tps, lat 4.997 ms stddev 6.283, 0 failed
progress: 48.0 s, 39024.0 tps, lat 3.279 ms stddev 3.107, 0 failed
progress: 49.0 s, 39296.0 tps, lat 3.258 ms stddev 3.085, 0 failed
progress: 50.0 s, 38810.1 tps, lat 3.298 ms stddev 3.177, 0 failed
progress: 51.0 s, 39015.9 tps, lat 3.281 ms stddev 3.096, 0 failed
progress: 52.0 s, 38645.0 tps, lat 3.312 ms stddev 3.169, 0 failed
progress: 53.0 s, 39441.1 tps, lat 3.244 ms stddev 3.059, 0 failed
progress: 54.0 s, 38960.7 tps, lat 3.286 ms stddev 3.168, 0 failed
progress: 55.0 s, 39096.1 tps, lat 3.273 ms stddev 3.154, 0 failed
progress: 56.0 s, 39147.2 tps, lat 3.271 ms stddev 3.130, 0 failed
progress: 57.0 s, 39276.9 tps, lat 3.258 ms stddev 3.061, 0 failed
progress: 58.0 s, 34081.1 tps, lat 3.756 ms stddev 4.306, 0 failed
progress: 59.0 s, 38678.0 tps, lat 3.308 ms stddev 3.159, 0 failed
transaction type: star-1-left.sql
scaling factor: 1
query mode: prepared
number of clients: 128
number of threads: 128
maximum number of tries: 1
duration: 60 s
number of transactions actually processed: 2064296
number of failed transactions: 0 (0.000%)
latency average = 3.716 ms
latency stddev = 4.629 ms
initial connection time = 71.461 ms
tps = 34434.648713 (without initial connection time)
