pgbench (18devel, server 9.0.23)
progress: 1.0 s, 39902.3 tps, lat 0.398 ms stddev 0.272, 0 failed
progress: 2.0 s, 39959.1 tps, lat 0.400 ms stddev 0.091, 0 failed
progress: 3.0 s, 40032.9 tps, lat 0.399 ms stddev 0.088, 0 failed
progress: 4.0 s, 39965.0 tps, lat 0.400 ms stddev 0.099, 0 failed
progress: 5.0 s, 39619.0 tps, lat 0.403 ms stddev 0.130, 0 failed
progress: 6.0 s, 40552.0 tps, lat 0.394 ms stddev 0.099, 0 failed
progress: 7.0 s, 40553.9 tps, lat 0.394 ms stddev 0.090, 0 failed
progress: 8.0 s, 40470.1 tps, lat 0.395 ms stddev 0.083, 0 failed
progress: 9.0 s, 40502.0 tps, lat 0.395 ms stddev 0.082, 0 failed
progress: 10.0 s, 38666.0 tps, lat 0.413 ms stddev 0.145, 0 failed
progress: 11.0 s, 39536.0 tps, lat 0.404 ms stddev 0.113, 0 failed
progress: 12.0 s, 40312.0 tps, lat 0.396 ms stddev 0.085, 0 failed
progress: 13.0 s, 40448.0 tps, lat 0.396 ms stddev 0.086, 0 failed
progress: 14.0 s, 40120.9 tps, lat 0.398 ms stddev 0.089, 0 failed
progress: 15.0 s, 40374.0 tps, lat 0.396 ms stddev 0.084, 0 failed
progress: 16.0 s, 41122.0 tps, lat 0.389 ms stddev 0.085, 0 failed
progress: 17.0 s, 40823.0 tps, lat 0.392 ms stddev 0.083, 0 failed
progress: 18.0 s, 40801.0 tps, lat 0.392 ms stddev 0.090, 0 failed
progress: 19.0 s, 40087.0 tps, lat 0.399 ms stddev 0.083, 0 failed
progress: 20.0 s, 40166.0 tps, lat 0.398 ms stddev 0.099, 0 failed
progress: 21.0 s, 39754.0 tps, lat 0.402 ms stddev 0.094, 0 failed
progress: 22.0 s, 39933.1 tps, lat 0.400 ms stddev 0.084, 0 failed
progress: 23.0 s, 39617.9 tps, lat 0.404 ms stddev 0.087, 0 failed
progress: 24.0 s, 39613.0 tps, lat 0.404 ms stddev 0.092, 0 failed
progress: 25.0 s, 40497.0 tps, lat 0.395 ms stddev 0.082, 0 failed
progress: 26.0 s, 39751.0 tps, lat 0.402 ms stddev 0.090, 0 failed
progress: 27.0 s, 40031.0 tps, lat 0.399 ms stddev 0.083, 0 failed
progress: 28.0 s, 39643.0 tps, lat 0.403 ms stddev 0.094, 0 failed
progress: 29.0 s, 39679.0 tps, lat 0.403 ms stddev 0.096, 0 failed
progress: 30.0 s, 39747.0 tps, lat 0.402 ms stddev 0.089, 0 failed
progress: 31.0 s, 39919.0 tps, lat 0.400 ms stddev 0.089, 0 failed
progress: 32.0 s, 39776.8 tps, lat 0.402 ms stddev 0.092, 0 failed
progress: 33.0 s, 40067.3 tps, lat 0.399 ms stddev 0.086, 0 failed
progress: 34.0 s, 40158.0 tps, lat 0.398 ms stddev 0.096, 0 failed
progress: 35.0 s, 40231.0 tps, lat 0.397 ms stddev 0.088, 0 failed
progress: 36.0 s, 40306.0 tps, lat 0.397 ms stddev 0.083, 0 failed
progress: 37.0 s, 40375.0 tps, lat 0.396 ms stddev 0.089, 0 failed
progress: 38.0 s, 39447.0 tps, lat 0.405 ms stddev 0.096, 0 failed
progress: 39.0 s, 39628.0 tps, lat 0.403 ms stddev 0.092, 0 failed
progress: 40.0 s, 39746.9 tps, lat 0.402 ms stddev 0.096, 0 failed
progress: 41.0 s, 40461.0 tps, lat 0.395 ms stddev 0.091, 0 failed
progress: 42.0 s, 40043.9 tps, lat 0.399 ms stddev 0.083, 0 failed
progress: 43.0 s, 39841.0 tps, lat 0.401 ms stddev 0.088, 0 failed
progress: 44.0 s, 39928.1 tps, lat 0.400 ms stddev 0.083, 0 failed
progress: 45.0 s, 39492.0 tps, lat 0.405 ms stddev 0.090, 0 failed
progress: 46.0 s, 39788.0 tps, lat 0.402 ms stddev 0.092, 0 failed
progress: 47.0 s, 39026.9 tps, lat 0.410 ms stddev 0.109, 0 failed
progress: 48.0 s, 39683.8 tps, lat 0.403 ms stddev 0.099, 0 failed
progress: 49.0 s, 39627.8 tps, lat 0.403 ms stddev 0.100, 0 failed
progress: 50.0 s, 39832.9 tps, lat 0.401 ms stddev 0.099, 0 failed
progress: 51.0 s, 40246.5 tps, lat 0.397 ms stddev 0.091, 0 failed
progress: 52.0 s, 39618.1 tps, lat 0.404 ms stddev 0.098, 0 failed
progress: 53.0 s, 39523.9 tps, lat 0.404 ms stddev 0.087, 0 failed
progress: 54.0 s, 39924.0 tps, lat 0.400 ms stddev 0.094, 0 failed
progress: 55.0 s, 39912.0 tps, lat 0.401 ms stddev 0.100, 0 failed
progress: 56.0 s, 39726.1 tps, lat 0.402 ms stddev 0.114, 0 failed
progress: 57.0 s, 39686.9 tps, lat 0.403 ms stddev 0.117, 0 failed
progress: 58.0 s, 40355.0 tps, lat 0.396 ms stddev 0.093, 0 failed
progress: 59.0 s, 40546.0 tps, lat 0.394 ms stddev 0.084, 0 failed
transaction type: star-1-left.sql
scaling factor: 1
query mode: prepared
number of clients: 16
number of threads: 16
maximum number of tries: 1
duration: 60 s
number of transactions actually processed: 2398977
number of failed transactions: 0 (0.000%)
latency average = 0.400 ms
latency stddev = 0.100 ms
initial connection time = 12.691 ms
tps = 39991.055520 (without initial connection time)
