pgbench (18devel, server 9.0.23)
progress: 1.0 s, 8162.6 tps, lat 7.730 ms stddev 8.131, 0 failed
progress: 2.0 s, 39007.9 tps, lat 1.640 ms stddev 1.452, 0 failed
progress: 3.0 s, 38797.6 tps, lat 1.650 ms stddev 1.458, 0 failed
progress: 4.0 s, 39436.8 tps, lat 1.623 ms stddev 1.434, 0 failed
progress: 5.0 s, 39758.6 tps, lat 1.609 ms stddev 1.398, 0 failed
progress: 6.0 s, 39315.1 tps, lat 1.628 ms stddev 1.437, 0 failed
progress: 7.0 s, 39499.0 tps, lat 1.620 ms stddev 1.418, 0 failed
progress: 8.0 s, 39443.0 tps, lat 1.623 ms stddev 1.441, 0 failed
progress: 9.0 s, 16155.5 tps, lat 3.948 ms stddev 3.687, 0 failed
progress: 10.0 s, 7340.4 tps, lat 8.717 ms stddev 2.233, 0 failed
progress: 11.0 s, 17097.8 tps, lat 3.743 ms stddev 3.684, 0 failed
progress: 12.0 s, 16865.8 tps, lat 3.807 ms stddev 3.745, 0 failed
progress: 13.0 s, 39209.9 tps, lat 1.631 ms stddev 1.444, 0 failed
progress: 14.0 s, 24922.5 tps, lat 2.558 ms stddev 2.887, 0 failed
progress: 15.0 s, 12790.8 tps, lat 5.023 ms stddev 4.105, 0 failed
progress: 16.0 s, 39437.0 tps, lat 1.622 ms stddev 1.445, 0 failed
progress: 17.0 s, 40000.0 tps, lat 1.600 ms stddev 1.398, 0 failed
progress: 18.0 s, 39334.0 tps, lat 1.627 ms stddev 1.454, 0 failed
progress: 19.0 s, 39453.0 tps, lat 1.622 ms stddev 1.445, 0 failed
progress: 20.0 s, 39317.8 tps, lat 1.627 ms stddev 1.449, 0 failed
progress: 21.0 s, 17846.1 tps, lat 3.586 ms stddev 3.628, 0 failed
progress: 22.0 s, 39401.9 tps, lat 1.624 ms stddev 1.446, 0 failed
progress: 23.0 s, 38341.9 tps, lat 1.663 ms stddev 1.515, 0 failed
progress: 24.0 s, 10075.5 tps, lat 6.375 ms stddev 3.906, 0 failed
progress: 25.0 s, 39840.1 tps, lat 1.606 ms stddev 1.418, 0 failed
progress: 26.0 s, 39515.2 tps, lat 1.620 ms stddev 1.449, 0 failed
progress: 27.0 s, 39138.5 tps, lat 1.630 ms stddev 1.459, 0 failed
progress: 28.0 s, 31757.7 tps, lat 2.020 ms stddev 2.261, 0 failed
progress: 29.0 s, 39382.4 tps, lat 1.621 ms stddev 1.417, 0 failed
progress: 30.0 s, 11216.7 tps, lat 5.720 ms stddev 4.090, 0 failed
progress: 31.0 s, 39449.1 tps, lat 1.622 ms stddev 1.453, 0 failed
progress: 32.0 s, 39760.1 tps, lat 1.609 ms stddev 1.419, 0 failed
progress: 33.0 s, 39772.7 tps, lat 1.609 ms stddev 1.411, 0 failed
progress: 34.0 s, 39526.2 tps, lat 1.619 ms stddev 1.437, 0 failed
progress: 35.0 s, 39618.1 tps, lat 1.615 ms stddev 1.431, 0 failed
progress: 36.0 s, 30218.9 tps, lat 2.109 ms stddev 2.284, 0 failed
progress: 37.0 s, 38329.7 tps, lat 1.676 ms stddev 1.596, 0 failed
progress: 38.0 s, 39406.3 tps, lat 1.623 ms stddev 1.445, 0 failed
progress: 39.0 s, 39741.0 tps, lat 1.610 ms stddev 1.439, 0 failed
progress: 40.0 s, 25644.1 tps, lat 2.489 ms stddev 2.872, 0 failed
progress: 41.0 s, 7380.3 tps, lat 8.661 ms stddev 2.499, 0 failed
progress: 42.0 s, 37741.0 tps, lat 1.702 ms stddev 1.639, 0 failed
progress: 43.0 s, 39635.1 tps, lat 1.614 ms stddev 1.425, 0 failed
progress: 44.0 s, 39551.5 tps, lat 1.618 ms stddev 1.412, 0 failed
progress: 45.0 s, 39956.6 tps, lat 1.602 ms stddev 1.405, 0 failed
progress: 46.0 s, 39146.0 tps, lat 1.634 ms stddev 1.466, 0 failed
progress: 47.0 s, 39230.0 tps, lat 1.631 ms stddev 1.464, 0 failed
progress: 48.0 s, 39359.0 tps, lat 1.626 ms stddev 1.453, 0 failed
progress: 49.0 s, 39715.7 tps, lat 1.611 ms stddev 1.416, 0 failed
progress: 50.0 s, 38751.3 tps, lat 1.650 ms stddev 1.507, 0 failed
progress: 51.0 s, 25244.2 tps, lat 2.526 ms stddev 2.878, 0 failed
progress: 52.0 s, 7218.0 tps, lat 8.874 ms stddev 2.496, 0 failed
progress: 53.0 s, 17938.2 tps, lat 3.564 ms stddev 3.598, 0 failed
progress: 54.0 s, 7345.7 tps, lat 8.716 ms stddev 2.526, 0 failed
progress: 55.0 s, 7418.3 tps, lat 8.622 ms stddev 2.277, 0 failed
progress: 56.0 s, 7229.5 tps, lat 8.858 ms stddev 2.395, 0 failed
progress: 57.0 s, 19249.3 tps, lat 3.334 ms stddev 3.522, 0 failed
progress: 58.0 s, 39290.9 tps, lat 1.629 ms stddev 1.444, 0 failed
progress: 59.0 s, 18159.0 tps, lat 3.512 ms stddev 3.553, 0 failed
transaction type: star-1-left.sql
scaling factor: 1
query mode: prepared
number of clients: 64
number of threads: 64
maximum number of tries: 1
duration: 60 s
number of transactions actually processed: 1810017
number of failed transactions: 0 (0.000%)
latency average = 2.120 ms
latency stddev = 2.422 ms
initial connection time = 38.594 ms
tps = 30184.610513 (without initial connection time)
