pgbench (18devel, server 9.0.23)
progress: 1.0 s, 14422.1 tps, lat 16.876 ms stddev 66.251, 0 failed
progress: 2.0 s, 36089.0 tps, lat 7.091 ms stddev 6.746, 0 failed
progress: 3.0 s, 36411.9 tps, lat 7.030 ms stddev 6.693, 0 failed
progress: 4.0 s, 35990.2 tps, lat 7.113 ms stddev 6.882, 0 failed
progress: 5.0 s, 36123.0 tps, lat 7.089 ms stddev 6.829, 0 failed
progress: 6.0 s, 36323.0 tps, lat 7.042 ms stddev 6.806, 0 failed
progress: 7.0 s, 36444.0 tps, lat 7.030 ms stddev 6.792, 0 failed
progress: 8.0 s, 36080.0 tps, lat 7.089 ms stddev 6.900, 0 failed
progress: 9.0 s, 36416.9 tps, lat 7.034 ms stddev 6.813, 0 failed
progress: 10.0 s, 36208.9 tps, lat 7.066 ms stddev 6.808, 0 failed
progress: 11.0 s, 36542.2 tps, lat 7.013 ms stddev 6.709, 0 failed
progress: 12.0 s, 36275.0 tps, lat 7.052 ms stddev 6.821, 0 failed
progress: 13.0 s, 36312.0 tps, lat 7.051 ms stddev 6.843, 0 failed
progress: 14.0 s, 36336.1 tps, lat 7.044 ms stddev 6.840, 0 failed
progress: 15.0 s, 36664.9 tps, lat 6.986 ms stddev 6.699, 0 failed
progress: 16.0 s, 36176.0 tps, lat 7.074 ms stddev 6.865, 0 failed
progress: 17.0 s, 36406.0 tps, lat 7.032 ms stddev 6.820, 0 failed
progress: 18.0 s, 36284.0 tps, lat 7.053 ms stddev 6.844, 0 failed
progress: 19.0 s, 36393.0 tps, lat 7.039 ms stddev 6.653, 0 failed
progress: 20.0 s, 36419.0 tps, lat 7.022 ms stddev 6.786, 0 failed
progress: 21.0 s, 24959.0 tps, lat 10.257 ms stddev 14.119, 0 failed
progress: 22.0 s, 36307.9 tps, lat 7.051 ms stddev 6.753, 0 failed
progress: 23.0 s, 10388.1 tps, lat 24.132 ms stddev 24.621, 0 failed
progress: 24.0 s, 13768.2 tps, lat 18.987 ms stddev 22.964, 0 failed
progress: 25.0 s, 36396.8 tps, lat 7.032 ms stddev 6.846, 0 failed
progress: 26.0 s, 36293.1 tps, lat 7.055 ms stddev 6.873, 0 failed
progress: 27.0 s, 36453.1 tps, lat 7.023 ms stddev 6.735, 0 failed
progress: 28.0 s, 36320.0 tps, lat 7.043 ms stddev 6.883, 0 failed
progress: 29.0 s, 36390.1 tps, lat 7.033 ms stddev 6.835, 0 failed
progress: 30.0 s, 36246.9 tps, lat 7.063 ms stddev 6.895, 0 failed
progress: 31.0 s, 36756.1 tps, lat 6.961 ms stddev 6.646, 0 failed
progress: 32.0 s, 31243.3 tps, lat 8.007 ms stddev 9.397, 0 failed
progress: 33.0 s, 27228.4 tps, lat 9.630 ms stddev 13.258, 0 failed
progress: 34.0 s, 36301.0 tps, lat 7.050 ms stddev 6.863, 0 failed
progress: 35.0 s, 12165.9 tps, lat 20.588 ms stddev 23.684, 0 failed
progress: 36.0 s, 6826.0 tps, lat 37.562 ms stddev 27.017, 0 failed
progress: 37.0 s, 13647.1 tps, lat 19.136 ms stddev 23.486, 0 failed
progress: 38.0 s, 36234.3 tps, lat 7.056 ms stddev 6.889, 0 failed
progress: 39.0 s, 36418.7 tps, lat 7.035 ms stddev 6.730, 0 failed
progress: 40.0 s, 36107.1 tps, lat 7.090 ms stddev 6.928, 0 failed
progress: 41.0 s, 36132.1 tps, lat 7.084 ms stddev 6.863, 0 failed
progress: 42.0 s, 36212.8 tps, lat 7.068 ms stddev 6.830, 0 failed
progress: 43.0 s, 36482.9 tps, lat 7.022 ms stddev 6.715, 0 failed
progress: 44.0 s, 36112.2 tps, lat 7.086 ms stddev 6.881, 0 failed
progress: 45.0 s, 36139.8 tps, lat 7.089 ms stddev 6.821, 0 failed
progress: 46.0 s, 36054.2 tps, lat 7.096 ms stddev 6.804, 0 failed
progress: 47.0 s, 36539.9 tps, lat 7.004 ms stddev 6.723, 0 failed
progress: 48.0 s, 36059.9 tps, lat 7.096 ms stddev 6.926, 0 failed
progress: 49.0 s, 36372.9 tps, lat 7.044 ms stddev 6.834, 0 failed
progress: 50.0 s, 36396.2 tps, lat 7.031 ms stddev 6.740, 0 failed
progress: 51.0 s, 36541.9 tps, lat 7.004 ms stddev 6.692, 0 failed
progress: 52.0 s, 36181.1 tps, lat 7.076 ms stddev 6.860, 0 failed
progress: 53.0 s, 36449.9 tps, lat 7.026 ms stddev 6.792, 0 failed
progress: 54.0 s, 36249.1 tps, lat 7.062 ms stddev 6.868, 0 failed
progress: 55.0 s, 36594.0 tps, lat 6.989 ms stddev 6.696, 0 failed
progress: 56.0 s, 36290.1 tps, lat 7.057 ms stddev 6.906, 0 failed
progress: 57.0 s, 36380.0 tps, lat 7.037 ms stddev 6.885, 0 failed
progress: 58.0 s, 36410.9 tps, lat 7.029 ms stddev 6.850, 0 failed
progress: 59.0 s, 36498.0 tps, lat 7.013 ms stddev 6.700, 0 failed
transaction type: star-1.sql
scaling factor: 1
query mode: prepared
number of clients: 256
number of threads: 256
maximum number of tries: 1
duration: 60 s
number of transactions actually processed: 2003757
number of failed transactions: 0 (0.000%)
latency average = 7.649 ms
latency stddev = 10.268 ms
initial connection time = 144.129 ms
tps = 33454.686951 (without initial connection time)
