pgbench (18devel, server 9.0.23)
progress: 1.0 s, 34236.1 tps, lat 1.839 ms stddev 3.613, 0 failed
progress: 2.0 s, 38268.0 tps, lat 1.673 ms stddev 1.444, 0 failed
progress: 3.0 s, 24254.4 tps, lat 2.631 ms stddev 3.053, 0 failed
progress: 4.0 s, 30798.0 tps, lat 2.084 ms stddev 2.326, 0 failed
progress: 5.0 s, 38094.0 tps, lat 1.680 ms stddev 1.473, 0 failed
progress: 6.0 s, 38271.9 tps, lat 1.671 ms stddev 1.460, 0 failed
progress: 7.0 s, 38253.0 tps, lat 1.673 ms stddev 1.460, 0 failed
progress: 8.0 s, 37869.1 tps, lat 1.690 ms stddev 1.492, 0 failed
progress: 9.0 s, 8658.5 tps, lat 7.362 ms stddev 4.245, 0 failed
progress: 10.0 s, 7104.0 tps, lat 9.011 ms stddev 3.209, 0 failed
progress: 11.0 s, 16219.8 tps, lat 3.959 ms stddev 4.060, 0 failed
progress: 12.0 s, 11537.3 tps, lat 5.527 ms stddev 4.464, 0 failed
progress: 13.0 s, 11278.6 tps, lat 5.691 ms stddev 4.450, 0 failed
progress: 14.0 s, 38474.1 tps, lat 1.664 ms stddev 1.438, 0 failed
progress: 15.0 s, 36837.9 tps, lat 1.731 ms stddev 1.608, 0 failed
progress: 16.0 s, 17269.0 tps, lat 3.717 ms stddev 3.971, 0 failed
progress: 17.0 s, 30780.7 tps, lat 2.071 ms stddev 2.308, 0 failed
progress: 18.0 s, 7112.3 tps, lat 9.007 ms stddev 3.305, 0 failed
progress: 19.0 s, 38205.1 tps, lat 1.680 ms stddev 1.495, 0 failed
progress: 20.0 s, 37953.1 tps, lat 1.686 ms stddev 1.510, 0 failed
progress: 21.0 s, 38015.0 tps, lat 1.683 ms stddev 1.498, 0 failed
progress: 22.0 s, 38284.0 tps, lat 1.670 ms stddev 1.464, 0 failed
progress: 23.0 s, 37936.0 tps, lat 1.687 ms stddev 1.502, 0 failed
progress: 24.0 s, 37932.0 tps, lat 1.687 ms stddev 1.485, 0 failed
progress: 25.0 s, 38085.0 tps, lat 1.680 ms stddev 1.481, 0 failed
progress: 26.0 s, 38218.0 tps, lat 1.674 ms stddev 1.463, 0 failed
progress: 27.0 s, 38336.8 tps, lat 1.669 ms stddev 1.471, 0 failed
progress: 28.0 s, 17462.1 tps, lat 3.650 ms stddev 3.870, 0 failed
progress: 29.0 s, 7042.0 tps, lat 9.089 ms stddev 3.313, 0 failed
progress: 30.0 s, 7012.9 tps, lat 9.130 ms stddev 3.315, 0 failed
progress: 31.0 s, 7001.1 tps, lat 9.141 ms stddev 3.294, 0 failed
progress: 32.0 s, 7062.1 tps, lat 9.061 ms stddev 3.293, 0 failed
progress: 33.0 s, 7080.1 tps, lat 9.034 ms stddev 3.231, 0 failed
progress: 34.0 s, 12431.2 tps, lat 5.168 ms stddev 4.468, 0 failed
progress: 35.0 s, 38235.2 tps, lat 1.674 ms stddev 1.476, 0 failed
progress: 36.0 s, 38128.8 tps, lat 1.678 ms stddev 1.476, 0 failed
progress: 37.0 s, 38031.0 tps, lat 1.683 ms stddev 1.495, 0 failed
progress: 38.0 s, 14758.2 tps, lat 4.320 ms stddev 4.180, 0 failed
progress: 39.0 s, 29545.6 tps, lat 2.174 ms stddev 2.494, 0 failed
progress: 40.0 s, 38349.8 tps, lat 1.668 ms stddev 1.461, 0 failed
progress: 41.0 s, 38280.2 tps, lat 1.671 ms stddev 1.465, 0 failed
progress: 42.0 s, 38259.9 tps, lat 1.673 ms stddev 1.464, 0 failed
progress: 43.0 s, 9359.8 tps, lat 6.813 ms stddev 4.469, 0 failed
progress: 44.0 s, 24703.7 tps, lat 2.599 ms stddev 3.027, 0 failed
progress: 45.0 s, 17144.2 tps, lat 3.720 ms stddev 3.884, 0 failed
progress: 46.0 s, 6964.9 tps, lat 9.184 ms stddev 3.340, 0 failed
progress: 47.0 s, 9879.6 tps, lat 6.501 ms stddev 4.483, 0 failed
progress: 48.0 s, 18984.8 tps, lat 3.356 ms stddev 3.688, 0 failed
progress: 49.0 s, 6995.6 tps, lat 9.152 ms stddev 3.331, 0 failed
progress: 50.0 s, 6987.1 tps, lat 9.154 ms stddev 3.314, 0 failed
progress: 51.0 s, 10914.6 tps, lat 5.889 ms stddev 4.562, 0 failed
progress: 52.0 s, 38145.0 tps, lat 1.678 ms stddev 1.490, 0 failed
progress: 53.0 s, 38110.0 tps, lat 1.679 ms stddev 1.496, 0 failed
progress: 54.0 s, 38229.0 tps, lat 1.674 ms stddev 1.469, 0 failed
progress: 55.0 s, 38274.0 tps, lat 1.672 ms stddev 1.454, 0 failed
progress: 56.0 s, 24524.5 tps, lat 2.600 ms stddev 3.032, 0 failed
progress: 57.0 s, 25393.7 tps, lat 2.528 ms stddev 2.971, 0 failed
progress: 58.0 s, 38465.0 tps, lat 1.664 ms stddev 1.462, 0 failed
progress: 59.0 s, 38569.9 tps, lat 1.659 ms stddev 1.459, 0 failed
transaction type: star-1.sql
scaling factor: 1
query mode: prepared
number of clients: 64
number of threads: 64
maximum number of tries: 1
duration: 60 s
number of transactions actually processed: 1575936
number of failed transactions: 0 (0.000%)
latency average = 2.435 ms
latency stddev = 2.880 ms
initial connection time = 39.654 ms
tps = 26281.829906 (without initial connection time)
