pgbench (18devel, server 13.16)
progress: 1.0 s, 9350.7 tps, lat 0.107 ms stddev 0.066, 0 failed
progress: 2.0 s, 9886.8 tps, lat 0.101 ms stddev 0.006, 0 failed
progress: 3.0 s, 10041.2 tps, lat 0.100 ms stddev 0.006, 0 failed
progress: 4.0 s, 9912.1 tps, lat 0.101 ms stddev 0.005, 0 failed
progress: 5.0 s, 9956.7 tps, lat 0.100 ms stddev 0.006, 0 failed
progress: 6.0 s, 9937.0 tps, lat 0.101 ms stddev 0.006, 0 failed
progress: 7.0 s, 9920.0 tps, lat 0.101 ms stddev 0.005, 0 failed
progress: 8.0 s, 9954.3 tps, lat 0.100 ms stddev 0.005, 0 failed
progress: 9.0 s, 9980.2 tps, lat 0.100 ms stddev 0.006, 0 failed
progress: 10.0 s, 9921.5 tps, lat 0.101 ms stddev 0.005, 0 failed
progress: 11.0 s, 9943.5 tps, lat 0.100 ms stddev 0.005, 0 failed
progress: 12.0 s, 9992.7 tps, lat 0.100 ms stddev 0.006, 0 failed
progress: 13.0 s, 9957.8 tps, lat 0.100 ms stddev 0.006, 0 failed
progress: 14.0 s, 9963.2 tps, lat 0.100 ms stddev 0.005, 0 failed
progress: 15.0 s, 9996.1 tps, lat 0.100 ms stddev 0.006, 0 failed
progress: 16.0 s, 9927.6 tps, lat 0.101 ms stddev 0.006, 0 failed
progress: 17.0 s, 10041.1 tps, lat 0.100 ms stddev 0.005, 0 failed
progress: 18.0 s, 9929.1 tps, lat 0.101 ms stddev 0.006, 0 failed
progress: 19.0 s, 10043.1 tps, lat 0.100 ms stddev 0.005, 0 failed
progress: 20.0 s, 9929.6 tps, lat 0.101 ms stddev 0.006, 0 failed
progress: 21.0 s, 10009.0 tps, lat 0.100 ms stddev 0.005, 0 failed
progress: 22.0 s, 9887.1 tps, lat 0.101 ms stddev 0.005, 0 failed
progress: 23.0 s, 9918.9 tps, lat 0.101 ms stddev 0.005, 0 failed
progress: 24.0 s, 10012.3 tps, lat 0.100 ms stddev 0.005, 0 failed
progress: 25.0 s, 10172.7 tps, lat 0.098 ms stddev 0.004, 0 failed
progress: 26.0 s, 10171.0 tps, lat 0.098 ms stddev 0.004, 0 failed
progress: 27.0 s, 10052.4 tps, lat 0.099 ms stddev 0.005, 0 failed
progress: 28.0 s, 9977.6 tps, lat 0.100 ms stddev 0.006, 0 failed
progress: 29.0 s, 9885.0 tps, lat 0.101 ms stddev 0.006, 0 failed
progress: 30.0 s, 9976.1 tps, lat 0.100 ms stddev 0.005, 0 failed
progress: 31.0 s, 9884.3 tps, lat 0.101 ms stddev 0.006, 0 failed
progress: 32.0 s, 9963.0 tps, lat 0.100 ms stddev 0.005, 0 failed
progress: 33.0 s, 9998.2 tps, lat 0.100 ms stddev 0.006, 0 failed
progress: 34.0 s, 9975.5 tps, lat 0.100 ms stddev 0.006, 0 failed
progress: 35.0 s, 10023.0 tps, lat 0.100 ms stddev 0.005, 0 failed
progress: 36.0 s, 9950.3 tps, lat 0.100 ms stddev 0.006, 0 failed
progress: 37.0 s, 10088.6 tps, lat 0.099 ms stddev 0.005, 0 failed
progress: 38.0 s, 10016.1 tps, lat 0.100 ms stddev 0.006, 0 failed
progress: 39.0 s, 10140.0 tps, lat 0.099 ms stddev 0.004, 0 failed
progress: 40.0 s, 10136.2 tps, lat 0.099 ms stddev 0.004, 0 failed
progress: 41.0 s, 10060.8 tps, lat 0.099 ms stddev 0.005, 0 failed
progress: 42.0 s, 10067.4 tps, lat 0.099 ms stddev 0.005, 0 failed
progress: 43.0 s, 10154.6 tps, lat 0.098 ms stddev 0.004, 0 failed
progress: 44.0 s, 10040.0 tps, lat 0.100 ms stddev 0.005, 0 failed
progress: 45.0 s, 10116.5 tps, lat 0.099 ms stddev 0.005, 0 failed
progress: 46.0 s, 10165.0 tps, lat 0.098 ms stddev 0.004, 0 failed
progress: 47.0 s, 9969.5 tps, lat 0.100 ms stddev 0.005, 0 failed
progress: 48.0 s, 10060.0 tps, lat 0.099 ms stddev 0.005, 0 failed
progress: 49.0 s, 10121.0 tps, lat 0.099 ms stddev 0.005, 0 failed
progress: 50.0 s, 10063.0 tps, lat 0.099 ms stddev 0.005, 0 failed
progress: 51.0 s, 9988.5 tps, lat 0.100 ms stddev 0.005, 0 failed
progress: 52.0 s, 10064.6 tps, lat 0.099 ms stddev 0.005, 0 failed
progress: 53.0 s, 10142.9 tps, lat 0.099 ms stddev 0.005, 0 failed
progress: 54.0 s, 9956.0 tps, lat 0.100 ms stddev 0.005, 0 failed
progress: 55.0 s, 10011.0 tps, lat 0.100 ms stddev 0.005, 0 failed
progress: 56.0 s, 10086.0 tps, lat 0.099 ms stddev 0.005, 0 failed
progress: 57.0 s, 10060.0 tps, lat 0.099 ms stddev 0.006, 0 failed
progress: 58.0 s, 10091.0 tps, lat 0.099 ms stddev 0.005, 0 failed
progress: 59.0 s, 10122.1 tps, lat 0.099 ms stddev 0.005, 0 failed
progress: 60.0 s, 10097.0 tps, lat 0.099 ms stddev 0.005, 0 failed
transaction type: star-1-left.sql
scaling factor: 1
query mode: prepared
number of clients: 1
number of threads: 1
maximum number of tries: 1
duration: 60 s
number of transactions actually processed: 600260
number of failed transactions: 0 (0.000%)
latency average = 0.100 ms
latency stddev = 0.010 ms
initial connection time = 2.088 ms
tps = 10004.656317 (without initial connection time)
