pgbench (18devel, server 13.16)
progress: 1.0 s, 110008.1 tps, lat 0.144 ms stddev 0.123, 0 failed
progress: 2.0 s, 114051.4 tps, lat 0.140 ms stddev 0.019, 0 failed
progress: 3.0 s, 117226.4 tps, lat 0.136 ms stddev 0.016, 0 failed
progress: 4.0 s, 119261.5 tps, lat 0.134 ms stddev 0.009, 0 failed
progress: 5.0 s, 119178.5 tps, lat 0.134 ms stddev 0.012, 0 failed
progress: 6.0 s, 118685.5 tps, lat 0.135 ms stddev 0.013, 0 failed
progress: 7.0 s, 118579.6 tps, lat 0.135 ms stddev 0.010, 0 failed
progress: 8.0 s, 117760.8 tps, lat 0.136 ms stddev 0.010, 0 failed
progress: 9.0 s, 117790.4 tps, lat 0.136 ms stddev 0.011, 0 failed
progress: 10.0 s, 117176.5 tps, lat 0.136 ms stddev 0.012, 0 failed
progress: 11.0 s, 118906.8 tps, lat 0.134 ms stddev 0.010, 0 failed
progress: 12.0 s, 118510.7 tps, lat 0.135 ms stddev 0.011, 0 failed
progress: 13.0 s, 119008.0 tps, lat 0.134 ms stddev 0.010, 0 failed
progress: 14.0 s, 118598.7 tps, lat 0.135 ms stddev 0.013, 0 failed
progress: 15.0 s, 119510.7 tps, lat 0.134 ms stddev 0.011, 0 failed
progress: 16.0 s, 117986.0 tps, lat 0.135 ms stddev 0.012, 0 failed
progress: 17.0 s, 119945.4 tps, lat 0.133 ms stddev 0.010, 0 failed
progress: 18.0 s, 119648.1 tps, lat 0.134 ms stddev 0.012, 0 failed
progress: 19.0 s, 120414.0 tps, lat 0.133 ms stddev 0.009, 0 failed
progress: 20.0 s, 120344.0 tps, lat 0.133 ms stddev 0.010, 0 failed
progress: 21.0 s, 119563.4 tps, lat 0.134 ms stddev 0.013, 0 failed
progress: 22.0 s, 120591.5 tps, lat 0.133 ms stddev 0.009, 0 failed
progress: 23.0 s, 120033.9 tps, lat 0.133 ms stddev 0.010, 0 failed
progress: 24.0 s, 118360.5 tps, lat 0.135 ms stddev 0.011, 0 failed
progress: 25.0 s, 118736.6 tps, lat 0.135 ms stddev 0.010, 0 failed
progress: 26.0 s, 119927.0 tps, lat 0.133 ms stddev 0.009, 0 failed
progress: 27.0 s, 118798.4 tps, lat 0.135 ms stddev 0.013, 0 failed
progress: 28.0 s, 118602.5 tps, lat 0.135 ms stddev 0.011, 0 failed
progress: 29.0 s, 118860.1 tps, lat 0.135 ms stddev 0.010, 0 failed
progress: 30.0 s, 118901.9 tps, lat 0.134 ms stddev 0.010, 0 failed
progress: 31.0 s, 118744.1 tps, lat 0.135 ms stddev 0.010, 0 failed
progress: 32.0 s, 118838.9 tps, lat 0.135 ms stddev 0.011, 0 failed
progress: 33.0 s, 117747.1 tps, lat 0.136 ms stddev 0.014, 0 failed
progress: 34.0 s, 118978.5 tps, lat 0.134 ms stddev 0.010, 0 failed
progress: 35.0 s, 118983.3 tps, lat 0.134 ms stddev 0.010, 0 failed
progress: 36.0 s, 118257.2 tps, lat 0.135 ms stddev 0.011, 0 failed
progress: 37.0 s, 119393.0 tps, lat 0.134 ms stddev 0.011, 0 failed
progress: 38.0 s, 118165.4 tps, lat 0.135 ms stddev 0.013, 0 failed
progress: 39.0 s, 117986.6 tps, lat 0.135 ms stddev 0.016, 0 failed
progress: 40.0 s, 117972.9 tps, lat 0.136 ms stddev 0.010, 0 failed
progress: 41.0 s, 118612.9 tps, lat 0.135 ms stddev 0.013, 0 failed
progress: 42.0 s, 119713.5 tps, lat 0.134 ms stddev 0.010, 0 failed
progress: 43.0 s, 117998.0 tps, lat 0.135 ms stddev 0.013, 0 failed
progress: 44.0 s, 119162.6 tps, lat 0.134 ms stddev 0.013, 0 failed
progress: 45.0 s, 118411.1 tps, lat 0.135 ms stddev 0.015, 0 failed
progress: 46.0 s, 118662.8 tps, lat 0.135 ms stddev 0.012, 0 failed
progress: 47.0 s, 119157.2 tps, lat 0.134 ms stddev 0.010, 0 failed
progress: 48.0 s, 117944.9 tps, lat 0.136 ms stddev 0.014, 0 failed
progress: 49.0 s, 117439.4 tps, lat 0.136 ms stddev 0.014, 0 failed
progress: 50.0 s, 119383.7 tps, lat 0.134 ms stddev 0.010, 0 failed
progress: 51.0 s, 119775.0 tps, lat 0.133 ms stddev 0.010, 0 failed
progress: 52.0 s, 119577.8 tps, lat 0.134 ms stddev 0.012, 0 failed
progress: 53.0 s, 120511.1 tps, lat 0.133 ms stddev 0.009, 0 failed
progress: 54.0 s, 120322.7 tps, lat 0.133 ms stddev 0.009, 0 failed
progress: 55.0 s, 119297.6 tps, lat 0.134 ms stddev 0.012, 0 failed
progress: 56.0 s, 119617.4 tps, lat 0.134 ms stddev 0.009, 0 failed
progress: 57.0 s, 119972.4 tps, lat 0.133 ms stddev 0.009, 0 failed
progress: 58.0 s, 119879.3 tps, lat 0.133 ms stddev 0.009, 0 failed
progress: 59.0 s, 119498.2 tps, lat 0.134 ms stddev 0.009, 0 failed
transaction type: star-1-left.sql
scaling factor: 1
query mode: prepared
number of clients: 16
number of threads: 16
maximum number of tries: 1
duration: 60 s
number of transactions actually processed: 7123766
number of failed transactions: 0 (0.000%)
latency average = 0.135 ms
latency stddev = 0.019 ms
initial connection time = 13.110 ms
tps = 118754.716212 (without initial connection time)
