pgbench (18devel, server 8.3.23)
progress: 1.0 s, 1721.9 tps, lat 69.992 ms stddev 54.958, 0 failed
progress: 2.0 s, 2049.9 tps, lat 62.584 ms stddev 21.182, 0 failed
progress: 3.0 s, 2032.1 tps, lat 62.671 ms stddev 20.434, 0 failed
progress: 4.0 s, 2026.0 tps, lat 62.980 ms stddev 19.776, 0 failed
progress: 5.0 s, 2040.4 tps, lat 62.974 ms stddev 19.890, 0 failed
progress: 6.0 s, 2050.6 tps, lat 62.489 ms stddev 19.251, 0 failed
progress: 7.0 s, 2045.4 tps, lat 62.460 ms stddev 19.222, 0 failed
progress: 8.0 s, 2052.6 tps, lat 62.521 ms stddev 19.310, 0 failed
progress: 9.0 s, 2057.4 tps, lat 62.456 ms stddev 19.783, 0 failed
progress: 10.0 s, 2036.6 tps, lat 62.494 ms stddev 20.404, 0 failed
progress: 11.0 s, 2049.0 tps, lat 62.509 ms stddev 20.262, 0 failed
progress: 12.0 s, 2045.0 tps, lat 62.585 ms stddev 20.394, 0 failed
progress: 13.0 s, 2044.0 tps, lat 62.526 ms stddev 19.825, 0 failed
progress: 14.0 s, 2049.0 tps, lat 62.712 ms stddev 19.565, 0 failed
progress: 15.0 s, 2032.0 tps, lat 62.831 ms stddev 19.500, 0 failed
progress: 16.0 s, 2056.0 tps, lat 62.433 ms stddev 21.360, 0 failed
progress: 17.0 s, 2036.0 tps, lat 62.623 ms stddev 19.651, 0 failed
progress: 18.0 s, 2042.0 tps, lat 62.673 ms stddev 19.862, 0 failed
progress: 19.0 s, 2045.0 tps, lat 62.834 ms stddev 19.979, 0 failed
progress: 20.0 s, 2032.0 tps, lat 62.671 ms stddev 19.994, 0 failed
progress: 21.0 s, 2030.0 tps, lat 62.904 ms stddev 20.243, 0 failed
progress: 22.0 s, 2047.0 tps, lat 62.857 ms stddev 20.649, 0 failed
progress: 23.0 s, 2029.0 tps, lat 63.111 ms stddev 19.346, 0 failed
progress: 24.0 s, 2037.1 tps, lat 62.771 ms stddev 19.641, 0 failed
progress: 25.0 s, 2044.0 tps, lat 62.721 ms stddev 21.655, 0 failed
progress: 26.0 s, 2024.0 tps, lat 63.229 ms stddev 21.551, 0 failed
progress: 27.0 s, 2034.0 tps, lat 62.945 ms stddev 20.970, 0 failed
progress: 28.0 s, 2024.0 tps, lat 63.199 ms stddev 20.513, 0 failed
progress: 29.0 s, 2025.9 tps, lat 63.122 ms stddev 19.672, 0 failed
progress: 30.0 s, 2035.0 tps, lat 62.899 ms stddev 19.978, 0 failed
progress: 31.0 s, 2029.0 tps, lat 63.022 ms stddev 20.635, 0 failed
progress: 32.0 s, 2039.9 tps, lat 62.977 ms stddev 19.689, 0 failed
progress: 33.0 s, 2033.0 tps, lat 62.926 ms stddev 20.503, 0 failed
progress: 34.0 s, 2037.0 tps, lat 63.071 ms stddev 20.530, 0 failed
progress: 35.0 s, 2028.0 tps, lat 62.895 ms stddev 20.164, 0 failed
progress: 36.0 s, 2042.0 tps, lat 62.907 ms stddev 20.180, 0 failed
progress: 37.0 s, 2027.0 tps, lat 62.643 ms stddev 19.966, 0 failed
progress: 38.0 s, 2038.4 tps, lat 62.693 ms stddev 19.913, 0 failed
progress: 39.0 s, 2042.6 tps, lat 62.953 ms stddev 19.946, 0 failed
progress: 40.0 s, 2046.0 tps, lat 62.697 ms stddev 19.744, 0 failed
progress: 41.0 s, 2039.0 tps, lat 62.734 ms stddev 19.444, 0 failed
progress: 42.0 s, 2036.0 tps, lat 63.085 ms stddev 20.023, 0 failed
progress: 43.0 s, 2025.4 tps, lat 63.025 ms stddev 20.274, 0 failed
progress: 44.0 s, 2037.6 tps, lat 62.720 ms stddev 20.301, 0 failed
progress: 45.0 s, 2024.9 tps, lat 62.829 ms stddev 19.862, 0 failed
progress: 46.0 s, 2032.1 tps, lat 63.190 ms stddev 20.757, 0 failed
progress: 47.0 s, 2032.0 tps, lat 63.046 ms stddev 20.317, 0 failed
progress: 48.0 s, 2029.0 tps, lat 63.124 ms stddev 19.696, 0 failed
progress: 49.0 s, 2031.0 tps, lat 63.092 ms stddev 20.268, 0 failed
progress: 50.0 s, 2037.0 tps, lat 62.941 ms stddev 19.797, 0 failed
progress: 51.0 s, 2034.0 tps, lat 62.727 ms stddev 20.124, 0 failed
progress: 52.0 s, 2036.0 tps, lat 63.128 ms stddev 20.077, 0 failed
progress: 53.0 s, 2022.0 tps, lat 62.725 ms stddev 20.135, 0 failed
progress: 54.0 s, 2051.0 tps, lat 62.928 ms stddev 21.743, 0 failed
progress: 55.0 s, 2036.0 tps, lat 62.623 ms stddev 20.224, 0 failed
progress: 56.0 s, 2034.0 tps, lat 62.714 ms stddev 20.458, 0 failed
progress: 57.0 s, 2032.0 tps, lat 63.399 ms stddev 20.234, 0 failed
progress: 58.0 s, 2032.0 tps, lat 62.829 ms stddev 19.616, 0 failed
progress: 59.0 s, 2047.0 tps, lat 62.710 ms stddev 19.761, 0 failed
transaction type: star-1.sql
scaling factor: 1
query mode: simple
number of clients: 128
number of threads: 128
maximum number of tries: 1
duration: 60 s
number of transactions actually processed: 121948
number of failed transactions: 0 (0.000%)
latency average = 62.923 ms
latency stddev = 21.065 ms
initial connection time = 74.229 ms
tps = 2033.273842 (without initial connection time)
