pgbench (18devel, server 8.3.23)
progress: 1.0 s, 1535.8 tps, lat 20.448 ms stddev 5.425, 0 failed
progress: 2.0 s, 1647.0 tps, lat 19.463 ms stddev 0.323, 0 failed
progress: 3.0 s, 1640.0 tps, lat 19.465 ms stddev 0.315, 0 failed
progress: 4.0 s, 1648.0 tps, lat 19.436 ms stddev 0.332, 0 failed
progress: 5.0 s, 1649.0 tps, lat 19.425 ms stddev 0.222, 0 failed
progress: 6.0 s, 1652.1 tps, lat 19.420 ms stddev 0.223, 0 failed
progress: 7.0 s, 1640.0 tps, lat 19.420 ms stddev 0.216, 0 failed
progress: 8.0 s, 1651.0 tps, lat 19.419 ms stddev 0.221, 0 failed
progress: 9.0 s, 1647.0 tps, lat 19.419 ms stddev 0.252, 0 failed
progress: 10.0 s, 1649.0 tps, lat 19.419 ms stddev 0.241, 0 failed
progress: 11.0 s, 1648.0 tps, lat 19.421 ms stddev 0.247, 0 failed
progress: 12.0 s, 1647.0 tps, lat 19.416 ms stddev 0.234, 0 failed
progress: 13.0 s, 1639.0 tps, lat 19.505 ms stddev 1.220, 0 failed
progress: 14.0 s, 1649.0 tps, lat 19.435 ms stddev 0.297, 0 failed
progress: 15.0 s, 1647.0 tps, lat 19.429 ms stddev 0.289, 0 failed
progress: 16.0 s, 1646.0 tps, lat 19.416 ms stddev 0.247, 0 failed
progress: 17.0 s, 1650.0 tps, lat 19.423 ms stddev 0.262, 0 failed
progress: 18.0 s, 1647.0 tps, lat 19.415 ms stddev 0.248, 0 failed
progress: 19.0 s, 1646.0 tps, lat 19.425 ms stddev 0.268, 0 failed
progress: 20.0 s, 1647.0 tps, lat 19.415 ms stddev 0.212, 0 failed
progress: 21.0 s, 1651.0 tps, lat 19.420 ms stddev 0.245, 0 failed
progress: 22.0 s, 1648.0 tps, lat 19.420 ms stddev 0.250, 0 failed
progress: 23.0 s, 1647.0 tps, lat 19.411 ms stddev 0.228, 0 failed
progress: 24.0 s, 1637.9 tps, lat 19.518 ms stddev 1.320, 0 failed
progress: 25.0 s, 1650.0 tps, lat 19.414 ms stddev 0.245, 0 failed
progress: 26.0 s, 1652.0 tps, lat 19.400 ms stddev 0.228, 0 failed
progress: 27.0 s, 1646.0 tps, lat 19.407 ms stddev 0.259, 0 failed
progress: 28.0 s, 1647.0 tps, lat 19.406 ms stddev 0.235, 0 failed
progress: 29.0 s, 1644.0 tps, lat 19.529 ms stddev 1.485, 0 failed
progress: 30.0 s, 1644.0 tps, lat 19.418 ms stddev 0.279, 0 failed
progress: 31.0 s, 1649.0 tps, lat 19.413 ms stddev 0.265, 0 failed
progress: 32.0 s, 1646.0 tps, lat 19.409 ms stddev 0.204, 0 failed
progress: 33.0 s, 1650.0 tps, lat 19.412 ms stddev 0.210, 0 failed
progress: 34.0 s, 1649.0 tps, lat 19.397 ms stddev 0.222, 0 failed
progress: 35.0 s, 1651.0 tps, lat 19.400 ms stddev 0.228, 0 failed
progress: 36.0 s, 1653.0 tps, lat 19.408 ms stddev 0.259, 0 failed
progress: 37.0 s, 1643.0 tps, lat 19.405 ms stddev 0.221, 0 failed
progress: 38.0 s, 1650.0 tps, lat 19.407 ms stddev 0.257, 0 failed
progress: 39.0 s, 1649.0 tps, lat 19.416 ms stddev 0.283, 0 failed
progress: 40.0 s, 1649.0 tps, lat 19.394 ms stddev 0.195, 0 failed
progress: 41.0 s, 1650.0 tps, lat 19.396 ms stddev 0.189, 0 failed
progress: 42.0 s, 1647.0 tps, lat 19.398 ms stddev 0.187, 0 failed
progress: 43.0 s, 1651.0 tps, lat 19.409 ms stddev 0.242, 0 failed
progress: 44.0 s, 1641.0 tps, lat 19.502 ms stddev 1.223, 0 failed
progress: 45.0 s, 1650.0 tps, lat 19.421 ms stddev 0.212, 0 failed
progress: 46.0 s, 1644.9 tps, lat 19.402 ms stddev 0.225, 0 failed
progress: 47.0 s, 1651.0 tps, lat 19.403 ms stddev 0.237, 0 failed
progress: 48.0 s, 1647.0 tps, lat 19.403 ms stddev 0.251, 0 failed
progress: 49.0 s, 1654.0 tps, lat 19.399 ms stddev 0.207, 0 failed
progress: 50.0 s, 1648.0 tps, lat 19.408 ms stddev 0.252, 0 failed
progress: 51.0 s, 1649.0 tps, lat 19.406 ms stddev 0.241, 0 failed
progress: 52.0 s, 1649.0 tps, lat 19.399 ms stddev 0.234, 0 failed
progress: 53.0 s, 1646.0 tps, lat 19.408 ms stddev 0.236, 0 failed
progress: 54.0 s, 1652.0 tps, lat 19.403 ms stddev 0.221, 0 failed
progress: 55.0 s, 1647.0 tps, lat 19.407 ms stddev 0.247, 0 failed
progress: 56.0 s, 1650.0 tps, lat 19.406 ms stddev 0.262, 0 failed
progress: 57.0 s, 1649.0 tps, lat 19.398 ms stddev 0.216, 0 failed
progress: 58.0 s, 1651.0 tps, lat 19.408 ms stddev 0.262, 0 failed
progress: 59.0 s, 1649.0 tps, lat 19.398 ms stddev 0.209, 0 failed
progress: 60.0 s, 1649.0 tps, lat 19.399 ms stddev 0.220, 0 failed
transaction type: star-1.sql
scaling factor: 1
query mode: simple
number of clients: 32
number of threads: 32
maximum number of tries: 1
duration: 60 s
number of transactions actually processed: 98772
number of failed transactions: 0 (0.000%)
latency average = 19.436 ms
latency stddev = 0.803 ms
initial connection time = 19.306 ms
tps = 1646.206118 (without initial connection time)
