pgbench (18devel, server 9.1.24)
progress: 1.0 s, 26362.2 tps, lat 4.728 ms stddev 15.215, 0 failed
progress: 2.0 s, 38805.3 tps, lat 3.298 ms stddev 3.112, 0 failed
progress: 3.0 s, 38618.8 tps, lat 3.315 ms stddev 3.154, 0 failed
progress: 4.0 s, 38993.4 tps, lat 3.281 ms stddev 3.064, 0 failed
progress: 5.0 s, 38509.8 tps, lat 3.323 ms stddev 3.161, 0 failed
progress: 6.0 s, 38116.2 tps, lat 3.360 ms stddev 3.226, 0 failed
progress: 7.0 s, 38713.0 tps, lat 3.306 ms stddev 3.147, 0 failed
progress: 8.0 s, 38976.0 tps, lat 3.284 ms stddev 3.087, 0 failed
progress: 9.0 s, 32816.8 tps, lat 3.899 ms stddev 4.574, 0 failed
progress: 10.0 s, 38519.2 tps, lat 3.322 ms stddev 3.156, 0 failed
progress: 11.0 s, 38302.9 tps, lat 3.342 ms stddev 3.135, 0 failed
progress: 12.0 s, 38857.1 tps, lat 3.293 ms stddev 3.060, 0 failed
progress: 13.0 s, 38653.0 tps, lat 3.312 ms stddev 3.184, 0 failed
progress: 14.0 s, 38436.0 tps, lat 3.330 ms stddev 3.204, 0 failed
progress: 15.0 s, 38615.0 tps, lat 3.315 ms stddev 3.143, 0 failed
progress: 16.0 s, 38876.0 tps, lat 3.292 ms stddev 3.114, 0 failed
progress: 17.0 s, 23025.1 tps, lat 5.510 ms stddev 7.027, 0 failed
progress: 18.0 s, 6212.5 tps, lat 20.601 ms stddev 7.933, 0 failed
progress: 19.0 s, 36389.5 tps, lat 3.550 ms stddev 3.827, 0 failed
progress: 20.0 s, 38885.0 tps, lat 3.290 ms stddev 3.108, 0 failed
progress: 21.0 s, 38436.0 tps, lat 3.329 ms stddev 3.177, 0 failed
progress: 22.0 s, 38611.0 tps, lat 3.313 ms stddev 3.180, 0 failed
progress: 23.0 s, 38390.9 tps, lat 3.335 ms stddev 3.169, 0 failed
progress: 24.0 s, 39014.0 tps, lat 3.282 ms stddev 3.062, 0 failed
progress: 25.0 s, 38407.0 tps, lat 3.332 ms stddev 3.186, 0 failed
progress: 26.0 s, 27736.0 tps, lat 4.575 ms stddev 5.847, 0 failed
progress: 27.0 s, 23953.6 tps, lat 5.388 ms stddev 6.923, 0 failed
progress: 28.0 s, 38979.1 tps, lat 3.284 ms stddev 3.121, 0 failed
progress: 29.0 s, 38569.8 tps, lat 3.319 ms stddev 3.150, 0 failed
progress: 30.0 s, 38797.1 tps, lat 3.300 ms stddev 3.137, 0 failed
progress: 31.0 s, 38398.1 tps, lat 3.334 ms stddev 3.165, 0 failed
progress: 32.0 s, 39006.0 tps, lat 3.279 ms stddev 3.085, 0 failed
progress: 33.0 s, 38557.5 tps, lat 3.322 ms stddev 3.207, 0 failed
progress: 34.0 s, 38669.5 tps, lat 3.308 ms stddev 3.178, 0 failed
progress: 35.0 s, 38545.0 tps, lat 3.321 ms stddev 3.163, 0 failed
progress: 36.0 s, 38966.9 tps, lat 3.284 ms stddev 3.077, 0 failed
progress: 37.0 s, 38492.0 tps, lat 3.326 ms stddev 3.191, 0 failed
progress: 38.0 s, 38634.0 tps, lat 3.312 ms stddev 3.168, 0 failed
progress: 39.0 s, 38543.4 tps, lat 3.313 ms stddev 3.161, 0 failed
progress: 40.0 s, 8292.6 tps, lat 15.461 ms stddev 10.428, 0 failed
progress: 41.0 s, 38410.1 tps, lat 3.330 ms stddev 3.171, 0 failed
progress: 42.0 s, 38404.0 tps, lat 3.337 ms stddev 3.175, 0 failed
progress: 43.0 s, 38503.1 tps, lat 3.325 ms stddev 3.159, 0 failed
progress: 44.0 s, 39022.9 tps, lat 3.278 ms stddev 3.066, 0 failed
progress: 45.0 s, 38602.8 tps, lat 3.316 ms stddev 3.153, 0 failed
progress: 46.0 s, 38616.1 tps, lat 3.315 ms stddev 3.167, 0 failed
progress: 47.0 s, 38591.1 tps, lat 3.316 ms stddev 3.191, 0 failed
progress: 48.0 s, 38721.9 tps, lat 3.305 ms stddev 3.158, 0 failed
progress: 49.0 s, 38480.8 tps, lat 3.326 ms stddev 3.167, 0 failed
progress: 50.0 s, 38724.2 tps, lat 3.303 ms stddev 3.149, 0 failed
progress: 51.0 s, 38957.1 tps, lat 3.289 ms stddev 3.146, 0 failed
progress: 52.0 s, 38863.9 tps, lat 3.292 ms stddev 3.113, 0 failed
progress: 53.0 s, 38415.8 tps, lat 3.331 ms stddev 3.205, 0 failed
progress: 54.0 s, 38656.3 tps, lat 3.311 ms stddev 3.148, 0 failed
progress: 55.0 s, 38548.9 tps, lat 3.320 ms stddev 3.154, 0 failed
progress: 56.0 s, 38994.1 tps, lat 3.282 ms stddev 3.105, 0 failed
progress: 57.0 s, 38773.9 tps, lat 3.302 ms stddev 3.173, 0 failed
progress: 58.0 s, 38705.0 tps, lat 3.306 ms stddev 3.123, 0 failed
progress: 59.0 s, 39040.0 tps, lat 3.278 ms stddev 3.114, 0 failed
transaction type: star-1-left.sql
scaling factor: 1
query mode: prepared
number of clients: 128
number of threads: 128
maximum number of tries: 1
duration: 60 s
number of transactions actually processed: 2194152
number of failed transactions: 0 (0.000%)
latency average = 3.496 ms
latency stddev = 3.997 ms
initial connection time = 73.528 ms
tps = 36602.267709 (without initial connection time)
