pgbench (18devel, server 9.1.24)
progress: 1.0 s, 13734.7 tps, lat 2.308 ms stddev 1.424, 0 failed
progress: 2.0 s, 13701.9 tps, lat 2.334 ms stddev 0.855, 0 failed
progress: 3.0 s, 12290.2 tps, lat 2.604 ms stddev 0.655, 0 failed
progress: 4.0 s, 11900.0 tps, lat 2.688 ms stddev 0.511, 0 failed
progress: 5.0 s, 13384.0 tps, lat 2.390 ms stddev 0.807, 0 failed
progress: 6.0 s, 11874.5 tps, lat 2.695 ms stddev 0.486, 0 failed
progress: 7.0 s, 12175.5 tps, lat 2.628 ms stddev 0.560, 0 failed
progress: 8.0 s, 17664.9 tps, lat 1.812 ms stddev 0.987, 0 failed
progress: 9.0 s, 14380.6 tps, lat 2.226 ms stddev 0.903, 0 failed
progress: 10.0 s, 14757.0 tps, lat 2.167 ms stddev 0.895, 0 failed
progress: 11.0 s, 13731.1 tps, lat 2.330 ms stddev 0.827, 0 failed
progress: 12.0 s, 14689.0 tps, lat 2.177 ms stddev 0.935, 0 failed
progress: 13.0 s, 12557.5 tps, lat 2.547 ms stddev 0.700, 0 failed
progress: 14.0 s, 11660.0 tps, lat 2.744 ms stddev 0.406, 0 failed
progress: 15.0 s, 21078.9 tps, lat 1.519 ms stddev 1.004, 0 failed
progress: 16.0 s, 15557.0 tps, lat 2.056 ms stddev 0.927, 0 failed
progress: 17.0 s, 15097.0 tps, lat 2.120 ms stddev 0.872, 0 failed
progress: 18.0 s, 13414.6 tps, lat 2.383 ms stddev 0.678, 0 failed
progress: 19.0 s, 15153.4 tps, lat 2.113 ms stddev 0.916, 0 failed
progress: 20.0 s, 12400.0 tps, lat 2.580 ms stddev 0.530, 0 failed
progress: 21.0 s, 13331.6 tps, lat 2.398 ms stddev 0.701, 0 failed
progress: 22.0 s, 12477.1 tps, lat 2.564 ms stddev 0.555, 0 failed
progress: 23.0 s, 18046.0 tps, lat 1.772 ms stddev 1.027, 0 failed
progress: 24.0 s, 13644.3 tps, lat 2.347 ms stddev 0.803, 0 failed
progress: 25.0 s, 12150.0 tps, lat 2.631 ms stddev 0.502, 0 failed
progress: 26.0 s, 14445.0 tps, lat 2.215 ms stddev 0.880, 0 failed
progress: 27.0 s, 12504.5 tps, lat 2.558 ms stddev 0.636, 0 failed
progress: 28.0 s, 17772.2 tps, lat 1.800 ms stddev 1.050, 0 failed
progress: 29.0 s, 24319.7 tps, lat 1.316 ms stddev 1.012, 0 failed
progress: 30.0 s, 17857.2 tps, lat 1.790 ms stddev 1.043, 0 failed
progress: 31.0 s, 12778.5 tps, lat 2.504 ms stddev 0.629, 0 failed
progress: 32.0 s, 14839.9 tps, lat 2.155 ms stddev 0.918, 0 failed
progress: 33.0 s, 12986.1 tps, lat 2.465 ms stddev 0.770, 0 failed
progress: 34.0 s, 13800.5 tps, lat 2.318 ms stddev 0.814, 0 failed
progress: 35.0 s, 12287.0 tps, lat 2.603 ms stddev 0.534, 0 failed
progress: 36.0 s, 12176.4 tps, lat 2.627 ms stddev 0.534, 0 failed
progress: 37.0 s, 13744.4 tps, lat 2.329 ms stddev 0.779, 0 failed
progress: 38.0 s, 13042.5 tps, lat 2.452 ms stddev 0.720, 0 failed
progress: 39.0 s, 11787.0 tps, lat 2.714 ms stddev 0.388, 0 failed
progress: 40.0 s, 12158.5 tps, lat 2.631 ms stddev 0.522, 0 failed
progress: 41.0 s, 11827.4 tps, lat 2.705 ms stddev 0.388, 0 failed
progress: 42.0 s, 13328.5 tps, lat 2.400 ms stddev 0.788, 0 failed
progress: 43.0 s, 12478.9 tps, lat 2.564 ms stddev 0.591, 0 failed
progress: 44.0 s, 12388.4 tps, lat 2.583 ms stddev 0.585, 0 failed
progress: 45.0 s, 12946.6 tps, lat 2.471 ms stddev 0.721, 0 failed
progress: 46.0 s, 12080.5 tps, lat 2.651 ms stddev 0.514, 0 failed
progress: 47.0 s, 12283.8 tps, lat 2.602 ms stddev 0.586, 0 failed
progress: 48.0 s, 12660.2 tps, lat 2.527 ms stddev 0.672, 0 failed
progress: 49.0 s, 13568.5 tps, lat 2.358 ms stddev 0.855, 0 failed
progress: 50.0 s, 19537.1 tps, lat 1.637 ms stddev 1.091, 0 failed
progress: 51.0 s, 11662.1 tps, lat 2.743 ms stddev 0.395, 0 failed
progress: 52.0 s, 18149.6 tps, lat 1.764 ms stddev 1.059, 0 failed
progress: 53.0 s, 12017.7 tps, lat 2.659 ms stddev 0.595, 0 failed
progress: 54.0 s, 12348.4 tps, lat 2.592 ms stddev 0.616, 0 failed
progress: 55.0 s, 14849.4 tps, lat 2.155 ms stddev 0.909, 0 failed
progress: 56.0 s, 16543.9 tps, lat 1.934 ms stddev 0.965, 0 failed
progress: 57.0 s, 12303.2 tps, lat 2.599 ms stddev 0.536, 0 failed
progress: 58.0 s, 12589.0 tps, lat 2.542 ms stddev 0.609, 0 failed
progress: 59.0 s, 14015.0 tps, lat 2.282 ms stddev 0.918, 0 failed
transaction type: star-1-left.sql
scaling factor: 1
query mode: prepared
number of clients: 32
number of threads: 32
maximum number of tries: 1
duration: 60 s
number of transactions actually processed: 843150
number of failed transactions: 0 (0.000%)
latency average = 2.276 ms
latency stddev = 0.891 ms
initial connection time = 20.696 ms
tps = 14057.072297 (without initial connection time)
