pgbench (18devel)
progress: 1.0 s, 866.9 tps, lat 1.150 ms stddev 0.101, 0 failed
progress: 2.0 s, 878.0 tps, lat 1.138 ms stddev 0.024, 0 failed
progress: 3.0 s, 879.0 tps, lat 1.138 ms stddev 0.025, 0 failed
progress: 4.0 s, 881.0 tps, lat 1.134 ms stddev 0.023, 0 failed
progress: 5.0 s, 881.0 tps, lat 1.134 ms stddev 0.024, 0 failed
progress: 6.0 s, 880.0 tps, lat 1.136 ms stddev 0.024, 0 failed
progress: 7.0 s, 877.0 tps, lat 1.140 ms stddev 0.024, 0 failed
progress: 8.0 s, 885.0 tps, lat 1.130 ms stddev 0.021, 0 failed
progress: 9.0 s, 885.0 tps, lat 1.130 ms stddev 0.021, 0 failed
progress: 10.0 s, 884.0 tps, lat 1.131 ms stddev 0.023, 0 failed
progress: 11.0 s, 885.0 tps, lat 1.129 ms stddev 0.026, 0 failed
progress: 12.0 s, 894.0 tps, lat 1.119 ms stddev 0.022, 0 failed
progress: 13.0 s, 894.0 tps, lat 1.118 ms stddev 0.021, 0 failed
progress: 14.0 s, 884.0 tps, lat 1.130 ms stddev 0.032, 0 failed
progress: 15.0 s, 877.0 tps, lat 1.139 ms stddev 0.025, 0 failed
progress: 16.0 s, 887.0 tps, lat 1.127 ms stddev 0.021, 0 failed
progress: 17.0 s, 886.0 tps, lat 1.128 ms stddev 0.022, 0 failed
progress: 18.0 s, 887.0 tps, lat 1.128 ms stddev 0.021, 0 failed
progress: 19.0 s, 886.0 tps, lat 1.128 ms stddev 0.022, 0 failed
progress: 20.0 s, 887.0 tps, lat 1.126 ms stddev 0.020, 0 failed
progress: 21.0 s, 888.0 tps, lat 1.126 ms stddev 0.021, 0 failed
progress: 22.0 s, 887.0 tps, lat 1.126 ms stddev 0.021, 0 failed
progress: 23.0 s, 887.0 tps, lat 1.127 ms stddev 0.022, 0 failed
progress: 24.0 s, 887.0 tps, lat 1.127 ms stddev 0.021, 0 failed
progress: 25.0 s, 887.0 tps, lat 1.128 ms stddev 0.023, 0 failed
progress: 26.0 s, 887.0 tps, lat 1.126 ms stddev 0.020, 0 failed
progress: 27.0 s, 887.0 tps, lat 1.127 ms stddev 0.023, 0 failed
progress: 28.0 s, 888.0 tps, lat 1.126 ms stddev 0.020, 0 failed
progress: 29.0 s, 894.0 tps, lat 1.118 ms stddev 0.011, 0 failed
progress: 30.0 s, 894.0 tps, lat 1.118 ms stddev 0.011, 0 failed
progress: 31.0 s, 894.0 tps, lat 1.119 ms stddev 0.015, 0 failed
progress: 32.0 s, 891.0 tps, lat 1.122 ms stddev 0.012, 0 failed
progress: 33.0 s, 891.0 tps, lat 1.121 ms stddev 0.009, 0 failed
progress: 34.0 s, 890.0 tps, lat 1.123 ms stddev 0.016, 0 failed
progress: 35.0 s, 894.0 tps, lat 1.119 ms stddev 0.013, 0 failed
progress: 36.0 s, 895.0 tps, lat 1.117 ms stddev 0.019, 0 failed
progress: 37.0 s, 894.0 tps, lat 1.118 ms stddev 0.020, 0 failed
progress: 38.0 s, 895.0 tps, lat 1.118 ms stddev 0.020, 0 failed
progress: 39.0 s, 894.0 tps, lat 1.118 ms stddev 0.022, 0 failed
progress: 40.0 s, 889.0 tps, lat 1.124 ms stddev 0.034, 0 failed
progress: 41.0 s, 875.0 tps, lat 1.143 ms stddev 0.023, 0 failed
progress: 42.0 s, 882.0 tps, lat 1.134 ms stddev 0.023, 0 failed
progress: 43.0 s, 885.0 tps, lat 1.129 ms stddev 0.023, 0 failed
progress: 44.0 s, 895.0 tps, lat 1.117 ms stddev 0.019, 0 failed
progress: 45.0 s, 894.0 tps, lat 1.118 ms stddev 0.021, 0 failed
progress: 46.0 s, 895.0 tps, lat 1.117 ms stddev 0.020, 0 failed
progress: 47.0 s, 892.9 tps, lat 1.119 ms stddev 0.023, 0 failed
progress: 48.0 s, 895.0 tps, lat 1.117 ms stddev 0.020, 0 failed
progress: 49.0 s, 894.0 tps, lat 1.118 ms stddev 0.021, 0 failed
progress: 50.0 s, 894.0 tps, lat 1.118 ms stddev 0.022, 0 failed
progress: 51.0 s, 894.0 tps, lat 1.118 ms stddev 0.021, 0 failed
progress: 52.0 s, 894.0 tps, lat 1.118 ms stddev 0.020, 0 failed
progress: 53.0 s, 895.0 tps, lat 1.117 ms stddev 0.020, 0 failed
progress: 54.0 s, 894.0 tps, lat 1.118 ms stddev 0.022, 0 failed
progress: 55.0 s, 892.9 tps, lat 1.119 ms stddev 0.023, 0 failed
progress: 56.0 s, 882.0 tps, lat 1.133 ms stddev 0.026, 0 failed
progress: 57.0 s, 872.0 tps, lat 1.146 ms stddev 0.032, 0 failed
progress: 58.0 s, 875.0 tps, lat 1.142 ms stddev 0.021, 0 failed
progress: 59.0 s, 876.0 tps, lat 1.142 ms stddev 0.024, 0 failed
progress: 60.0 s, 887.0 tps, lat 1.127 ms stddev 0.021, 0 failed
transaction type: star-1.sql
scaling factor: 1
query mode: simple
number of clients: 1
number of threads: 1
maximum number of tries: 1
duration: 60 s
number of transactions actually processed: 53242
number of failed transactions: 0 (0.000%)
latency average = 1.126 ms
latency stddev = 0.027 ms
initial connection time = 2.169 ms
tps = 887.380732 (without initial connection time)
