pgbench (18devel)
progress: 1.0 s, 31362.0 tps, lat 3.946 ms stddev 2.818, 0 failed
progress: 2.0 s, 31509.9 tps, lat 4.061 ms stddev 1.898, 0 failed
progress: 3.0 s, 31604.1 tps, lat 4.051 ms stddev 1.750, 0 failed
progress: 4.0 s, 31631.1 tps, lat 4.044 ms stddev 1.789, 0 failed
progress: 5.0 s, 31643.8 tps, lat 4.046 ms stddev 1.713, 0 failed
progress: 6.0 s, 31635.2 tps, lat 4.045 ms stddev 1.732, 0 failed
progress: 7.0 s, 31626.0 tps, lat 4.047 ms stddev 1.709, 0 failed
progress: 8.0 s, 31629.9 tps, lat 4.045 ms stddev 1.698, 0 failed
progress: 9.0 s, 31646.1 tps, lat 4.044 ms stddev 1.702, 0 failed
progress: 10.0 s, 31646.9 tps, lat 4.044 ms stddev 1.762, 0 failed
progress: 11.0 s, 31614.0 tps, lat 4.049 ms stddev 1.716, 0 failed
progress: 12.0 s, 31598.0 tps, lat 4.051 ms stddev 1.711, 0 failed
progress: 13.0 s, 31601.0 tps, lat 4.050 ms stddev 1.704, 0 failed
progress: 14.0 s, 31596.0 tps, lat 4.051 ms stddev 1.708, 0 failed
progress: 15.0 s, 31609.0 tps, lat 4.049 ms stddev 1.700, 0 failed
progress: 16.0 s, 31605.0 tps, lat 4.049 ms stddev 1.778, 0 failed
progress: 17.0 s, 31595.9 tps, lat 4.052 ms stddev 1.711, 0 failed
progress: 18.0 s, 31611.2 tps, lat 4.048 ms stddev 1.701, 0 failed
progress: 19.0 s, 31638.9 tps, lat 4.045 ms stddev 1.707, 0 failed
progress: 20.0 s, 31639.7 tps, lat 4.045 ms stddev 1.696, 0 failed
progress: 21.0 s, 31637.2 tps, lat 4.046 ms stddev 1.681, 0 failed
progress: 22.0 s, 31630.1 tps, lat 4.046 ms stddev 1.696, 0 failed
progress: 23.0 s, 31628.9 tps, lat 4.047 ms stddev 1.715, 0 failed
progress: 24.0 s, 31621.0 tps, lat 4.047 ms stddev 1.757, 0 failed
progress: 25.0 s, 31625.9 tps, lat 4.046 ms stddev 1.722, 0 failed
progress: 26.0 s, 31627.0 tps, lat 4.047 ms stddev 1.765, 0 failed
progress: 27.0 s, 31614.0 tps, lat 4.047 ms stddev 1.695, 0 failed
progress: 28.0 s, 31606.1 tps, lat 4.052 ms stddev 1.716, 0 failed
progress: 29.0 s, 31601.0 tps, lat 4.049 ms stddev 1.692, 0 failed
progress: 30.0 s, 31597.0 tps, lat 4.051 ms stddev 1.691, 0 failed
progress: 31.0 s, 31602.9 tps, lat 4.049 ms stddev 1.700, 0 failed
progress: 32.0 s, 31642.9 tps, lat 4.045 ms stddev 1.680, 0 failed
progress: 33.0 s, 31600.2 tps, lat 4.051 ms stddev 1.703, 0 failed
progress: 34.0 s, 31590.9 tps, lat 4.051 ms stddev 1.690, 0 failed
progress: 35.0 s, 31618.0 tps, lat 4.048 ms stddev 1.689, 0 failed
progress: 36.0 s, 31650.9 tps, lat 4.044 ms stddev 1.689, 0 failed
progress: 37.0 s, 31662.1 tps, lat 4.043 ms stddev 1.698, 0 failed
progress: 38.0 s, 31626.0 tps, lat 4.046 ms stddev 1.701, 0 failed
progress: 39.0 s, 31631.0 tps, lat 4.047 ms stddev 1.700, 0 failed
progress: 40.0 s, 31639.9 tps, lat 4.046 ms stddev 1.699, 0 failed
progress: 41.0 s, 31630.0 tps, lat 4.045 ms stddev 1.694, 0 failed
progress: 42.0 s, 31636.9 tps, lat 4.046 ms stddev 1.700, 0 failed
progress: 43.0 s, 31643.0 tps, lat 4.045 ms stddev 1.710, 0 failed
progress: 44.0 s, 31654.2 tps, lat 4.042 ms stddev 1.739, 0 failed
progress: 45.0 s, 31681.8 tps, lat 4.041 ms stddev 1.781, 0 failed
progress: 46.0 s, 31652.1 tps, lat 4.044 ms stddev 1.746, 0 failed
progress: 47.0 s, 31603.0 tps, lat 4.049 ms stddev 1.711, 0 failed
progress: 48.0 s, 31627.0 tps, lat 4.048 ms stddev 1.709, 0 failed
progress: 49.0 s, 31632.0 tps, lat 4.045 ms stddev 1.695, 0 failed
progress: 50.0 s, 31613.9 tps, lat 4.048 ms stddev 1.711, 0 failed
progress: 51.0 s, 31605.1 tps, lat 4.050 ms stddev 1.712, 0 failed
progress: 52.0 s, 31640.0 tps, lat 4.044 ms stddev 1.686, 0 failed
progress: 53.0 s, 31632.1 tps, lat 4.047 ms stddev 1.705, 0 failed
progress: 54.0 s, 31617.8 tps, lat 4.048 ms stddev 1.708, 0 failed
progress: 55.0 s, 31620.2 tps, lat 4.047 ms stddev 1.699, 0 failed
progress: 56.0 s, 31622.9 tps, lat 4.047 ms stddev 1.699, 0 failed
progress: 57.0 s, 31598.1 tps, lat 4.051 ms stddev 1.696, 0 failed
progress: 58.0 s, 31620.0 tps, lat 4.049 ms stddev 1.695, 0 failed
progress: 59.0 s, 31606.0 tps, lat 4.049 ms stddev 1.698, 0 failed
transaction type: star-1.sql
scaling factor: 1
query mode: simple
number of clients: 128
number of threads: 128
maximum number of tries: 1
duration: 60 s
number of transactions actually processed: 1895599
number of failed transactions: 0 (0.000%)
latency average = 4.046 ms
latency stddev = 1.739 ms
initial connection time = 80.022 ms
tps = 31625.551537 (without initial connection time)
