pgbench (18devel)
progress: 1.0 s, 21951.7 tps, lat 1.443 ms stddev 0.202, 0 failed
progress: 2.0 s, 22408.0 tps, lat 1.427 ms stddev 0.076, 0 failed
progress: 3.0 s, 22450.2 tps, lat 1.425 ms stddev 0.078, 0 failed
progress: 4.0 s, 22573.8 tps, lat 1.417 ms stddev 0.025, 0 failed
progress: 5.0 s, 22520.0 tps, lat 1.420 ms stddev 0.076, 0 failed
progress: 6.0 s, 22538.0 tps, lat 1.419 ms stddev 0.075, 0 failed
progress: 7.0 s, 22615.0 tps, lat 1.415 ms stddev 0.023, 0 failed
progress: 8.0 s, 22544.8 tps, lat 1.419 ms stddev 0.079, 0 failed
progress: 9.0 s, 22642.2 tps, lat 1.413 ms stddev 0.027, 0 failed
progress: 10.0 s, 22511.1 tps, lat 1.421 ms stddev 0.082, 0 failed
progress: 11.0 s, 22662.9 tps, lat 1.412 ms stddev 0.021, 0 failed
progress: 12.0 s, 22569.0 tps, lat 1.417 ms stddev 0.077, 0 failed
progress: 13.0 s, 22596.0 tps, lat 1.415 ms stddev 0.058, 0 failed
progress: 14.0 s, 22602.0 tps, lat 1.415 ms stddev 0.055, 0 failed
progress: 15.0 s, 22642.0 tps, lat 1.413 ms stddev 0.023, 0 failed
progress: 16.0 s, 22663.1 tps, lat 1.411 ms stddev 0.023, 0 failed
progress: 17.0 s, 22655.1 tps, lat 1.412 ms stddev 0.022, 0 failed
progress: 18.0 s, 22607.8 tps, lat 1.415 ms stddev 0.056, 0 failed
progress: 19.0 s, 22605.2 tps, lat 1.415 ms stddev 0.066, 0 failed
progress: 20.0 s, 22573.8 tps, lat 1.417 ms stddev 0.084, 0 failed
progress: 21.0 s, 22482.2 tps, lat 1.423 ms stddev 0.105, 0 failed
progress: 22.0 s, 22608.9 tps, lat 1.415 ms stddev 0.022, 0 failed
progress: 23.0 s, 22534.0 tps, lat 1.419 ms stddev 0.083, 0 failed
progress: 24.0 s, 22664.2 tps, lat 1.411 ms stddev 0.021, 0 failed
progress: 25.0 s, 22667.8 tps, lat 1.411 ms stddev 0.020, 0 failed
progress: 26.0 s, 22613.0 tps, lat 1.415 ms stddev 0.064, 0 failed
progress: 27.0 s, 22554.0 tps, lat 1.418 ms stddev 0.083, 0 failed
progress: 28.0 s, 22576.0 tps, lat 1.417 ms stddev 0.070, 0 failed
progress: 29.0 s, 22654.1 tps, lat 1.412 ms stddev 0.023, 0 failed
progress: 30.0 s, 22544.0 tps, lat 1.419 ms stddev 0.078, 0 failed
progress: 31.0 s, 22636.7 tps, lat 1.413 ms stddev 0.022, 0 failed
progress: 32.0 s, 22626.0 tps, lat 1.413 ms stddev 0.023, 0 failed
progress: 33.0 s, 22354.0 tps, lat 1.431 ms stddev 0.143, 0 failed
progress: 34.0 s, 22555.0 tps, lat 1.418 ms stddev 0.081, 0 failed
progress: 35.0 s, 22634.2 tps, lat 1.413 ms stddev 0.026, 0 failed
progress: 36.0 s, 22639.0 tps, lat 1.413 ms stddev 0.025, 0 failed
progress: 37.0 s, 22395.8 tps, lat 1.428 ms stddev 0.138, 0 failed
progress: 38.0 s, 22618.2 tps, lat 1.414 ms stddev 0.061, 0 failed
progress: 39.0 s, 22684.2 tps, lat 1.410 ms stddev 0.026, 0 failed
progress: 40.0 s, 22686.6 tps, lat 1.410 ms stddev 0.027, 0 failed
progress: 41.0 s, 22668.0 tps, lat 1.411 ms stddev 0.022, 0 failed
progress: 42.0 s, 22435.2 tps, lat 1.426 ms stddev 0.129, 0 failed
progress: 43.0 s, 22569.0 tps, lat 1.417 ms stddev 0.087, 0 failed
progress: 44.0 s, 22617.0 tps, lat 1.414 ms stddev 0.079, 0 failed
progress: 45.0 s, 22448.0 tps, lat 1.425 ms stddev 0.131, 0 failed
progress: 46.0 s, 22522.3 tps, lat 1.421 ms stddev 0.104, 0 failed
progress: 47.0 s, 22571.5 tps, lat 1.417 ms stddev 0.087, 0 failed
progress: 48.0 s, 22609.3 tps, lat 1.415 ms stddev 0.065, 0 failed
progress: 49.0 s, 22564.8 tps, lat 1.417 ms stddev 0.084, 0 failed
progress: 50.0 s, 22643.4 tps, lat 1.413 ms stddev 0.053, 0 failed
progress: 51.0 s, 22626.6 tps, lat 1.414 ms stddev 0.055, 0 failed
progress: 52.0 s, 22670.1 tps, lat 1.411 ms stddev 0.026, 0 failed
progress: 53.0 s, 22619.1 tps, lat 1.414 ms stddev 0.080, 0 failed
progress: 54.0 s, 22678.0 tps, lat 1.410 ms stddev 0.021, 0 failed
progress: 55.0 s, 22583.9 tps, lat 1.416 ms stddev 0.081, 0 failed
progress: 56.0 s, 22545.6 tps, lat 1.419 ms stddev 0.101, 0 failed
progress: 57.0 s, 22596.8 tps, lat 1.415 ms stddev 0.079, 0 failed
progress: 58.0 s, 22612.8 tps, lat 1.415 ms stddev 0.084, 0 failed
progress: 59.0 s, 22402.0 tps, lat 1.428 ms stddev 0.143, 0 failed
transaction type: star-1.sql
scaling factor: 1
query mode: simple
number of clients: 32
number of threads: 32
maximum number of tries: 1
duration: 60 s
number of transactions actually processed: 1353997
number of failed transactions: 0 (0.000%)
latency average = 1.417 ms
latency stddev = 0.077 ms
initial connection time = 20.131 ms
tps = 22573.535079 (without initial connection time)
