pgbench (18devel, server 9.6.24)
progress: 1.0 s, 9116.2 tps, lat 1.744 ms stddev 0.205, 0 failed
progress: 2.0 s, 9186.3 tps, lat 1.741 ms stddev 0.034, 0 failed
progress: 3.0 s, 9227.0 tps, lat 1.733 ms stddev 0.035, 0 failed
progress: 4.0 s, 9301.0 tps, lat 1.720 ms stddev 0.043, 0 failed
progress: 5.0 s, 9271.7 tps, lat 1.725 ms stddev 0.040, 0 failed
progress: 6.0 s, 9186.0 tps, lat 1.741 ms stddev 0.036, 0 failed
progress: 7.0 s, 9214.2 tps, lat 1.736 ms stddev 0.036, 0 failed
progress: 8.0 s, 9205.8 tps, lat 1.737 ms stddev 0.038, 0 failed
progress: 9.0 s, 9221.4 tps, lat 1.735 ms stddev 0.035, 0 failed
progress: 10.0 s, 9193.6 tps, lat 1.740 ms stddev 0.033, 0 failed
progress: 11.0 s, 9139.4 tps, lat 1.750 ms stddev 0.154, 0 failed
progress: 12.0 s, 9187.0 tps, lat 1.741 ms stddev 0.032, 0 failed
progress: 13.0 s, 9229.0 tps, lat 1.733 ms stddev 0.032, 0 failed
progress: 14.0 s, 9210.4 tps, lat 1.737 ms stddev 0.032, 0 failed
progress: 15.0 s, 9227.9 tps, lat 1.734 ms stddev 0.033, 0 failed
progress: 16.0 s, 9212.2 tps, lat 1.736 ms stddev 0.031, 0 failed
progress: 17.0 s, 9237.1 tps, lat 1.732 ms stddev 0.030, 0 failed
progress: 18.0 s, 9224.0 tps, lat 1.734 ms stddev 0.032, 0 failed
progress: 19.0 s, 9232.9 tps, lat 1.732 ms stddev 0.033, 0 failed
progress: 20.0 s, 9227.4 tps, lat 1.734 ms stddev 0.031, 0 failed
progress: 21.0 s, 9241.0 tps, lat 1.731 ms stddev 0.032, 0 failed
progress: 22.0 s, 9252.0 tps, lat 1.729 ms stddev 0.031, 0 failed
progress: 23.0 s, 9262.2 tps, lat 1.728 ms stddev 0.031, 0 failed
progress: 24.0 s, 9240.8 tps, lat 1.730 ms stddev 0.033, 0 failed
progress: 25.0 s, 9281.0 tps, lat 1.724 ms stddev 0.032, 0 failed
progress: 26.0 s, 9242.6 tps, lat 1.730 ms stddev 0.031, 0 failed
progress: 27.0 s, 9234.5 tps, lat 1.733 ms stddev 0.031, 0 failed
progress: 28.0 s, 9253.5 tps, lat 1.728 ms stddev 0.033, 0 failed
progress: 29.0 s, 9259.9 tps, lat 1.728 ms stddev 0.032, 0 failed
progress: 30.0 s, 9181.1 tps, lat 1.742 ms stddev 0.127, 0 failed
progress: 31.0 s, 9233.0 tps, lat 1.733 ms stddev 0.087, 0 failed
progress: 32.0 s, 9264.3 tps, lat 1.727 ms stddev 0.030, 0 failed
progress: 33.0 s, 9272.0 tps, lat 1.725 ms stddev 0.030, 0 failed
progress: 34.0 s, 9269.7 tps, lat 1.726 ms stddev 0.030, 0 failed
progress: 35.0 s, 9234.9 tps, lat 1.731 ms stddev 0.030, 0 failed
progress: 36.0 s, 9256.9 tps, lat 1.729 ms stddev 0.030, 0 failed
progress: 37.0 s, 9228.5 tps, lat 1.733 ms stddev 0.030, 0 failed
progress: 38.0 s, 9255.6 tps, lat 1.728 ms stddev 0.029, 0 failed
progress: 39.0 s, 9251.1 tps, lat 1.729 ms stddev 0.032, 0 failed
progress: 40.0 s, 9238.4 tps, lat 1.732 ms stddev 0.033, 0 failed
progress: 41.0 s, 9275.5 tps, lat 1.724 ms stddev 0.029, 0 failed
progress: 42.0 s, 9266.0 tps, lat 1.726 ms stddev 0.029, 0 failed
progress: 43.0 s, 9254.0 tps, lat 1.729 ms stddev 0.029, 0 failed
progress: 44.0 s, 9225.1 tps, lat 1.734 ms stddev 0.030, 0 failed
progress: 45.0 s, 9252.0 tps, lat 1.729 ms stddev 0.031, 0 failed
progress: 46.0 s, 9264.3 tps, lat 1.726 ms stddev 0.030, 0 failed
progress: 47.0 s, 9255.7 tps, lat 1.729 ms stddev 0.030, 0 failed
progress: 48.0 s, 9258.0 tps, lat 1.727 ms stddev 0.030, 0 failed
progress: 49.0 s, 9262.0 tps, lat 1.727 ms stddev 0.031, 0 failed
progress: 50.0 s, 9258.0 tps, lat 1.728 ms stddev 0.032, 0 failed
progress: 51.0 s, 9266.9 tps, lat 1.725 ms stddev 0.030, 0 failed
progress: 52.0 s, 9288.9 tps, lat 1.722 ms stddev 0.032, 0 failed
progress: 53.0 s, 9294.1 tps, lat 1.721 ms stddev 0.030, 0 failed
progress: 54.0 s, 9256.4 tps, lat 1.729 ms stddev 0.031, 0 failed
progress: 55.0 s, 9267.7 tps, lat 1.726 ms stddev 0.029, 0 failed
progress: 56.0 s, 9281.0 tps, lat 1.723 ms stddev 0.028, 0 failed
progress: 57.0 s, 9272.9 tps, lat 1.725 ms stddev 0.028, 0 failed
progress: 58.0 s, 9291.9 tps, lat 1.722 ms stddev 0.029, 0 failed
progress: 59.0 s, 9331.0 tps, lat 1.714 ms stddev 0.036, 0 failed
transaction type: star-1.sql
scaling factor: 1
query mode: simple
number of clients: 16
number of threads: 16
maximum number of tries: 1
duration: 60 s
number of transactions actually processed: 554581
number of failed transactions: 0 (0.000%)
latency average = 1.730 ms
latency stddev = 0.050 ms
initial connection time = 11.073 ms
tps = 9244.446166 (without initial connection time)
