pgbench (18devel, server 9.6.24)
progress: 1.0 s, 22083.5 tps, lat 10.904 ms stddev 16.186, 0 failed
progress: 2.0 s, 24058.9 tps, lat 10.637 ms stddev 12.709, 0 failed
progress: 3.0 s, 23955.4 tps, lat 10.686 ms stddev 12.709, 0 failed
progress: 4.0 s, 23794.6 tps, lat 10.746 ms stddev 12.639, 0 failed
progress: 5.0 s, 23902.9 tps, lat 10.711 ms stddev 12.806, 0 failed
progress: 6.0 s, 23907.0 tps, lat 10.727 ms stddev 12.734, 0 failed
progress: 7.0 s, 23824.1 tps, lat 10.739 ms stddev 13.137, 0 failed
progress: 8.0 s, 23914.9 tps, lat 10.688 ms stddev 13.292, 0 failed
progress: 9.0 s, 23970.0 tps, lat 10.688 ms stddev 13.157, 0 failed
progress: 10.0 s, 23904.0 tps, lat 10.716 ms stddev 13.527, 0 failed
progress: 11.0 s, 23894.9 tps, lat 10.705 ms stddev 13.088, 0 failed
progress: 12.0 s, 23941.5 tps, lat 10.713 ms stddev 13.299, 0 failed
progress: 13.0 s, 23965.8 tps, lat 10.655 ms stddev 13.364, 0 failed
progress: 14.0 s, 23971.8 tps, lat 10.675 ms stddev 13.194, 0 failed
progress: 15.0 s, 23925.0 tps, lat 10.696 ms stddev 13.367, 0 failed
progress: 16.0 s, 23964.0 tps, lat 10.692 ms stddev 13.303, 0 failed
progress: 17.0 s, 23899.0 tps, lat 10.736 ms stddev 13.245, 0 failed
progress: 18.0 s, 23964.5 tps, lat 10.651 ms stddev 13.253, 0 failed
progress: 19.0 s, 24004.6 tps, lat 10.672 ms stddev 13.467, 0 failed
progress: 20.0 s, 23990.0 tps, lat 10.660 ms stddev 13.030, 0 failed
progress: 21.0 s, 23959.9 tps, lat 10.680 ms stddev 13.284, 0 failed
progress: 22.0 s, 23987.9 tps, lat 10.668 ms stddev 13.355, 0 failed
progress: 23.0 s, 23984.0 tps, lat 10.692 ms stddev 13.464, 0 failed
progress: 24.0 s, 23970.0 tps, lat 10.690 ms stddev 13.107, 0 failed
progress: 25.0 s, 23952.4 tps, lat 10.691 ms stddev 13.546, 0 failed
progress: 26.0 s, 23956.5 tps, lat 10.670 ms stddev 13.344, 0 failed
progress: 27.0 s, 24035.0 tps, lat 10.628 ms stddev 13.400, 0 failed
progress: 28.0 s, 24020.1 tps, lat 10.702 ms stddev 13.537, 0 failed
progress: 29.0 s, 24022.9 tps, lat 10.639 ms stddev 13.480, 0 failed
progress: 30.0 s, 23956.0 tps, lat 10.683 ms stddev 13.124, 0 failed
progress: 31.0 s, 23911.5 tps, lat 10.694 ms stddev 12.860, 0 failed
progress: 32.0 s, 23932.9 tps, lat 10.715 ms stddev 12.941, 0 failed
progress: 33.0 s, 23991.7 tps, lat 10.668 ms stddev 13.198, 0 failed
progress: 34.0 s, 24004.2 tps, lat 10.674 ms stddev 13.159, 0 failed
progress: 35.0 s, 24001.7 tps, lat 10.657 ms stddev 13.161, 0 failed
progress: 36.0 s, 23989.1 tps, lat 10.664 ms stddev 13.226, 0 failed
progress: 37.0 s, 23878.9 tps, lat 10.738 ms stddev 13.088, 0 failed
progress: 38.0 s, 23988.1 tps, lat 10.675 ms stddev 13.016, 0 failed
progress: 39.0 s, 23980.8 tps, lat 10.655 ms stddev 13.381, 0 failed
progress: 40.0 s, 23961.2 tps, lat 10.687 ms stddev 13.274, 0 failed
progress: 41.0 s, 24019.2 tps, lat 10.673 ms stddev 13.425, 0 failed
progress: 42.0 s, 23985.5 tps, lat 10.647 ms stddev 13.329, 0 failed
progress: 43.0 s, 24004.3 tps, lat 10.673 ms stddev 13.351, 0 failed
progress: 44.0 s, 23955.3 tps, lat 10.699 ms stddev 12.998, 0 failed
progress: 45.0 s, 23932.7 tps, lat 10.681 ms stddev 13.175, 0 failed
progress: 46.0 s, 23920.1 tps, lat 10.701 ms stddev 13.073, 0 failed
progress: 47.0 s, 24044.1 tps, lat 10.638 ms stddev 13.505, 0 failed
progress: 48.0 s, 23968.9 tps, lat 10.704 ms stddev 13.278, 0 failed
progress: 49.0 s, 24033.5 tps, lat 10.639 ms stddev 13.248, 0 failed
progress: 50.0 s, 23947.8 tps, lat 10.706 ms stddev 13.217, 0 failed
progress: 51.0 s, 24018.7 tps, lat 10.626 ms stddev 13.364, 0 failed
progress: 52.0 s, 24003.9 tps, lat 10.678 ms stddev 13.512, 0 failed
progress: 53.0 s, 23958.0 tps, lat 10.686 ms stddev 13.084, 0 failed
progress: 54.0 s, 23999.1 tps, lat 10.665 ms stddev 13.168, 0 failed
progress: 55.0 s, 24031.0 tps, lat 10.665 ms stddev 13.304, 0 failed
progress: 56.0 s, 24000.4 tps, lat 10.640 ms stddev 13.190, 0 failed
progress: 57.0 s, 24055.8 tps, lat 10.650 ms stddev 13.582, 0 failed
progress: 58.0 s, 23953.8 tps, lat 10.682 ms stddev 13.457, 0 failed
progress: 59.0 s, 23994.1 tps, lat 10.673 ms stddev 13.516, 0 failed
transaction type: star-1.sql
scaling factor: 1
query mode: simple
number of clients: 256
number of threads: 256
maximum number of tries: 1
duration: 60 s
number of transactions actually processed: 1433953
number of failed transactions: 0 (0.000%)
latency average = 10.689 ms
latency stddev = 13.285 ms
initial connection time = 146.952 ms
tps = 23931.994724 (without initial connection time)
