pgbench (18devel, server 9.6.24)
progress: 1.0 s, 18374.0 tps, lat 1.725 ms stddev 0.349, 0 failed
progress: 2.0 s, 18857.0 tps, lat 1.696 ms stddev 0.103, 0 failed
progress: 3.0 s, 18792.0 tps, lat 1.703 ms stddev 0.146, 0 failed
progress: 4.0 s, 18949.0 tps, lat 1.688 ms stddev 0.039, 0 failed
progress: 5.0 s, 18785.3 tps, lat 1.703 ms stddev 0.157, 0 failed
progress: 6.0 s, 18799.7 tps, lat 1.702 ms stddev 0.155, 0 failed
progress: 7.0 s, 19006.0 tps, lat 1.683 ms stddev 0.028, 0 failed
progress: 8.0 s, 18978.0 tps, lat 1.685 ms stddev 0.052, 0 failed
progress: 9.0 s, 18839.3 tps, lat 1.698 ms stddev 0.143, 0 failed
progress: 10.0 s, 18876.0 tps, lat 1.695 ms stddev 0.122, 0 failed
progress: 11.0 s, 19007.0 tps, lat 1.683 ms stddev 0.030, 0 failed
progress: 12.0 s, 19026.7 tps, lat 1.682 ms stddev 0.030, 0 failed
progress: 13.0 s, 19020.4 tps, lat 1.682 ms stddev 0.030, 0 failed
progress: 14.0 s, 19002.6 tps, lat 1.683 ms stddev 0.029, 0 failed
progress: 15.0 s, 18947.8 tps, lat 1.688 ms stddev 0.098, 0 failed
progress: 16.0 s, 19048.3 tps, lat 1.680 ms stddev 0.029, 0 failed
progress: 17.0 s, 19031.9 tps, lat 1.680 ms stddev 0.029, 0 failed
progress: 18.0 s, 19033.0 tps, lat 1.681 ms stddev 0.029, 0 failed
progress: 19.0 s, 18958.1 tps, lat 1.688 ms stddev 0.100, 0 failed
progress: 20.0 s, 18891.2 tps, lat 1.693 ms stddev 0.127, 0 failed
progress: 21.0 s, 19018.1 tps, lat 1.682 ms stddev 0.030, 0 failed
progress: 22.0 s, 18914.5 tps, lat 1.692 ms stddev 0.115, 0 failed
progress: 23.0 s, 19010.0 tps, lat 1.683 ms stddev 0.030, 0 failed
progress: 24.0 s, 18952.1 tps, lat 1.688 ms stddev 0.088, 0 failed
progress: 25.0 s, 18949.0 tps, lat 1.688 ms stddev 0.106, 0 failed
progress: 26.0 s, 19027.0 tps, lat 1.681 ms stddev 0.028, 0 failed
progress: 27.0 s, 19010.0 tps, lat 1.683 ms stddev 0.066, 0 failed
progress: 28.0 s, 18992.4 tps, lat 1.684 ms stddev 0.068, 0 failed
progress: 29.0 s, 18806.0 tps, lat 1.701 ms stddev 0.173, 0 failed
progress: 30.0 s, 19049.7 tps, lat 1.680 ms stddev 0.054, 0 failed
progress: 31.0 s, 19060.0 tps, lat 1.678 ms stddev 0.026, 0 failed
progress: 32.0 s, 19059.9 tps, lat 1.678 ms stddev 0.027, 0 failed
progress: 33.0 s, 19067.0 tps, lat 1.678 ms stddev 0.027, 0 failed
progress: 34.0 s, 19043.0 tps, lat 1.679 ms stddev 0.026, 0 failed
progress: 35.0 s, 19049.0 tps, lat 1.679 ms stddev 0.028, 0 failed
progress: 36.0 s, 18984.2 tps, lat 1.685 ms stddev 0.096, 0 failed
progress: 37.0 s, 19006.9 tps, lat 1.683 ms stddev 0.091, 0 failed
progress: 38.0 s, 19041.5 tps, lat 1.680 ms stddev 0.045, 0 failed
progress: 39.0 s, 19059.6 tps, lat 1.679 ms stddev 0.027, 0 failed
progress: 40.0 s, 19068.3 tps, lat 1.678 ms stddev 0.029, 0 failed
progress: 41.0 s, 19077.6 tps, lat 1.677 ms stddev 0.028, 0 failed
progress: 42.0 s, 19058.0 tps, lat 1.678 ms stddev 0.028, 0 failed
progress: 43.0 s, 19050.3 tps, lat 1.679 ms stddev 0.029, 0 failed
progress: 44.0 s, 19053.0 tps, lat 1.679 ms stddev 0.029, 0 failed
progress: 45.0 s, 19066.6 tps, lat 1.678 ms stddev 0.029, 0 failed
progress: 46.0 s, 19059.0 tps, lat 1.678 ms stddev 0.029, 0 failed
progress: 47.0 s, 19067.0 tps, lat 1.678 ms stddev 0.029, 0 failed
progress: 48.0 s, 19068.1 tps, lat 1.678 ms stddev 0.030, 0 failed
progress: 49.0 s, 19066.9 tps, lat 1.678 ms stddev 0.030, 0 failed
progress: 50.0 s, 19069.1 tps, lat 1.678 ms stddev 0.028, 0 failed
progress: 51.0 s, 18981.9 tps, lat 1.685 ms stddev 0.096, 0 failed
progress: 52.0 s, 19073.0 tps, lat 1.677 ms stddev 0.027, 0 failed
progress: 53.0 s, 19069.1 tps, lat 1.678 ms stddev 0.027, 0 failed
progress: 54.0 s, 19093.0 tps, lat 1.676 ms stddev 0.023, 0 failed
progress: 55.0 s, 19081.0 tps, lat 1.677 ms stddev 0.026, 0 failed
progress: 56.0 s, 19078.1 tps, lat 1.677 ms stddev 0.025, 0 failed
progress: 57.0 s, 18944.0 tps, lat 1.689 ms stddev 0.119, 0 failed
progress: 58.0 s, 19050.3 tps, lat 1.679 ms stddev 0.029, 0 failed
progress: 59.0 s, 18942.6 tps, lat 1.689 ms stddev 0.124, 0 failed
transaction type: star-1.sql
scaling factor: 1
query mode: simple
number of clients: 32
number of threads: 32
maximum number of tries: 1
duration: 60 s
number of transactions actually processed: 1139106
number of failed transactions: 0 (0.000%)
latency average = 1.684 ms
latency stddev = 0.086 ms
initial connection time = 21.328 ms
tps = 18991.284512 (without initial connection time)
