pgbench (18devel, server 9.3.25)
progress: 1.0 s, 59126.0 tps, lat 2.110 ms stddev 3.766, 0 failed
progress: 2.0 s, 65742.7 tps, lat 1.946 ms stddev 2.070, 0 failed
progress: 3.0 s, 67537.1 tps, lat 1.895 ms stddev 1.991, 0 failed
progress: 4.0 s, 65904.3 tps, lat 1.942 ms stddev 2.101, 0 failed
progress: 5.0 s, 65750.8 tps, lat 1.947 ms stddev 2.091, 0 failed
progress: 6.0 s, 65752.1 tps, lat 1.946 ms stddev 2.090, 0 failed
progress: 7.0 s, 67224.1 tps, lat 1.904 ms stddev 2.008, 0 failed
progress: 8.0 s, 64936.3 tps, lat 1.970 ms stddev 2.124, 0 failed
progress: 9.0 s, 65300.9 tps, lat 1.960 ms stddev 2.105, 0 failed
progress: 10.0 s, 65454.5 tps, lat 1.955 ms stddev 2.105, 0 failed
progress: 11.0 s, 67425.2 tps, lat 1.899 ms stddev 2.003, 0 failed
progress: 12.0 s, 65724.1 tps, lat 1.947 ms stddev 2.087, 0 failed
progress: 13.0 s, 65430.3 tps, lat 1.955 ms stddev 2.121, 0 failed
progress: 14.0 s, 65526.7 tps, lat 1.954 ms stddev 2.105, 0 failed
progress: 15.0 s, 67137.8 tps, lat 1.906 ms stddev 2.014, 0 failed
progress: 16.0 s, 65218.9 tps, lat 1.962 ms stddev 2.117, 0 failed
progress: 17.0 s, 65307.6 tps, lat 1.959 ms stddev 2.117, 0 failed
progress: 18.0 s, 65481.5 tps, lat 1.954 ms stddev 2.122, 0 failed
progress: 19.0 s, 66873.1 tps, lat 1.915 ms stddev 2.032, 0 failed
progress: 20.0 s, 65357.0 tps, lat 1.958 ms stddev 2.111, 0 failed
progress: 21.0 s, 65440.7 tps, lat 1.955 ms stddev 2.091, 0 failed
progress: 22.0 s, 65510.8 tps, lat 1.954 ms stddev 2.114, 0 failed
progress: 23.0 s, 68617.6 tps, lat 1.866 ms stddev 1.960, 0 failed
progress: 24.0 s, 65115.9 tps, lat 1.965 ms stddev 2.111, 0 failed
progress: 25.0 s, 65094.9 tps, lat 1.966 ms stddev 2.129, 0 failed
progress: 26.0 s, 65759.3 tps, lat 1.947 ms stddev 2.093, 0 failed
progress: 27.0 s, 66435.5 tps, lat 1.925 ms stddev 2.056, 0 failed
progress: 28.0 s, 65135.3 tps, lat 1.965 ms stddev 2.126, 0 failed
progress: 29.0 s, 65432.1 tps, lat 1.956 ms stddev 2.126, 0 failed
progress: 30.0 s, 65523.8 tps, lat 1.954 ms stddev 2.103, 0 failed
progress: 31.0 s, 66761.1 tps, lat 1.916 ms stddev 2.035, 0 failed
progress: 32.0 s, 65518.1 tps, lat 1.954 ms stddev 2.091, 0 failed
progress: 33.0 s, 65687.1 tps, lat 1.948 ms stddev 2.097, 0 failed
progress: 34.0 s, 65515.4 tps, lat 1.954 ms stddev 2.105, 0 failed
progress: 35.0 s, 66717.3 tps, lat 1.918 ms stddev 2.039, 0 failed
progress: 36.0 s, 65074.2 tps, lat 1.968 ms stddev 2.142, 0 failed
progress: 37.0 s, 64955.3 tps, lat 1.970 ms stddev 2.124, 0 failed
progress: 38.0 s, 65574.8 tps, lat 1.953 ms stddev 2.102, 0 failed
progress: 39.0 s, 67153.0 tps, lat 1.905 ms stddev 2.024, 0 failed
progress: 40.0 s, 65267.7 tps, lat 1.961 ms stddev 2.142, 0 failed
progress: 41.0 s, 65553.1 tps, lat 1.953 ms stddev 2.120, 0 failed
progress: 42.0 s, 65488.9 tps, lat 1.954 ms stddev 2.095, 0 failed
progress: 43.0 s, 66977.8 tps, lat 1.911 ms stddev 2.031, 0 failed
progress: 44.0 s, 65208.5 tps, lat 1.963 ms stddev 2.127, 0 failed
progress: 45.0 s, 65834.9 tps, lat 1.944 ms stddev 2.079, 0 failed
progress: 46.0 s, 65622.0 tps, lat 1.949 ms stddev 2.094, 0 failed
progress: 47.0 s, 67086.9 tps, lat 1.909 ms stddev 2.025, 0 failed
progress: 48.0 s, 65682.7 tps, lat 1.948 ms stddev 2.090, 0 failed
progress: 49.0 s, 65443.4 tps, lat 1.955 ms stddev 2.118, 0 failed
progress: 50.0 s, 65236.1 tps, lat 1.962 ms stddev 2.110, 0 failed
progress: 51.0 s, 66629.3 tps, lat 1.922 ms stddev 2.051, 0 failed
progress: 52.0 s, 65366.9 tps, lat 1.958 ms stddev 2.115, 0 failed
progress: 53.0 s, 65510.0 tps, lat 1.954 ms stddev 2.124, 0 failed
progress: 54.0 s, 65392.2 tps, lat 1.957 ms stddev 2.112, 0 failed
progress: 55.0 s, 67133.9 tps, lat 1.906 ms stddev 2.026, 0 failed
progress: 56.0 s, 65734.7 tps, lat 1.948 ms stddev 2.093, 0 failed
progress: 57.0 s, 65367.7 tps, lat 1.957 ms stddev 2.112, 0 failed
progress: 58.0 s, 65490.5 tps, lat 1.954 ms stddev 2.100, 0 failed
progress: 59.0 s, 67091.8 tps, lat 1.908 ms stddev 2.019, 0 failed
transaction type: star-1-left.sql
scaling factor: 1
query mode: prepared
number of clients: 128
number of threads: 128
maximum number of tries: 1
duration: 60 s
number of transactions actually processed: 3943291
number of failed transactions: 0 (0.000%)
latency average = 1.945 ms
latency stddev = 2.122 ms
initial connection time = 73.402 ms
tps = 65766.303519 (without initial connection time)
