pgbench (18devel, server 14.13)
progress: 1.0 s, 32013.0 tps, lat 7.591 ms stddev 38.224, 0 failed
progress: 2.0 s, 188933.2 tps, lat 1.356 ms stddev 1.652, 0 failed
progress: 3.0 s, 190186.4 tps, lat 1.346 ms stddev 1.638, 0 failed
progress: 4.0 s, 190611.6 tps, lat 1.342 ms stddev 1.626, 0 failed
progress: 5.0 s, 185359.6 tps, lat 1.381 ms stddev 1.679, 0 failed
progress: 6.0 s, 191060.0 tps, lat 1.340 ms stddev 1.627, 0 failed
progress: 7.0 s, 192551.8 tps, lat 1.329 ms stddev 1.610, 0 failed
progress: 8.0 s, 189656.3 tps, lat 1.349 ms stddev 1.614, 0 failed
progress: 9.0 s, 193139.8 tps, lat 1.325 ms stddev 1.622, 0 failed
progress: 10.0 s, 193298.6 tps, lat 1.324 ms stddev 1.615, 0 failed
progress: 11.0 s, 187098.4 tps, lat 1.368 ms stddev 1.676, 0 failed
progress: 12.0 s, 193182.0 tps, lat 1.325 ms stddev 1.609, 0 failed
progress: 13.0 s, 193647.2 tps, lat 1.322 ms stddev 1.617, 0 failed
progress: 14.0 s, 194149.0 tps, lat 1.318 ms stddev 1.614, 0 failed
progress: 15.0 s, 194508.8 tps, lat 1.316 ms stddev 1.614, 0 failed
progress: 16.0 s, 191505.5 tps, lat 1.336 ms stddev 1.642, 0 failed
progress: 17.0 s, 191616.4 tps, lat 1.336 ms stddev 1.630, 0 failed
progress: 18.0 s, 192708.8 tps, lat 1.328 ms stddev 1.622, 0 failed
progress: 19.0 s, 193619.0 tps, lat 1.322 ms stddev 1.616, 0 failed
progress: 20.0 s, 193822.7 tps, lat 1.321 ms stddev 1.613, 0 failed
progress: 21.0 s, 194131.1 tps, lat 1.318 ms stddev 1.625, 0 failed
progress: 22.0 s, 191594.3 tps, lat 1.336 ms stddev 1.627, 0 failed
progress: 23.0 s, 193634.6 tps, lat 1.322 ms stddev 1.621, 0 failed
progress: 24.0 s, 193635.8 tps, lat 1.322 ms stddev 1.621, 0 failed
progress: 25.0 s, 194802.1 tps, lat 1.314 ms stddev 1.619, 0 failed
progress: 26.0 s, 194776.1 tps, lat 1.314 ms stddev 1.608, 0 failed
progress: 27.0 s, 195778.0 tps, lat 1.307 ms stddev 1.609, 0 failed
progress: 28.0 s, 196069.4 tps, lat 1.305 ms stddev 1.617, 0 failed
progress: 29.0 s, 196556.0 tps, lat 1.302 ms stddev 1.619, 0 failed
progress: 30.0 s, 196922.8 tps, lat 1.300 ms stddev 1.603, 0 failed
progress: 31.0 s, 198423.8 tps, lat 1.290 ms stddev 1.592, 0 failed
progress: 32.0 s, 194878.0 tps, lat 1.313 ms stddev 1.613, 0 failed
progress: 33.0 s, 193212.4 tps, lat 1.325 ms stddev 1.627, 0 failed
progress: 34.0 s, 194232.4 tps, lat 1.318 ms stddev 1.617, 0 failed
progress: 35.0 s, 194433.0 tps, lat 1.316 ms stddev 1.618, 0 failed
progress: 36.0 s, 193965.6 tps, lat 1.319 ms stddev 1.620, 0 failed
progress: 37.0 s, 194033.8 tps, lat 1.319 ms stddev 1.623, 0 failed
progress: 38.0 s, 194031.6 tps, lat 1.319 ms stddev 1.612, 0 failed
progress: 39.0 s, 192901.4 tps, lat 1.327 ms stddev 1.616, 0 failed
progress: 40.0 s, 193236.8 tps, lat 1.325 ms stddev 1.627, 0 failed
progress: 41.0 s, 193558.8 tps, lat 1.322 ms stddev 1.618, 0 failed
progress: 42.0 s, 195948.2 tps, lat 1.306 ms stddev 1.608, 0 failed
progress: 43.0 s, 194816.6 tps, lat 1.314 ms stddev 1.603, 0 failed
progress: 44.0 s, 193619.2 tps, lat 1.322 ms stddev 1.623, 0 failed
progress: 45.0 s, 194211.4 tps, lat 1.318 ms stddev 1.612, 0 failed
progress: 46.0 s, 193656.4 tps, lat 1.322 ms stddev 1.612, 0 failed
progress: 47.0 s, 193815.6 tps, lat 1.321 ms stddev 1.617, 0 failed
progress: 48.0 s, 193870.4 tps, lat 1.320 ms stddev 1.621, 0 failed
progress: 49.0 s, 194986.0 tps, lat 1.313 ms stddev 1.608, 0 failed
progress: 50.0 s, 195118.6 tps, lat 1.312 ms stddev 1.606, 0 failed
progress: 51.0 s, 193703.0 tps, lat 1.321 ms stddev 1.627, 0 failed
progress: 52.0 s, 193421.0 tps, lat 1.323 ms stddev 1.627, 0 failed
progress: 53.0 s, 193363.2 tps, lat 1.324 ms stddev 1.623, 0 failed
progress: 54.0 s, 193514.2 tps, lat 1.323 ms stddev 1.621, 0 failed
progress: 55.0 s, 193169.6 tps, lat 1.325 ms stddev 1.617, 0 failed
progress: 56.0 s, 194501.8 tps, lat 1.316 ms stddev 1.606, 0 failed
progress: 57.0 s, 194199.0 tps, lat 1.318 ms stddev 1.608, 0 failed
progress: 58.0 s, 193954.8 tps, lat 1.320 ms stddev 1.615, 0 failed
progress: 59.0 s, 197010.0 tps, lat 1.299 ms stddev 1.593, 0 failed
transaction type: star-1.sql
scaling factor: 1
query mode: prepared
number of clients: 256
number of threads: 256
maximum number of tries: 1
duration: 60 s
number of transactions actually processed: 11430814
number of failed transactions: 0 (0.000%)
latency average = 1.341 ms
latency stddev = 2.617 ms
initial connection time = 146.700 ms
tps = 190753.289505 (without initial connection time)
