pgbench (18devel, server 14.13)
progress: 1.0 s, 169547.3 tps, lat 0.187 ms stddev 0.943, 0 failed
progress: 2.0 s, 207542.7 tps, lat 0.154 ms stddev 0.020, 0 failed
progress: 3.0 s, 209250.5 tps, lat 0.153 ms stddev 0.020, 0 failed
progress: 4.0 s, 211403.9 tps, lat 0.151 ms stddev 0.016, 0 failed
progress: 5.0 s, 209812.6 tps, lat 0.152 ms stddev 0.018, 0 failed
progress: 6.0 s, 209908.6 tps, lat 0.152 ms stddev 0.019, 0 failed
progress: 7.0 s, 210408.3 tps, lat 0.152 ms stddev 0.016, 0 failed
progress: 8.0 s, 212181.2 tps, lat 0.151 ms stddev 0.014, 0 failed
progress: 9.0 s, 209213.9 tps, lat 0.153 ms stddev 0.019, 0 failed
progress: 10.0 s, 211969.6 tps, lat 0.151 ms stddev 0.016, 0 failed
progress: 11.0 s, 209997.1 tps, lat 0.152 ms stddev 0.018, 0 failed
progress: 12.0 s, 210858.8 tps, lat 0.152 ms stddev 0.018, 0 failed
progress: 13.0 s, 210007.4 tps, lat 0.152 ms stddev 0.018, 0 failed
progress: 14.0 s, 210001.7 tps, lat 0.152 ms stddev 0.015, 0 failed
progress: 15.0 s, 209073.1 tps, lat 0.153 ms stddev 0.018, 0 failed
progress: 16.0 s, 209444.0 tps, lat 0.153 ms stddev 0.017, 0 failed
progress: 17.0 s, 208312.2 tps, lat 0.153 ms stddev 0.016, 0 failed
progress: 18.0 s, 211101.4 tps, lat 0.151 ms stddev 0.016, 0 failed
progress: 19.0 s, 210321.6 tps, lat 0.152 ms stddev 0.015, 0 failed
progress: 20.0 s, 209713.8 tps, lat 0.152 ms stddev 0.016, 0 failed
progress: 21.0 s, 210853.2 tps, lat 0.152 ms stddev 0.015, 0 failed
progress: 22.0 s, 211450.7 tps, lat 0.151 ms stddev 0.014, 0 failed
progress: 23.0 s, 211684.0 tps, lat 0.151 ms stddev 0.014, 0 failed
progress: 24.0 s, 208069.9 tps, lat 0.154 ms stddev 0.021, 0 failed
progress: 25.0 s, 210636.2 tps, lat 0.152 ms stddev 0.019, 0 failed
progress: 26.0 s, 209722.8 tps, lat 0.152 ms stddev 0.018, 0 failed
progress: 27.0 s, 210441.6 tps, lat 0.152 ms stddev 0.014, 0 failed
progress: 28.0 s, 212445.4 tps, lat 0.150 ms stddev 0.013, 0 failed
progress: 29.0 s, 210441.4 tps, lat 0.152 ms stddev 0.016, 0 failed
progress: 30.0 s, 208454.8 tps, lat 0.153 ms stddev 0.016, 0 failed
progress: 31.0 s, 209659.9 tps, lat 0.152 ms stddev 0.017, 0 failed
progress: 32.0 s, 208988.6 tps, lat 0.153 ms stddev 0.018, 0 failed
progress: 33.0 s, 209874.8 tps, lat 0.152 ms stddev 0.016, 0 failed
progress: 34.0 s, 210340.9 tps, lat 0.152 ms stddev 0.016, 0 failed
progress: 35.0 s, 211343.0 tps, lat 0.151 ms stddev 0.013, 0 failed
progress: 36.0 s, 209596.2 tps, lat 0.153 ms stddev 0.018, 0 failed
progress: 37.0 s, 209251.6 tps, lat 0.153 ms stddev 0.016, 0 failed
progress: 38.0 s, 211543.1 tps, lat 0.151 ms stddev 0.015, 0 failed
progress: 39.0 s, 210920.1 tps, lat 0.152 ms stddev 0.023, 0 failed
progress: 40.0 s, 209873.3 tps, lat 0.152 ms stddev 0.016, 0 failed
progress: 41.0 s, 211490.5 tps, lat 0.151 ms stddev 0.015, 0 failed
progress: 42.0 s, 212416.2 tps, lat 0.150 ms stddev 0.013, 0 failed
progress: 43.0 s, 209898.1 tps, lat 0.152 ms stddev 0.015, 0 failed
progress: 44.0 s, 211791.2 tps, lat 0.151 ms stddev 0.014, 0 failed
progress: 45.0 s, 210699.2 tps, lat 0.152 ms stddev 0.016, 0 failed
progress: 46.0 s, 210250.4 tps, lat 0.152 ms stddev 0.020, 0 failed
progress: 47.0 s, 210809.9 tps, lat 0.152 ms stddev 0.015, 0 failed
progress: 48.0 s, 212583.9 tps, lat 0.150 ms stddev 0.013, 0 failed
progress: 49.0 s, 209516.2 tps, lat 0.153 ms stddev 0.014, 0 failed
progress: 50.0 s, 211639.8 tps, lat 0.151 ms stddev 0.016, 0 failed
progress: 51.0 s, 209733.1 tps, lat 0.152 ms stddev 0.017, 0 failed
progress: 52.0 s, 209132.2 tps, lat 0.153 ms stddev 0.017, 0 failed
progress: 53.0 s, 213168.7 tps, lat 0.150 ms stddev 0.013, 0 failed
progress: 54.0 s, 211944.3 tps, lat 0.151 ms stddev 0.014, 0 failed
progress: 55.0 s, 210570.0 tps, lat 0.152 ms stddev 0.016, 0 failed
progress: 56.0 s, 209890.5 tps, lat 0.152 ms stddev 0.016, 0 failed
progress: 57.0 s, 210375.4 tps, lat 0.152 ms stddev 0.018, 0 failed
progress: 58.0 s, 209423.0 tps, lat 0.153 ms stddev 0.017, 0 failed
progress: 59.0 s, 210969.7 tps, lat 0.152 ms stddev 0.014, 0 failed
transaction type: star-1.sql
scaling factor: 1
query mode: prepared
number of clients: 32
number of threads: 32
maximum number of tries: 1
duration: 60 s
number of transactions actually processed: 12580153
number of failed transactions: 0 (0.000%)
latency average = 0.152 ms
latency stddev = 0.111 ms
initial connection time = 22.009 ms
tps = 209744.357583 (without initial connection time)
