pgbench (18devel, server 14.13)
progress: 1.0 s, 195239.3 tps, lat 0.323 ms stddev 1.720, 0 failed
progress: 2.0 s, 247692.8 tps, lat 0.258 ms stddev 0.091, 0 failed
progress: 3.0 s, 248337.9 tps, lat 0.258 ms stddev 0.090, 0 failed
progress: 4.0 s, 248976.3 tps, lat 0.257 ms stddev 0.082, 0 failed
progress: 5.0 s, 249175.2 tps, lat 0.257 ms stddev 0.084, 0 failed
progress: 6.0 s, 249801.0 tps, lat 0.256 ms stddev 0.078, 0 failed
progress: 7.0 s, 249513.0 tps, lat 0.256 ms stddev 0.083, 0 failed
progress: 8.0 s, 250039.7 tps, lat 0.256 ms stddev 0.076, 0 failed
progress: 9.0 s, 250602.5 tps, lat 0.255 ms stddev 0.065, 0 failed
progress: 10.0 s, 250583.2 tps, lat 0.255 ms stddev 0.065, 0 failed
progress: 11.0 s, 249762.7 tps, lat 0.256 ms stddev 0.076, 0 failed
progress: 12.0 s, 249189.8 tps, lat 0.257 ms stddev 0.085, 0 failed
progress: 13.0 s, 249936.0 tps, lat 0.256 ms stddev 0.072, 0 failed
progress: 14.0 s, 249628.8 tps, lat 0.256 ms stddev 0.076, 0 failed
progress: 15.0 s, 250112.0 tps, lat 0.256 ms stddev 0.075, 0 failed
progress: 16.0 s, 250400.7 tps, lat 0.255 ms stddev 0.066, 0 failed
progress: 17.0 s, 249663.5 tps, lat 0.256 ms stddev 0.080, 0 failed
progress: 18.0 s, 249753.0 tps, lat 0.256 ms stddev 0.078, 0 failed
progress: 19.0 s, 250310.5 tps, lat 0.255 ms stddev 0.072, 0 failed
progress: 20.0 s, 250091.5 tps, lat 0.256 ms stddev 0.079, 0 failed
progress: 21.0 s, 250671.8 tps, lat 0.255 ms stddev 0.066, 0 failed
progress: 22.0 s, 250150.2 tps, lat 0.256 ms stddev 0.076, 0 failed
progress: 23.0 s, 249637.3 tps, lat 0.256 ms stddev 0.080, 0 failed
progress: 24.0 s, 249429.5 tps, lat 0.256 ms stddev 0.081, 0 failed
progress: 25.0 s, 249904.8 tps, lat 0.256 ms stddev 0.078, 0 failed
progress: 26.0 s, 250182.2 tps, lat 0.256 ms stddev 0.074, 0 failed
progress: 27.0 s, 250197.3 tps, lat 0.256 ms stddev 0.076, 0 failed
progress: 28.0 s, 250300.7 tps, lat 0.256 ms stddev 0.067, 0 failed
progress: 29.0 s, 250007.3 tps, lat 0.256 ms stddev 0.077, 0 failed
progress: 30.0 s, 250674.7 tps, lat 0.255 ms stddev 0.065, 0 failed
progress: 31.0 s, 250381.0 tps, lat 0.255 ms stddev 0.064, 0 failed
progress: 32.0 s, 249921.0 tps, lat 0.256 ms stddev 0.078, 0 failed
progress: 33.0 s, 250320.0 tps, lat 0.255 ms stddev 0.070, 0 failed
progress: 34.0 s, 250480.3 tps, lat 0.255 ms stddev 0.072, 0 failed
progress: 35.0 s, 249870.8 tps, lat 0.256 ms stddev 0.077, 0 failed
progress: 36.0 s, 249745.5 tps, lat 0.256 ms stddev 0.079, 0 failed
progress: 37.0 s, 250430.8 tps, lat 0.255 ms stddev 0.070, 0 failed
progress: 38.0 s, 250220.2 tps, lat 0.256 ms stddev 0.071, 0 failed
progress: 39.0 s, 250864.0 tps, lat 0.255 ms stddev 0.073, 0 failed
progress: 40.0 s, 249840.2 tps, lat 0.256 ms stddev 0.078, 0 failed
progress: 41.0 s, 250522.7 tps, lat 0.255 ms stddev 0.073, 0 failed
progress: 42.0 s, 249221.3 tps, lat 0.257 ms stddev 0.087, 0 failed
progress: 43.0 s, 249931.0 tps, lat 0.256 ms stddev 0.082, 0 failed
progress: 44.0 s, 251027.3 tps, lat 0.255 ms stddev 0.061, 0 failed
progress: 45.0 s, 250639.5 tps, lat 0.255 ms stddev 0.064, 0 failed
progress: 46.0 s, 249237.0 tps, lat 0.257 ms stddev 0.088, 0 failed
progress: 47.0 s, 249385.5 tps, lat 0.256 ms stddev 0.085, 0 failed
progress: 48.0 s, 250456.8 tps, lat 0.255 ms stddev 0.077, 0 failed
progress: 49.0 s, 249513.5 tps, lat 0.256 ms stddev 0.077, 0 failed
progress: 50.0 s, 250397.8 tps, lat 0.255 ms stddev 0.073, 0 failed
progress: 51.0 s, 250216.5 tps, lat 0.256 ms stddev 0.071, 0 failed
progress: 52.0 s, 249501.0 tps, lat 0.256 ms stddev 0.086, 0 failed
progress: 53.0 s, 250478.8 tps, lat 0.255 ms stddev 0.072, 0 failed
progress: 54.0 s, 249878.8 tps, lat 0.256 ms stddev 0.076, 0 failed
progress: 55.0 s, 250604.8 tps, lat 0.255 ms stddev 0.065, 0 failed
progress: 56.0 s, 249131.1 tps, lat 0.257 ms stddev 0.085, 0 failed
progress: 57.0 s, 250337.0 tps, lat 0.255 ms stddev 0.073, 0 failed
progress: 58.0 s, 250620.3 tps, lat 0.255 ms stddev 0.071, 0 failed
progress: 59.0 s, 250013.5 tps, lat 0.256 ms stddev 0.070, 0 failed
transaction type: star-1.sql
scaling factor: 1
query mode: prepared
number of clients: 64
number of threads: 64
maximum number of tries: 1
duration: 60 s
number of transactions actually processed: 14936969
number of failed transactions: 0 (0.000%)
latency average = 0.257 ms
latency stddev = 0.211 ms
initial connection time = 41.673 ms
tps = 249117.272120 (without initial connection time)
