pgbench (18devel, server 9.5.25)
progress: 1.0 s, 63274.4 tps, lat 1.969 ms stddev 2.740, 0 failed
progress: 2.0 s, 69300.4 tps, lat 1.847 ms stddev 1.845, 0 failed
progress: 3.0 s, 68975.6 tps, lat 1.855 ms stddev 1.858, 0 failed
progress: 4.0 s, 68986.9 tps, lat 1.856 ms stddev 1.865, 0 failed
progress: 5.0 s, 68707.9 tps, lat 1.862 ms stddev 1.864, 0 failed
progress: 6.0 s, 69482.3 tps, lat 1.842 ms stddev 1.848, 0 failed
progress: 7.0 s, 68898.9 tps, lat 1.858 ms stddev 1.863, 0 failed
progress: 8.0 s, 68902.9 tps, lat 1.857 ms stddev 1.876, 0 failed
progress: 9.0 s, 68529.2 tps, lat 1.868 ms stddev 1.875, 0 failed
progress: 10.0 s, 69658.9 tps, lat 1.837 ms stddev 1.831, 0 failed
progress: 11.0 s, 68894.9 tps, lat 1.858 ms stddev 1.880, 0 failed
progress: 12.0 s, 69213.1 tps, lat 1.848 ms stddev 1.864, 0 failed
progress: 13.0 s, 68741.3 tps, lat 1.863 ms stddev 1.886, 0 failed
progress: 14.0 s, 69454.0 tps, lat 1.843 ms stddev 1.837, 0 failed
progress: 15.0 s, 68561.6 tps, lat 1.865 ms stddev 1.889, 0 failed
progress: 16.0 s, 68596.3 tps, lat 1.867 ms stddev 1.885, 0 failed
progress: 17.0 s, 69140.1 tps, lat 1.851 ms stddev 1.858, 0 failed
progress: 18.0 s, 69554.0 tps, lat 1.841 ms stddev 1.835, 0 failed
progress: 19.0 s, 68094.6 tps, lat 1.879 ms stddev 1.910, 0 failed
progress: 20.0 s, 68458.1 tps, lat 1.870 ms stddev 1.897, 0 failed
progress: 21.0 s, 68948.1 tps, lat 1.856 ms stddev 1.873, 0 failed
progress: 22.0 s, 69940.1 tps, lat 1.830 ms stddev 1.829, 0 failed
progress: 23.0 s, 68708.0 tps, lat 1.862 ms stddev 1.870, 0 failed
progress: 24.0 s, 68615.0 tps, lat 1.865 ms stddev 1.884, 0 failed
progress: 25.0 s, 68930.9 tps, lat 1.856 ms stddev 1.872, 0 failed
progress: 26.0 s, 69198.7 tps, lat 1.849 ms stddev 1.857, 0 failed
progress: 27.0 s, 68702.5 tps, lat 1.863 ms stddev 1.892, 0 failed
progress: 28.0 s, 68368.5 tps, lat 1.873 ms stddev 1.900, 0 failed
progress: 29.0 s, 68465.2 tps, lat 1.869 ms stddev 1.896, 0 failed
progress: 30.0 s, 69025.1 tps, lat 1.854 ms stddev 1.859, 0 failed
progress: 31.0 s, 67793.1 tps, lat 1.889 ms stddev 1.922, 0 failed
progress: 32.0 s, 69117.1 tps, lat 1.851 ms stddev 1.861, 0 failed
progress: 33.0 s, 69091.7 tps, lat 1.852 ms stddev 1.875, 0 failed
progress: 34.0 s, 69288.2 tps, lat 1.847 ms stddev 1.862, 0 failed
progress: 35.0 s, 68953.2 tps, lat 1.857 ms stddev 1.893, 0 failed
progress: 36.0 s, 68541.8 tps, lat 1.867 ms stddev 1.892, 0 failed
progress: 37.0 s, 68334.1 tps, lat 1.872 ms stddev 1.890, 0 failed
progress: 38.0 s, 69214.1 tps, lat 1.849 ms stddev 1.848, 0 failed
progress: 39.0 s, 68380.8 tps, lat 1.871 ms stddev 1.890, 0 failed
progress: 40.0 s, 68521.7 tps, lat 1.869 ms stddev 1.907, 0 failed
progress: 41.0 s, 69219.9 tps, lat 1.849 ms stddev 1.869, 0 failed
progress: 42.0 s, 69537.4 tps, lat 1.841 ms stddev 1.854, 0 failed
progress: 43.0 s, 68878.1 tps, lat 1.857 ms stddev 1.876, 0 failed
progress: 44.0 s, 68026.6 tps, lat 1.881 ms stddev 1.919, 0 failed
progress: 45.0 s, 68764.3 tps, lat 1.862 ms stddev 1.873, 0 failed
progress: 46.0 s, 68931.9 tps, lat 1.857 ms stddev 1.871, 0 failed
progress: 47.0 s, 69095.1 tps, lat 1.851 ms stddev 1.856, 0 failed
progress: 48.0 s, 68354.5 tps, lat 1.873 ms stddev 1.917, 0 failed
progress: 49.0 s, 69368.2 tps, lat 1.844 ms stddev 1.876, 0 failed
progress: 50.0 s, 69058.8 tps, lat 1.854 ms stddev 1.876, 0 failed
progress: 51.0 s, 69052.3 tps, lat 1.853 ms stddev 1.877, 0 failed
progress: 52.0 s, 69172.0 tps, lat 1.850 ms stddev 1.861, 0 failed
progress: 53.0 s, 68677.1 tps, lat 1.864 ms stddev 1.884, 0 failed
progress: 54.0 s, 69375.0 tps, lat 1.844 ms stddev 1.844, 0 failed
progress: 55.0 s, 69544.1 tps, lat 1.840 ms stddev 1.854, 0 failed
progress: 56.0 s, 68342.0 tps, lat 1.873 ms stddev 1.896, 0 failed
progress: 57.0 s, 68893.7 tps, lat 1.858 ms stddev 1.871, 0 failed
progress: 58.0 s, 69362.3 tps, lat 1.845 ms stddev 1.863, 0 failed
progress: 59.0 s, 68698.9 tps, lat 1.863 ms stddev 1.879, 0 failed
transaction type: star-1-left.sql
scaling factor: 1
query mode: prepared
number of clients: 128
number of threads: 128
maximum number of tries: 1
duration: 60 s
number of transactions actually processed: 4125510
number of failed transactions: 0 (0.000%)
latency average = 1.859 ms
latency stddev = 1.892 ms
initial connection time = 76.176 ms
tps = 68807.104192 (without initial connection time)
