pgbench (18devel, server 9.5.25)
progress: 1.0 s, 93267.9 tps, lat 0.171 ms stddev 0.160, 0 failed
progress: 2.0 s, 98986.1 tps, lat 0.162 ms stddev 0.012, 0 failed
progress: 3.0 s, 97935.9 tps, lat 0.163 ms stddev 0.021, 0 failed
progress: 4.0 s, 98937.4 tps, lat 0.162 ms stddev 0.019, 0 failed
progress: 5.0 s, 99727.7 tps, lat 0.160 ms stddev 0.019, 0 failed
progress: 6.0 s, 99775.0 tps, lat 0.160 ms stddev 0.013, 0 failed
progress: 7.0 s, 99569.6 tps, lat 0.161 ms stddev 0.013, 0 failed
progress: 8.0 s, 99816.0 tps, lat 0.160 ms stddev 0.012, 0 failed
progress: 9.0 s, 100214.4 tps, lat 0.160 ms stddev 0.012, 0 failed
progress: 10.0 s, 99908.0 tps, lat 0.160 ms stddev 0.012, 0 failed
progress: 11.0 s, 100054.0 tps, lat 0.160 ms stddev 0.012, 0 failed
progress: 12.0 s, 100083.0 tps, lat 0.160 ms stddev 0.012, 0 failed
progress: 13.0 s, 98880.4 tps, lat 0.162 ms stddev 0.013, 0 failed
progress: 14.0 s, 97820.7 tps, lat 0.163 ms stddev 0.029, 0 failed
progress: 15.0 s, 97594.9 tps, lat 0.164 ms stddev 0.020, 0 failed
progress: 16.0 s, 97452.1 tps, lat 0.164 ms stddev 0.013, 0 failed
progress: 17.0 s, 98316.9 tps, lat 0.163 ms stddev 0.013, 0 failed
progress: 18.0 s, 98937.1 tps, lat 0.162 ms stddev 0.013, 0 failed
progress: 19.0 s, 99448.0 tps, lat 0.161 ms stddev 0.012, 0 failed
progress: 20.0 s, 99166.0 tps, lat 0.161 ms stddev 0.019, 0 failed
progress: 21.0 s, 98998.9 tps, lat 0.162 ms stddev 0.013, 0 failed
progress: 22.0 s, 99290.4 tps, lat 0.161 ms stddev 0.018, 0 failed
progress: 23.0 s, 99763.6 tps, lat 0.160 ms stddev 0.012, 0 failed
progress: 24.0 s, 99292.8 tps, lat 0.161 ms stddev 0.012, 0 failed
progress: 25.0 s, 99064.9 tps, lat 0.161 ms stddev 0.019, 0 failed
progress: 26.0 s, 99428.3 tps, lat 0.161 ms stddev 0.020, 0 failed
progress: 27.0 s, 100011.9 tps, lat 0.160 ms stddev 0.015, 0 failed
progress: 28.0 s, 99388.9 tps, lat 0.161 ms stddev 0.016, 0 failed
progress: 29.0 s, 99702.7 tps, lat 0.160 ms stddev 0.019, 0 failed
progress: 30.0 s, 99981.4 tps, lat 0.160 ms stddev 0.012, 0 failed
progress: 31.0 s, 99862.1 tps, lat 0.160 ms stddev 0.012, 0 failed
progress: 32.0 s, 98950.0 tps, lat 0.162 ms stddev 0.014, 0 failed
progress: 33.0 s, 98738.1 tps, lat 0.162 ms stddev 0.019, 0 failed
progress: 34.0 s, 99084.9 tps, lat 0.161 ms stddev 0.024, 0 failed
progress: 35.0 s, 99467.0 tps, lat 0.161 ms stddev 0.019, 0 failed
progress: 36.0 s, 99308.3 tps, lat 0.161 ms stddev 0.023, 0 failed
progress: 37.0 s, 99232.3 tps, lat 0.161 ms stddev 0.018, 0 failed
progress: 38.0 s, 99881.1 tps, lat 0.160 ms stddev 0.012, 0 failed
progress: 39.0 s, 98434.4 tps, lat 0.162 ms stddev 0.016, 0 failed
progress: 40.0 s, 99956.7 tps, lat 0.160 ms stddev 0.012, 0 failed
progress: 41.0 s, 99168.3 tps, lat 0.161 ms stddev 0.019, 0 failed
progress: 42.0 s, 100023.5 tps, lat 0.160 ms stddev 0.012, 0 failed
progress: 43.0 s, 98710.5 tps, lat 0.162 ms stddev 0.013, 0 failed
progress: 44.0 s, 97942.8 tps, lat 0.163 ms stddev 0.019, 0 failed
progress: 45.0 s, 98372.0 tps, lat 0.163 ms stddev 0.013, 0 failed
progress: 46.0 s, 98660.2 tps, lat 0.162 ms stddev 0.019, 0 failed
progress: 47.0 s, 98402.0 tps, lat 0.162 ms stddev 0.014, 0 failed
progress: 48.0 s, 99537.5 tps, lat 0.161 ms stddev 0.013, 0 failed
progress: 49.0 s, 100378.3 tps, lat 0.159 ms stddev 0.011, 0 failed
progress: 50.0 s, 99098.6 tps, lat 0.161 ms stddev 0.019, 0 failed
progress: 51.0 s, 98876.5 tps, lat 0.162 ms stddev 0.019, 0 failed
progress: 52.0 s, 98574.0 tps, lat 0.162 ms stddev 0.024, 0 failed
progress: 53.0 s, 99334.5 tps, lat 0.161 ms stddev 0.013, 0 failed
progress: 54.0 s, 98413.0 tps, lat 0.162 ms stddev 0.014, 0 failed
progress: 55.0 s, 98424.6 tps, lat 0.162 ms stddev 0.014, 0 failed
progress: 56.0 s, 97944.9 tps, lat 0.163 ms stddev 0.014, 0 failed
progress: 57.0 s, 98659.6 tps, lat 0.162 ms stddev 0.013, 0 failed
progress: 58.0 s, 98611.2 tps, lat 0.162 ms stddev 0.028, 0 failed
progress: 59.0 s, 98634.4 tps, lat 0.162 ms stddev 0.020, 0 failed
transaction type: star-1-left.sql
scaling factor: 1
query mode: prepared
number of clients: 16
number of threads: 16
maximum number of tries: 1
duration: 60 s
number of transactions actually processed: 5939474
number of failed transactions: 0 (0.000%)
latency average = 0.161 ms
latency stddev = 0.026 ms
initial connection time = 11.613 ms
tps = 99009.868641 (without initial connection time)
