pgbench (18devel, server 9.3.25)
progress: 1.0 s, 13094.1 tps, lat 2.420 ms stddev 0.558, 0 failed
progress: 2.0 s, 13422.1 tps, lat 2.384 ms stddev 0.228, 0 failed
progress: 3.0 s, 13577.0 tps, lat 2.356 ms stddev 0.068, 0 failed
progress: 4.0 s, 13586.0 tps, lat 2.355 ms stddev 0.070, 0 failed
progress: 5.0 s, 13588.0 tps, lat 2.354 ms stddev 0.067, 0 failed
progress: 6.0 s, 13583.3 tps, lat 2.356 ms stddev 0.073, 0 failed
progress: 7.0 s, 13592.7 tps, lat 2.353 ms stddev 0.074, 0 failed
progress: 8.0 s, 13588.0 tps, lat 2.355 ms stddev 0.075, 0 failed
progress: 9.0 s, 13521.0 tps, lat 2.367 ms stddev 0.165, 0 failed
progress: 10.0 s, 13576.0 tps, lat 2.355 ms stddev 0.075, 0 failed
progress: 11.0 s, 13597.5 tps, lat 2.353 ms stddev 0.074, 0 failed
progress: 12.0 s, 13606.5 tps, lat 2.352 ms stddev 0.070, 0 failed
progress: 13.0 s, 13596.5 tps, lat 2.353 ms stddev 0.071, 0 failed
progress: 14.0 s, 13595.0 tps, lat 2.353 ms stddev 0.070, 0 failed
progress: 15.0 s, 13603.5 tps, lat 2.352 ms stddev 0.073, 0 failed
progress: 16.0 s, 13583.6 tps, lat 2.356 ms stddev 0.072, 0 failed
progress: 17.0 s, 13577.8 tps, lat 2.356 ms stddev 0.075, 0 failed
progress: 18.0 s, 13555.2 tps, lat 2.360 ms stddev 0.131, 0 failed
progress: 19.0 s, 13543.5 tps, lat 2.362 ms stddev 0.150, 0 failed
progress: 20.0 s, 13609.0 tps, lat 2.351 ms stddev 0.071, 0 failed
progress: 21.0 s, 13592.6 tps, lat 2.353 ms stddev 0.074, 0 failed
progress: 22.0 s, 13551.9 tps, lat 2.361 ms stddev 0.154, 0 failed
progress: 23.0 s, 13591.0 tps, lat 2.354 ms stddev 0.097, 0 failed
progress: 24.0 s, 13544.0 tps, lat 2.362 ms stddev 0.147, 0 failed
progress: 25.0 s, 13597.6 tps, lat 2.353 ms stddev 0.074, 0 failed
progress: 26.0 s, 13598.5 tps, lat 2.353 ms stddev 0.072, 0 failed
progress: 27.0 s, 13551.0 tps, lat 2.361 ms stddev 0.143, 0 failed
progress: 28.0 s, 13553.4 tps, lat 2.361 ms stddev 0.147, 0 failed
progress: 29.0 s, 13550.0 tps, lat 2.361 ms stddev 0.149, 0 failed
progress: 30.0 s, 13571.6 tps, lat 2.356 ms stddev 0.123, 0 failed
progress: 31.0 s, 13575.5 tps, lat 2.357 ms stddev 0.119, 0 failed
progress: 32.0 s, 13563.9 tps, lat 2.359 ms stddev 0.137, 0 failed
progress: 33.0 s, 13600.0 tps, lat 2.352 ms stddev 0.076, 0 failed
progress: 34.0 s, 13603.0 tps, lat 2.352 ms stddev 0.077, 0 failed
progress: 35.0 s, 13591.0 tps, lat 2.354 ms stddev 0.076, 0 failed
progress: 36.0 s, 13608.0 tps, lat 2.352 ms stddev 0.074, 0 failed
progress: 37.0 s, 13558.6 tps, lat 2.358 ms stddev 0.149, 0 failed
progress: 38.0 s, 13632.4 tps, lat 2.348 ms stddev 0.071, 0 failed
progress: 39.0 s, 13622.9 tps, lat 2.348 ms stddev 0.071, 0 failed
progress: 40.0 s, 13603.0 tps, lat 2.352 ms stddev 0.105, 0 failed
progress: 41.0 s, 13621.0 tps, lat 2.348 ms stddev 0.072, 0 failed
progress: 42.0 s, 13628.0 tps, lat 2.348 ms stddev 0.072, 0 failed
progress: 43.0 s, 13550.0 tps, lat 2.361 ms stddev 0.168, 0 failed
progress: 44.0 s, 13556.1 tps, lat 2.361 ms stddev 0.161, 0 failed
progress: 45.0 s, 13615.5 tps, lat 2.349 ms stddev 0.069, 0 failed
progress: 46.0 s, 13625.9 tps, lat 2.347 ms stddev 0.069, 0 failed
progress: 47.0 s, 13565.7 tps, lat 2.359 ms stddev 0.164, 0 failed
progress: 48.0 s, 13626.3 tps, lat 2.348 ms stddev 0.069, 0 failed
progress: 49.0 s, 13531.1 tps, lat 2.364 ms stddev 0.188, 0 failed
progress: 50.0 s, 13591.9 tps, lat 2.355 ms stddev 0.129, 0 failed
progress: 51.0 s, 13626.6 tps, lat 2.347 ms stddev 0.072, 0 failed
progress: 52.0 s, 13626.5 tps, lat 2.347 ms stddev 0.068, 0 failed
progress: 53.0 s, 13575.3 tps, lat 2.357 ms stddev 0.156, 0 failed
progress: 54.0 s, 13620.3 tps, lat 2.349 ms stddev 0.069, 0 failed
progress: 55.0 s, 13637.2 tps, lat 2.347 ms stddev 0.069, 0 failed
progress: 56.0 s, 13629.2 tps, lat 2.346 ms stddev 0.066, 0 failed
progress: 57.0 s, 13560.5 tps, lat 2.359 ms stddev 0.163, 0 failed
progress: 58.0 s, 13622.5 tps, lat 2.349 ms stddev 0.086, 0 failed
progress: 59.0 s, 13621.9 tps, lat 2.348 ms stddev 0.068, 0 failed
transaction type: star-1-left.sql
scaling factor: 1
query mode: simple
number of clients: 32
number of threads: 32
maximum number of tries: 1
duration: 60 s
number of transactions actually processed: 814561
number of failed transactions: 0 (0.000%)
latency average = 2.356 ms
latency stddev = 0.129 ms
initial connection time = 21.762 ms
tps = 13580.341326 (without initial connection time)
