pgbench (18devel, server 9.3.25)
progress: 1.0 s, 17193.0 tps, lat 3.661 ms stddev 1.819, 0 failed
progress: 2.0 s, 18077.0 tps, lat 3.540 ms stddev 1.016, 0 failed
progress: 3.0 s, 17629.0 tps, lat 3.629 ms stddev 1.042, 0 failed
progress: 4.0 s, 17188.1 tps, lat 3.723 ms stddev 1.046, 0 failed
progress: 5.0 s, 17385.0 tps, lat 3.681 ms stddev 1.054, 0 failed
progress: 6.0 s, 17383.0 tps, lat 3.684 ms stddev 1.045, 0 failed
progress: 7.0 s, 17395.9 tps, lat 3.676 ms stddev 1.050, 0 failed
progress: 8.0 s, 17397.0 tps, lat 3.679 ms stddev 1.047, 0 failed
progress: 9.0 s, 17286.0 tps, lat 3.704 ms stddev 1.042, 0 failed
progress: 10.0 s, 17224.0 tps, lat 3.714 ms stddev 1.061, 0 failed
progress: 11.0 s, 17160.0 tps, lat 3.729 ms stddev 1.037, 0 failed
progress: 12.0 s, 17103.0 tps, lat 3.741 ms stddev 1.039, 0 failed
progress: 13.0 s, 17403.0 tps, lat 3.677 ms stddev 1.055, 0 failed
progress: 14.0 s, 17397.0 tps, lat 3.678 ms stddev 1.057, 0 failed
progress: 15.0 s, 17292.0 tps, lat 3.701 ms stddev 1.058, 0 failed
progress: 16.0 s, 17196.0 tps, lat 3.724 ms stddev 1.051, 0 failed
progress: 17.0 s, 17167.9 tps, lat 3.727 ms stddev 1.039, 0 failed
progress: 18.0 s, 17323.0 tps, lat 3.694 ms stddev 1.048, 0 failed
progress: 19.0 s, 17295.1 tps, lat 3.698 ms stddev 1.051, 0 failed
progress: 20.0 s, 17168.0 tps, lat 3.724 ms stddev 1.050, 0 failed
progress: 21.0 s, 17175.0 tps, lat 3.729 ms stddev 1.054, 0 failed
progress: 22.0 s, 17069.9 tps, lat 3.750 ms stddev 1.038, 0 failed
progress: 23.0 s, 17212.1 tps, lat 3.718 ms stddev 1.059, 0 failed
progress: 24.0 s, 17225.9 tps, lat 3.716 ms stddev 1.053, 0 failed
progress: 25.0 s, 17099.0 tps, lat 3.742 ms stddev 1.042, 0 failed
progress: 26.0 s, 17290.0 tps, lat 3.701 ms stddev 1.051, 0 failed
progress: 27.0 s, 17169.0 tps, lat 3.727 ms stddev 1.038, 0 failed
progress: 28.0 s, 17321.0 tps, lat 3.694 ms stddev 1.049, 0 failed
progress: 29.0 s, 17248.0 tps, lat 3.710 ms stddev 1.046, 0 failed
progress: 30.0 s, 17245.1 tps, lat 3.709 ms stddev 1.044, 0 failed
progress: 31.0 s, 17073.9 tps, lat 3.749 ms stddev 1.040, 0 failed
progress: 32.0 s, 16998.0 tps, lat 3.764 ms stddev 1.040, 0 failed
progress: 33.0 s, 17304.9 tps, lat 3.700 ms stddev 1.058, 0 failed
progress: 34.0 s, 17172.1 tps, lat 3.724 ms stddev 1.054, 0 failed
progress: 35.0 s, 17154.0 tps, lat 3.732 ms stddev 1.042, 0 failed
progress: 36.0 s, 17110.3 tps, lat 3.737 ms stddev 1.045, 0 failed
progress: 37.0 s, 17146.7 tps, lat 3.734 ms stddev 1.056, 0 failed
progress: 38.0 s, 17104.0 tps, lat 3.743 ms stddev 1.049, 0 failed
progress: 39.0 s, 17091.0 tps, lat 3.743 ms stddev 1.042, 0 failed
progress: 40.0 s, 17082.0 tps, lat 3.747 ms stddev 1.056, 0 failed
progress: 41.0 s, 16850.9 tps, lat 3.796 ms stddev 1.031, 0 failed
progress: 42.0 s, 16901.0 tps, lat 3.787 ms stddev 1.041, 0 failed
progress: 43.0 s, 17322.0 tps, lat 3.695 ms stddev 1.065, 0 failed
progress: 44.0 s, 17190.1 tps, lat 3.723 ms stddev 1.062, 0 failed
progress: 45.0 s, 17244.9 tps, lat 3.710 ms stddev 1.066, 0 failed
progress: 46.0 s, 17036.1 tps, lat 3.756 ms stddev 1.053, 0 failed
progress: 47.0 s, 17073.0 tps, lat 3.750 ms stddev 1.063, 0 failed
progress: 48.0 s, 17133.9 tps, lat 3.734 ms stddev 1.049, 0 failed
progress: 49.0 s, 17060.1 tps, lat 3.752 ms stddev 1.043, 0 failed
progress: 50.0 s, 17162.9 tps, lat 3.726 ms stddev 1.047, 0 failed
progress: 51.0 s, 17123.1 tps, lat 3.738 ms stddev 1.051, 0 failed
progress: 52.0 s, 17075.9 tps, lat 3.748 ms stddev 1.045, 0 failed
progress: 53.0 s, 17086.0 tps, lat 3.744 ms stddev 1.064, 0 failed
progress: 54.0 s, 17004.0 tps, lat 3.764 ms stddev 1.037, 0 failed
progress: 55.0 s, 17087.2 tps, lat 3.745 ms stddev 1.043, 0 failed
progress: 56.0 s, 17124.8 tps, lat 3.737 ms stddev 1.052, 0 failed
progress: 57.0 s, 17251.1 tps, lat 3.709 ms stddev 1.059, 0 failed
progress: 58.0 s, 17323.9 tps, lat 3.696 ms stddev 1.086, 0 failed
progress: 59.0 s, 17158.1 tps, lat 3.726 ms stddev 1.072, 0 failed
transaction type: star-1-left.sql
scaling factor: 1
query mode: simple
number of clients: 64
number of threads: 64
maximum number of tries: 1
duration: 60 s
number of transactions actually processed: 1031753
number of failed transactions: 0 (0.000%)
latency average = 3.719 ms
latency stddev = 1.068 ms
initial connection time = 41.304 ms
tps = 17206.118393 (without initial connection time)
