pgbench (18devel, server 8.2.23)
progress: 1.0 s, 13734.1 tps, lat 2.308 ms stddev 0.953, 0 failed
progress: 2.0 s, 15398.0 tps, lat 2.078 ms stddev 0.249, 0 failed
progress: 3.0 s, 15387.0 tps, lat 2.079 ms stddev 0.212, 0 failed
progress: 4.0 s, 14533.0 tps, lat 2.201 ms stddev 0.373, 0 failed
progress: 5.0 s, 14412.6 tps, lat 2.220 ms stddev 0.388, 0 failed
progress: 6.0 s, 14172.0 tps, lat 2.258 ms stddev 0.422, 0 failed
progress: 7.0 s, 15331.0 tps, lat 2.087 ms stddev 0.218, 0 failed
progress: 8.0 s, 15318.3 tps, lat 2.089 ms stddev 0.242, 0 failed
progress: 9.0 s, 14575.1 tps, lat 2.194 ms stddev 0.389, 0 failed
progress: 10.0 s, 15296.0 tps, lat 2.091 ms stddev 0.249, 0 failed
progress: 11.0 s, 14884.6 tps, lat 2.150 ms stddev 0.323, 0 failed
progress: 12.0 s, 15219.5 tps, lat 2.103 ms stddev 0.277, 0 failed
progress: 13.0 s, 14926.0 tps, lat 2.143 ms stddev 0.319, 0 failed
progress: 14.0 s, 15196.0 tps, lat 2.106 ms stddev 0.303, 0 failed
progress: 15.0 s, 15441.1 tps, lat 2.072 ms stddev 0.244, 0 failed
progress: 16.0 s, 15049.1 tps, lat 2.126 ms stddev 0.248, 0 failed
progress: 17.0 s, 15588.0 tps, lat 2.053 ms stddev 0.190, 0 failed
progress: 18.0 s, 15095.5 tps, lat 2.118 ms stddev 0.253, 0 failed
progress: 19.0 s, 14315.0 tps, lat 2.235 ms stddev 0.375, 0 failed
progress: 20.0 s, 15530.9 tps, lat 2.060 ms stddev 0.170, 0 failed
progress: 21.0 s, 14787.0 tps, lat 2.164 ms stddev 0.350, 0 failed
progress: 22.0 s, 14466.5 tps, lat 2.212 ms stddev 0.366, 0 failed
progress: 23.0 s, 14645.5 tps, lat 2.183 ms stddev 0.359, 0 failed
progress: 24.0 s, 15203.0 tps, lat 2.105 ms stddev 0.301, 0 failed
progress: 25.0 s, 15127.0 tps, lat 2.114 ms stddev 0.299, 0 failed
progress: 26.0 s, 14685.4 tps, lat 2.179 ms stddev 0.372, 0 failed
progress: 27.0 s, 15550.0 tps, lat 2.059 ms stddev 0.224, 0 failed
progress: 28.0 s, 15005.0 tps, lat 2.131 ms stddev 0.304, 0 failed
progress: 29.0 s, 14302.6 tps, lat 2.236 ms stddev 0.396, 0 failed
progress: 30.0 s, 15278.7 tps, lat 2.095 ms stddev 0.263, 0 failed
progress: 31.0 s, 14704.2 tps, lat 2.177 ms stddev 0.331, 0 failed
progress: 32.0 s, 14285.6 tps, lat 2.239 ms stddev 0.382, 0 failed
progress: 33.0 s, 14897.0 tps, lat 2.147 ms stddev 0.318, 0 failed
progress: 34.0 s, 14289.0 tps, lat 2.239 ms stddev 0.400, 0 failed
progress: 35.0 s, 14280.8 tps, lat 2.241 ms stddev 0.387, 0 failed
progress: 36.0 s, 14631.1 tps, lat 2.186 ms stddev 0.403, 0 failed
progress: 37.0 s, 14610.9 tps, lat 2.190 ms stddev 0.358, 0 failed
progress: 38.0 s, 14679.7 tps, lat 2.179 ms stddev 0.340, 0 failed
progress: 39.0 s, 14762.4 tps, lat 2.169 ms stddev 0.316, 0 failed
progress: 40.0 s, 14755.0 tps, lat 2.168 ms stddev 0.325, 0 failed
progress: 41.0 s, 14331.0 tps, lat 2.232 ms stddev 0.397, 0 failed
progress: 42.0 s, 14800.0 tps, lat 2.162 ms stddev 0.357, 0 failed
progress: 43.0 s, 14963.0 tps, lat 2.139 ms stddev 0.296, 0 failed
progress: 44.0 s, 14528.0 tps, lat 2.202 ms stddev 0.388, 0 failed
progress: 45.0 s, 15697.0 tps, lat 2.038 ms stddev 0.152, 0 failed
progress: 46.0 s, 15490.0 tps, lat 2.066 ms stddev 0.215, 0 failed
progress: 47.0 s, 15032.0 tps, lat 2.128 ms stddev 0.328, 0 failed
progress: 48.0 s, 14654.0 tps, lat 2.184 ms stddev 0.354, 0 failed
progress: 49.0 s, 15100.8 tps, lat 2.119 ms stddev 0.275, 0 failed
progress: 50.0 s, 15465.2 tps, lat 2.068 ms stddev 0.233, 0 failed
progress: 51.0 s, 14639.0 tps, lat 2.185 ms stddev 0.324, 0 failed
progress: 52.0 s, 14363.9 tps, lat 2.228 ms stddev 0.390, 0 failed
progress: 53.0 s, 14947.8 tps, lat 2.140 ms stddev 0.320, 0 failed
progress: 54.0 s, 15027.3 tps, lat 2.127 ms stddev 0.288, 0 failed
progress: 55.0 s, 15057.0 tps, lat 2.126 ms stddev 0.295, 0 failed
progress: 56.0 s, 14659.0 tps, lat 2.183 ms stddev 0.338, 0 failed
progress: 57.0 s, 14847.0 tps, lat 2.156 ms stddev 0.329, 0 failed
progress: 58.0 s, 14922.1 tps, lat 2.144 ms stddev 0.337, 0 failed
progress: 59.0 s, 15535.0 tps, lat 2.059 ms stddev 0.178, 0 failed
transaction type: star-1-left.sql
scaling factor: 1
query mode: simple
number of clients: 32
number of threads: 32
maximum number of tries: 1
duration: 60 s
number of transactions actually processed: 893455
number of failed transactions: 0 (0.000%)
latency average = 2.148 ms
latency stddev = 0.340 ms
initial connection time = 21.448 ms
tps = 14895.492065 (without initial connection time)
