pgbench (18devel, server 9.6.24)
progress: 1.0 s, 15375.9 tps, lat 15.505 ms stddev 24.508, 0 failed
progress: 2.0 s, 17175.4 tps, lat 14.865 ms stddev 19.505, 0 failed
progress: 3.0 s, 16568.0 tps, lat 15.616 ms stddev 21.245, 0 failed
progress: 4.0 s, 16459.0 tps, lat 15.411 ms stddev 19.628, 0 failed
progress: 5.0 s, 16613.0 tps, lat 15.447 ms stddev 20.767, 0 failed
progress: 6.0 s, 16601.0 tps, lat 15.394 ms stddev 21.450, 0 failed
progress: 7.0 s, 16572.8 tps, lat 15.512 ms stddev 21.808, 0 failed
progress: 8.0 s, 16705.2 tps, lat 15.219 ms stddev 22.552, 0 failed
progress: 9.0 s, 16683.0 tps, lat 15.370 ms stddev 23.345, 0 failed
progress: 10.0 s, 16685.0 tps, lat 15.414 ms stddev 22.598, 0 failed
progress: 11.0 s, 16687.4 tps, lat 15.263 ms stddev 21.856, 0 failed
progress: 12.0 s, 16718.2 tps, lat 15.391 ms stddev 21.853, 0 failed
progress: 13.0 s, 16796.4 tps, lat 15.207 ms stddev 23.183, 0 failed
progress: 14.0 s, 16733.0 tps, lat 15.285 ms stddev 22.178, 0 failed
progress: 15.0 s, 16787.8 tps, lat 15.212 ms stddev 22.897, 0 failed
progress: 16.0 s, 16694.2 tps, lat 15.474 ms stddev 22.388, 0 failed
progress: 17.0 s, 16631.3 tps, lat 15.258 ms stddev 20.336, 0 failed
progress: 18.0 s, 16760.0 tps, lat 15.377 ms stddev 23.184, 0 failed
progress: 19.0 s, 16724.9 tps, lat 15.287 ms stddev 22.190, 0 failed
progress: 20.0 s, 16719.1 tps, lat 15.292 ms stddev 22.058, 0 failed
progress: 21.0 s, 16742.8 tps, lat 15.369 ms stddev 22.472, 0 failed
progress: 22.0 s, 16696.2 tps, lat 15.282 ms stddev 22.278, 0 failed
progress: 23.0 s, 16645.9 tps, lat 15.361 ms stddev 21.404, 0 failed
progress: 24.0 s, 16696.8 tps, lat 15.262 ms stddev 21.532, 0 failed
progress: 25.0 s, 16617.2 tps, lat 15.444 ms stddev 20.800, 0 failed
progress: 26.0 s, 16674.4 tps, lat 15.341 ms stddev 22.457, 0 failed
progress: 27.0 s, 16680.5 tps, lat 15.304 ms stddev 22.182, 0 failed
progress: 28.0 s, 16695.9 tps, lat 15.396 ms stddev 22.473, 0 failed
progress: 29.0 s, 16669.1 tps, lat 15.297 ms stddev 22.304, 0 failed
progress: 30.0 s, 16681.4 tps, lat 15.398 ms stddev 22.382, 0 failed
progress: 31.0 s, 16693.6 tps, lat 15.297 ms stddev 22.833, 0 failed
progress: 32.0 s, 16650.1 tps, lat 15.354 ms stddev 22.100, 0 failed
progress: 33.0 s, 16691.1 tps, lat 15.390 ms stddev 22.675, 0 failed
progress: 34.0 s, 16629.8 tps, lat 15.387 ms stddev 21.694, 0 failed
progress: 35.0 s, 16671.0 tps, lat 15.358 ms stddev 22.478, 0 failed
progress: 36.0 s, 16654.4 tps, lat 15.396 ms stddev 21.889, 0 failed
progress: 37.0 s, 16689.5 tps, lat 15.277 ms stddev 22.625, 0 failed
progress: 38.0 s, 16676.4 tps, lat 15.382 ms stddev 22.692, 0 failed
progress: 39.0 s, 16709.1 tps, lat 15.307 ms stddev 22.402, 0 failed
progress: 40.0 s, 16620.9 tps, lat 15.411 ms stddev 20.815, 0 failed
progress: 41.0 s, 16609.2 tps, lat 15.509 ms stddev 21.540, 0 failed
progress: 42.0 s, 16660.4 tps, lat 15.302 ms stddev 21.739, 0 failed
progress: 43.0 s, 16658.1 tps, lat 15.269 ms stddev 21.759, 0 failed
progress: 44.0 s, 16649.0 tps, lat 15.491 ms stddev 22.590, 0 failed
progress: 45.0 s, 16689.5 tps, lat 15.219 ms stddev 22.234, 0 failed
progress: 46.0 s, 16657.2 tps, lat 15.472 ms stddev 21.716, 0 failed
progress: 47.0 s, 16631.2 tps, lat 15.384 ms stddev 21.872, 0 failed
progress: 48.0 s, 16622.5 tps, lat 15.336 ms stddev 21.680, 0 failed
progress: 49.0 s, 16635.9 tps, lat 15.433 ms stddev 21.709, 0 failed
progress: 50.0 s, 16634.5 tps, lat 15.430 ms stddev 21.576, 0 failed
progress: 51.0 s, 16689.1 tps, lat 15.303 ms stddev 22.209, 0 failed
progress: 52.0 s, 16703.0 tps, lat 15.291 ms stddev 22.769, 0 failed
progress: 53.0 s, 16674.0 tps, lat 15.334 ms stddev 21.896, 0 failed
progress: 54.0 s, 16680.0 tps, lat 15.422 ms stddev 22.229, 0 failed
progress: 55.0 s, 16683.4 tps, lat 15.339 ms stddev 22.365, 0 failed
progress: 56.0 s, 16665.6 tps, lat 15.304 ms stddev 22.007, 0 failed
progress: 57.0 s, 16679.9 tps, lat 15.408 ms stddev 22.954, 0 failed
progress: 58.0 s, 16676.2 tps, lat 15.303 ms stddev 22.268, 0 failed
progress: 59.0 s, 16622.9 tps, lat 15.372 ms stddev 22.151, 0 failed
transaction type: star-1-left.sql
scaling factor: 1
query mode: simple
number of clients: 256
number of threads: 256
maximum number of tries: 1
duration: 60 s
number of transactions actually processed: 997859
number of failed transactions: 0 (0.000%)
latency average = 15.361 ms
latency stddev = 22.069 ms
initial connection time = 146.392 ms
tps = 16655.412938 (without initial connection time)
