pgbench (18devel, server 9.1.24)
progress: 1.0 s, 13773.1 tps, lat 1.150 ms stddev 0.402, 0 failed
progress: 2.0 s, 14182.1 tps, lat 1.128 ms stddev 0.182, 0 failed
progress: 3.0 s, 14052.0 tps, lat 1.138 ms stddev 0.214, 0 failed
progress: 4.0 s, 14052.0 tps, lat 1.139 ms stddev 0.227, 0 failed
progress: 5.0 s, 13993.9 tps, lat 1.143 ms stddev 0.209, 0 failed
progress: 6.0 s, 13848.0 tps, lat 1.155 ms stddev 0.249, 0 failed
progress: 7.0 s, 14098.0 tps, lat 1.135 ms stddev 0.200, 0 failed
progress: 8.0 s, 14271.0 tps, lat 1.121 ms stddev 0.186, 0 failed
progress: 9.0 s, 13992.0 tps, lat 1.143 ms stddev 0.231, 0 failed
progress: 10.0 s, 14260.0 tps, lat 1.122 ms stddev 0.187, 0 failed
progress: 11.0 s, 14236.0 tps, lat 1.123 ms stddev 0.193, 0 failed
progress: 12.0 s, 14265.4 tps, lat 1.122 ms stddev 0.205, 0 failed
progress: 13.0 s, 14252.6 tps, lat 1.122 ms stddev 0.195, 0 failed
progress: 14.0 s, 14301.9 tps, lat 1.118 ms stddev 0.179, 0 failed
progress: 15.0 s, 14512.1 tps, lat 1.102 ms stddev 0.163, 0 failed
progress: 16.0 s, 14216.9 tps, lat 1.125 ms stddev 0.199, 0 failed
progress: 17.0 s, 13966.0 tps, lat 1.145 ms stddev 0.216, 0 failed
progress: 18.0 s, 14014.1 tps, lat 1.141 ms stddev 0.221, 0 failed
progress: 19.0 s, 13951.0 tps, lat 1.146 ms stddev 0.217, 0 failed
progress: 20.0 s, 14107.0 tps, lat 1.134 ms stddev 0.208, 0 failed
progress: 21.0 s, 14077.0 tps, lat 1.136 ms stddev 0.216, 0 failed
progress: 22.0 s, 13970.0 tps, lat 1.145 ms stddev 0.222, 0 failed
progress: 23.0 s, 13998.5 tps, lat 1.143 ms stddev 0.234, 0 failed
progress: 24.0 s, 13908.4 tps, lat 1.150 ms stddev 0.236, 0 failed
progress: 25.0 s, 14081.5 tps, lat 1.136 ms stddev 0.212, 0 failed
progress: 26.0 s, 13890.5 tps, lat 1.151 ms stddev 0.231, 0 failed
progress: 27.0 s, 13934.5 tps, lat 1.148 ms stddev 0.224, 0 failed
progress: 28.0 s, 14014.5 tps, lat 1.141 ms stddev 0.221, 0 failed
progress: 29.0 s, 14194.3 tps, lat 1.126 ms stddev 0.190, 0 failed
progress: 30.0 s, 13762.2 tps, lat 1.162 ms stddev 0.251, 0 failed
progress: 31.0 s, 14036.5 tps, lat 1.140 ms stddev 0.208, 0 failed
progress: 32.0 s, 13941.5 tps, lat 1.147 ms stddev 0.225, 0 failed
progress: 33.0 s, 13910.8 tps, lat 1.150 ms stddev 0.232, 0 failed
progress: 34.0 s, 13927.7 tps, lat 1.148 ms stddev 0.225, 0 failed
progress: 35.0 s, 14095.5 tps, lat 1.135 ms stddev 0.205, 0 failed
progress: 36.0 s, 13952.5 tps, lat 1.147 ms stddev 0.218, 0 failed
progress: 37.0 s, 13895.4 tps, lat 1.151 ms stddev 0.239, 0 failed
progress: 38.0 s, 13962.2 tps, lat 1.146 ms stddev 0.232, 0 failed
progress: 39.0 s, 13971.9 tps, lat 1.144 ms stddev 0.210, 0 failed
progress: 40.0 s, 13856.1 tps, lat 1.154 ms stddev 0.237, 0 failed
progress: 41.0 s, 13557.0 tps, lat 1.180 ms stddev 0.280, 0 failed
progress: 42.0 s, 13401.0 tps, lat 1.193 ms stddev 0.303, 0 failed
progress: 43.0 s, 13474.9 tps, lat 1.187 ms stddev 0.282, 0 failed
progress: 44.0 s, 13864.9 tps, lat 1.153 ms stddev 0.236, 0 failed
progress: 45.0 s, 13974.7 tps, lat 1.144 ms stddev 0.215, 0 failed
progress: 46.0 s, 13919.0 tps, lat 1.149 ms stddev 0.223, 0 failed
progress: 47.0 s, 13965.4 tps, lat 1.145 ms stddev 0.229, 0 failed
progress: 48.0 s, 13846.2 tps, lat 1.155 ms stddev 0.235, 0 failed
progress: 49.0 s, 13745.5 tps, lat 1.164 ms stddev 0.249, 0 failed
progress: 50.0 s, 13794.0 tps, lat 1.159 ms stddev 0.231, 0 failed
progress: 51.0 s, 13970.4 tps, lat 1.145 ms stddev 0.217, 0 failed
progress: 52.0 s, 13823.9 tps, lat 1.157 ms stddev 0.248, 0 failed
progress: 53.0 s, 14049.2 tps, lat 1.138 ms stddev 0.214, 0 failed
progress: 54.0 s, 14031.5 tps, lat 1.140 ms stddev 0.209, 0 failed
progress: 55.0 s, 14131.0 tps, lat 1.132 ms stddev 0.200, 0 failed
progress: 56.0 s, 13979.5 tps, lat 1.144 ms stddev 0.241, 0 failed
progress: 57.0 s, 14104.8 tps, lat 1.134 ms stddev 0.220, 0 failed
progress: 58.0 s, 14139.7 tps, lat 1.131 ms stddev 0.208, 0 failed
progress: 59.0 s, 13979.2 tps, lat 1.144 ms stddev 0.218, 0 failed
transaction type: star-1.sql
scaling factor: 1
query mode: simple
number of clients: 16
number of threads: 16
maximum number of tries: 1
duration: 60 s
number of transactions actually processed: 839370
number of failed transactions: 0 (0.000%)
latency average = 1.143 ms
latency stddev = 0.227 ms
initial connection time = 15.880 ms
tps = 13992.918937 (without initial connection time)
