pgbench (18devel, server 16.4)
progress: 1.0 s, 244321.4 tps, lat 0.257 ms stddev 0.348, 0 failed
progress: 2.0 s, 258061.5 tps, lat 0.248 ms stddev 0.060, 0 failed
progress: 3.0 s, 258697.0 tps, lat 0.247 ms stddev 0.055, 0 failed
progress: 4.0 s, 253986.0 tps, lat 0.252 ms stddev 0.076, 0 failed
progress: 5.0 s, 254561.0 tps, lat 0.251 ms stddev 0.073, 0 failed
progress: 6.0 s, 253835.0 tps, lat 0.252 ms stddev 0.074, 0 failed
progress: 7.0 s, 254149.7 tps, lat 0.252 ms stddev 0.070, 0 failed
progress: 8.0 s, 254462.2 tps, lat 0.251 ms stddev 0.072, 0 failed
progress: 9.0 s, 254841.7 tps, lat 0.251 ms stddev 0.067, 0 failed
progress: 10.0 s, 254377.5 tps, lat 0.251 ms stddev 0.068, 0 failed
progress: 11.0 s, 253392.0 tps, lat 0.252 ms stddev 0.076, 0 failed
progress: 12.0 s, 253357.0 tps, lat 0.252 ms stddev 0.078, 0 failed
progress: 13.0 s, 254235.8 tps, lat 0.252 ms stddev 0.069, 0 failed
progress: 14.0 s, 253949.2 tps, lat 0.252 ms stddev 0.072, 0 failed
progress: 15.0 s, 253934.3 tps, lat 0.252 ms stddev 0.072, 0 failed
progress: 16.0 s, 253547.7 tps, lat 0.252 ms stddev 0.073, 0 failed
progress: 17.0 s, 253332.0 tps, lat 0.252 ms stddev 0.082, 0 failed
progress: 18.0 s, 253957.5 tps, lat 0.252 ms stddev 0.068, 0 failed
progress: 19.0 s, 253045.0 tps, lat 0.253 ms stddev 0.075, 0 failed
progress: 20.0 s, 252987.0 tps, lat 0.253 ms stddev 0.080, 0 failed
progress: 21.0 s, 253320.0 tps, lat 0.252 ms stddev 0.080, 0 failed
progress: 22.0 s, 252971.7 tps, lat 0.253 ms stddev 0.080, 0 failed
progress: 23.0 s, 253657.9 tps, lat 0.252 ms stddev 0.070, 0 failed
progress: 24.0 s, 253294.8 tps, lat 0.252 ms stddev 0.070, 0 failed
progress: 25.0 s, 253525.5 tps, lat 0.252 ms stddev 0.068, 0 failed
progress: 26.0 s, 253951.2 tps, lat 0.252 ms stddev 0.065, 0 failed
progress: 27.0 s, 253105.8 tps, lat 0.253 ms stddev 0.073, 0 failed
progress: 28.0 s, 252899.8 tps, lat 0.253 ms stddev 0.078, 0 failed
progress: 29.0 s, 253974.4 tps, lat 0.252 ms stddev 0.070, 0 failed
progress: 30.0 s, 253286.3 tps, lat 0.252 ms stddev 0.072, 0 failed
progress: 31.0 s, 253403.7 tps, lat 0.252 ms stddev 0.071, 0 failed
progress: 32.0 s, 252463.1 tps, lat 0.253 ms stddev 0.084, 0 failed
progress: 33.0 s, 253050.3 tps, lat 0.253 ms stddev 0.078, 0 failed
progress: 34.0 s, 251890.5 tps, lat 0.254 ms stddev 0.085, 0 failed
progress: 35.0 s, 252690.0 tps, lat 0.253 ms stddev 0.076, 0 failed
progress: 36.0 s, 252425.3 tps, lat 0.253 ms stddev 0.079, 0 failed
progress: 37.0 s, 252586.0 tps, lat 0.253 ms stddev 0.080, 0 failed
progress: 38.0 s, 252791.0 tps, lat 0.253 ms stddev 0.075, 0 failed
progress: 39.0 s, 252402.5 tps, lat 0.253 ms stddev 0.074, 0 failed
progress: 40.0 s, 252670.0 tps, lat 0.253 ms stddev 0.077, 0 failed
progress: 41.0 s, 252583.5 tps, lat 0.253 ms stddev 0.080, 0 failed
progress: 42.0 s, 252303.5 tps, lat 0.253 ms stddev 0.082, 0 failed
progress: 43.0 s, 253002.4 tps, lat 0.253 ms stddev 0.066, 0 failed
progress: 44.0 s, 252302.6 tps, lat 0.253 ms stddev 0.081, 0 failed
progress: 45.0 s, 252221.8 tps, lat 0.254 ms stddev 0.081, 0 failed
progress: 46.0 s, 252173.5 tps, lat 0.254 ms stddev 0.083, 0 failed
progress: 47.0 s, 252777.8 tps, lat 0.253 ms stddev 0.073, 0 failed
progress: 48.0 s, 252750.6 tps, lat 0.253 ms stddev 0.076, 0 failed
progress: 49.0 s, 252085.9 tps, lat 0.254 ms stddev 0.079, 0 failed
progress: 50.0 s, 251802.5 tps, lat 0.254 ms stddev 0.084, 0 failed
progress: 51.0 s, 251827.7 tps, lat 0.254 ms stddev 0.084, 0 failed
progress: 52.0 s, 251335.3 tps, lat 0.254 ms stddev 0.088, 0 failed
progress: 53.0 s, 253007.2 tps, lat 0.253 ms stddev 0.070, 0 failed
progress: 54.0 s, 252426.4 tps, lat 0.253 ms stddev 0.082, 0 failed
progress: 55.0 s, 252313.9 tps, lat 0.253 ms stddev 0.084, 0 failed
progress: 56.0 s, 253298.3 tps, lat 0.252 ms stddev 0.068, 0 failed
progress: 57.0 s, 252213.2 tps, lat 0.254 ms stddev 0.079, 0 failed
progress: 58.0 s, 252155.5 tps, lat 0.254 ms stddev 0.078, 0 failed
progress: 59.0 s, 251923.5 tps, lat 0.254 ms stddev 0.079, 0 failed
transaction type: star-1.sql
scaling factor: 1
query mode: prepared
number of clients: 64
number of threads: 64
maximum number of tries: 1
duration: 60 s
number of transactions actually processed: 15178923
number of failed transactions: 0 (0.000%)
latency average = 0.253 ms
latency stddev = 0.087 ms
initial connection time = 40.081 ms
tps = 253124.765962 (without initial connection time)
