pgbench (18devel, server 9.1.24)
progress: 1.0 s, 1563.9 tps, lat 76.562 ms stddev 49.054, 0 failed
progress: 2.0 s, 1911.0 tps, lat 67.397 ms stddev 23.417, 0 failed
progress: 3.0 s, 1835.0 tps, lat 69.222 ms stddev 21.650, 0 failed
progress: 4.0 s, 1834.0 tps, lat 69.793 ms stddev 21.887, 0 failed
progress: 5.0 s, 1840.0 tps, lat 69.976 ms stddev 22.002, 0 failed
progress: 6.0 s, 1863.0 tps, lat 69.071 ms stddev 21.519, 0 failed
progress: 7.0 s, 1844.0 tps, lat 68.961 ms stddev 21.266, 0 failed
progress: 8.0 s, 1859.0 tps, lat 68.944 ms stddev 20.909, 0 failed
progress: 9.0 s, 1853.6 tps, lat 69.072 ms stddev 22.224, 0 failed
progress: 10.0 s, 1846.4 tps, lat 68.875 ms stddev 21.459, 0 failed
progress: 11.0 s, 1857.0 tps, lat 69.342 ms stddev 21.326, 0 failed
progress: 12.0 s, 1863.9 tps, lat 69.076 ms stddev 21.411, 0 failed
progress: 13.0 s, 1838.0 tps, lat 68.932 ms stddev 21.168, 0 failed
progress: 14.0 s, 1850.1 tps, lat 69.371 ms stddev 22.390, 0 failed
progress: 15.0 s, 1858.0 tps, lat 69.056 ms stddev 21.278, 0 failed
progress: 16.0 s, 1847.0 tps, lat 69.102 ms stddev 20.852, 0 failed
progress: 17.0 s, 1860.0 tps, lat 69.341 ms stddev 21.077, 0 failed
progress: 18.0 s, 1846.0 tps, lat 69.051 ms stddev 23.724, 0 failed
progress: 19.0 s, 1862.4 tps, lat 69.144 ms stddev 22.486, 0 failed
progress: 20.0 s, 1832.3 tps, lat 69.080 ms stddev 22.858, 0 failed
progress: 21.0 s, 1840.6 tps, lat 69.488 ms stddev 21.572, 0 failed
progress: 22.0 s, 1857.5 tps, lat 69.199 ms stddev 23.291, 0 failed
progress: 23.0 s, 1855.5 tps, lat 68.998 ms stddev 22.419, 0 failed
progress: 24.0 s, 1856.0 tps, lat 69.270 ms stddev 22.881, 0 failed
progress: 25.0 s, 1832.4 tps, lat 69.275 ms stddev 22.233, 0 failed
progress: 26.0 s, 1853.0 tps, lat 69.180 ms stddev 23.004, 0 failed
progress: 27.0 s, 1847.0 tps, lat 69.358 ms stddev 23.057, 0 failed
progress: 28.0 s, 1839.0 tps, lat 69.556 ms stddev 22.136, 0 failed
progress: 29.0 s, 1844.0 tps, lat 69.224 ms stddev 21.445, 0 failed
progress: 30.0 s, 1860.0 tps, lat 69.515 ms stddev 21.192, 0 failed
progress: 31.0 s, 1831.0 tps, lat 69.164 ms stddev 22.025, 0 failed
progress: 32.0 s, 1839.9 tps, lat 69.278 ms stddev 21.511, 0 failed
progress: 33.0 s, 1870.1 tps, lat 69.486 ms stddev 22.433, 0 failed
progress: 34.0 s, 1843.5 tps, lat 69.410 ms stddev 21.373, 0 failed
progress: 35.0 s, 1846.5 tps, lat 69.269 ms stddev 22.845, 0 failed
progress: 36.0 s, 1849.0 tps, lat 69.196 ms stddev 21.757, 0 failed
progress: 37.0 s, 1835.5 tps, lat 69.353 ms stddev 21.950, 0 failed
progress: 38.0 s, 1851.5 tps, lat 69.484 ms stddev 21.861, 0 failed
progress: 39.0 s, 1835.0 tps, lat 69.589 ms stddev 21.379, 0 failed
progress: 40.0 s, 1848.0 tps, lat 69.873 ms stddev 22.732, 0 failed
progress: 41.0 s, 1834.0 tps, lat 69.227 ms stddev 23.554, 0 failed
progress: 42.0 s, 1836.0 tps, lat 68.991 ms stddev 23.381, 0 failed
progress: 43.0 s, 1855.0 tps, lat 69.357 ms stddev 22.136, 0 failed
progress: 44.0 s, 1852.0 tps, lat 69.322 ms stddev 21.796, 0 failed
progress: 45.0 s, 1841.0 tps, lat 69.171 ms stddev 21.931, 0 failed
progress: 46.0 s, 1853.4 tps, lat 69.468 ms stddev 21.583, 0 failed
progress: 47.0 s, 1845.5 tps, lat 69.373 ms stddev 22.213, 0 failed
progress: 48.0 s, 1851.5 tps, lat 69.429 ms stddev 23.241, 0 failed
progress: 49.0 s, 1844.5 tps, lat 69.492 ms stddev 22.427, 0 failed
progress: 50.0 s, 1834.5 tps, lat 69.316 ms stddev 23.287, 0 failed
progress: 51.0 s, 1844.5 tps, lat 69.153 ms stddev 22.442, 0 failed
progress: 52.0 s, 1847.0 tps, lat 69.744 ms stddev 23.286, 0 failed
progress: 53.0 s, 1834.0 tps, lat 69.137 ms stddev 22.877, 0 failed
progress: 54.0 s, 1853.5 tps, lat 69.437 ms stddev 21.167, 0 failed
progress: 55.0 s, 1841.5 tps, lat 69.518 ms stddev 22.283, 0 failed
progress: 56.0 s, 1846.0 tps, lat 69.435 ms stddev 21.578, 0 failed
progress: 57.0 s, 1844.0 tps, lat 69.220 ms stddev 23.373, 0 failed
progress: 58.0 s, 1852.0 tps, lat 69.518 ms stddev 24.253, 0 failed
progress: 59.0 s, 1832.0 tps, lat 69.246 ms stddev 21.112, 0 failed
transaction type: star-1.sql
scaling factor: 1
query mode: simple
number of clients: 128
number of threads: 128
maximum number of tries: 1
duration: 60 s
number of transactions actually processed: 110629
number of failed transactions: 0 (0.000%)
latency average = 69.369 ms
latency stddev = 22.806 ms
initial connection time = 71.012 ms
tps = 1844.461244 (without initial connection time)
