pgbench (18devel, server 9.1.24)
progress: 1.0 s, 723.9 tps, lat 21.697 ms stddev 1.854, 0 failed
progress: 2.0 s, 752.0 tps, lat 21.268 ms stddev 0.726, 0 failed
progress: 3.0 s, 750.0 tps, lat 21.220 ms stddev 0.833, 0 failed
progress: 4.0 s, 753.0 tps, lat 21.347 ms stddev 0.260, 0 failed
progress: 5.0 s, 748.0 tps, lat 21.370 ms stddev 0.187, 0 failed
progress: 6.0 s, 748.0 tps, lat 21.378 ms stddev 0.191, 0 failed
progress: 7.0 s, 753.0 tps, lat 21.336 ms stddev 0.180, 0 failed
progress: 8.0 s, 749.0 tps, lat 21.311 ms stddev 0.174, 0 failed
progress: 9.0 s, 750.0 tps, lat 21.340 ms stddev 0.201, 0 failed
progress: 10.0 s, 749.0 tps, lat 21.348 ms stddev 0.197, 0 failed
progress: 11.0 s, 749.0 tps, lat 21.341 ms stddev 0.174, 0 failed
progress: 12.0 s, 750.0 tps, lat 21.349 ms stddev 0.178, 0 failed
progress: 13.0 s, 751.0 tps, lat 21.301 ms stddev 0.170, 0 failed
progress: 14.0 s, 749.0 tps, lat 21.357 ms stddev 0.188, 0 failed
progress: 15.0 s, 749.0 tps, lat 21.365 ms stddev 0.184, 0 failed
progress: 16.0 s, 750.0 tps, lat 21.340 ms stddev 0.177, 0 failed
progress: 17.0 s, 748.0 tps, lat 21.323 ms stddev 0.181, 0 failed
progress: 18.0 s, 753.0 tps, lat 21.304 ms stddev 0.171, 0 failed
progress: 19.0 s, 751.0 tps, lat 21.338 ms stddev 0.183, 0 failed
progress: 20.0 s, 748.0 tps, lat 21.326 ms stddev 0.181, 0 failed
progress: 21.0 s, 754.0 tps, lat 21.322 ms stddev 0.185, 0 failed
progress: 22.0 s, 746.0 tps, lat 21.347 ms stddev 0.183, 0 failed
progress: 23.0 s, 751.0 tps, lat 21.334 ms stddev 0.182, 0 failed
progress: 24.0 s, 751.0 tps, lat 21.312 ms stddev 0.174, 0 failed
progress: 25.0 s, 750.0 tps, lat 21.325 ms stddev 0.175, 0 failed
progress: 26.0 s, 750.0 tps, lat 21.356 ms stddev 0.187, 0 failed
progress: 27.0 s, 748.0 tps, lat 21.339 ms stddev 0.190, 0 failed
progress: 28.0 s, 751.0 tps, lat 21.336 ms stddev 0.200, 0 failed
progress: 29.0 s, 750.0 tps, lat 21.319 ms stddev 0.190, 0 failed
progress: 30.0 s, 752.0 tps, lat 21.323 ms stddev 0.198, 0 failed
progress: 31.0 s, 747.0 tps, lat 21.327 ms stddev 0.203, 0 failed
progress: 32.0 s, 753.0 tps, lat 21.323 ms stddev 0.179, 0 failed
progress: 33.0 s, 750.0 tps, lat 21.320 ms stddev 0.178, 0 failed
progress: 34.0 s, 751.0 tps, lat 21.313 ms stddev 0.222, 0 failed
progress: 35.0 s, 749.0 tps, lat 21.332 ms stddev 0.254, 0 failed
progress: 36.0 s, 752.0 tps, lat 21.332 ms stddev 0.184, 0 failed
progress: 37.0 s, 748.0 tps, lat 21.346 ms stddev 0.196, 0 failed
progress: 38.0 s, 751.0 tps, lat 21.320 ms stddev 0.193, 0 failed
progress: 39.0 s, 750.0 tps, lat 21.321 ms stddev 0.191, 0 failed
progress: 40.0 s, 750.0 tps, lat 21.317 ms stddev 0.183, 0 failed
progress: 41.0 s, 754.0 tps, lat 21.296 ms stddev 0.181, 0 failed
progress: 42.0 s, 746.0 tps, lat 21.292 ms stddev 0.202, 0 failed
progress: 43.0 s, 753.0 tps, lat 21.322 ms stddev 0.174, 0 failed
progress: 44.0 s, 749.0 tps, lat 21.333 ms stddev 0.178, 0 failed
progress: 45.0 s, 752.0 tps, lat 21.303 ms stddev 0.198, 0 failed
progress: 46.0 s, 753.0 tps, lat 21.302 ms stddev 0.176, 0 failed
progress: 47.0 s, 750.0 tps, lat 21.278 ms stddev 0.190, 0 failed
progress: 48.0 s, 753.0 tps, lat 21.301 ms stddev 0.159, 0 failed
progress: 49.0 s, 750.0 tps, lat 21.300 ms stddev 0.181, 0 failed
progress: 50.0 s, 751.0 tps, lat 21.295 ms stddev 0.171, 0 failed
progress: 51.0 s, 753.0 tps, lat 21.273 ms stddev 0.184, 0 failed
progress: 52.0 s, 751.0 tps, lat 21.299 ms stddev 0.189, 0 failed
progress: 53.0 s, 752.0 tps, lat 21.284 ms stddev 0.175, 0 failed
progress: 54.0 s, 749.0 tps, lat 21.291 ms stddev 0.195, 0 failed
progress: 55.0 s, 751.0 tps, lat 21.276 ms stddev 0.182, 0 failed
progress: 56.0 s, 752.0 tps, lat 21.335 ms stddev 0.197, 0 failed
progress: 57.0 s, 753.0 tps, lat 21.283 ms stddev 0.182, 0 failed
progress: 58.0 s, 752.0 tps, lat 21.299 ms stddev 0.160, 0 failed
progress: 59.0 s, 750.0 tps, lat 21.292 ms stddev 0.164, 0 failed
progress: 60.0 s, 752.0 tps, lat 21.317 ms stddev 0.174, 0 failed
transaction type: star-1.sql
scaling factor: 1
query mode: simple
number of clients: 16
number of threads: 16
maximum number of tries: 1
duration: 60 s
number of transactions actually processed: 45012
number of failed transactions: 0 (0.000%)
latency average = 21.325 ms
latency stddev = 0.335 ms
initial connection time = 16.751 ms
tps = 750.162429 (without initial connection time)
