pgbench (18devel, server 12.20)
progress: 1.0 s, 150579.1 tps, lat 0.210 ms stddev 0.183, 0 failed
progress: 2.0 s, 156491.8 tps, lat 0.204 ms stddev 0.063, 0 failed
progress: 3.0 s, 155461.5 tps, lat 0.206 ms stddev 0.065, 0 failed
progress: 4.0 s, 154087.5 tps, lat 0.207 ms stddev 0.067, 0 failed
progress: 5.0 s, 156267.6 tps, lat 0.205 ms stddev 0.064, 0 failed
progress: 6.0 s, 157048.7 tps, lat 0.204 ms stddev 0.065, 0 failed
progress: 7.0 s, 156182.5 tps, lat 0.205 ms stddev 0.062, 0 failed
progress: 8.0 s, 156163.1 tps, lat 0.205 ms stddev 0.063, 0 failed
progress: 9.0 s, 157393.1 tps, lat 0.203 ms stddev 0.061, 0 failed
progress: 10.0 s, 156239.8 tps, lat 0.205 ms stddev 0.063, 0 failed
progress: 11.0 s, 157826.9 tps, lat 0.203 ms stddev 0.061, 0 failed
progress: 12.0 s, 156333.6 tps, lat 0.204 ms stddev 0.062, 0 failed
progress: 13.0 s, 153735.2 tps, lat 0.208 ms stddev 0.066, 0 failed
progress: 14.0 s, 156900.0 tps, lat 0.204 ms stddev 0.063, 0 failed
progress: 15.0 s, 157559.8 tps, lat 0.203 ms stddev 0.062, 0 failed
progress: 16.0 s, 151580.6 tps, lat 0.211 ms stddev 0.068, 0 failed
progress: 17.0 s, 157771.4 tps, lat 0.203 ms stddev 0.063, 0 failed
progress: 18.0 s, 156997.3 tps, lat 0.204 ms stddev 0.066, 0 failed
progress: 19.0 s, 157377.2 tps, lat 0.203 ms stddev 0.063, 0 failed
progress: 20.0 s, 155241.5 tps, lat 0.206 ms stddev 0.067, 0 failed
progress: 21.0 s, 159059.0 tps, lat 0.201 ms stddev 0.063, 0 failed
progress: 22.0 s, 157782.2 tps, lat 0.203 ms stddev 0.062, 0 failed
progress: 23.0 s, 158257.1 tps, lat 0.202 ms stddev 0.066, 0 failed
progress: 24.0 s, 157464.6 tps, lat 0.203 ms stddev 0.065, 0 failed
progress: 25.0 s, 156568.3 tps, lat 0.204 ms stddev 0.063, 0 failed
progress: 26.0 s, 154579.5 tps, lat 0.207 ms stddev 0.065, 0 failed
progress: 27.0 s, 156612.8 tps, lat 0.204 ms stddev 0.066, 0 failed
progress: 28.0 s, 156596.6 tps, lat 0.204 ms stddev 0.064, 0 failed
progress: 29.0 s, 157491.8 tps, lat 0.203 ms stddev 0.063, 0 failed
progress: 30.0 s, 157750.1 tps, lat 0.203 ms stddev 0.062, 0 failed
progress: 31.0 s, 157393.2 tps, lat 0.203 ms stddev 0.063, 0 failed
progress: 32.0 s, 158136.0 tps, lat 0.202 ms stddev 0.062, 0 failed
progress: 33.0 s, 156952.8 tps, lat 0.204 ms stddev 0.063, 0 failed
progress: 34.0 s, 153781.6 tps, lat 0.208 ms stddev 0.066, 0 failed
progress: 35.0 s, 155931.5 tps, lat 0.205 ms stddev 0.064, 0 failed
progress: 36.0 s, 156895.0 tps, lat 0.204 ms stddev 0.063, 0 failed
progress: 37.0 s, 155092.5 tps, lat 0.206 ms stddev 0.065, 0 failed
progress: 38.0 s, 156091.5 tps, lat 0.205 ms stddev 0.064, 0 failed
progress: 39.0 s, 155804.5 tps, lat 0.205 ms stddev 0.064, 0 failed
progress: 40.0 s, 153909.5 tps, lat 0.208 ms stddev 0.065, 0 failed
progress: 41.0 s, 155652.0 tps, lat 0.205 ms stddev 0.064, 0 failed
progress: 42.0 s, 154443.2 tps, lat 0.207 ms stddev 0.067, 0 failed
progress: 43.0 s, 154527.6 tps, lat 0.207 ms stddev 0.066, 0 failed
progress: 44.0 s, 157490.8 tps, lat 0.203 ms stddev 0.063, 0 failed
progress: 45.0 s, 156201.6 tps, lat 0.205 ms stddev 0.064, 0 failed
progress: 46.0 s, 155815.4 tps, lat 0.205 ms stddev 0.065, 0 failed
progress: 47.0 s, 155237.2 tps, lat 0.206 ms stddev 0.064, 0 failed
progress: 48.0 s, 155203.2 tps, lat 0.206 ms stddev 0.066, 0 failed
progress: 49.0 s, 154885.0 tps, lat 0.206 ms stddev 0.067, 0 failed
progress: 50.0 s, 157202.0 tps, lat 0.203 ms stddev 0.064, 0 failed
progress: 51.0 s, 154698.7 tps, lat 0.207 ms stddev 0.067, 0 failed
progress: 52.0 s, 154904.1 tps, lat 0.206 ms stddev 0.066, 0 failed
progress: 53.0 s, 155740.5 tps, lat 0.205 ms stddev 0.064, 0 failed
progress: 54.0 s, 153600.0 tps, lat 0.208 ms stddev 0.067, 0 failed
progress: 55.0 s, 157006.0 tps, lat 0.204 ms stddev 0.064, 0 failed
progress: 56.0 s, 155154.5 tps, lat 0.206 ms stddev 0.065, 0 failed
progress: 57.0 s, 154269.0 tps, lat 0.207 ms stddev 0.066, 0 failed
progress: 58.0 s, 156334.2 tps, lat 0.204 ms stddev 0.064, 0 failed
progress: 59.0 s, 155579.7 tps, lat 0.205 ms stddev 0.065, 0 failed
transaction type: star-1.sql
scaling factor: 1
query mode: prepared
number of clients: 32
number of threads: 32
maximum number of tries: 1
duration: 60 s
number of transactions actually processed: 9357159
number of failed transactions: 0 (0.000%)
latency average = 0.205 ms
latency stddev = 0.068 ms
initial connection time = 22.506 ms
tps = 156008.859992 (without initial connection time)
