pgbench (18devel, server 14.13)
progress: 1.0 s, 193586.5 tps, lat 0.164 ms stddev 0.188, 0 failed
progress: 2.0 s, 208053.4 tps, lat 0.154 ms stddev 0.021, 0 failed
progress: 3.0 s, 211967.2 tps, lat 0.151 ms stddev 0.017, 0 failed
progress: 4.0 s, 210814.8 tps, lat 0.152 ms stddev 0.017, 0 failed
progress: 5.0 s, 212332.9 tps, lat 0.151 ms stddev 0.021, 0 failed
progress: 6.0 s, 211992.2 tps, lat 0.151 ms stddev 0.022, 0 failed
progress: 7.0 s, 212371.6 tps, lat 0.151 ms stddev 0.015, 0 failed
progress: 8.0 s, 210660.4 tps, lat 0.152 ms stddev 0.015, 0 failed
progress: 9.0 s, 210767.5 tps, lat 0.152 ms stddev 0.015, 0 failed
progress: 10.0 s, 211034.5 tps, lat 0.151 ms stddev 0.016, 0 failed
progress: 11.0 s, 212329.7 tps, lat 0.151 ms stddev 0.016, 0 failed
progress: 12.0 s, 211580.7 tps, lat 0.151 ms stddev 0.017, 0 failed
progress: 13.0 s, 211187.3 tps, lat 0.151 ms stddev 0.016, 0 failed
progress: 14.0 s, 211552.2 tps, lat 0.151 ms stddev 0.015, 0 failed
progress: 15.0 s, 209264.4 tps, lat 0.153 ms stddev 0.022, 0 failed
progress: 16.0 s, 209169.9 tps, lat 0.153 ms stddev 0.018, 0 failed
progress: 17.0 s, 211989.8 tps, lat 0.151 ms stddev 0.016, 0 failed
progress: 18.0 s, 213455.9 tps, lat 0.150 ms stddev 0.015, 0 failed
progress: 19.0 s, 211604.9 tps, lat 0.151 ms stddev 0.015, 0 failed
progress: 20.0 s, 209546.2 tps, lat 0.153 ms stddev 0.017, 0 failed
progress: 21.0 s, 210147.9 tps, lat 0.152 ms stddev 0.017, 0 failed
progress: 22.0 s, 210589.8 tps, lat 0.152 ms stddev 0.017, 0 failed
progress: 23.0 s, 211843.2 tps, lat 0.151 ms stddev 0.020, 0 failed
progress: 24.0 s, 210040.7 tps, lat 0.152 ms stddev 0.015, 0 failed
progress: 25.0 s, 210686.4 tps, lat 0.152 ms stddev 0.016, 0 failed
progress: 26.0 s, 213494.6 tps, lat 0.150 ms stddev 0.016, 0 failed
progress: 27.0 s, 210424.4 tps, lat 0.152 ms stddev 0.017, 0 failed
progress: 28.0 s, 213698.0 tps, lat 0.150 ms stddev 0.015, 0 failed
progress: 29.0 s, 211735.9 tps, lat 0.151 ms stddev 0.016, 0 failed
progress: 30.0 s, 213267.1 tps, lat 0.150 ms stddev 0.014, 0 failed
progress: 31.0 s, 209383.6 tps, lat 0.153 ms stddev 0.024, 0 failed
progress: 32.0 s, 211394.2 tps, lat 0.151 ms stddev 0.017, 0 failed
progress: 33.0 s, 210484.5 tps, lat 0.152 ms stddev 0.016, 0 failed
progress: 34.0 s, 213533.9 tps, lat 0.150 ms stddev 0.020, 0 failed
progress: 35.0 s, 211269.4 tps, lat 0.151 ms stddev 0.021, 0 failed
progress: 36.0 s, 212225.4 tps, lat 0.151 ms stddev 0.015, 0 failed
progress: 37.0 s, 211543.8 tps, lat 0.151 ms stddev 0.016, 0 failed
progress: 38.0 s, 213032.6 tps, lat 0.150 ms stddev 0.015, 0 failed
progress: 39.0 s, 214084.4 tps, lat 0.149 ms stddev 0.015, 0 failed
progress: 40.0 s, 208633.6 tps, lat 0.153 ms stddev 0.019, 0 failed
progress: 41.0 s, 211607.3 tps, lat 0.151 ms stddev 0.015, 0 failed
progress: 42.0 s, 211391.0 tps, lat 0.151 ms stddev 0.016, 0 failed
progress: 43.0 s, 210445.9 tps, lat 0.152 ms stddev 0.015, 0 failed
progress: 44.0 s, 209420.9 tps, lat 0.153 ms stddev 0.019, 0 failed
progress: 45.0 s, 211463.7 tps, lat 0.151 ms stddev 0.014, 0 failed
progress: 46.0 s, 211035.9 tps, lat 0.151 ms stddev 0.015, 0 failed
progress: 47.0 s, 209287.7 tps, lat 0.153 ms stddev 0.020, 0 failed
progress: 48.0 s, 209940.9 tps, lat 0.152 ms stddev 0.016, 0 failed
progress: 49.0 s, 210278.5 tps, lat 0.152 ms stddev 0.021, 0 failed
progress: 50.0 s, 211301.7 tps, lat 0.151 ms stddev 0.016, 0 failed
progress: 51.0 s, 211149.0 tps, lat 0.151 ms stddev 0.017, 0 failed
progress: 52.0 s, 213434.6 tps, lat 0.150 ms stddev 0.014, 0 failed
progress: 53.0 s, 211786.4 tps, lat 0.151 ms stddev 0.016, 0 failed
progress: 54.0 s, 215593.1 tps, lat 0.148 ms stddev 0.012, 0 failed
progress: 55.0 s, 210815.2 tps, lat 0.152 ms stddev 0.026, 0 failed
progress: 56.0 s, 215160.2 tps, lat 0.149 ms stddev 0.013, 0 failed
progress: 57.0 s, 210593.5 tps, lat 0.152 ms stddev 0.016, 0 failed
progress: 58.0 s, 210112.8 tps, lat 0.152 ms stddev 0.017, 0 failed
progress: 59.0 s, 209390.0 tps, lat 0.153 ms stddev 0.024, 0 failed
transaction type: star-1-left.sql
scaling factor: 1
query mode: prepared
number of clients: 32
number of threads: 32
maximum number of tries: 1
duration: 60 s
number of transactions actually processed: 12662291
number of failed transactions: 0 (0.000%)
latency average = 0.151 ms
latency stddev = 0.029 ms
initial connection time = 22.477 ms
tps = 211115.416390 (without initial connection time)
