pgbench (18devel, server 9.5.25)
progress: 1.0 s, 9078.4 tps, lat 1.751 ms stddev 0.331, 0 failed
progress: 2.0 s, 9231.0 tps, lat 1.733 ms stddev 0.103, 0 failed
progress: 3.0 s, 9238.0 tps, lat 1.732 ms stddev 0.092, 0 failed
progress: 4.0 s, 9244.8 tps, lat 1.730 ms stddev 0.111, 0 failed
progress: 5.0 s, 9251.1 tps, lat 1.729 ms stddev 0.118, 0 failed
progress: 6.0 s, 9362.0 tps, lat 1.709 ms stddev 0.093, 0 failed
progress: 7.0 s, 9268.0 tps, lat 1.725 ms stddev 0.106, 0 failed
progress: 8.0 s, 9308.0 tps, lat 1.718 ms stddev 0.077, 0 failed
progress: 9.0 s, 9283.0 tps, lat 1.724 ms stddev 0.156, 0 failed
progress: 10.0 s, 9256.0 tps, lat 1.727 ms stddev 0.095, 0 failed
progress: 11.0 s, 9215.0 tps, lat 1.736 ms stddev 0.119, 0 failed
progress: 12.0 s, 9225.0 tps, lat 1.734 ms stddev 0.100, 0 failed
progress: 13.0 s, 9263.0 tps, lat 1.727 ms stddev 0.082, 0 failed
progress: 14.0 s, 9218.9 tps, lat 1.734 ms stddev 0.121, 0 failed
progress: 15.0 s, 9252.1 tps, lat 1.729 ms stddev 0.103, 0 failed
progress: 16.0 s, 9243.0 tps, lat 1.731 ms stddev 0.089, 0 failed
progress: 17.0 s, 9237.9 tps, lat 1.731 ms stddev 0.107, 0 failed
progress: 18.0 s, 9223.1 tps, lat 1.734 ms stddev 0.091, 0 failed
progress: 19.0 s, 9253.0 tps, lat 1.728 ms stddev 0.102, 0 failed
progress: 20.0 s, 9260.9 tps, lat 1.727 ms stddev 0.090, 0 failed
progress: 21.0 s, 9288.1 tps, lat 1.723 ms stddev 0.086, 0 failed
progress: 22.0 s, 9201.0 tps, lat 1.738 ms stddev 0.122, 0 failed
progress: 23.0 s, 9271.0 tps, lat 1.726 ms stddev 0.092, 0 failed
progress: 24.0 s, 9245.0 tps, lat 1.730 ms stddev 0.085, 0 failed
progress: 25.0 s, 9247.1 tps, lat 1.730 ms stddev 0.093, 0 failed
progress: 26.0 s, 9235.6 tps, lat 1.732 ms stddev 0.119, 0 failed
progress: 27.0 s, 9247.1 tps, lat 1.730 ms stddev 0.100, 0 failed
progress: 28.0 s, 9257.1 tps, lat 1.728 ms stddev 0.096, 0 failed
progress: 29.0 s, 9206.1 tps, lat 1.737 ms stddev 0.120, 0 failed
progress: 30.0 s, 9253.0 tps, lat 1.729 ms stddev 0.099, 0 failed
progress: 31.0 s, 9203.0 tps, lat 1.737 ms stddev 0.146, 0 failed
progress: 32.0 s, 9247.0 tps, lat 1.730 ms stddev 0.111, 0 failed
progress: 33.0 s, 9261.0 tps, lat 1.728 ms stddev 0.095, 0 failed
progress: 34.0 s, 9261.0 tps, lat 1.727 ms stddev 0.108, 0 failed
progress: 35.0 s, 9256.0 tps, lat 1.728 ms stddev 0.107, 0 failed
progress: 36.0 s, 9251.0 tps, lat 1.729 ms stddev 0.108, 0 failed
progress: 37.0 s, 9255.0 tps, lat 1.729 ms stddev 0.104, 0 failed
progress: 38.0 s, 9235.0 tps, lat 1.732 ms stddev 0.118, 0 failed
progress: 39.0 s, 9249.0 tps, lat 1.730 ms stddev 0.105, 0 failed
progress: 40.0 s, 9230.0 tps, lat 1.732 ms stddev 0.127, 0 failed
progress: 41.0 s, 9230.0 tps, lat 1.733 ms stddev 0.090, 0 failed
progress: 42.0 s, 9222.0 tps, lat 1.734 ms stddev 0.140, 0 failed
progress: 43.0 s, 9199.0 tps, lat 1.740 ms stddev 0.136, 0 failed
progress: 44.0 s, 9246.0 tps, lat 1.730 ms stddev 0.102, 0 failed
progress: 45.0 s, 9232.0 tps, lat 1.732 ms stddev 0.105, 0 failed
progress: 46.0 s, 9236.0 tps, lat 1.733 ms stddev 0.112, 0 failed
progress: 47.0 s, 9208.0 tps, lat 1.736 ms stddev 0.120, 0 failed
progress: 48.0 s, 9248.0 tps, lat 1.730 ms stddev 0.083, 0 failed
progress: 49.0 s, 9272.0 tps, lat 1.725 ms stddev 0.090, 0 failed
progress: 50.0 s, 9209.8 tps, lat 1.736 ms stddev 0.149, 0 failed
progress: 51.0 s, 9281.3 tps, lat 1.723 ms stddev 0.090, 0 failed
progress: 52.0 s, 9219.0 tps, lat 1.736 ms stddev 0.118, 0 failed
progress: 53.0 s, 9201.0 tps, lat 1.738 ms stddev 0.124, 0 failed
progress: 54.0 s, 9248.0 tps, lat 1.730 ms stddev 0.109, 0 failed
progress: 55.0 s, 9232.0 tps, lat 1.733 ms stddev 0.106, 0 failed
progress: 56.0 s, 9227.0 tps, lat 1.733 ms stddev 0.100, 0 failed
progress: 57.0 s, 9260.0 tps, lat 1.727 ms stddev 0.086, 0 failed
progress: 58.0 s, 9244.0 tps, lat 1.730 ms stddev 0.084, 0 failed
progress: 59.0 s, 9251.0 tps, lat 1.729 ms stddev 0.107, 0 failed
transaction type: star-1.sql
scaling factor: 1
query mode: simple
number of clients: 16
number of threads: 16
maximum number of tries: 1
duration: 60 s
number of transactions actually processed: 554480
number of failed transactions: 0 (0.000%)
latency average = 1.730 ms
latency stddev = 0.114 ms
initial connection time = 12.470 ms
tps = 9243.000154 (without initial connection time)
