pgbench (18devel, server 9.5.25)
progress: 1.0 s, 22166.5 tps, lat 10.872 ms stddev 15.574, 0 failed
progress: 2.0 s, 24792.9 tps, lat 10.321 ms stddev 10.887, 0 failed
progress: 3.0 s, 23987.4 tps, lat 10.662 ms stddev 11.655, 0 failed
progress: 4.0 s, 23649.7 tps, lat 10.823 ms stddev 11.528, 0 failed
progress: 5.0 s, 23809.0 tps, lat 10.777 ms stddev 11.458, 0 failed
progress: 6.0 s, 23858.1 tps, lat 10.720 ms stddev 11.396, 0 failed
progress: 7.0 s, 23716.0 tps, lat 10.785 ms stddev 11.763, 0 failed
progress: 8.0 s, 23827.8 tps, lat 10.733 ms stddev 12.046, 0 failed
progress: 9.0 s, 23828.1 tps, lat 10.771 ms stddev 12.253, 0 failed
progress: 10.0 s, 23816.0 tps, lat 10.717 ms stddev 12.259, 0 failed
progress: 11.0 s, 23802.4 tps, lat 10.760 ms stddev 11.998, 0 failed
progress: 12.0 s, 23934.7 tps, lat 10.711 ms stddev 12.119, 0 failed
progress: 13.0 s, 23898.0 tps, lat 10.693 ms stddev 12.091, 0 failed
progress: 14.0 s, 23999.9 tps, lat 10.668 ms stddev 12.328, 0 failed
progress: 15.0 s, 23944.6 tps, lat 10.704 ms stddev 12.231, 0 failed
progress: 16.0 s, 23919.4 tps, lat 10.701 ms stddev 11.922, 0 failed
progress: 17.0 s, 23835.6 tps, lat 10.720 ms stddev 12.267, 0 failed
progress: 18.0 s, 23960.4 tps, lat 10.668 ms stddev 12.307, 0 failed
progress: 19.0 s, 24016.0 tps, lat 10.694 ms stddev 12.488, 0 failed
progress: 20.0 s, 23883.1 tps, lat 10.699 ms stddev 12.240, 0 failed
progress: 21.0 s, 23955.9 tps, lat 10.671 ms stddev 11.979, 0 failed
progress: 22.0 s, 23926.2 tps, lat 10.724 ms stddev 12.404, 0 failed
progress: 23.0 s, 23900.7 tps, lat 10.702 ms stddev 12.440, 0 failed
progress: 24.0 s, 23957.8 tps, lat 10.696 ms stddev 12.229, 0 failed
progress: 25.0 s, 23984.4 tps, lat 10.674 ms stddev 12.184, 0 failed
progress: 26.0 s, 23967.4 tps, lat 10.674 ms stddev 12.198, 0 failed
progress: 27.0 s, 23936.6 tps, lat 10.701 ms stddev 12.335, 0 failed
progress: 28.0 s, 23903.1 tps, lat 10.706 ms stddev 12.150, 0 failed
progress: 29.0 s, 23958.8 tps, lat 10.677 ms stddev 12.165, 0 failed
progress: 30.0 s, 23854.2 tps, lat 10.729 ms stddev 12.328, 0 failed
progress: 31.0 s, 23940.0 tps, lat 10.698 ms stddev 12.190, 0 failed
progress: 32.0 s, 23955.2 tps, lat 10.709 ms stddev 12.237, 0 failed
progress: 33.0 s, 23986.9 tps, lat 10.653 ms stddev 12.238, 0 failed
progress: 34.0 s, 23948.0 tps, lat 10.694 ms stddev 12.290, 0 failed
progress: 35.0 s, 23939.9 tps, lat 10.673 ms stddev 12.373, 0 failed
progress: 36.0 s, 23909.0 tps, lat 10.707 ms stddev 12.148, 0 failed
progress: 37.0 s, 23885.9 tps, lat 10.736 ms stddev 12.197, 0 failed
progress: 38.0 s, 23899.1 tps, lat 10.733 ms stddev 12.373, 0 failed
progress: 39.0 s, 23900.0 tps, lat 10.691 ms stddev 12.152, 0 failed
progress: 40.0 s, 23949.0 tps, lat 10.678 ms stddev 12.042, 0 failed
progress: 41.0 s, 23956.2 tps, lat 10.700 ms stddev 12.243, 0 failed
progress: 42.0 s, 23916.7 tps, lat 10.701 ms stddev 11.997, 0 failed
progress: 43.0 s, 23873.1 tps, lat 10.702 ms stddev 12.264, 0 failed
progress: 44.0 s, 23925.0 tps, lat 10.720 ms stddev 12.236, 0 failed
progress: 45.0 s, 23938.9 tps, lat 10.689 ms stddev 12.083, 0 failed
progress: 46.0 s, 23903.4 tps, lat 10.726 ms stddev 12.354, 0 failed
progress: 47.0 s, 23923.8 tps, lat 10.667 ms stddev 12.241, 0 failed
progress: 48.0 s, 23957.0 tps, lat 10.703 ms stddev 12.385, 0 failed
progress: 49.0 s, 23951.2 tps, lat 10.695 ms stddev 12.365, 0 failed
progress: 50.0 s, 23968.7 tps, lat 10.673 ms stddev 12.202, 0 failed
progress: 51.0 s, 23947.1 tps, lat 10.682 ms stddev 12.250, 0 failed
progress: 52.0 s, 23936.0 tps, lat 10.692 ms stddev 12.086, 0 failed
progress: 53.0 s, 23978.9 tps, lat 10.690 ms stddev 12.086, 0 failed
progress: 54.0 s, 23944.0 tps, lat 10.691 ms stddev 12.216, 0 failed
progress: 55.0 s, 23921.9 tps, lat 10.711 ms stddev 12.230, 0 failed
progress: 56.0 s, 23920.2 tps, lat 10.667 ms stddev 12.147, 0 failed
progress: 57.0 s, 23976.8 tps, lat 10.696 ms stddev 12.384, 0 failed
progress: 58.0 s, 23955.2 tps, lat 10.683 ms stddev 12.160, 0 failed
progress: 59.0 s, 23946.8 tps, lat 10.666 ms stddev 12.213, 0 failed
transaction type: star-1.sql
scaling factor: 1
query mode: simple
number of clients: 256
number of threads: 256
maximum number of tries: 1
duration: 60 s
number of transactions actually processed: 1431930
number of failed transactions: 0 (0.000%)
latency average = 10.705 ms
latency stddev = 12.213 ms
initial connection time = 146.778 ms
tps = 23899.730788 (without initial connection time)
