pgbench (18devel, server 8.2.23)
progress: 1.0 s, 1616.9 tps, lat 74.594 ms stddev 58.494, 0 failed
progress: 2.0 s, 2015.0 tps, lat 63.368 ms stddev 20.714, 0 failed
progress: 3.0 s, 2000.0 tps, lat 63.911 ms stddev 20.849, 0 failed
progress: 4.0 s, 1958.5 tps, lat 65.487 ms stddev 20.658, 0 failed
progress: 5.0 s, 1967.5 tps, lat 65.001 ms stddev 21.258, 0 failed
progress: 6.0 s, 1979.0 tps, lat 64.637 ms stddev 20.527, 0 failed
progress: 7.0 s, 1982.0 tps, lat 64.578 ms stddev 19.638, 0 failed
progress: 8.0 s, 1979.0 tps, lat 64.666 ms stddev 20.620, 0 failed
progress: 9.0 s, 1973.1 tps, lat 64.444 ms stddev 20.263, 0 failed
progress: 10.0 s, 1978.9 tps, lat 65.240 ms stddev 20.442, 0 failed
progress: 11.0 s, 1972.5 tps, lat 64.707 ms stddev 20.181, 0 failed
progress: 12.0 s, 1978.5 tps, lat 64.824 ms stddev 20.739, 0 failed
progress: 13.0 s, 1975.5 tps, lat 64.632 ms stddev 19.891, 0 failed
progress: 14.0 s, 1967.5 tps, lat 64.994 ms stddev 21.028, 0 failed
progress: 15.0 s, 1973.2 tps, lat 64.817 ms stddev 20.676, 0 failed
progress: 16.0 s, 1983.8 tps, lat 64.835 ms stddev 20.475, 0 failed
progress: 17.0 s, 1974.0 tps, lat 64.913 ms stddev 20.931, 0 failed
progress: 18.0 s, 1966.0 tps, lat 64.842 ms stddev 20.275, 0 failed
progress: 19.0 s, 1967.0 tps, lat 65.085 ms stddev 20.743, 0 failed
progress: 20.0 s, 1973.0 tps, lat 64.931 ms stddev 21.268, 0 failed
progress: 21.0 s, 1968.0 tps, lat 65.075 ms stddev 20.768, 0 failed
progress: 22.0 s, 1966.0 tps, lat 65.193 ms stddev 20.695, 0 failed
progress: 23.0 s, 1960.0 tps, lat 65.238 ms stddev 21.335, 0 failed
progress: 24.0 s, 1961.0 tps, lat 65.414 ms stddev 20.329, 0 failed
progress: 25.0 s, 1960.0 tps, lat 65.207 ms stddev 21.280, 0 failed
progress: 26.0 s, 1962.5 tps, lat 65.063 ms stddev 20.903, 0 failed
progress: 27.0 s, 1967.5 tps, lat 65.185 ms stddev 20.349, 0 failed
progress: 28.0 s, 1965.0 tps, lat 65.054 ms stddev 20.833, 0 failed
progress: 29.0 s, 1956.0 tps, lat 65.177 ms stddev 21.426, 0 failed
progress: 30.0 s, 1976.0 tps, lat 65.095 ms stddev 21.423, 0 failed
progress: 31.0 s, 1954.0 tps, lat 65.300 ms stddev 20.251, 0 failed
progress: 32.0 s, 1966.0 tps, lat 65.238 ms stddev 20.306, 0 failed
progress: 33.0 s, 1973.9 tps, lat 64.933 ms stddev 20.335, 0 failed
progress: 34.0 s, 1957.1 tps, lat 65.293 ms stddev 20.914, 0 failed
progress: 35.0 s, 1979.0 tps, lat 64.996 ms stddev 20.222, 0 failed
progress: 36.0 s, 1953.0 tps, lat 65.111 ms stddev 20.775, 0 failed
progress: 37.0 s, 1964.0 tps, lat 65.279 ms stddev 20.439, 0 failed
progress: 38.0 s, 1963.0 tps, lat 65.118 ms stddev 20.493, 0 failed
progress: 39.0 s, 1968.0 tps, lat 65.267 ms stddev 20.490, 0 failed
progress: 40.0 s, 1958.0 tps, lat 65.410 ms stddev 20.866, 0 failed
progress: 41.0 s, 1957.0 tps, lat 65.481 ms stddev 20.943, 0 failed
progress: 42.0 s, 1947.0 tps, lat 65.474 ms stddev 20.656, 0 failed
progress: 43.0 s, 1963.0 tps, lat 65.393 ms stddev 20.459, 0 failed
progress: 44.0 s, 1950.0 tps, lat 65.608 ms stddev 20.529, 0 failed
progress: 45.0 s, 1952.9 tps, lat 65.510 ms stddev 20.935, 0 failed
progress: 46.0 s, 1958.0 tps, lat 65.464 ms stddev 20.969, 0 failed
progress: 47.0 s, 1953.0 tps, lat 65.450 ms stddev 20.848, 0 failed
progress: 48.0 s, 1961.0 tps, lat 65.206 ms stddev 20.410, 0 failed
progress: 49.0 s, 1969.0 tps, lat 65.153 ms stddev 20.847, 0 failed
progress: 50.0 s, 1954.6 tps, lat 65.288 ms stddev 20.920, 0 failed
progress: 51.0 s, 1963.4 tps, lat 65.348 ms stddev 20.271, 0 failed
progress: 52.0 s, 1956.0 tps, lat 65.289 ms stddev 20.242, 0 failed
progress: 53.0 s, 1955.9 tps, lat 65.242 ms stddev 20.176, 0 failed
progress: 54.0 s, 1964.1 tps, lat 65.144 ms stddev 20.348, 0 failed
progress: 55.0 s, 1967.0 tps, lat 65.355 ms stddev 20.358, 0 failed
progress: 56.0 s, 1959.0 tps, lat 65.312 ms stddev 20.667, 0 failed
progress: 57.0 s, 1958.9 tps, lat 65.303 ms stddev 20.928, 0 failed
progress: 58.0 s, 1956.7 tps, lat 65.454 ms stddev 21.164, 0 failed
progress: 59.0 s, 1955.4 tps, lat 65.218 ms stddev 21.421, 0 failed
transaction type: star-1.sql
scaling factor: 1
query mode: simple
number of clients: 128
number of threads: 128
maximum number of tries: 1
duration: 60 s
number of transactions actually processed: 117662
number of failed transactions: 0 (0.000%)
latency average = 65.218 ms
latency stddev = 21.675 ms
initial connection time = 75.978 ms
tps = 1961.939651 (without initial connection time)
