pgbench (18devel, server 8.2.23)
progress: 1.0 s, 788.9 tps, lat 20.021 ms stddev 3.449, 0 failed
progress: 2.0 s, 805.0 tps, lat 19.822 ms stddev 3.369, 0 failed
progress: 3.0 s, 792.0 tps, lat 20.138 ms stddev 4.455, 0 failed
progress: 4.0 s, 799.0 tps, lat 20.091 ms stddev 4.349, 0 failed
progress: 5.0 s, 831.0 tps, lat 19.239 ms stddev 0.205, 0 failed
progress: 6.0 s, 833.0 tps, lat 19.245 ms stddev 0.207, 0 failed
progress: 7.0 s, 832.0 tps, lat 19.232 ms stddev 0.184, 0 failed
progress: 8.0 s, 831.0 tps, lat 19.227 ms stddev 0.162, 0 failed
progress: 9.0 s, 833.0 tps, lat 19.231 ms stddev 0.163, 0 failed
progress: 10.0 s, 834.0 tps, lat 19.227 ms stddev 0.181, 0 failed
progress: 11.0 s, 829.0 tps, lat 19.205 ms stddev 0.166, 0 failed
progress: 12.0 s, 834.0 tps, lat 19.225 ms stddev 0.157, 0 failed
progress: 13.0 s, 833.0 tps, lat 19.220 ms stddev 0.161, 0 failed
progress: 14.0 s, 830.0 tps, lat 19.226 ms stddev 0.152, 0 failed
progress: 15.0 s, 836.0 tps, lat 19.218 ms stddev 0.174, 0 failed
progress: 16.0 s, 829.0 tps, lat 19.237 ms stddev 0.229, 0 failed
progress: 17.0 s, 832.0 tps, lat 19.207 ms stddev 0.191, 0 failed
progress: 18.0 s, 832.0 tps, lat 19.234 ms stddev 0.225, 0 failed
progress: 19.0 s, 833.0 tps, lat 19.224 ms stddev 0.206, 0 failed
progress: 20.0 s, 832.0 tps, lat 19.238 ms stddev 0.241, 0 failed
progress: 21.0 s, 834.0 tps, lat 19.219 ms stddev 0.229, 0 failed
progress: 22.0 s, 831.0 tps, lat 19.240 ms stddev 0.257, 0 failed
progress: 23.0 s, 830.0 tps, lat 19.254 ms stddev 0.268, 0 failed
progress: 24.0 s, 833.0 tps, lat 19.246 ms stddev 0.204, 0 failed
progress: 25.0 s, 828.0 tps, lat 19.257 ms stddev 0.208, 0 failed
progress: 26.0 s, 832.0 tps, lat 19.229 ms stddev 0.187, 0 failed
progress: 27.0 s, 834.0 tps, lat 19.211 ms stddev 0.197, 0 failed
progress: 28.0 s, 833.0 tps, lat 19.216 ms stddev 0.199, 0 failed
progress: 29.0 s, 833.0 tps, lat 19.218 ms stddev 0.229, 0 failed
progress: 30.0 s, 832.0 tps, lat 19.221 ms stddev 0.216, 0 failed
progress: 31.0 s, 834.0 tps, lat 19.209 ms stddev 0.211, 0 failed
progress: 32.0 s, 831.0 tps, lat 19.213 ms stddev 0.192, 0 failed
progress: 33.0 s, 833.0 tps, lat 19.210 ms stddev 0.218, 0 failed
progress: 34.0 s, 833.0 tps, lat 19.209 ms stddev 0.199, 0 failed
progress: 35.0 s, 832.0 tps, lat 19.203 ms stddev 0.191, 0 failed
progress: 36.0 s, 834.0 tps, lat 19.191 ms stddev 0.165, 0 failed
progress: 37.0 s, 833.0 tps, lat 19.212 ms stddev 0.238, 0 failed
progress: 38.0 s, 833.0 tps, lat 19.203 ms stddev 0.191, 0 failed
progress: 39.0 s, 834.0 tps, lat 19.209 ms stddev 0.204, 0 failed
progress: 40.0 s, 832.0 tps, lat 19.198 ms stddev 0.179, 0 failed
progress: 41.0 s, 834.0 tps, lat 19.214 ms stddev 0.219, 0 failed
progress: 42.0 s, 833.0 tps, lat 19.207 ms stddev 0.187, 0 failed
progress: 43.0 s, 832.0 tps, lat 19.217 ms stddev 0.248, 0 failed
progress: 44.0 s, 832.0 tps, lat 19.200 ms stddev 0.201, 0 failed
progress: 45.0 s, 835.0 tps, lat 19.206 ms stddev 0.204, 0 failed
progress: 46.0 s, 833.0 tps, lat 19.222 ms stddev 0.224, 0 failed
progress: 47.0 s, 832.0 tps, lat 19.228 ms stddev 0.238, 0 failed
progress: 48.0 s, 833.0 tps, lat 19.225 ms stddev 0.175, 0 failed
progress: 49.0 s, 832.0 tps, lat 19.222 ms stddev 0.186, 0 failed
progress: 50.0 s, 831.0 tps, lat 19.217 ms stddev 0.187, 0 failed
progress: 51.0 s, 833.0 tps, lat 19.212 ms stddev 0.205, 0 failed
progress: 52.0 s, 833.0 tps, lat 19.221 ms stddev 0.182, 0 failed
progress: 53.0 s, 833.0 tps, lat 19.219 ms stddev 0.174, 0 failed
progress: 54.0 s, 831.0 tps, lat 19.223 ms stddev 0.206, 0 failed
progress: 55.0 s, 831.0 tps, lat 19.219 ms stddev 0.246, 0 failed
progress: 56.0 s, 835.0 tps, lat 19.215 ms stddev 0.182, 0 failed
progress: 57.0 s, 832.0 tps, lat 19.214 ms stddev 0.209, 0 failed
progress: 58.0 s, 834.0 tps, lat 19.223 ms stddev 0.196, 0 failed
progress: 59.0 s, 831.0 tps, lat 19.190 ms stddev 0.188, 0 failed
transaction type: star-1.sql
scaling factor: 1
query mode: simple
number of clients: 16
number of threads: 16
maximum number of tries: 1
duration: 60 s
number of transactions actually processed: 49812
number of failed transactions: 0 (0.000%)
latency average = 19.271 ms
latency stddev = 1.034 ms
initial connection time = 11.377 ms
tps = 830.100305 (without initial connection time)
