pgbench (18devel, server 15.8)
progress: 1.0 s, 102047.4 tps, lat 0.156 ms stddev 0.627, 0 failed
progress: 2.0 s, 121386.2 tps, lat 0.132 ms stddev 0.007, 0 failed
progress: 3.0 s, 121455.5 tps, lat 0.132 ms stddev 0.008, 0 failed
progress: 4.0 s, 122351.0 tps, lat 0.131 ms stddev 0.007, 0 failed
progress: 5.0 s, 124482.0 tps, lat 0.128 ms stddev 0.005, 0 failed
progress: 6.0 s, 124337.6 tps, lat 0.129 ms stddev 0.005, 0 failed
progress: 7.0 s, 124326.4 tps, lat 0.129 ms stddev 0.005, 0 failed
progress: 8.0 s, 124234.1 tps, lat 0.129 ms stddev 0.005, 0 failed
progress: 9.0 s, 124222.3 tps, lat 0.129 ms stddev 0.006, 0 failed
progress: 10.0 s, 123671.5 tps, lat 0.129 ms stddev 0.007, 0 failed
progress: 11.0 s, 124055.0 tps, lat 0.129 ms stddev 0.006, 0 failed
progress: 12.0 s, 124329.3 tps, lat 0.129 ms stddev 0.006, 0 failed
progress: 13.0 s, 123492.7 tps, lat 0.129 ms stddev 0.010, 0 failed
progress: 14.0 s, 124255.5 tps, lat 0.129 ms stddev 0.006, 0 failed
progress: 15.0 s, 123125.5 tps, lat 0.130 ms stddev 0.010, 0 failed
progress: 16.0 s, 122925.4 tps, lat 0.130 ms stddev 0.014, 0 failed
progress: 17.0 s, 122277.5 tps, lat 0.131 ms stddev 0.012, 0 failed
progress: 18.0 s, 124091.6 tps, lat 0.129 ms stddev 0.006, 0 failed
progress: 19.0 s, 123661.3 tps, lat 0.129 ms stddev 0.007, 0 failed
progress: 20.0 s, 123559.7 tps, lat 0.129 ms stddev 0.006, 0 failed
progress: 21.0 s, 124569.6 tps, lat 0.128 ms stddev 0.014, 0 failed
progress: 22.0 s, 124307.3 tps, lat 0.129 ms stddev 0.006, 0 failed
progress: 23.0 s, 125138.6 tps, lat 0.128 ms stddev 0.005, 0 failed
progress: 24.0 s, 124748.5 tps, lat 0.128 ms stddev 0.005, 0 failed
progress: 25.0 s, 124911.6 tps, lat 0.128 ms stddev 0.005, 0 failed
progress: 26.0 s, 124584.9 tps, lat 0.128 ms stddev 0.005, 0 failed
progress: 27.0 s, 123981.2 tps, lat 0.129 ms stddev 0.005, 0 failed
progress: 28.0 s, 123178.9 tps, lat 0.130 ms stddev 0.006, 0 failed
progress: 29.0 s, 123165.6 tps, lat 0.130 ms stddev 0.006, 0 failed
progress: 30.0 s, 122173.3 tps, lat 0.131 ms stddev 0.006, 0 failed
progress: 31.0 s, 123044.9 tps, lat 0.130 ms stddev 0.006, 0 failed
progress: 32.0 s, 121243.5 tps, lat 0.132 ms stddev 0.006, 0 failed
progress: 33.0 s, 121864.7 tps, lat 0.131 ms stddev 0.006, 0 failed
progress: 34.0 s, 122277.0 tps, lat 0.131 ms stddev 0.007, 0 failed
progress: 35.0 s, 122040.9 tps, lat 0.131 ms stddev 0.007, 0 failed
progress: 36.0 s, 122106.4 tps, lat 0.131 ms stddev 0.007, 0 failed
progress: 37.0 s, 122419.9 tps, lat 0.131 ms stddev 0.006, 0 failed
progress: 38.0 s, 123274.7 tps, lat 0.130 ms stddev 0.006, 0 failed
progress: 39.0 s, 123054.0 tps, lat 0.130 ms stddev 0.006, 0 failed
progress: 40.0 s, 122919.6 tps, lat 0.130 ms stddev 0.006, 0 failed
progress: 41.0 s, 123182.5 tps, lat 0.130 ms stddev 0.007, 0 failed
progress: 42.0 s, 123388.5 tps, lat 0.130 ms stddev 0.006, 0 failed
progress: 43.0 s, 123297.4 tps, lat 0.130 ms stddev 0.006, 0 failed
progress: 44.0 s, 124769.0 tps, lat 0.128 ms stddev 0.005, 0 failed
progress: 45.0 s, 125032.4 tps, lat 0.128 ms stddev 0.005, 0 failed
progress: 46.0 s, 125173.0 tps, lat 0.128 ms stddev 0.005, 0 failed
progress: 47.0 s, 125091.9 tps, lat 0.128 ms stddev 0.005, 0 failed
progress: 48.0 s, 124018.7 tps, lat 0.129 ms stddev 0.006, 0 failed
progress: 49.0 s, 123300.8 tps, lat 0.130 ms stddev 0.011, 0 failed
progress: 50.0 s, 124188.4 tps, lat 0.129 ms stddev 0.010, 0 failed
progress: 51.0 s, 125032.0 tps, lat 0.128 ms stddev 0.005, 0 failed
progress: 52.0 s, 124914.9 tps, lat 0.128 ms stddev 0.005, 0 failed
progress: 53.0 s, 124621.6 tps, lat 0.128 ms stddev 0.005, 0 failed
progress: 54.0 s, 124465.4 tps, lat 0.128 ms stddev 0.006, 0 failed
progress: 55.0 s, 124319.0 tps, lat 0.129 ms stddev 0.008, 0 failed
progress: 56.0 s, 124718.7 tps, lat 0.128 ms stddev 0.006, 0 failed
progress: 57.0 s, 123780.7 tps, lat 0.129 ms stddev 0.006, 0 failed
progress: 58.0 s, 124568.6 tps, lat 0.128 ms stddev 0.005, 0 failed
progress: 59.0 s, 124338.9 tps, lat 0.129 ms stddev 0.005, 0 failed
transaction type: star-1.sql
scaling factor: 1
query mode: prepared
number of clients: 16
number of threads: 16
maximum number of tries: 1
duration: 60 s
number of transactions actually processed: 7399454
number of failed transactions: 0 (0.000%)
latency average = 0.130 ms
latency stddev = 0.074 ms
initial connection time = 12.042 ms
tps = 123348.397284 (without initial connection time)
