pgbench (18devel, server 13.16)
progress: 1.0 s, 1604.9 tps, lat 19.552 ms stddev 5.573, 0 failed
progress: 2.0 s, 1722.0 tps, lat 18.591 ms stddev 4.246, 0 failed
progress: 3.0 s, 1790.0 tps, lat 17.896 ms stddev 2.994, 0 failed
progress: 4.0 s, 1858.0 tps, lat 17.233 ms stddev 0.396, 0 failed
progress: 5.0 s, 1849.0 tps, lat 17.307 ms stddev 1.084, 0 failed
progress: 6.0 s, 1856.0 tps, lat 17.237 ms stddev 0.289, 0 failed
progress: 7.0 s, 1858.0 tps, lat 17.228 ms stddev 0.281, 0 failed
progress: 8.0 s, 1859.0 tps, lat 17.213 ms stddev 0.269, 0 failed
progress: 9.0 s, 1859.0 tps, lat 17.209 ms stddev 0.309, 0 failed
progress: 10.0 s, 1861.0 tps, lat 17.200 ms stddev 0.250, 0 failed
progress: 11.0 s, 1847.0 tps, lat 17.247 ms stddev 0.271, 0 failed
progress: 12.0 s, 1844.0 tps, lat 17.414 ms stddev 1.323, 0 failed
progress: 13.0 s, 1851.0 tps, lat 17.317 ms stddev 0.612, 0 failed
progress: 14.0 s, 1842.0 tps, lat 17.292 ms stddev 0.272, 0 failed
progress: 15.0 s, 1860.0 tps, lat 17.283 ms stddev 0.290, 0 failed
progress: 16.0 s, 1857.1 tps, lat 17.264 ms stddev 0.276, 0 failed
progress: 17.0 s, 1835.0 tps, lat 17.387 ms stddev 1.315, 0 failed
progress: 18.0 s, 1851.0 tps, lat 17.268 ms stddev 0.265, 0 failed
progress: 19.0 s, 1853.9 tps, lat 17.265 ms stddev 0.295, 0 failed
progress: 20.0 s, 1857.0 tps, lat 17.269 ms stddev 0.282, 0 failed
progress: 21.0 s, 1856.0 tps, lat 17.230 ms stddev 0.279, 0 failed
progress: 22.0 s, 1857.0 tps, lat 17.216 ms stddev 0.285, 0 failed
progress: 23.0 s, 1856.0 tps, lat 17.213 ms stddev 0.280, 0 failed
progress: 24.0 s, 1853.0 tps, lat 17.277 ms stddev 1.101, 0 failed
progress: 25.0 s, 1862.1 tps, lat 17.209 ms stddev 0.262, 0 failed
progress: 26.0 s, 1861.0 tps, lat 17.210 ms stddev 0.275, 0 failed
progress: 27.0 s, 1857.0 tps, lat 17.210 ms stddev 0.281, 0 failed
progress: 28.0 s, 1862.0 tps, lat 17.197 ms stddev 0.259, 0 failed
progress: 29.0 s, 1856.0 tps, lat 17.240 ms stddev 0.903, 0 failed
progress: 30.0 s, 1860.0 tps, lat 17.258 ms stddev 0.261, 0 failed
progress: 31.0 s, 1853.0 tps, lat 17.275 ms stddev 0.212, 0 failed
progress: 32.0 s, 1849.0 tps, lat 17.277 ms stddev 0.270, 0 failed
progress: 33.0 s, 1845.9 tps, lat 17.256 ms stddev 0.278, 0 failed
progress: 34.0 s, 1850.0 tps, lat 17.323 ms stddev 0.983, 0 failed
progress: 35.0 s, 1858.0 tps, lat 17.238 ms stddev 0.297, 0 failed
progress: 36.0 s, 1859.0 tps, lat 17.223 ms stddev 0.300, 0 failed
progress: 37.0 s, 1859.0 tps, lat 17.213 ms stddev 0.277, 0 failed
progress: 38.0 s, 1859.0 tps, lat 17.199 ms stddev 0.266, 0 failed
progress: 39.0 s, 1853.0 tps, lat 17.277 ms stddev 1.072, 0 failed
progress: 40.0 s, 1862.0 tps, lat 17.197 ms stddev 0.261, 0 failed
progress: 41.0 s, 1854.0 tps, lat 17.228 ms stddev 0.296, 0 failed
progress: 42.0 s, 1860.0 tps, lat 17.218 ms stddev 0.264, 0 failed
progress: 43.0 s, 1860.0 tps, lat 17.212 ms stddev 0.270, 0 failed
progress: 44.0 s, 1859.0 tps, lat 17.205 ms stddev 0.276, 0 failed
progress: 45.0 s, 1857.0 tps, lat 17.204 ms stddev 0.283, 0 failed
progress: 46.0 s, 1854.9 tps, lat 17.223 ms stddev 0.277, 0 failed
progress: 47.0 s, 1862.1 tps, lat 17.247 ms stddev 0.254, 0 failed
progress: 48.0 s, 1856.0 tps, lat 17.251 ms stddev 0.253, 0 failed
progress: 49.0 s, 1849.0 tps, lat 17.295 ms stddev 0.262, 0 failed
progress: 50.0 s, 1845.0 tps, lat 17.266 ms stddev 0.263, 0 failed
progress: 51.0 s, 1847.9 tps, lat 17.325 ms stddev 1.096, 0 failed
progress: 52.0 s, 1859.1 tps, lat 17.301 ms stddev 0.244, 0 failed
progress: 53.0 s, 1844.0 tps, lat 17.347 ms stddev 1.175, 0 failed
progress: 54.0 s, 1856.0 tps, lat 17.254 ms stddev 0.244, 0 failed
progress: 55.0 s, 1840.0 tps, lat 17.270 ms stddev 0.281, 0 failed
progress: 56.0 s, 1853.0 tps, lat 17.334 ms stddev 1.099, 0 failed
progress: 57.0 s, 1847.1 tps, lat 17.330 ms stddev 1.192, 0 failed
progress: 58.0 s, 1853.9 tps, lat 17.258 ms stddev 0.308, 0 failed
progress: 59.0 s, 1846.0 tps, lat 17.323 ms stddev 1.158, 0 failed
transaction type: star-1.sql
scaling factor: 1
query mode: simple
number of clients: 32
number of threads: 32
maximum number of tries: 1
duration: 60 s
number of transactions actually processed: 110820
number of failed transactions: 0 (0.000%)
latency average = 17.322 ms
latency stddev = 1.141 ms
initial connection time = 20.661 ms
tps = 1847.114029 (without initial connection time)
