pgbench (18devel, server 13.16)
progress: 1.0 s, 59327.4 tps, lat 2.099 ms stddev 7.678, 0 failed
progress: 2.0 s, 87837.0 tps, lat 1.457 ms stddev 1.576, 0 failed
progress: 3.0 s, 90600.4 tps, lat 1.412 ms stddev 1.495, 0 failed
progress: 4.0 s, 88064.6 tps, lat 1.454 ms stddev 1.569, 0 failed
progress: 5.0 s, 88660.4 tps, lat 1.443 ms stddev 1.559, 0 failed
progress: 6.0 s, 89444.9 tps, lat 1.431 ms stddev 1.544, 0 failed
progress: 7.0 s, 89982.7 tps, lat 1.422 ms stddev 1.510, 0 failed
progress: 8.0 s, 88306.4 tps, lat 1.450 ms stddev 1.574, 0 failed
progress: 9.0 s, 87588.7 tps, lat 1.461 ms stddev 1.589, 0 failed
progress: 10.0 s, 88285.9 tps, lat 1.450 ms stddev 1.571, 0 failed
progress: 11.0 s, 90341.1 tps, lat 1.417 ms stddev 1.507, 0 failed
progress: 12.0 s, 87540.3 tps, lat 1.462 ms stddev 1.592, 0 failed
progress: 13.0 s, 88349.9 tps, lat 1.448 ms stddev 1.577, 0 failed
progress: 14.0 s, 90670.1 tps, lat 1.411 ms stddev 1.499, 0 failed
progress: 15.0 s, 90387.0 tps, lat 1.416 ms stddev 1.512, 0 failed
progress: 16.0 s, 88398.4 tps, lat 1.447 ms stddev 1.573, 0 failed
progress: 17.0 s, 88102.4 tps, lat 1.453 ms stddev 1.585, 0 failed
progress: 18.0 s, 88036.0 tps, lat 1.454 ms stddev 1.581, 0 failed
progress: 19.0 s, 90341.9 tps, lat 1.416 ms stddev 1.509, 0 failed
progress: 20.0 s, 87301.3 tps, lat 1.466 ms stddev 1.608, 0 failed
progress: 21.0 s, 87578.5 tps, lat 1.461 ms stddev 1.603, 0 failed
progress: 22.0 s, 88088.2 tps, lat 1.452 ms stddev 1.583, 0 failed
progress: 23.0 s, 90058.9 tps, lat 1.421 ms stddev 1.516, 0 failed
progress: 24.0 s, 86608.1 tps, lat 1.478 ms stddev 1.623, 0 failed
progress: 25.0 s, 88268.3 tps, lat 1.449 ms stddev 1.576, 0 failed
progress: 26.0 s, 88054.7 tps, lat 1.454 ms stddev 1.583, 0 failed
progress: 27.0 s, 90240.4 tps, lat 1.418 ms stddev 1.532, 0 failed
progress: 28.0 s, 88176.6 tps, lat 1.452 ms stddev 1.590, 0 failed
progress: 29.0 s, 87915.8 tps, lat 1.455 ms stddev 1.589, 0 failed
progress: 30.0 s, 87899.7 tps, lat 1.456 ms stddev 1.579, 0 failed
progress: 31.0 s, 90109.4 tps, lat 1.420 ms stddev 1.517, 0 failed
progress: 32.0 s, 87910.2 tps, lat 1.455 ms stddev 1.588, 0 failed
progress: 33.0 s, 88261.2 tps, lat 1.451 ms stddev 1.582, 0 failed
progress: 34.0 s, 87527.6 tps, lat 1.462 ms stddev 1.598, 0 failed
progress: 35.0 s, 90488.5 tps, lat 1.414 ms stddev 1.515, 0 failed
progress: 36.0 s, 87593.0 tps, lat 1.461 ms stddev 1.606, 0 failed
progress: 37.0 s, 87247.9 tps, lat 1.467 ms stddev 1.599, 0 failed
progress: 38.0 s, 87696.9 tps, lat 1.459 ms stddev 1.598, 0 failed
progress: 39.0 s, 90107.6 tps, lat 1.421 ms stddev 1.523, 0 failed
progress: 40.0 s, 87792.1 tps, lat 1.457 ms stddev 1.595, 0 failed
progress: 41.0 s, 87235.4 tps, lat 1.468 ms stddev 1.611, 0 failed
progress: 42.0 s, 88005.1 tps, lat 1.454 ms stddev 1.574, 0 failed
progress: 43.0 s, 90527.2 tps, lat 1.413 ms stddev 1.506, 0 failed
progress: 44.0 s, 87365.8 tps, lat 1.465 ms stddev 1.599, 0 failed
progress: 45.0 s, 87586.0 tps, lat 1.461 ms stddev 1.602, 0 failed
progress: 46.0 s, 87581.9 tps, lat 1.461 ms stddev 1.598, 0 failed
progress: 47.0 s, 90125.2 tps, lat 1.420 ms stddev 1.522, 0 failed
progress: 48.0 s, 88433.9 tps, lat 1.447 ms stddev 1.585, 0 failed
progress: 49.0 s, 87623.0 tps, lat 1.460 ms stddev 1.598, 0 failed
progress: 50.0 s, 87094.8 tps, lat 1.470 ms stddev 1.606, 0 failed
progress: 51.0 s, 89545.1 tps, lat 1.429 ms stddev 1.533, 0 failed
progress: 52.0 s, 88525.2 tps, lat 1.445 ms stddev 1.574, 0 failed
progress: 53.0 s, 88046.9 tps, lat 1.454 ms stddev 1.585, 0 failed
progress: 54.0 s, 87825.0 tps, lat 1.458 ms stddev 1.593, 0 failed
progress: 55.0 s, 90211.1 tps, lat 1.418 ms stddev 1.526, 0 failed
progress: 56.0 s, 87839.9 tps, lat 1.457 ms stddev 1.591, 0 failed
progress: 57.0 s, 87950.9 tps, lat 1.455 ms stddev 1.595, 0 failed
progress: 58.0 s, 87606.6 tps, lat 1.460 ms stddev 1.589, 0 failed
progress: 59.0 s, 90181.6 tps, lat 1.419 ms stddev 1.518, 0 failed
transaction type: star-1.sql
scaling factor: 1
query mode: prepared
number of clients: 128
number of threads: 128
maximum number of tries: 1
duration: 60 s
number of transactions actually processed: 5278943
number of failed transactions: 0 (0.000%)
latency average = 1.453 ms
latency stddev = 1.762 ms
initial connection time = 73.412 ms
tps = 88034.427820 (without initial connection time)
