pgbench (18devel, server 13.16)
progress: 1.0 s, 26303.5 tps, lat 9.202 ms stddev 38.218, 0 failed
progress: 2.0 s, 78711.9 tps, lat 3.253 ms stddev 3.643, 0 failed
progress: 3.0 s, 80644.9 tps, lat 3.173 ms stddev 3.488, 0 failed
progress: 4.0 s, 79134.0 tps, lat 3.234 ms stddev 3.626, 0 failed
progress: 5.0 s, 79680.0 tps, lat 3.212 ms stddev 3.596, 0 failed
progress: 6.0 s, 80133.9 tps, lat 3.197 ms stddev 3.589, 0 failed
progress: 7.0 s, 81713.9 tps, lat 3.134 ms stddev 3.469, 0 failed
progress: 8.0 s, 79130.8 tps, lat 3.231 ms stddev 3.643, 0 failed
progress: 9.0 s, 77976.3 tps, lat 3.283 ms stddev 3.710, 0 failed
progress: 10.0 s, 78950.2 tps, lat 3.243 ms stddev 3.639, 0 failed
progress: 11.0 s, 80425.2 tps, lat 3.185 ms stddev 3.575, 0 failed
progress: 12.0 s, 79038.9 tps, lat 3.236 ms stddev 3.672, 0 failed
progress: 13.0 s, 77703.7 tps, lat 3.294 ms stddev 3.674, 0 failed
progress: 14.0 s, 79679.9 tps, lat 3.212 ms stddev 3.607, 0 failed
progress: 15.0 s, 80613.3 tps, lat 3.178 ms stddev 3.543, 0 failed
progress: 16.0 s, 78419.2 tps, lat 3.263 ms stddev 3.717, 0 failed
progress: 17.0 s, 78653.6 tps, lat 3.254 ms stddev 3.674, 0 failed
progress: 18.0 s, 78496.1 tps, lat 3.261 ms stddev 3.712, 0 failed
progress: 19.0 s, 80725.7 tps, lat 3.173 ms stddev 3.541, 0 failed
progress: 20.0 s, 78833.3 tps, lat 3.246 ms stddev 3.681, 0 failed
progress: 21.0 s, 78006.7 tps, lat 3.283 ms stddev 3.723, 0 failed
progress: 22.0 s, 78409.3 tps, lat 3.264 ms stddev 3.704, 0 failed
progress: 23.0 s, 79914.2 tps, lat 3.204 ms stddev 3.595, 0 failed
progress: 24.0 s, 78437.9 tps, lat 3.262 ms stddev 3.722, 0 failed
progress: 25.0 s, 78280.9 tps, lat 3.268 ms stddev 3.723, 0 failed
progress: 26.0 s, 79326.1 tps, lat 3.229 ms stddev 3.674, 0 failed
progress: 27.0 s, 80550.3 tps, lat 3.179 ms stddev 3.528, 0 failed
progress: 28.0 s, 79339.8 tps, lat 3.225 ms stddev 3.653, 0 failed
progress: 29.0 s, 78385.6 tps, lat 3.265 ms stddev 3.692, 0 failed
progress: 30.0 s, 77581.0 tps, lat 3.298 ms stddev 3.764, 0 failed
progress: 31.0 s, 79869.2 tps, lat 3.208 ms stddev 3.580, 0 failed
progress: 32.0 s, 78172.8 tps, lat 3.272 ms stddev 3.729, 0 failed
progress: 33.0 s, 78549.4 tps, lat 3.261 ms stddev 3.701, 0 failed
progress: 34.0 s, 79505.0 tps, lat 3.218 ms stddev 3.639, 0 failed
progress: 35.0 s, 81133.8 tps, lat 3.156 ms stddev 3.523, 0 failed
progress: 36.0 s, 79160.2 tps, lat 3.232 ms stddev 3.695, 0 failed
progress: 37.0 s, 78246.8 tps, lat 3.273 ms stddev 3.732, 0 failed
progress: 38.0 s, 78578.1 tps, lat 3.255 ms stddev 3.690, 0 failed
progress: 39.0 s, 80442.9 tps, lat 3.184 ms stddev 3.581, 0 failed
progress: 40.0 s, 78630.0 tps, lat 3.253 ms stddev 3.702, 0 failed
progress: 41.0 s, 78907.3 tps, lat 3.246 ms stddev 3.697, 0 failed
progress: 42.0 s, 78612.8 tps, lat 3.257 ms stddev 3.712, 0 failed
progress: 43.0 s, 81061.9 tps, lat 3.159 ms stddev 3.527, 0 failed
progress: 44.0 s, 78771.1 tps, lat 3.247 ms stddev 3.684, 0 failed
progress: 45.0 s, 78452.5 tps, lat 3.262 ms stddev 3.705, 0 failed
progress: 46.0 s, 77904.2 tps, lat 3.285 ms stddev 3.718, 0 failed
progress: 47.0 s, 80339.1 tps, lat 3.188 ms stddev 3.557, 0 failed
progress: 48.0 s, 79058.0 tps, lat 3.235 ms stddev 3.688, 0 failed
progress: 49.0 s, 79344.2 tps, lat 3.229 ms stddev 3.677, 0 failed
progress: 50.0 s, 79178.0 tps, lat 3.233 ms stddev 3.676, 0 failed
progress: 51.0 s, 79594.2 tps, lat 3.216 ms stddev 3.607, 0 failed
progress: 52.0 s, 78853.1 tps, lat 3.244 ms stddev 3.689, 0 failed
progress: 53.0 s, 78353.7 tps, lat 3.269 ms stddev 3.723, 0 failed
progress: 54.0 s, 78891.4 tps, lat 3.243 ms stddev 3.686, 0 failed
progress: 55.0 s, 80510.7 tps, lat 3.181 ms stddev 3.567, 0 failed
progress: 56.0 s, 79147.2 tps, lat 3.234 ms stddev 3.656, 0 failed
progress: 57.0 s, 78836.8 tps, lat 3.247 ms stddev 3.696, 0 failed
progress: 58.0 s, 78069.0 tps, lat 3.279 ms stddev 3.732, 0 failed
progress: 59.0 s, 79983.2 tps, lat 3.202 ms stddev 3.588, 0 failed
transaction type: star-1.sql
scaling factor: 1
query mode: prepared
number of clients: 256
number of threads: 256
maximum number of tries: 1
duration: 60 s
number of transactions actually processed: 4691300
number of failed transactions: 0 (0.000%)
latency average = 3.267 ms
latency stddev = 4.660 ms
initial connection time = 148.931 ms
tps = 78286.905681 (without initial connection time)
