pgbench (18devel, server 14.13)
progress: 1.0 s, 1653.7 tps, lat 123.487 ms stddev 156.221, 0 failed
progress: 2.0 s, 1942.7 tps, lat 141.303 ms stddev 102.461, 0 failed
progress: 3.0 s, 1936.6 tps, lat 133.328 ms stddev 34.931, 0 failed
progress: 4.0 s, 1913.0 tps, lat 132.002 ms stddev 39.624, 0 failed
progress: 5.0 s, 1990.9 tps, lat 129.805 ms stddev 51.260, 0 failed
progress: 6.0 s, 1940.0 tps, lat 131.745 ms stddev 45.997, 0 failed
progress: 7.0 s, 1964.1 tps, lat 130.991 ms stddev 40.350, 0 failed
progress: 8.0 s, 1984.8 tps, lat 128.538 ms stddev 41.081, 0 failed
progress: 9.0 s, 1953.1 tps, lat 131.386 ms stddev 41.316, 0 failed
progress: 10.0 s, 1989.9 tps, lat 128.972 ms stddev 40.249, 0 failed
progress: 11.0 s, 1936.2 tps, lat 132.004 ms stddev 38.219, 0 failed
progress: 12.0 s, 1974.9 tps, lat 129.248 ms stddev 31.565, 0 failed
progress: 13.0 s, 1951.5 tps, lat 128.140 ms stddev 55.301, 0 failed
progress: 14.0 s, 1967.6 tps, lat 134.157 ms stddev 54.849, 0 failed
progress: 15.0 s, 1958.9 tps, lat 130.105 ms stddev 28.744, 0 failed
progress: 16.0 s, 1984.0 tps, lat 128.046 ms stddev 48.302, 0 failed
progress: 17.0 s, 1948.1 tps, lat 132.196 ms stddev 36.321, 0 failed
progress: 18.0 s, 1975.0 tps, lat 126.976 ms stddev 48.703, 0 failed
progress: 19.0 s, 1977.1 tps, lat 133.018 ms stddev 50.428, 0 failed
progress: 20.0 s, 1964.8 tps, lat 130.154 ms stddev 45.402, 0 failed
progress: 21.0 s, 1947.1 tps, lat 130.823 ms stddev 30.281, 0 failed
progress: 22.0 s, 1950.1 tps, lat 130.282 ms stddev 48.603, 0 failed
progress: 23.0 s, 1968.9 tps, lat 130.237 ms stddev 48.994, 0 failed
progress: 24.0 s, 1963.1 tps, lat 130.946 ms stddev 35.313, 0 failed
progress: 25.0 s, 1955.0 tps, lat 131.328 ms stddev 41.517, 0 failed
progress: 26.0 s, 1942.0 tps, lat 131.385 ms stddev 37.243, 0 failed
progress: 27.0 s, 1941.9 tps, lat 130.949 ms stddev 33.389, 0 failed
progress: 28.0 s, 1942.1 tps, lat 132.043 ms stddev 49.341, 0 failed
progress: 29.0 s, 1951.0 tps, lat 132.210 ms stddev 31.333, 0 failed
progress: 30.0 s, 1927.0 tps, lat 131.896 ms stddev 47.888, 0 failed
progress: 31.0 s, 1939.8 tps, lat 132.113 ms stddev 41.974, 0 failed
progress: 32.0 s, 1894.0 tps, lat 134.998 ms stddev 36.786, 0 failed
progress: 33.0 s, 1904.9 tps, lat 133.526 ms stddev 29.777, 0 failed
progress: 34.0 s, 1934.3 tps, lat 133.924 ms stddev 46.089, 0 failed
progress: 35.0 s, 1917.0 tps, lat 133.442 ms stddev 42.158, 0 failed
progress: 36.0 s, 1912.2 tps, lat 133.440 ms stddev 44.001, 0 failed
progress: 37.0 s, 1922.8 tps, lat 132.168 ms stddev 40.329, 0 failed
progress: 38.0 s, 1943.9 tps, lat 132.694 ms stddev 36.990, 0 failed
progress: 39.0 s, 1948.0 tps, lat 132.250 ms stddev 31.625, 0 failed
progress: 40.0 s, 1936.1 tps, lat 131.465 ms stddev 41.039, 0 failed
progress: 41.0 s, 1955.9 tps, lat 131.102 ms stddev 41.663, 0 failed
progress: 42.0 s, 1948.8 tps, lat 130.270 ms stddev 36.605, 0 failed
progress: 43.0 s, 1936.2 tps, lat 132.016 ms stddev 36.321, 0 failed
progress: 44.0 s, 1976.0 tps, lat 130.719 ms stddev 34.960, 0 failed
progress: 45.0 s, 1950.9 tps, lat 132.103 ms stddev 39.729, 0 failed
progress: 46.0 s, 1969.2 tps, lat 130.709 ms stddev 33.783, 0 failed
progress: 47.0 s, 1943.8 tps, lat 130.186 ms stddev 41.757, 0 failed
progress: 48.0 s, 1947.9 tps, lat 130.447 ms stddev 45.814, 0 failed
progress: 49.0 s, 1950.1 tps, lat 132.192 ms stddev 34.045, 0 failed
progress: 50.0 s, 1958.1 tps, lat 130.575 ms stddev 39.152, 0 failed
progress: 51.0 s, 1970.9 tps, lat 130.281 ms stddev 36.727, 0 failed
progress: 52.0 s, 1951.1 tps, lat 129.657 ms stddev 51.253, 0 failed
progress: 53.0 s, 1941.9 tps, lat 132.476 ms stddev 34.055, 0 failed
progress: 54.0 s, 1976.1 tps, lat 131.172 ms stddev 40.398, 0 failed
progress: 55.0 s, 1920.0 tps, lat 130.107 ms stddev 50.676, 0 failed
progress: 56.0 s, 1947.9 tps, lat 133.366 ms stddev 39.338, 0 failed
progress: 57.0 s, 1961.0 tps, lat 131.563 ms stddev 43.098, 0 failed
progress: 58.0 s, 1941.2 tps, lat 131.171 ms stddev 33.671, 0 failed
progress: 59.0 s, 1965.9 tps, lat 128.732 ms stddev 45.751, 0 failed
transaction type: star-1.sql
scaling factor: 1
query mode: simple
number of clients: 256
number of threads: 256
maximum number of tries: 1
duration: 60 s
number of transactions actually processed: 116755
number of failed transactions: 0 (0.000%)
latency average = 131.326 ms
latency stddev = 46.738 ms
initial connection time = 158.593 ms
tps = 1947.912108 (without initial connection time)
