pgbench (18devel, server 14.13)
progress: 1.0 s, 1499.9 tps, lat 20.971 ms stddev 5.249, 0 failed
progress: 2.0 s, 1668.0 tps, lat 19.188 ms stddev 0.295, 0 failed
progress: 3.0 s, 1664.0 tps, lat 19.191 ms stddev 0.306, 0 failed
progress: 4.0 s, 1672.0 tps, lat 19.170 ms stddev 0.279, 0 failed
progress: 5.0 s, 1664.0 tps, lat 19.162 ms stddev 0.257, 0 failed
progress: 6.0 s, 1673.0 tps, lat 19.169 ms stddev 0.257, 0 failed
progress: 7.0 s, 1665.0 tps, lat 19.182 ms stddev 0.268, 0 failed
progress: 8.0 s, 1671.1 tps, lat 19.197 ms stddev 0.242, 0 failed
progress: 9.0 s, 1661.1 tps, lat 19.195 ms stddev 0.238, 0 failed
progress: 10.0 s, 1669.9 tps, lat 19.197 ms stddev 0.246, 0 failed
progress: 11.0 s, 1664.0 tps, lat 19.209 ms stddev 0.252, 0 failed
progress: 12.0 s, 1670.1 tps, lat 19.194 ms stddev 0.217, 0 failed
progress: 13.0 s, 1650.0 tps, lat 19.358 ms stddev 1.744, 0 failed
progress: 14.0 s, 1618.0 tps, lat 19.764 ms stddev 3.234, 0 failed
progress: 15.0 s, 1620.0 tps, lat 19.766 ms stddev 3.221, 0 failed
progress: 16.0 s, 1620.0 tps, lat 19.776 ms stddev 3.213, 0 failed
progress: 17.0 s, 1623.0 tps, lat 19.747 ms stddev 3.160, 0 failed
progress: 18.0 s, 1621.0 tps, lat 19.725 ms stddev 3.161, 0 failed
progress: 19.0 s, 1620.0 tps, lat 19.735 ms stddev 3.183, 0 failed
progress: 20.0 s, 1625.0 tps, lat 19.742 ms stddev 3.271, 0 failed
progress: 21.0 s, 1620.0 tps, lat 19.750 ms stddev 3.261, 0 failed
progress: 22.0 s, 1621.0 tps, lat 19.742 ms stddev 3.238, 0 failed
progress: 23.0 s, 1621.0 tps, lat 19.752 ms stddev 3.178, 0 failed
progress: 24.0 s, 1616.0 tps, lat 19.741 ms stddev 3.172, 0 failed
progress: 25.0 s, 1620.0 tps, lat 19.738 ms stddev 3.172, 0 failed
progress: 26.0 s, 1621.0 tps, lat 19.722 ms stddev 3.168, 0 failed
progress: 27.0 s, 1619.0 tps, lat 19.761 ms stddev 3.221, 0 failed
progress: 28.0 s, 1624.0 tps, lat 19.743 ms stddev 3.157, 0 failed
progress: 29.0 s, 1626.0 tps, lat 19.718 ms stddev 3.103, 0 failed
progress: 30.0 s, 1672.0 tps, lat 19.148 ms stddev 0.229, 0 failed
progress: 31.0 s, 1666.0 tps, lat 19.168 ms stddev 0.281, 0 failed
progress: 32.0 s, 1673.0 tps, lat 19.166 ms stddev 0.231, 0 failed
progress: 33.0 s, 1671.0 tps, lat 19.159 ms stddev 0.227, 0 failed
progress: 34.0 s, 1670.0 tps, lat 19.135 ms stddev 0.221, 0 failed
progress: 35.0 s, 1674.0 tps, lat 19.148 ms stddev 0.248, 0 failed
progress: 36.0 s, 1669.1 tps, lat 19.145 ms stddev 0.253, 0 failed
progress: 37.0 s, 1669.9 tps, lat 19.142 ms stddev 0.235, 0 failed
progress: 38.0 s, 1672.0 tps, lat 19.165 ms stddev 0.228, 0 failed
progress: 39.0 s, 1665.0 tps, lat 19.188 ms stddev 0.232, 0 failed
progress: 40.0 s, 1670.0 tps, lat 19.181 ms stddev 0.256, 0 failed
progress: 41.0 s, 1625.0 tps, lat 19.651 ms stddev 2.945, 0 failed
progress: 42.0 s, 1624.0 tps, lat 19.716 ms stddev 3.203, 0 failed
progress: 43.0 s, 1617.0 tps, lat 19.752 ms stddev 3.263, 0 failed
progress: 44.0 s, 1623.0 tps, lat 19.746 ms stddev 3.276, 0 failed
progress: 45.0 s, 1597.0 tps, lat 20.011 ms stddev 3.879, 0 failed
progress: 46.0 s, 1571.0 tps, lat 20.392 ms stddev 4.622, 0 failed
progress: 47.0 s, 1569.0 tps, lat 20.391 ms stddev 4.629, 0 failed
progress: 48.0 s, 1574.0 tps, lat 20.365 ms stddev 4.588, 0 failed
progress: 49.0 s, 1624.0 tps, lat 19.714 ms stddev 3.120, 0 failed
progress: 50.0 s, 1663.0 tps, lat 19.208 ms stddev 1.158, 0 failed
progress: 51.0 s, 1624.0 tps, lat 19.732 ms stddev 3.263, 0 failed
progress: 52.0 s, 1666.0 tps, lat 19.233 ms stddev 0.948, 0 failed
progress: 53.0 s, 1671.0 tps, lat 19.175 ms stddev 0.227, 0 failed
progress: 54.0 s, 1667.0 tps, lat 19.173 ms stddev 0.203, 0 failed
progress: 55.0 s, 1639.0 tps, lat 19.437 ms stddev 2.312, 0 failed
progress: 56.0 s, 1675.0 tps, lat 19.147 ms stddev 0.255, 0 failed
progress: 57.0 s, 1669.0 tps, lat 19.153 ms stddev 0.271, 0 failed
progress: 58.0 s, 1672.0 tps, lat 19.149 ms stddev 0.269, 0 failed
progress: 59.0 s, 1671.0 tps, lat 19.147 ms stddev 0.257, 0 failed
transaction type: star-1.sql
scaling factor: 1
query mode: simple
number of clients: 32
number of threads: 32
maximum number of tries: 1
duration: 60 s
number of transactions actually processed: 98520
number of failed transactions: 0 (0.000%)
latency average = 19.484 ms
latency stddev = 2.393 ms
initial connection time = 21.692 ms
tps = 1642.201334 (without initial connection time)
