pgbench (18devel, server 14.13)
progress: 1.0 s, 1949.8 tps, lat 31.552 ms stddev 10.908, 0 failed
progress: 2.0 s, 2097.0 tps, lat 30.645 ms stddev 10.120, 0 failed
progress: 3.0 s, 2097.0 tps, lat 30.593 ms stddev 10.076, 0 failed
progress: 4.0 s, 2093.0 tps, lat 30.554 ms stddev 10.070, 0 failed
progress: 5.0 s, 2088.0 tps, lat 30.653 ms stddev 10.021, 0 failed
progress: 6.0 s, 2081.0 tps, lat 30.776 ms stddev 10.038, 0 failed
progress: 7.0 s, 2108.0 tps, lat 30.458 ms stddev 10.076, 0 failed
progress: 8.0 s, 2096.0 tps, lat 30.492 ms stddev 10.065, 0 failed
progress: 9.0 s, 2095.0 tps, lat 30.548 ms stddev 10.027, 0 failed
progress: 10.0 s, 2094.0 tps, lat 30.504 ms stddev 10.046, 0 failed
progress: 11.0 s, 2099.0 tps, lat 30.460 ms stddev 10.026, 0 failed
progress: 12.0 s, 2087.0 tps, lat 30.684 ms stddev 9.982, 0 failed
progress: 13.0 s, 2086.0 tps, lat 30.688 ms stddev 10.007, 0 failed
progress: 14.0 s, 2093.0 tps, lat 30.475 ms stddev 10.014, 0 failed
progress: 15.0 s, 2100.0 tps, lat 30.607 ms stddev 9.996, 0 failed
progress: 16.0 s, 2086.0 tps, lat 30.697 ms stddev 10.002, 0 failed
progress: 17.0 s, 2088.0 tps, lat 30.588 ms stddev 10.058, 0 failed
progress: 18.0 s, 2095.0 tps, lat 30.534 ms stddev 10.108, 0 failed
progress: 19.0 s, 2087.0 tps, lat 30.579 ms stddev 10.091, 0 failed
progress: 20.0 s, 2084.0 tps, lat 30.717 ms stddev 9.993, 0 failed
progress: 21.0 s, 2097.0 tps, lat 30.649 ms stddev 9.981, 0 failed
progress: 22.0 s, 2095.0 tps, lat 30.576 ms stddev 10.045, 0 failed
progress: 23.0 s, 2095.0 tps, lat 30.473 ms stddev 10.073, 0 failed
progress: 24.0 s, 2092.0 tps, lat 30.570 ms stddev 10.058, 0 failed
progress: 25.0 s, 2106.0 tps, lat 30.499 ms stddev 10.039, 0 failed
progress: 26.0 s, 2101.0 tps, lat 30.462 ms stddev 10.030, 0 failed
progress: 27.0 s, 2101.0 tps, lat 30.414 ms stddev 9.987, 0 failed
progress: 28.0 s, 2100.0 tps, lat 30.475 ms stddev 10.050, 0 failed
progress: 29.0 s, 2082.0 tps, lat 30.728 ms stddev 9.991, 0 failed
progress: 30.0 s, 2106.0 tps, lat 30.446 ms stddev 10.027, 0 failed
progress: 31.0 s, 2095.0 tps, lat 30.503 ms stddev 10.047, 0 failed
progress: 32.0 s, 2109.0 tps, lat 30.450 ms stddev 10.021, 0 failed
progress: 33.0 s, 2088.0 tps, lat 30.539 ms stddev 10.006, 0 failed
progress: 34.0 s, 2107.0 tps, lat 30.462 ms stddev 10.011, 0 failed
progress: 35.0 s, 2096.0 tps, lat 30.503 ms stddev 9.982, 0 failed
progress: 36.0 s, 2086.0 tps, lat 30.533 ms stddev 10.005, 0 failed
progress: 37.0 s, 2081.0 tps, lat 30.916 ms stddev 9.993, 0 failed
progress: 38.0 s, 2064.0 tps, lat 30.930 ms stddev 9.938, 0 failed
progress: 39.0 s, 2076.0 tps, lat 30.782 ms stddev 9.936, 0 failed
progress: 40.0 s, 2093.0 tps, lat 30.547 ms stddev 10.012, 0 failed
progress: 41.0 s, 2086.0 tps, lat 30.897 ms stddev 9.989, 0 failed
progress: 42.0 s, 2084.0 tps, lat 30.643 ms stddev 10.018, 0 failed
progress: 43.0 s, 2095.0 tps, lat 30.447 ms stddev 10.003, 0 failed
progress: 44.0 s, 2104.0 tps, lat 30.473 ms stddev 10.007, 0 failed
progress: 45.0 s, 2097.0 tps, lat 30.521 ms stddev 10.003, 0 failed
progress: 46.0 s, 2100.0 tps, lat 30.467 ms stddev 10.029, 0 failed
progress: 47.0 s, 2104.0 tps, lat 30.441 ms stddev 10.020, 0 failed
progress: 48.0 s, 2070.0 tps, lat 30.780 ms stddev 10.042, 0 failed
progress: 49.0 s, 2093.0 tps, lat 30.751 ms stddev 10.110, 0 failed
progress: 50.0 s, 2098.0 tps, lat 30.498 ms stddev 10.131, 0 failed
progress: 51.0 s, 2075.0 tps, lat 30.809 ms stddev 10.104, 0 failed
progress: 52.0 s, 2093.0 tps, lat 30.513 ms stddev 10.104, 0 failed
progress: 53.0 s, 2099.0 tps, lat 30.505 ms stddev 10.101, 0 failed
progress: 54.0 s, 2092.0 tps, lat 30.636 ms stddev 10.090, 0 failed
progress: 55.0 s, 2081.0 tps, lat 30.628 ms stddev 10.085, 0 failed
progress: 56.0 s, 2107.0 tps, lat 30.468 ms stddev 10.092, 0 failed
progress: 57.0 s, 2096.0 tps, lat 30.511 ms stddev 10.116, 0 failed
progress: 58.0 s, 2081.0 tps, lat 30.692 ms stddev 10.073, 0 failed
progress: 59.0 s, 2081.0 tps, lat 30.724 ms stddev 10.094, 0 failed
progress: 60.0 s, 2096.9 tps, lat 30.561 ms stddev 10.082, 0 failed
transaction type: star-1.sql
scaling factor: 1
query mode: simple
number of clients: 64
number of threads: 64
maximum number of tries: 1
duration: 60 s
number of transactions actually processed: 125428
number of failed transactions: 0 (0.000%)
latency average = 30.604 ms
latency stddev = 10.055 ms
initial connection time = 41.262 ms
tps = 2090.606075 (without initial connection time)
