pgbench (18devel, server 9.5.25)
progress: 1.0 s, 81.0 tps, lat 12.199 ms stddev 0.579, 0 failed
progress: 2.0 s, 83.0 tps, lat 12.075 ms stddev 0.067, 0 failed
progress: 3.0 s, 83.0 tps, lat 12.055 ms stddev 0.045, 0 failed
progress: 4.0 s, 83.0 tps, lat 12.073 ms stddev 0.077, 0 failed
progress: 5.0 s, 83.0 tps, lat 12.064 ms stddev 0.151, 0 failed
progress: 6.0 s, 83.0 tps, lat 12.059 ms stddev 0.051, 0 failed
progress: 7.0 s, 82.0 tps, lat 12.079 ms stddev 0.159, 0 failed
progress: 8.0 s, 83.0 tps, lat 12.094 ms stddev 0.211, 0 failed
progress: 9.0 s, 83.0 tps, lat 12.058 ms stddev 0.057, 0 failed
progress: 10.0 s, 83.0 tps, lat 12.044 ms stddev 0.042, 0 failed
progress: 11.0 s, 83.0 tps, lat 12.053 ms stddev 0.051, 0 failed
progress: 12.0 s, 83.0 tps, lat 12.066 ms stddev 0.142, 0 failed
progress: 13.0 s, 83.0 tps, lat 12.069 ms stddev 0.189, 0 failed
progress: 14.0 s, 83.0 tps, lat 12.075 ms stddev 0.158, 0 failed
progress: 15.0 s, 83.0 tps, lat 12.067 ms stddev 0.153, 0 failed
progress: 16.0 s, 82.0 tps, lat 12.127 ms stddev 0.435, 0 failed
progress: 17.0 s, 83.0 tps, lat 12.045 ms stddev 0.052, 0 failed
progress: 18.0 s, 83.0 tps, lat 12.039 ms stddev 0.135, 0 failed
progress: 19.0 s, 83.0 tps, lat 12.066 ms stddev 0.149, 0 failed
progress: 20.0 s, 83.0 tps, lat 12.064 ms stddev 0.146, 0 failed
progress: 21.0 s, 83.0 tps, lat 12.031 ms stddev 0.045, 0 failed
progress: 22.0 s, 83.0 tps, lat 12.058 ms stddev 0.150, 0 failed
progress: 23.0 s, 83.0 tps, lat 12.052 ms stddev 0.143, 0 failed
progress: 24.0 s, 83.0 tps, lat 12.080 ms stddev 0.167, 0 failed
progress: 25.0 s, 83.0 tps, lat 12.043 ms stddev 0.057, 0 failed
progress: 26.0 s, 82.0 tps, lat 12.138 ms stddev 0.439, 0 failed
progress: 27.0 s, 83.0 tps, lat 12.055 ms stddev 0.161, 0 failed
progress: 28.0 s, 83.0 tps, lat 12.048 ms stddev 0.059, 0 failed
progress: 29.0 s, 83.0 tps, lat 12.082 ms stddev 0.174, 0 failed
progress: 30.0 s, 83.0 tps, lat 12.032 ms stddev 0.038, 0 failed
progress: 31.0 s, 83.0 tps, lat 12.045 ms stddev 0.066, 0 failed
progress: 32.0 s, 83.0 tps, lat 12.056 ms stddev 0.142, 0 failed
progress: 33.0 s, 83.0 tps, lat 12.055 ms stddev 0.058, 0 failed
progress: 34.0 s, 83.0 tps, lat 12.047 ms stddev 0.078, 0 failed
progress: 35.0 s, 82.0 tps, lat 12.108 ms stddev 0.237, 0 failed
progress: 36.0 s, 83.0 tps, lat 12.165 ms stddev 0.478, 0 failed
progress: 37.0 s, 82.0 tps, lat 12.085 ms stddev 0.209, 0 failed
progress: 38.0 s, 83.0 tps, lat 12.060 ms stddev 0.142, 0 failed
progress: 39.0 s, 83.0 tps, lat 12.134 ms stddev 0.261, 0 failed
progress: 40.0 s, 82.0 tps, lat 12.089 ms stddev 0.208, 0 failed
progress: 41.0 s, 83.0 tps, lat 12.060 ms stddev 0.153, 0 failed
progress: 42.0 s, 83.0 tps, lat 12.043 ms stddev 0.133, 0 failed
progress: 43.0 s, 83.0 tps, lat 12.047 ms stddev 0.058, 0 failed
progress: 44.0 s, 83.0 tps, lat 12.111 ms stddev 0.269, 0 failed
progress: 45.0 s, 83.0 tps, lat 12.077 ms stddev 0.170, 0 failed
progress: 46.0 s, 82.0 tps, lat 12.095 ms stddev 0.385, 0 failed
progress: 47.0 s, 83.0 tps, lat 12.053 ms stddev 0.135, 0 failed
progress: 48.0 s, 83.0 tps, lat 12.076 ms stddev 0.194, 0 failed
progress: 49.0 s, 83.0 tps, lat 12.107 ms stddev 0.245, 0 failed
progress: 50.0 s, 82.0 tps, lat 12.088 ms stddev 0.240, 0 failed
progress: 51.0 s, 83.0 tps, lat 12.076 ms stddev 0.204, 0 failed
progress: 52.0 s, 83.0 tps, lat 12.096 ms stddev 0.135, 0 failed
progress: 53.0 s, 83.0 tps, lat 12.069 ms stddev 0.152, 0 failed
progress: 54.0 s, 82.0 tps, lat 12.110 ms stddev 0.178, 0 failed
progress: 55.0 s, 83.0 tps, lat 12.043 ms stddev 0.052, 0 failed
progress: 56.0 s, 83.0 tps, lat 12.061 ms stddev 0.153, 0 failed
progress: 57.0 s, 83.0 tps, lat 12.117 ms stddev 0.423, 0 failed
progress: 58.0 s, 83.0 tps, lat 12.072 ms stddev 0.206, 0 failed
progress: 59.0 s, 83.0 tps, lat 12.063 ms stddev 0.150, 0 failed
progress: 60.0 s, 82.0 tps, lat 12.066 ms stddev 0.143, 0 failed
transaction type: star-1.sql
scaling factor: 1
query mode: simple
number of clients: 1
number of threads: 1
maximum number of tries: 1
duration: 60 s
number of transactions actually processed: 4969
number of failed transactions: 0 (0.000%)
latency average = 12.074 ms
latency stddev = 0.206 ms
initial connection time = 2.239 ms
tps = 82.817430 (without initial connection time)
