pgbench (18devel, server 9.5.25)
progress: 1.0 s, 1008.9 tps, lat 15.611 ms stddev 1.433, 0 failed
progress: 2.0 s, 1041.0 tps, lat 15.409 ms stddev 0.540, 0 failed
progress: 3.0 s, 1035.0 tps, lat 15.424 ms stddev 0.549, 0 failed
progress: 4.0 s, 1040.0 tps, lat 15.426 ms stddev 0.589, 0 failed
progress: 5.0 s, 1041.0 tps, lat 15.386 ms stddev 0.517, 0 failed
progress: 6.0 s, 1036.0 tps, lat 15.410 ms stddev 0.548, 0 failed
progress: 7.0 s, 1031.0 tps, lat 15.531 ms stddev 0.184, 0 failed
progress: 8.0 s, 1027.0 tps, lat 15.543 ms stddev 0.121, 0 failed
progress: 9.0 s, 1034.0 tps, lat 15.522 ms stddev 0.117, 0 failed
progress: 10.0 s, 1032.0 tps, lat 15.512 ms stddev 0.121, 0 failed
progress: 11.0 s, 1030.0 tps, lat 15.522 ms stddev 0.127, 0 failed
progress: 12.0 s, 1030.0 tps, lat 15.525 ms stddev 0.121, 0 failed
progress: 13.0 s, 1031.0 tps, lat 15.515 ms stddev 0.127, 0 failed
progress: 14.0 s, 1032.0 tps, lat 15.511 ms stddev 0.111, 0 failed
progress: 15.0 s, 1030.0 tps, lat 15.514 ms stddev 0.112, 0 failed
progress: 16.0 s, 1030.0 tps, lat 15.549 ms stddev 0.133, 0 failed
progress: 17.0 s, 1031.0 tps, lat 15.518 ms stddev 0.119, 0 failed
progress: 18.0 s, 1030.0 tps, lat 15.531 ms stddev 0.106, 0 failed
progress: 19.0 s, 1033.0 tps, lat 15.465 ms stddev 0.120, 0 failed
progress: 20.0 s, 1032.0 tps, lat 15.501 ms stddev 0.122, 0 failed
progress: 21.0 s, 1036.0 tps, lat 15.493 ms stddev 0.136, 0 failed
progress: 22.0 s, 1031.0 tps, lat 15.509 ms stddev 0.118, 0 failed
progress: 23.0 s, 1029.0 tps, lat 15.535 ms stddev 0.105, 0 failed
progress: 24.0 s, 1028.0 tps, lat 15.544 ms stddev 0.119, 0 failed
progress: 25.0 s, 1032.0 tps, lat 15.522 ms stddev 0.175, 0 failed
progress: 26.0 s, 1028.0 tps, lat 15.551 ms stddev 0.108, 0 failed
progress: 27.0 s, 1031.0 tps, lat 15.514 ms stddev 0.101, 0 failed
progress: 28.0 s, 1033.0 tps, lat 15.511 ms stddev 0.093, 0 failed
progress: 29.0 s, 1031.0 tps, lat 15.509 ms stddev 0.105, 0 failed
progress: 30.0 s, 1031.0 tps, lat 15.519 ms stddev 0.104, 0 failed
progress: 31.0 s, 1031.0 tps, lat 15.529 ms stddev 0.093, 0 failed
progress: 32.0 s, 1032.0 tps, lat 15.516 ms stddev 0.104, 0 failed
progress: 33.0 s, 1029.0 tps, lat 15.526 ms stddev 0.089, 0 failed
progress: 34.0 s, 1032.0 tps, lat 15.516 ms stddev 0.109, 0 failed
progress: 35.0 s, 1028.0 tps, lat 15.514 ms stddev 0.092, 0 failed
progress: 36.0 s, 1034.0 tps, lat 15.524 ms stddev 0.112, 0 failed
progress: 37.0 s, 1031.0 tps, lat 15.497 ms stddev 0.116, 0 failed
progress: 38.0 s, 1034.0 tps, lat 15.491 ms stddev 0.106, 0 failed
progress: 39.0 s, 1031.0 tps, lat 15.496 ms stddev 0.097, 0 failed
progress: 40.0 s, 1031.0 tps, lat 15.505 ms stddev 0.105, 0 failed
progress: 41.0 s, 1033.0 tps, lat 15.505 ms stddev 0.096, 0 failed
progress: 42.0 s, 1033.0 tps, lat 15.494 ms stddev 0.121, 0 failed
progress: 43.0 s, 1032.0 tps, lat 15.515 ms stddev 0.101, 0 failed
progress: 44.0 s, 1033.0 tps, lat 15.502 ms stddev 0.117, 0 failed
progress: 45.0 s, 1031.0 tps, lat 15.494 ms stddev 0.106, 0 failed
progress: 46.0 s, 1033.0 tps, lat 15.503 ms stddev 0.102, 0 failed
progress: 47.0 s, 1030.0 tps, lat 15.520 ms stddev 0.092, 0 failed
progress: 48.0 s, 1032.0 tps, lat 15.491 ms stddev 0.104, 0 failed
progress: 49.0 s, 1032.0 tps, lat 15.485 ms stddev 0.094, 0 failed
progress: 50.0 s, 1034.0 tps, lat 15.502 ms stddev 0.097, 0 failed
progress: 51.0 s, 1032.0 tps, lat 15.489 ms stddev 0.112, 0 failed
progress: 52.0 s, 1034.0 tps, lat 15.488 ms stddev 0.112, 0 failed
progress: 53.0 s, 1032.0 tps, lat 15.485 ms stddev 0.109, 0 failed
progress: 54.0 s, 1036.0 tps, lat 15.497 ms stddev 0.110, 0 failed
progress: 55.0 s, 1029.0 tps, lat 15.507 ms stddev 0.098, 0 failed
progress: 56.0 s, 1031.0 tps, lat 15.518 ms stddev 0.105, 0 failed
progress: 57.0 s, 1032.1 tps, lat 15.515 ms stddev 0.121, 0 failed
progress: 58.0 s, 1034.0 tps, lat 15.510 ms stddev 0.095, 0 failed
progress: 59.0 s, 1030.0 tps, lat 15.497 ms stddev 0.125, 0 failed
progress: 60.0 s, 1032.0 tps, lat 15.497 ms stddev 0.115, 0 failed
transaction type: star-1.sql
scaling factor: 1
query mode: simple
number of clients: 16
number of threads: 16
maximum number of tries: 1
duration: 60 s
number of transactions actually processed: 61915
number of failed transactions: 0 (0.000%)
latency average = 15.504 ms
latency stddev = 0.268 ms
initial connection time = 12.741 ms
tps = 1031.864540 (without initial connection time)
