pgbench (18devel, server 9.0.23)
progress: 1.0 s, 3873.1 tps, lat 59.487 ms stddev 81.721, 0 failed
progress: 2.0 s, 4760.9 tps, lat 53.657 ms stddev 53.177, 0 failed
progress: 3.0 s, 5349.2 tps, lat 50.052 ms stddev 54.676, 0 failed
progress: 4.0 s, 11512.7 tps, lat 21.235 ms stddev 22.809, 0 failed
progress: 5.0 s, 3402.3 tps, lat 75.356 ms stddev 62.304, 0 failed
progress: 6.0 s, 5333.7 tps, lat 47.930 ms stddev 52.288, 0 failed
progress: 7.0 s, 3489.4 tps, lat 72.993 ms stddev 58.480, 0 failed
progress: 8.0 s, 10521.3 tps, lat 25.556 ms stddev 31.609, 0 failed
progress: 9.0 s, 6924.5 tps, lat 35.336 ms stddev 40.312, 0 failed
progress: 10.0 s, 4297.3 tps, lat 59.565 ms stddev 57.092, 0 failed
progress: 11.0 s, 7382.2 tps, lat 34.942 ms stddev 41.481, 0 failed
progress: 12.0 s, 5396.3 tps, lat 47.085 ms stddev 50.738, 0 failed
progress: 13.0 s, 5703.9 tps, lat 45.024 ms stddev 50.840, 0 failed
progress: 14.0 s, 3593.0 tps, lat 70.924 ms stddev 59.611, 0 failed
progress: 15.0 s, 10786.5 tps, lat 24.789 ms stddev 31.170, 0 failed
progress: 16.0 s, 14432.1 tps, lat 17.764 ms stddev 15.103, 0 failed
progress: 17.0 s, 13624.9 tps, lat 18.468 ms stddev 16.225, 0 failed
progress: 18.0 s, 9242.1 tps, lat 28.130 ms stddev 34.958, 0 failed
progress: 19.0 s, 10319.7 tps, lat 24.822 ms stddev 29.441, 0 failed
progress: 20.0 s, 9904.7 tps, lat 25.819 ms stddev 30.693, 0 failed
progress: 21.0 s, 10194.2 tps, lat 24.168 ms stddev 28.190, 0 failed
progress: 22.0 s, 7424.3 tps, lat 35.811 ms stddev 44.293, 0 failed
progress: 23.0 s, 11361.8 tps, lat 22.217 ms stddev 25.972, 0 failed
progress: 24.0 s, 9392.1 tps, lat 26.652 ms stddev 29.884, 0 failed
progress: 25.0 s, 11958.1 tps, lat 22.169 ms stddev 25.247, 0 failed
progress: 26.0 s, 7001.8 tps, lat 34.914 ms stddev 40.577, 0 failed
progress: 27.0 s, 4901.9 tps, lat 54.566 ms stddev 57.337, 0 failed
progress: 28.0 s, 6118.1 tps, lat 40.289 ms stddev 48.242, 0 failed
progress: 29.0 s, 8972.2 tps, lat 28.237 ms stddev 34.825, 0 failed
progress: 30.0 s, 5511.5 tps, lat 48.666 ms stddev 51.934, 0 failed
progress: 31.0 s, 11321.9 tps, lat 21.685 ms stddev 24.799, 0 failed
progress: 32.0 s, 11570.1 tps, lat 23.083 ms stddev 27.358, 0 failed
progress: 33.0 s, 5101.4 tps, lat 47.756 ms stddev 50.349, 0 failed
progress: 34.0 s, 7484.0 tps, lat 35.837 ms stddev 45.511, 0 failed
progress: 35.0 s, 11521.8 tps, lat 22.160 ms stddev 25.396, 0 failed
progress: 36.0 s, 4466.7 tps, lat 54.945 ms stddev 54.056, 0 failed
progress: 37.0 s, 4537.2 tps, lat 55.889 ms stddev 56.661, 0 failed
progress: 38.0 s, 8807.1 tps, lat 29.219 ms stddev 37.697, 0 failed
progress: 39.0 s, 8530.2 tps, lat 31.441 ms stddev 39.494, 0 failed
progress: 40.0 s, 11133.0 tps, lat 23.000 ms stddev 26.191, 0 failed
progress: 41.0 s, 9040.9 tps, lat 27.090 ms stddev 32.958, 0 failed
progress: 42.0 s, 3652.8 tps, lat 70.075 ms stddev 60.243, 0 failed
progress: 43.0 s, 6737.4 tps, lat 39.640 ms stddev 48.596, 0 failed
progress: 44.0 s, 5923.7 tps, lat 41.047 ms stddev 48.249, 0 failed
progress: 45.0 s, 5011.7 tps, lat 51.242 ms stddev 54.468, 0 failed
progress: 46.0 s, 9423.7 tps, lat 28.443 ms stddev 36.719, 0 failed
progress: 47.0 s, 11755.9 tps, lat 21.758 ms stddev 25.409, 0 failed
progress: 48.0 s, 9771.1 tps, lat 26.198 ms stddev 31.599, 0 failed
progress: 49.0 s, 8047.5 tps, lat 30.285 ms stddev 35.967, 0 failed
progress: 50.0 s, 3932.2 tps, lat 67.463 ms stddev 60.184, 0 failed
progress: 51.0 s, 7013.3 tps, lat 35.397 ms stddev 43.887, 0 failed
progress: 52.0 s, 4573.5 tps, lat 58.415 ms stddev 58.220, 0 failed
progress: 53.0 s, 4735.9 tps, lat 51.754 ms stddev 53.486, 0 failed
progress: 54.0 s, 7057.3 tps, lat 36.154 ms stddev 43.734, 0 failed
progress: 55.0 s, 5558.6 tps, lat 48.145 ms stddev 52.250, 0 failed
progress: 56.0 s, 6375.8 tps, lat 38.348 ms stddev 44.980, 0 failed
progress: 57.0 s, 3563.0 tps, lat 71.632 ms stddev 60.967, 0 failed
progress: 58.0 s, 7250.2 tps, lat 36.984 ms stddev 45.165, 0 failed
progress: 59.0 s, 14586.0 tps, lat 17.519 ms stddev 14.874, 0 failed
transaction type: star-1-left.sql
scaling factor: 1
query mode: simple
number of clients: 256
number of threads: 256
maximum number of tries: 1
duration: 60 s
number of transactions actually processed: 462362
number of failed transactions: 0 (0.000%)
latency average = 33.152 ms
latency stddev = 41.548 ms
initial connection time = 141.349 ms
tps = 7719.499743 (without initial connection time)
