pgbench (18devel, server 16.4)
progress: 1.0 s, 73.0 tps, lat 13.640 ms stddev 0.692, 0 failed
progress: 2.0 s, 74.0 tps, lat 13.501 ms stddev 0.018, 0 failed
progress: 3.0 s, 74.0 tps, lat 13.524 ms stddev 0.183, 0 failed
progress: 4.0 s, 74.0 tps, lat 13.497 ms stddev 0.015, 0 failed
progress: 5.0 s, 74.0 tps, lat 13.500 ms stddev 0.024, 0 failed
progress: 6.0 s, 74.0 tps, lat 13.540 ms stddev 0.253, 0 failed
progress: 7.0 s, 74.0 tps, lat 13.504 ms stddev 0.034, 0 failed
progress: 8.0 s, 74.0 tps, lat 13.496 ms stddev 0.010, 0 failed
progress: 9.0 s, 74.0 tps, lat 13.504 ms stddev 0.047, 0 failed
progress: 10.0 s, 74.0 tps, lat 13.494 ms stddev 0.014, 0 failed
progress: 11.0 s, 74.0 tps, lat 13.502 ms stddev 0.038, 0 failed
progress: 12.0 s, 74.0 tps, lat 13.497 ms stddev 0.015, 0 failed
progress: 13.0 s, 74.0 tps, lat 13.525 ms stddev 0.196, 0 failed
progress: 14.0 s, 74.0 tps, lat 13.495 ms stddev 0.012, 0 failed
progress: 15.0 s, 74.0 tps, lat 13.576 ms stddev 0.112, 0 failed
progress: 16.0 s, 73.0 tps, lat 13.727 ms stddev 0.015, 0 failed
progress: 17.0 s, 72.0 tps, lat 13.729 ms stddev 0.022, 0 failed
progress: 18.0 s, 73.0 tps, lat 13.728 ms stddev 0.013, 0 failed
progress: 19.0 s, 73.0 tps, lat 13.699 ms stddev 0.181, 0 failed
progress: 20.0 s, 73.0 tps, lat 13.683 ms stddev 0.183, 0 failed
progress: 21.0 s, 74.0 tps, lat 13.662 ms stddev 0.025, 0 failed
progress: 22.0 s, 73.0 tps, lat 13.682 ms stddev 0.179, 0 failed
progress: 23.0 s, 73.0 tps, lat 13.669 ms stddev 0.042, 0 failed
progress: 24.0 s, 73.0 tps, lat 13.661 ms stddev 0.013, 0 failed
progress: 25.0 s, 73.0 tps, lat 13.664 ms stddev 0.042, 0 failed
progress: 26.0 s, 73.0 tps, lat 13.679 ms stddev 0.181, 0 failed
progress: 27.0 s, 73.0 tps, lat 13.667 ms stddev 0.035, 0 failed
progress: 28.0 s, 74.0 tps, lat 13.660 ms stddev 0.014, 0 failed
progress: 29.0 s, 73.0 tps, lat 13.696 ms stddev 0.186, 0 failed
progress: 30.0 s, 73.0 tps, lat 13.681 ms stddev 0.153, 0 failed
progress: 31.0 s, 73.0 tps, lat 13.666 ms stddev 0.036, 0 failed
progress: 32.0 s, 73.0 tps, lat 13.703 ms stddev 0.252, 0 failed
progress: 33.0 s, 73.0 tps, lat 13.663 ms stddev 0.023, 0 failed
progress: 34.0 s, 73.0 tps, lat 13.701 ms stddev 0.254, 0 failed
progress: 35.0 s, 73.0 tps, lat 13.688 ms stddev 0.183, 0 failed
progress: 36.0 s, 73.0 tps, lat 13.701 ms stddev 0.258, 0 failed
progress: 37.0 s, 73.0 tps, lat 13.661 ms stddev 0.021, 0 failed
progress: 38.0 s, 74.0 tps, lat 13.657 ms stddev 0.013, 0 failed
progress: 39.0 s, 73.0 tps, lat 13.665 ms stddev 0.038, 0 failed
progress: 40.0 s, 73.0 tps, lat 13.677 ms stddev 0.181, 0 failed
progress: 41.0 s, 73.0 tps, lat 13.664 ms stddev 0.025, 0 failed
progress: 42.0 s, 73.0 tps, lat 13.680 ms stddev 0.180, 0 failed
progress: 43.0 s, 73.0 tps, lat 13.665 ms stddev 0.037, 0 failed
progress: 44.0 s, 74.0 tps, lat 13.657 ms stddev 0.012, 0 failed
progress: 45.0 s, 73.0 tps, lat 13.679 ms stddev 0.179, 0 failed
progress: 46.0 s, 73.0 tps, lat 13.678 ms stddev 0.180, 0 failed
progress: 47.0 s, 73.0 tps, lat 13.665 ms stddev 0.042, 0 failed
progress: 48.0 s, 73.0 tps, lat 13.701 ms stddev 0.251, 0 failed
progress: 49.0 s, 73.0 tps, lat 13.687 ms stddev 0.182, 0 failed
progress: 50.0 s, 73.0 tps, lat 13.656 ms stddev 0.012, 0 failed
progress: 51.0 s, 73.0 tps, lat 13.729 ms stddev 0.306, 0 failed
progress: 52.0 s, 73.0 tps, lat 13.659 ms stddev 0.024, 0 failed
progress: 53.0 s, 73.0 tps, lat 13.679 ms stddev 0.184, 0 failed
progress: 54.0 s, 74.0 tps, lat 13.655 ms stddev 0.012, 0 failed
progress: 55.0 s, 73.0 tps, lat 13.686 ms stddev 0.183, 0 failed
progress: 56.0 s, 73.0 tps, lat 13.677 ms stddev 0.180, 0 failed
progress: 57.0 s, 73.0 tps, lat 13.690 ms stddev 0.163, 0 failed
progress: 58.0 s, 73.0 tps, lat 13.687 ms stddev 0.180, 0 failed
progress: 59.0 s, 73.0 tps, lat 13.685 ms stddev 0.137, 0 failed
progress: 60.0 s, 73.0 tps, lat 13.661 ms stddev 0.015, 0 failed
transaction type: star-1.sql
scaling factor: 1
query mode: simple
number of clients: 1
number of threads: 1
maximum number of tries: 1
duration: 60 s
number of transactions actually processed: 4399
number of failed transactions: 0 (0.000%)
latency average = 13.640 ms
latency stddev = 0.178 ms
initial connection time = 2.430 ms
tps = 73.313281 (without initial connection time)
