pgbench (18devel, server 16.4)
progress: 1.0 s, 1643.8 tps, lat 19.020 ms stddev 3.729, 0 failed
progress: 2.0 s, 1757.0 tps, lat 18.249 ms stddev 0.543, 0 failed
progress: 3.0 s, 1769.0 tps, lat 18.083 ms stddev 0.335, 0 failed
progress: 4.0 s, 1780.0 tps, lat 18.004 ms stddev 0.247, 0 failed
progress: 5.0 s, 1775.0 tps, lat 18.009 ms stddev 0.272, 0 failed
progress: 6.0 s, 1778.0 tps, lat 17.983 ms stddev 0.244, 0 failed
progress: 7.0 s, 1783.0 tps, lat 17.967 ms stddev 0.218, 0 failed
progress: 8.0 s, 1773.0 tps, lat 17.991 ms stddev 0.203, 0 failed
progress: 9.0 s, 1766.0 tps, lat 18.226 ms stddev 1.806, 0 failed
progress: 10.0 s, 1761.0 tps, lat 18.055 ms stddev 0.192, 0 failed
progress: 11.0 s, 1773.0 tps, lat 18.028 ms stddev 0.216, 0 failed
progress: 12.0 s, 1788.0 tps, lat 18.015 ms stddev 0.185, 0 failed
progress: 13.0 s, 1770.0 tps, lat 18.020 ms stddev 0.237, 0 failed
progress: 14.0 s, 1780.0 tps, lat 18.003 ms stddev 0.181, 0 failed
progress: 15.0 s, 1777.0 tps, lat 18.029 ms stddev 0.183, 0 failed
progress: 16.0 s, 1773.0 tps, lat 18.027 ms stddev 0.195, 0 failed
progress: 17.0 s, 1769.1 tps, lat 18.002 ms stddev 0.177, 0 failed
progress: 18.0 s, 1786.0 tps, lat 18.028 ms stddev 0.232, 0 failed
progress: 19.0 s, 1755.9 tps, lat 18.121 ms stddev 1.308, 0 failed
progress: 20.0 s, 1784.0 tps, lat 18.015 ms stddev 0.199, 0 failed
progress: 21.0 s, 1764.0 tps, lat 18.136 ms stddev 1.336, 0 failed
progress: 22.0 s, 1760.0 tps, lat 18.065 ms stddev 0.202, 0 failed
progress: 23.0 s, 1788.0 tps, lat 18.069 ms stddev 0.169, 0 failed
progress: 24.0 s, 1761.0 tps, lat 18.050 ms stddev 0.169, 0 failed
progress: 25.0 s, 1760.0 tps, lat 18.186 ms stddev 1.347, 0 failed
progress: 26.0 s, 1778.0 tps, lat 18.066 ms stddev 0.202, 0 failed
progress: 27.0 s, 1777.0 tps, lat 18.038 ms stddev 0.182, 0 failed
progress: 28.0 s, 1764.0 tps, lat 18.067 ms stddev 0.180, 0 failed
progress: 29.0 s, 1761.0 tps, lat 18.143 ms stddev 1.217, 0 failed
progress: 30.0 s, 1768.0 tps, lat 18.140 ms stddev 1.432, 0 failed
progress: 31.0 s, 1765.0 tps, lat 18.096 ms stddev 1.130, 0 failed
progress: 32.0 s, 1782.0 tps, lat 18.027 ms stddev 0.236, 0 failed
progress: 33.0 s, 1771.0 tps, lat 18.010 ms stddev 0.235, 0 failed
progress: 34.0 s, 1777.0 tps, lat 18.018 ms stddev 0.244, 0 failed
progress: 35.0 s, 1785.0 tps, lat 18.002 ms stddev 0.228, 0 failed
progress: 36.0 s, 1772.0 tps, lat 17.991 ms stddev 0.168, 0 failed
progress: 37.0 s, 1782.1 tps, lat 18.004 ms stddev 0.170, 0 failed
progress: 38.0 s, 1764.0 tps, lat 18.114 ms stddev 1.465, 0 failed
progress: 39.0 s, 1720.9 tps, lat 18.549 ms stddev 3.146, 0 failed
progress: 40.0 s, 1770.0 tps, lat 18.152 ms stddev 1.331, 0 failed
progress: 41.0 s, 1758.0 tps, lat 18.116 ms stddev 1.051, 0 failed
progress: 42.0 s, 1781.0 tps, lat 18.052 ms stddev 0.227, 0 failed
progress: 43.0 s, 1758.0 tps, lat 18.156 ms stddev 1.595, 0 failed
progress: 44.0 s, 1769.0 tps, lat 18.039 ms stddev 0.259, 0 failed
progress: 45.0 s, 1778.0 tps, lat 18.088 ms stddev 0.850, 0 failed
progress: 46.0 s, 1746.0 tps, lat 18.266 ms stddev 1.958, 0 failed
progress: 47.0 s, 1775.0 tps, lat 18.092 ms stddev 1.192, 0 failed
progress: 48.0 s, 1760.0 tps, lat 18.072 ms stddev 1.154, 0 failed
progress: 49.0 s, 1787.0 tps, lat 17.997 ms stddev 0.171, 0 failed
progress: 50.0 s, 1772.0 tps, lat 18.010 ms stddev 0.180, 0 failed
progress: 51.0 s, 1779.0 tps, lat 18.006 ms stddev 0.209, 0 failed
progress: 52.0 s, 1775.0 tps, lat 18.025 ms stddev 0.179, 0 failed
progress: 53.0 s, 1764.0 tps, lat 18.084 ms stddev 0.219, 0 failed
progress: 54.0 s, 1770.0 tps, lat 18.126 ms stddev 1.141, 0 failed
progress: 55.0 s, 1771.0 tps, lat 18.026 ms stddev 0.235, 0 failed
progress: 56.0 s, 1787.0 tps, lat 18.015 ms stddev 0.186, 0 failed
progress: 57.0 s, 1763.0 tps, lat 18.051 ms stddev 0.258, 0 failed
progress: 58.0 s, 1781.0 tps, lat 18.045 ms stddev 0.839, 0 failed
progress: 59.0 s, 1766.0 tps, lat 18.027 ms stddev 0.835, 0 failed
transaction type: star-1.sql
scaling factor: 1
query mode: simple
number of clients: 32
number of threads: 32
maximum number of tries: 1
duration: 60 s
number of transactions actually processed: 106138
number of failed transactions: 0 (0.000%)
latency average = 18.084 ms
latency stddev = 0.973 ms
initial connection time = 29.750 ms
tps = 1769.338906 (without initial connection time)
