pgbench (18devel)
starting vacuum...end.
progress: 1.0 s, 35463.9 tps, lat 6.746 ms stddev 5.770, 0 failed
progress: 2.0 s, 36224.0 tps, lat 7.075 ms stddev 3.381, 0 failed
progress: 3.0 s, 38568.0 tps, lat 6.652 ms stddev 1.700, 0 failed
progress: 4.0 s, 39704.0 tps, lat 6.459 ms stddev 1.684, 0 failed
progress: 5.0 s, 40233.0 tps, lat 6.356 ms stddev 1.735, 0 failed
progress: 6.0 s, 40973.9 tps, lat 6.246 ms stddev 1.717, 0 failed
progress: 7.0 s, 44001.0 tps, lat 5.800 ms stddev 1.540, 0 failed
progress: 8.0 s, 42354.6 tps, lat 6.069 ms stddev 1.597, 0 failed
progress: 9.0 s, 42977.5 tps, lat 5.940 ms stddev 1.996, 0 failed
progress: 10.0 s, 47841.9 tps, lat 5.367 ms stddev 1.390, 0 failed
progress: 11.0 s, 45529.1 tps, lat 5.615 ms stddev 2.777, 0 failed
progress: 12.0 s, 21124.2 tps, lat 11.873 ms stddev 11.542, 0 failed
progress: 13.0 s, 6259.0 tps, lat 40.509 ms stddev 16.152, 0 failed
progress: 14.0 s, 5120.2 tps, lat 50.988 ms stddev 33.404, 0 failed
progress: 15.0 s, 6029.0 tps, lat 42.309 ms stddev 13.783, 0 failed
progress: 16.0 s, 6515.0 tps, lat 39.226 ms stddev 6.021, 0 failed
progress: 17.0 s, 6796.8 tps, lat 37.488 ms stddev 4.659, 0 failed
progress: 18.0 s, 4723.1 tps, lat 54.281 ms stddev 39.521, 0 failed
progress: 19.0 s, 6912.0 tps, lat 37.136 ms stddev 4.925, 0 failed
progress: 20.0 s, 6284.0 tps, lat 40.398 ms stddev 5.942, 0 failed
progress: 21.0 s, 6143.6 tps, lat 39.967 ms stddev 8.126, 0 failed
progress: 22.0 s, 4723.3 tps, lat 56.870 ms stddev 36.437, 0 failed
progress: 23.0 s, 4864.0 tps, lat 52.567 ms stddev 23.143, 0 failed
progress: 24.0 s, 5631.8 tps, lat 45.287 ms stddev 8.441, 0 failed
progress: 25.0 s, 5773.2 tps, lat 44.872 ms stddev 16.827, 0 failed
progress: 26.0 s, 4608.0 tps, lat 55.487 ms stddev 35.495, 0 failed
progress: 27.0 s, 6399.8 tps, lat 39.861 ms stddev 6.049, 0 failed
progress: 28.0 s, 6144.0 tps, lat 41.431 ms stddev 12.822, 0 failed
progress: 29.0 s, 5235.0 tps, lat 48.736 ms stddev 33.182, 0 failed
progress: 30.0 s, 3072.0 tps, lat 83.881 ms stddev 43.582, 0 failed
progress: 31.0 s, 2815.8 tps, lat 84.472 ms stddev 47.794, 0 failed
progress: 32.0 s, 8322.9 tps, lat 33.351 ms stddev 47.949, 0 failed
progress: 33.0 s, 37604.0 tps, lat 6.822 ms stddev 1.811, 0 failed
progress: 34.0 s, 39121.0 tps, lat 6.506 ms stddev 1.634, 0 failed
progress: 35.0 s, 34835.9 tps, lat 7.393 ms stddev 4.027, 0 failed
progress: 36.0 s, 29554.0 tps, lat 8.440 ms stddev 4.620, 0 failed
progress: 37.0 s, 36533.2 tps, lat 6.606 ms stddev 2.996, 0 failed
progress: 38.0 s, 1372.9 tps, lat 177.116 ms stddev 36.379, 0 failed
progress: 39.0 s, 1955.2 tps, lat 137.416 ms stddev 69.016, 0 failed
progress: 40.0 s, 3677.0 tps, lat 71.679 ms stddev 45.903, 0 failed
progress: 41.0 s, 2979.1 tps, lat 88.557 ms stddev 48.818, 0 failed
progress: 42.0 s, 4864.0 tps, lat 53.074 ms stddev 45.587, 0 failed
progress: 43.0 s, 19695.8 tps, lat 13.188 ms stddev 14.547, 0 failed
progress: 44.0 s, 47216.2 tps, lat 5.404 ms stddev 2.621, 0 failed
progress: 45.0 s, 49246.3 tps, lat 5.219 ms stddev 1.573, 0 failed
progress: 46.0 s, 48354.8 tps, lat 5.296 ms stddev 2.004, 0 failed
progress: 47.0 s, 52403.1 tps, lat 4.882 ms stddev 1.736, 0 failed
progress: 48.0 s, 53851.0 tps, lat 4.476 ms stddev 2.320, 0 failed
progress: 49.0 s, 1446.1 tps, lat 175.051 ms stddev 40.952, 0 failed
progress: 50.0 s, 1113.8 tps, lat 210.364 ms stddev 32.416, 0 failed
progress: 51.0 s, 1280.1 tps, lat 213.072 ms stddev 37.869, 0 failed
progress: 52.0 s, 27682.2 tps, lat 10.048 ms stddev 29.987, 0 failed
progress: 53.0 s, 58563.8 tps, lat 4.385 ms stddev 1.427, 0 failed
progress: 54.0 s, 61467.2 tps, lat 4.161 ms stddev 2.202, 0 failed
progress: 55.0 s, 64146.8 tps, lat 3.992 ms stddev 1.335, 0 failed
progress: 56.0 s, 69464.0 tps, lat 3.684 ms stddev 1.519, 0 failed
progress: 57.0 s, 40319.1 tps, lat 6.345 ms stddev 8.757, 0 failed
progress: 58.0 s, 26892.0 tps, lat 9.398 ms stddev 13.114, 0 failed
progress: 59.0 s, 24533.0 tps, lat 10.534 ms stddev 17.003, 0 failed
progress: 60.0 s, 24294.8 tps, lat 10.402 ms stddev 18.313, 0 failed
transaction type: <builtin: simple update>
scaling factor: 1000
query mode: simple
number of clients: 256
number of threads: 256
maximum number of tries: 1
duration: 60 s
number of transactions actually processed: 1452001
number of failed transactions: 0 (0.000%)
latency average = 10.569 ms
latency stddev = 20.394 ms
initial connection time = 72.131 ms
tps = 24200.347405 (without initial connection time)
