pgbench (18devel, server 8.3.23)
progress: 1.0 s, 1926.9 tps, lat 32.152 ms stddev 17.005, 0 failed
progress: 2.0 s, 2096.0 tps, lat 30.674 ms stddev 10.017, 0 failed
progress: 3.0 s, 2073.0 tps, lat 30.730 ms stddev 10.033, 0 failed
progress: 4.0 s, 2092.9 tps, lat 30.526 ms stddev 10.038, 0 failed
progress: 5.0 s, 2095.1 tps, lat 30.656 ms stddev 9.964, 0 failed
progress: 6.0 s, 2095.0 tps, lat 30.522 ms stddev 9.966, 0 failed
progress: 7.0 s, 2092.9 tps, lat 30.630 ms stddev 9.944, 0 failed
progress: 8.0 s, 2100.1 tps, lat 30.475 ms stddev 9.927, 0 failed
progress: 9.0 s, 2089.0 tps, lat 30.650 ms stddev 9.983, 0 failed
progress: 10.0 s, 2085.0 tps, lat 30.547 ms stddev 9.970, 0 failed
progress: 11.0 s, 2101.0 tps, lat 30.512 ms stddev 9.990, 0 failed
progress: 12.0 s, 2072.0 tps, lat 30.896 ms stddev 9.912, 0 failed
progress: 13.0 s, 2078.0 tps, lat 30.878 ms stddev 9.961, 0 failed
progress: 14.0 s, 2095.0 tps, lat 30.470 ms stddev 10.020, 0 failed
progress: 15.0 s, 2092.0 tps, lat 30.626 ms stddev 9.987, 0 failed
progress: 16.0 s, 2099.0 tps, lat 30.518 ms stddev 10.000, 0 failed
progress: 17.0 s, 2089.0 tps, lat 30.550 ms stddev 9.983, 0 failed
progress: 18.0 s, 2103.0 tps, lat 30.476 ms stddev 9.976, 0 failed
progress: 19.0 s, 2099.0 tps, lat 30.482 ms stddev 9.995, 0 failed
progress: 20.0 s, 2078.0 tps, lat 30.794 ms stddev 9.984, 0 failed
progress: 21.0 s, 2103.0 tps, lat 30.451 ms stddev 10.014, 0 failed
progress: 22.0 s, 2093.0 tps, lat 30.579 ms stddev 9.985, 0 failed
progress: 23.0 s, 2088.0 tps, lat 30.578 ms stddev 10.010, 0 failed
progress: 24.0 s, 2103.0 tps, lat 30.496 ms stddev 10.011, 0 failed
progress: 25.0 s, 2097.0 tps, lat 30.543 ms stddev 10.006, 0 failed
progress: 26.0 s, 2088.0 tps, lat 30.647 ms stddev 10.004, 0 failed
progress: 27.0 s, 2083.0 tps, lat 30.655 ms stddev 10.005, 0 failed
progress: 28.0 s, 2096.0 tps, lat 30.538 ms stddev 10.013, 0 failed
progress: 29.0 s, 2088.0 tps, lat 30.657 ms stddev 10.003, 0 failed
progress: 30.0 s, 2101.0 tps, lat 30.494 ms stddev 10.016, 0 failed
progress: 31.0 s, 2102.0 tps, lat 30.500 ms stddev 10.013, 0 failed
progress: 32.0 s, 2086.0 tps, lat 30.607 ms stddev 10.028, 0 failed
progress: 33.0 s, 2101.0 tps, lat 30.485 ms stddev 10.070, 0 failed
progress: 34.0 s, 2103.0 tps, lat 30.476 ms stddev 10.080, 0 failed
progress: 35.0 s, 2097.0 tps, lat 30.472 ms stddev 10.064, 0 failed
progress: 36.0 s, 2095.0 tps, lat 30.524 ms stddev 10.071, 0 failed
progress: 37.0 s, 2098.0 tps, lat 30.571 ms stddev 10.012, 0 failed
progress: 38.0 s, 2100.0 tps, lat 30.437 ms stddev 10.024, 0 failed
progress: 39.0 s, 2087.0 tps, lat 30.659 ms stddev 9.950, 0 failed
progress: 40.0 s, 2087.0 tps, lat 30.668 ms stddev 9.937, 0 failed
progress: 41.0 s, 2092.0 tps, lat 30.521 ms stddev 9.979, 0 failed
progress: 42.0 s, 2092.0 tps, lat 30.710 ms stddev 9.960, 0 failed
progress: 43.0 s, 2088.0 tps, lat 30.611 ms stddev 9.969, 0 failed
progress: 44.0 s, 2095.0 tps, lat 30.524 ms stddev 9.964, 0 failed
progress: 45.0 s, 2085.0 tps, lat 30.717 ms stddev 9.959, 0 failed
progress: 46.0 s, 2087.0 tps, lat 30.627 ms stddev 9.962, 0 failed
progress: 47.0 s, 2098.0 tps, lat 30.564 ms stddev 9.952, 0 failed
progress: 48.0 s, 2094.0 tps, lat 30.564 ms stddev 9.966, 0 failed
progress: 49.0 s, 2073.0 tps, lat 30.814 ms stddev 9.895, 0 failed
progress: 50.0 s, 2085.0 tps, lat 30.812 ms stddev 9.954, 0 failed
progress: 51.0 s, 2085.0 tps, lat 30.594 ms stddev 10.031, 0 failed
progress: 52.0 s, 2078.0 tps, lat 30.753 ms stddev 10.009, 0 failed
progress: 53.0 s, 2103.0 tps, lat 30.561 ms stddev 10.011, 0 failed
progress: 54.0 s, 2093.0 tps, lat 30.517 ms stddev 9.989, 0 failed
progress: 55.0 s, 2101.0 tps, lat 30.465 ms stddev 9.984, 0 failed
progress: 56.0 s, 2098.0 tps, lat 30.529 ms stddev 10.022, 0 failed
progress: 57.0 s, 2086.0 tps, lat 30.622 ms stddev 10.010, 0 failed
progress: 58.0 s, 2093.0 tps, lat 30.617 ms stddev 10.050, 0 failed
progress: 59.0 s, 2099.0 tps, lat 30.491 ms stddev 10.050, 0 failed
transaction type: star-1.sql
scaling factor: 1
query mode: simple
number of clients: 64
number of threads: 64
maximum number of tries: 1
duration: 60 s
number of transactions actually processed: 125360
number of failed transactions: 0 (0.000%)
latency average = 30.619 ms
latency stddev = 10.141 ms
initial connection time = 40.004 ms
tps = 2089.396329 (without initial connection time)
