pgbench (18devel)
progress: 1.0 s, 8867.9 tps, lat 0.112 ms stddev 0.479, 0 failed
progress: 2.0 s, 10153.5 tps, lat 0.098 ms stddev 0.006, 0 failed
progress: 3.0 s, 10054.0 tps, lat 0.099 ms stddev 0.006, 0 failed
progress: 4.0 s, 10143.2 tps, lat 0.099 ms stddev 0.006, 0 failed
progress: 5.0 s, 10016.8 tps, lat 0.100 ms stddev 0.005, 0 failed
progress: 6.0 s, 10457.4 tps, lat 0.096 ms stddev 0.006, 0 failed
progress: 7.0 s, 10364.8 tps, lat 0.096 ms stddev 0.006, 0 failed
progress: 8.0 s, 10312.8 tps, lat 0.097 ms stddev 0.006, 0 failed
progress: 9.0 s, 10293.4 tps, lat 0.097 ms stddev 0.006, 0 failed
progress: 10.0 s, 10032.7 tps, lat 0.100 ms stddev 0.006, 0 failed
progress: 11.0 s, 10327.0 tps, lat 0.097 ms stddev 0.006, 0 failed
progress: 12.0 s, 10615.0 tps, lat 0.094 ms stddev 0.005, 0 failed
progress: 13.0 s, 10416.1 tps, lat 0.096 ms stddev 0.006, 0 failed
progress: 14.0 s, 10337.0 tps, lat 0.097 ms stddev 0.006, 0 failed
progress: 15.0 s, 10230.2 tps, lat 0.098 ms stddev 0.006, 0 failed
progress: 16.0 s, 10158.8 tps, lat 0.098 ms stddev 0.006, 0 failed
progress: 17.0 s, 10112.4 tps, lat 0.099 ms stddev 0.006, 0 failed
progress: 18.0 s, 10236.6 tps, lat 0.098 ms stddev 0.006, 0 failed
progress: 19.0 s, 10047.0 tps, lat 0.099 ms stddev 0.005, 0 failed
progress: 20.0 s, 10286.5 tps, lat 0.097 ms stddev 0.006, 0 failed
progress: 21.0 s, 10150.9 tps, lat 0.098 ms stddev 0.006, 0 failed
progress: 22.0 s, 10371.6 tps, lat 0.096 ms stddev 0.005, 0 failed
progress: 23.0 s, 10371.2 tps, lat 0.096 ms stddev 0.005, 0 failed
progress: 24.0 s, 10347.1 tps, lat 0.097 ms stddev 0.005, 0 failed
progress: 25.0 s, 10318.2 tps, lat 0.097 ms stddev 0.005, 0 failed
progress: 26.0 s, 10047.5 tps, lat 0.099 ms stddev 0.005, 0 failed
progress: 27.0 s, 10043.9 tps, lat 0.099 ms stddev 0.006, 0 failed
progress: 28.0 s, 10342.3 tps, lat 0.097 ms stddev 0.005, 0 failed
progress: 29.0 s, 10064.3 tps, lat 0.099 ms stddev 0.006, 0 failed
progress: 30.0 s, 10128.5 tps, lat 0.099 ms stddev 0.006, 0 failed
progress: 31.0 s, 10355.0 tps, lat 0.096 ms stddev 0.005, 0 failed
progress: 32.0 s, 10230.0 tps, lat 0.098 ms stddev 0.006, 0 failed
progress: 33.0 s, 10059.0 tps, lat 0.099 ms stddev 0.006, 0 failed
progress: 34.0 s, 10151.0 tps, lat 0.098 ms stddev 0.006, 0 failed
progress: 35.0 s, 10092.0 tps, lat 0.099 ms stddev 0.006, 0 failed
progress: 36.0 s, 10213.0 tps, lat 0.098 ms stddev 0.006, 0 failed
progress: 37.0 s, 10094.4 tps, lat 0.099 ms stddev 0.006, 0 failed
progress: 38.0 s, 10232.2 tps, lat 0.098 ms stddev 0.006, 0 failed
progress: 39.0 s, 10038.5 tps, lat 0.100 ms stddev 0.005, 0 failed
progress: 40.0 s, 10529.0 tps, lat 0.095 ms stddev 0.006, 0 failed
progress: 41.0 s, 10081.0 tps, lat 0.099 ms stddev 0.005, 0 failed
progress: 42.0 s, 10099.4 tps, lat 0.099 ms stddev 0.005, 0 failed
progress: 43.0 s, 10412.6 tps, lat 0.096 ms stddev 0.005, 0 failed
progress: 44.0 s, 10420.1 tps, lat 0.096 ms stddev 0.006, 0 failed
progress: 45.0 s, 10063.9 tps, lat 0.099 ms stddev 0.006, 0 failed
progress: 46.0 s, 10302.9 tps, lat 0.097 ms stddev 0.005, 0 failed
progress: 47.0 s, 10387.0 tps, lat 0.096 ms stddev 0.005, 0 failed
progress: 48.0 s, 10322.1 tps, lat 0.097 ms stddev 0.006, 0 failed
progress: 49.0 s, 10412.9 tps, lat 0.096 ms stddev 0.005, 0 failed
progress: 50.0 s, 10339.0 tps, lat 0.097 ms stddev 0.005, 0 failed
progress: 51.0 s, 10063.3 tps, lat 0.099 ms stddev 0.006, 0 failed
progress: 52.0 s, 10307.0 tps, lat 0.097 ms stddev 0.005, 0 failed
progress: 53.0 s, 10191.8 tps, lat 0.098 ms stddev 0.006, 0 failed
progress: 54.0 s, 10057.8 tps, lat 0.099 ms stddev 0.005, 0 failed
progress: 55.0 s, 10107.0 tps, lat 0.099 ms stddev 0.006, 0 failed
progress: 56.0 s, 10636.4 tps, lat 0.094 ms stddev 0.005, 0 failed
progress: 57.0 s, 10595.7 tps, lat 0.094 ms stddev 0.006, 0 failed
progress: 58.0 s, 10027.2 tps, lat 0.100 ms stddev 0.005, 0 failed
progress: 59.0 s, 10034.7 tps, lat 0.100 ms stddev 0.005, 0 failed
progress: 60.0 s, 10585.5 tps, lat 0.094 ms stddev 0.006, 0 failed
transaction type: star-1.sql
scaling factor: 1
query mode: prepared
number of clients: 1
number of threads: 1
maximum number of tries: 1
duration: 60 s
number of transactions actually processed: 613091
number of failed transactions: 0 (0.000%)
latency average = 0.098 ms
latency stddev = 0.058 ms
initial connection time = 2.376 ms
tps = 10218.575897 (without initial connection time)
