pgbench (18devel, server 11.22)
progress: 1.0 s, 931.9 tps, lat 16.933 ms stddev 1.158, 0 failed
progress: 2.0 s, 953.0 tps, lat 16.749 ms stddev 0.615, 0 failed
progress: 3.0 s, 966.0 tps, lat 16.644 ms stddev 0.578, 0 failed
progress: 4.0 s, 959.0 tps, lat 16.631 ms stddev 0.582, 0 failed
progress: 5.0 s, 955.0 tps, lat 16.765 ms stddev 0.356, 0 failed
progress: 6.0 s, 950.0 tps, lat 16.812 ms stddev 0.210, 0 failed
progress: 7.0 s, 957.0 tps, lat 16.778 ms stddev 0.130, 0 failed
progress: 8.0 s, 951.0 tps, lat 16.782 ms stddev 0.125, 0 failed
progress: 9.0 s, 954.0 tps, lat 16.789 ms stddev 0.134, 0 failed
progress: 10.0 s, 952.0 tps, lat 16.783 ms stddev 0.129, 0 failed
progress: 11.0 s, 954.0 tps, lat 16.776 ms stddev 0.118, 0 failed
progress: 12.0 s, 955.0 tps, lat 16.770 ms stddev 0.127, 0 failed
progress: 13.0 s, 953.0 tps, lat 16.765 ms stddev 0.122, 0 failed
progress: 14.0 s, 956.0 tps, lat 16.761 ms stddev 0.136, 0 failed
progress: 15.0 s, 952.0 tps, lat 16.767 ms stddev 0.141, 0 failed
progress: 16.0 s, 960.0 tps, lat 16.748 ms stddev 0.135, 0 failed
progress: 17.0 s, 951.0 tps, lat 16.751 ms stddev 0.134, 0 failed
progress: 18.0 s, 957.0 tps, lat 16.759 ms stddev 0.140, 0 failed
progress: 19.0 s, 952.0 tps, lat 16.765 ms stddev 0.132, 0 failed
progress: 20.0 s, 956.0 tps, lat 16.751 ms stddev 0.131, 0 failed
progress: 21.0 s, 954.0 tps, lat 16.750 ms stddev 0.133, 0 failed
progress: 22.0 s, 956.0 tps, lat 16.746 ms stddev 0.138, 0 failed
progress: 23.0 s, 957.0 tps, lat 16.756 ms stddev 0.137, 0 failed
progress: 24.0 s, 954.0 tps, lat 16.749 ms stddev 0.135, 0 failed
progress: 25.0 s, 955.0 tps, lat 16.747 ms stddev 0.129, 0 failed
progress: 26.0 s, 955.0 tps, lat 16.752 ms stddev 0.133, 0 failed
progress: 27.0 s, 954.0 tps, lat 16.758 ms stddev 0.158, 0 failed
progress: 28.0 s, 959.0 tps, lat 16.732 ms stddev 0.140, 0 failed
progress: 29.0 s, 952.0 tps, lat 16.756 ms stddev 0.133, 0 failed
progress: 30.0 s, 957.0 tps, lat 16.761 ms stddev 0.135, 0 failed
progress: 31.0 s, 952.0 tps, lat 16.741 ms stddev 0.131, 0 failed
progress: 32.0 s, 959.0 tps, lat 16.750 ms stddev 0.134, 0 failed
progress: 33.0 s, 953.0 tps, lat 16.753 ms stddev 0.147, 0 failed
progress: 34.0 s, 958.0 tps, lat 16.724 ms stddev 0.159, 0 failed
progress: 35.0 s, 955.0 tps, lat 16.732 ms stddev 0.117, 0 failed
progress: 36.0 s, 960.0 tps, lat 16.710 ms stddev 0.113, 0 failed
progress: 37.0 s, 956.0 tps, lat 16.729 ms stddev 0.122, 0 failed
progress: 38.0 s, 953.0 tps, lat 16.740 ms stddev 0.122, 0 failed
progress: 39.0 s, 957.0 tps, lat 16.737 ms stddev 0.126, 0 failed
progress: 40.0 s, 955.0 tps, lat 16.737 ms stddev 0.143, 0 failed
progress: 41.0 s, 956.0 tps, lat 16.751 ms stddev 0.131, 0 failed
progress: 42.0 s, 955.0 tps, lat 16.748 ms stddev 0.132, 0 failed
progress: 43.0 s, 957.0 tps, lat 16.742 ms stddev 0.134, 0 failed
progress: 44.0 s, 953.0 tps, lat 16.770 ms stddev 0.141, 0 failed
progress: 45.0 s, 956.0 tps, lat 16.746 ms stddev 0.132, 0 failed
progress: 46.0 s, 955.0 tps, lat 16.753 ms stddev 0.136, 0 failed
progress: 47.0 s, 954.0 tps, lat 16.754 ms stddev 0.136, 0 failed
progress: 48.0 s, 956.0 tps, lat 16.748 ms stddev 0.130, 0 failed
progress: 49.0 s, 953.0 tps, lat 16.752 ms stddev 0.128, 0 failed
progress: 50.0 s, 956.0 tps, lat 16.788 ms stddev 0.160, 0 failed
progress: 51.0 s, 954.0 tps, lat 16.736 ms stddev 0.136, 0 failed
progress: 52.0 s, 959.0 tps, lat 16.736 ms stddev 0.126, 0 failed
progress: 53.0 s, 952.0 tps, lat 16.753 ms stddev 0.145, 0 failed
progress: 54.0 s, 957.0 tps, lat 16.745 ms stddev 0.129, 0 failed
progress: 55.0 s, 955.0 tps, lat 16.756 ms stddev 0.150, 0 failed
progress: 56.0 s, 957.0 tps, lat 16.748 ms stddev 0.140, 0 failed
progress: 57.0 s, 953.0 tps, lat 16.740 ms stddev 0.132, 0 failed
progress: 58.0 s, 956.0 tps, lat 16.751 ms stddev 0.138, 0 failed
progress: 59.0 s, 955.0 tps, lat 16.753 ms stddev 0.136, 0 failed
progress: 60.0 s, 955.0 tps, lat 16.749 ms stddev 0.137, 0 failed
transaction type: star-1.sql
scaling factor: 1
query mode: simple
number of clients: 16
number of threads: 16
maximum number of tries: 1
duration: 60 s
number of transactions actually processed: 57299
number of failed transactions: 0 (0.000%)
latency average = 16.753 ms
latency stddev = 0.245 ms
initial connection time = 12.222 ms
tps = 954.912988 (without initial connection time)
