pgbench (18devel, server 17.0)
progress: 1.0 s, 8961.5 tps, lat 0.111 ms stddev 0.066, 0 failed
progress: 2.0 s, 9317.0 tps, lat 0.107 ms stddev 0.006, 0 failed
progress: 3.0 s, 9425.0 tps, lat 0.106 ms stddev 0.008, 0 failed
progress: 4.0 s, 9420.0 tps, lat 0.106 ms stddev 0.006, 0 failed
progress: 5.0 s, 9523.2 tps, lat 0.105 ms stddev 0.006, 0 failed
progress: 6.0 s, 9421.8 tps, lat 0.106 ms stddev 0.006, 0 failed
progress: 7.0 s, 9454.4 tps, lat 0.106 ms stddev 0.005, 0 failed
progress: 8.0 s, 9430.6 tps, lat 0.106 ms stddev 0.006, 0 failed
progress: 9.0 s, 9588.2 tps, lat 0.104 ms stddev 0.006, 0 failed
progress: 10.0 s, 9469.8 tps, lat 0.106 ms stddev 0.006, 0 failed
progress: 11.0 s, 9505.4 tps, lat 0.105 ms stddev 0.005, 0 failed
progress: 12.0 s, 9466.1 tps, lat 0.106 ms stddev 0.006, 0 failed
progress: 13.0 s, 9344.9 tps, lat 0.107 ms stddev 0.007, 0 failed
progress: 14.0 s, 9064.7 tps, lat 0.110 ms stddev 0.006, 0 failed
progress: 15.0 s, 9332.0 tps, lat 0.107 ms stddev 0.006, 0 failed
progress: 16.0 s, 9029.0 tps, lat 0.111 ms stddev 0.006, 0 failed
progress: 17.0 s, 9325.3 tps, lat 0.107 ms stddev 0.006, 0 failed
progress: 18.0 s, 8837.6 tps, lat 0.113 ms stddev 0.004, 0 failed
progress: 19.0 s, 9541.1 tps, lat 0.105 ms stddev 0.006, 0 failed
progress: 20.0 s, 9457.5 tps, lat 0.106 ms stddev 0.005, 0 failed
progress: 21.0 s, 9614.5 tps, lat 0.104 ms stddev 0.006, 0 failed
progress: 22.0 s, 9483.0 tps, lat 0.105 ms stddev 0.006, 0 failed
progress: 23.0 s, 9540.0 tps, lat 0.105 ms stddev 0.005, 0 failed
progress: 24.0 s, 9681.0 tps, lat 0.103 ms stddev 0.005, 0 failed
progress: 25.0 s, 9619.2 tps, lat 0.104 ms stddev 0.005, 0 failed
progress: 26.0 s, 9495.8 tps, lat 0.105 ms stddev 0.006, 0 failed
progress: 27.0 s, 9693.0 tps, lat 0.103 ms stddev 0.007, 0 failed
progress: 28.0 s, 9015.2 tps, lat 0.111 ms stddev 0.006, 0 failed
progress: 29.0 s, 9405.8 tps, lat 0.106 ms stddev 0.007, 0 failed
progress: 30.0 s, 9477.0 tps, lat 0.105 ms stddev 0.006, 0 failed
progress: 31.0 s, 9473.1 tps, lat 0.105 ms stddev 0.005, 0 failed
progress: 32.0 s, 9478.9 tps, lat 0.105 ms stddev 0.005, 0 failed
progress: 33.0 s, 9605.2 tps, lat 0.104 ms stddev 0.006, 0 failed
progress: 34.0 s, 9459.0 tps, lat 0.106 ms stddev 0.006, 0 failed
progress: 35.0 s, 9518.9 tps, lat 0.105 ms stddev 0.005, 0 failed
progress: 36.0 s, 9467.9 tps, lat 0.106 ms stddev 0.005, 0 failed
progress: 37.0 s, 9712.0 tps, lat 0.103 ms stddev 0.006, 0 failed
progress: 38.0 s, 9524.0 tps, lat 0.105 ms stddev 0.006, 0 failed
progress: 39.0 s, 9453.2 tps, lat 0.106 ms stddev 0.005, 0 failed
progress: 40.0 s, 9423.8 tps, lat 0.106 ms stddev 0.005, 0 failed
progress: 41.0 s, 9662.0 tps, lat 0.103 ms stddev 0.005, 0 failed
progress: 42.0 s, 9587.0 tps, lat 0.104 ms stddev 0.006, 0 failed
progress: 43.0 s, 9493.5 tps, lat 0.105 ms stddev 0.005, 0 failed
progress: 44.0 s, 9492.6 tps, lat 0.105 ms stddev 0.006, 0 failed
progress: 45.0 s, 9716.4 tps, lat 0.103 ms stddev 0.005, 0 failed
progress: 46.0 s, 9732.9 tps, lat 0.103 ms stddev 0.005, 0 failed
progress: 47.0 s, 9741.6 tps, lat 0.103 ms stddev 0.005, 0 failed
progress: 48.0 s, 9746.0 tps, lat 0.103 ms stddev 0.005, 0 failed
progress: 49.0 s, 9744.0 tps, lat 0.103 ms stddev 0.005, 0 failed
progress: 50.0 s, 9749.0 tps, lat 0.102 ms stddev 0.005, 0 failed
progress: 51.0 s, 9727.3 tps, lat 0.103 ms stddev 0.005, 0 failed
progress: 52.0 s, 9687.9 tps, lat 0.103 ms stddev 0.007, 0 failed
progress: 53.0 s, 9459.7 tps, lat 0.106 ms stddev 0.007, 0 failed
progress: 54.0 s, 8761.0 tps, lat 0.114 ms stddev 0.004, 0 failed
progress: 55.0 s, 8933.0 tps, lat 0.112 ms stddev 0.005, 0 failed
progress: 56.0 s, 8755.9 tps, lat 0.114 ms stddev 0.002, 0 failed
progress: 57.0 s, 9290.1 tps, lat 0.107 ms stddev 0.007, 0 failed
progress: 58.0 s, 8752.0 tps, lat 0.114 ms stddev 0.003, 0 failed
progress: 59.0 s, 8768.0 tps, lat 0.114 ms stddev 0.002, 0 failed
progress: 60.0 s, 8748.3 tps, lat 0.114 ms stddev 0.002, 0 failed
transaction type: star-1.sql
scaling factor: 1
query mode: prepared
number of clients: 1
number of threads: 1
maximum number of tries: 1
duration: 60 s
number of transactions actually processed: 564605
number of failed transactions: 0 (0.000%)
latency average = 0.106 ms
latency stddev = 0.011 ms
initial connection time = 2.248 ms
tps = 9410.415364 (without initial connection time)
