pgbench (18devel, server 17.0)
progress: 1.0 s, 158506.3 tps, lat 1.503 ms stddev 4.549, 0 failed
progress: 2.0 s, 199339.0 tps, lat 1.284 ms stddev 1.565, 0 failed
progress: 3.0 s, 199742.0 tps, lat 1.282 ms stddev 1.555, 0 failed
progress: 4.0 s, 200512.2 tps, lat 1.277 ms stddev 1.562, 0 failed
progress: 5.0 s, 200271.8 tps, lat 1.278 ms stddev 1.549, 0 failed
progress: 6.0 s, 195558.0 tps, lat 1.309 ms stddev 1.584, 0 failed
progress: 7.0 s, 201065.0 tps, lat 1.273 ms stddev 1.556, 0 failed
progress: 8.0 s, 200066.4 tps, lat 1.280 ms stddev 1.545, 0 failed
progress: 9.0 s, 198909.2 tps, lat 1.286 ms stddev 1.576, 0 failed
progress: 10.0 s, 200990.2 tps, lat 1.274 ms stddev 1.557, 0 failed
progress: 11.0 s, 199733.0 tps, lat 1.281 ms stddev 1.562, 0 failed
progress: 12.0 s, 200231.8 tps, lat 1.278 ms stddev 1.544, 0 failed
progress: 13.0 s, 201364.8 tps, lat 1.271 ms stddev 1.542, 0 failed
progress: 14.0 s, 201452.3 tps, lat 1.271 ms stddev 1.535, 0 failed
progress: 15.0 s, 201433.5 tps, lat 1.271 ms stddev 1.544, 0 failed
progress: 16.0 s, 201813.6 tps, lat 1.268 ms stddev 1.534, 0 failed
progress: 17.0 s, 201697.6 tps, lat 1.269 ms stddev 1.523, 0 failed
progress: 18.0 s, 201023.0 tps, lat 1.273 ms stddev 1.567, 0 failed
progress: 19.0 s, 202132.6 tps, lat 1.266 ms stddev 1.547, 0 failed
progress: 20.0 s, 201117.6 tps, lat 1.273 ms stddev 1.548, 0 failed
progress: 21.0 s, 202301.6 tps, lat 1.265 ms stddev 1.530, 0 failed
progress: 22.0 s, 203382.6 tps, lat 1.258 ms stddev 1.531, 0 failed
progress: 23.0 s, 204723.8 tps, lat 1.250 ms stddev 1.529, 0 failed
progress: 24.0 s, 203319.4 tps, lat 1.259 ms stddev 1.531, 0 failed
progress: 25.0 s, 202022.6 tps, lat 1.267 ms stddev 1.561, 0 failed
progress: 26.0 s, 201962.4 tps, lat 1.268 ms stddev 1.558, 0 failed
progress: 27.0 s, 201745.2 tps, lat 1.268 ms stddev 1.562, 0 failed
progress: 28.0 s, 201794.8 tps, lat 1.269 ms stddev 1.559, 0 failed
progress: 29.0 s, 201501.4 tps, lat 1.270 ms stddev 1.542, 0 failed
progress: 30.0 s, 202201.0 tps, lat 1.265 ms stddev 1.534, 0 failed
progress: 31.0 s, 201303.6 tps, lat 1.272 ms stddev 1.551, 0 failed
progress: 32.0 s, 201157.4 tps, lat 1.272 ms stddev 1.560, 0 failed
progress: 33.0 s, 202115.2 tps, lat 1.267 ms stddev 1.559, 0 failed
progress: 34.0 s, 202171.7 tps, lat 1.266 ms stddev 1.551, 0 failed
progress: 35.0 s, 201736.1 tps, lat 1.269 ms stddev 1.561, 0 failed
progress: 36.0 s, 201412.8 tps, lat 1.271 ms stddev 1.553, 0 failed
progress: 37.0 s, 201775.2 tps, lat 1.269 ms stddev 1.558, 0 failed
progress: 38.0 s, 201579.6 tps, lat 1.270 ms stddev 1.554, 0 failed
progress: 39.0 s, 201540.8 tps, lat 1.270 ms stddev 1.563, 0 failed
progress: 40.0 s, 202402.4 tps, lat 1.265 ms stddev 1.555, 0 failed
progress: 41.0 s, 202419.0 tps, lat 1.265 ms stddev 1.552, 0 failed
progress: 42.0 s, 201833.2 tps, lat 1.268 ms stddev 1.564, 0 failed
progress: 43.0 s, 201042.8 tps, lat 1.273 ms stddev 1.556, 0 failed
progress: 44.0 s, 201607.2 tps, lat 1.270 ms stddev 1.526, 0 failed
progress: 45.0 s, 202224.6 tps, lat 1.266 ms stddev 1.561, 0 failed
progress: 46.0 s, 201994.8 tps, lat 1.267 ms stddev 1.564, 0 failed
progress: 47.0 s, 201841.6 tps, lat 1.268 ms stddev 1.554, 0 failed
progress: 48.0 s, 201994.6 tps, lat 1.267 ms stddev 1.562, 0 failed
progress: 49.0 s, 201847.8 tps, lat 1.268 ms stddev 1.562, 0 failed
progress: 50.0 s, 201601.4 tps, lat 1.270 ms stddev 1.562, 0 failed
progress: 51.0 s, 201887.6 tps, lat 1.268 ms stddev 1.561, 0 failed
progress: 52.0 s, 201988.2 tps, lat 1.267 ms stddev 1.562, 0 failed
progress: 53.0 s, 201569.2 tps, lat 1.270 ms stddev 1.558, 0 failed
progress: 54.0 s, 201520.4 tps, lat 1.270 ms stddev 1.564, 0 failed
progress: 55.0 s, 202831.0 tps, lat 1.262 ms stddev 1.547, 0 failed
progress: 56.0 s, 205195.2 tps, lat 1.248 ms stddev 1.513, 0 failed
progress: 57.0 s, 205822.4 tps, lat 1.244 ms stddev 1.525, 0 failed
progress: 58.0 s, 202516.4 tps, lat 1.264 ms stddev 1.501, 0 failed
progress: 59.0 s, 201203.6 tps, lat 1.272 ms stddev 1.551, 0 failed
transaction type: star-1.sql
scaling factor: 1
query mode: prepared
number of clients: 256
number of threads: 256
maximum number of tries: 1
duration: 60 s
number of transactions actually processed: 12033079
number of failed transactions: 0 (0.000%)
latency average = 1.273 ms
latency stddev = 1.635 ms
initial connection time = 165.489 ms
tps = 200885.140898 (without initial connection time)
