pgbench (18devel, server 17.0)
progress: 1.0 s, 240812.9 tps, lat 0.260 ms stddev 0.398, 0 failed
progress: 2.0 s, 250425.2 tps, lat 0.255 ms stddev 0.077, 0 failed
progress: 3.0 s, 250381.5 tps, lat 0.255 ms stddev 0.076, 0 failed
progress: 4.0 s, 250820.3 tps, lat 0.255 ms stddev 0.076, 0 failed
progress: 5.0 s, 251494.3 tps, lat 0.254 ms stddev 0.075, 0 failed
progress: 6.0 s, 250869.5 tps, lat 0.255 ms stddev 0.076, 0 failed
progress: 7.0 s, 250542.3 tps, lat 0.255 ms stddev 0.086, 0 failed
progress: 8.0 s, 251257.2 tps, lat 0.255 ms stddev 0.080, 0 failed
progress: 9.0 s, 251764.1 tps, lat 0.254 ms stddev 0.064, 0 failed
progress: 10.0 s, 250842.0 tps, lat 0.255 ms stddev 0.081, 0 failed
progress: 11.0 s, 251279.0 tps, lat 0.254 ms stddev 0.073, 0 failed
progress: 12.0 s, 251207.8 tps, lat 0.255 ms stddev 0.077, 0 failed
progress: 13.0 s, 251489.5 tps, lat 0.254 ms stddev 0.075, 0 failed
progress: 14.0 s, 250719.7 tps, lat 0.255 ms stddev 0.077, 0 failed
progress: 15.0 s, 250456.0 tps, lat 0.255 ms stddev 0.084, 0 failed
progress: 16.0 s, 250810.3 tps, lat 0.255 ms stddev 0.080, 0 failed
progress: 17.0 s, 251099.2 tps, lat 0.255 ms stddev 0.077, 0 failed
progress: 18.0 s, 250512.8 tps, lat 0.255 ms stddev 0.090, 0 failed
progress: 19.0 s, 251605.0 tps, lat 0.254 ms stddev 0.075, 0 failed
progress: 20.0 s, 251328.5 tps, lat 0.254 ms stddev 0.077, 0 failed
progress: 21.0 s, 251943.2 tps, lat 0.254 ms stddev 0.071, 0 failed
progress: 22.0 s, 251592.0 tps, lat 0.254 ms stddev 0.074, 0 failed
progress: 23.0 s, 250312.0 tps, lat 0.255 ms stddev 0.086, 0 failed
progress: 24.0 s, 251775.7 tps, lat 0.254 ms stddev 0.073, 0 failed
progress: 25.0 s, 251365.7 tps, lat 0.254 ms stddev 0.075, 0 failed
progress: 26.0 s, 251586.2 tps, lat 0.254 ms stddev 0.068, 0 failed
progress: 27.0 s, 251233.8 tps, lat 0.255 ms stddev 0.074, 0 failed
progress: 28.0 s, 250815.3 tps, lat 0.255 ms stddev 0.078, 0 failed
progress: 29.0 s, 251843.9 tps, lat 0.254 ms stddev 0.070, 0 failed
progress: 30.0 s, 251490.7 tps, lat 0.254 ms stddev 0.076, 0 failed
progress: 31.0 s, 251602.8 tps, lat 0.254 ms stddev 0.071, 0 failed
progress: 32.0 s, 251230.7 tps, lat 0.255 ms stddev 0.074, 0 failed
progress: 33.0 s, 250443.2 tps, lat 0.255 ms stddev 0.082, 0 failed
progress: 34.0 s, 251056.8 tps, lat 0.255 ms stddev 0.080, 0 failed
progress: 35.0 s, 251152.7 tps, lat 0.255 ms stddev 0.076, 0 failed
progress: 36.0 s, 252000.5 tps, lat 0.254 ms stddev 0.065, 0 failed
progress: 37.0 s, 250456.5 tps, lat 0.255 ms stddev 0.086, 0 failed
progress: 38.0 s, 251224.5 tps, lat 0.255 ms stddev 0.080, 0 failed
progress: 39.0 s, 251191.8 tps, lat 0.255 ms stddev 0.075, 0 failed
progress: 40.0 s, 251740.5 tps, lat 0.254 ms stddev 0.071, 0 failed
progress: 41.0 s, 251925.5 tps, lat 0.254 ms stddev 0.064, 0 failed
progress: 42.0 s, 250787.0 tps, lat 0.255 ms stddev 0.079, 0 failed
progress: 43.0 s, 250921.3 tps, lat 0.255 ms stddev 0.074, 0 failed
progress: 44.0 s, 251257.7 tps, lat 0.254 ms stddev 0.079, 0 failed
progress: 45.0 s, 250760.8 tps, lat 0.255 ms stddev 0.082, 0 failed
progress: 46.0 s, 251140.8 tps, lat 0.255 ms stddev 0.077, 0 failed
progress: 47.0 s, 251151.9 tps, lat 0.255 ms stddev 0.079, 0 failed
progress: 48.0 s, 251651.3 tps, lat 0.254 ms stddev 0.071, 0 failed
progress: 49.0 s, 251767.7 tps, lat 0.254 ms stddev 0.070, 0 failed
progress: 50.0 s, 251490.2 tps, lat 0.254 ms stddev 0.075, 0 failed
progress: 51.0 s, 251556.0 tps, lat 0.254 ms stddev 0.072, 0 failed
progress: 52.0 s, 250995.7 tps, lat 0.255 ms stddev 0.086, 0 failed
progress: 53.0 s, 250773.5 tps, lat 0.255 ms stddev 0.079, 0 failed
progress: 54.0 s, 251124.5 tps, lat 0.255 ms stddev 0.076, 0 failed
progress: 55.0 s, 251364.0 tps, lat 0.254 ms stddev 0.075, 0 failed
progress: 56.0 s, 251125.0 tps, lat 0.255 ms stddev 0.083, 0 failed
progress: 57.0 s, 251340.8 tps, lat 0.254 ms stddev 0.071, 0 failed
progress: 58.0 s, 251110.5 tps, lat 0.255 ms stddev 0.080, 0 failed
progress: 59.0 s, 251190.5 tps, lat 0.255 ms stddev 0.077, 0 failed
transaction type: star-1.sql
scaling factor: 1
query mode: prepared
number of clients: 64
number of threads: 64
maximum number of tries: 1
duration: 60 s
number of transactions actually processed: 15054995
number of failed transactions: 0 (0.000%)
latency average = 0.255 ms
latency stddev = 0.091 ms
initial connection time = 44.573 ms
tps = 251098.043519 (without initial connection time)
