pgbench (18devel, server 8.0.26)
progress: 1.0 s, 6355.0 tps, lat 0.157 ms stddev 0.038, 0 failed
progress: 2.0 s, 6812.9 tps, lat 0.147 ms stddev 0.005, 0 failed
progress: 3.0 s, 6777.7 tps, lat 0.147 ms stddev 0.006, 0 failed
progress: 4.0 s, 6708.0 tps, lat 0.149 ms stddev 0.006, 0 failed
progress: 5.0 s, 6680.0 tps, lat 0.150 ms stddev 0.006, 0 failed
progress: 6.0 s, 6768.0 tps, lat 0.148 ms stddev 0.006, 0 failed
progress: 7.0 s, 6810.4 tps, lat 0.147 ms stddev 0.008, 0 failed
progress: 8.0 s, 6784.8 tps, lat 0.147 ms stddev 0.006, 0 failed
progress: 9.0 s, 6900.8 tps, lat 0.145 ms stddev 0.009, 0 failed
progress: 10.0 s, 6816.0 tps, lat 0.147 ms stddev 0.006, 0 failed
progress: 11.0 s, 6637.0 tps, lat 0.151 ms stddev 0.040, 0 failed
progress: 12.0 s, 6786.2 tps, lat 0.147 ms stddev 0.005, 0 failed
progress: 13.0 s, 6793.8 tps, lat 0.147 ms stddev 0.006, 0 failed
progress: 14.0 s, 6812.4 tps, lat 0.147 ms stddev 0.006, 0 failed
progress: 15.0 s, 6701.9 tps, lat 0.149 ms stddev 0.005, 0 failed
progress: 16.0 s, 6914.0 tps, lat 0.145 ms stddev 0.005, 0 failed
progress: 17.0 s, 6758.1 tps, lat 0.148 ms stddev 0.006, 0 failed
progress: 18.0 s, 6633.7 tps, lat 0.151 ms stddev 0.005, 0 failed
progress: 19.0 s, 6836.9 tps, lat 0.146 ms stddev 0.005, 0 failed
progress: 20.0 s, 6637.4 tps, lat 0.151 ms stddev 0.005, 0 failed
progress: 21.0 s, 6649.7 tps, lat 0.150 ms stddev 0.036, 0 failed
progress: 22.0 s, 6874.2 tps, lat 0.145 ms stddev 0.004, 0 failed
progress: 23.0 s, 6869.7 tps, lat 0.145 ms stddev 0.004, 0 failed
progress: 24.0 s, 6894.0 tps, lat 0.145 ms stddev 0.004, 0 failed
progress: 25.0 s, 7035.0 tps, lat 0.142 ms stddev 0.004, 0 failed
progress: 26.0 s, 6874.1 tps, lat 0.145 ms stddev 0.004, 0 failed
progress: 27.0 s, 6864.9 tps, lat 0.146 ms stddev 0.005, 0 failed
progress: 28.0 s, 6869.0 tps, lat 0.146 ms stddev 0.004, 0 failed
progress: 29.0 s, 7041.0 tps, lat 0.142 ms stddev 0.004, 0 failed
progress: 30.0 s, 6848.0 tps, lat 0.146 ms stddev 0.004, 0 failed
progress: 31.0 s, 6776.4 tps, lat 0.148 ms stddev 0.032, 0 failed
progress: 32.0 s, 6847.8 tps, lat 0.146 ms stddev 0.004, 0 failed
progress: 33.0 s, 6796.8 tps, lat 0.147 ms stddev 0.005, 0 failed
progress: 34.0 s, 6697.0 tps, lat 0.149 ms stddev 0.005, 0 failed
progress: 35.0 s, 6650.0 tps, lat 0.150 ms stddev 0.005, 0 failed
progress: 36.0 s, 6560.0 tps, lat 0.152 ms stddev 0.004, 0 failed
progress: 37.0 s, 6686.1 tps, lat 0.150 ms stddev 0.007, 0 failed
progress: 38.0 s, 7000.1 tps, lat 0.143 ms stddev 0.004, 0 failed
progress: 39.0 s, 6687.8 tps, lat 0.149 ms stddev 0.005, 0 failed
progress: 40.0 s, 6741.0 tps, lat 0.148 ms stddev 0.006, 0 failed
progress: 41.0 s, 6627.0 tps, lat 0.151 ms stddev 0.033, 0 failed
progress: 42.0 s, 6705.1 tps, lat 0.149 ms stddev 0.009, 0 failed
progress: 43.0 s, 6687.9 tps, lat 0.149 ms stddev 0.006, 0 failed
progress: 44.0 s, 6651.1 tps, lat 0.150 ms stddev 0.005, 0 failed
progress: 45.0 s, 6791.9 tps, lat 0.147 ms stddev 0.004, 0 failed
progress: 46.0 s, 6558.2 tps, lat 0.152 ms stddev 0.003, 0 failed
progress: 47.0 s, 6692.8 tps, lat 0.149 ms stddev 0.007, 0 failed
progress: 48.0 s, 6549.0 tps, lat 0.153 ms stddev 0.003, 0 failed
progress: 49.0 s, 6711.0 tps, lat 0.149 ms stddev 0.006, 0 failed
progress: 50.0 s, 6807.0 tps, lat 0.147 ms stddev 0.007, 0 failed
progress: 51.0 s, 6785.3 tps, lat 0.147 ms stddev 0.033, 0 failed
progress: 52.0 s, 6765.7 tps, lat 0.148 ms stddev 0.008, 0 failed
progress: 53.0 s, 6678.2 tps, lat 0.150 ms stddev 0.006, 0 failed
progress: 54.0 s, 6685.9 tps, lat 0.149 ms stddev 0.005, 0 failed
progress: 55.0 s, 6643.1 tps, lat 0.150 ms stddev 0.006, 0 failed
progress: 56.0 s, 6619.9 tps, lat 0.151 ms stddev 0.006, 0 failed
progress: 57.0 s, 6787.2 tps, lat 0.147 ms stddev 0.007, 0 failed
progress: 58.0 s, 6698.0 tps, lat 0.149 ms stddev 0.005, 0 failed
progress: 59.0 s, 6715.8 tps, lat 0.149 ms stddev 0.005, 0 failed
progress: 60.0 s, 6558.3 tps, lat 0.152 ms stddev 0.004, 0 failed
transaction type: star-1-left.sql
scaling factor: 1
query mode: prepared
number of clients: 1
number of threads: 1
maximum number of tries: 1
duration: 60 s
number of transactions actually processed: 404907
number of failed transactions: 0 (0.000%)
latency average = 0.148 ms
latency stddev = 0.013 ms
initial connection time = 4.793 ms
tps = 6748.982157 (without initial connection time)
