pgbench (18devel, server 8.0.26)
progress: 1.0 s, 1929.9 tps, lat 7.492 ms stddev 24.722, 0 failed
progress: 2.0 s, 4276.0 tps, lat 3.746 ms stddev 6.539, 0 failed
progress: 3.0 s, 4328.8 tps, lat 3.681 ms stddev 7.030, 0 failed
progress: 4.0 s, 4031.0 tps, lat 3.984 ms stddev 6.874, 0 failed
progress: 5.0 s, 3786.2 tps, lat 4.213 ms stddev 7.142, 0 failed
progress: 6.0 s, 3770.9 tps, lat 4.237 ms stddev 7.137, 0 failed
progress: 7.0 s, 4604.0 tps, lat 3.495 ms stddev 5.987, 0 failed
progress: 8.0 s, 4100.9 tps, lat 3.883 ms stddev 6.737, 0 failed
progress: 9.0 s, 4143.1 tps, lat 3.858 ms stddev 6.330, 0 failed
progress: 10.0 s, 4133.0 tps, lat 3.865 ms stddev 6.806, 0 failed
progress: 11.0 s, 4809.1 tps, lat 3.328 ms stddev 6.053, 0 failed
progress: 12.0 s, 4029.1 tps, lat 3.980 ms stddev 6.622, 0 failed
progress: 13.0 s, 4688.0 tps, lat 3.381 ms stddev 5.749, 0 failed
progress: 14.0 s, 4240.0 tps, lat 3.807 ms stddev 6.793, 0 failed
progress: 15.0 s, 4296.0 tps, lat 3.707 ms stddev 6.789, 0 failed
progress: 16.0 s, 3947.0 tps, lat 4.080 ms stddev 7.245, 0 failed
progress: 17.0 s, 4220.9 tps, lat 3.786 ms stddev 6.228, 0 failed
progress: 18.0 s, 4137.1 tps, lat 3.845 ms stddev 6.580, 0 failed
progress: 19.0 s, 4017.0 tps, lat 3.993 ms stddev 7.028, 0 failed
progress: 20.0 s, 4910.7 tps, lat 3.269 ms stddev 6.018, 0 failed
progress: 21.0 s, 3728.2 tps, lat 4.283 ms stddev 7.120, 0 failed
progress: 22.0 s, 4336.9 tps, lat 3.688 ms stddev 7.077, 0 failed
progress: 23.0 s, 4053.9 tps, lat 3.928 ms stddev 6.872, 0 failed
progress: 24.0 s, 4193.0 tps, lat 3.817 ms stddev 6.685, 0 failed
progress: 25.0 s, 4359.2 tps, lat 3.679 ms stddev 6.772, 0 failed
progress: 26.0 s, 3885.9 tps, lat 4.124 ms stddev 7.163, 0 failed
progress: 27.0 s, 5266.9 tps, lat 3.031 ms stddev 5.637, 0 failed
progress: 28.0 s, 3653.9 tps, lat 4.359 ms stddev 6.941, 0 failed
progress: 29.0 s, 3548.1 tps, lat 4.542 ms stddev 7.367, 0 failed
progress: 30.0 s, 4136.1 tps, lat 3.833 ms stddev 6.917, 0 failed
progress: 31.0 s, 4275.8 tps, lat 3.783 ms stddev 6.458, 0 failed
progress: 32.0 s, 5231.9 tps, lat 3.058 ms stddev 5.746, 0 failed
progress: 33.0 s, 4180.1 tps, lat 3.784 ms stddev 6.369, 0 failed
progress: 34.0 s, 4511.2 tps, lat 3.578 ms stddev 6.394, 0 failed
progress: 35.0 s, 3844.8 tps, lat 4.124 ms stddev 7.192, 0 failed
progress: 36.0 s, 3893.1 tps, lat 4.132 ms stddev 7.280, 0 failed
progress: 37.0 s, 3749.0 tps, lat 4.265 ms stddev 7.214, 0 failed
progress: 38.0 s, 4106.9 tps, lat 3.923 ms stddev 6.519, 0 failed
progress: 39.0 s, 4134.1 tps, lat 3.854 ms stddev 6.716, 0 failed
progress: 40.0 s, 4819.0 tps, lat 3.323 ms stddev 6.375, 0 failed
progress: 41.0 s, 4639.0 tps, lat 3.457 ms stddev 6.101, 0 failed
progress: 42.0 s, 4697.0 tps, lat 3.405 ms stddev 6.250, 0 failed
progress: 43.0 s, 4695.2 tps, lat 3.392 ms stddev 6.019, 0 failed
progress: 44.0 s, 4759.8 tps, lat 3.378 ms stddev 5.807, 0 failed
progress: 45.0 s, 4854.1 tps, lat 3.290 ms stddev 5.762, 0 failed
progress: 46.0 s, 4186.0 tps, lat 3.805 ms stddev 6.358, 0 failed
progress: 47.0 s, 4982.0 tps, lat 3.211 ms stddev 5.851, 0 failed
progress: 48.0 s, 4463.7 tps, lat 3.572 ms stddev 6.651, 0 failed
progress: 49.0 s, 4064.1 tps, lat 3.949 ms stddev 6.707, 0 failed
progress: 50.0 s, 4007.0 tps, lat 3.951 ms stddev 6.852, 0 failed
progress: 51.0 s, 4225.0 tps, lat 3.848 ms stddev 6.808, 0 failed
progress: 52.0 s, 4043.0 tps, lat 3.961 ms stddev 6.839, 0 failed
progress: 53.0 s, 5070.2 tps, lat 3.161 ms stddev 5.772, 0 failed
progress: 54.0 s, 4221.0 tps, lat 3.762 ms stddev 6.597, 0 failed
progress: 55.0 s, 4340.8 tps, lat 3.689 ms stddev 6.370, 0 failed
progress: 56.0 s, 4460.2 tps, lat 3.596 ms stddev 6.540, 0 failed
progress: 57.0 s, 3418.9 tps, lat 4.674 ms stddev 7.647, 0 failed
progress: 58.0 s, 3871.8 tps, lat 4.132 ms stddev 6.857, 0 failed
progress: 59.0 s, 4033.1 tps, lat 3.988 ms stddev 6.446, 0 failed
transaction type: star-1-left.sql
scaling factor: 1
query mode: prepared
number of clients: 16
number of threads: 16
maximum number of tries: 1
duration: 60 s
number of transactions actually processed: 253334
number of failed transactions: 0 (0.000%)
latency average = 3.783 ms
latency stddev = 6.917 ms
initial connection time = 99.520 ms
tps = 4229.037785 (without initial connection time)
