pgbench (18devel, server 17.0)
progress: 1.0 s, 6506.4 tps, lat 2.439 ms stddev 0.343, 0 failed
progress: 2.0 s, 6615.2 tps, lat 2.419 ms stddev 0.055, 0 failed
progress: 3.0 s, 6515.0 tps, lat 2.454 ms stddev 0.206, 0 failed
progress: 4.0 s, 6529.0 tps, lat 2.451 ms stddev 0.065, 0 failed
progress: 5.0 s, 6552.9 tps, lat 2.442 ms stddev 0.037, 0 failed
progress: 6.0 s, 6582.1 tps, lat 2.429 ms stddev 0.173, 0 failed
progress: 7.0 s, 6560.0 tps, lat 2.439 ms stddev 0.041, 0 failed
progress: 8.0 s, 6597.8 tps, lat 2.424 ms stddev 0.040, 0 failed
progress: 9.0 s, 6550.0 tps, lat 2.443 ms stddev 0.044, 0 failed
progress: 10.0 s, 6561.3 tps, lat 2.438 ms stddev 0.044, 0 failed
progress: 11.0 s, 6576.7 tps, lat 2.432 ms stddev 0.041, 0 failed
progress: 12.0 s, 6563.0 tps, lat 2.437 ms stddev 0.041, 0 failed
progress: 13.0 s, 6552.2 tps, lat 2.441 ms stddev 0.040, 0 failed
progress: 14.0 s, 6589.0 tps, lat 2.428 ms stddev 0.042, 0 failed
progress: 15.0 s, 6589.7 tps, lat 2.427 ms stddev 0.042, 0 failed
progress: 16.0 s, 6580.1 tps, lat 2.431 ms stddev 0.039, 0 failed
progress: 17.0 s, 6574.1 tps, lat 2.434 ms stddev 0.041, 0 failed
progress: 18.0 s, 6599.8 tps, lat 2.423 ms stddev 0.043, 0 failed
progress: 19.0 s, 6595.0 tps, lat 2.426 ms stddev 0.041, 0 failed
progress: 20.0 s, 6574.0 tps, lat 2.432 ms stddev 0.042, 0 failed
progress: 21.0 s, 6559.9 tps, lat 2.439 ms stddev 0.041, 0 failed
progress: 22.0 s, 6585.1 tps, lat 2.429 ms stddev 0.040, 0 failed
progress: 23.0 s, 6576.2 tps, lat 2.433 ms stddev 0.041, 0 failed
progress: 24.0 s, 6605.7 tps, lat 2.421 ms stddev 0.042, 0 failed
progress: 25.0 s, 6573.0 tps, lat 2.433 ms stddev 0.039, 0 failed
progress: 26.0 s, 6614.0 tps, lat 2.419 ms stddev 0.042, 0 failed
progress: 27.0 s, 6556.0 tps, lat 2.439 ms stddev 0.040, 0 failed
progress: 28.0 s, 6563.0 tps, lat 2.438 ms stddev 0.041, 0 failed
progress: 29.0 s, 6571.0 tps, lat 2.434 ms stddev 0.041, 0 failed
progress: 30.0 s, 6586.0 tps, lat 2.430 ms stddev 0.043, 0 failed
progress: 31.0 s, 6571.0 tps, lat 2.434 ms stddev 0.044, 0 failed
progress: 32.0 s, 6579.3 tps, lat 2.431 ms stddev 0.041, 0 failed
progress: 33.0 s, 6587.8 tps, lat 2.428 ms stddev 0.043, 0 failed
progress: 34.0 s, 6595.0 tps, lat 2.425 ms stddev 0.042, 0 failed
progress: 35.0 s, 6574.0 tps, lat 2.434 ms stddev 0.044, 0 failed
progress: 36.0 s, 6582.0 tps, lat 2.430 ms stddev 0.050, 0 failed
progress: 37.0 s, 6590.0 tps, lat 2.427 ms stddev 0.044, 0 failed
progress: 38.0 s, 6570.0 tps, lat 2.435 ms stddev 0.041, 0 failed
progress: 39.0 s, 6572.0 tps, lat 2.434 ms stddev 0.040, 0 failed
progress: 40.0 s, 6586.3 tps, lat 2.430 ms stddev 0.041, 0 failed
progress: 41.0 s, 6588.8 tps, lat 2.427 ms stddev 0.038, 0 failed
progress: 42.0 s, 6606.0 tps, lat 2.422 ms stddev 0.041, 0 failed
progress: 43.0 s, 6585.2 tps, lat 2.429 ms stddev 0.039, 0 failed
progress: 44.0 s, 6562.8 tps, lat 2.437 ms stddev 0.040, 0 failed
progress: 45.0 s, 6571.2 tps, lat 2.434 ms stddev 0.039, 0 failed
progress: 46.0 s, 6588.8 tps, lat 2.428 ms stddev 0.039, 0 failed
progress: 47.0 s, 6584.0 tps, lat 2.430 ms stddev 0.037, 0 failed
progress: 48.0 s, 6573.0 tps, lat 2.433 ms stddev 0.042, 0 failed
progress: 49.0 s, 6581.2 tps, lat 2.432 ms stddev 0.040, 0 failed
progress: 50.0 s, 6584.7 tps, lat 2.429 ms stddev 0.041, 0 failed
progress: 51.0 s, 6558.0 tps, lat 2.440 ms stddev 0.038, 0 failed
progress: 52.0 s, 6583.2 tps, lat 2.430 ms stddev 0.038, 0 failed
progress: 53.0 s, 6575.8 tps, lat 2.433 ms stddev 0.039, 0 failed
progress: 54.0 s, 6611.0 tps, lat 2.419 ms stddev 0.038, 0 failed
progress: 55.0 s, 6588.0 tps, lat 2.428 ms stddev 0.041, 0 failed
progress: 56.0 s, 6589.0 tps, lat 2.428 ms stddev 0.036, 0 failed
progress: 57.0 s, 6583.2 tps, lat 2.430 ms stddev 0.040, 0 failed
progress: 58.0 s, 6600.2 tps, lat 2.424 ms stddev 0.043, 0 failed
progress: 59.0 s, 6555.3 tps, lat 2.440 ms stddev 0.037, 0 failed
transaction type: star-1-left.sql
scaling factor: 1
query mode: simple
number of clients: 16
number of threads: 16
maximum number of tries: 1
duration: 60 s
number of transactions actually processed: 394604
number of failed transactions: 0 (0.000%)
latency average = 2.432 ms
latency stddev = 0.070 ms
initial connection time = 12.117 ms
tps = 6577.803981 (without initial connection time)
