pgbench (18devel, server 14.13)
progress: 1.0 s, 97361.2 tps, lat 0.163 ms stddev 0.737, 0 failed
progress: 2.0 s, 117005.6 tps, lat 0.137 ms stddev 0.007, 0 failed
progress: 3.0 s, 116566.4 tps, lat 0.137 ms stddev 0.007, 0 failed
progress: 4.0 s, 115428.6 tps, lat 0.138 ms stddev 0.010, 0 failed
progress: 5.0 s, 115215.3 tps, lat 0.139 ms stddev 0.009, 0 failed
progress: 6.0 s, 117058.5 tps, lat 0.137 ms stddev 0.007, 0 failed
progress: 7.0 s, 116145.2 tps, lat 0.138 ms stddev 0.009, 0 failed
progress: 8.0 s, 115218.4 tps, lat 0.139 ms stddev 0.012, 0 failed
progress: 9.0 s, 115465.8 tps, lat 0.138 ms stddev 0.011, 0 failed
progress: 10.0 s, 115985.8 tps, lat 0.138 ms stddev 0.008, 0 failed
progress: 11.0 s, 114542.0 tps, lat 0.140 ms stddev 0.012, 0 failed
progress: 12.0 s, 116299.9 tps, lat 0.137 ms stddev 0.020, 0 failed
progress: 13.0 s, 116980.8 tps, lat 0.137 ms stddev 0.006, 0 failed
progress: 14.0 s, 117414.4 tps, lat 0.136 ms stddev 0.006, 0 failed
progress: 15.0 s, 116709.2 tps, lat 0.137 ms stddev 0.006, 0 failed
progress: 16.0 s, 116582.8 tps, lat 0.137 ms stddev 0.006, 0 failed
progress: 17.0 s, 116747.0 tps, lat 0.137 ms stddev 0.007, 0 failed
progress: 18.0 s, 117774.0 tps, lat 0.136 ms stddev 0.006, 0 failed
progress: 19.0 s, 116963.0 tps, lat 0.137 ms stddev 0.009, 0 failed
progress: 20.0 s, 116835.0 tps, lat 0.137 ms stddev 0.010, 0 failed
progress: 21.0 s, 116378.9 tps, lat 0.137 ms stddev 0.018, 0 failed
progress: 22.0 s, 118691.1 tps, lat 0.135 ms stddev 0.006, 0 failed
progress: 23.0 s, 118867.0 tps, lat 0.135 ms stddev 0.005, 0 failed
progress: 24.0 s, 118836.9 tps, lat 0.135 ms stddev 0.014, 0 failed
progress: 25.0 s, 119044.5 tps, lat 0.134 ms stddev 0.006, 0 failed
progress: 26.0 s, 118898.6 tps, lat 0.134 ms stddev 0.006, 0 failed
progress: 27.0 s, 118514.0 tps, lat 0.135 ms stddev 0.007, 0 failed
progress: 28.0 s, 118355.5 tps, lat 0.135 ms stddev 0.006, 0 failed
progress: 29.0 s, 117546.4 tps, lat 0.136 ms stddev 0.010, 0 failed
progress: 30.0 s, 118430.1 tps, lat 0.135 ms stddev 0.006, 0 failed
progress: 31.0 s, 119143.4 tps, lat 0.134 ms stddev 0.005, 0 failed
progress: 32.0 s, 117738.6 tps, lat 0.136 ms stddev 0.007, 0 failed
progress: 33.0 s, 117209.0 tps, lat 0.136 ms stddev 0.008, 0 failed
progress: 34.0 s, 116983.6 tps, lat 0.137 ms stddev 0.011, 0 failed
progress: 35.0 s, 118720.4 tps, lat 0.135 ms stddev 0.005, 0 failed
progress: 36.0 s, 118939.0 tps, lat 0.134 ms stddev 0.005, 0 failed
progress: 37.0 s, 119024.9 tps, lat 0.134 ms stddev 0.005, 0 failed
progress: 38.0 s, 119395.0 tps, lat 0.134 ms stddev 0.005, 0 failed
progress: 39.0 s, 119581.0 tps, lat 0.134 ms stddev 0.005, 0 failed
progress: 40.0 s, 119335.0 tps, lat 0.134 ms stddev 0.005, 0 failed
progress: 41.0 s, 119124.4 tps, lat 0.134 ms stddev 0.005, 0 failed
progress: 42.0 s, 117985.5 tps, lat 0.135 ms stddev 0.006, 0 failed
progress: 43.0 s, 118710.9 tps, lat 0.135 ms stddev 0.006, 0 failed
progress: 44.0 s, 119375.6 tps, lat 0.134 ms stddev 0.005, 0 failed
progress: 45.0 s, 119458.2 tps, lat 0.134 ms stddev 0.005, 0 failed
progress: 46.0 s, 119587.3 tps, lat 0.134 ms stddev 0.005, 0 failed
progress: 47.0 s, 118780.4 tps, lat 0.135 ms stddev 0.006, 0 failed
progress: 48.0 s, 117596.7 tps, lat 0.136 ms stddev 0.010, 0 failed
progress: 49.0 s, 118181.0 tps, lat 0.135 ms stddev 0.014, 0 failed
progress: 50.0 s, 118904.0 tps, lat 0.134 ms stddev 0.005, 0 failed
progress: 51.0 s, 119758.1 tps, lat 0.134 ms stddev 0.005, 0 failed
progress: 52.0 s, 119825.1 tps, lat 0.133 ms stddev 0.005, 0 failed
progress: 53.0 s, 119552.7 tps, lat 0.134 ms stddev 0.005, 0 failed
progress: 54.0 s, 119512.1 tps, lat 0.134 ms stddev 0.005, 0 failed
progress: 55.0 s, 118998.5 tps, lat 0.134 ms stddev 0.005, 0 failed
progress: 56.0 s, 118422.5 tps, lat 0.135 ms stddev 0.014, 0 failed
progress: 57.0 s, 117432.0 tps, lat 0.136 ms stddev 0.011, 0 failed
progress: 58.0 s, 117793.5 tps, lat 0.136 ms stddev 0.007, 0 failed
progress: 59.0 s, 117483.9 tps, lat 0.136 ms stddev 0.007, 0 failed
transaction type: star-1.sql
scaling factor: 1
query mode: prepared
number of clients: 16
number of threads: 16
maximum number of tries: 1
duration: 60 s
number of transactions actually processed: 7051201
number of failed transactions: 0 (0.000%)
latency average = 0.136 ms
latency stddev = 0.087 ms
initial connection time = 12.848 ms
tps = 117544.548214 (without initial connection time)
