pgbench (18devel, server 9.4.26)
progress: 1.0 s, 44075.4 tps, lat 2.827 ms stddev 8.712, 0 failed
progress: 2.0 s, 61589.7 tps, lat 2.078 ms stddev 2.190, 0 failed
progress: 3.0 s, 61952.3 tps, lat 2.066 ms stddev 2.187, 0 failed
progress: 4.0 s, 62600.4 tps, lat 2.045 ms stddev 2.149, 0 failed
progress: 5.0 s, 62571.9 tps, lat 2.045 ms stddev 2.160, 0 failed
progress: 6.0 s, 61947.8 tps, lat 2.067 ms stddev 2.200, 0 failed
progress: 7.0 s, 62292.2 tps, lat 2.054 ms stddev 2.179, 0 failed
progress: 8.0 s, 62518.0 tps, lat 2.047 ms stddev 2.132, 0 failed
progress: 9.0 s, 62179.7 tps, lat 2.058 ms stddev 2.163, 0 failed
progress: 10.0 s, 61487.0 tps, lat 2.082 ms stddev 2.233, 0 failed
progress: 11.0 s, 61714.1 tps, lat 2.073 ms stddev 2.210, 0 failed
progress: 12.0 s, 62440.0 tps, lat 2.050 ms stddev 2.172, 0 failed
progress: 13.0 s, 62158.2 tps, lat 2.056 ms stddev 2.178, 0 failed
progress: 14.0 s, 61094.2 tps, lat 2.098 ms stddev 2.269, 0 failed
progress: 15.0 s, 61785.8 tps, lat 2.072 ms stddev 2.230, 0 failed
progress: 16.0 s, 62358.9 tps, lat 2.052 ms stddev 2.184, 0 failed
progress: 17.0 s, 62209.1 tps, lat 2.057 ms stddev 2.200, 0 failed
progress: 18.0 s, 62005.8 tps, lat 2.064 ms stddev 2.213, 0 failed
progress: 19.0 s, 61878.2 tps, lat 2.066 ms stddev 2.205, 0 failed
progress: 20.0 s, 62138.6 tps, lat 2.062 ms stddev 2.185, 0 failed
progress: 21.0 s, 62826.3 tps, lat 2.036 ms stddev 2.148, 0 failed
progress: 22.0 s, 61134.9 tps, lat 2.094 ms stddev 2.243, 0 failed
progress: 23.0 s, 61520.8 tps, lat 2.080 ms stddev 2.217, 0 failed
progress: 24.0 s, 61849.3 tps, lat 2.070 ms stddev 2.192, 0 failed
progress: 25.0 s, 62761.0 tps, lat 2.039 ms stddev 2.152, 0 failed
progress: 26.0 s, 61771.0 tps, lat 2.072 ms stddev 2.217, 0 failed
progress: 27.0 s, 62067.0 tps, lat 2.062 ms stddev 2.197, 0 failed
progress: 28.0 s, 62406.8 tps, lat 2.050 ms stddev 2.171, 0 failed
progress: 29.0 s, 62642.0 tps, lat 2.043 ms stddev 2.163, 0 failed
progress: 30.0 s, 61643.2 tps, lat 2.077 ms stddev 2.221, 0 failed
progress: 31.0 s, 61944.9 tps, lat 2.067 ms stddev 2.196, 0 failed
progress: 32.0 s, 62391.1 tps, lat 2.051 ms stddev 2.183, 0 failed
progress: 33.0 s, 61991.9 tps, lat 2.064 ms stddev 2.209, 0 failed
progress: 34.0 s, 61731.9 tps, lat 2.074 ms stddev 2.242, 0 failed
progress: 35.0 s, 61821.1 tps, lat 2.070 ms stddev 2.214, 0 failed
progress: 36.0 s, 62148.9 tps, lat 2.060 ms stddev 2.186, 0 failed
progress: 37.0 s, 62034.0 tps, lat 2.062 ms stddev 2.200, 0 failed
progress: 38.0 s, 61818.0 tps, lat 2.070 ms stddev 2.218, 0 failed
progress: 39.0 s, 61370.1 tps, lat 2.086 ms stddev 2.233, 0 failed
progress: 40.0 s, 62233.3 tps, lat 2.057 ms stddev 2.196, 0 failed
progress: 41.0 s, 62257.4 tps, lat 2.055 ms stddev 2.209, 0 failed
progress: 42.0 s, 61629.7 tps, lat 2.077 ms stddev 2.246, 0 failed
progress: 43.0 s, 61748.5 tps, lat 2.073 ms stddev 2.207, 0 failed
progress: 44.0 s, 62080.9 tps, lat 2.062 ms stddev 2.196, 0 failed
progress: 45.0 s, 62766.1 tps, lat 2.039 ms stddev 2.170, 0 failed
progress: 46.0 s, 62316.1 tps, lat 2.054 ms stddev 2.193, 0 failed
progress: 47.0 s, 61720.9 tps, lat 2.073 ms stddev 2.215, 0 failed
progress: 48.0 s, 62482.1 tps, lat 2.049 ms stddev 2.182, 0 failed
progress: 49.0 s, 62743.1 tps, lat 2.040 ms stddev 2.162, 0 failed
progress: 50.0 s, 62033.8 tps, lat 2.062 ms stddev 2.179, 0 failed
progress: 51.0 s, 61966.2 tps, lat 2.066 ms stddev 2.220, 0 failed
progress: 52.0 s, 62648.6 tps, lat 2.043 ms stddev 2.159, 0 failed
progress: 53.0 s, 61936.0 tps, lat 2.066 ms stddev 2.193, 0 failed
progress: 54.0 s, 61743.3 tps, lat 2.074 ms stddev 2.232, 0 failed
progress: 55.0 s, 61518.9 tps, lat 2.079 ms stddev 2.214, 0 failed
progress: 56.0 s, 62562.3 tps, lat 2.047 ms stddev 2.178, 0 failed
progress: 57.0 s, 62022.8 tps, lat 2.064 ms stddev 2.211, 0 failed
progress: 58.0 s, 60968.8 tps, lat 2.099 ms stddev 2.247, 0 failed
progress: 59.0 s, 61964.8 tps, lat 2.066 ms stddev 2.212, 0 failed
transaction type: star-1.sql
scaling factor: 1
query mode: prepared
number of clients: 128
number of threads: 128
maximum number of tries: 1
duration: 60 s
number of transactions actually processed: 3701541
number of failed transactions: 0 (0.000%)
latency average = 2.072 ms
latency stddev = 2.385 ms
initial connection time = 75.380 ms
tps = 61734.762811 (without initial connection time)
