pgbench (18devel, server 9.4.26)
progress: 1.0 s, 92260.9 tps, lat 0.344 ms stddev 1.002, 0 failed
progress: 2.0 s, 105176.6 tps, lat 0.304 ms stddev 0.117, 0 failed
progress: 3.0 s, 104718.2 tps, lat 0.305 ms stddev 0.117, 0 failed
progress: 4.0 s, 104458.8 tps, lat 0.306 ms stddev 0.131, 0 failed
progress: 5.0 s, 102939.3 tps, lat 0.311 ms stddev 0.132, 0 failed
progress: 6.0 s, 104852.1 tps, lat 0.305 ms stddev 0.120, 0 failed
progress: 7.0 s, 104740.2 tps, lat 0.305 ms stddev 0.140, 0 failed
progress: 8.0 s, 106291.3 tps, lat 0.301 ms stddev 0.123, 0 failed
progress: 9.0 s, 106774.3 tps, lat 0.299 ms stddev 0.116, 0 failed
progress: 10.0 s, 106817.0 tps, lat 0.299 ms stddev 0.113, 0 failed
progress: 11.0 s, 106070.3 tps, lat 0.301 ms stddev 0.114, 0 failed
progress: 12.0 s, 107614.9 tps, lat 0.297 ms stddev 0.111, 0 failed
progress: 13.0 s, 106274.9 tps, lat 0.301 ms stddev 0.116, 0 failed
progress: 14.0 s, 107615.1 tps, lat 0.297 ms stddev 0.124, 0 failed
progress: 15.0 s, 106882.9 tps, lat 0.299 ms stddev 0.126, 0 failed
progress: 16.0 s, 107075.8 tps, lat 0.299 ms stddev 0.117, 0 failed
progress: 17.0 s, 104346.2 tps, lat 0.306 ms stddev 0.129, 0 failed
progress: 18.0 s, 105005.2 tps, lat 0.305 ms stddev 0.128, 0 failed
progress: 19.0 s, 105838.6 tps, lat 0.302 ms stddev 0.125, 0 failed
progress: 20.0 s, 107819.2 tps, lat 0.297 ms stddev 0.115, 0 failed
progress: 21.0 s, 107780.9 tps, lat 0.297 ms stddev 0.120, 0 failed
progress: 22.0 s, 107740.3 tps, lat 0.297 ms stddev 0.114, 0 failed
progress: 23.0 s, 107179.8 tps, lat 0.298 ms stddev 0.117, 0 failed
progress: 24.0 s, 106757.6 tps, lat 0.300 ms stddev 0.121, 0 failed
progress: 25.0 s, 106375.0 tps, lat 0.301 ms stddev 0.120, 0 failed
progress: 26.0 s, 106837.2 tps, lat 0.299 ms stddev 0.119, 0 failed
progress: 27.0 s, 107660.1 tps, lat 0.297 ms stddev 0.120, 0 failed
progress: 28.0 s, 107554.3 tps, lat 0.297 ms stddev 0.111, 0 failed
progress: 29.0 s, 106370.8 tps, lat 0.301 ms stddev 0.129, 0 failed
progress: 30.0 s, 105716.0 tps, lat 0.302 ms stddev 0.124, 0 failed
progress: 31.0 s, 106488.8 tps, lat 0.300 ms stddev 0.124, 0 failed
progress: 32.0 s, 107855.1 tps, lat 0.296 ms stddev 0.110, 0 failed
progress: 33.0 s, 106410.4 tps, lat 0.300 ms stddev 0.117, 0 failed
progress: 34.0 s, 106049.8 tps, lat 0.301 ms stddev 0.120, 0 failed
progress: 35.0 s, 105848.2 tps, lat 0.302 ms stddev 0.126, 0 failed
progress: 36.0 s, 107073.1 tps, lat 0.299 ms stddev 0.117, 0 failed
progress: 37.0 s, 106629.6 tps, lat 0.300 ms stddev 0.118, 0 failed
progress: 38.0 s, 106115.9 tps, lat 0.301 ms stddev 0.118, 0 failed
progress: 39.0 s, 106473.2 tps, lat 0.300 ms stddev 0.118, 0 failed
progress: 40.0 s, 105977.3 tps, lat 0.302 ms stddev 0.119, 0 failed
progress: 41.0 s, 104644.0 tps, lat 0.306 ms stddev 0.119, 0 failed
progress: 42.0 s, 106394.8 tps, lat 0.301 ms stddev 0.124, 0 failed
progress: 43.0 s, 106680.3 tps, lat 0.300 ms stddev 0.121, 0 failed
progress: 44.0 s, 107502.4 tps, lat 0.297 ms stddev 0.111, 0 failed
progress: 45.0 s, 106326.2 tps, lat 0.301 ms stddev 0.119, 0 failed
progress: 46.0 s, 106181.4 tps, lat 0.301 ms stddev 0.113, 0 failed
progress: 47.0 s, 107308.8 tps, lat 0.298 ms stddev 0.116, 0 failed
progress: 48.0 s, 104718.6 tps, lat 0.305 ms stddev 0.133, 0 failed
progress: 49.0 s, 105199.3 tps, lat 0.304 ms stddev 0.116, 0 failed
progress: 50.0 s, 107250.3 tps, lat 0.298 ms stddev 0.117, 0 failed
progress: 51.0 s, 106435.8 tps, lat 0.300 ms stddev 0.119, 0 failed
progress: 52.0 s, 105883.1 tps, lat 0.302 ms stddev 0.119, 0 failed
progress: 53.0 s, 104940.3 tps, lat 0.305 ms stddev 0.117, 0 failed
progress: 54.0 s, 106587.5 tps, lat 0.300 ms stddev 0.115, 0 failed
progress: 55.0 s, 106224.0 tps, lat 0.301 ms stddev 0.113, 0 failed
progress: 56.0 s, 106056.8 tps, lat 0.301 ms stddev 0.121, 0 failed
progress: 57.0 s, 105068.0 tps, lat 0.304 ms stddev 0.118, 0 failed
progress: 58.0 s, 105099.2 tps, lat 0.304 ms stddev 0.126, 0 failed
progress: 59.0 s, 105716.7 tps, lat 0.302 ms stddev 0.120, 0 failed
transaction type: star-1.sql
scaling factor: 1
query mode: prepared
number of clients: 32
number of threads: 32
maximum number of tries: 1
duration: 60 s
number of transactions actually processed: 6358038
number of failed transactions: 0 (0.000%)
latency average = 0.302 ms
latency stddev = 0.170 ms
initial connection time = 21.803 ms
tps = 106004.857521 (without initial connection time)
