pgbench (18devel, server 9.5.25)
progress: 1.0 s, 63470.4 tps, lat 1.962 ms stddev 2.726, 0 failed
progress: 2.0 s, 69787.0 tps, lat 1.836 ms stddev 1.825, 0 failed
progress: 3.0 s, 70270.8 tps, lat 1.820 ms stddev 1.786, 0 failed
progress: 4.0 s, 69333.2 tps, lat 1.847 ms stddev 1.851, 0 failed
progress: 5.0 s, 69070.9 tps, lat 1.852 ms stddev 1.853, 0 failed
progress: 6.0 s, 69325.2 tps, lat 1.847 ms stddev 1.861, 0 failed
progress: 7.0 s, 69666.9 tps, lat 1.837 ms stddev 1.832, 0 failed
progress: 8.0 s, 68474.9 tps, lat 1.868 ms stddev 1.882, 0 failed
progress: 9.0 s, 68808.2 tps, lat 1.861 ms stddev 1.873, 0 failed
progress: 10.0 s, 68684.9 tps, lat 1.863 ms stddev 1.867, 0 failed
progress: 11.0 s, 69586.3 tps, lat 1.839 ms stddev 1.842, 0 failed
progress: 12.0 s, 68692.9 tps, lat 1.863 ms stddev 1.882, 0 failed
progress: 13.0 s, 68692.8 tps, lat 1.863 ms stddev 1.889, 0 failed
progress: 14.0 s, 68670.1 tps, lat 1.864 ms stddev 1.889, 0 failed
progress: 15.0 s, 69305.1 tps, lat 1.846 ms stddev 1.852, 0 failed
progress: 16.0 s, 68968.9 tps, lat 1.855 ms stddev 1.867, 0 failed
progress: 17.0 s, 68563.1 tps, lat 1.867 ms stddev 1.888, 0 failed
progress: 18.0 s, 69267.1 tps, lat 1.848 ms stddev 1.858, 0 failed
progress: 19.0 s, 69671.8 tps, lat 1.837 ms stddev 1.815, 0 failed
progress: 20.0 s, 69091.1 tps, lat 1.852 ms stddev 1.860, 0 failed
progress: 21.0 s, 69205.1 tps, lat 1.850 ms stddev 1.864, 0 failed
progress: 22.0 s, 69365.0 tps, lat 1.845 ms stddev 1.858, 0 failed
progress: 23.0 s, 69626.6 tps, lat 1.839 ms stddev 1.834, 0 failed
progress: 24.0 s, 68729.4 tps, lat 1.862 ms stddev 1.886, 0 failed
progress: 25.0 s, 68899.9 tps, lat 1.858 ms stddev 1.885, 0 failed
progress: 26.0 s, 68592.1 tps, lat 1.865 ms stddev 1.888, 0 failed
progress: 27.0 s, 69323.1 tps, lat 1.846 ms stddev 1.844, 0 failed
progress: 28.0 s, 68753.9 tps, lat 1.862 ms stddev 1.880, 0 failed
progress: 29.0 s, 69296.1 tps, lat 1.847 ms stddev 1.863, 0 failed
progress: 30.0 s, 68604.6 tps, lat 1.865 ms stddev 1.888, 0 failed
progress: 31.0 s, 69849.2 tps, lat 1.832 ms stddev 1.838, 0 failed
progress: 32.0 s, 68471.1 tps, lat 1.867 ms stddev 1.888, 0 failed
progress: 33.0 s, 69004.9 tps, lat 1.858 ms stddev 1.891, 0 failed
progress: 34.0 s, 69194.0 tps, lat 1.849 ms stddev 1.869, 0 failed
progress: 35.0 s, 69658.0 tps, lat 1.837 ms stddev 1.839, 0 failed
progress: 36.0 s, 69063.1 tps, lat 1.853 ms stddev 1.876, 0 failed
progress: 37.0 s, 69106.8 tps, lat 1.852 ms stddev 1.863, 0 failed
progress: 38.0 s, 68596.1 tps, lat 1.866 ms stddev 1.891, 0 failed
progress: 39.0 s, 69369.1 tps, lat 1.844 ms stddev 1.852, 0 failed
progress: 40.0 s, 68693.9 tps, lat 1.863 ms stddev 1.881, 0 failed
progress: 41.0 s, 68662.8 tps, lat 1.864 ms stddev 1.887, 0 failed
progress: 42.0 s, 68970.3 tps, lat 1.856 ms stddev 1.873, 0 failed
progress: 43.0 s, 69776.9 tps, lat 1.834 ms stddev 1.823, 0 failed
progress: 44.0 s, 69076.7 tps, lat 1.852 ms stddev 1.886, 0 failed
progress: 45.0 s, 69123.6 tps, lat 1.852 ms stddev 1.872, 0 failed
progress: 46.0 s, 69102.7 tps, lat 1.852 ms stddev 1.865, 0 failed
progress: 47.0 s, 69530.2 tps, lat 1.840 ms stddev 1.842, 0 failed
progress: 48.0 s, 68763.7 tps, lat 1.861 ms stddev 1.886, 0 failed
progress: 49.0 s, 68839.3 tps, lat 1.859 ms stddev 1.886, 0 failed
progress: 50.0 s, 68933.5 tps, lat 1.857 ms stddev 1.874, 0 failed
progress: 51.0 s, 69602.3 tps, lat 1.839 ms stddev 1.835, 0 failed
progress: 52.0 s, 68969.9 tps, lat 1.855 ms stddev 1.861, 0 failed
progress: 53.0 s, 68324.1 tps, lat 1.874 ms stddev 1.902, 0 failed
progress: 54.0 s, 68845.1 tps, lat 1.859 ms stddev 1.869, 0 failed
progress: 55.0 s, 69766.8 tps, lat 1.834 ms stddev 1.830, 0 failed
progress: 56.0 s, 68544.3 tps, lat 1.867 ms stddev 1.903, 0 failed
progress: 57.0 s, 68478.7 tps, lat 1.870 ms stddev 1.897, 0 failed
progress: 58.0 s, 69187.3 tps, lat 1.850 ms stddev 1.858, 0 failed
progress: 59.0 s, 69827.0 tps, lat 1.833 ms stddev 1.838, 0 failed
transaction type: star-1-left.sql
scaling factor: 1
query mode: prepared
number of clients: 128
number of threads: 128
maximum number of tries: 1
duration: 60 s
number of transactions actually processed: 4137141
number of failed transactions: 0 (0.000%)
latency average = 1.854 ms
latency stddev = 1.883 ms
initial connection time = 74.920 ms
tps = 68994.710452 (without initial connection time)
