pgbench (18devel, server 9.5.25)
progress: 1.0 s, 92320.0 tps, lat 0.172 ms stddev 0.170, 0 failed
progress: 2.0 s, 97583.7 tps, lat 0.164 ms stddev 0.012, 0 failed
progress: 3.0 s, 97631.4 tps, lat 0.164 ms stddev 0.025, 0 failed
progress: 4.0 s, 99983.1 tps, lat 0.160 ms stddev 0.012, 0 failed
progress: 5.0 s, 99805.0 tps, lat 0.160 ms stddev 0.012, 0 failed
progress: 6.0 s, 99934.9 tps, lat 0.160 ms stddev 0.019, 0 failed
progress: 7.0 s, 99917.1 tps, lat 0.160 ms stddev 0.013, 0 failed
progress: 8.0 s, 100012.0 tps, lat 0.160 ms stddev 0.013, 0 failed
progress: 9.0 s, 100000.4 tps, lat 0.160 ms stddev 0.012, 0 failed
progress: 10.0 s, 100783.0 tps, lat 0.159 ms stddev 0.011, 0 failed
progress: 11.0 s, 100649.9 tps, lat 0.159 ms stddev 0.012, 0 failed
progress: 12.0 s, 98590.0 tps, lat 0.162 ms stddev 0.020, 0 failed
progress: 13.0 s, 98794.1 tps, lat 0.162 ms stddev 0.013, 0 failed
progress: 14.0 s, 99269.4 tps, lat 0.161 ms stddev 0.019, 0 failed
progress: 15.0 s, 100233.9 tps, lat 0.160 ms stddev 0.011, 0 failed
progress: 16.0 s, 100304.7 tps, lat 0.159 ms stddev 0.012, 0 failed
progress: 17.0 s, 99041.9 tps, lat 0.161 ms stddev 0.019, 0 failed
progress: 18.0 s, 98269.1 tps, lat 0.163 ms stddev 0.029, 0 failed
progress: 19.0 s, 99200.1 tps, lat 0.161 ms stddev 0.012, 0 failed
progress: 20.0 s, 99321.0 tps, lat 0.161 ms stddev 0.019, 0 failed
progress: 21.0 s, 99893.0 tps, lat 0.160 ms stddev 0.012, 0 failed
progress: 22.0 s, 99560.0 tps, lat 0.161 ms stddev 0.014, 0 failed
progress: 23.0 s, 98889.9 tps, lat 0.162 ms stddev 0.013, 0 failed
progress: 24.0 s, 99289.1 tps, lat 0.161 ms stddev 0.019, 0 failed
progress: 25.0 s, 100298.2 tps, lat 0.159 ms stddev 0.012, 0 failed
progress: 26.0 s, 100407.6 tps, lat 0.159 ms stddev 0.011, 0 failed
progress: 27.0 s, 100343.1 tps, lat 0.159 ms stddev 0.012, 0 failed
progress: 28.0 s, 100087.8 tps, lat 0.160 ms stddev 0.012, 0 failed
progress: 29.0 s, 99035.2 tps, lat 0.161 ms stddev 0.012, 0 failed
progress: 30.0 s, 98898.7 tps, lat 0.162 ms stddev 0.012, 0 failed
progress: 31.0 s, 98257.1 tps, lat 0.163 ms stddev 0.013, 0 failed
progress: 32.0 s, 99048.8 tps, lat 0.161 ms stddev 0.036, 0 failed
progress: 33.0 s, 99721.4 tps, lat 0.160 ms stddev 0.012, 0 failed
progress: 34.0 s, 99711.6 tps, lat 0.160 ms stddev 0.012, 0 failed
progress: 35.0 s, 98562.5 tps, lat 0.162 ms stddev 0.013, 0 failed
progress: 36.0 s, 99266.8 tps, lat 0.161 ms stddev 0.019, 0 failed
progress: 37.0 s, 100468.1 tps, lat 0.159 ms stddev 0.018, 0 failed
progress: 38.0 s, 100575.8 tps, lat 0.159 ms stddev 0.011, 0 failed
progress: 39.0 s, 100080.3 tps, lat 0.160 ms stddev 0.018, 0 failed
progress: 40.0 s, 100698.6 tps, lat 0.159 ms stddev 0.019, 0 failed
progress: 41.0 s, 100518.0 tps, lat 0.159 ms stddev 0.018, 0 failed
progress: 42.0 s, 100633.4 tps, lat 0.159 ms stddev 0.011, 0 failed
progress: 43.0 s, 100861.0 tps, lat 0.159 ms stddev 0.011, 0 failed
progress: 44.0 s, 100445.9 tps, lat 0.159 ms stddev 0.018, 0 failed
progress: 45.0 s, 99533.4 tps, lat 0.161 ms stddev 0.016, 0 failed
progress: 46.0 s, 100319.6 tps, lat 0.159 ms stddev 0.019, 0 failed
progress: 47.0 s, 100521.5 tps, lat 0.159 ms stddev 0.011, 0 failed
progress: 48.0 s, 100902.6 tps, lat 0.158 ms stddev 0.011, 0 failed
progress: 49.0 s, 100852.6 tps, lat 0.159 ms stddev 0.011, 0 failed
progress: 50.0 s, 100743.1 tps, lat 0.159 ms stddev 0.011, 0 failed
progress: 51.0 s, 100719.3 tps, lat 0.159 ms stddev 0.011, 0 failed
progress: 52.0 s, 100646.2 tps, lat 0.159 ms stddev 0.023, 0 failed
progress: 53.0 s, 100866.8 tps, lat 0.159 ms stddev 0.011, 0 failed
progress: 54.0 s, 100335.0 tps, lat 0.159 ms stddev 0.012, 0 failed
progress: 55.0 s, 100803.9 tps, lat 0.159 ms stddev 0.011, 0 failed
progress: 56.0 s, 100951.1 tps, lat 0.158 ms stddev 0.019, 0 failed
progress: 57.0 s, 100667.9 tps, lat 0.159 ms stddev 0.011, 0 failed
progress: 58.0 s, 99262.0 tps, lat 0.161 ms stddev 0.025, 0 failed
progress: 59.0 s, 99277.7 tps, lat 0.161 ms stddev 0.012, 0 failed
transaction type: star-1-left.sql
scaling factor: 1
query mode: prepared
number of clients: 16
number of threads: 16
maximum number of tries: 1
duration: 60 s
number of transactions actually processed: 5981673
number of failed transactions: 0 (0.000%)
latency average = 0.160 ms
latency stddev = 0.026 ms
initial connection time = 11.854 ms
tps = 99713.696692 (without initial connection time)
