pgbench (18devel, server 9.5.25)
progress: 1.0 s, 70889.9 tps, lat 0.887 ms stddev 1.175, 0 failed
progress: 2.0 s, 74471.8 tps, lat 0.859 ms stddev 0.799, 0 failed
progress: 3.0 s, 75271.3 tps, lat 0.850 ms stddev 0.788, 0 failed
progress: 4.0 s, 74408.7 tps, lat 0.860 ms stddev 0.813, 0 failed
progress: 5.0 s, 74369.1 tps, lat 0.860 ms stddev 0.809, 0 failed
progress: 6.0 s, 74555.8 tps, lat 0.858 ms stddev 0.805, 0 failed
progress: 7.0 s, 76130.3 tps, lat 0.840 ms stddev 0.777, 0 failed
progress: 8.0 s, 74944.0 tps, lat 0.854 ms stddev 0.800, 0 failed
progress: 9.0 s, 74554.0 tps, lat 0.858 ms stddev 0.805, 0 failed
progress: 10.0 s, 75293.9 tps, lat 0.850 ms stddev 0.792, 0 failed
progress: 11.0 s, 75831.8 tps, lat 0.844 ms stddev 0.780, 0 failed
progress: 12.0 s, 74962.9 tps, lat 0.854 ms stddev 0.796, 0 failed
progress: 13.0 s, 74649.4 tps, lat 0.857 ms stddev 0.808, 0 failed
progress: 14.0 s, 74598.0 tps, lat 0.858 ms stddev 0.808, 0 failed
progress: 15.0 s, 76172.1 tps, lat 0.840 ms stddev 0.779, 0 failed
progress: 16.0 s, 74997.9 tps, lat 0.853 ms stddev 0.798, 0 failed
progress: 17.0 s, 75002.2 tps, lat 0.853 ms stddev 0.802, 0 failed
progress: 18.0 s, 74975.9 tps, lat 0.853 ms stddev 0.800, 0 failed
progress: 19.0 s, 75261.9 tps, lat 0.850 ms stddev 0.796, 0 failed
progress: 20.0 s, 75805.2 tps, lat 0.844 ms stddev 0.786, 0 failed
progress: 21.0 s, 75506.0 tps, lat 0.848 ms stddev 0.794, 0 failed
progress: 22.0 s, 75395.9 tps, lat 0.848 ms stddev 0.796, 0 failed
progress: 23.0 s, 76718.0 tps, lat 0.834 ms stddev 0.769, 0 failed
progress: 24.0 s, 74957.1 tps, lat 0.853 ms stddev 0.797, 0 failed
progress: 25.0 s, 74393.9 tps, lat 0.860 ms stddev 0.817, 0 failed
progress: 26.0 s, 74834.9 tps, lat 0.855 ms stddev 0.797, 0 failed
progress: 27.0 s, 76682.1 tps, lat 0.834 ms stddev 0.771, 0 failed
progress: 28.0 s, 74648.1 tps, lat 0.857 ms stddev 0.808, 0 failed
progress: 29.0 s, 74197.6 tps, lat 0.862 ms stddev 0.817, 0 failed
progress: 30.0 s, 75016.2 tps, lat 0.853 ms stddev 0.804, 0 failed
progress: 31.0 s, 76251.8 tps, lat 0.839 ms stddev 0.777, 0 failed
progress: 32.0 s, 74698.1 tps, lat 0.856 ms stddev 0.807, 0 failed
progress: 33.0 s, 74944.1 tps, lat 0.854 ms stddev 0.804, 0 failed
progress: 34.0 s, 74928.9 tps, lat 0.854 ms stddev 0.802, 0 failed
progress: 35.0 s, 76554.2 tps, lat 0.836 ms stddev 0.769, 0 failed
progress: 36.0 s, 74937.0 tps, lat 0.854 ms stddev 0.805, 0 failed
progress: 37.0 s, 75224.0 tps, lat 0.851 ms stddev 0.799, 0 failed
progress: 38.0 s, 75197.8 tps, lat 0.851 ms stddev 0.796, 0 failed
progress: 39.0 s, 76353.5 tps, lat 0.838 ms stddev 0.774, 0 failed
progress: 40.0 s, 74754.4 tps, lat 0.856 ms stddev 0.809, 0 failed
progress: 41.0 s, 74518.1 tps, lat 0.859 ms stddev 0.814, 0 failed
progress: 42.0 s, 74831.2 tps, lat 0.855 ms stddev 0.804, 0 failed
progress: 43.0 s, 76372.8 tps, lat 0.838 ms stddev 0.771, 0 failed
progress: 44.0 s, 75387.9 tps, lat 0.849 ms stddev 0.792, 0 failed
progress: 45.0 s, 74465.0 tps, lat 0.859 ms stddev 0.808, 0 failed
progress: 46.0 s, 74862.4 tps, lat 0.855 ms stddev 0.801, 0 failed
progress: 47.0 s, 76358.6 tps, lat 0.838 ms stddev 0.769, 0 failed
progress: 48.0 s, 74883.0 tps, lat 0.855 ms stddev 0.801, 0 failed
progress: 49.0 s, 73818.1 tps, lat 0.867 ms stddev 0.819, 0 failed
progress: 50.0 s, 75366.5 tps, lat 0.849 ms stddev 0.795, 0 failed
progress: 51.0 s, 77316.5 tps, lat 0.828 ms stddev 0.761, 0 failed
progress: 52.0 s, 74921.0 tps, lat 0.854 ms stddev 0.800, 0 failed
progress: 53.0 s, 74783.8 tps, lat 0.856 ms stddev 0.811, 0 failed
progress: 54.0 s, 74375.2 tps, lat 0.860 ms stddev 0.812, 0 failed
progress: 55.0 s, 76275.0 tps, lat 0.839 ms stddev 0.770, 0 failed
progress: 56.0 s, 74469.9 tps, lat 0.859 ms stddev 0.813, 0 failed
progress: 57.0 s, 74559.1 tps, lat 0.858 ms stddev 0.807, 0 failed
progress: 58.0 s, 74780.9 tps, lat 0.856 ms stddev 0.803, 0 failed
progress: 59.0 s, 76201.2 tps, lat 0.840 ms stddev 0.778, 0 failed
transaction type: star-1-left.sql
scaling factor: 1
query mode: prepared
number of clients: 64
number of threads: 64
maximum number of tries: 1
duration: 60 s
number of transactions actually processed: 4504713
number of failed transactions: 0 (0.000%)
latency average = 0.852 ms
latency stddev = 0.804 ms
initial connection time = 45.028 ms
tps = 75131.496418 (without initial connection time)
