set max_parallel_maintenance_workers = 0;
SET
set max_parallel_workers_per_gather = 0;
SET
Timing is on.
Timing is on.
ALTER TABLE SUPPLIER ADD FOREIGN KEY (S_NATIONKEY) REFERENCES NATION (N_NATIONKEY);
ALTER TABLE
Time: 14.865 ms
ALTER TABLE PARTSUPP ADD FOREIGN KEY (PS_PARTKEY) REFERENCES PART (P_PARTKEY);
ALTER TABLE
Time: 988.041 ms
ALTER TABLE PARTSUPP ADD FOREIGN KEY (PS_SUPPKEY) REFERENCES SUPPLIER (S_SUPPKEY);
ALTER TABLE
Time: 1003.509 ms (00:01.004)
ALTER TABLE CUSTOMER ADD FOREIGN KEY (C_NATIONKEY) REFERENCES NATION (N_NATIONKEY);
ALTER TABLE
Time: 169.104 ms
ALTER TABLE ORDERS ADD FOREIGN KEY (O_CUSTKEY) REFERENCES CUSTOMER (C_CUSTKEY);
ALTER TABLE
Time: 2221.328 ms (00:02.221)
ALTER TABLE LINEITEM ADD FOREIGN KEY (L_ORDERKEY) REFERENCES ORDERS (O_ORDERKEY);
ALTER TABLE
Time: 7608.493 ms (00:07.608)
ALTER TABLE LINEITEM ADD FOREIGN KEY (L_PARTKEY, L_SUPPKEY) REFERENCES PARTSUPP (PS_PARTKEY, PS_SUPPKEY);
ALTER TABLE
Time: 13051.413 ms (00:13.051)
ALTER TABLE NATION ADD FOREIGN KEY (N_REGIONKEY) REFERENCES REGION (R_REGIONKEY);
ALTER TABLE
Time: 1.444 ms
ANALYZE;
ANALYZE
Time: 3368.790 ms (00:03.369)
