set max_parallel_maintenance_workers = 4;
SET
set max_parallel_workers_per_gather = 4;
SET
Timing is on.
Timing is on.
ALTER TABLE SUPPLIER ADD FOREIGN KEY (S_NATIONKEY) REFERENCES NATION (N_NATIONKEY);
ALTER TABLE
Time: 3.998 ms
ALTER TABLE PARTSUPP ADD FOREIGN KEY (PS_PARTKEY) REFERENCES PART (P_PARTKEY);
ALTER TABLE
Time: 146.823 ms
ALTER TABLE PARTSUPP ADD FOREIGN KEY (PS_SUPPKEY) REFERENCES SUPPLIER (S_SUPPKEY);
ALTER TABLE
Time: 93.953 ms
ALTER TABLE CUSTOMER ADD FOREIGN KEY (C_NATIONKEY) REFERENCES NATION (N_NATIONKEY);
ALTER TABLE
Time: 18.532 ms
ALTER TABLE ORDERS ADD FOREIGN KEY (O_CUSTKEY) REFERENCES CUSTOMER (C_CUSTKEY);
ALTER TABLE
Time: 206.180 ms
ALTER TABLE LINEITEM ADD FOREIGN KEY (L_ORDERKEY) REFERENCES ORDERS (O_ORDERKEY);
ALTER TABLE
Time: 711.148 ms
ALTER TABLE LINEITEM ADD FOREIGN KEY (L_PARTKEY, L_SUPPKEY) REFERENCES PARTSUPP (PS_PARTKEY, PS_SUPPKEY);
ALTER TABLE
Time: 991.557 ms
ALTER TABLE NATION ADD FOREIGN KEY (N_REGIONKEY) REFERENCES REGION (R_REGIONKEY);
ALTER TABLE
Time: 1.197 ms
ANALYZE;
ANALYZE
Time: 1556.024 ms (00:01.556)
