set max_parallel_maintenance_workers = 4;
SET
set max_parallel_workers_per_gather = 4;
SET
Timing is on.
Timing is on.
BEGIN;
BEGIN
Time: 0.116 ms
CREATE TABLE PART (
	P_PARTKEY		SERIAL,
	P_NAME			VARCHAR(55),
	P_MFGR			CHAR(25),
	P_BRAND			CHAR(10),
	P_TYPE			VARCHAR(25),
	P_SIZE			INTEGER,
	P_CONTAINER		CHAR(10),
	P_RETAILPRICE	DECIMAL,
	P_COMMENT		VARCHAR(23)
);
CREATE TABLE
Time: 4.874 ms
CREATE TABLE SUPPLIER (
	S_SUPPKEY		SERIAL,
	S_NAME			CHAR(25),
	S_ADDRESS		VARCHAR(40),
	S_NATIONKEY		INTEGER NOT NULL, -- references N_NATIONKEY
	S_PHONE			CHAR(15),
	S_ACCTBAL		DECIMAL,
	S_COMMENT		VARCHAR(101)
);
CREATE TABLE
Time: 2.559 ms
CREATE TABLE PARTSUPP (
	PS_PARTKEY		INTEGER NOT NULL, -- references P_PARTKEY
	PS_SUPPKEY		INTEGER NOT NULL, -- references S_SUPPKEY
	PS_AVAILQTY		INTEGER,
	PS_SUPPLYCOST	DECIMAL,
	PS_COMMENT		VARCHAR(199)
);
CREATE TABLE
Time: 1.832 ms
CREATE TABLE CUSTOMER (
	C_CUSTKEY		SERIAL,
	C_NAME			VARCHAR(25),
	C_ADDRESS		VARCHAR(40),
	C_NATIONKEY		INTEGER NOT NULL, -- references N_NATIONKEY
	C_PHONE			CHAR(15),
	C_ACCTBAL		DECIMAL,
	C_MKTSEGMENT	CHAR(10),
	C_COMMENT		VARCHAR(117)
);
CREATE TABLE
Time: 2.291 ms
CREATE TABLE ORDERS (
	O_ORDERKEY		SERIAL,
	O_CUSTKEY		INTEGER NOT NULL, -- references C_CUSTKEY
	O_ORDERSTATUS	CHAR(1),
	O_TOTALPRICE	DECIMAL,
	O_ORDERDATE		DATE,
	O_ORDERPRIORITY	CHAR(15),
	O_CLERK			CHAR(15),
	O_SHIPPRIORITY	INTEGER,
	O_COMMENT		VARCHAR(79)
);
CREATE TABLE
Time: 2.322 ms
CREATE TABLE LINEITEM (
	L_ORDERKEY		INTEGER NOT NULL, -- references O_ORDERKEY
	L_PARTKEY		INTEGER NOT NULL, -- references P_PARTKEY (compound fk to PARTSUPP)
	L_SUPPKEY		INTEGER NOT NULL, -- references S_SUPPKEY (compound fk to PARTSUPP)
	L_LINENUMBER	INTEGER,
	L_QUANTITY		DECIMAL,
	L_EXTENDEDPRICE	DECIMAL,
	L_DISCOUNT		DECIMAL,
	L_TAX			DECIMAL,
	L_RETURNFLAG	CHAR(1),
	L_LINESTATUS	CHAR(1),
	L_SHIPDATE		DATE,
	L_COMMITDATE	DATE,
	L_RECEIPTDATE	DATE,
	L_SHIPINSTRUCT	CHAR(25),
	L_SHIPMODE		CHAR(10),
	L_COMMENT		VARCHAR(44)
);
CREATE TABLE
Time: 1.909 ms
CREATE TABLE NATION (
	N_NATIONKEY		SERIAL,
	N_NAME			CHAR(25),
	N_REGIONKEY		INTEGER NOT NULL,  -- references R_REGIONKEY
	N_COMMENT		VARCHAR(152)
);
CREATE TABLE
Time: 0.764 ms
CREATE TABLE REGION (
	R_REGIONKEY	SERIAL,
	R_NAME		CHAR(25),
	R_COMMENT	VARCHAR(152)
);
CREATE TABLE
Time: 0.673 ms
COPY part FROM '/mnt/data/tpch/1/part.csv' WITH (FORMAT csv, DELIMITER '|');
COPY 200000
Time: 455.784 ms
COPY region FROM '/mnt/data/tpch/1/region.csv' WITH (FORMAT csv, DELIMITER '|');
COPY 5
Time: 0.635 ms
COPY nation FROM '/mnt/data/tpch/1/nation.csv' WITH (FORMAT csv, DELIMITER '|');
COPY 25
Time: 0.588 ms
COPY supplier FROM '/mnt/data/tpch/1/supplier.csv' WITH (FORMAT csv, DELIMITER '|');
COPY 10000
Time: 20.736 ms
COPY customer FROM '/mnt/data/tpch/1/customer.csv' WITH (FORMAT csv, DELIMITER '|');
COPY 150000
Time: 359.075 ms
COPY partsupp FROM '/mnt/data/tpch/1/partsupp.csv' WITH (FORMAT csv, DELIMITER '|');
COPY 800000
Time: 1736.246 ms (00:01.736)
COPY orders FROM '/mnt/data/tpch/1/orders.csv' WITH (FORMAT csv, DELIMITER '|');
COPY 1500000
Time: 3513.412 ms (00:03.513)
COPY lineitem FROM '/mnt/data/tpch/1/lineitem.csv' WITH (FORMAT csv, DELIMITER '|');
COPY 6001215
Time: 20408.001 ms (00:20.408)
ALTER TABLE lineitem ALTER l_orderkey SET (n_distinct = -0.25);
ALTER TABLE
Time: 0.232 ms
COMMIT;
COMMIT
Time: 6.829 ms
VACUUM ANALYZE;
VACUUM
Time: 2920.867 ms (00:02.921)
ALTER TABLE PART ADD PRIMARY KEY (P_PARTKEY);
ALTER TABLE
Time: 65.376 ms
ALTER TABLE SUPPLIER ADD PRIMARY KEY (S_SUPPKEY);
ALTER TABLE
Time: 6.176 ms
ALTER TABLE PARTSUPP ADD PRIMARY KEY (PS_PARTKEY, PS_SUPPKEY);
ALTER TABLE
Time: 336.053 ms
ALTER TABLE CUSTOMER ADD PRIMARY KEY (C_CUSTKEY);
ALTER TABLE
Time: 47.214 ms
ALTER TABLE ORDERS ADD PRIMARY KEY (O_ORDERKEY);
ALTER TABLE
Time: 546.225 ms
ALTER TABLE LINEITEM ADD PRIMARY KEY (L_ORDERKEY, L_LINENUMBER);
ALTER TABLE
Time: 2769.262 ms (00:02.769)
ALTER TABLE NATION ADD PRIMARY KEY (N_NATIONKEY);
ALTER TABLE
Time: 2.403 ms
ALTER TABLE REGION ADD PRIMARY KEY (R_REGIONKEY);
ALTER TABLE
Time: 2.022 ms
CREATE INDEX IDX_SUPPLIER_NATION_KEY ON SUPPLIER (S_NATIONKEY);
CREATE INDEX
Time: 6.486 ms
CREATE INDEX IDX_PARTSUPP_PARTKEY ON PARTSUPP (PS_PARTKEY);
CREATE INDEX
Time: 224.655 ms
CREATE INDEX IDX_PARTSUPP_SUPPKEY ON PARTSUPP (PS_SUPPKEY);
CREATE INDEX
Time: 296.569 ms
CREATE INDEX IDX_CUSTOMER_NATIONKEY ON CUSTOMER (C_NATIONKEY);
CREATE INDEX
Time: 60.808 ms
CREATE INDEX IDX_ORDERS_CUSTKEY ON ORDERS (O_CUSTKEY);
CREATE INDEX
Time: 625.790 ms
CREATE INDEX IDX_LINEITEM_ORDERKEY ON LINEITEM (L_ORDERKEY);
CREATE INDEX
Time: 1783.748 ms (00:01.784)
CREATE INDEX IDX_LINEITEM_PART_SUPP ON LINEITEM (L_PARTKEY,L_SUPPKEY);
CREATE INDEX
Time: 2852.089 ms (00:02.852)
CREATE INDEX IDX_NATION_REGIONKEY ON NATION (N_REGIONKEY);
CREATE INDEX
Time: 2.320 ms
CREATE INDEX IDX_LINEITEM_SHIPDATE ON LINEITEM (L_SHIPDATE, L_DISCOUNT, L_QUANTITY);
CREATE INDEX
Time: 7327.341 ms (00:07.327)
CREATE INDEX IDX_ORDERS_ORDERDATE ON ORDERS (O_ORDERDATE);
CREATE INDEX
Time: 614.978 ms
VACUUM FREEZE;
VACUUM
Time: 2925.185 ms (00:02.925)
VACUUM ANALYZE;
VACUUM
Time: 1768.072 ms (00:01.768)
