pgbench (18devel)
starting vacuum...end.
progress: 1.0 s, 24729.6 tps, lat 0.643 ms stddev 0.279, 0 failed
progress: 2.0 s, 26044.0 tps, lat 0.614 ms stddev 0.233, 0 failed
progress: 3.0 s, 26142.1 tps, lat 0.612 ms stddev 0.228, 0 failed
progress: 4.0 s, 25622.9 tps, lat 0.624 ms stddev 0.259, 0 failed
progress: 5.0 s, 25578.4 tps, lat 0.625 ms stddev 0.240, 0 failed
progress: 6.0 s, 25531.6 tps, lat 0.627 ms stddev 0.255, 0 failed
progress: 7.0 s, 25636.0 tps, lat 0.624 ms stddev 0.217, 0 failed
progress: 8.0 s, 25216.0 tps, lat 0.634 ms stddev 0.244, 0 failed
progress: 9.0 s, 25723.0 tps, lat 0.622 ms stddev 0.254, 0 failed
progress: 10.0 s, 20610.9 tps, lat 0.776 ms stddev 0.992, 0 failed
progress: 11.0 s, 25858.1 tps, lat 0.619 ms stddev 0.228, 0 failed
progress: 12.0 s, 25877.7 tps, lat 0.618 ms stddev 0.210, 0 failed
progress: 13.0 s, 26254.1 tps, lat 0.609 ms stddev 0.239, 0 failed
progress: 14.0 s, 26254.8 tps, lat 0.609 ms stddev 0.218, 0 failed
progress: 15.0 s, 23845.9 tps, lat 0.669 ms stddev 0.395, 0 failed
progress: 16.0 s, 14431.1 tps, lat 1.111 ms stddev 1.584, 0 failed
progress: 17.0 s, 23713.0 tps, lat 0.674 ms stddev 0.295, 0 failed
progress: 18.0 s, 23769.0 tps, lat 0.673 ms stddev 0.235, 0 failed
progress: 19.0 s, 23632.9 tps, lat 0.677 ms stddev 0.293, 0 failed
progress: 20.0 s, 24471.1 tps, lat 0.654 ms stddev 0.230, 0 failed
progress: 21.0 s, 16067.0 tps, lat 0.994 ms stddev 1.342, 0 failed
progress: 22.0 s, 22011.0 tps, lat 0.728 ms stddev 0.695, 0 failed
progress: 23.0 s, 24842.0 tps, lat 0.644 ms stddev 0.260, 0 failed
progress: 24.0 s, 24326.1 tps, lat 0.657 ms stddev 0.480, 0 failed
progress: 25.0 s, 24074.0 tps, lat 0.664 ms stddev 0.282, 0 failed
progress: 26.0 s, 24052.2 tps, lat 0.665 ms stddev 0.282, 0 failed
progress: 27.0 s, 19341.9 tps, lat 0.827 ms stddev 1.354, 0 failed
progress: 28.0 s, 17968.1 tps, lat 0.890 ms stddev 1.162, 0 failed
progress: 29.0 s, 20265.7 tps, lat 0.789 ms stddev 0.560, 0 failed
progress: 30.0 s, 16527.2 tps, lat 0.968 ms stddev 1.198, 0 failed
progress: 31.0 s, 18452.9 tps, lat 0.864 ms stddev 1.096, 0 failed
progress: 32.0 s, 11317.2 tps, lat 1.417 ms stddev 2.174, 0 failed
progress: 33.0 s, 5828.9 tps, lat 2.734 ms stddev 2.554, 0 failed
progress: 34.0 s, 5751.0 tps, lat 2.781 ms stddev 2.746, 0 failed
progress: 35.0 s, 1898.0 tps, lat 8.443 ms stddev 2.152, 0 failed
progress: 36.0 s, 1847.0 tps, lat 8.661 ms stddev 2.348, 0 failed
progress: 37.0 s, 1815.0 tps, lat 8.811 ms stddev 2.227, 0 failed
progress: 38.0 s, 1830.0 tps, lat 8.747 ms stddev 2.436, 0 failed
progress: 39.0 s, 2092.0 tps, lat 7.628 ms stddev 2.706, 0 failed
progress: 40.0 s, 2807.0 tps, lat 5.727 ms stddev 4.704, 0 failed
progress: 41.0 s, 9346.0 tps, lat 1.712 ms stddev 2.309, 0 failed
progress: 42.0 s, 21802.0 tps, lat 0.734 ms stddev 0.347, 0 failed
progress: 43.0 s, 22472.0 tps, lat 0.712 ms stddev 0.346, 0 failed
progress: 44.0 s, 22803.0 tps, lat 0.702 ms stddev 0.275, 0 failed
progress: 45.0 s, 20939.0 tps, lat 0.764 ms stddev 0.438, 0 failed
progress: 46.0 s, 21123.0 tps, lat 0.757 ms stddev 0.419, 0 failed
progress: 47.0 s, 21254.0 tps, lat 0.752 ms stddev 0.406, 0 failed
progress: 48.0 s, 21831.0 tps, lat 0.733 ms stddev 0.317, 0 failed
progress: 49.0 s, 21318.7 tps, lat 0.750 ms stddev 0.416, 0 failed
progress: 50.0 s, 21259.5 tps, lat 0.752 ms stddev 0.385, 0 failed
progress: 51.0 s, 19609.8 tps, lat 0.816 ms stddev 0.476, 0 failed
progress: 52.0 s, 20169.9 tps, lat 0.792 ms stddev 0.388, 0 failed
progress: 53.0 s, 21227.0 tps, lat 0.753 ms stddev 0.439, 0 failed
progress: 54.0 s, 19978.1 tps, lat 0.801 ms stddev 0.572, 0 failed
progress: 55.0 s, 19845.0 tps, lat 0.804 ms stddev 0.529, 0 failed
progress: 56.0 s, 21215.4 tps, lat 0.756 ms stddev 0.401, 0 failed
progress: 57.0 s, 22341.7 tps, lat 0.716 ms stddev 0.281, 0 failed
progress: 58.0 s, 17407.0 tps, lat 0.919 ms stddev 0.943, 0 failed
progress: 59.0 s, 12970.3 tps, lat 1.228 ms stddev 2.040, 0 failed
transaction type: <builtin: simple update>
scaling factor: 10000
query mode: prepared
number of clients: 16
number of threads: 16
maximum number of tries: 1
duration: 60 s
number of transactions actually processed: 1145241
number of failed transactions: 0 (0.000%)
latency average = 0.838 ms
latency stddev = 1.115 ms
initial connection time = 7.017 ms
tps = 19070.825765 (without initial connection time)
