pgbench (18devel)
starting vacuum...end.
progress: 1.0 s, 27657.4 tps, lat 8.662 ms stddev 2.244, 0 failed
progress: 2.0 s, 29004.9 tps, lat 8.821 ms stddev 2.361, 0 failed
progress: 3.0 s, 31284.0 tps, lat 8.192 ms stddev 1.259, 0 failed
progress: 4.0 s, 30066.1 tps, lat 8.495 ms stddev 1.766, 0 failed
progress: 5.0 s, 29966.0 tps, lat 8.527 ms stddev 1.446, 0 failed
progress: 6.0 s, 31762.9 tps, lat 8.084 ms stddev 1.277, 0 failed
progress: 7.0 s, 30728.0 tps, lat 8.312 ms stddev 1.983, 0 failed
progress: 8.0 s, 28274.1 tps, lat 9.055 ms stddev 3.320, 0 failed
progress: 9.0 s, 32689.9 tps, lat 7.838 ms stddev 1.185, 0 failed
progress: 10.0 s, 30361.0 tps, lat 8.419 ms stddev 2.564, 0 failed
progress: 11.0 s, 32075.0 tps, lat 7.985 ms stddev 1.200, 0 failed
progress: 12.0 s, 31300.1 tps, lat 8.196 ms stddev 2.479, 0 failed
progress: 13.0 s, 30525.7 tps, lat 8.385 ms stddev 2.427, 0 failed
progress: 14.0 s, 32425.1 tps, lat 7.899 ms stddev 1.480, 0 failed
progress: 15.0 s, 29489.1 tps, lat 8.658 ms stddev 3.153, 0 failed
progress: 16.0 s, 31814.0 tps, lat 8.060 ms stddev 1.698, 0 failed
progress: 17.0 s, 32727.0 tps, lat 7.812 ms stddev 1.365, 0 failed
progress: 18.0 s, 29296.0 tps, lat 8.759 ms stddev 2.901, 0 failed
progress: 19.0 s, 26478.0 tps, lat 9.630 ms stddev 3.485, 0 failed
progress: 20.0 s, 20107.0 tps, lat 12.674 ms stddev 4.868, 0 failed
progress: 21.0 s, 18644.0 tps, lat 13.795 ms stddev 4.968, 0 failed
progress: 22.0 s, 21974.0 tps, lat 11.623 ms stddev 3.144, 0 failed
progress: 23.0 s, 18184.0 tps, lat 14.092 ms stddev 6.370, 0 failed
progress: 24.0 s, 17583.0 tps, lat 14.616 ms stddev 8.170, 0 failed
progress: 25.0 s, 22657.9 tps, lat 11.284 ms stddev 2.537, 0 failed
progress: 26.0 s, 17969.1 tps, lat 14.208 ms stddev 7.358, 0 failed
progress: 27.0 s, 17956.1 tps, lat 14.259 ms stddev 4.982, 0 failed
progress: 28.0 s, 21181.9 tps, lat 12.106 ms stddev 4.328, 0 failed
progress: 29.0 s, 18466.0 tps, lat 13.884 ms stddev 5.400, 0 failed
progress: 30.0 s, 22290.0 tps, lat 11.491 ms stddev 3.452, 0 failed
progress: 31.0 s, 19056.0 tps, lat 13.433 ms stddev 4.573, 0 failed
progress: 32.0 s, 18326.0 tps, lat 13.987 ms stddev 4.637, 0 failed
progress: 33.0 s, 21135.0 tps, lat 12.021 ms stddev 5.473, 0 failed
progress: 34.0 s, 19353.0 tps, lat 13.262 ms stddev 4.492, 0 failed
progress: 35.0 s, 19362.0 tps, lat 13.220 ms stddev 4.994, 0 failed
progress: 36.0 s, 18269.4 tps, lat 14.047 ms stddev 5.488, 0 failed
progress: 37.0 s, 23123.7 tps, lat 11.025 ms stddev 3.181, 0 failed
progress: 38.0 s, 19187.0 tps, lat 13.149 ms stddev 4.964, 0 failed
progress: 39.0 s, 20330.0 tps, lat 12.815 ms stddev 5.320, 0 failed
progress: 40.0 s, 20363.0 tps, lat 12.569 ms stddev 5.517, 0 failed
progress: 41.0 s, 20927.0 tps, lat 11.841 ms stddev 3.781, 0 failed
progress: 42.0 s, 17851.1 tps, lat 14.706 ms stddev 9.814, 0 failed
progress: 43.0 s, 20244.0 tps, lat 12.771 ms stddev 4.090, 0 failed
progress: 44.0 s, 22322.0 tps, lat 11.459 ms stddev 4.657, 0 failed
progress: 45.0 s, 19811.0 tps, lat 12.841 ms stddev 4.201, 0 failed
progress: 46.0 s, 20977.3 tps, lat 12.175 ms stddev 4.740, 0 failed
progress: 47.0 s, 20731.6 tps, lat 12.376 ms stddev 4.674, 0 failed
progress: 48.0 s, 20082.0 tps, lat 12.740 ms stddev 3.780, 0 failed
progress: 49.0 s, 21201.1 tps, lat 12.082 ms stddev 3.911, 0 failed
progress: 50.0 s, 16041.0 tps, lat 15.978 ms stddev 7.639, 0 failed
progress: 51.0 s, 22878.1 tps, lat 11.233 ms stddev 2.961, 0 failed
progress: 52.0 s, 20240.9 tps, lat 12.598 ms stddev 6.374, 0 failed
progress: 53.0 s, 21358.6 tps, lat 12.054 ms stddev 4.997, 0 failed
progress: 54.0 s, 21720.3 tps, lat 11.769 ms stddev 3.844, 0 failed
progress: 55.0 s, 20172.1 tps, lat 12.639 ms stddev 4.014, 0 failed
progress: 56.0 s, 20668.9 tps, lat 12.398 ms stddev 4.546, 0 failed
progress: 57.0 s, 19491.0 tps, lat 13.155 ms stddev 11.541, 0 failed
progress: 58.0 s, 20309.0 tps, lat 12.597 ms stddev 3.846, 0 failed
progress: 59.0 s, 20798.1 tps, lat 12.279 ms stddev 4.155, 0 failed
progress: 60.1 s, 19312.2 tps, lat 12.526 ms stddev 4.654, 0 failed
transaction type: <builtin: simple update>
scaling factor: 10000
query mode: prepared
number of clients: 256
number of threads: 256
maximum number of tries: 1
duration: 60 s
number of transactions actually processed: 1401753
number of failed transactions: 0 (0.000%)
latency average = 10.952 ms
latency stddev = 4.896 ms
initial connection time = 74.795 ms
tps = 23327.714335 (without initial connection time)
