pgbench (18devel)
starting vacuum...end.
progress: 1.0 s, 22501.8 tps, lat 2.788 ms stddev 4.830, 0 failed
progress: 2.0 s, 25617.0 tps, lat 2.501 ms stddev 0.852, 0 failed
progress: 3.0 s, 20577.0 tps, lat 3.106 ms stddev 3.774, 0 failed
progress: 4.0 s, 24673.0 tps, lat 2.591 ms stddev 0.916, 0 failed
progress: 5.0 s, 21214.9 tps, lat 3.020 ms stddev 6.411, 0 failed
progress: 6.0 s, 24712.1 tps, lat 2.592 ms stddev 0.853, 0 failed
progress: 7.0 s, 24899.7 tps, lat 2.565 ms stddev 0.964, 0 failed
progress: 8.0 s, 21165.2 tps, lat 3.030 ms stddev 3.329, 0 failed
progress: 9.0 s, 17174.1 tps, lat 3.722 ms stddev 4.043, 0 failed
progress: 10.0 s, 22506.9 tps, lat 2.845 ms stddev 3.400, 0 failed
progress: 11.0 s, 22629.6 tps, lat 2.830 ms stddev 1.032, 0 failed
progress: 12.0 s, 21988.5 tps, lat 2.857 ms stddev 2.610, 0 failed
progress: 13.0 s, 24085.1 tps, lat 2.704 ms stddev 1.497, 0 failed
progress: 14.0 s, 19996.9 tps, lat 3.198 ms stddev 4.871, 0 failed
progress: 15.0 s, 11299.0 tps, lat 5.667 ms stddev 5.749, 0 failed
progress: 16.0 s, 10834.0 tps, lat 5.901 ms stddev 6.926, 0 failed
progress: 17.0 s, 8595.0 tps, lat 7.377 ms stddev 8.019, 0 failed
progress: 18.0 s, 12922.0 tps, lat 4.988 ms stddev 3.016, 0 failed
progress: 19.0 s, 11836.4 tps, lat 5.428 ms stddev 2.952, 0 failed
progress: 20.0 s, 19009.4 tps, lat 3.359 ms stddev 7.920, 0 failed
progress: 21.0 s, 23676.0 tps, lat 2.707 ms stddev 1.046, 0 failed
progress: 22.0 s, 23937.9 tps, lat 2.675 ms stddev 1.178, 0 failed
progress: 23.0 s, 20625.1 tps, lat 3.099 ms stddev 2.085, 0 failed
progress: 24.0 s, 23476.0 tps, lat 2.729 ms stddev 1.488, 0 failed
progress: 25.0 s, 22897.9 tps, lat 2.795 ms stddev 1.159, 0 failed
progress: 26.0 s, 20457.1 tps, lat 3.125 ms stddev 3.031, 0 failed
progress: 27.0 s, 24603.9 tps, lat 2.602 ms stddev 0.950, 0 failed
progress: 28.0 s, 21708.0 tps, lat 2.947 ms stddev 1.859, 0 failed
progress: 29.0 s, 21586.1 tps, lat 2.963 ms stddev 1.788, 0 failed
progress: 30.0 s, 25077.3 tps, lat 2.555 ms stddev 0.958, 0 failed
progress: 31.0 s, 20762.9 tps, lat 3.081 ms stddev 1.266, 0 failed
progress: 32.0 s, 23815.0 tps, lat 2.684 ms stddev 1.343, 0 failed
progress: 33.0 s, 24620.0 tps, lat 2.601 ms stddev 1.298, 0 failed
progress: 34.0 s, 11850.0 tps, lat 5.402 ms stddev 5.677, 0 failed
progress: 35.0 s, 12956.9 tps, lat 4.914 ms stddev 3.984, 0 failed
progress: 36.0 s, 11842.1 tps, lat 5.398 ms stddev 2.880, 0 failed
progress: 37.0 s, 9792.0 tps, lat 6.518 ms stddev 3.063, 0 failed
progress: 38.0 s, 8269.0 tps, lat 7.790 ms stddev 10.749, 0 failed
progress: 39.0 s, 10770.8 tps, lat 5.939 ms stddev 6.927, 0 failed
progress: 40.0 s, 11251.2 tps, lat 5.694 ms stddev 3.405, 0 failed
progress: 41.0 s, 10861.0 tps, lat 5.898 ms stddev 4.097, 0 failed
progress: 42.0 s, 9562.8 tps, lat 6.650 ms stddev 3.886, 0 failed
progress: 43.0 s, 10304.2 tps, lat 6.243 ms stddev 3.990, 0 failed
progress: 44.0 s, 9621.0 tps, lat 6.644 ms stddev 3.409, 0 failed
progress: 45.0 s, 10408.0 tps, lat 6.153 ms stddev 3.641, 0 failed
progress: 46.0 s, 11071.0 tps, lat 5.787 ms stddev 5.480, 0 failed
progress: 47.0 s, 9747.9 tps, lat 6.493 ms stddev 3.549, 0 failed
progress: 48.0 s, 12023.2 tps, lat 5.362 ms stddev 3.642, 0 failed
progress: 49.0 s, 10404.0 tps, lat 6.138 ms stddev 4.001, 0 failed
progress: 50.0 s, 10814.0 tps, lat 5.946 ms stddev 3.648, 0 failed
progress: 51.0 s, 11258.2 tps, lat 5.676 ms stddev 3.562, 0 failed
progress: 52.0 s, 8762.8 tps, lat 7.258 ms stddev 5.058, 0 failed
progress: 53.0 s, 11758.0 tps, lat 5.474 ms stddev 3.467, 0 failed
progress: 54.0 s, 10120.0 tps, lat 6.338 ms stddev 4.070, 0 failed
progress: 55.0 s, 9535.0 tps, lat 6.676 ms stddev 3.884, 0 failed
progress: 56.0 s, 11409.0 tps, lat 5.630 ms stddev 2.995, 0 failed
progress: 57.0 s, 10791.0 tps, lat 5.928 ms stddev 3.987, 0 failed
progress: 58.0 s, 9382.0 tps, lat 6.833 ms stddev 3.882, 0 failed
progress: 59.0 s, 12386.0 tps, lat 5.174 ms stddev 2.970, 0 failed
progress: 60.0 s, 8793.0 tps, lat 6.980 ms stddev 4.602, 0 failed
transaction type: <builtin: simple update>
scaling factor: 10000
query mode: prepared
number of clients: 64
number of threads: 64
maximum number of tries: 1
duration: 60 s
number of transactions actually processed: 971290
number of failed transactions: 0 (0.000%)
latency average = 3.953 ms
latency stddev = 3.926 ms
initial connection time = 20.918 ms
tps = 16151.188521 (without initial connection time)
