pgbench (18devel, server 8.4.22)
progress: 1.0 s, 755.9 tps, lat 20.818 ms stddev 4.172, 0 failed
progress: 2.0 s, 804.0 tps, lat 19.907 ms stddev 0.254, 0 failed
progress: 3.0 s, 802.0 tps, lat 19.935 ms stddev 0.173, 0 failed
progress: 4.0 s, 802.0 tps, lat 19.911 ms stddev 0.158, 0 failed
progress: 5.0 s, 809.0 tps, lat 19.867 ms stddev 0.139, 0 failed
progress: 6.0 s, 805.0 tps, lat 19.877 ms stddev 0.170, 0 failed
progress: 7.0 s, 805.0 tps, lat 19.851 ms stddev 0.161, 0 failed
progress: 8.0 s, 806.0 tps, lat 19.844 ms stddev 0.125, 0 failed
progress: 9.0 s, 805.0 tps, lat 19.834 ms stddev 0.147, 0 failed
progress: 10.0 s, 808.0 tps, lat 19.842 ms stddev 0.161, 0 failed
progress: 11.0 s, 804.0 tps, lat 19.868 ms stddev 0.147, 0 failed
progress: 12.0 s, 808.0 tps, lat 19.844 ms stddev 0.149, 0 failed
progress: 13.0 s, 806.0 tps, lat 19.835 ms stddev 0.198, 0 failed
progress: 14.0 s, 807.0 tps, lat 19.836 ms stddev 0.169, 0 failed
progress: 15.0 s, 808.0 tps, lat 19.843 ms stddev 0.178, 0 failed
progress: 16.0 s, 803.0 tps, lat 19.860 ms stddev 0.159, 0 failed
progress: 17.0 s, 809.0 tps, lat 19.848 ms stddev 0.135, 0 failed
progress: 18.0 s, 805.0 tps, lat 19.835 ms stddev 0.131, 0 failed
progress: 19.0 s, 806.0 tps, lat 19.843 ms stddev 0.149, 0 failed
progress: 20.0 s, 807.0 tps, lat 19.845 ms stddev 0.134, 0 failed
progress: 21.0 s, 803.0 tps, lat 19.857 ms stddev 0.139, 0 failed
progress: 22.0 s, 807.0 tps, lat 19.870 ms stddev 0.164, 0 failed
progress: 23.0 s, 805.0 tps, lat 19.872 ms stddev 0.209, 0 failed
progress: 24.0 s, 806.0 tps, lat 19.865 ms stddev 0.133, 0 failed
progress: 25.0 s, 807.0 tps, lat 19.861 ms stddev 0.138, 0 failed
progress: 26.0 s, 805.0 tps, lat 19.867 ms stddev 0.146, 0 failed
progress: 27.0 s, 803.0 tps, lat 19.874 ms stddev 0.202, 0 failed
progress: 28.0 s, 805.0 tps, lat 19.861 ms stddev 0.155, 0 failed
progress: 29.0 s, 807.0 tps, lat 19.852 ms stddev 0.131, 0 failed
progress: 30.0 s, 806.0 tps, lat 19.882 ms stddev 0.178, 0 failed
progress: 31.0 s, 802.0 tps, lat 19.860 ms stddev 0.192, 0 failed
progress: 32.0 s, 809.0 tps, lat 19.872 ms stddev 0.147, 0 failed
progress: 33.0 s, 805.0 tps, lat 19.849 ms stddev 0.195, 0 failed
progress: 34.0 s, 805.0 tps, lat 19.849 ms stddev 0.129, 0 failed
progress: 35.0 s, 806.0 tps, lat 19.853 ms stddev 0.133, 0 failed
progress: 36.0 s, 806.0 tps, lat 19.865 ms stddev 0.142, 0 failed
progress: 37.0 s, 808.0 tps, lat 19.844 ms stddev 0.133, 0 failed
progress: 38.0 s, 805.0 tps, lat 19.849 ms stddev 0.128, 0 failed
progress: 39.0 s, 804.0 tps, lat 19.864 ms stddev 0.141, 0 failed
progress: 40.0 s, 807.0 tps, lat 19.851 ms stddev 0.138, 0 failed
progress: 41.0 s, 807.0 tps, lat 19.867 ms stddev 0.152, 0 failed
progress: 42.0 s, 802.0 tps, lat 19.851 ms stddev 0.129, 0 failed
progress: 43.0 s, 809.0 tps, lat 19.843 ms stddev 0.177, 0 failed
progress: 44.0 s, 805.0 tps, lat 19.871 ms stddev 0.169, 0 failed
progress: 45.0 s, 804.0 tps, lat 19.866 ms stddev 0.126, 0 failed
progress: 46.0 s, 807.0 tps, lat 19.867 ms stddev 0.131, 0 failed
progress: 47.0 s, 806.0 tps, lat 19.861 ms stddev 0.135, 0 failed
progress: 48.0 s, 804.0 tps, lat 19.863 ms stddev 0.140, 0 failed
progress: 49.0 s, 807.0 tps, lat 19.845 ms stddev 0.148, 0 failed
progress: 50.0 s, 805.0 tps, lat 19.854 ms stddev 0.135, 0 failed
progress: 51.0 s, 807.0 tps, lat 19.839 ms stddev 0.147, 0 failed
progress: 52.0 s, 805.0 tps, lat 19.852 ms stddev 0.141, 0 failed
progress: 53.0 s, 810.0 tps, lat 19.824 ms stddev 0.153, 0 failed
progress: 54.0 s, 805.0 tps, lat 19.853 ms stddev 0.141, 0 failed
progress: 55.0 s, 805.0 tps, lat 19.856 ms stddev 0.146, 0 failed
progress: 56.0 s, 804.0 tps, lat 19.884 ms stddev 0.188, 0 failed
progress: 57.0 s, 807.0 tps, lat 19.866 ms stddev 0.144, 0 failed
progress: 58.0 s, 805.0 tps, lat 19.853 ms stddev 0.146, 0 failed
progress: 59.0 s, 804.0 tps, lat 19.861 ms stddev 0.154, 0 failed
transaction type: star-1.sql
scaling factor: 1
query mode: simple
number of clients: 16
number of threads: 16
maximum number of tries: 1
duration: 60 s
number of transactions actually processed: 48301
number of failed transactions: 0 (0.000%)
latency average = 19.874 ms
latency stddev = 0.557 ms
initial connection time = 11.921 ms
tps = 804.941324 (without initial connection time)
