pgbench (18devel, server 8.4.22)
progress: 1.0 s, 1377.8 tps, lat 149.268 ms stddev 185.018, 0 failed
progress: 2.0 s, 1901.2 tps, lat 143.973 ms stddev 102.759, 0 failed
progress: 3.0 s, 1871.1 tps, lat 137.875 ms stddev 48.496, 0 failed
progress: 4.0 s, 1859.9 tps, lat 138.032 ms stddev 37.340, 0 failed
progress: 5.0 s, 1871.9 tps, lat 135.988 ms stddev 53.278, 0 failed
progress: 6.0 s, 1876.7 tps, lat 136.739 ms stddev 39.297, 0 failed
progress: 7.0 s, 1888.2 tps, lat 136.669 ms stddev 39.932, 0 failed
progress: 8.0 s, 1896.3 tps, lat 134.405 ms stddev 42.847, 0 failed
progress: 9.0 s, 1892.0 tps, lat 134.426 ms stddev 40.343, 0 failed
progress: 10.0 s, 1913.7 tps, lat 135.350 ms stddev 34.130, 0 failed
progress: 11.0 s, 1908.0 tps, lat 133.936 ms stddev 38.496, 0 failed
progress: 12.0 s, 1879.3 tps, lat 136.714 ms stddev 38.328, 0 failed
progress: 13.0 s, 1889.0 tps, lat 134.446 ms stddev 42.391, 0 failed
progress: 14.0 s, 1886.9 tps, lat 135.375 ms stddev 47.666, 0 failed
progress: 15.0 s, 1905.8 tps, lat 134.491 ms stddev 42.906, 0 failed
progress: 16.0 s, 1887.3 tps, lat 134.364 ms stddev 37.005, 0 failed
progress: 17.0 s, 1915.7 tps, lat 133.244 ms stddev 47.964, 0 failed
progress: 18.0 s, 1892.3 tps, lat 135.688 ms stddev 56.851, 0 failed
progress: 19.0 s, 1889.7 tps, lat 136.792 ms stddev 48.167, 0 failed
progress: 20.0 s, 1914.3 tps, lat 134.332 ms stddev 34.344, 0 failed
progress: 21.0 s, 1850.0 tps, lat 135.836 ms stddev 50.976, 0 failed
progress: 22.0 s, 1927.0 tps, lat 134.432 ms stddev 55.265, 0 failed
progress: 23.0 s, 1894.0 tps, lat 135.578 ms stddev 39.030, 0 failed
progress: 24.0 s, 1892.8 tps, lat 135.775 ms stddev 51.523, 0 failed
progress: 25.0 s, 1871.1 tps, lat 135.501 ms stddev 34.804, 0 failed
progress: 26.0 s, 1885.9 tps, lat 136.676 ms stddev 39.248, 0 failed
progress: 27.0 s, 1859.1 tps, lat 136.287 ms stddev 43.720, 0 failed
progress: 28.0 s, 1923.0 tps, lat 136.065 ms stddev 53.753, 0 failed
progress: 29.0 s, 1836.9 tps, lat 135.441 ms stddev 46.497, 0 failed
progress: 30.0 s, 1881.0 tps, lat 138.398 ms stddev 38.026, 0 failed
progress: 31.0 s, 1866.1 tps, lat 137.365 ms stddev 40.346, 0 failed
progress: 32.0 s, 1868.9 tps, lat 135.594 ms stddev 42.769, 0 failed
progress: 33.0 s, 1858.9 tps, lat 138.061 ms stddev 45.248, 0 failed
progress: 34.0 s, 1848.2 tps, lat 138.560 ms stddev 40.051, 0 failed
progress: 35.0 s, 1881.0 tps, lat 136.974 ms stddev 39.653, 0 failed
progress: 36.0 s, 1850.0 tps, lat 137.671 ms stddev 48.169, 0 failed
progress: 37.0 s, 1861.9 tps, lat 137.460 ms stddev 48.574, 0 failed
progress: 38.0 s, 1863.0 tps, lat 136.665 ms stddev 40.481, 0 failed
progress: 39.0 s, 1865.1 tps, lat 137.763 ms stddev 35.307, 0 failed
progress: 40.0 s, 1879.1 tps, lat 136.182 ms stddev 33.940, 0 failed
progress: 41.0 s, 1888.8 tps, lat 136.590 ms stddev 40.906, 0 failed
progress: 42.0 s, 1895.1 tps, lat 134.805 ms stddev 45.253, 0 failed
progress: 43.0 s, 1886.1 tps, lat 135.574 ms stddev 45.623, 0 failed
progress: 44.0 s, 1882.7 tps, lat 136.277 ms stddev 32.417, 0 failed
progress: 45.0 s, 1887.2 tps, lat 135.227 ms stddev 44.098, 0 failed
progress: 46.0 s, 1897.0 tps, lat 135.242 ms stddev 34.279, 0 failed
progress: 47.0 s, 1891.1 tps, lat 135.432 ms stddev 45.739, 0 failed
progress: 48.0 s, 1892.0 tps, lat 135.326 ms stddev 48.116, 0 failed
progress: 49.0 s, 1870.9 tps, lat 136.619 ms stddev 56.523, 0 failed
progress: 50.0 s, 1876.1 tps, lat 135.988 ms stddev 35.353, 0 failed
progress: 51.0 s, 1887.0 tps, lat 136.876 ms stddev 31.928, 0 failed
progress: 52.0 s, 1877.0 tps, lat 135.720 ms stddev 31.440, 0 failed
progress: 53.0 s, 1886.9 tps, lat 135.534 ms stddev 38.052, 0 failed
progress: 54.0 s, 1881.2 tps, lat 136.989 ms stddev 55.483, 0 failed
progress: 55.0 s, 1854.9 tps, lat 136.388 ms stddev 36.448, 0 failed
progress: 56.0 s, 1875.0 tps, lat 136.768 ms stddev 27.719, 0 failed
progress: 57.0 s, 1882.1 tps, lat 136.495 ms stddev 45.374, 0 failed
progress: 58.0 s, 1869.3 tps, lat 136.200 ms stddev 34.064, 0 failed
progress: 59.0 s, 1865.0 tps, lat 138.264 ms stddev 42.662, 0 failed
transaction type: star-1.sql
scaling factor: 1
query mode: simple
number of clients: 256
number of threads: 256
maximum number of tries: 1
duration: 60 s
number of transactions actually processed: 112470
number of failed transactions: 0 (0.000%)
latency average = 136.363 ms
latency stddev = 48.817 ms
initial connection time = 145.072 ms
tps = 1876.237959 (without initial connection time)
