pgbench (18devel, server 8.4.22)
progress: 1.0 s, 1368.9 tps, lat 22.944 ms stddev 6.984, 0 failed
progress: 2.0 s, 1544.0 tps, lat 20.778 ms stddev 0.426, 0 failed
progress: 3.0 s, 1537.0 tps, lat 20.747 ms stddev 0.372, 0 failed
progress: 4.0 s, 1549.0 tps, lat 20.651 ms stddev 0.375, 0 failed
progress: 5.0 s, 1551.0 tps, lat 20.632 ms stddev 0.302, 0 failed
progress: 6.0 s, 1546.0 tps, lat 20.714 ms stddev 1.252, 0 failed
progress: 7.0 s, 1550.0 tps, lat 20.649 ms stddev 0.538, 0 failed
progress: 8.0 s, 1550.0 tps, lat 20.637 ms stddev 0.349, 0 failed
progress: 9.0 s, 1553.0 tps, lat 20.632 ms stddev 0.295, 0 failed
progress: 10.0 s, 1551.0 tps, lat 20.643 ms stddev 0.339, 0 failed
progress: 11.0 s, 1548.0 tps, lat 20.639 ms stddev 0.317, 0 failed
progress: 12.0 s, 1546.0 tps, lat 20.674 ms stddev 0.837, 0 failed
progress: 13.0 s, 1543.0 tps, lat 20.758 ms stddev 1.471, 0 failed
progress: 14.0 s, 1547.0 tps, lat 20.644 ms stddev 0.311, 0 failed
progress: 15.0 s, 1554.0 tps, lat 20.641 ms stddev 0.323, 0 failed
progress: 16.0 s, 1551.0 tps, lat 20.641 ms stddev 0.359, 0 failed
progress: 17.0 s, 1551.0 tps, lat 20.625 ms stddev 0.322, 0 failed
progress: 18.0 s, 1552.0 tps, lat 20.625 ms stddev 0.326, 0 failed
progress: 19.0 s, 1554.0 tps, lat 20.613 ms stddev 0.290, 0 failed
progress: 20.0 s, 1549.0 tps, lat 20.632 ms stddev 0.315, 0 failed
progress: 21.0 s, 1553.0 tps, lat 20.633 ms stddev 0.331, 0 failed
progress: 22.0 s, 1549.0 tps, lat 20.625 ms stddev 0.277, 0 failed
progress: 23.0 s, 1550.2 tps, lat 20.632 ms stddev 0.290, 0 failed
progress: 24.0 s, 1550.9 tps, lat 20.655 ms stddev 0.357, 0 failed
progress: 25.0 s, 1548.0 tps, lat 20.639 ms stddev 0.315, 0 failed
progress: 26.0 s, 1550.0 tps, lat 20.658 ms stddev 0.356, 0 failed
progress: 27.0 s, 1550.0 tps, lat 20.661 ms stddev 0.370, 0 failed
progress: 28.0 s, 1551.9 tps, lat 20.644 ms stddev 0.356, 0 failed
progress: 29.0 s, 1546.0 tps, lat 20.623 ms stddev 0.303, 0 failed
progress: 30.0 s, 1554.0 tps, lat 20.628 ms stddev 0.316, 0 failed
progress: 31.0 s, 1551.0 tps, lat 20.641 ms stddev 0.339, 0 failed
progress: 32.0 s, 1555.0 tps, lat 20.630 ms stddev 0.329, 0 failed
progress: 33.0 s, 1547.0 tps, lat 20.618 ms stddev 0.304, 0 failed
progress: 34.0 s, 1553.0 tps, lat 20.624 ms stddev 0.316, 0 failed
progress: 35.0 s, 1550.0 tps, lat 20.635 ms stddev 0.338, 0 failed
progress: 36.0 s, 1550.0 tps, lat 20.630 ms stddev 0.335, 0 failed
progress: 37.0 s, 1554.0 tps, lat 20.622 ms stddev 0.302, 0 failed
progress: 38.0 s, 1549.0 tps, lat 20.635 ms stddev 0.360, 0 failed
progress: 39.0 s, 1551.0 tps, lat 20.634 ms stddev 0.354, 0 failed
progress: 40.0 s, 1553.0 tps, lat 20.629 ms stddev 0.337, 0 failed
progress: 41.0 s, 1549.0 tps, lat 20.632 ms stddev 0.336, 0 failed
progress: 42.0 s, 1554.0 tps, lat 20.632 ms stddev 0.344, 0 failed
progress: 43.0 s, 1548.0 tps, lat 20.619 ms stddev 0.304, 0 failed
progress: 44.0 s, 1555.0 tps, lat 20.623 ms stddev 0.330, 0 failed
progress: 45.0 s, 1547.0 tps, lat 20.636 ms stddev 0.329, 0 failed
progress: 46.0 s, 1551.0 tps, lat 20.653 ms stddev 0.385, 0 failed
progress: 47.0 s, 1550.0 tps, lat 20.633 ms stddev 0.325, 0 failed
progress: 48.0 s, 1553.0 tps, lat 20.629 ms stddev 0.348, 0 failed
progress: 49.0 s, 1530.0 tps, lat 20.881 ms stddev 2.226, 0 failed
progress: 50.0 s, 1505.0 tps, lat 21.269 ms stddev 3.489, 0 failed
progress: 51.0 s, 1503.0 tps, lat 21.279 ms stddev 3.494, 0 failed
progress: 52.0 s, 1507.0 tps, lat 21.254 ms stddev 3.490, 0 failed
progress: 53.0 s, 1505.0 tps, lat 21.249 ms stddev 3.504, 0 failed
progress: 54.0 s, 1508.0 tps, lat 21.246 ms stddev 3.448, 0 failed
progress: 55.0 s, 1548.0 tps, lat 20.641 ms stddev 0.327, 0 failed
progress: 56.0 s, 1554.0 tps, lat 20.632 ms stddev 0.323, 0 failed
progress: 57.0 s, 1549.0 tps, lat 20.625 ms stddev 0.294, 0 failed
progress: 58.0 s, 1547.0 tps, lat 20.637 ms stddev 0.340, 0 failed
progress: 59.0 s, 1555.0 tps, lat 20.639 ms stddev 0.336, 0 failed
progress: 60.0 s, 1550.0 tps, lat 20.626 ms stddev 0.334, 0 failed
transaction type: star-1.sql
scaling factor: 1
query mode: simple
number of clients: 32
number of threads: 32
maximum number of tries: 1
duration: 60 s
number of transactions actually processed: 92595
number of failed transactions: 0 (0.000%)
latency average = 20.732 ms
latency stddev = 1.436 ms
initial connection time = 20.372 ms
tps = 1543.229732 (without initial connection time)
