pgbench (18devel, server 10.23)
progress: 1.0 s, 8372.6 tps, lat 0.119 ms stddev 0.074, 0 failed
progress: 2.0 s, 8765.0 tps, lat 0.114 ms stddev 0.007, 0 failed
progress: 3.0 s, 8753.0 tps, lat 0.114 ms stddev 0.006, 0 failed
progress: 4.0 s, 8772.0 tps, lat 0.114 ms stddev 0.006, 0 failed
progress: 5.0 s, 8922.0 tps, lat 0.112 ms stddev 0.007, 0 failed
progress: 6.0 s, 8800.1 tps, lat 0.114 ms stddev 0.006, 0 failed
progress: 7.0 s, 8772.9 tps, lat 0.114 ms stddev 0.006, 0 failed
progress: 8.0 s, 8922.4 tps, lat 0.112 ms stddev 0.010, 0 failed
progress: 9.0 s, 9180.1 tps, lat 0.109 ms stddev 0.006, 0 failed
progress: 10.0 s, 9080.5 tps, lat 0.110 ms stddev 0.007, 0 failed
progress: 11.0 s, 8932.0 tps, lat 0.112 ms stddev 0.006, 0 failed
progress: 12.0 s, 8874.4 tps, lat 0.113 ms stddev 0.006, 0 failed
progress: 13.0 s, 9074.6 tps, lat 0.110 ms stddev 0.007, 0 failed
progress: 14.0 s, 8860.0 tps, lat 0.113 ms stddev 0.006, 0 failed
progress: 15.0 s, 8941.2 tps, lat 0.112 ms stddev 0.006, 0 failed
progress: 16.0 s, 8821.8 tps, lat 0.113 ms stddev 0.006, 0 failed
progress: 17.0 s, 9104.5 tps, lat 0.110 ms stddev 0.007, 0 failed
progress: 18.0 s, 9252.5 tps, lat 0.108 ms stddev 0.006, 0 failed
progress: 19.0 s, 9097.1 tps, lat 0.110 ms stddev 0.006, 0 failed
progress: 20.0 s, 8832.2 tps, lat 0.113 ms stddev 0.006, 0 failed
progress: 21.0 s, 8911.8 tps, lat 0.112 ms stddev 0.007, 0 failed
progress: 22.0 s, 8926.8 tps, lat 0.112 ms stddev 0.006, 0 failed
progress: 23.0 s, 8847.4 tps, lat 0.113 ms stddev 0.006, 0 failed
progress: 24.0 s, 8877.0 tps, lat 0.113 ms stddev 0.006, 0 failed
progress: 25.0 s, 9154.6 tps, lat 0.109 ms stddev 0.006, 0 failed
progress: 26.0 s, 9257.5 tps, lat 0.108 ms stddev 0.006, 0 failed
progress: 27.0 s, 8914.5 tps, lat 0.112 ms stddev 0.007, 0 failed
progress: 28.0 s, 8854.0 tps, lat 0.113 ms stddev 0.006, 0 failed
progress: 29.0 s, 8946.0 tps, lat 0.112 ms stddev 0.006, 0 failed
progress: 30.0 s, 8926.0 tps, lat 0.112 ms stddev 0.006, 0 failed
progress: 31.0 s, 8977.0 tps, lat 0.111 ms stddev 0.006, 0 failed
progress: 32.0 s, 8931.5 tps, lat 0.112 ms stddev 0.006, 0 failed
progress: 33.0 s, 8893.7 tps, lat 0.112 ms stddev 0.006, 0 failed
progress: 34.0 s, 8869.8 tps, lat 0.113 ms stddev 0.005, 0 failed
progress: 35.0 s, 8872.0 tps, lat 0.113 ms stddev 0.006, 0 failed
progress: 36.0 s, 9004.0 tps, lat 0.111 ms stddev 0.005, 0 failed
progress: 37.0 s, 8947.0 tps, lat 0.112 ms stddev 0.006, 0 failed
progress: 38.0 s, 8870.4 tps, lat 0.113 ms stddev 0.006, 0 failed
progress: 39.0 s, 8919.6 tps, lat 0.112 ms stddev 0.006, 0 failed
progress: 40.0 s, 8939.0 tps, lat 0.112 ms stddev 0.007, 0 failed
progress: 41.0 s, 9111.0 tps, lat 0.110 ms stddev 0.006, 0 failed
progress: 42.0 s, 8892.4 tps, lat 0.112 ms stddev 0.006, 0 failed
progress: 43.0 s, 8912.6 tps, lat 0.112 ms stddev 0.006, 0 failed
progress: 44.0 s, 8836.0 tps, lat 0.113 ms stddev 0.006, 0 failed
progress: 45.0 s, 9138.2 tps, lat 0.109 ms stddev 0.007, 0 failed
progress: 46.0 s, 8892.8 tps, lat 0.112 ms stddev 0.006, 0 failed
progress: 47.0 s, 8848.0 tps, lat 0.113 ms stddev 0.006, 0 failed
progress: 48.0 s, 8980.0 tps, lat 0.111 ms stddev 0.005, 0 failed
progress: 49.0 s, 9087.0 tps, lat 0.110 ms stddev 0.006, 0 failed
progress: 50.0 s, 9136.1 tps, lat 0.109 ms stddev 0.006, 0 failed
progress: 51.0 s, 9170.0 tps, lat 0.109 ms stddev 0.005, 0 failed
progress: 52.0 s, 9163.8 tps, lat 0.109 ms stddev 0.006, 0 failed
progress: 53.0 s, 8963.3 tps, lat 0.111 ms stddev 0.006, 0 failed
progress: 54.0 s, 8901.8 tps, lat 0.112 ms stddev 0.006, 0 failed
progress: 55.0 s, 8872.5 tps, lat 0.113 ms stddev 0.006, 0 failed
progress: 56.0 s, 8850.5 tps, lat 0.113 ms stddev 0.005, 0 failed
progress: 57.0 s, 9041.2 tps, lat 0.111 ms stddev 0.006, 0 failed
progress: 58.0 s, 8849.1 tps, lat 0.113 ms stddev 0.006, 0 failed
progress: 59.0 s, 8852.0 tps, lat 0.113 ms stddev 0.006, 0 failed
progress: 60.0 s, 8920.1 tps, lat 0.112 ms stddev 0.006, 0 failed
transaction type: star-1-left.sql
scaling factor: 1
query mode: prepared
number of clients: 1
number of threads: 1
maximum number of tries: 1
duration: 60 s
number of transactions actually processed: 536390
number of failed transactions: 0 (0.000%)
latency average = 0.112 ms
latency stddev = 0.011 ms
initial connection time = 1.777 ms
tps = 8940.085593 (without initial connection time)
