pgbench (18devel, server 10.23)
progress: 1.0 s, 62246.3 tps, lat 1.995 ms stddev 2.917, 0 failed
progress: 2.0 s, 68192.4 tps, lat 1.877 ms stddev 1.927, 0 failed
progress: 3.0 s, 68660.1 tps, lat 1.865 ms stddev 1.906, 0 failed
progress: 4.0 s, 69096.6 tps, lat 1.852 ms stddev 1.861, 0 failed
progress: 5.0 s, 68463.3 tps, lat 1.869 ms stddev 1.920, 0 failed
progress: 6.0 s, 68049.9 tps, lat 1.881 ms stddev 1.936, 0 failed
progress: 7.0 s, 68153.9 tps, lat 1.877 ms stddev 1.916, 0 failed
progress: 8.0 s, 68926.1 tps, lat 1.857 ms stddev 1.890, 0 failed
progress: 9.0 s, 68211.9 tps, lat 1.877 ms stddev 1.924, 0 failed
progress: 10.0 s, 67824.9 tps, lat 1.886 ms stddev 1.942, 0 failed
progress: 11.0 s, 68462.8 tps, lat 1.869 ms stddev 1.922, 0 failed
progress: 12.0 s, 69208.3 tps, lat 1.850 ms stddev 1.882, 0 failed
progress: 13.0 s, 68534.9 tps, lat 1.867 ms stddev 1.914, 0 failed
progress: 14.0 s, 68187.8 tps, lat 1.878 ms stddev 1.931, 0 failed
progress: 15.0 s, 68462.0 tps, lat 1.869 ms stddev 1.914, 0 failed
progress: 16.0 s, 69379.3 tps, lat 1.844 ms stddev 1.868, 0 failed
progress: 17.0 s, 68533.1 tps, lat 1.867 ms stddev 1.912, 0 failed
progress: 18.0 s, 68032.7 tps, lat 1.882 ms stddev 1.946, 0 failed
progress: 19.0 s, 67823.3 tps, lat 1.887 ms stddev 1.949, 0 failed
progress: 20.0 s, 68649.9 tps, lat 1.864 ms stddev 1.910, 0 failed
progress: 21.0 s, 68260.0 tps, lat 1.875 ms stddev 1.938, 0 failed
progress: 22.0 s, 68323.7 tps, lat 1.873 ms stddev 1.929, 0 failed
progress: 23.0 s, 68302.3 tps, lat 1.873 ms stddev 1.934, 0 failed
progress: 24.0 s, 68949.0 tps, lat 1.857 ms stddev 1.887, 0 failed
progress: 25.0 s, 68065.6 tps, lat 1.880 ms stddev 1.950, 0 failed
progress: 26.0 s, 68199.4 tps, lat 1.876 ms stddev 1.943, 0 failed
progress: 27.0 s, 68020.9 tps, lat 1.882 ms stddev 1.941, 0 failed
progress: 28.0 s, 68843.1 tps, lat 1.859 ms stddev 1.909, 0 failed
progress: 29.0 s, 68163.1 tps, lat 1.877 ms stddev 1.939, 0 failed
progress: 30.0 s, 68103.8 tps, lat 1.879 ms stddev 1.940, 0 failed
progress: 31.0 s, 68273.0 tps, lat 1.874 ms stddev 1.918, 0 failed
progress: 32.0 s, 69053.2 tps, lat 1.854 ms stddev 1.889, 0 failed
progress: 33.0 s, 68472.0 tps, lat 1.869 ms stddev 1.928, 0 failed
progress: 34.0 s, 68675.9 tps, lat 1.864 ms stddev 1.915, 0 failed
progress: 35.0 s, 69482.9 tps, lat 1.841 ms stddev 1.869, 0 failed
progress: 36.0 s, 68979.8 tps, lat 1.856 ms stddev 1.893, 0 failed
progress: 37.0 s, 68399.5 tps, lat 1.870 ms stddev 1.933, 0 failed
progress: 38.0 s, 68371.4 tps, lat 1.873 ms stddev 1.934, 0 failed
progress: 39.0 s, 68041.5 tps, lat 1.881 ms stddev 1.963, 0 failed
progress: 40.0 s, 69320.0 tps, lat 1.846 ms stddev 1.885, 0 failed
progress: 41.0 s, 68216.1 tps, lat 1.877 ms stddev 1.948, 0 failed
progress: 42.0 s, 68181.7 tps, lat 1.877 ms stddev 1.930, 0 failed
progress: 43.0 s, 68393.3 tps, lat 1.871 ms stddev 1.930, 0 failed
progress: 44.0 s, 68913.0 tps, lat 1.858 ms stddev 1.909, 0 failed
progress: 45.0 s, 67992.8 tps, lat 1.882 ms stddev 1.955, 0 failed
progress: 46.0 s, 68521.1 tps, lat 1.868 ms stddev 1.932, 0 failed
progress: 47.0 s, 68095.6 tps, lat 1.879 ms stddev 1.926, 0 failed
progress: 48.0 s, 69097.3 tps, lat 1.852 ms stddev 1.895, 0 failed
progress: 49.0 s, 68000.1 tps, lat 1.882 ms stddev 1.937, 0 failed
progress: 50.0 s, 68798.8 tps, lat 1.860 ms stddev 1.908, 0 failed
progress: 51.0 s, 68600.1 tps, lat 1.866 ms stddev 1.917, 0 failed
progress: 52.0 s, 69263.6 tps, lat 1.848 ms stddev 1.876, 0 failed
progress: 53.0 s, 67785.3 tps, lat 1.887 ms stddev 1.967, 0 failed
progress: 54.0 s, 68137.2 tps, lat 1.879 ms stddev 1.930, 0 failed
progress: 55.0 s, 68208.7 tps, lat 1.876 ms stddev 1.942, 0 failed
progress: 56.0 s, 69100.3 tps, lat 1.852 ms stddev 1.890, 0 failed
progress: 57.0 s, 68173.5 tps, lat 1.877 ms stddev 1.951, 0 failed
progress: 58.0 s, 68251.4 tps, lat 1.876 ms stddev 1.939, 0 failed
progress: 59.0 s, 68152.0 tps, lat 1.878 ms stddev 1.930, 0 failed
transaction type: star-1-left.sql
scaling factor: 1
query mode: prepared
number of clients: 128
number of threads: 128
maximum number of tries: 1
duration: 60 s
number of transactions actually processed: 4098628
number of failed transactions: 0 (0.000%)
latency average = 1.871 ms
latency stddev = 1.941 ms
initial connection time = 78.644 ms
tps = 68363.788143 (without initial connection time)
