pgbench (18devel, server 9.2.24)
progress: 1.0 s, 723.9 tps, lat 1.377 ms stddev 0.124, 0 failed
progress: 2.0 s, 731.0 tps, lat 1.368 ms stddev 0.021, 0 failed
progress: 3.0 s, 734.0 tps, lat 1.361 ms stddev 0.015, 0 failed
progress: 4.0 s, 738.0 tps, lat 1.355 ms stddev 0.018, 0 failed
progress: 5.0 s, 734.0 tps, lat 1.361 ms stddev 0.016, 0 failed
progress: 6.0 s, 732.0 tps, lat 1.366 ms stddev 0.023, 0 failed
progress: 7.0 s, 736.0 tps, lat 1.359 ms stddev 0.017, 0 failed
progress: 8.0 s, 739.0 tps, lat 1.353 ms stddev 0.018, 0 failed
progress: 9.0 s, 735.0 tps, lat 1.360 ms stddev 0.017, 0 failed
progress: 10.0 s, 735.0 tps, lat 1.360 ms stddev 0.017, 0 failed
progress: 11.0 s, 736.0 tps, lat 1.358 ms stddev 0.018, 0 failed
progress: 12.0 s, 740.0 tps, lat 1.352 ms stddev 0.020, 0 failed
progress: 13.0 s, 736.0 tps, lat 1.358 ms stddev 0.015, 0 failed
progress: 14.0 s, 737.0 tps, lat 1.357 ms stddev 0.015, 0 failed
progress: 15.0 s, 736.0 tps, lat 1.357 ms stddev 0.019, 0 failed
progress: 16.0 s, 737.0 tps, lat 1.357 ms stddev 0.028, 0 failed
progress: 17.0 s, 734.0 tps, lat 1.361 ms stddev 0.022, 0 failed
progress: 18.0 s, 737.0 tps, lat 1.357 ms stddev 0.018, 0 failed
progress: 19.0 s, 736.0 tps, lat 1.359 ms stddev 0.022, 0 failed
progress: 20.0 s, 740.0 tps, lat 1.350 ms stddev 0.020, 0 failed
progress: 21.0 s, 737.0 tps, lat 1.355 ms stddev 0.015, 0 failed
progress: 22.0 s, 737.0 tps, lat 1.357 ms stddev 0.018, 0 failed
progress: 23.0 s, 737.0 tps, lat 1.355 ms stddev 0.017, 0 failed
progress: 24.0 s, 742.0 tps, lat 1.348 ms stddev 0.019, 0 failed
progress: 25.0 s, 738.0 tps, lat 1.354 ms stddev 0.014, 0 failed
progress: 26.0 s, 737.0 tps, lat 1.357 ms stddev 0.019, 0 failed
progress: 27.0 s, 738.0 tps, lat 1.355 ms stddev 0.017, 0 failed
progress: 28.0 s, 737.0 tps, lat 1.356 ms stddev 0.017, 0 failed
progress: 29.0 s, 739.0 tps, lat 1.353 ms stddev 0.014, 0 failed
progress: 30.0 s, 737.0 tps, lat 1.355 ms stddev 0.018, 0 failed
progress: 31.0 s, 739.0 tps, lat 1.353 ms stddev 0.018, 0 failed
progress: 32.0 s, 737.0 tps, lat 1.356 ms stddev 0.020, 0 failed
progress: 33.0 s, 739.0 tps, lat 1.352 ms stddev 0.011, 0 failed
progress: 34.0 s, 738.0 tps, lat 1.356 ms stddev 0.020, 0 failed
progress: 35.0 s, 738.0 tps, lat 1.353 ms stddev 0.017, 0 failed
progress: 36.0 s, 738.0 tps, lat 1.354 ms stddev 0.021, 0 failed
progress: 37.0 s, 739.0 tps, lat 1.354 ms stddev 0.018, 0 failed
progress: 38.0 s, 738.0 tps, lat 1.354 ms stddev 0.018, 0 failed
progress: 39.0 s, 739.0 tps, lat 1.354 ms stddev 0.020, 0 failed
progress: 40.0 s, 742.0 tps, lat 1.346 ms stddev 0.019, 0 failed
progress: 41.0 s, 740.0 tps, lat 1.352 ms stddev 0.015, 0 failed
progress: 42.0 s, 738.0 tps, lat 1.355 ms stddev 0.021, 0 failed
progress: 43.0 s, 739.0 tps, lat 1.351 ms stddev 0.017, 0 failed
progress: 44.0 s, 738.0 tps, lat 1.354 ms stddev 0.020, 0 failed
progress: 45.0 s, 741.0 tps, lat 1.350 ms stddev 0.011, 0 failed
progress: 46.0 s, 738.0 tps, lat 1.355 ms stddev 0.023, 0 failed
progress: 47.0 s, 740.0 tps, lat 1.350 ms stddev 0.016, 0 failed
progress: 48.0 s, 737.0 tps, lat 1.356 ms stddev 0.022, 0 failed
progress: 49.0 s, 740.0 tps, lat 1.351 ms stddev 0.015, 0 failed
progress: 50.0 s, 740.0 tps, lat 1.351 ms stddev 0.016, 0 failed
progress: 51.0 s, 740.0 tps, lat 1.350 ms stddev 0.014, 0 failed
progress: 52.0 s, 739.0 tps, lat 1.354 ms stddev 0.021, 0 failed
progress: 53.0 s, 741.0 tps, lat 1.350 ms stddev 0.012, 0 failed
progress: 54.0 s, 737.0 tps, lat 1.355 ms stddev 0.020, 0 failed
progress: 55.0 s, 741.0 tps, lat 1.349 ms stddev 0.014, 0 failed
progress: 56.0 s, 741.0 tps, lat 1.349 ms stddev 0.022, 0 failed
progress: 57.0 s, 741.0 tps, lat 1.349 ms stddev 0.011, 0 failed
progress: 58.0 s, 738.0 tps, lat 1.354 ms stddev 0.021, 0 failed
progress: 59.0 s, 742.0 tps, lat 1.348 ms stddev 0.015, 0 failed
progress: 60.0 s, 740.0 tps, lat 1.351 ms stddev 0.018, 0 failed
transaction type: star-1.sql
scaling factor: 1
query mode: simple
number of clients: 1
number of threads: 1
maximum number of tries: 1
duration: 60 s
number of transactions actually processed: 44265
number of failed transactions: 0 (0.000%)
latency average = 1.355 ms
latency stddev = 0.024 ms
initial connection time = 1.898 ms
tps = 737.766969 (without initial connection time)
