pgbench (18devel, server 9.2.24)
progress: 1.0 s, 5413.7 tps, lat 42.919 ms stddev 79.342, 0 failed
progress: 2.0 s, 5591.7 tps, lat 44.832 ms stddev 53.548, 0 failed
progress: 3.0 s, 9015.8 tps, lat 28.623 ms stddev 39.294, 0 failed
progress: 4.0 s, 5548.8 tps, lat 46.325 ms stddev 56.852, 0 failed
progress: 5.0 s, 7733.1 tps, lat 33.206 ms stddev 45.215, 0 failed
progress: 6.0 s, 7472.0 tps, lat 34.419 ms stddev 45.089, 0 failed
progress: 7.0 s, 10121.0 tps, lat 26.135 ms stddev 37.725, 0 failed
progress: 8.0 s, 10386.1 tps, lat 24.182 ms stddev 35.972, 0 failed
progress: 9.0 s, 8028.6 tps, lat 31.442 ms stddev 41.513, 0 failed
progress: 10.0 s, 7273.6 tps, lat 34.724 ms stddev 44.895, 0 failed
progress: 11.0 s, 8477.6 tps, lat 30.194 ms stddev 41.504, 0 failed
progress: 12.0 s, 12140.5 tps, lat 20.726 ms stddev 30.704, 0 failed
progress: 13.0 s, 7937.7 tps, lat 32.913 ms stddev 46.011, 0 failed
progress: 14.0 s, 8990.2 tps, lat 28.867 ms stddev 41.361, 0 failed
progress: 15.0 s, 7994.1 tps, lat 32.178 ms stddev 43.161, 0 failed
progress: 16.0 s, 7620.2 tps, lat 32.816 ms stddev 45.322, 0 failed
progress: 17.0 s, 8507.7 tps, lat 30.545 ms stddev 41.963, 0 failed
progress: 18.0 s, 8941.1 tps, lat 29.570 ms stddev 40.812, 0 failed
progress: 19.0 s, 8943.0 tps, lat 27.648 ms stddev 38.428, 0 failed
progress: 20.0 s, 7469.3 tps, lat 33.879 ms stddev 44.953, 0 failed
progress: 21.0 s, 9321.5 tps, lat 27.828 ms stddev 42.152, 0 failed
progress: 22.0 s, 8589.7 tps, lat 29.804 ms stddev 41.289, 0 failed
progress: 23.0 s, 8481.9 tps, lat 29.734 ms stddev 43.291, 0 failed
progress: 24.0 s, 5955.6 tps, lat 43.359 ms stddev 54.690, 0 failed
progress: 25.0 s, 7855.4 tps, lat 33.860 ms stddev 48.346, 0 failed
progress: 26.0 s, 7774.5 tps, lat 32.749 ms stddev 42.402, 0 failed
progress: 27.0 s, 7718.2 tps, lat 33.435 ms stddev 45.872, 0 failed
progress: 28.0 s, 7505.9 tps, lat 32.680 ms stddev 42.253, 0 failed
progress: 29.0 s, 7759.8 tps, lat 32.954 ms stddev 43.676, 0 failed
progress: 30.0 s, 6011.0 tps, lat 42.793 ms stddev 54.803, 0 failed
progress: 31.0 s, 7763.3 tps, lat 32.935 ms stddev 42.831, 0 failed
progress: 32.0 s, 8640.6 tps, lat 29.634 ms stddev 42.206, 0 failed
progress: 33.0 s, 6677.2 tps, lat 38.204 ms stddev 47.422, 0 failed
progress: 34.0 s, 8721.8 tps, lat 30.107 ms stddev 41.190, 0 failed
progress: 35.0 s, 8515.8 tps, lat 28.993 ms stddev 39.626, 0 failed
progress: 36.0 s, 7406.4 tps, lat 35.089 ms stddev 46.779, 0 failed
progress: 37.0 s, 7202.3 tps, lat 35.894 ms stddev 44.870, 0 failed
progress: 38.0 s, 7311.7 tps, lat 34.664 ms stddev 43.918, 0 failed
progress: 39.0 s, 8240.4 tps, lat 31.329 ms stddev 43.503, 0 failed
progress: 40.0 s, 6964.1 tps, lat 35.897 ms stddev 44.846, 0 failed
progress: 41.0 s, 6440.5 tps, lat 39.356 ms stddev 51.076, 0 failed
progress: 42.0 s, 8128.8 tps, lat 33.424 ms stddev 45.661, 0 failed
progress: 43.0 s, 10886.9 tps, lat 23.310 ms stddev 33.071, 0 failed
progress: 44.0 s, 8368.2 tps, lat 29.594 ms stddev 40.582, 0 failed
progress: 45.0 s, 8409.8 tps, lat 30.846 ms stddev 43.611, 0 failed
progress: 46.0 s, 7919.0 tps, lat 32.817 ms stddev 43.122, 0 failed
progress: 47.0 s, 11385.9 tps, lat 22.748 ms stddev 31.416, 0 failed
progress: 48.0 s, 10143.8 tps, lat 24.028 ms stddev 33.514, 0 failed
progress: 49.0 s, 9040.6 tps, lat 28.396 ms stddev 42.000, 0 failed
progress: 50.0 s, 6961.0 tps, lat 36.763 ms stddev 45.545, 0 failed
progress: 51.0 s, 8486.4 tps, lat 30.214 ms stddev 42.227, 0 failed
progress: 52.0 s, 9694.2 tps, lat 26.917 ms stddev 38.224, 0 failed
progress: 53.0 s, 9144.4 tps, lat 27.888 ms stddev 37.268, 0 failed
progress: 54.0 s, 6639.4 tps, lat 37.800 ms stddev 46.565, 0 failed
progress: 55.0 s, 6258.0 tps, lat 40.708 ms stddev 50.839, 0 failed
progress: 56.0 s, 7612.9 tps, lat 34.549 ms stddev 46.912, 0 failed
progress: 57.0 s, 6614.8 tps, lat 38.396 ms stddev 50.984, 0 failed
progress: 58.0 s, 8698.1 tps, lat 29.242 ms stddev 38.641, 0 failed
progress: 59.0 s, 12151.0 tps, lat 21.925 ms stddev 33.970, 0 failed
transaction type: star-1.sql
scaling factor: 1
query mode: simple
number of clients: 256
number of threads: 256
maximum number of tries: 1
duration: 60 s
number of transactions actually processed: 488389
number of failed transactions: 0 (0.000%)
latency average = 31.378 ms
latency stddev = 43.623 ms
initial connection time = 146.707 ms
tps = 8156.181501 (without initial connection time)
