pgbench (18devel, server 12.20)
progress: 1.0 s, 1724.8 tps, lat 18.223 ms stddev 3.441, 0 failed
progress: 2.0 s, 1824.0 tps, lat 17.517 ms stddev 0.264, 0 failed
progress: 3.0 s, 1831.0 tps, lat 17.531 ms stddev 0.260, 0 failed
progress: 4.0 s, 1828.0 tps, lat 17.499 ms stddev 0.318, 0 failed
progress: 5.0 s, 1832.0 tps, lat 17.472 ms stddev 0.222, 0 failed
progress: 6.0 s, 1829.0 tps, lat 17.476 ms stddev 0.256, 0 failed
progress: 7.0 s, 1834.0 tps, lat 17.488 ms stddev 0.257, 0 failed
progress: 8.0 s, 1830.0 tps, lat 17.490 ms stddev 0.232, 0 failed
progress: 9.0 s, 1826.0 tps, lat 17.480 ms stddev 0.233, 0 failed
progress: 10.0 s, 1831.0 tps, lat 17.490 ms stddev 0.225, 0 failed
progress: 11.0 s, 1827.0 tps, lat 17.470 ms stddev 0.226, 0 failed
progress: 12.0 s, 1831.0 tps, lat 17.491 ms stddev 0.266, 0 failed
progress: 13.0 s, 1831.0 tps, lat 17.498 ms stddev 0.270, 0 failed
progress: 14.0 s, 1832.0 tps, lat 17.474 ms stddev 0.258, 0 failed
progress: 15.0 s, 1832.0 tps, lat 17.463 ms stddev 0.218, 0 failed
progress: 16.0 s, 1834.1 tps, lat 17.470 ms stddev 0.243, 0 failed
progress: 17.0 s, 1772.9 tps, lat 17.976 ms stddev 2.862, 0 failed
progress: 18.0 s, 1826.0 tps, lat 17.526 ms stddev 0.949, 0 failed
progress: 19.0 s, 1835.0 tps, lat 17.480 ms stddev 0.224, 0 failed
progress: 20.0 s, 1834.0 tps, lat 17.467 ms stddev 0.235, 0 failed
progress: 21.0 s, 1830.0 tps, lat 17.468 ms stddev 0.229, 0 failed
progress: 22.0 s, 1832.0 tps, lat 17.469 ms stddev 0.238, 0 failed
progress: 23.0 s, 1833.0 tps, lat 17.465 ms stddev 0.209, 0 failed
progress: 24.0 s, 1832.0 tps, lat 17.464 ms stddev 0.231, 0 failed
progress: 25.0 s, 1829.0 tps, lat 17.471 ms stddev 0.255, 0 failed
progress: 26.0 s, 1832.1 tps, lat 17.459 ms stddev 0.209, 0 failed
progress: 27.0 s, 1837.9 tps, lat 17.460 ms stddev 0.231, 0 failed
progress: 28.0 s, 1834.0 tps, lat 17.461 ms stddev 0.218, 0 failed
progress: 29.0 s, 1828.0 tps, lat 17.470 ms stddev 0.250, 0 failed
progress: 30.0 s, 1831.0 tps, lat 17.461 ms stddev 0.239, 0 failed
progress: 31.0 s, 1835.0 tps, lat 17.469 ms stddev 0.250, 0 failed
progress: 32.0 s, 1830.0 tps, lat 17.461 ms stddev 0.241, 0 failed
progress: 33.0 s, 1833.0 tps, lat 17.463 ms stddev 0.234, 0 failed
progress: 34.0 s, 1832.0 tps, lat 17.457 ms stddev 0.207, 0 failed
progress: 35.0 s, 1832.0 tps, lat 17.456 ms stddev 0.224, 0 failed
progress: 36.0 s, 1832.0 tps, lat 17.464 ms stddev 0.240, 0 failed
progress: 37.0 s, 1836.0 tps, lat 17.465 ms stddev 0.213, 0 failed
progress: 38.0 s, 1832.0 tps, lat 17.463 ms stddev 0.227, 0 failed
progress: 39.0 s, 1834.0 tps, lat 17.457 ms stddev 0.208, 0 failed
progress: 40.0 s, 1831.0 tps, lat 17.463 ms stddev 0.226, 0 failed
progress: 41.0 s, 1833.0 tps, lat 17.454 ms stddev 0.193, 0 failed
progress: 42.0 s, 1832.0 tps, lat 17.457 ms stddev 0.233, 0 failed
progress: 43.0 s, 1831.0 tps, lat 17.468 ms stddev 0.243, 0 failed
progress: 44.0 s, 1835.0 tps, lat 17.470 ms stddev 0.201, 0 failed
progress: 45.0 s, 1833.0 tps, lat 17.476 ms stddev 0.255, 0 failed
progress: 46.0 s, 1828.0 tps, lat 17.487 ms stddev 0.218, 0 failed
progress: 47.0 s, 1828.0 tps, lat 17.494 ms stddev 0.221, 0 failed
progress: 48.0 s, 1830.0 tps, lat 17.492 ms stddev 0.210, 0 failed
progress: 49.0 s, 1825.0 tps, lat 17.538 ms stddev 0.192, 0 failed
progress: 50.0 s, 1809.0 tps, lat 17.709 ms stddev 1.568, 0 failed
progress: 51.0 s, 1822.0 tps, lat 17.511 ms stddev 0.203, 0 failed
progress: 52.0 s, 1832.0 tps, lat 17.514 ms stddev 0.223, 0 failed
progress: 53.0 s, 1825.0 tps, lat 17.540 ms stddev 0.187, 0 failed
progress: 54.0 s, 1825.0 tps, lat 17.526 ms stddev 0.198, 0 failed
progress: 55.0 s, 1827.1 tps, lat 17.503 ms stddev 0.223, 0 failed
progress: 56.0 s, 1828.9 tps, lat 17.480 ms stddev 0.187, 0 failed
progress: 57.0 s, 1826.0 tps, lat 17.500 ms stddev 0.204, 0 failed
progress: 58.0 s, 1830.0 tps, lat 17.508 ms stddev 0.172, 0 failed
progress: 59.0 s, 1829.0 tps, lat 17.507 ms stddev 0.242, 0 failed
progress: 60.0 s, 1824.0 tps, lat 17.487 ms stddev 0.210, 0 failed
transaction type: star-1.sql
scaling factor: 1
query mode: simple
number of clients: 32
number of threads: 32
maximum number of tries: 1
duration: 60 s
number of transactions actually processed: 109655
number of failed transactions: 0 (0.000%)
latency average = 17.505 ms
latency stddev = 0.661 ms
initial connection time = 21.460 ms
tps = 1827.711182 (without initial connection time)
