pgbench (18devel, server 8.0.26)
progress: 1.0 s, 1313.9 tps, lat 0.757 ms stddev 0.058, 0 failed
progress: 2.0 s, 1336.0 tps, lat 0.748 ms stddev 0.008, 0 failed
progress: 3.0 s, 1352.0 tps, lat 0.740 ms stddev 0.017, 0 failed
progress: 4.0 s, 1387.0 tps, lat 0.720 ms stddev 0.008, 0 failed
progress: 5.0 s, 1388.0 tps, lat 0.720 ms stddev 0.008, 0 failed
progress: 6.0 s, 1389.0 tps, lat 0.720 ms stddev 0.016, 0 failed
progress: 7.0 s, 1387.0 tps, lat 0.721 ms stddev 0.014, 0 failed
progress: 8.0 s, 1390.0 tps, lat 0.719 ms stddev 0.008, 0 failed
progress: 9.0 s, 1388.0 tps, lat 0.720 ms stddev 0.012, 0 failed
progress: 10.0 s, 1388.0 tps, lat 0.720 ms stddev 0.013, 0 failed
progress: 11.0 s, 1372.0 tps, lat 0.729 ms stddev 0.037, 0 failed
progress: 12.0 s, 1383.0 tps, lat 0.723 ms stddev 0.020, 0 failed
progress: 13.0 s, 1384.0 tps, lat 0.722 ms stddev 0.013, 0 failed
progress: 14.0 s, 1388.0 tps, lat 0.720 ms stddev 0.015, 0 failed
progress: 15.0 s, 1385.0 tps, lat 0.721 ms stddev 0.014, 0 failed
progress: 16.0 s, 1372.0 tps, lat 0.729 ms stddev 0.010, 0 failed
progress: 17.0 s, 1388.0 tps, lat 0.720 ms stddev 0.020, 0 failed
progress: 18.0 s, 1383.0 tps, lat 0.722 ms stddev 0.013, 0 failed
progress: 19.0 s, 1393.0 tps, lat 0.718 ms stddev 0.015, 0 failed
progress: 20.0 s, 1382.0 tps, lat 0.723 ms stddev 0.014, 0 failed
progress: 21.0 s, 1384.0 tps, lat 0.723 ms stddev 0.032, 0 failed
progress: 22.0 s, 1370.0 tps, lat 0.729 ms stddev 0.008, 0 failed
progress: 23.0 s, 1385.0 tps, lat 0.722 ms stddev 0.020, 0 failed
progress: 24.0 s, 1374.0 tps, lat 0.728 ms stddev 0.011, 0 failed
progress: 25.0 s, 1387.0 tps, lat 0.721 ms stddev 0.013, 0 failed
progress: 26.0 s, 1376.0 tps, lat 0.726 ms stddev 0.012, 0 failed
progress: 27.0 s, 1391.0 tps, lat 0.718 ms stddev 0.015, 0 failed
progress: 28.0 s, 1387.0 tps, lat 0.721 ms stddev 0.012, 0 failed
progress: 29.0 s, 1387.0 tps, lat 0.720 ms stddev 0.020, 0 failed
progress: 30.0 s, 1385.0 tps, lat 0.721 ms stddev 0.015, 0 failed
progress: 31.0 s, 1387.0 tps, lat 0.721 ms stddev 0.047, 0 failed
progress: 32.0 s, 1396.0 tps, lat 0.716 ms stddev 0.013, 0 failed
progress: 33.0 s, 1382.0 tps, lat 0.723 ms stddev 0.014, 0 failed
progress: 34.0 s, 1387.0 tps, lat 0.720 ms stddev 0.020, 0 failed
progress: 35.0 s, 1394.0 tps, lat 0.717 ms stddev 0.015, 0 failed
progress: 36.0 s, 1385.0 tps, lat 0.721 ms stddev 0.014, 0 failed
progress: 37.0 s, 1385.0 tps, lat 0.722 ms stddev 0.013, 0 failed
progress: 38.0 s, 1381.0 tps, lat 0.724 ms stddev 0.012, 0 failed
progress: 39.0 s, 1385.0 tps, lat 0.722 ms stddev 0.014, 0 failed
progress: 40.0 s, 1387.0 tps, lat 0.721 ms stddev 0.020, 0 failed
progress: 41.0 s, 1380.0 tps, lat 0.724 ms stddev 0.043, 0 failed
progress: 42.0 s, 1387.0 tps, lat 0.721 ms stddev 0.014, 0 failed
progress: 43.0 s, 1389.0 tps, lat 0.719 ms stddev 0.015, 0 failed
progress: 44.0 s, 1381.0 tps, lat 0.724 ms stddev 0.013, 0 failed
progress: 45.0 s, 1384.0 tps, lat 0.722 ms stddev 0.020, 0 failed
progress: 46.0 s, 1372.0 tps, lat 0.728 ms stddev 0.007, 0 failed
progress: 47.0 s, 1391.0 tps, lat 0.719 ms stddev 0.015, 0 failed
progress: 48.0 s, 1391.0 tps, lat 0.719 ms stddev 0.012, 0 failed
progress: 49.0 s, 1367.0 tps, lat 0.731 ms stddev 0.039, 0 failed
progress: 50.0 s, 1370.0 tps, lat 0.730 ms stddev 0.031, 0 failed
progress: 51.0 s, 1393.0 tps, lat 0.717 ms stddev 0.063, 0 failed
progress: 52.0 s, 1385.0 tps, lat 0.722 ms stddev 0.014, 0 failed
progress: 53.0 s, 1387.0 tps, lat 0.721 ms stddev 0.015, 0 failed
progress: 54.0 s, 1383.0 tps, lat 0.722 ms stddev 0.015, 0 failed
progress: 55.0 s, 1391.1 tps, lat 0.719 ms stddev 0.019, 0 failed
progress: 56.0 s, 1376.9 tps, lat 0.726 ms stddev 0.018, 0 failed
progress: 57.0 s, 1383.0 tps, lat 0.722 ms stddev 0.018, 0 failed
progress: 58.0 s, 1385.0 tps, lat 0.722 ms stddev 0.014, 0 failed
progress: 59.0 s, 1402.0 tps, lat 0.713 ms stddev 0.014, 0 failed
progress: 60.0 s, 1383.1 tps, lat 0.723 ms stddev 0.011, 0 failed
transaction type: star-1.sql
scaling factor: 1
query mode: simple
number of clients: 1
number of threads: 1
maximum number of tries: 1
duration: 60 s
number of transactions actually processed: 82925
number of failed transactions: 0 (0.000%)
latency average = 0.723 ms
latency stddev = 0.022 ms
initial connection time = 4.712 ms
tps = 1382.190361 (without initial connection time)
