pgbench (18devel, server 8.0.26)
progress: 1.4 s, 0.0 tps, lat 0.000 ms stddev 0.000, 0 failed
progress: 2.0 s, 0.0 tps, lat 0.000 ms stddev 0.000, 0 failed
progress: 3.0 s, 9.0 tps, lat 93.869 ms stddev 263.016, 0 failed
progress: 4.0 s, 8.0 tps, lat 223.740 ms stddev 589.233, 0 failed
progress: 5.0 s, 1.0 tps, lat 1565.917 ms stddev NaN, 0 failed
progress: 6.0 s, 23.0 tps, lat 561.567 ms stddev 1178.023, 0 failed
progress: 7.0 s, 6.0 tps, lat 666.287 ms stddev 268.944, 0 failed
progress: 8.0 s, 7.0 tps, lat 611.261 ms stddev 279.519, 0 failed
progress: 9.0 s, 56.0 tps, lat 1005.634 ms stddev 2250.642, 0 failed
progress: 10.0 s, 1250.2 tps, lat 1568.847 ms stddev 3104.236, 0 failed
progress: 11.0 s, 2705.0 tps, lat 143.791 ms stddev 659.587, 0 failed
progress: 12.0 s, 3093.0 tps, lat 83.448 ms stddev 61.686, 0 failed
progress: 13.0 s, 2047.9 tps, lat 121.297 ms stddev 47.137, 0 failed
progress: 14.0 s, 1878.1 tps, lat 141.793 ms stddev 46.215, 0 failed
progress: 15.0 s, 1657.0 tps, lat 147.430 ms stddev 52.352, 0 failed
progress: 16.0 s, 1876.0 tps, lat 129.891 ms stddev 60.840, 0 failed
progress: 17.0 s, 3438.9 tps, lat 81.723 ms stddev 64.456, 0 failed
progress: 18.0 s, 2135.1 tps, lat 120.445 ms stddev 57.089, 0 failed
progress: 19.0 s, 2253.9 tps, lat 108.454 ms stddev 61.993, 0 failed
progress: 20.0 s, 1628.0 tps, lat 159.321 ms stddev 54.437, 0 failed
progress: 21.0 s, 1575.0 tps, lat 165.036 ms stddev 63.761, 0 failed
progress: 22.0 s, 1800.1 tps, lat 141.377 ms stddev 52.740, 0 failed
progress: 23.0 s, 1766.9 tps, lat 136.920 ms stddev 62.541, 0 failed
progress: 24.0 s, 1635.9 tps, lat 162.585 ms stddev 65.768, 0 failed
progress: 25.0 s, 2824.0 tps, lat 93.295 ms stddev 68.388, 0 failed
progress: 26.0 s, 3148.2 tps, lat 79.305 ms stddev 52.156, 0 failed
progress: 27.0 s, 3325.9 tps, lat 75.233 ms stddev 56.043, 0 failed
progress: 28.0 s, 2861.1 tps, lat 93.247 ms stddev 61.634, 0 failed
progress: 29.0 s, 2046.0 tps, lat 124.819 ms stddev 52.734, 0 failed
progress: 30.0 s, 1904.0 tps, lat 131.362 ms stddev 49.014, 0 failed
progress: 31.0 s, 1722.1 tps, lat 147.722 ms stddev 58.999, 0 failed
progress: 32.0 s, 2108.8 tps, lat 120.183 ms stddev 64.652, 0 failed
progress: 33.0 s, 3137.4 tps, lat 85.552 ms stddev 60.126, 0 failed
progress: 34.0 s, 1852.9 tps, lat 138.789 ms stddev 54.398, 0 failed
progress: 35.0 s, 1851.0 tps, lat 131.922 ms stddev 46.879, 0 failed
progress: 36.0 s, 1903.9 tps, lat 134.843 ms stddev 46.645, 0 failed
progress: 37.0 s, 2848.9 tps, lat 92.986 ms stddev 66.343, 0 failed
progress: 38.0 s, 2232.2 tps, lat 113.329 ms stddev 51.260, 0 failed
progress: 39.0 s, 3525.1 tps, lat 75.203 ms stddev 66.928, 0 failed
progress: 40.0 s, 3427.0 tps, lat 73.519 ms stddev 46.775, 0 failed
progress: 41.0 s, 2335.9 tps, lat 104.643 ms stddev 49.501, 0 failed
progress: 42.0 s, 1819.1 tps, lat 144.418 ms stddev 54.541, 0 failed
progress: 43.0 s, 1527.0 tps, lat 152.875 ms stddev 62.207, 0 failed
progress: 44.0 s, 1957.8 tps, lat 139.337 ms stddev 70.499, 0 failed
progress: 45.0 s, 1530.1 tps, lat 164.150 ms stddev 73.178, 0 failed
progress: 46.0 s, 1775.9 tps, lat 149.701 ms stddev 61.192, 0 failed
progress: 47.0 s, 2186.0 tps, lat 116.854 ms stddev 55.361, 0 failed
progress: 48.0 s, 1810.8 tps, lat 135.561 ms stddev 53.823, 0 failed
progress: 49.0 s, 3340.3 tps, lat 80.091 ms stddev 51.351, 0 failed
progress: 50.0 s, 3427.2 tps, lat 76.200 ms stddev 63.026, 0 failed
progress: 51.0 s, 3038.6 tps, lat 79.018 ms stddev 53.722, 0 failed
progress: 52.0 s, 1749.0 tps, lat 145.862 ms stddev 66.436, 0 failed
progress: 53.0 s, 1849.0 tps, lat 142.866 ms stddev 47.065, 0 failed
progress: 54.0 s, 1843.0 tps, lat 136.770 ms stddev 63.045, 0 failed
progress: 55.0 s, 1781.0 tps, lat 142.736 ms stddev 47.181, 0 failed
progress: 56.0 s, 1548.8 tps, lat 160.704 ms stddev 60.159, 0 failed
progress: 57.0 s, 1811.4 tps, lat 147.792 ms stddev 66.926, 0 failed
progress: 58.0 s, 2089.0 tps, lat 126.196 ms stddev 42.359, 0 failed
progress: 59.0 s, 1722.9 tps, lat 144.529 ms stddev 54.628, 0 failed
progress: 60.0 s, 1656.1 tps, lat 148.415 ms stddev 61.615, 0 failed
transaction type: star-1.sql
scaling factor: 1
query mode: simple
number of clients: 256
number of threads: 256
maximum number of tries: 1
duration: 60 s
number of transactions actually processed: 112538
number of failed transactions: 0 (0.000%)
latency average = 133.212 ms
latency stddev = 384.668 ms
initial connection time = 1543.390 ms
tps = 1920.170242 (without initial connection time)
