pgbench (18devel, server 12.20)
progress: 1.0 s, 6253.4 tps, lat 2.541 ms stddev 0.290, 0 failed
progress: 2.0 s, 6285.9 tps, lat 2.544 ms stddev 0.054, 0 failed
progress: 3.0 s, 6366.9 tps, lat 2.512 ms stddev 0.048, 0 failed
progress: 4.0 s, 6306.3 tps, lat 2.538 ms stddev 0.046, 0 failed
progress: 5.0 s, 6283.9 tps, lat 2.545 ms stddev 0.039, 0 failed
progress: 6.0 s, 6302.1 tps, lat 2.539 ms stddev 0.044, 0 failed
progress: 7.0 s, 6308.0 tps, lat 2.536 ms stddev 0.043, 0 failed
progress: 8.0 s, 6302.9 tps, lat 2.538 ms stddev 0.045, 0 failed
progress: 9.0 s, 6293.0 tps, lat 2.540 ms stddev 0.044, 0 failed
progress: 10.0 s, 6320.1 tps, lat 2.532 ms stddev 0.042, 0 failed
progress: 11.0 s, 6302.0 tps, lat 2.539 ms stddev 0.052, 0 failed
progress: 12.0 s, 6272.8 tps, lat 2.549 ms stddev 0.040, 0 failed
progress: 13.0 s, 6315.2 tps, lat 2.534 ms stddev 0.044, 0 failed
progress: 14.0 s, 6324.8 tps, lat 2.530 ms stddev 0.042, 0 failed
progress: 15.0 s, 6289.9 tps, lat 2.543 ms stddev 0.045, 0 failed
progress: 16.0 s, 6303.3 tps, lat 2.538 ms stddev 0.041, 0 failed
progress: 17.0 s, 6315.0 tps, lat 2.534 ms stddev 0.045, 0 failed
progress: 18.0 s, 6318.0 tps, lat 2.531 ms stddev 0.040, 0 failed
progress: 19.0 s, 6332.0 tps, lat 2.527 ms stddev 0.042, 0 failed
progress: 20.0 s, 6346.0 tps, lat 2.520 ms stddev 0.041, 0 failed
progress: 21.0 s, 6310.0 tps, lat 2.535 ms stddev 0.037, 0 failed
progress: 22.0 s, 6300.0 tps, lat 2.540 ms stddev 0.038, 0 failed
progress: 23.0 s, 6312.0 tps, lat 2.533 ms stddev 0.040, 0 failed
progress: 24.0 s, 6328.0 tps, lat 2.528 ms stddev 0.043, 0 failed
progress: 25.0 s, 6320.0 tps, lat 2.533 ms stddev 0.042, 0 failed
progress: 26.0 s, 6299.0 tps, lat 2.539 ms stddev 0.040, 0 failed
progress: 27.0 s, 6300.0 tps, lat 2.539 ms stddev 0.043, 0 failed
progress: 28.0 s, 6314.0 tps, lat 2.533 ms stddev 0.041, 0 failed
progress: 29.0 s, 6294.0 tps, lat 2.541 ms stddev 0.041, 0 failed
progress: 30.0 s, 6323.8 tps, lat 2.530 ms stddev 0.044, 0 failed
progress: 31.0 s, 6320.2 tps, lat 2.532 ms stddev 0.045, 0 failed
progress: 32.0 s, 6295.8 tps, lat 2.541 ms stddev 0.038, 0 failed
progress: 33.0 s, 6312.0 tps, lat 2.533 ms stddev 0.042, 0 failed
progress: 34.0 s, 6311.0 tps, lat 2.535 ms stddev 0.040, 0 failed
progress: 35.0 s, 6312.0 tps, lat 2.534 ms stddev 0.039, 0 failed
progress: 36.0 s, 6321.0 tps, lat 2.531 ms stddev 0.041, 0 failed
progress: 37.0 s, 6290.0 tps, lat 2.543 ms stddev 0.040, 0 failed
progress: 38.0 s, 6330.0 tps, lat 2.527 ms stddev 0.044, 0 failed
progress: 39.0 s, 6313.0 tps, lat 2.534 ms stddev 0.040, 0 failed
progress: 40.0 s, 6302.0 tps, lat 2.538 ms stddev 0.039, 0 failed
progress: 41.0 s, 6320.2 tps, lat 2.532 ms stddev 0.043, 0 failed
progress: 42.0 s, 6286.0 tps, lat 2.544 ms stddev 0.038, 0 failed
progress: 43.0 s, 6320.8 tps, lat 2.530 ms stddev 0.041, 0 failed
progress: 44.0 s, 6307.2 tps, lat 2.536 ms stddev 0.039, 0 failed
progress: 45.0 s, 6311.8 tps, lat 2.535 ms stddev 0.040, 0 failed
progress: 46.0 s, 6319.0 tps, lat 2.531 ms stddev 0.045, 0 failed
progress: 47.0 s, 6308.2 tps, lat 2.537 ms stddev 0.045, 0 failed
progress: 48.0 s, 6321.3 tps, lat 2.531 ms stddev 0.043, 0 failed
progress: 49.0 s, 6299.4 tps, lat 2.539 ms stddev 0.041, 0 failed
progress: 50.0 s, 6277.0 tps, lat 2.548 ms stddev 0.039, 0 failed
progress: 51.0 s, 6326.2 tps, lat 2.528 ms stddev 0.043, 0 failed
progress: 52.0 s, 6315.0 tps, lat 2.535 ms stddev 0.041, 0 failed
progress: 53.0 s, 6322.7 tps, lat 2.529 ms stddev 0.045, 0 failed
progress: 54.0 s, 6296.0 tps, lat 2.542 ms stddev 0.045, 0 failed
progress: 55.0 s, 6320.0 tps, lat 2.530 ms stddev 0.043, 0 failed
progress: 56.0 s, 6313.0 tps, lat 2.534 ms stddev 0.043, 0 failed
progress: 57.0 s, 6307.0 tps, lat 2.536 ms stddev 0.044, 0 failed
progress: 58.0 s, 6309.2 tps, lat 2.535 ms stddev 0.041, 0 failed
progress: 59.0 s, 6301.8 tps, lat 2.538 ms stddev 0.041, 0 failed
transaction type: star-1-left.sql
scaling factor: 1
query mode: simple
number of clients: 16
number of threads: 16
maximum number of tries: 1
duration: 60 s
number of transactions actually processed: 378546
number of failed transactions: 0 (0.000%)
latency average = 2.535 ms
latency stddev = 0.057 ms
initial connection time = 10.274 ms
tps = 6309.915557 (without initial connection time)
