pgbench (18devel, server 12.20)
progress: 1.0 s, 14617.3 tps, lat 16.102 ms stddev 25.338, 0 failed
progress: 2.0 s, 16634.9 tps, lat 15.328 ms stddev 23.308, 0 failed
progress: 3.0 s, 15963.1 tps, lat 16.001 ms stddev 21.617, 0 failed
progress: 4.0 s, 15871.0 tps, lat 16.287 ms stddev 20.752, 0 failed
progress: 5.0 s, 16071.0 tps, lat 15.779 ms stddev 22.525, 0 failed
progress: 6.0 s, 15999.9 tps, lat 16.129 ms stddev 23.299, 0 failed
progress: 7.0 s, 15987.0 tps, lat 15.906 ms stddev 24.192, 0 failed
progress: 8.0 s, 16129.1 tps, lat 15.796 ms stddev 26.381, 0 failed
progress: 9.0 s, 16125.9 tps, lat 16.033 ms stddev 25.671, 0 failed
progress: 10.0 s, 16042.8 tps, lat 15.959 ms stddev 24.975, 0 failed
progress: 11.0 s, 16063.6 tps, lat 15.988 ms stddev 22.024, 0 failed
progress: 12.0 s, 16100.8 tps, lat 15.814 ms stddev 22.296, 0 failed
progress: 13.0 s, 16167.7 tps, lat 15.757 ms stddev 24.848, 0 failed
progress: 14.0 s, 16162.9 tps, lat 15.981 ms stddev 25.056, 0 failed
progress: 15.0 s, 16080.3 tps, lat 15.895 ms stddev 22.215, 0 failed
progress: 16.0 s, 16057.5 tps, lat 15.936 ms stddev 22.526, 0 failed
progress: 17.0 s, 16056.7 tps, lat 15.949 ms stddev 22.753, 0 failed
progress: 18.0 s, 16140.4 tps, lat 15.758 ms stddev 24.241, 0 failed
progress: 19.0 s, 16136.6 tps, lat 15.868 ms stddev 24.836, 0 failed
progress: 20.0 s, 16145.0 tps, lat 15.949 ms stddev 25.326, 0 failed
progress: 21.0 s, 16151.9 tps, lat 15.724 ms stddev 25.303, 0 failed
progress: 22.0 s, 16083.9 tps, lat 15.966 ms stddev 22.880, 0 failed
progress: 23.0 s, 16031.1 tps, lat 16.042 ms stddev 22.098, 0 failed
progress: 24.0 s, 16099.7 tps, lat 15.722 ms stddev 23.123, 0 failed
progress: 25.0 s, 16040.3 tps, lat 16.012 ms stddev 22.587, 0 failed
progress: 26.0 s, 16071.1 tps, lat 16.057 ms stddev 24.280, 0 failed
progress: 27.0 s, 16127.8 tps, lat 15.907 ms stddev 24.639, 0 failed
progress: 28.0 s, 16099.1 tps, lat 15.919 ms stddev 23.566, 0 failed
progress: 29.0 s, 16121.8 tps, lat 15.680 ms stddev 25.705, 0 failed
progress: 30.0 s, 16073.0 tps, lat 15.891 ms stddev 24.026, 0 failed
progress: 31.0 s, 16064.2 tps, lat 16.096 ms stddev 24.478, 0 failed
progress: 32.0 s, 16086.6 tps, lat 15.806 ms stddev 23.888, 0 failed
progress: 33.0 s, 16083.0 tps, lat 15.996 ms stddev 25.218, 0 failed
progress: 34.0 s, 16078.4 tps, lat 15.893 ms stddev 24.330, 0 failed
progress: 35.0 s, 16098.0 tps, lat 15.984 ms stddev 25.116, 0 failed
progress: 36.0 s, 16033.0 tps, lat 15.873 ms stddev 22.352, 0 failed
progress: 37.0 s, 16039.9 tps, lat 16.065 ms stddev 23.620, 0 failed
progress: 38.0 s, 16035.2 tps, lat 16.018 ms stddev 23.674, 0 failed
progress: 39.0 s, 15989.9 tps, lat 16.001 ms stddev 22.885, 0 failed
progress: 40.0 s, 16037.9 tps, lat 15.836 ms stddev 23.003, 0 failed
progress: 41.0 s, 16088.4 tps, lat 15.994 ms stddev 26.239, 0 failed
progress: 42.0 s, 16031.5 tps, lat 15.833 ms stddev 23.770, 0 failed
progress: 43.0 s, 16082.5 tps, lat 15.978 ms stddev 24.951, 0 failed
progress: 44.0 s, 16088.8 tps, lat 15.797 ms stddev 25.007, 0 failed
progress: 45.0 s, 16074.8 tps, lat 15.944 ms stddev 25.537, 0 failed
progress: 46.0 s, 16105.8 tps, lat 15.923 ms stddev 25.918, 0 failed
progress: 47.0 s, 16006.7 tps, lat 16.080 ms stddev 23.443, 0 failed
progress: 48.0 s, 16067.7 tps, lat 15.908 ms stddev 24.120, 0 failed
progress: 49.0 s, 16090.6 tps, lat 15.848 ms stddev 25.477, 0 failed
progress: 50.0 s, 16046.3 tps, lat 16.118 ms stddev 24.208, 0 failed
progress: 51.0 s, 15995.2 tps, lat 15.847 ms stddev 22.396, 0 failed
progress: 52.0 s, 16118.8 tps, lat 15.812 ms stddev 25.927, 0 failed
progress: 53.0 s, 16099.0 tps, lat 15.956 ms stddev 26.189, 0 failed
progress: 54.0 s, 16103.0 tps, lat 15.931 ms stddev 25.670, 0 failed
progress: 55.0 s, 16015.4 tps, lat 15.964 ms stddev 23.405, 0 failed
progress: 56.0 s, 16083.7 tps, lat 15.953 ms stddev 24.797, 0 failed
progress: 57.0 s, 16109.0 tps, lat 15.905 ms stddev 25.925, 0 failed
progress: 58.0 s, 16047.0 tps, lat 16.015 ms stddev 24.370, 0 failed
progress: 59.0 s, 16039.5 tps, lat 16.008 ms stddev 24.762, 0 failed
transaction type: star-1-left.sql
scaling factor: 1
query mode: simple
number of clients: 256
number of threads: 256
maximum number of tries: 1
duration: 60 s
number of transactions actually processed: 961947
number of failed transactions: 0 (0.000%)
latency average = 15.931 ms
latency stddev = 24.151 ms
initial connection time = 158.184 ms
tps = 16058.229346 (without initial connection time)
