pgbench (18devel, server 15.8)
progress: 1.0 s, 27355.1 tps, lat 4.545 ms stddev 3.296, 0 failed
progress: 2.0 s, 28416.9 tps, lat 4.504 ms stddev 2.345, 0 failed
progress: 3.0 s, 28548.3 tps, lat 4.483 ms stddev 2.349, 0 failed
progress: 4.0 s, 28544.9 tps, lat 4.486 ms stddev 2.335, 0 failed
progress: 5.0 s, 28491.1 tps, lat 4.488 ms stddev 2.376, 0 failed
progress: 6.0 s, 28539.8 tps, lat 4.489 ms stddev 2.700, 0 failed
progress: 7.0 s, 28490.1 tps, lat 4.490 ms stddev 2.660, 0 failed
progress: 8.0 s, 28622.9 tps, lat 4.471 ms stddev 2.679, 0 failed
progress: 9.0 s, 28654.0 tps, lat 4.466 ms stddev 2.671, 0 failed
progress: 10.0 s, 28533.6 tps, lat 4.488 ms stddev 2.668, 0 failed
progress: 11.0 s, 28543.2 tps, lat 4.484 ms stddev 2.598, 0 failed
progress: 12.0 s, 28602.2 tps, lat 4.473 ms stddev 2.644, 0 failed
progress: 13.0 s, 28637.2 tps, lat 4.469 ms stddev 2.618, 0 failed
progress: 14.0 s, 28509.7 tps, lat 4.488 ms stddev 2.710, 0 failed
progress: 15.0 s, 28611.3 tps, lat 4.476 ms stddev 2.661, 0 failed
progress: 16.0 s, 28633.9 tps, lat 4.470 ms stddev 2.638, 0 failed
progress: 17.0 s, 28584.9 tps, lat 4.477 ms stddev 2.612, 0 failed
progress: 18.0 s, 28628.1 tps, lat 4.470 ms stddev 2.670, 0 failed
progress: 19.0 s, 28650.1 tps, lat 4.466 ms stddev 2.717, 0 failed
progress: 20.0 s, 28623.8 tps, lat 4.471 ms stddev 2.651, 0 failed
progress: 21.0 s, 28647.5 tps, lat 4.467 ms stddev 2.697, 0 failed
progress: 22.0 s, 28619.5 tps, lat 4.472 ms stddev 2.579, 0 failed
progress: 23.0 s, 28624.1 tps, lat 4.474 ms stddev 2.628, 0 failed
progress: 24.0 s, 28636.8 tps, lat 4.469 ms stddev 2.668, 0 failed
progress: 25.0 s, 28633.1 tps, lat 4.468 ms stddev 2.663, 0 failed
progress: 26.0 s, 28586.1 tps, lat 4.478 ms stddev 2.647, 0 failed
progress: 27.0 s, 28653.0 tps, lat 4.467 ms stddev 2.660, 0 failed
progress: 28.0 s, 28681.9 tps, lat 4.463 ms stddev 2.639, 0 failed
progress: 29.0 s, 28655.1 tps, lat 4.463 ms stddev 2.617, 0 failed
progress: 30.0 s, 28690.9 tps, lat 4.462 ms stddev 2.627, 0 failed
progress: 31.0 s, 28652.9 tps, lat 4.468 ms stddev 2.609, 0 failed
progress: 32.0 s, 28636.9 tps, lat 4.470 ms stddev 2.670, 0 failed
progress: 33.0 s, 28673.5 tps, lat 4.462 ms stddev 2.647, 0 failed
progress: 34.0 s, 28663.7 tps, lat 4.465 ms stddev 2.673, 0 failed
progress: 35.0 s, 28566.4 tps, lat 4.482 ms stddev 2.627, 0 failed
progress: 36.0 s, 28699.8 tps, lat 4.458 ms stddev 2.671, 0 failed
progress: 37.0 s, 28675.9 tps, lat 4.464 ms stddev 2.580, 0 failed
progress: 38.0 s, 28614.9 tps, lat 4.473 ms stddev 2.598, 0 failed
progress: 39.0 s, 28639.1 tps, lat 4.469 ms stddev 2.622, 0 failed
progress: 40.0 s, 28649.9 tps, lat 4.466 ms stddev 2.654, 0 failed
progress: 41.0 s, 28692.1 tps, lat 4.462 ms stddev 2.692, 0 failed
progress: 42.0 s, 28648.9 tps, lat 4.467 ms stddev 2.632, 0 failed
progress: 43.0 s, 28661.4 tps, lat 4.465 ms stddev 2.647, 0 failed
progress: 44.0 s, 28706.5 tps, lat 4.459 ms stddev 2.668, 0 failed
progress: 45.0 s, 28643.1 tps, lat 4.468 ms stddev 2.664, 0 failed
progress: 46.0 s, 28720.7 tps, lat 4.456 ms stddev 2.636, 0 failed
progress: 47.0 s, 28669.3 tps, lat 4.464 ms stddev 2.655, 0 failed
progress: 48.0 s, 28630.0 tps, lat 4.470 ms stddev 2.630, 0 failed
progress: 49.0 s, 28651.9 tps, lat 4.467 ms stddev 2.643, 0 failed
progress: 50.0 s, 28711.1 tps, lat 4.456 ms stddev 2.660, 0 failed
progress: 51.0 s, 28724.1 tps, lat 4.455 ms stddev 2.617, 0 failed
progress: 52.0 s, 28780.8 tps, lat 4.448 ms stddev 2.633, 0 failed
progress: 53.0 s, 28699.1 tps, lat 4.461 ms stddev 2.628, 0 failed
progress: 54.0 s, 28722.9 tps, lat 4.456 ms stddev 2.703, 0 failed
progress: 55.0 s, 28685.1 tps, lat 4.460 ms stddev 2.655, 0 failed
progress: 56.0 s, 28635.9 tps, lat 4.472 ms stddev 2.639, 0 failed
progress: 57.0 s, 28670.0 tps, lat 4.463 ms stddev 2.649, 0 failed
progress: 58.0 s, 28719.0 tps, lat 4.456 ms stddev 2.700, 0 failed
progress: 59.0 s, 28674.7 tps, lat 4.463 ms stddev 2.640, 0 failed
transaction type: star-1.sql
scaling factor: 1
query mode: simple
number of clients: 128
number of threads: 128
maximum number of tries: 1
duration: 60 s
number of transactions actually processed: 1715537
number of failed transactions: 0 (0.000%)
latency average = 4.471 ms
latency stddev = 2.645 ms
initial connection time = 75.301 ms
tps = 28611.466368 (without initial connection time)
