pgbench (18devel, server 15.8)
progress: 1.0 s, 10732.4 tps, lat 1.481 ms stddev 0.226, 0 failed
progress: 2.0 s, 10910.0 tps, lat 1.466 ms stddev 0.027, 0 failed
progress: 3.0 s, 10869.0 tps, lat 1.471 ms stddev 0.029, 0 failed
progress: 4.0 s, 10896.6 tps, lat 1.468 ms stddev 0.028, 0 failed
progress: 5.0 s, 10904.9 tps, lat 1.467 ms stddev 0.028, 0 failed
progress: 6.0 s, 10915.5 tps, lat 1.465 ms stddev 0.029, 0 failed
progress: 7.0 s, 10910.6 tps, lat 1.466 ms stddev 0.028, 0 failed
progress: 8.0 s, 10915.4 tps, lat 1.465 ms stddev 0.026, 0 failed
progress: 9.0 s, 10949.0 tps, lat 1.461 ms stddev 0.029, 0 failed
progress: 10.0 s, 10930.0 tps, lat 1.463 ms stddev 0.027, 0 failed
progress: 11.0 s, 10931.6 tps, lat 1.463 ms stddev 0.032, 0 failed
progress: 12.0 s, 10956.4 tps, lat 1.460 ms stddev 0.030, 0 failed
progress: 13.0 s, 10958.6 tps, lat 1.459 ms stddev 0.029, 0 failed
progress: 14.0 s, 10925.0 tps, lat 1.464 ms stddev 0.027, 0 failed
progress: 15.0 s, 10964.4 tps, lat 1.459 ms stddev 0.028, 0 failed
progress: 16.0 s, 10948.5 tps, lat 1.461 ms stddev 0.029, 0 failed
progress: 17.0 s, 10958.4 tps, lat 1.460 ms stddev 0.027, 0 failed
progress: 18.0 s, 10946.6 tps, lat 1.461 ms stddev 0.027, 0 failed
progress: 19.0 s, 10946.1 tps, lat 1.461 ms stddev 0.042, 0 failed
progress: 20.0 s, 10974.4 tps, lat 1.457 ms stddev 0.027, 0 failed
progress: 21.0 s, 10918.0 tps, lat 1.465 ms stddev 0.029, 0 failed
progress: 22.0 s, 10951.6 tps, lat 1.460 ms stddev 0.029, 0 failed
progress: 23.0 s, 10904.9 tps, lat 1.467 ms stddev 0.028, 0 failed
progress: 24.0 s, 10959.1 tps, lat 1.460 ms stddev 0.028, 0 failed
progress: 25.0 s, 10899.4 tps, lat 1.467 ms stddev 0.028, 0 failed
progress: 26.0 s, 10964.6 tps, lat 1.459 ms stddev 0.027, 0 failed
progress: 27.0 s, 10942.9 tps, lat 1.461 ms stddev 0.029, 0 failed
progress: 28.0 s, 10919.1 tps, lat 1.465 ms stddev 0.028, 0 failed
progress: 29.0 s, 10951.8 tps, lat 1.461 ms stddev 0.031, 0 failed
progress: 30.0 s, 10970.0 tps, lat 1.458 ms stddev 0.027, 0 failed
progress: 31.0 s, 10960.2 tps, lat 1.460 ms stddev 0.029, 0 failed
progress: 32.0 s, 10926.0 tps, lat 1.464 ms stddev 0.028, 0 failed
progress: 33.0 s, 10936.9 tps, lat 1.462 ms stddev 0.029, 0 failed
progress: 34.0 s, 10944.1 tps, lat 1.462 ms stddev 0.028, 0 failed
progress: 35.0 s, 10955.4 tps, lat 1.460 ms stddev 0.029, 0 failed
progress: 36.0 s, 10950.0 tps, lat 1.461 ms stddev 0.028, 0 failed
progress: 37.0 s, 10959.5 tps, lat 1.460 ms stddev 0.027, 0 failed
progress: 38.0 s, 10954.1 tps, lat 1.460 ms stddev 0.028, 0 failed
progress: 39.0 s, 10921.0 tps, lat 1.464 ms stddev 0.029, 0 failed
progress: 40.0 s, 10909.9 tps, lat 1.466 ms stddev 0.032, 0 failed
progress: 41.0 s, 10940.5 tps, lat 1.462 ms stddev 0.030, 0 failed
progress: 42.0 s, 10937.6 tps, lat 1.462 ms stddev 0.029, 0 failed
progress: 43.0 s, 10937.9 tps, lat 1.462 ms stddev 0.029, 0 failed
progress: 44.0 s, 10921.5 tps, lat 1.465 ms stddev 0.027, 0 failed
progress: 45.0 s, 10918.6 tps, lat 1.465 ms stddev 0.032, 0 failed
progress: 46.0 s, 10925.4 tps, lat 1.464 ms stddev 0.026, 0 failed
progress: 47.0 s, 10931.0 tps, lat 1.463 ms stddev 0.028, 0 failed
progress: 48.0 s, 10933.0 tps, lat 1.463 ms stddev 0.029, 0 failed
progress: 49.0 s, 10953.6 tps, lat 1.460 ms stddev 0.027, 0 failed
progress: 50.0 s, 10909.4 tps, lat 1.466 ms stddev 0.028, 0 failed
progress: 51.0 s, 10915.6 tps, lat 1.465 ms stddev 0.028, 0 failed
progress: 52.0 s, 10913.4 tps, lat 1.465 ms stddev 0.028, 0 failed
progress: 53.0 s, 10925.6 tps, lat 1.464 ms stddev 0.029, 0 failed
progress: 54.0 s, 10924.4 tps, lat 1.464 ms stddev 0.042, 0 failed
progress: 55.0 s, 10883.5 tps, lat 1.470 ms stddev 0.028, 0 failed
progress: 56.0 s, 10911.4 tps, lat 1.466 ms stddev 0.027, 0 failed
progress: 57.0 s, 10899.1 tps, lat 1.468 ms stddev 0.029, 0 failed
progress: 58.0 s, 10912.0 tps, lat 1.466 ms stddev 0.028, 0 failed
progress: 59.0 s, 10918.0 tps, lat 1.465 ms stddev 0.029, 0 failed
transaction type: star-1.sql
scaling factor: 1
query mode: simple
number of clients: 16
number of threads: 16
maximum number of tries: 1
duration: 60 s
number of transactions actually processed: 655597
number of failed transactions: 0 (0.000%)
latency average = 1.464 ms
latency stddev = 0.041 ms
initial connection time = 11.358 ms
tps = 10928.402732 (without initial connection time)
