pgbench (18devel, server 16.4)
progress: 1.0 s, 886.9 tps, lat 17.763 ms stddev 1.267, 0 failed
progress: 2.0 s, 907.0 tps, lat 17.578 ms stddev 0.277, 0 failed
progress: 3.0 s, 919.0 tps, lat 17.464 ms stddev 0.114, 0 failed
progress: 4.0 s, 915.0 tps, lat 17.515 ms stddev 0.112, 0 failed
progress: 5.0 s, 914.0 tps, lat 17.493 ms stddev 0.101, 0 failed
progress: 6.0 s, 914.0 tps, lat 17.481 ms stddev 0.106, 0 failed
progress: 7.0 s, 917.0 tps, lat 17.477 ms stddev 0.099, 0 failed
progress: 8.0 s, 914.0 tps, lat 17.478 ms stddev 0.101, 0 failed
progress: 9.0 s, 915.0 tps, lat 17.505 ms stddev 0.112, 0 failed
progress: 10.0 s, 914.0 tps, lat 17.510 ms stddev 0.118, 0 failed
progress: 11.0 s, 914.0 tps, lat 17.485 ms stddev 0.118, 0 failed
progress: 12.0 s, 913.0 tps, lat 17.468 ms stddev 0.109, 0 failed
progress: 13.0 s, 919.0 tps, lat 17.460 ms stddev 0.148, 0 failed
progress: 14.0 s, 915.0 tps, lat 17.481 ms stddev 0.116, 0 failed
progress: 15.0 s, 916.0 tps, lat 17.488 ms stddev 0.095, 0 failed
progress: 16.0 s, 916.0 tps, lat 17.506 ms stddev 0.110, 0 failed
progress: 17.0 s, 917.0 tps, lat 17.459 ms stddev 0.108, 0 failed
progress: 18.0 s, 916.0 tps, lat 17.456 ms stddev 0.113, 0 failed
progress: 19.0 s, 918.0 tps, lat 17.436 ms stddev 0.114, 0 failed
progress: 20.0 s, 914.0 tps, lat 17.451 ms stddev 0.123, 0 failed
progress: 21.0 s, 917.0 tps, lat 17.449 ms stddev 0.141, 0 failed
progress: 22.0 s, 915.0 tps, lat 17.468 ms stddev 0.127, 0 failed
progress: 23.0 s, 916.0 tps, lat 17.440 ms stddev 0.100, 0 failed
progress: 24.0 s, 916.0 tps, lat 17.441 ms stddev 0.109, 0 failed
progress: 25.0 s, 917.0 tps, lat 17.455 ms stddev 0.093, 0 failed
progress: 26.0 s, 917.0 tps, lat 17.461 ms stddev 0.087, 0 failed
progress: 27.0 s, 921.0 tps, lat 17.446 ms stddev 0.086, 0 failed
progress: 28.0 s, 919.0 tps, lat 17.454 ms stddev 0.091, 0 failed
progress: 29.0 s, 916.0 tps, lat 17.467 ms stddev 0.105, 0 failed
progress: 30.0 s, 914.0 tps, lat 17.444 ms stddev 0.092, 0 failed
progress: 31.0 s, 915.0 tps, lat 17.480 ms stddev 0.099, 0 failed
progress: 32.0 s, 915.0 tps, lat 17.493 ms stddev 0.104, 0 failed
progress: 33.0 s, 915.0 tps, lat 17.474 ms stddev 0.107, 0 failed
progress: 34.0 s, 915.0 tps, lat 17.469 ms stddev 0.095, 0 failed
progress: 35.0 s, 915.0 tps, lat 17.457 ms stddev 0.069, 0 failed
progress: 36.0 s, 916.0 tps, lat 17.456 ms stddev 0.067, 0 failed
progress: 37.0 s, 921.0 tps, lat 17.444 ms stddev 0.101, 0 failed
progress: 38.0 s, 919.0 tps, lat 17.462 ms stddev 0.102, 0 failed
progress: 39.0 s, 915.0 tps, lat 17.477 ms stddev 0.090, 0 failed
progress: 40.0 s, 912.0 tps, lat 17.483 ms stddev 0.101, 0 failed
progress: 41.0 s, 916.0 tps, lat 17.488 ms stddev 0.114, 0 failed
progress: 42.0 s, 913.0 tps, lat 17.491 ms stddev 0.106, 0 failed
progress: 43.0 s, 916.0 tps, lat 17.433 ms stddev 0.079, 0 failed
progress: 44.0 s, 914.0 tps, lat 17.435 ms stddev 0.078, 0 failed
progress: 45.0 s, 925.0 tps, lat 17.466 ms stddev 0.113, 0 failed
progress: 46.0 s, 912.0 tps, lat 17.506 ms stddev 0.125, 0 failed
progress: 47.0 s, 914.0 tps, lat 17.481 ms stddev 0.081, 0 failed
progress: 48.0 s, 915.0 tps, lat 17.485 ms stddev 0.078, 0 failed
progress: 49.0 s, 916.0 tps, lat 17.497 ms stddev 0.089, 0 failed
progress: 50.0 s, 914.0 tps, lat 17.484 ms stddev 0.094, 0 failed
progress: 51.0 s, 915.0 tps, lat 17.482 ms stddev 0.072, 0 failed
progress: 52.0 s, 911.0 tps, lat 17.489 ms stddev 0.082, 0 failed
progress: 53.0 s, 918.0 tps, lat 17.482 ms stddev 0.079, 0 failed
progress: 54.0 s, 916.0 tps, lat 17.489 ms stddev 0.085, 0 failed
progress: 55.0 s, 915.0 tps, lat 17.475 ms stddev 0.084, 0 failed
progress: 56.0 s, 914.0 tps, lat 17.493 ms stddev 0.091, 0 failed
progress: 57.0 s, 915.0 tps, lat 17.492 ms stddev 0.095, 0 failed
progress: 58.0 s, 916.0 tps, lat 17.480 ms stddev 0.090, 0 failed
progress: 59.0 s, 914.0 tps, lat 17.479 ms stddev 0.080, 0 failed
transaction type: star-1.sql
scaling factor: 1
query mode: simple
number of clients: 16
number of threads: 16
maximum number of tries: 1
duration: 60 s
number of transactions actually processed: 54916
number of failed transactions: 0 (0.000%)
latency average = 17.480 ms
latency stddev = 0.197 ms
initial connection time = 13.588 ms
tps = 915.208154 (without initial connection time)
