pgbench (18devel, server 16.4)
progress: 1.0 s, 1648.9 tps, lat 19.063 ms stddev 4.155, 0 failed
progress: 2.0 s, 1772.0 tps, lat 18.037 ms stddev 0.300, 0 failed
progress: 3.0 s, 1774.0 tps, lat 17.992 ms stddev 0.172, 0 failed
progress: 4.0 s, 1783.0 tps, lat 18.020 ms stddev 0.225, 0 failed
progress: 5.0 s, 1764.0 tps, lat 18.066 ms stddev 0.941, 0 failed
progress: 6.0 s, 1779.0 tps, lat 17.995 ms stddev 0.199, 0 failed
progress: 7.0 s, 1778.0 tps, lat 18.049 ms stddev 0.914, 0 failed
progress: 8.0 s, 1772.0 tps, lat 18.012 ms stddev 0.188, 0 failed
progress: 9.0 s, 1779.0 tps, lat 18.007 ms stddev 0.217, 0 failed
progress: 10.0 s, 1771.9 tps, lat 17.995 ms stddev 0.217, 0 failed
progress: 11.0 s, 1787.0 tps, lat 18.006 ms stddev 0.199, 0 failed
progress: 12.0 s, 1768.0 tps, lat 17.992 ms stddev 0.164, 0 failed
progress: 13.0 s, 1787.0 tps, lat 18.003 ms stddev 0.231, 0 failed
progress: 14.0 s, 1762.1 tps, lat 18.111 ms stddev 1.175, 0 failed
progress: 15.0 s, 1771.0 tps, lat 18.082 ms stddev 1.158, 0 failed
progress: 16.0 s, 1780.0 tps, lat 17.995 ms stddev 0.204, 0 failed
progress: 17.0 s, 1778.0 tps, lat 18.007 ms stddev 0.170, 0 failed
progress: 18.0 s, 1750.0 tps, lat 18.241 ms stddev 2.038, 0 failed
progress: 19.0 s, 1767.0 tps, lat 18.143 ms stddev 1.533, 0 failed
progress: 20.0 s, 1775.0 tps, lat 18.003 ms stddev 0.226, 0 failed
progress: 21.0 s, 1778.9 tps, lat 18.003 ms stddev 0.223, 0 failed
progress: 22.0 s, 1776.0 tps, lat 18.029 ms stddev 0.888, 0 failed
progress: 23.0 s, 1777.0 tps, lat 17.979 ms stddev 0.234, 0 failed
progress: 24.0 s, 1783.0 tps, lat 17.951 ms stddev 0.174, 0 failed
progress: 25.0 s, 1777.0 tps, lat 17.975 ms stddev 0.205, 0 failed
progress: 26.0 s, 1773.0 tps, lat 18.107 ms stddev 1.305, 0 failed
progress: 27.0 s, 1775.0 tps, lat 18.010 ms stddev 0.206, 0 failed
progress: 28.0 s, 1776.0 tps, lat 18.016 ms stddev 0.211, 0 failed
progress: 29.0 s, 1777.0 tps, lat 17.986 ms stddev 0.218, 0 failed
progress: 30.0 s, 1782.0 tps, lat 18.003 ms stddev 0.199, 0 failed
progress: 31.0 s, 1756.0 tps, lat 18.181 ms stddev 1.654, 0 failed
progress: 32.0 s, 1774.0 tps, lat 18.065 ms stddev 1.161, 0 failed
progress: 33.0 s, 1775.0 tps, lat 18.001 ms stddev 0.222, 0 failed
progress: 34.0 s, 1777.0 tps, lat 18.014 ms stddev 0.213, 0 failed
progress: 35.0 s, 1780.0 tps, lat 18.020 ms stddev 0.221, 0 failed
progress: 36.0 s, 1775.0 tps, lat 18.000 ms stddev 0.221, 0 failed
progress: 37.0 s, 1778.0 tps, lat 17.995 ms stddev 0.217, 0 failed
progress: 38.0 s, 1782.0 tps, lat 17.991 ms stddev 0.252, 0 failed
progress: 39.0 s, 1773.0 tps, lat 17.999 ms stddev 0.172, 0 failed
progress: 40.0 s, 1779.0 tps, lat 18.012 ms stddev 0.201, 0 failed
progress: 41.0 s, 1778.0 tps, lat 17.991 ms stddev 0.236, 0 failed
progress: 42.0 s, 1782.0 tps, lat 17.981 ms stddev 0.224, 0 failed
progress: 43.0 s, 1776.0 tps, lat 17.993 ms stddev 0.171, 0 failed
progress: 44.0 s, 1785.0 tps, lat 17.987 ms stddev 0.187, 0 failed
progress: 45.0 s, 1768.0 tps, lat 18.018 ms stddev 0.202, 0 failed
progress: 46.0 s, 1777.0 tps, lat 18.017 ms stddev 0.238, 0 failed
progress: 47.0 s, 1776.0 tps, lat 18.002 ms stddev 0.186, 0 failed
progress: 48.0 s, 1781.0 tps, lat 18.014 ms stddev 0.177, 0 failed
progress: 49.0 s, 1778.0 tps, lat 17.997 ms stddev 0.190, 0 failed
progress: 50.0 s, 1778.0 tps, lat 18.013 ms stddev 0.217, 0 failed
progress: 51.0 s, 1778.0 tps, lat 17.962 ms stddev 0.194, 0 failed
progress: 52.0 s, 1781.0 tps, lat 17.970 ms stddev 0.217, 0 failed
progress: 53.0 s, 1778.0 tps, lat 17.997 ms stddev 0.216, 0 failed
progress: 54.0 s, 1774.0 tps, lat 18.001 ms stddev 0.210, 0 failed
progress: 55.0 s, 1770.0 tps, lat 18.113 ms stddev 1.396, 0 failed
progress: 56.0 s, 1777.0 tps, lat 17.991 ms stddev 0.180, 0 failed
progress: 57.0 s, 1775.0 tps, lat 18.009 ms stddev 0.179, 0 failed
progress: 58.0 s, 1776.0 tps, lat 18.010 ms stddev 0.247, 0 failed
progress: 59.0 s, 1771.0 tps, lat 18.081 ms stddev 1.354, 0 failed
transaction type: star-1.sql
scaling factor: 1
query mode: simple
number of clients: 32
number of threads: 32
maximum number of tries: 1
duration: 60 s
number of transactions actually processed: 106418
number of failed transactions: 0 (0.000%)
latency average = 18.037 ms
latency stddev = 0.821 ms
initial connection time = 22.694 ms
tps = 1773.799331 (without initial connection time)
