pgbench (18devel, server 12.20)
progress: 1.0 s, 9934.6 tps, lat 0.100 ms stddev 0.067, 0 failed
progress: 2.0 s, 10309.9 tps, lat 0.097 ms stddev 0.004, 0 failed
progress: 3.0 s, 10185.5 tps, lat 0.098 ms stddev 0.003, 0 failed
progress: 4.0 s, 10209.9 tps, lat 0.098 ms stddev 0.003, 0 failed
progress: 5.0 s, 10273.6 tps, lat 0.097 ms stddev 0.005, 0 failed
progress: 6.0 s, 9854.4 tps, lat 0.101 ms stddev 0.004, 0 failed
progress: 7.0 s, 10197.7 tps, lat 0.098 ms stddev 0.003, 0 failed
progress: 8.0 s, 10152.2 tps, lat 0.098 ms stddev 0.004, 0 failed
progress: 9.0 s, 9760.8 tps, lat 0.102 ms stddev 0.004, 0 failed
progress: 10.0 s, 10198.0 tps, lat 0.098 ms stddev 0.003, 0 failed
progress: 11.0 s, 10233.2 tps, lat 0.098 ms stddev 0.003, 0 failed
progress: 12.0 s, 10241.8 tps, lat 0.098 ms stddev 0.002, 0 failed
progress: 13.0 s, 10365.0 tps, lat 0.096 ms stddev 0.004, 0 failed
progress: 14.0 s, 10474.3 tps, lat 0.095 ms stddev 0.002, 0 failed
progress: 15.0 s, 10299.7 tps, lat 0.097 ms stddev 0.004, 0 failed
progress: 16.0 s, 10024.0 tps, lat 0.100 ms stddev 0.004, 0 failed
progress: 17.0 s, 10034.2 tps, lat 0.100 ms stddev 0.004, 0 failed
progress: 18.0 s, 10199.0 tps, lat 0.098 ms stddev 0.003, 0 failed
progress: 19.0 s, 10259.3 tps, lat 0.097 ms stddev 0.002, 0 failed
progress: 20.0 s, 10207.0 tps, lat 0.098 ms stddev 0.004, 0 failed
progress: 21.0 s, 10437.8 tps, lat 0.096 ms stddev 0.002, 0 failed
progress: 22.0 s, 10177.2 tps, lat 0.098 ms stddev 0.005, 0 failed
progress: 23.0 s, 10037.9 tps, lat 0.100 ms stddev 0.004, 0 failed
progress: 24.0 s, 10137.7 tps, lat 0.099 ms stddev 0.003, 0 failed
progress: 25.0 s, 10416.0 tps, lat 0.096 ms stddev 0.003, 0 failed
progress: 26.0 s, 10229.4 tps, lat 0.098 ms stddev 0.003, 0 failed
progress: 27.0 s, 9969.5 tps, lat 0.100 ms stddev 0.004, 0 failed
progress: 28.0 s, 10228.0 tps, lat 0.098 ms stddev 0.002, 0 failed
progress: 29.0 s, 10437.3 tps, lat 0.096 ms stddev 0.003, 0 failed
progress: 30.0 s, 10471.1 tps, lat 0.095 ms stddev 0.002, 0 failed
progress: 31.0 s, 10232.1 tps, lat 0.098 ms stddev 0.004, 0 failed
progress: 32.0 s, 10247.5 tps, lat 0.098 ms stddev 0.002, 0 failed
progress: 33.0 s, 10009.3 tps, lat 0.100 ms stddev 0.005, 0 failed
progress: 34.0 s, 10098.7 tps, lat 0.099 ms stddev 0.004, 0 failed
progress: 35.0 s, 10216.0 tps, lat 0.098 ms stddev 0.002, 0 failed
progress: 36.0 s, 10254.1 tps, lat 0.097 ms stddev 0.003, 0 failed
progress: 37.0 s, 10443.1 tps, lat 0.096 ms stddev 0.003, 0 failed
progress: 38.0 s, 10336.1 tps, lat 0.097 ms stddev 0.004, 0 failed
progress: 39.0 s, 9864.3 tps, lat 0.101 ms stddev 0.004, 0 failed
progress: 40.0 s, 9911.5 tps, lat 0.101 ms stddev 0.004, 0 failed
progress: 41.0 s, 10046.5 tps, lat 0.099 ms stddev 0.004, 0 failed
progress: 42.0 s, 10048.5 tps, lat 0.099 ms stddev 0.004, 0 failed
progress: 43.0 s, 10150.0 tps, lat 0.098 ms stddev 0.004, 0 failed
progress: 44.0 s, 9983.0 tps, lat 0.100 ms stddev 0.004, 0 failed
progress: 45.0 s, 10414.1 tps, lat 0.096 ms stddev 0.003, 0 failed
progress: 46.0 s, 9818.9 tps, lat 0.102 ms stddev 0.004, 0 failed
progress: 47.0 s, 10241.5 tps, lat 0.098 ms stddev 0.002, 0 failed
progress: 48.0 s, 10216.5 tps, lat 0.098 ms stddev 0.002, 0 failed
progress: 49.0 s, 10023.4 tps, lat 0.100 ms stddev 0.005, 0 failed
progress: 50.0 s, 10047.6 tps, lat 0.099 ms stddev 0.005, 0 failed
progress: 51.0 s, 10216.4 tps, lat 0.098 ms stddev 0.002, 0 failed
progress: 52.0 s, 10144.6 tps, lat 0.099 ms stddev 0.004, 0 failed
progress: 53.0 s, 10403.0 tps, lat 0.096 ms stddev 0.003, 0 failed
progress: 54.0 s, 10135.0 tps, lat 0.099 ms stddev 0.003, 0 failed
progress: 55.0 s, 9821.5 tps, lat 0.102 ms stddev 0.004, 0 failed
progress: 56.0 s, 9962.5 tps, lat 0.100 ms stddev 0.004, 0 failed
progress: 57.0 s, 9739.0 tps, lat 0.103 ms stddev 0.004, 0 failed
progress: 58.0 s, 10199.5 tps, lat 0.098 ms stddev 0.003, 0 failed
progress: 59.0 s, 9856.4 tps, lat 0.101 ms stddev 0.004, 0 failed
progress: 60.0 s, 9903.3 tps, lat 0.101 ms stddev 0.004, 0 failed
transaction type: star-1-left.sql
scaling factor: 1
query mode: prepared
number of clients: 1
number of threads: 1
maximum number of tries: 1
duration: 60 s
number of transactions actually processed: 608941
number of failed transactions: 0 (0.000%)
latency average = 0.098 ms
latency stddev = 0.009 ms
initial connection time = 1.832 ms
tps = 10149.315564 (without initial connection time)
