pgbench (18devel, server 12.20)
progress: 1.0 s, 79665.5 tps, lat 1.563 ms stddev 2.329, 0 failed
progress: 2.0 s, 87533.6 tps, lat 1.462 ms stddev 1.588, 0 failed
progress: 3.0 s, 87589.0 tps, lat 1.461 ms stddev 1.599, 0 failed
progress: 4.0 s, 88850.5 tps, lat 1.441 ms stddev 1.553, 0 failed
progress: 5.0 s, 88072.0 tps, lat 1.452 ms stddev 1.580, 0 failed
progress: 6.0 s, 86760.0 tps, lat 1.476 ms stddev 1.618, 0 failed
progress: 7.0 s, 86923.6 tps, lat 1.472 ms stddev 1.609, 0 failed
progress: 8.0 s, 89107.4 tps, lat 1.436 ms stddev 1.548, 0 failed
progress: 9.0 s, 87604.9 tps, lat 1.460 ms stddev 1.594, 0 failed
progress: 10.0 s, 86841.2 tps, lat 1.473 ms stddev 1.620, 0 failed
progress: 11.0 s, 87151.7 tps, lat 1.469 ms stddev 1.615, 0 failed
progress: 12.0 s, 89029.1 tps, lat 1.439 ms stddev 1.554, 0 failed
progress: 13.0 s, 87721.9 tps, lat 1.458 ms stddev 1.590, 0 failed
progress: 14.0 s, 87062.9 tps, lat 1.469 ms stddev 1.621, 0 failed
progress: 15.0 s, 87552.0 tps, lat 1.462 ms stddev 1.601, 0 failed
progress: 16.0 s, 89132.1 tps, lat 1.436 ms stddev 1.554, 0 failed
progress: 17.0 s, 87117.0 tps, lat 1.469 ms stddev 1.604, 0 failed
progress: 18.0 s, 86917.1 tps, lat 1.472 ms stddev 1.613, 0 failed
progress: 19.0 s, 87129.8 tps, lat 1.469 ms stddev 1.620, 0 failed
progress: 20.0 s, 89810.3 tps, lat 1.425 ms stddev 1.530, 0 failed
progress: 21.0 s, 87369.9 tps, lat 1.465 ms stddev 1.607, 0 failed
progress: 22.0 s, 87057.1 tps, lat 1.470 ms stddev 1.628, 0 failed
progress: 23.0 s, 86800.0 tps, lat 1.473 ms stddev 1.616, 0 failed
progress: 24.0 s, 89514.8 tps, lat 1.431 ms stddev 1.545, 0 failed
progress: 25.0 s, 87930.9 tps, lat 1.455 ms stddev 1.603, 0 failed
progress: 26.0 s, 88012.1 tps, lat 1.455 ms stddev 1.594, 0 failed
progress: 27.0 s, 87052.3 tps, lat 1.470 ms stddev 1.595, 0 failed
progress: 28.0 s, 89621.0 tps, lat 1.428 ms stddev 1.546, 0 failed
progress: 29.0 s, 87730.8 tps, lat 1.459 ms stddev 1.599, 0 failed
progress: 30.0 s, 87444.1 tps, lat 1.463 ms stddev 1.614, 0 failed
progress: 31.0 s, 87903.6 tps, lat 1.456 ms stddev 1.590, 0 failed
progress: 32.0 s, 89254.3 tps, lat 1.433 ms stddev 1.549, 0 failed
progress: 33.0 s, 87037.9 tps, lat 1.471 ms stddev 1.614, 0 failed
progress: 34.0 s, 87319.0 tps, lat 1.466 ms stddev 1.608, 0 failed
progress: 35.0 s, 87031.3 tps, lat 1.471 ms stddev 1.626, 0 failed
progress: 36.0 s, 89021.9 tps, lat 1.438 ms stddev 1.561, 0 failed
progress: 37.0 s, 87367.7 tps, lat 1.465 ms stddev 1.605, 0 failed
progress: 38.0 s, 87529.2 tps, lat 1.462 ms stddev 1.593, 0 failed
progress: 39.0 s, 87147.1 tps, lat 1.469 ms stddev 1.613, 0 failed
progress: 40.0 s, 89209.7 tps, lat 1.435 ms stddev 1.553, 0 failed
progress: 41.0 s, 88308.0 tps, lat 1.448 ms stddev 1.595, 0 failed
progress: 42.0 s, 87451.2 tps, lat 1.464 ms stddev 1.609, 0 failed
progress: 43.0 s, 87728.0 tps, lat 1.459 ms stddev 1.602, 0 failed
progress: 44.0 s, 89066.2 tps, lat 1.438 ms stddev 1.555, 0 failed
progress: 45.0 s, 88098.0 tps, lat 1.453 ms stddev 1.600, 0 failed
progress: 46.0 s, 87398.8 tps, lat 1.464 ms stddev 1.608, 0 failed
progress: 47.0 s, 87473.9 tps, lat 1.463 ms stddev 1.604, 0 failed
progress: 48.0 s, 89793.3 tps, lat 1.426 ms stddev 1.537, 0 failed
progress: 49.0 s, 87791.4 tps, lat 1.457 ms stddev 1.587, 0 failed
progress: 50.0 s, 87917.0 tps, lat 1.456 ms stddev 1.591, 0 failed
progress: 51.0 s, 88264.4 tps, lat 1.449 ms stddev 1.582, 0 failed
progress: 52.0 s, 89832.0 tps, lat 1.426 ms stddev 1.539, 0 failed
progress: 53.0 s, 88271.2 tps, lat 1.449 ms stddev 1.587, 0 failed
progress: 54.0 s, 87094.8 tps, lat 1.470 ms stddev 1.619, 0 failed
progress: 55.0 s, 87933.6 tps, lat 1.455 ms stddev 1.596, 0 failed
progress: 56.0 s, 88710.3 tps, lat 1.443 ms stddev 1.560, 0 failed
progress: 57.0 s, 87814.2 tps, lat 1.457 ms stddev 1.598, 0 failed
progress: 58.0 s, 87319.2 tps, lat 1.466 ms stddev 1.611, 0 failed
progress: 59.0 s, 87312.1 tps, lat 1.466 ms stddev 1.615, 0 failed
transaction type: star-1-left.sql
scaling factor: 1
query mode: prepared
number of clients: 128
number of threads: 128
maximum number of tries: 1
duration: 60 s
number of transactions actually processed: 5263214
number of failed transactions: 0 (0.000%)
latency average = 1.457 ms
latency stddev = 1.605 ms
initial connection time = 76.614 ms
tps = 87792.646171 (without initial connection time)
