pgbench (18devel, server 12.20)
progress: 1.0 s, 64801.4 tps, lat 3.696 ms stddev 7.192, 0 failed
progress: 2.0 s, 80230.6 tps, lat 3.191 ms stddev 3.620, 0 failed
progress: 3.0 s, 80004.8 tps, lat 3.201 ms stddev 3.623, 0 failed
progress: 4.0 s, 80574.2 tps, lat 3.175 ms stddev 3.577, 0 failed
progress: 5.0 s, 79977.0 tps, lat 3.199 ms stddev 3.622, 0 failed
progress: 6.0 s, 79463.9 tps, lat 3.221 ms stddev 3.669, 0 failed
progress: 7.0 s, 79682.9 tps, lat 3.212 ms stddev 3.691, 0 failed
progress: 8.0 s, 80788.6 tps, lat 3.168 ms stddev 3.578, 0 failed
progress: 9.0 s, 79719.6 tps, lat 3.211 ms stddev 3.649, 0 failed
progress: 10.0 s, 79767.9 tps, lat 3.211 ms stddev 3.664, 0 failed
progress: 11.0 s, 79874.2 tps, lat 3.205 ms stddev 3.652, 0 failed
progress: 12.0 s, 81035.7 tps, lat 3.160 ms stddev 3.570, 0 failed
progress: 13.0 s, 79753.1 tps, lat 3.209 ms stddev 3.660, 0 failed
progress: 14.0 s, 80605.8 tps, lat 3.176 ms stddev 3.621, 0 failed
progress: 15.0 s, 79617.0 tps, lat 3.215 ms stddev 3.661, 0 failed
progress: 16.0 s, 80307.3 tps, lat 3.187 ms stddev 3.610, 0 failed
progress: 17.0 s, 78057.0 tps, lat 3.280 ms stddev 3.709, 0 failed
progress: 18.0 s, 79625.2 tps, lat 3.215 ms stddev 3.680, 0 failed
progress: 19.0 s, 79996.7 tps, lat 3.200 ms stddev 3.666, 0 failed
progress: 20.0 s, 79991.0 tps, lat 3.198 ms stddev 3.604, 0 failed
progress: 21.0 s, 80433.1 tps, lat 3.185 ms stddev 3.644, 0 failed
progress: 22.0 s, 79605.8 tps, lat 3.212 ms stddev 3.651, 0 failed
progress: 23.0 s, 79529.0 tps, lat 3.219 ms stddev 3.708, 0 failed
progress: 24.0 s, 80655.2 tps, lat 3.177 ms stddev 3.588, 0 failed
progress: 25.0 s, 79951.4 tps, lat 3.199 ms stddev 3.624, 0 failed
progress: 26.0 s, 79291.4 tps, lat 3.229 ms stddev 3.688, 0 failed
progress: 27.0 s, 79570.0 tps, lat 3.215 ms stddev 3.657, 0 failed
progress: 28.0 s, 80529.3 tps, lat 3.180 ms stddev 3.608, 0 failed
progress: 29.0 s, 80186.0 tps, lat 3.190 ms stddev 3.639, 0 failed
progress: 30.0 s, 79642.5 tps, lat 3.217 ms stddev 3.673, 0 failed
progress: 31.0 s, 80033.2 tps, lat 3.198 ms stddev 3.659, 0 failed
progress: 32.0 s, 81594.2 tps, lat 3.138 ms stddev 3.549, 0 failed
progress: 33.0 s, 80055.8 tps, lat 3.197 ms stddev 3.659, 0 failed
progress: 34.0 s, 78856.1 tps, lat 3.247 ms stddev 3.711, 0 failed
progress: 35.0 s, 80088.9 tps, lat 3.195 ms stddev 3.653, 0 failed
progress: 36.0 s, 81503.1 tps, lat 3.142 ms stddev 3.571, 0 failed
progress: 37.0 s, 80477.0 tps, lat 3.179 ms stddev 3.613, 0 failed
progress: 38.0 s, 79451.2 tps, lat 3.222 ms stddev 3.696, 0 failed
progress: 39.0 s, 80470.5 tps, lat 3.181 ms stddev 3.655, 0 failed
progress: 40.0 s, 80964.2 tps, lat 3.163 ms stddev 3.578, 0 failed
progress: 41.0 s, 80579.8 tps, lat 3.175 ms stddev 3.610, 0 failed
progress: 42.0 s, 79703.2 tps, lat 3.212 ms stddev 3.658, 0 failed
progress: 43.0 s, 80215.9 tps, lat 3.191 ms stddev 3.662, 0 failed
progress: 44.0 s, 80965.0 tps, lat 3.161 ms stddev 3.579, 0 failed
progress: 45.0 s, 79666.1 tps, lat 3.211 ms stddev 3.672, 0 failed
progress: 46.0 s, 80568.1 tps, lat 3.181 ms stddev 3.655, 0 failed
progress: 47.0 s, 80637.9 tps, lat 3.173 ms stddev 3.638, 0 failed
progress: 48.0 s, 80865.1 tps, lat 3.167 ms stddev 3.577, 0 failed
progress: 49.0 s, 80370.6 tps, lat 3.185 ms stddev 3.622, 0 failed
progress: 50.0 s, 80069.4 tps, lat 3.196 ms stddev 3.637, 0 failed
progress: 51.0 s, 80019.2 tps, lat 3.198 ms stddev 3.644, 0 failed
progress: 52.0 s, 80359.0 tps, lat 3.188 ms stddev 3.620, 0 failed
progress: 53.0 s, 80182.0 tps, lat 3.191 ms stddev 3.660, 0 failed
progress: 54.0 s, 80350.9 tps, lat 3.188 ms stddev 3.651, 0 failed
progress: 55.0 s, 80020.3 tps, lat 3.197 ms stddev 3.635, 0 failed
progress: 56.0 s, 81172.8 tps, lat 3.155 ms stddev 3.597, 0 failed
progress: 57.0 s, 80128.8 tps, lat 3.194 ms stddev 3.656, 0 failed
progress: 58.0 s, 79801.6 tps, lat 3.207 ms stddev 3.682, 0 failed
progress: 59.0 s, 80531.2 tps, lat 3.179 ms stddev 3.638, 0 failed
transaction type: star-1-left.sql
scaling factor: 1
query mode: prepared
number of clients: 256
number of threads: 256
maximum number of tries: 1
duration: 60 s
number of transactions actually processed: 4785814
number of failed transactions: 0 (0.000%)
latency average = 3.202 ms
latency stddev = 3.715 ms
initial connection time = 163.465 ms
tps = 79902.011550 (without initial connection time)
