pgbench (18devel, server 8.4.22)
progress: 1.0 s, 8333.6 tps, lat 0.120 ms stddev 0.028, 0 failed
progress: 2.0 s, 8557.1 tps, lat 0.117 ms stddev 0.007, 0 failed
progress: 3.0 s, 8608.0 tps, lat 0.116 ms stddev 0.006, 0 failed
progress: 4.0 s, 8640.8 tps, lat 0.116 ms stddev 0.006, 0 failed
progress: 5.0 s, 8705.2 tps, lat 0.115 ms stddev 0.007, 0 failed
progress: 6.0 s, 8747.3 tps, lat 0.114 ms stddev 0.007, 0 failed
progress: 7.0 s, 8742.7 tps, lat 0.114 ms stddev 0.006, 0 failed
progress: 8.0 s, 8725.1 tps, lat 0.115 ms stddev 0.006, 0 failed
progress: 9.0 s, 8700.0 tps, lat 0.115 ms stddev 0.007, 0 failed
progress: 10.0 s, 8759.8 tps, lat 0.114 ms stddev 0.007, 0 failed
progress: 11.0 s, 8750.5 tps, lat 0.114 ms stddev 0.007, 0 failed
progress: 12.0 s, 8721.9 tps, lat 0.115 ms stddev 0.006, 0 failed
progress: 13.0 s, 8729.7 tps, lat 0.114 ms stddev 0.006, 0 failed
progress: 14.0 s, 8812.3 tps, lat 0.113 ms stddev 0.006, 0 failed
progress: 15.0 s, 8729.8 tps, lat 0.114 ms stddev 0.007, 0 failed
progress: 16.0 s, 8719.0 tps, lat 0.115 ms stddev 0.006, 0 failed
progress: 17.0 s, 8753.8 tps, lat 0.114 ms stddev 0.006, 0 failed
progress: 18.0 s, 8747.0 tps, lat 0.114 ms stddev 0.006, 0 failed
progress: 19.0 s, 8766.0 tps, lat 0.114 ms stddev 0.006, 0 failed
progress: 20.0 s, 8741.4 tps, lat 0.114 ms stddev 0.006, 0 failed
progress: 21.0 s, 8742.6 tps, lat 0.114 ms stddev 0.006, 0 failed
progress: 22.0 s, 8788.4 tps, lat 0.114 ms stddev 0.006, 0 failed
progress: 23.0 s, 8760.5 tps, lat 0.114 ms stddev 0.006, 0 failed
progress: 24.0 s, 8747.0 tps, lat 0.114 ms stddev 0.006, 0 failed
progress: 25.0 s, 8733.0 tps, lat 0.114 ms stddev 0.006, 0 failed
progress: 26.0 s, 8774.4 tps, lat 0.114 ms stddev 0.006, 0 failed
progress: 27.0 s, 8742.0 tps, lat 0.114 ms stddev 0.006, 0 failed
progress: 28.0 s, 8729.6 tps, lat 0.114 ms stddev 0.006, 0 failed
progress: 29.0 s, 8778.1 tps, lat 0.114 ms stddev 0.006, 0 failed
progress: 30.0 s, 8772.3 tps, lat 0.114 ms stddev 0.006, 0 failed
progress: 31.0 s, 8736.6 tps, lat 0.114 ms stddev 0.007, 0 failed
progress: 32.0 s, 8615.0 tps, lat 0.116 ms stddev 0.006, 0 failed
progress: 33.0 s, 8596.5 tps, lat 0.116 ms stddev 0.006, 0 failed
progress: 34.0 s, 8189.6 tps, lat 0.122 ms stddev 0.007, 0 failed
progress: 35.0 s, 8148.9 tps, lat 0.123 ms stddev 0.006, 0 failed
progress: 36.0 s, 8667.4 tps, lat 0.115 ms stddev 0.007, 0 failed
progress: 37.0 s, 8773.8 tps, lat 0.114 ms stddev 0.006, 0 failed
progress: 38.0 s, 8732.9 tps, lat 0.114 ms stddev 0.007, 0 failed
progress: 39.0 s, 8495.0 tps, lat 0.118 ms stddev 0.006, 0 failed
progress: 40.0 s, 8709.0 tps, lat 0.115 ms stddev 0.006, 0 failed
progress: 41.0 s, 8101.2 tps, lat 0.123 ms stddev 0.006, 0 failed
progress: 42.0 s, 8623.8 tps, lat 0.116 ms stddev 0.007, 0 failed
progress: 43.0 s, 8367.1 tps, lat 0.119 ms stddev 0.008, 0 failed
progress: 44.0 s, 8306.9 tps, lat 0.120 ms stddev 0.007, 0 failed
progress: 45.0 s, 8088.2 tps, lat 0.123 ms stddev 0.006, 0 failed
progress: 46.0 s, 8649.9 tps, lat 0.116 ms stddev 0.007, 0 failed
progress: 47.0 s, 8733.0 tps, lat 0.114 ms stddev 0.007, 0 failed
progress: 48.0 s, 8688.4 tps, lat 0.115 ms stddev 0.006, 0 failed
progress: 49.0 s, 8739.6 tps, lat 0.114 ms stddev 0.006, 0 failed
progress: 50.0 s, 8674.0 tps, lat 0.115 ms stddev 0.006, 0 failed
progress: 51.0 s, 8891.0 tps, lat 0.112 ms stddev 0.006, 0 failed
progress: 52.0 s, 8709.0 tps, lat 0.115 ms stddev 0.006, 0 failed
progress: 53.0 s, 8505.0 tps, lat 0.118 ms stddev 0.006, 0 failed
progress: 54.0 s, 8777.3 tps, lat 0.114 ms stddev 0.006, 0 failed
progress: 55.0 s, 8645.7 tps, lat 0.116 ms stddev 0.007, 0 failed
progress: 56.0 s, 8637.4 tps, lat 0.116 ms stddev 0.006, 0 failed
progress: 57.0 s, 8744.1 tps, lat 0.114 ms stddev 0.006, 0 failed
progress: 58.0 s, 8780.9 tps, lat 0.114 ms stddev 0.006, 0 failed
progress: 59.0 s, 8503.0 tps, lat 0.118 ms stddev 0.006, 0 failed
progress: 60.0 s, 8576.8 tps, lat 0.117 ms stddev 0.006, 0 failed
transaction type: star-1.sql
scaling factor: 1
query mode: prepared
number of clients: 1
number of threads: 1
maximum number of tries: 1
duration: 60 s
number of transactions actually processed: 518967
number of failed transactions: 0 (0.000%)
latency average = 0.116 ms
latency stddev = 0.008 ms
initial connection time = 1.862 ms
tps = 8649.702139 (without initial connection time)
