pgbench (18devel, server 8.4.22)
progress: 1.0 s, 23036.7 tps, lat 5.406 ms stddev 18.090, 0 failed
progress: 2.0 s, 41535.9 tps, lat 3.082 ms stddev 2.908, 0 failed
progress: 3.0 s, 40983.0 tps, lat 3.123 ms stddev 2.978, 0 failed
progress: 4.0 s, 40995.1 tps, lat 3.122 ms stddev 3.021, 0 failed
progress: 5.0 s, 30115.0 tps, lat 4.249 ms stddev 5.325, 0 failed
progress: 6.0 s, 41501.0 tps, lat 3.084 ms stddev 2.910, 0 failed
progress: 7.0 s, 40951.0 tps, lat 3.125 ms stddev 3.021, 0 failed
progress: 8.0 s, 40975.0 tps, lat 3.124 ms stddev 3.013, 0 failed
progress: 9.0 s, 33919.8 tps, lat 3.771 ms stddev 4.587, 0 failed
progress: 10.0 s, 41261.2 tps, lat 3.104 ms stddev 2.947, 0 failed
progress: 11.0 s, 40959.9 tps, lat 3.125 ms stddev 3.017, 0 failed
progress: 12.0 s, 40915.2 tps, lat 3.127 ms stddev 3.017, 0 failed
progress: 13.0 s, 40974.9 tps, lat 3.123 ms stddev 3.017, 0 failed
progress: 14.0 s, 41556.1 tps, lat 3.081 ms stddev 2.943, 0 failed
progress: 15.0 s, 40662.9 tps, lat 3.149 ms stddev 3.036, 0 failed
progress: 16.0 s, 41024.1 tps, lat 3.119 ms stddev 3.038, 0 failed
progress: 17.0 s, 41067.8 tps, lat 3.116 ms stddev 3.005, 0 failed
progress: 18.0 s, 41315.2 tps, lat 3.097 ms stddev 2.961, 0 failed
progress: 19.0 s, 40879.1 tps, lat 3.132 ms stddev 3.038, 0 failed
progress: 20.0 s, 40987.9 tps, lat 3.123 ms stddev 3.003, 0 failed
progress: 21.0 s, 40712.1 tps, lat 3.144 ms stddev 3.028, 0 failed
progress: 22.0 s, 24563.7 tps, lat 5.169 ms stddev 6.521, 0 failed
progress: 23.0 s, 31064.6 tps, lat 4.153 ms stddev 5.209, 0 failed
progress: 24.0 s, 40972.9 tps, lat 3.123 ms stddev 3.014, 0 failed
progress: 25.0 s, 40929.3 tps, lat 3.126 ms stddev 3.012, 0 failed
progress: 26.0 s, 41279.8 tps, lat 3.102 ms stddev 2.966, 0 failed
progress: 27.0 s, 41314.0 tps, lat 3.099 ms stddev 2.985, 0 failed
progress: 28.0 s, 40525.1 tps, lat 3.158 ms stddev 3.040, 0 failed
progress: 29.0 s, 40989.0 tps, lat 3.123 ms stddev 3.024, 0 failed
progress: 30.0 s, 41204.0 tps, lat 3.105 ms stddev 2.973, 0 failed
progress: 31.0 s, 41059.9 tps, lat 3.119 ms stddev 3.025, 0 failed
progress: 32.0 s, 41005.1 tps, lat 3.120 ms stddev 3.026, 0 failed
progress: 33.0 s, 41137.0 tps, lat 3.111 ms stddev 3.012, 0 failed
progress: 34.0 s, 41357.9 tps, lat 3.095 ms stddev 2.947, 0 failed
progress: 35.0 s, 40703.8 tps, lat 3.143 ms stddev 3.052, 0 failed
progress: 36.0 s, 41350.2 tps, lat 3.097 ms stddev 2.996, 0 failed
progress: 37.0 s, 40778.0 tps, lat 3.138 ms stddev 3.029, 0 failed
progress: 38.0 s, 41430.0 tps, lat 3.088 ms stddev 2.952, 0 failed
progress: 39.0 s, 41162.0 tps, lat 3.110 ms stddev 3.020, 0 failed
progress: 40.0 s, 27958.1 tps, lat 4.578 ms stddev 5.792, 0 failed
progress: 41.0 s, 41047.0 tps, lat 3.117 ms stddev 3.005, 0 failed
progress: 42.0 s, 26877.0 tps, lat 4.764 ms stddev 5.986, 0 failed
progress: 43.0 s, 41056.0 tps, lat 3.116 ms stddev 3.028, 0 failed
progress: 44.0 s, 40953.0 tps, lat 3.127 ms stddev 3.025, 0 failed
progress: 45.0 s, 41222.8 tps, lat 3.104 ms stddev 3.015, 0 failed
progress: 46.0 s, 41819.3 tps, lat 3.060 ms stddev 2.903, 0 failed
progress: 47.0 s, 41168.0 tps, lat 3.108 ms stddev 2.996, 0 failed
progress: 48.0 s, 41105.9 tps, lat 3.114 ms stddev 2.996, 0 failed
progress: 49.0 s, 41376.0 tps, lat 3.094 ms stddev 2.951, 0 failed
progress: 50.0 s, 41337.9 tps, lat 3.095 ms stddev 2.957, 0 failed
progress: 51.0 s, 40731.2 tps, lat 3.141 ms stddev 3.028, 0 failed
progress: 52.0 s, 40677.8 tps, lat 3.147 ms stddev 3.061, 0 failed
progress: 53.0 s, 27866.6 tps, lat 4.557 ms stddev 5.753, 0 failed
progress: 54.0 s, 22426.2 tps, lat 5.753 ms stddev 7.103, 0 failed
progress: 55.0 s, 17328.9 tps, lat 7.384 ms stddev 8.293, 0 failed
progress: 56.0 s, 41020.1 tps, lat 3.121 ms stddev 3.010, 0 failed
progress: 57.0 s, 40980.8 tps, lat 3.122 ms stddev 3.016, 0 failed
progress: 58.0 s, 41345.3 tps, lat 3.096 ms stddev 2.951, 0 failed
progress: 59.0 s, 40956.8 tps, lat 3.124 ms stddev 3.034, 0 failed
transaction type: star-1.sql
scaling factor: 1
query mode: prepared
number of clients: 128
number of threads: 128
maximum number of tries: 1
duration: 60 s
number of transactions actually processed: 2317462
number of failed transactions: 0 (0.000%)
latency average = 3.310 ms
latency stddev = 3.914 ms
initial connection time = 73.929 ms
tps = 38659.176033 (without initial connection time)
