pgbench (18devel, server 14.13)
progress: 1.0 s, 31185.6 tps, lat 7.780 ms stddev 40.190, 0 failed
progress: 2.0 s, 189731.0 tps, lat 1.351 ms stddev 1.674, 0 failed
progress: 3.0 s, 191607.6 tps, lat 1.336 ms stddev 1.590, 0 failed
progress: 4.0 s, 194213.2 tps, lat 1.318 ms stddev 1.611, 0 failed
progress: 5.0 s, 187759.6 tps, lat 1.363 ms stddev 1.666, 0 failed
progress: 6.0 s, 194895.8 tps, lat 1.313 ms stddev 1.606, 0 failed
progress: 7.0 s, 195175.6 tps, lat 1.311 ms stddev 1.598, 0 failed
progress: 8.0 s, 192282.8 tps, lat 1.331 ms stddev 1.633, 0 failed
progress: 9.0 s, 194531.2 tps, lat 1.316 ms stddev 1.613, 0 failed
progress: 10.0 s, 192529.2 tps, lat 1.329 ms stddev 1.619, 0 failed
progress: 11.0 s, 190613.2 tps, lat 1.343 ms stddev 1.638, 0 failed
progress: 12.0 s, 194038.4 tps, lat 1.319 ms stddev 1.606, 0 failed
progress: 13.0 s, 196586.3 tps, lat 1.302 ms stddev 1.586, 0 failed
progress: 14.0 s, 198267.8 tps, lat 1.291 ms stddev 1.583, 0 failed
progress: 15.0 s, 198673.8 tps, lat 1.288 ms stddev 1.588, 0 failed
progress: 16.0 s, 192442.2 tps, lat 1.330 ms stddev 1.631, 0 failed
progress: 17.0 s, 196316.8 tps, lat 1.304 ms stddev 1.615, 0 failed
progress: 18.0 s, 196122.0 tps, lat 1.306 ms stddev 1.593, 0 failed
progress: 19.0 s, 193752.6 tps, lat 1.321 ms stddev 1.608, 0 failed
progress: 20.0 s, 194919.2 tps, lat 1.313 ms stddev 1.607, 0 failed
progress: 21.0 s, 194518.2 tps, lat 1.316 ms stddev 1.598, 0 failed
progress: 22.0 s, 193686.8 tps, lat 1.321 ms stddev 1.584, 0 failed
progress: 23.0 s, 194504.0 tps, lat 1.316 ms stddev 1.608, 0 failed
progress: 24.0 s, 194314.0 tps, lat 1.317 ms stddev 1.606, 0 failed
progress: 25.0 s, 194083.8 tps, lat 1.319 ms stddev 1.615, 0 failed
progress: 26.0 s, 193727.6 tps, lat 1.321 ms stddev 1.606, 0 failed
progress: 27.0 s, 194753.4 tps, lat 1.314 ms stddev 1.604, 0 failed
progress: 28.0 s, 195373.6 tps, lat 1.310 ms stddev 1.599, 0 failed
progress: 29.0 s, 195573.0 tps, lat 1.309 ms stddev 1.599, 0 failed
progress: 30.0 s, 194676.2 tps, lat 1.315 ms stddev 1.599, 0 failed
progress: 31.0 s, 194317.8 tps, lat 1.317 ms stddev 1.615, 0 failed
progress: 32.0 s, 194202.6 tps, lat 1.318 ms stddev 1.612, 0 failed
progress: 33.0 s, 193995.2 tps, lat 1.319 ms stddev 1.607, 0 failed
progress: 34.0 s, 197363.2 tps, lat 1.297 ms stddev 1.554, 0 failed
progress: 35.0 s, 197129.2 tps, lat 1.298 ms stddev 1.611, 0 failed
progress: 36.0 s, 196790.0 tps, lat 1.301 ms stddev 1.600, 0 failed
progress: 37.0 s, 197018.8 tps, lat 1.299 ms stddev 1.601, 0 failed
progress: 38.0 s, 196075.9 tps, lat 1.305 ms stddev 1.611, 0 failed
progress: 39.0 s, 195980.2 tps, lat 1.306 ms stddev 1.620, 0 failed
progress: 40.0 s, 196081.2 tps, lat 1.305 ms stddev 1.611, 0 failed
progress: 41.0 s, 195631.8 tps, lat 1.308 ms stddev 1.609, 0 failed
progress: 42.0 s, 195381.8 tps, lat 1.310 ms stddev 1.607, 0 failed
progress: 43.0 s, 195463.2 tps, lat 1.309 ms stddev 1.604, 0 failed
progress: 44.0 s, 195068.2 tps, lat 1.312 ms stddev 1.610, 0 failed
progress: 45.0 s, 194503.2 tps, lat 1.316 ms stddev 1.595, 0 failed
progress: 46.0 s, 198519.8 tps, lat 1.289 ms stddev 1.588, 0 failed
progress: 47.0 s, 198069.0 tps, lat 1.292 ms stddev 1.598, 0 failed
progress: 48.0 s, 197251.2 tps, lat 1.298 ms stddev 1.605, 0 failed
progress: 49.0 s, 198747.2 tps, lat 1.288 ms stddev 1.585, 0 failed
progress: 50.0 s, 199243.4 tps, lat 1.284 ms stddev 1.590, 0 failed
progress: 51.0 s, 196389.2 tps, lat 1.303 ms stddev 1.596, 0 failed
progress: 52.0 s, 196957.8 tps, lat 1.300 ms stddev 1.607, 0 failed
progress: 53.0 s, 196175.8 tps, lat 1.305 ms stddev 1.614, 0 failed
progress: 54.0 s, 196103.2 tps, lat 1.305 ms stddev 1.606, 0 failed
progress: 55.0 s, 197124.6 tps, lat 1.298 ms stddev 1.614, 0 failed
progress: 56.0 s, 197297.2 tps, lat 1.297 ms stddev 1.598, 0 failed
progress: 57.0 s, 195265.6 tps, lat 1.311 ms stddev 1.595, 0 failed
progress: 58.0 s, 198036.2 tps, lat 1.293 ms stddev 1.570, 0 failed
progress: 59.0 s, 198010.2 tps, lat 1.292 ms stddev 1.587, 0 failed
transaction type: star-1.sql
scaling factor: 1
query mode: prepared
number of clients: 256
number of threads: 256
maximum number of tries: 1
duration: 60 s
number of transactions actually processed: 11537478
number of failed transactions: 0 (0.000%)
latency average = 1.328 ms
latency stddev = 2.659 ms
initial connection time = 148.951 ms
tps = 192564.208415 (without initial connection time)
