pgbench (18devel, server 9.1.24)
progress: 1.0 s, 5214.8 tps, lat 45.562 ms stddev 89.734, 0 failed
progress: 2.0 s, 37036.6 tps, lat 7.077 ms stddev 7.540, 0 failed
progress: 3.0 s, 37393.0 tps, lat 6.843 ms stddev 6.602, 0 failed
progress: 4.0 s, 37440.1 tps, lat 6.836 ms stddev 6.631, 0 failed
progress: 5.0 s, 37845.8 tps, lat 6.764 ms stddev 6.499, 0 failed
progress: 6.0 s, 37990.0 tps, lat 6.732 ms stddev 6.427, 0 failed
progress: 7.0 s, 37445.1 tps, lat 6.844 ms stddev 6.680, 0 failed
progress: 8.0 s, 37603.0 tps, lat 6.808 ms stddev 6.603, 0 failed
progress: 9.0 s, 37701.0 tps, lat 6.784 ms stddev 6.473, 0 failed
progress: 10.0 s, 37820.8 tps, lat 6.770 ms stddev 6.469, 0 failed
progress: 11.0 s, 37426.1 tps, lat 6.842 ms stddev 6.631, 0 failed
progress: 12.0 s, 37748.0 tps, lat 6.783 ms stddev 6.580, 0 failed
progress: 13.0 s, 37537.9 tps, lat 6.824 ms stddev 6.616, 0 failed
progress: 14.0 s, 37930.1 tps, lat 6.745 ms stddev 6.439, 0 failed
progress: 15.0 s, 37337.1 tps, lat 6.855 ms stddev 6.654, 0 failed
progress: 16.0 s, 37482.9 tps, lat 6.829 ms stddev 6.611, 0 failed
progress: 17.0 s, 28974.4 tps, lat 8.638 ms stddev 11.442, 0 failed
progress: 18.0 s, 25128.5 tps, lat 10.411 ms stddev 15.433, 0 failed
progress: 19.0 s, 37505.1 tps, lat 6.824 ms stddev 6.620, 0 failed
progress: 20.0 s, 37436.9 tps, lat 6.843 ms stddev 6.625, 0 failed
progress: 21.0 s, 37499.1 tps, lat 6.826 ms stddev 6.624, 0 failed
progress: 22.0 s, 37800.0 tps, lat 6.767 ms stddev 6.502, 0 failed
progress: 23.0 s, 37481.9 tps, lat 6.834 ms stddev 6.659, 0 failed
progress: 24.0 s, 37460.1 tps, lat 6.835 ms stddev 6.675, 0 failed
progress: 25.0 s, 37625.9 tps, lat 6.799 ms stddev 6.644, 0 failed
progress: 26.0 s, 37821.0 tps, lat 6.775 ms stddev 6.470, 0 failed
progress: 27.0 s, 37523.0 tps, lat 6.814 ms stddev 6.563, 0 failed
progress: 28.0 s, 37797.0 tps, lat 6.773 ms stddev 6.555, 0 failed
progress: 29.0 s, 37794.0 tps, lat 6.780 ms stddev 6.517, 0 failed
progress: 30.0 s, 37680.1 tps, lat 6.790 ms stddev 6.557, 0 failed
progress: 31.0 s, 37543.8 tps, lat 6.817 ms stddev 6.643, 0 failed
progress: 32.0 s, 37675.0 tps, lat 6.800 ms stddev 6.634, 0 failed
progress: 33.0 s, 37517.5 tps, lat 6.819 ms stddev 6.657, 0 failed
progress: 34.0 s, 37736.4 tps, lat 6.784 ms stddev 6.552, 0 failed
progress: 35.0 s, 37420.0 tps, lat 6.844 ms stddev 6.641, 0 failed
progress: 36.0 s, 37568.2 tps, lat 6.817 ms stddev 6.611, 0 failed
progress: 37.0 s, 37587.0 tps, lat 6.804 ms stddev 6.592, 0 failed
progress: 38.0 s, 38040.0 tps, lat 6.731 ms stddev 6.424, 0 failed
progress: 39.0 s, 37587.0 tps, lat 6.812 ms stddev 6.653, 0 failed
progress: 40.0 s, 37459.0 tps, lat 6.833 ms stddev 6.629, 0 failed
progress: 41.0 s, 37430.0 tps, lat 6.838 ms stddev 6.600, 0 failed
progress: 42.0 s, 37771.2 tps, lat 6.778 ms stddev 6.522, 0 failed
progress: 43.0 s, 37411.8 tps, lat 6.841 ms stddev 6.675, 0 failed
progress: 44.0 s, 37580.1 tps, lat 6.814 ms stddev 6.600, 0 failed
progress: 45.0 s, 37488.1 tps, lat 6.826 ms stddev 6.595, 0 failed
progress: 46.0 s, 38028.9 tps, lat 6.733 ms stddev 6.465, 0 failed
progress: 47.0 s, 37359.8 tps, lat 6.850 ms stddev 6.694, 0 failed
progress: 48.0 s, 37702.2 tps, lat 6.793 ms stddev 6.643, 0 failed
progress: 49.0 s, 37794.0 tps, lat 6.770 ms stddev 6.587, 0 failed
progress: 50.0 s, 37784.7 tps, lat 6.776 ms stddev 6.482, 0 failed
progress: 51.0 s, 37438.3 tps, lat 6.833 ms stddev 6.627, 0 failed
progress: 52.0 s, 37452.0 tps, lat 6.839 ms stddev 6.644, 0 failed
progress: 53.0 s, 37826.0 tps, lat 6.771 ms stddev 6.557, 0 failed
progress: 54.0 s, 37961.8 tps, lat 6.740 ms stddev 6.496, 0 failed
progress: 55.0 s, 37585.2 tps, lat 6.818 ms stddev 6.660, 0 failed
progress: 56.0 s, 37874.0 tps, lat 6.754 ms stddev 6.547, 0 failed
progress: 57.0 s, 37879.0 tps, lat 6.760 ms stddev 6.570, 0 failed
progress: 58.0 s, 37935.9 tps, lat 6.744 ms stddev 6.473, 0 failed
progress: 59.0 s, 37558.1 tps, lat 6.811 ms stddev 6.607, 0 failed
transaction type: star-1-left.sql
scaling factor: 1
query mode: prepared
number of clients: 256
number of threads: 256
maximum number of tries: 1
duration: 60 s
number of transactions actually processed: 2200697
number of failed transactions: 0 (0.000%)
latency average = 6.964 ms
latency stddev = 8.347 ms
initial connection time = 141.700 ms
tps = 36745.009208 (without initial connection time)
