pgbench (18devel, server 9.5.25)
progress: 1.0 s, 90121.0 tps, lat 0.176 ms stddev 0.143, 0 failed
progress: 2.0 s, 95186.1 tps, lat 0.168 ms stddev 0.013, 0 failed
progress: 3.0 s, 96446.0 tps, lat 0.166 ms stddev 0.024, 0 failed
progress: 4.0 s, 97344.5 tps, lat 0.164 ms stddev 0.019, 0 failed
progress: 5.0 s, 96044.4 tps, lat 0.166 ms stddev 0.018, 0 failed
progress: 6.0 s, 95874.9 tps, lat 0.167 ms stddev 0.013, 0 failed
progress: 7.0 s, 96223.2 tps, lat 0.166 ms stddev 0.013, 0 failed
progress: 8.0 s, 95542.7 tps, lat 0.167 ms stddev 0.013, 0 failed
progress: 9.0 s, 96126.7 tps, lat 0.166 ms stddev 0.013, 0 failed
progress: 10.0 s, 96328.5 tps, lat 0.166 ms stddev 0.013, 0 failed
progress: 11.0 s, 96841.1 tps, lat 0.165 ms stddev 0.019, 0 failed
progress: 12.0 s, 96203.0 tps, lat 0.166 ms stddev 0.022, 0 failed
progress: 13.0 s, 96947.0 tps, lat 0.165 ms stddev 0.013, 0 failed
progress: 14.0 s, 96397.5 tps, lat 0.166 ms stddev 0.015, 0 failed
progress: 15.0 s, 96756.4 tps, lat 0.165 ms stddev 0.013, 0 failed
progress: 16.0 s, 97246.4 tps, lat 0.164 ms stddev 0.016, 0 failed
progress: 17.0 s, 97130.6 tps, lat 0.165 ms stddev 0.019, 0 failed
progress: 18.0 s, 97309.1 tps, lat 0.164 ms stddev 0.012, 0 failed
progress: 19.0 s, 97895.9 tps, lat 0.163 ms stddev 0.011, 0 failed
progress: 20.0 s, 98204.0 tps, lat 0.163 ms stddev 0.011, 0 failed
progress: 21.0 s, 98231.9 tps, lat 0.163 ms stddev 0.014, 0 failed
progress: 22.0 s, 97197.1 tps, lat 0.165 ms stddev 0.026, 0 failed
progress: 23.0 s, 96610.0 tps, lat 0.166 ms stddev 0.019, 0 failed
progress: 24.0 s, 96762.4 tps, lat 0.165 ms stddev 0.012, 0 failed
progress: 25.0 s, 97302.1 tps, lat 0.164 ms stddev 0.013, 0 failed
progress: 26.0 s, 96851.5 tps, lat 0.165 ms stddev 0.014, 0 failed
progress: 27.0 s, 97350.0 tps, lat 0.164 ms stddev 0.020, 0 failed
progress: 28.0 s, 97479.0 tps, lat 0.164 ms stddev 0.013, 0 failed
progress: 29.0 s, 97794.1 tps, lat 0.164 ms stddev 0.012, 0 failed
progress: 30.0 s, 97741.0 tps, lat 0.164 ms stddev 0.012, 0 failed
progress: 31.0 s, 97906.2 tps, lat 0.163 ms stddev 0.013, 0 failed
progress: 32.0 s, 97369.5 tps, lat 0.164 ms stddev 0.026, 0 failed
progress: 33.0 s, 97643.1 tps, lat 0.164 ms stddev 0.019, 0 failed
progress: 34.0 s, 97533.8 tps, lat 0.164 ms stddev 0.012, 0 failed
progress: 35.0 s, 97081.0 tps, lat 0.165 ms stddev 0.020, 0 failed
progress: 36.0 s, 97592.6 tps, lat 0.164 ms stddev 0.012, 0 failed
progress: 37.0 s, 98897.5 tps, lat 0.162 ms stddev 0.012, 0 failed
progress: 38.0 s, 99043.1 tps, lat 0.161 ms stddev 0.011, 0 failed
progress: 39.0 s, 98779.0 tps, lat 0.162 ms stddev 0.011, 0 failed
progress: 40.0 s, 97691.9 tps, lat 0.164 ms stddev 0.016, 0 failed
progress: 41.0 s, 98516.1 tps, lat 0.162 ms stddev 0.011, 0 failed
progress: 42.0 s, 98435.9 tps, lat 0.162 ms stddev 0.011, 0 failed
progress: 43.0 s, 98414.0 tps, lat 0.162 ms stddev 0.011, 0 failed
progress: 44.0 s, 98213.5 tps, lat 0.163 ms stddev 0.023, 0 failed
progress: 45.0 s, 98184.5 tps, lat 0.163 ms stddev 0.028, 0 failed
progress: 46.0 s, 98338.0 tps, lat 0.163 ms stddev 0.012, 0 failed
progress: 47.0 s, 97822.1 tps, lat 0.163 ms stddev 0.019, 0 failed
progress: 48.0 s, 97479.1 tps, lat 0.164 ms stddev 0.018, 0 failed
progress: 49.0 s, 97375.5 tps, lat 0.164 ms stddev 0.028, 0 failed
progress: 50.0 s, 97439.4 tps, lat 0.164 ms stddev 0.012, 0 failed
progress: 51.0 s, 97098.4 tps, lat 0.165 ms stddev 0.020, 0 failed
progress: 52.0 s, 96984.6 tps, lat 0.165 ms stddev 0.012, 0 failed
progress: 53.0 s, 97300.8 tps, lat 0.164 ms stddev 0.019, 0 failed
progress: 54.0 s, 97346.1 tps, lat 0.164 ms stddev 0.012, 0 failed
progress: 55.0 s, 97053.4 tps, lat 0.165 ms stddev 0.025, 0 failed
progress: 56.0 s, 97239.0 tps, lat 0.164 ms stddev 0.018, 0 failed
progress: 57.0 s, 97867.9 tps, lat 0.163 ms stddev 0.012, 0 failed
progress: 58.0 s, 97815.2 tps, lat 0.163 ms stddev 0.012, 0 failed
progress: 59.0 s, 97350.0 tps, lat 0.164 ms stddev 0.019, 0 failed
transaction type: star-1.sql
scaling factor: 1
query mode: prepared
number of clients: 16
number of threads: 16
maximum number of tries: 1
duration: 60 s
number of transactions actually processed: 5832386
number of failed transactions: 0 (0.000%)
latency average = 0.164 ms
latency stddev = 0.024 ms
initial connection time = 11.375 ms
tps = 97224.191332 (without initial connection time)
