pgbench (18devel, server 9.5.25)
progress: 1.0 s, 74940.7 tps, lat 0.841 ms stddev 0.907, 0 failed
progress: 2.0 s, 77445.2 tps, lat 0.826 ms stddev 0.756, 0 failed
progress: 3.0 s, 77864.1 tps, lat 0.821 ms stddev 0.750, 0 failed
progress: 4.0 s, 80754.6 tps, lat 0.792 ms stddev 0.702, 0 failed
progress: 5.0 s, 77151.2 tps, lat 0.829 ms stddev 0.774, 0 failed
progress: 6.0 s, 77633.2 tps, lat 0.824 ms stddev 0.759, 0 failed
progress: 7.0 s, 77483.2 tps, lat 0.826 ms stddev 0.757, 0 failed
progress: 8.0 s, 80011.6 tps, lat 0.800 ms stddev 0.713, 0 failed
progress: 9.0 s, 77614.2 tps, lat 0.824 ms stddev 0.761, 0 failed
progress: 10.0 s, 77205.7 tps, lat 0.829 ms stddev 0.763, 0 failed
progress: 11.0 s, 77532.1 tps, lat 0.825 ms stddev 0.761, 0 failed
progress: 12.0 s, 80298.9 tps, lat 0.797 ms stddev 0.712, 0 failed
progress: 13.0 s, 76718.9 tps, lat 0.834 ms stddev 0.772, 0 failed
progress: 14.0 s, 77638.3 tps, lat 0.824 ms stddev 0.761, 0 failed
progress: 15.0 s, 77940.9 tps, lat 0.821 ms stddev 0.756, 0 failed
progress: 16.0 s, 80074.0 tps, lat 0.799 ms stddev 0.722, 0 failed
progress: 17.0 s, 76811.0 tps, lat 0.833 ms stddev 0.774, 0 failed
progress: 18.0 s, 77405.0 tps, lat 0.827 ms stddev 0.766, 0 failed
progress: 19.0 s, 77716.7 tps, lat 0.823 ms stddev 0.760, 0 failed
progress: 20.0 s, 79536.2 tps, lat 0.805 ms stddev 0.726, 0 failed
progress: 21.0 s, 77772.1 tps, lat 0.823 ms stddev 0.757, 0 failed
progress: 22.0 s, 77404.1 tps, lat 0.826 ms stddev 0.764, 0 failed
progress: 23.0 s, 77684.9 tps, lat 0.824 ms stddev 0.760, 0 failed
progress: 24.0 s, 80335.0 tps, lat 0.796 ms stddev 0.714, 0 failed
progress: 25.0 s, 77379.3 tps, lat 0.827 ms stddev 0.765, 0 failed
progress: 26.0 s, 77677.6 tps, lat 0.824 ms stddev 0.758, 0 failed
progress: 27.0 s, 77023.3 tps, lat 0.831 ms stddev 0.777, 0 failed
progress: 28.0 s, 79385.6 tps, lat 0.806 ms stddev 0.727, 0 failed
progress: 29.0 s, 78257.3 tps, lat 0.818 ms stddev 0.751, 0 failed
progress: 30.0 s, 77117.9 tps, lat 0.830 ms stddev 0.777, 0 failed
progress: 31.0 s, 78305.2 tps, lat 0.817 ms stddev 0.748, 0 failed
progress: 32.0 s, 79797.9 tps, lat 0.802 ms stddev 0.723, 0 failed
progress: 33.0 s, 77932.6 tps, lat 0.821 ms stddev 0.755, 0 failed
progress: 34.0 s, 77906.1 tps, lat 0.821 ms stddev 0.755, 0 failed
progress: 35.0 s, 78072.2 tps, lat 0.819 ms stddev 0.752, 0 failed
progress: 36.0 s, 80256.0 tps, lat 0.797 ms stddev 0.716, 0 failed
progress: 37.0 s, 77615.3 tps, lat 0.824 ms stddev 0.757, 0 failed
progress: 38.0 s, 77777.8 tps, lat 0.823 ms stddev 0.758, 0 failed
progress: 39.0 s, 78253.9 tps, lat 0.818 ms stddev 0.750, 0 failed
progress: 40.0 s, 79675.7 tps, lat 0.803 ms stddev 0.720, 0 failed
progress: 41.0 s, 78248.2 tps, lat 0.818 ms stddev 0.749, 0 failed
progress: 42.0 s, 78109.9 tps, lat 0.819 ms stddev 0.755, 0 failed
progress: 43.0 s, 78537.2 tps, lat 0.815 ms stddev 0.743, 0 failed
progress: 44.0 s, 79432.0 tps, lat 0.806 ms stddev 0.729, 0 failed
progress: 45.0 s, 78428.8 tps, lat 0.816 ms stddev 0.747, 0 failed
progress: 46.0 s, 78038.2 tps, lat 0.819 ms stddev 0.756, 0 failed
progress: 47.0 s, 78182.4 tps, lat 0.818 ms stddev 0.750, 0 failed
progress: 48.0 s, 79746.8 tps, lat 0.803 ms stddev 0.721, 0 failed
progress: 49.0 s, 78333.9 tps, lat 0.817 ms stddev 0.749, 0 failed
progress: 50.0 s, 77927.7 tps, lat 0.821 ms stddev 0.759, 0 failed
progress: 51.0 s, 77986.8 tps, lat 0.821 ms stddev 0.755, 0 failed
progress: 52.0 s, 79795.6 tps, lat 0.802 ms stddev 0.723, 0 failed
progress: 53.0 s, 77736.8 tps, lat 0.823 ms stddev 0.762, 0 failed
progress: 54.0 s, 77071.7 tps, lat 0.828 ms stddev 0.767, 0 failed
progress: 55.0 s, 77851.0 tps, lat 0.824 ms stddev 0.758, 0 failed
progress: 56.0 s, 80439.3 tps, lat 0.795 ms stddev 0.710, 0 failed
progress: 57.0 s, 77562.7 tps, lat 0.825 ms stddev 0.763, 0 failed
progress: 58.0 s, 77858.5 tps, lat 0.822 ms stddev 0.764, 0 failed
progress: 59.0 s, 78016.8 tps, lat 0.820 ms stddev 0.755, 0 failed
transaction type: star-1.sql
scaling factor: 1
query mode: prepared
number of clients: 64
number of threads: 64
maximum number of tries: 1
duration: 60 s
number of transactions actually processed: 4691788
number of failed transactions: 0 (0.000%)
latency average = 0.818 ms
latency stddev = 0.752 ms
initial connection time = 38.703 ms
tps = 78244.546636 (without initial connection time)
