pgbench (18devel)
progress: 1.0 s, 111070.6 tps, lat 0.143 ms stddev 0.687, 0 failed
progress: 2.0 s, 132217.3 tps, lat 0.121 ms stddev 0.006, 0 failed
progress: 3.0 s, 131478.1 tps, lat 0.122 ms stddev 0.011, 0 failed
progress: 4.0 s, 131588.0 tps, lat 0.121 ms stddev 0.007, 0 failed
progress: 5.0 s, 132473.9 tps, lat 0.121 ms stddev 0.006, 0 failed
progress: 6.0 s, 131235.1 tps, lat 0.122 ms stddev 0.009, 0 failed
progress: 7.0 s, 132919.9 tps, lat 0.120 ms stddev 0.005, 0 failed
progress: 8.0 s, 131012.2 tps, lat 0.122 ms stddev 0.009, 0 failed
progress: 9.0 s, 133689.2 tps, lat 0.120 ms stddev 0.005, 0 failed
progress: 10.0 s, 133291.1 tps, lat 0.120 ms stddev 0.009, 0 failed
progress: 11.0 s, 134404.4 tps, lat 0.119 ms stddev 0.004, 0 failed
progress: 12.0 s, 133795.8 tps, lat 0.119 ms stddev 0.007, 0 failed
progress: 13.0 s, 131920.4 tps, lat 0.121 ms stddev 0.008, 0 failed
progress: 14.0 s, 131228.0 tps, lat 0.122 ms stddev 0.009, 0 failed
progress: 15.0 s, 132555.5 tps, lat 0.121 ms stddev 0.006, 0 failed
progress: 16.0 s, 134766.6 tps, lat 0.119 ms stddev 0.004, 0 failed
progress: 17.0 s, 135388.8 tps, lat 0.118 ms stddev 0.003, 0 failed
progress: 18.0 s, 135189.5 tps, lat 0.118 ms stddev 0.008, 0 failed
progress: 19.0 s, 135518.7 tps, lat 0.118 ms stddev 0.005, 0 failed
progress: 20.0 s, 136198.2 tps, lat 0.117 ms stddev 0.003, 0 failed
progress: 21.0 s, 135281.9 tps, lat 0.118 ms stddev 0.004, 0 failed
progress: 22.0 s, 134838.7 tps, lat 0.119 ms stddev 0.004, 0 failed
progress: 23.0 s, 135144.2 tps, lat 0.118 ms stddev 0.004, 0 failed
progress: 24.0 s, 135116.0 tps, lat 0.118 ms stddev 0.004, 0 failed
progress: 25.0 s, 134869.0 tps, lat 0.119 ms stddev 0.004, 0 failed
progress: 26.0 s, 133001.5 tps, lat 0.120 ms stddev 0.008, 0 failed
progress: 27.0 s, 134353.4 tps, lat 0.119 ms stddev 0.004, 0 failed
progress: 28.0 s, 135103.8 tps, lat 0.118 ms stddev 0.004, 0 failed
progress: 29.0 s, 134230.0 tps, lat 0.119 ms stddev 0.004, 0 failed
progress: 30.0 s, 133246.3 tps, lat 0.120 ms stddev 0.004, 0 failed
progress: 31.0 s, 133975.8 tps, lat 0.119 ms stddev 0.004, 0 failed
progress: 32.0 s, 134436.9 tps, lat 0.119 ms stddev 0.004, 0 failed
progress: 33.0 s, 134364.0 tps, lat 0.119 ms stddev 0.004, 0 failed
progress: 34.0 s, 133756.1 tps, lat 0.120 ms stddev 0.008, 0 failed
progress: 35.0 s, 135669.4 tps, lat 0.118 ms stddev 0.003, 0 failed
progress: 36.0 s, 135823.9 tps, lat 0.118 ms stddev 0.003, 0 failed
progress: 37.0 s, 134987.2 tps, lat 0.118 ms stddev 0.003, 0 failed
progress: 38.0 s, 134718.8 tps, lat 0.119 ms stddev 0.003, 0 failed
progress: 39.0 s, 134283.7 tps, lat 0.119 ms stddev 0.007, 0 failed
progress: 40.0 s, 135400.5 tps, lat 0.118 ms stddev 0.003, 0 failed
progress: 41.0 s, 135269.0 tps, lat 0.118 ms stddev 0.003, 0 failed
progress: 42.0 s, 134896.5 tps, lat 0.119 ms stddev 0.003, 0 failed
progress: 43.0 s, 134746.5 tps, lat 0.119 ms stddev 0.004, 0 failed
progress: 44.0 s, 135270.8 tps, lat 0.118 ms stddev 0.004, 0 failed
progress: 45.0 s, 135224.8 tps, lat 0.118 ms stddev 0.004, 0 failed
progress: 46.0 s, 135384.0 tps, lat 0.118 ms stddev 0.004, 0 failed
progress: 47.0 s, 134973.9 tps, lat 0.118 ms stddev 0.004, 0 failed
progress: 48.0 s, 135271.9 tps, lat 0.118 ms stddev 0.003, 0 failed
progress: 49.0 s, 135318.5 tps, lat 0.118 ms stddev 0.003, 0 failed
progress: 50.0 s, 135828.7 tps, lat 0.118 ms stddev 0.003, 0 failed
progress: 51.0 s, 135689.0 tps, lat 0.118 ms stddev 0.003, 0 failed
progress: 52.0 s, 135624.7 tps, lat 0.118 ms stddev 0.004, 0 failed
progress: 53.0 s, 134573.3 tps, lat 0.119 ms stddev 0.004, 0 failed
progress: 54.0 s, 134561.2 tps, lat 0.119 ms stddev 0.004, 0 failed
progress: 55.0 s, 134884.0 tps, lat 0.119 ms stddev 0.004, 0 failed
progress: 56.0 s, 134963.8 tps, lat 0.118 ms stddev 0.004, 0 failed
progress: 57.0 s, 134452.0 tps, lat 0.119 ms stddev 0.004, 0 failed
progress: 58.0 s, 134379.0 tps, lat 0.119 ms stddev 0.004, 0 failed
progress: 59.0 s, 134604.9 tps, lat 0.119 ms stddev 0.004, 0 failed
transaction type: star-1.sql
scaling factor: 1
query mode: prepared
number of clients: 16
number of threads: 16
maximum number of tries: 1
duration: 60 s
number of transactions actually processed: 8035204
number of failed transactions: 0 (0.000%)
latency average = 0.119 ms
latency stddev = 0.081 ms
initial connection time = 6.573 ms
tps = 133933.799346 (without initial connection time)
