pgbench (18devel)
progress: 1.0 s, 198348.1 tps, lat 0.160 ms stddev 0.874, 0 failed
progress: 2.0 s, 246021.1 tps, lat 0.130 ms stddev 0.013, 0 failed
progress: 3.0 s, 245631.0 tps, lat 0.130 ms stddev 0.013, 0 failed
progress: 4.0 s, 249140.8 tps, lat 0.128 ms stddev 0.013, 0 failed
progress: 5.0 s, 247910.5 tps, lat 0.129 ms stddev 0.011, 0 failed
progress: 6.0 s, 245620.5 tps, lat 0.130 ms stddev 0.014, 0 failed
progress: 7.0 s, 246461.0 tps, lat 0.130 ms stddev 0.013, 0 failed
progress: 8.0 s, 245484.1 tps, lat 0.130 ms stddev 0.016, 0 failed
progress: 9.0 s, 251032.5 tps, lat 0.127 ms stddev 0.011, 0 failed
progress: 10.0 s, 249901.2 tps, lat 0.128 ms stddev 0.012, 0 failed
progress: 11.0 s, 249236.5 tps, lat 0.128 ms stddev 0.013, 0 failed
progress: 12.0 s, 250907.7 tps, lat 0.127 ms stddev 0.010, 0 failed
progress: 13.0 s, 246091.0 tps, lat 0.130 ms stddev 0.014, 0 failed
progress: 14.0 s, 247054.9 tps, lat 0.129 ms stddev 0.012, 0 failed
progress: 15.0 s, 246095.2 tps, lat 0.130 ms stddev 0.015, 0 failed
progress: 16.0 s, 254053.9 tps, lat 0.126 ms stddev 0.009, 0 failed
progress: 17.0 s, 251699.5 tps, lat 0.127 ms stddev 0.010, 0 failed
progress: 18.0 s, 249126.8 tps, lat 0.128 ms stddev 0.012, 0 failed
progress: 19.0 s, 251159.0 tps, lat 0.127 ms stddev 0.012, 0 failed
progress: 20.0 s, 248893.6 tps, lat 0.128 ms stddev 0.012, 0 failed
progress: 21.0 s, 248399.2 tps, lat 0.129 ms stddev 0.013, 0 failed
progress: 22.0 s, 251257.4 tps, lat 0.127 ms stddev 0.010, 0 failed
progress: 23.0 s, 251266.3 tps, lat 0.127 ms stddev 0.011, 0 failed
progress: 24.0 s, 251963.5 tps, lat 0.127 ms stddev 0.010, 0 failed
progress: 25.0 s, 248899.7 tps, lat 0.128 ms stddev 0.014, 0 failed
progress: 26.0 s, 249423.5 tps, lat 0.128 ms stddev 0.013, 0 failed
progress: 27.0 s, 250451.7 tps, lat 0.128 ms stddev 0.012, 0 failed
progress: 28.0 s, 250486.3 tps, lat 0.128 ms stddev 0.013, 0 failed
progress: 29.0 s, 250651.7 tps, lat 0.127 ms stddev 0.011, 0 failed
progress: 30.0 s, 248282.2 tps, lat 0.129 ms stddev 0.015, 0 failed
progress: 31.0 s, 247997.0 tps, lat 0.129 ms stddev 0.015, 0 failed
progress: 32.0 s, 249131.5 tps, lat 0.128 ms stddev 0.014, 0 failed
progress: 33.0 s, 250661.5 tps, lat 0.127 ms stddev 0.011, 0 failed
progress: 34.0 s, 248808.0 tps, lat 0.128 ms stddev 0.010, 0 failed
progress: 35.0 s, 249469.8 tps, lat 0.128 ms stddev 0.011, 0 failed
progress: 36.0 s, 248487.2 tps, lat 0.129 ms stddev 0.013, 0 failed
progress: 37.0 s, 249350.2 tps, lat 0.128 ms stddev 0.012, 0 failed
progress: 38.0 s, 252018.4 tps, lat 0.127 ms stddev 0.011, 0 failed
progress: 39.0 s, 251284.5 tps, lat 0.127 ms stddev 0.010, 0 failed
progress: 40.0 s, 249284.8 tps, lat 0.128 ms stddev 0.012, 0 failed
progress: 41.0 s, 251870.0 tps, lat 0.127 ms stddev 0.011, 0 failed
progress: 42.0 s, 251736.2 tps, lat 0.127 ms stddev 0.007, 0 failed
progress: 43.0 s, 250712.5 tps, lat 0.127 ms stddev 0.011, 0 failed
progress: 44.0 s, 251994.7 tps, lat 0.127 ms stddev 0.010, 0 failed
progress: 45.0 s, 251369.1 tps, lat 0.127 ms stddev 0.013, 0 failed
progress: 46.0 s, 254614.8 tps, lat 0.126 ms stddev 0.009, 0 failed
progress: 47.0 s, 254770.0 tps, lat 0.125 ms stddev 0.009, 0 failed
progress: 48.0 s, 250222.2 tps, lat 0.128 ms stddev 0.013, 0 failed
progress: 49.0 s, 248068.2 tps, lat 0.129 ms stddev 0.012, 0 failed
progress: 50.0 s, 248519.0 tps, lat 0.129 ms stddev 0.012, 0 failed
progress: 51.0 s, 247402.3 tps, lat 0.129 ms stddev 0.012, 0 failed
progress: 52.0 s, 251994.6 tps, lat 0.127 ms stddev 0.009, 0 failed
progress: 53.0 s, 249945.5 tps, lat 0.128 ms stddev 0.010, 0 failed
progress: 54.0 s, 250054.0 tps, lat 0.128 ms stddev 0.012, 0 failed
progress: 55.0 s, 249363.3 tps, lat 0.128 ms stddev 0.014, 0 failed
progress: 56.0 s, 249272.0 tps, lat 0.128 ms stddev 0.011, 0 failed
progress: 57.0 s, 250999.5 tps, lat 0.127 ms stddev 0.014, 0 failed
progress: 58.0 s, 252555.4 tps, lat 0.127 ms stddev 0.010, 0 failed
progress: 59.0 s, 252608.0 tps, lat 0.126 ms stddev 0.010, 0 failed
transaction type: star-1.sql
scaling factor: 1
query mode: prepared
number of clients: 32
number of threads: 32
maximum number of tries: 1
duration: 60 s
number of transactions actually processed: 14933838
number of failed transactions: 0 (0.000%)
latency average = 0.128 ms
latency stddev = 0.102 ms
initial connection time = 11.070 ms
tps = 248935.893361 (without initial connection time)
