pgbench (18devel, server 11.22)
progress: 1.0 s, 9444.2 tps, lat 1.682 ms stddev 0.231, 0 failed
progress: 2.0 s, 9458.3 tps, lat 1.691 ms stddev 0.150, 0 failed
progress: 3.0 s, 9523.7 tps, lat 1.680 ms stddev 0.106, 0 failed
progress: 4.0 s, 9593.3 tps, lat 1.668 ms stddev 0.044, 0 failed
progress: 5.0 s, 9529.6 tps, lat 1.679 ms stddev 0.031, 0 failed
progress: 6.0 s, 9548.4 tps, lat 1.675 ms stddev 0.035, 0 failed
progress: 7.0 s, 9548.8 tps, lat 1.675 ms stddev 0.029, 0 failed
progress: 8.0 s, 9431.2 tps, lat 1.696 ms stddev 0.132, 0 failed
progress: 9.0 s, 9468.0 tps, lat 1.690 ms stddev 0.146, 0 failed
progress: 10.0 s, 9573.7 tps, lat 1.670 ms stddev 0.033, 0 failed
progress: 11.0 s, 9595.3 tps, lat 1.667 ms stddev 0.031, 0 failed
progress: 12.0 s, 9575.7 tps, lat 1.670 ms stddev 0.034, 0 failed
progress: 13.0 s, 9568.0 tps, lat 1.672 ms stddev 0.030, 0 failed
progress: 14.0 s, 9573.3 tps, lat 1.670 ms stddev 0.034, 0 failed
progress: 15.0 s, 9620.7 tps, lat 1.663 ms stddev 0.029, 0 failed
progress: 16.0 s, 9570.9 tps, lat 1.671 ms stddev 0.028, 0 failed
progress: 17.0 s, 9591.5 tps, lat 1.668 ms stddev 0.030, 0 failed
progress: 18.0 s, 9579.7 tps, lat 1.670 ms stddev 0.029, 0 failed
progress: 19.0 s, 9467.3 tps, lat 1.690 ms stddev 0.134, 0 failed
progress: 20.0 s, 9555.2 tps, lat 1.674 ms stddev 0.031, 0 failed
progress: 21.0 s, 9551.8 tps, lat 1.675 ms stddev 0.029, 0 failed
progress: 22.0 s, 9550.7 tps, lat 1.674 ms stddev 0.057, 0 failed
progress: 23.0 s, 9449.9 tps, lat 1.693 ms stddev 0.124, 0 failed
progress: 24.0 s, 9569.4 tps, lat 1.671 ms stddev 0.030, 0 failed
progress: 25.0 s, 9608.0 tps, lat 1.666 ms stddev 0.033, 0 failed
progress: 26.0 s, 9551.0 tps, lat 1.675 ms stddev 0.028, 0 failed
progress: 27.0 s, 9544.0 tps, lat 1.676 ms stddev 0.029, 0 failed
progress: 28.0 s, 9542.0 tps, lat 1.676 ms stddev 0.029, 0 failed
progress: 29.0 s, 9583.0 tps, lat 1.669 ms stddev 0.028, 0 failed
progress: 30.0 s, 9583.0 tps, lat 1.669 ms stddev 0.029, 0 failed
progress: 31.0 s, 9555.7 tps, lat 1.674 ms stddev 0.030, 0 failed
progress: 32.0 s, 9582.8 tps, lat 1.669 ms stddev 0.032, 0 failed
progress: 33.0 s, 9556.9 tps, lat 1.674 ms stddev 0.031, 0 failed
progress: 34.0 s, 9582.6 tps, lat 1.669 ms stddev 0.029, 0 failed
progress: 35.0 s, 9566.0 tps, lat 1.672 ms stddev 0.030, 0 failed
progress: 36.0 s, 9623.0 tps, lat 1.662 ms stddev 0.031, 0 failed
progress: 37.0 s, 9514.0 tps, lat 1.682 ms stddev 0.135, 0 failed
progress: 38.0 s, 9589.6 tps, lat 1.668 ms stddev 0.028, 0 failed
progress: 39.0 s, 9571.1 tps, lat 1.671 ms stddev 0.030, 0 failed
progress: 40.0 s, 9549.3 tps, lat 1.675 ms stddev 0.034, 0 failed
progress: 41.0 s, 9589.0 tps, lat 1.668 ms stddev 0.028, 0 failed
progress: 42.0 s, 9573.0 tps, lat 1.671 ms stddev 0.029, 0 failed
progress: 43.0 s, 9609.3 tps, lat 1.665 ms stddev 0.030, 0 failed
progress: 44.0 s, 9547.4 tps, lat 1.675 ms stddev 0.029, 0 failed
progress: 45.0 s, 9587.3 tps, lat 1.669 ms stddev 0.029, 0 failed
progress: 46.0 s, 9566.0 tps, lat 1.672 ms stddev 0.032, 0 failed
progress: 47.0 s, 9584.6 tps, lat 1.669 ms stddev 0.030, 0 failed
progress: 48.0 s, 9576.4 tps, lat 1.670 ms stddev 0.033, 0 failed
progress: 49.0 s, 9582.7 tps, lat 1.670 ms stddev 0.035, 0 failed
progress: 50.0 s, 9568.3 tps, lat 1.672 ms stddev 0.035, 0 failed
progress: 51.0 s, 9600.0 tps, lat 1.666 ms stddev 0.032, 0 failed
progress: 52.0 s, 9595.7 tps, lat 1.667 ms stddev 0.032, 0 failed
progress: 53.0 s, 9551.0 tps, lat 1.675 ms stddev 0.031, 0 failed
progress: 54.0 s, 9569.3 tps, lat 1.671 ms stddev 0.031, 0 failed
progress: 55.0 s, 9548.6 tps, lat 1.675 ms stddev 0.031, 0 failed
progress: 56.0 s, 9582.3 tps, lat 1.669 ms stddev 0.031, 0 failed
progress: 57.0 s, 9600.7 tps, lat 1.666 ms stddev 0.031, 0 failed
progress: 58.0 s, 9614.0 tps, lat 1.664 ms stddev 0.029, 0 failed
progress: 59.0 s, 9580.0 tps, lat 1.670 ms stddev 0.028, 0 failed
transaction type: star-1.sql
scaling factor: 1
query mode: simple
number of clients: 16
number of threads: 16
maximum number of tries: 1
duration: 60 s
number of transactions actually processed: 573648
number of failed transactions: 0 (0.000%)
latency average = 1.673 ms
latency stddev = 0.062 ms
initial connection time = 11.387 ms
tps = 9562.325031 (without initial connection time)
