pgbench (18devel, server 11.22)
progress: 1.0 s, 22992.5 tps, lat 10.494 ms stddev 16.532, 0 failed
progress: 2.0 s, 26297.0 tps, lat 9.720 ms stddev 10.559, 0 failed
progress: 3.0 s, 25814.6 tps, lat 9.939 ms stddev 10.618, 0 failed
progress: 4.0 s, 25501.2 tps, lat 10.015 ms stddev 10.656, 0 failed
progress: 5.0 s, 25771.4 tps, lat 9.967 ms stddev 10.662, 0 failed
progress: 6.0 s, 25749.6 tps, lat 9.924 ms stddev 10.427, 0 failed
progress: 7.0 s, 25515.0 tps, lat 10.044 ms stddev 10.975, 0 failed
progress: 8.0 s, 25604.0 tps, lat 9.978 ms stddev 11.402, 0 failed
progress: 9.0 s, 25509.9 tps, lat 10.030 ms stddev 11.135, 0 failed
progress: 10.0 s, 25486.1 tps, lat 10.041 ms stddev 11.277, 0 failed
progress: 11.0 s, 25582.2 tps, lat 9.992 ms stddev 11.111, 0 failed
progress: 12.0 s, 25656.8 tps, lat 9.997 ms stddev 11.301, 0 failed
progress: 13.0 s, 25587.1 tps, lat 10.008 ms stddev 11.334, 0 failed
progress: 14.0 s, 25614.2 tps, lat 10.007 ms stddev 11.236, 0 failed
progress: 15.0 s, 25656.1 tps, lat 9.964 ms stddev 11.208, 0 failed
progress: 16.0 s, 25594.5 tps, lat 10.002 ms stddev 11.366, 0 failed
progress: 17.0 s, 25628.2 tps, lat 9.974 ms stddev 11.405, 0 failed
progress: 18.0 s, 25565.0 tps, lat 10.021 ms stddev 11.297, 0 failed
progress: 19.0 s, 25588.1 tps, lat 10.015 ms stddev 11.213, 0 failed
progress: 20.0 s, 25626.9 tps, lat 9.980 ms stddev 10.923, 0 failed
progress: 21.0 s, 25641.1 tps, lat 9.985 ms stddev 11.292, 0 failed
progress: 22.0 s, 25687.5 tps, lat 9.957 ms stddev 11.403, 0 failed
progress: 23.0 s, 25602.4 tps, lat 9.997 ms stddev 11.257, 0 failed
progress: 24.0 s, 25717.4 tps, lat 9.977 ms stddev 11.433, 0 failed
progress: 25.0 s, 25720.6 tps, lat 9.953 ms stddev 11.216, 0 failed
progress: 26.0 s, 25587.8 tps, lat 9.992 ms stddev 11.181, 0 failed
progress: 27.0 s, 25557.8 tps, lat 10.008 ms stddev 11.019, 0 failed
progress: 28.0 s, 25683.4 tps, lat 9.977 ms stddev 11.450, 0 failed
progress: 29.0 s, 25610.9 tps, lat 9.995 ms stddev 11.282, 0 failed
progress: 30.0 s, 25565.1 tps, lat 10.006 ms stddev 11.173, 0 failed
progress: 31.0 s, 25675.1 tps, lat 9.991 ms stddev 11.126, 0 failed
progress: 32.0 s, 25610.9 tps, lat 9.976 ms stddev 11.069, 0 failed
progress: 33.0 s, 25674.7 tps, lat 9.974 ms stddev 11.228, 0 failed
progress: 34.0 s, 25626.2 tps, lat 9.996 ms stddev 11.462, 0 failed
progress: 35.0 s, 25644.9 tps, lat 9.968 ms stddev 11.375, 0 failed
progress: 36.0 s, 25691.4 tps, lat 9.974 ms stddev 11.366, 0 failed
progress: 37.0 s, 25613.7 tps, lat 9.988 ms stddev 10.896, 0 failed
progress: 38.0 s, 25689.9 tps, lat 9.963 ms stddev 11.232, 0 failed
progress: 39.0 s, 25724.1 tps, lat 9.970 ms stddev 11.251, 0 failed
progress: 40.0 s, 25674.7 tps, lat 9.958 ms stddev 11.317, 0 failed
progress: 41.0 s, 25646.2 tps, lat 9.996 ms stddev 11.226, 0 failed
progress: 42.0 s, 25639.9 tps, lat 9.987 ms stddev 11.234, 0 failed
progress: 43.0 s, 25652.4 tps, lat 9.969 ms stddev 11.091, 0 failed
progress: 44.0 s, 25559.8 tps, lat 10.006 ms stddev 10.926, 0 failed
progress: 45.0 s, 25650.1 tps, lat 9.986 ms stddev 11.084, 0 failed
progress: 46.0 s, 25809.9 tps, lat 9.917 ms stddev 11.348, 0 failed
progress: 47.0 s, 25621.9 tps, lat 9.979 ms stddev 11.088, 0 failed
progress: 48.0 s, 25689.0 tps, lat 9.961 ms stddev 11.232, 0 failed
progress: 49.0 s, 25625.7 tps, lat 10.013 ms stddev 11.339, 0 failed
progress: 50.0 s, 25743.5 tps, lat 9.922 ms stddev 11.145, 0 failed
progress: 51.0 s, 25656.9 tps, lat 9.996 ms stddev 11.272, 0 failed
progress: 52.0 s, 25665.0 tps, lat 9.956 ms stddev 11.473, 0 failed
progress: 53.0 s, 25644.0 tps, lat 10.005 ms stddev 10.884, 0 failed
progress: 54.0 s, 25675.1 tps, lat 9.952 ms stddev 11.049, 0 failed
progress: 55.0 s, 25697.8 tps, lat 9.964 ms stddev 11.115, 0 failed
progress: 56.0 s, 25683.0 tps, lat 9.965 ms stddev 11.338, 0 failed
progress: 57.0 s, 25794.2 tps, lat 9.930 ms stddev 11.075, 0 failed
progress: 58.0 s, 25636.9 tps, lat 9.997 ms stddev 11.133, 0 failed
progress: 59.0 s, 25648.1 tps, lat 9.968 ms stddev 11.019, 0 failed
transaction type: star-1.sql
scaling factor: 1
query mode: simple
number of clients: 256
number of threads: 256
maximum number of tries: 1
duration: 60 s
number of transactions actually processed: 1534501
number of failed transactions: 0 (0.000%)
latency average = 9.989 ms
latency stddev = 11.268 ms
initial connection time = 147.656 ms
tps = 25611.168966 (without initial connection time)
