pgbench (18devel, server 12.20)
progress: 1.0 s, 97533.7 tps, lat 0.163 ms stddev 0.650, 0 failed
progress: 2.0 s, 112936.4 tps, lat 0.142 ms stddev 0.010, 0 failed
progress: 3.0 s, 114918.6 tps, lat 0.139 ms stddev 0.018, 0 failed
progress: 4.0 s, 115688.0 tps, lat 0.138 ms stddev 0.009, 0 failed
progress: 5.0 s, 115211.8 tps, lat 0.139 ms stddev 0.012, 0 failed
progress: 6.0 s, 116576.2 tps, lat 0.137 ms stddev 0.009, 0 failed
progress: 7.0 s, 114086.2 tps, lat 0.140 ms stddev 0.010, 0 failed
progress: 8.0 s, 116131.8 tps, lat 0.138 ms stddev 0.012, 0 failed
progress: 9.0 s, 115655.4 tps, lat 0.138 ms stddev 0.010, 0 failed
progress: 10.0 s, 116210.7 tps, lat 0.138 ms stddev 0.009, 0 failed
progress: 11.0 s, 116397.9 tps, lat 0.137 ms stddev 0.010, 0 failed
progress: 12.0 s, 116312.5 tps, lat 0.137 ms stddev 0.010, 0 failed
progress: 13.0 s, 117395.8 tps, lat 0.136 ms stddev 0.009, 0 failed
progress: 14.0 s, 117955.3 tps, lat 0.136 ms stddev 0.009, 0 failed
progress: 15.0 s, 117468.3 tps, lat 0.136 ms stddev 0.009, 0 failed
progress: 16.0 s, 117690.0 tps, lat 0.136 ms stddev 0.009, 0 failed
progress: 17.0 s, 117187.6 tps, lat 0.136 ms stddev 0.016, 0 failed
progress: 18.0 s, 117569.5 tps, lat 0.136 ms stddev 0.009, 0 failed
progress: 19.0 s, 117955.2 tps, lat 0.136 ms stddev 0.009, 0 failed
progress: 20.0 s, 117907.6 tps, lat 0.136 ms stddev 0.009, 0 failed
progress: 21.0 s, 117436.2 tps, lat 0.136 ms stddev 0.011, 0 failed
progress: 22.0 s, 117512.9 tps, lat 0.136 ms stddev 0.011, 0 failed
progress: 23.0 s, 117443.9 tps, lat 0.136 ms stddev 0.009, 0 failed
progress: 24.0 s, 117831.6 tps, lat 0.136 ms stddev 0.009, 0 failed
progress: 25.0 s, 117547.7 tps, lat 0.136 ms stddev 0.009, 0 failed
progress: 26.0 s, 117556.8 tps, lat 0.136 ms stddev 0.010, 0 failed
progress: 27.0 s, 117454.7 tps, lat 0.136 ms stddev 0.009, 0 failed
progress: 28.0 s, 115901.9 tps, lat 0.138 ms stddev 0.012, 0 failed
progress: 29.0 s, 114576.8 tps, lat 0.140 ms stddev 0.011, 0 failed
progress: 30.0 s, 116144.7 tps, lat 0.138 ms stddev 0.010, 0 failed
progress: 31.0 s, 116451.0 tps, lat 0.137 ms stddev 0.012, 0 failed
progress: 32.0 s, 116526.7 tps, lat 0.137 ms stddev 0.009, 0 failed
progress: 33.0 s, 116222.5 tps, lat 0.138 ms stddev 0.009, 0 failed
progress: 34.0 s, 116028.9 tps, lat 0.138 ms stddev 0.009, 0 failed
progress: 35.0 s, 116313.0 tps, lat 0.137 ms stddev 0.009, 0 failed
progress: 36.0 s, 116127.0 tps, lat 0.138 ms stddev 0.009, 0 failed
progress: 37.0 s, 116166.9 tps, lat 0.138 ms stddev 0.012, 0 failed
progress: 38.0 s, 117881.0 tps, lat 0.136 ms stddev 0.015, 0 failed
progress: 39.0 s, 117329.9 tps, lat 0.136 ms stddev 0.008, 0 failed
progress: 40.0 s, 117290.5 tps, lat 0.136 ms stddev 0.009, 0 failed
progress: 41.0 s, 115865.1 tps, lat 0.138 ms stddev 0.013, 0 failed
progress: 42.0 s, 116116.4 tps, lat 0.138 ms stddev 0.010, 0 failed
progress: 43.0 s, 116429.4 tps, lat 0.137 ms stddev 0.009, 0 failed
progress: 44.0 s, 117362.1 tps, lat 0.136 ms stddev 0.009, 0 failed
progress: 45.0 s, 116959.6 tps, lat 0.137 ms stddev 0.009, 0 failed
progress: 46.0 s, 116749.9 tps, lat 0.137 ms stddev 0.009, 0 failed
progress: 47.0 s, 117328.5 tps, lat 0.136 ms stddev 0.009, 0 failed
progress: 48.0 s, 117512.5 tps, lat 0.136 ms stddev 0.009, 0 failed
progress: 49.0 s, 117604.4 tps, lat 0.136 ms stddev 0.009, 0 failed
progress: 50.0 s, 117595.0 tps, lat 0.136 ms stddev 0.008, 0 failed
progress: 51.0 s, 117658.9 tps, lat 0.136 ms stddev 0.009, 0 failed
progress: 52.0 s, 117678.5 tps, lat 0.136 ms stddev 0.008, 0 failed
progress: 53.0 s, 116542.1 tps, lat 0.137 ms stddev 0.012, 0 failed
progress: 54.0 s, 117084.0 tps, lat 0.137 ms stddev 0.009, 0 failed
progress: 55.0 s, 117231.0 tps, lat 0.136 ms stddev 0.009, 0 failed
progress: 56.0 s, 116456.3 tps, lat 0.137 ms stddev 0.010, 0 failed
progress: 57.0 s, 116798.4 tps, lat 0.137 ms stddev 0.009, 0 failed
progress: 58.0 s, 115906.1 tps, lat 0.138 ms stddev 0.010, 0 failed
progress: 59.0 s, 115840.2 tps, lat 0.138 ms stddev 0.010, 0 failed
transaction type: star-1.sql
scaling factor: 1
query mode: prepared
number of clients: 16
number of threads: 16
maximum number of tries: 1
duration: 60 s
number of transactions actually processed: 6980137
number of failed transactions: 0 (0.000%)
latency average = 0.137 ms
latency stddev = 0.078 ms
initial connection time = 11.788 ms
tps = 116357.788643 (without initial connection time)
