pgbench (18devel, server 12.20)
progress: 1.0 s, 28480.2 tps, lat 8.497 ms stddev 35.300, 0 failed
progress: 2.0 s, 78235.4 tps, lat 3.271 ms stddev 3.675, 0 failed
progress: 3.0 s, 78605.8 tps, lat 3.255 ms stddev 3.628, 0 failed
progress: 4.0 s, 77811.3 tps, lat 3.292 ms stddev 3.712, 0 failed
progress: 5.0 s, 78041.8 tps, lat 3.277 ms stddev 3.703, 0 failed
progress: 6.0 s, 78434.8 tps, lat 3.265 ms stddev 3.685, 0 failed
progress: 7.0 s, 79201.4 tps, lat 3.232 ms stddev 3.598, 0 failed
progress: 8.0 s, 77369.9 tps, lat 3.307 ms stddev 3.756, 0 failed
progress: 9.0 s, 77945.6 tps, lat 3.284 ms stddev 3.712, 0 failed
progress: 10.0 s, 77816.3 tps, lat 3.292 ms stddev 3.699, 0 failed
progress: 11.0 s, 78690.1 tps, lat 3.252 ms stddev 3.661, 0 failed
progress: 12.0 s, 78080.8 tps, lat 3.278 ms stddev 3.722, 0 failed
progress: 13.0 s, 77815.3 tps, lat 3.287 ms stddev 3.726, 0 failed
progress: 14.0 s, 76061.2 tps, lat 3.367 ms stddev 3.774, 0 failed
progress: 15.0 s, 79440.9 tps, lat 3.223 ms stddev 3.611, 0 failed
progress: 16.0 s, 77839.0 tps, lat 3.288 ms stddev 3.711, 0 failed
progress: 17.0 s, 78451.9 tps, lat 3.263 ms stddev 3.713, 0 failed
progress: 18.0 s, 78138.9 tps, lat 3.276 ms stddev 3.705, 0 failed
progress: 19.0 s, 79820.8 tps, lat 3.205 ms stddev 3.593, 0 failed
progress: 20.0 s, 77949.3 tps, lat 3.287 ms stddev 3.725, 0 failed
progress: 21.0 s, 77936.8 tps, lat 3.284 ms stddev 3.714, 0 failed
progress: 22.0 s, 76595.3 tps, lat 3.340 ms stddev 3.749, 0 failed
progress: 23.0 s, 78728.8 tps, lat 3.252 ms stddev 3.653, 0 failed
progress: 24.0 s, 77539.3 tps, lat 3.300 ms stddev 3.756, 0 failed
progress: 25.0 s, 77494.7 tps, lat 3.304 ms stddev 3.772, 0 failed
progress: 26.0 s, 77623.0 tps, lat 3.296 ms stddev 3.742, 0 failed
progress: 27.0 s, 79132.9 tps, lat 3.237 ms stddev 3.634, 0 failed
progress: 28.0 s, 77807.8 tps, lat 3.290 ms stddev 3.745, 0 failed
progress: 29.0 s, 77672.2 tps, lat 3.294 ms stddev 3.756, 0 failed
progress: 30.0 s, 77854.1 tps, lat 3.289 ms stddev 3.745, 0 failed
progress: 31.0 s, 77879.5 tps, lat 3.285 ms stddev 3.661, 0 failed
progress: 32.0 s, 77062.5 tps, lat 3.323 ms stddev 3.784, 0 failed
progress: 33.0 s, 78259.2 tps, lat 3.272 ms stddev 3.704, 0 failed
progress: 34.0 s, 78365.0 tps, lat 3.267 ms stddev 3.701, 0 failed
progress: 35.0 s, 79609.8 tps, lat 3.215 ms stddev 3.596, 0 failed
progress: 36.0 s, 78716.3 tps, lat 3.251 ms stddev 3.678, 0 failed
progress: 37.0 s, 77919.7 tps, lat 3.285 ms stddev 3.699, 0 failed
progress: 38.0 s, 77974.1 tps, lat 3.284 ms stddev 3.715, 0 failed
progress: 39.0 s, 79549.2 tps, lat 3.216 ms stddev 3.598, 0 failed
progress: 40.0 s, 78513.1 tps, lat 3.262 ms stddev 3.718, 0 failed
progress: 41.0 s, 78699.5 tps, lat 3.251 ms stddev 3.678, 0 failed
progress: 42.0 s, 78679.2 tps, lat 3.255 ms stddev 3.692, 0 failed
progress: 43.0 s, 79099.8 tps, lat 3.236 ms stddev 3.654, 0 failed
progress: 44.0 s, 78332.2 tps, lat 3.267 ms stddev 3.717, 0 failed
progress: 45.0 s, 78437.2 tps, lat 3.265 ms stddev 3.712, 0 failed
progress: 46.0 s, 78171.8 tps, lat 3.273 ms stddev 3.707, 0 failed
progress: 47.0 s, 79713.2 tps, lat 3.212 ms stddev 3.629, 0 failed
progress: 48.0 s, 78011.0 tps, lat 3.280 ms stddev 3.719, 0 failed
progress: 49.0 s, 77603.9 tps, lat 3.300 ms stddev 3.740, 0 failed
progress: 50.0 s, 78223.2 tps, lat 3.272 ms stddev 3.739, 0 failed
progress: 51.0 s, 79062.9 tps, lat 3.238 ms stddev 3.651, 0 failed
progress: 52.0 s, 77699.0 tps, lat 3.294 ms stddev 3.755, 0 failed
progress: 53.0 s, 78086.8 tps, lat 3.279 ms stddev 3.732, 0 failed
progress: 54.0 s, 78156.2 tps, lat 3.277 ms stddev 3.696, 0 failed
progress: 55.0 s, 79087.4 tps, lat 3.235 ms stddev 3.676, 0 failed
progress: 56.0 s, 78680.7 tps, lat 3.252 ms stddev 3.681, 0 failed
progress: 57.0 s, 78296.8 tps, lat 3.271 ms stddev 3.724, 0 failed
progress: 58.0 s, 78079.1 tps, lat 3.278 ms stddev 3.729, 0 failed
progress: 59.0 s, 79764.6 tps, lat 3.208 ms stddev 3.583, 0 failed
transaction type: star-1.sql
scaling factor: 1
query mode: prepared
number of clients: 256
number of threads: 256
maximum number of tries: 1
duration: 60 s
number of transactions actually processed: 4639512
number of failed transactions: 0 (0.000%)
latency average = 3.303 ms
latency stddev = 4.631 ms
initial connection time = 153.214 ms
tps = 77441.713640 (without initial connection time)
