pgbench (18devel, server 8.2.23)
progress: 1.0 s, 1309.9 tps, lat 116.291 ms stddev 175.191, 0 failed
progress: 2.0 s, 1934.7 tps, lat 160.861 ms stddev 256.116, 0 failed
progress: 3.0 s, 1940.1 tps, lat 138.429 ms stddev 109.984, 0 failed
progress: 4.0 s, 1851.0 tps, lat 138.081 ms stddev 51.796, 0 failed
progress: 5.0 s, 1863.1 tps, lat 138.289 ms stddev 59.520, 0 failed
progress: 6.0 s, 1874.9 tps, lat 138.538 ms stddev 40.406, 0 failed
progress: 7.0 s, 1880.8 tps, lat 135.180 ms stddev 50.619, 0 failed
progress: 8.0 s, 1880.2 tps, lat 134.730 ms stddev 43.789, 0 failed
progress: 9.0 s, 1929.2 tps, lat 132.315 ms stddev 53.433, 0 failed
progress: 10.0 s, 1911.9 tps, lat 134.937 ms stddev 55.855, 0 failed
progress: 11.0 s, 1913.0 tps, lat 134.947 ms stddev 43.008, 0 failed
progress: 12.0 s, 1901.1 tps, lat 134.884 ms stddev 42.517, 0 failed
progress: 13.0 s, 1898.6 tps, lat 133.898 ms stddev 48.673, 0 failed
progress: 14.0 s, 1920.2 tps, lat 133.923 ms stddev 59.101, 0 failed
progress: 15.0 s, 1876.1 tps, lat 134.421 ms stddev 41.013, 0 failed
progress: 16.0 s, 1943.0 tps, lat 134.914 ms stddev 40.756, 0 failed
progress: 17.0 s, 1868.9 tps, lat 134.032 ms stddev 48.793, 0 failed
progress: 18.0 s, 1924.1 tps, lat 133.179 ms stddev 55.915, 0 failed
progress: 19.0 s, 1924.1 tps, lat 132.603 ms stddev 46.803, 0 failed
progress: 20.0 s, 1870.1 tps, lat 136.761 ms stddev 48.008, 0 failed
progress: 21.0 s, 1937.0 tps, lat 134.374 ms stddev 62.530, 0 failed
progress: 22.0 s, 1902.8 tps, lat 134.577 ms stddev 37.520, 0 failed
progress: 23.0 s, 1898.2 tps, lat 133.876 ms stddev 43.881, 0 failed
progress: 24.0 s, 1891.8 tps, lat 135.688 ms stddev 42.931, 0 failed
progress: 25.0 s, 1901.0 tps, lat 135.389 ms stddev 39.205, 0 failed
progress: 26.0 s, 1869.1 tps, lat 135.219 ms stddev 56.504, 0 failed
progress: 27.0 s, 1899.7 tps, lat 136.234 ms stddev 43.441, 0 failed
progress: 28.0 s, 1882.9 tps, lat 134.743 ms stddev 40.066, 0 failed
progress: 29.0 s, 1897.1 tps, lat 134.463 ms stddev 44.486, 0 failed
progress: 30.0 s, 1865.9 tps, lat 138.291 ms stddev 44.644, 0 failed
progress: 31.0 s, 1871.9 tps, lat 135.850 ms stddev 45.066, 0 failed
progress: 32.0 s, 1873.2 tps, lat 136.438 ms stddev 40.129, 0 failed
progress: 33.0 s, 1920.0 tps, lat 130.787 ms stddev 52.009, 0 failed
progress: 34.0 s, 1863.9 tps, lat 139.059 ms stddev 72.304, 0 failed
progress: 35.0 s, 1874.1 tps, lat 137.861 ms stddev 53.019, 0 failed
progress: 36.0 s, 1902.0 tps, lat 134.494 ms stddev 57.201, 0 failed
progress: 37.0 s, 1901.0 tps, lat 135.047 ms stddev 68.502, 0 failed
progress: 38.0 s, 1867.0 tps, lat 136.057 ms stddev 74.560, 0 failed
progress: 39.0 s, 1868.9 tps, lat 138.083 ms stddev 48.687, 0 failed
progress: 40.0 s, 1894.0 tps, lat 134.908 ms stddev 47.525, 0 failed
progress: 41.0 s, 1865.1 tps, lat 138.485 ms stddev 41.238, 0 failed
progress: 42.0 s, 1867.9 tps, lat 135.374 ms stddev 47.842, 0 failed
progress: 43.0 s, 1886.1 tps, lat 136.804 ms stddev 51.844, 0 failed
progress: 44.0 s, 1900.8 tps, lat 133.979 ms stddev 45.481, 0 failed
progress: 45.0 s, 1860.1 tps, lat 137.869 ms stddev 50.223, 0 failed
progress: 46.0 s, 1914.0 tps, lat 131.248 ms stddev 56.719, 0 failed
progress: 47.0 s, 1905.8 tps, lat 137.037 ms stddev 62.460, 0 failed
progress: 48.0 s, 1901.0 tps, lat 135.241 ms stddev 51.837, 0 failed
progress: 49.0 s, 1879.0 tps, lat 133.095 ms stddev 51.123, 0 failed
progress: 50.0 s, 1878.0 tps, lat 138.610 ms stddev 53.239, 0 failed
progress: 51.0 s, 1908.1 tps, lat 132.905 ms stddev 49.550, 0 failed
progress: 52.0 s, 1885.0 tps, lat 137.987 ms stddev 45.599, 0 failed
progress: 53.0 s, 1875.9 tps, lat 134.982 ms stddev 38.049, 0 failed
progress: 54.0 s, 1905.7 tps, lat 129.828 ms stddev 57.877, 0 failed
progress: 55.0 s, 1894.5 tps, lat 138.407 ms stddev 64.832, 0 failed
progress: 56.0 s, 1912.8 tps, lat 133.696 ms stddev 64.294, 0 failed
progress: 57.0 s, 1875.1 tps, lat 139.793 ms stddev 58.403, 0 failed
progress: 58.0 s, 1873.9 tps, lat 136.164 ms stddev 44.993, 0 failed
progress: 59.0 s, 1888.2 tps, lat 135.779 ms stddev 52.215, 0 failed
transaction type: star-1.sql
scaling factor: 1
query mode: simple
number of clients: 256
number of threads: 256
maximum number of tries: 1
duration: 60 s
number of transactions actually processed: 112965
number of failed transactions: 0 (0.000%)
latency average = 135.663 ms
latency stddev = 64.974 ms
initial connection time = 182.706 ms
tps = 1885.768487 (without initial connection time)
