pgbench (18devel, server 8.2.23)
progress: 1.0 s, 1807.9 tps, lat 34.275 ms stddev 19.920, 0 failed
progress: 2.0 s, 2021.0 tps, lat 31.696 ms stddev 10.413, 0 failed
progress: 3.0 s, 1997.0 tps, lat 32.007 ms stddev 10.667, 0 failed
progress: 4.0 s, 2018.0 tps, lat 31.788 ms stddev 10.599, 0 failed
progress: 5.0 s, 1963.1 tps, lat 32.513 ms stddev 10.532, 0 failed
progress: 6.0 s, 2011.0 tps, lat 31.865 ms stddev 10.616, 0 failed
progress: 7.0 s, 2003.0 tps, lat 31.958 ms stddev 10.601, 0 failed
progress: 8.0 s, 1997.0 tps, lat 32.014 ms stddev 10.602, 0 failed
progress: 9.0 s, 2007.0 tps, lat 31.896 ms stddev 10.601, 0 failed
progress: 10.0 s, 2018.0 tps, lat 31.781 ms stddev 10.592, 0 failed
progress: 11.0 s, 2005.0 tps, lat 31.832 ms stddev 10.573, 0 failed
progress: 12.0 s, 2018.0 tps, lat 31.796 ms stddev 10.606, 0 failed
progress: 13.0 s, 2008.0 tps, lat 31.805 ms stddev 10.627, 0 failed
progress: 14.0 s, 2006.0 tps, lat 31.936 ms stddev 10.625, 0 failed
progress: 15.0 s, 2003.0 tps, lat 31.924 ms stddev 10.636, 0 failed
progress: 16.0 s, 2012.0 tps, lat 31.793 ms stddev 10.623, 0 failed
progress: 17.0 s, 2009.0 tps, lat 31.902 ms stddev 10.610, 0 failed
progress: 18.0 s, 2012.0 tps, lat 31.850 ms stddev 10.636, 0 failed
progress: 19.0 s, 2010.0 tps, lat 31.778 ms stddev 10.633, 0 failed
progress: 20.0 s, 2008.0 tps, lat 31.917 ms stddev 10.637, 0 failed
progress: 21.0 s, 1984.0 tps, lat 32.214 ms stddev 10.624, 0 failed
progress: 22.0 s, 2013.0 tps, lat 31.782 ms stddev 10.608, 0 failed
progress: 23.0 s, 2008.0 tps, lat 31.903 ms stddev 10.585, 0 failed
progress: 24.0 s, 2011.0 tps, lat 31.891 ms stddev 10.591, 0 failed
progress: 25.0 s, 2010.0 tps, lat 31.776 ms stddev 10.602, 0 failed
progress: 26.0 s, 2009.0 tps, lat 31.788 ms stddev 10.595, 0 failed
progress: 27.0 s, 2016.0 tps, lat 31.800 ms stddev 10.614, 0 failed
progress: 28.0 s, 2013.0 tps, lat 31.834 ms stddev 10.626, 0 failed
progress: 29.0 s, 2004.0 tps, lat 31.875 ms stddev 10.636, 0 failed
progress: 30.0 s, 2001.0 tps, lat 32.001 ms stddev 10.611, 0 failed
progress: 31.0 s, 2003.0 tps, lat 31.890 ms stddev 10.618, 0 failed
progress: 32.0 s, 2011.0 tps, lat 31.925 ms stddev 10.627, 0 failed
progress: 33.0 s, 2013.0 tps, lat 31.827 ms stddev 10.638, 0 failed
progress: 34.0 s, 2002.0 tps, lat 31.925 ms stddev 10.641, 0 failed
progress: 35.0 s, 2008.0 tps, lat 31.855 ms stddev 10.638, 0 failed
progress: 36.0 s, 2009.0 tps, lat 31.790 ms stddev 10.654, 0 failed
progress: 37.0 s, 2005.0 tps, lat 31.899 ms stddev 10.645, 0 failed
progress: 38.0 s, 2020.0 tps, lat 31.825 ms stddev 10.657, 0 failed
progress: 39.0 s, 2005.0 tps, lat 31.906 ms stddev 10.648, 0 failed
progress: 40.0 s, 1986.0 tps, lat 32.167 ms stddev 10.599, 0 failed
progress: 41.0 s, 2011.0 tps, lat 31.837 ms stddev 10.629, 0 failed
progress: 42.0 s, 2014.0 tps, lat 31.806 ms stddev 10.621, 0 failed
progress: 43.0 s, 2004.0 tps, lat 31.872 ms stddev 10.613, 0 failed
progress: 44.0 s, 2013.0 tps, lat 31.780 ms stddev 10.606, 0 failed
progress: 45.0 s, 2017.0 tps, lat 31.806 ms stddev 10.621, 0 failed
progress: 46.0 s, 2015.0 tps, lat 31.778 ms stddev 10.614, 0 failed
progress: 47.0 s, 2000.0 tps, lat 31.966 ms stddev 10.611, 0 failed
progress: 48.0 s, 2016.0 tps, lat 31.791 ms stddev 10.622, 0 failed
progress: 49.0 s, 2010.0 tps, lat 31.733 ms stddev 10.613, 0 failed
progress: 50.0 s, 2017.0 tps, lat 31.797 ms stddev 10.638, 0 failed
progress: 51.0 s, 2013.0 tps, lat 31.804 ms stddev 10.632, 0 failed
progress: 52.0 s, 2007.0 tps, lat 31.861 ms stddev 10.625, 0 failed
progress: 53.0 s, 2003.0 tps, lat 31.932 ms stddev 10.622, 0 failed
progress: 54.0 s, 1995.0 tps, lat 32.117 ms stddev 10.588, 0 failed
progress: 55.0 s, 2018.0 tps, lat 31.779 ms stddev 10.614, 0 failed
progress: 56.0 s, 2001.0 tps, lat 31.899 ms stddev 10.578, 0 failed
progress: 57.0 s, 1996.0 tps, lat 31.990 ms stddev 10.571, 0 failed
progress: 58.0 s, 2021.0 tps, lat 31.780 ms stddev 10.618, 0 failed
progress: 59.0 s, 1998.0 tps, lat 31.994 ms stddev 10.600, 0 failed
transaction type: star-1.sql
scaling factor: 1
query mode: simple
number of clients: 64
number of threads: 64
maximum number of tries: 1
duration: 60 s
number of transactions actually processed: 120251
number of failed transactions: 0 (0.000%)
latency average = 31.920 ms
latency stddev = 10.816 ms
initial connection time = 39.541 ms
tps = 2004.266477 (without initial connection time)
