pgbench (18devel)
progress: 1.0 s, 201700.9 tps, lat 0.157 ms stddev 0.834, 0 failed
progress: 2.0 s, 248401.2 tps, lat 0.129 ms stddev 0.011, 0 failed
progress: 3.0 s, 248634.3 tps, lat 0.129 ms stddev 0.015, 0 failed
progress: 4.0 s, 247806.0 tps, lat 0.129 ms stddev 0.014, 0 failed
progress: 5.0 s, 245812.3 tps, lat 0.130 ms stddev 0.013, 0 failed
progress: 6.0 s, 248374.5 tps, lat 0.129 ms stddev 0.013, 0 failed
progress: 7.0 s, 246826.0 tps, lat 0.129 ms stddev 0.013, 0 failed
progress: 8.0 s, 247523.5 tps, lat 0.129 ms stddev 0.014, 0 failed
progress: 9.0 s, 246687.1 tps, lat 0.130 ms stddev 0.015, 0 failed
progress: 10.0 s, 245445.8 tps, lat 0.130 ms stddev 0.016, 0 failed
progress: 11.0 s, 248525.5 tps, lat 0.129 ms stddev 0.012, 0 failed
progress: 12.0 s, 245767.8 tps, lat 0.130 ms stddev 0.016, 0 failed
progress: 13.0 s, 246743.0 tps, lat 0.130 ms stddev 0.013, 0 failed
progress: 14.0 s, 251322.3 tps, lat 0.127 ms stddev 0.009, 0 failed
progress: 15.0 s, 249110.8 tps, lat 0.128 ms stddev 0.011, 0 failed
progress: 16.0 s, 248128.2 tps, lat 0.129 ms stddev 0.012, 0 failed
progress: 17.0 s, 250387.0 tps, lat 0.128 ms stddev 0.014, 0 failed
progress: 18.0 s, 248532.8 tps, lat 0.129 ms stddev 0.013, 0 failed
progress: 19.0 s, 248811.0 tps, lat 0.128 ms stddev 0.013, 0 failed
progress: 20.0 s, 249761.0 tps, lat 0.128 ms stddev 0.012, 0 failed
progress: 21.0 s, 251985.5 tps, lat 0.127 ms stddev 0.010, 0 failed
progress: 22.0 s, 250746.7 tps, lat 0.127 ms stddev 0.014, 0 failed
progress: 23.0 s, 251714.5 tps, lat 0.127 ms stddev 0.012, 0 failed
progress: 24.0 s, 250512.3 tps, lat 0.128 ms stddev 0.011, 0 failed
progress: 25.0 s, 251284.0 tps, lat 0.127 ms stddev 0.007, 0 failed
progress: 26.0 s, 250669.0 tps, lat 0.128 ms stddev 0.012, 0 failed
progress: 27.0 s, 250490.3 tps, lat 0.128 ms stddev 0.013, 0 failed
progress: 28.0 s, 249734.0 tps, lat 0.128 ms stddev 0.012, 0 failed
progress: 29.0 s, 251380.2 tps, lat 0.127 ms stddev 0.009, 0 failed
progress: 30.0 s, 250362.3 tps, lat 0.128 ms stddev 0.011, 0 failed
progress: 31.0 s, 249854.3 tps, lat 0.128 ms stddev 0.010, 0 failed
progress: 32.0 s, 248963.8 tps, lat 0.128 ms stddev 0.013, 0 failed
progress: 33.0 s, 249662.2 tps, lat 0.128 ms stddev 0.012, 0 failed
progress: 34.0 s, 247880.0 tps, lat 0.129 ms stddev 0.014, 0 failed
progress: 35.0 s, 249871.7 tps, lat 0.128 ms stddev 0.011, 0 failed
progress: 36.0 s, 252311.5 tps, lat 0.127 ms stddev 0.007, 0 failed
progress: 37.0 s, 249650.2 tps, lat 0.128 ms stddev 0.012, 0 failed
progress: 38.0 s, 249050.5 tps, lat 0.128 ms stddev 0.011, 0 failed
progress: 39.0 s, 248491.3 tps, lat 0.129 ms stddev 0.011, 0 failed
progress: 40.0 s, 246863.7 tps, lat 0.129 ms stddev 0.015, 0 failed
progress: 41.0 s, 250387.7 tps, lat 0.128 ms stddev 0.010, 0 failed
progress: 42.0 s, 251338.2 tps, lat 0.127 ms stddev 0.009, 0 failed
progress: 43.0 s, 250675.0 tps, lat 0.128 ms stddev 0.010, 0 failed
progress: 44.0 s, 251724.8 tps, lat 0.127 ms stddev 0.010, 0 failed
progress: 45.0 s, 248913.2 tps, lat 0.128 ms stddev 0.011, 0 failed
progress: 46.0 s, 250189.0 tps, lat 0.128 ms stddev 0.011, 0 failed
progress: 47.0 s, 254591.7 tps, lat 0.126 ms stddev 0.008, 0 failed
progress: 48.0 s, 253809.8 tps, lat 0.126 ms stddev 0.009, 0 failed
progress: 49.0 s, 253554.2 tps, lat 0.126 ms stddev 0.008, 0 failed
progress: 50.0 s, 251563.5 tps, lat 0.127 ms stddev 0.010, 0 failed
progress: 51.0 s, 251785.3 tps, lat 0.127 ms stddev 0.012, 0 failed
progress: 52.0 s, 251777.4 tps, lat 0.127 ms stddev 0.010, 0 failed
progress: 53.0 s, 253616.0 tps, lat 0.126 ms stddev 0.009, 0 failed
progress: 54.0 s, 249002.7 tps, lat 0.128 ms stddev 0.012, 0 failed
progress: 55.0 s, 252672.2 tps, lat 0.127 ms stddev 0.009, 0 failed
progress: 56.0 s, 250079.5 tps, lat 0.128 ms stddev 0.009, 0 failed
progress: 57.0 s, 246538.7 tps, lat 0.130 ms stddev 0.011, 0 failed
progress: 58.0 s, 248752.8 tps, lat 0.128 ms stddev 0.012, 0 failed
progress: 59.0 s, 249074.2 tps, lat 0.128 ms stddev 0.012, 0 failed
transaction type: star-1.sql
scaling factor: 1
query mode: prepared
number of clients: 32
number of threads: 32
maximum number of tries: 1
duration: 60 s
number of transactions actually processed: 14933680
number of failed transactions: 0 (0.000%)
latency average = 0.128 ms
latency stddev = 0.098 ms
initial connection time = 9.789 ms
tps = 248932.736780 (without initial connection time)
