pgbench (18devel, server 16.4)
progress: 1.0 s, 42707.3 tps, lat 5.592 ms stddev 31.682, 0 failed
progress: 2.0 s, 201666.4 tps, lat 1.269 ms stddev 1.551, 0 failed
progress: 3.0 s, 201910.0 tps, lat 1.267 ms stddev 1.503, 0 failed
progress: 4.0 s, 202419.0 tps, lat 1.264 ms stddev 1.541, 0 failed
progress: 5.0 s, 201380.2 tps, lat 1.271 ms stddev 1.528, 0 failed
progress: 6.0 s, 203578.4 tps, lat 1.257 ms stddev 1.535, 0 failed
progress: 7.0 s, 205068.2 tps, lat 1.248 ms stddev 1.540, 0 failed
progress: 8.0 s, 203681.6 tps, lat 1.257 ms stddev 1.547, 0 failed
progress: 9.0 s, 205775.8 tps, lat 1.244 ms stddev 1.541, 0 failed
progress: 10.0 s, 206425.4 tps, lat 1.240 ms stddev 1.543, 0 failed
progress: 11.0 s, 202769.4 tps, lat 1.262 ms stddev 1.539, 0 failed
progress: 12.0 s, 206406.2 tps, lat 1.240 ms stddev 1.541, 0 failed
progress: 13.0 s, 206857.6 tps, lat 1.237 ms stddev 1.534, 0 failed
progress: 14.0 s, 206155.8 tps, lat 1.241 ms stddev 1.536, 0 failed
progress: 15.0 s, 206338.8 tps, lat 1.240 ms stddev 1.531, 0 failed
progress: 16.0 s, 205955.2 tps, lat 1.243 ms stddev 1.535, 0 failed
progress: 17.0 s, 204308.8 tps, lat 1.253 ms stddev 1.547, 0 failed
progress: 18.0 s, 206334.4 tps, lat 1.240 ms stddev 1.530, 0 failed
progress: 19.0 s, 207085.0 tps, lat 1.236 ms stddev 1.538, 0 failed
progress: 20.0 s, 206941.0 tps, lat 1.237 ms stddev 1.526, 0 failed
progress: 21.0 s, 206797.8 tps, lat 1.238 ms stddev 1.536, 0 failed
progress: 22.0 s, 206121.6 tps, lat 1.242 ms stddev 1.537, 0 failed
progress: 23.0 s, 206121.8 tps, lat 1.242 ms stddev 1.535, 0 failed
progress: 24.0 s, 207276.2 tps, lat 1.235 ms stddev 1.506, 0 failed
progress: 25.0 s, 207023.2 tps, lat 1.236 ms stddev 1.525, 0 failed
progress: 26.0 s, 207451.6 tps, lat 1.234 ms stddev 1.528, 0 failed
progress: 27.0 s, 206615.2 tps, lat 1.239 ms stddev 1.545, 0 failed
progress: 28.0 s, 206866.6 tps, lat 1.237 ms stddev 1.535, 0 failed
progress: 29.0 s, 206568.8 tps, lat 1.239 ms stddev 1.533, 0 failed
progress: 30.0 s, 207101.4 tps, lat 1.236 ms stddev 1.542, 0 failed
progress: 31.0 s, 206910.6 tps, lat 1.237 ms stddev 1.540, 0 failed
progress: 32.0 s, 207360.4 tps, lat 1.234 ms stddev 1.523, 0 failed
progress: 33.0 s, 207226.6 tps, lat 1.235 ms stddev 1.536, 0 failed
progress: 34.0 s, 206869.6 tps, lat 1.237 ms stddev 1.538, 0 failed
progress: 35.0 s, 207294.6 tps, lat 1.235 ms stddev 1.534, 0 failed
progress: 36.0 s, 206873.0 tps, lat 1.237 ms stddev 1.533, 0 failed
progress: 37.0 s, 207462.8 tps, lat 1.234 ms stddev 1.527, 0 failed
progress: 38.0 s, 207502.3 tps, lat 1.233 ms stddev 1.530, 0 failed
progress: 39.0 s, 207153.7 tps, lat 1.235 ms stddev 1.530, 0 failed
progress: 40.0 s, 207143.6 tps, lat 1.236 ms stddev 1.543, 0 failed
progress: 41.0 s, 208089.6 tps, lat 1.230 ms stddev 1.532, 0 failed
progress: 42.0 s, 206619.4 tps, lat 1.239 ms stddev 1.531, 0 failed
progress: 43.0 s, 207296.8 tps, lat 1.235 ms stddev 1.528, 0 failed
progress: 44.0 s, 207198.2 tps, lat 1.235 ms stddev 1.530, 0 failed
progress: 45.0 s, 206997.2 tps, lat 1.237 ms stddev 1.533, 0 failed
progress: 46.0 s, 207323.0 tps, lat 1.234 ms stddev 1.536, 0 failed
progress: 47.0 s, 206548.8 tps, lat 1.239 ms stddev 1.525, 0 failed
progress: 48.0 s, 206845.0 tps, lat 1.237 ms stddev 1.530, 0 failed
progress: 49.0 s, 207132.8 tps, lat 1.236 ms stddev 1.537, 0 failed
progress: 50.0 s, 207241.0 tps, lat 1.235 ms stddev 1.535, 0 failed
progress: 51.0 s, 206899.8 tps, lat 1.237 ms stddev 1.531, 0 failed
progress: 52.0 s, 206893.8 tps, lat 1.237 ms stddev 1.537, 0 failed
progress: 53.0 s, 207094.4 tps, lat 1.236 ms stddev 1.535, 0 failed
progress: 54.0 s, 207527.8 tps, lat 1.233 ms stddev 1.540, 0 failed
progress: 55.0 s, 207253.4 tps, lat 1.235 ms stddev 1.540, 0 failed
progress: 56.0 s, 207275.8 tps, lat 1.235 ms stddev 1.534, 0 failed
progress: 57.0 s, 206279.4 tps, lat 1.241 ms stddev 1.519, 0 failed
progress: 58.0 s, 206268.4 tps, lat 1.241 ms stddev 1.527, 0 failed
progress: 59.0 s, 205633.6 tps, lat 1.244 ms stddev 1.527, 0 failed
transaction type: star-1.sql
scaling factor: 1
query mode: prepared
number of clients: 256
number of threads: 256
maximum number of tries: 1
duration: 60 s
number of transactions actually processed: 12191033
number of failed transactions: 0 (0.000%)
latency average = 1.257 ms
latency stddev = 2.441 ms
initial connection time = 166.539 ms
tps = 203500.781534 (without initial connection time)
