pgbench (18devel, server 16.4)
progress: 1.0 s, 177925.8 tps, lat 0.178 ms stddev 0.726, 0 failed
progress: 2.0 s, 209983.9 tps, lat 0.152 ms stddev 0.020, 0 failed
progress: 3.0 s, 211744.5 tps, lat 0.151 ms stddev 0.019, 0 failed
progress: 4.0 s, 211943.3 tps, lat 0.151 ms stddev 0.018, 0 failed
progress: 5.0 s, 213455.0 tps, lat 0.150 ms stddev 0.018, 0 failed
progress: 6.0 s, 211422.0 tps, lat 0.151 ms stddev 0.017, 0 failed
progress: 7.0 s, 210663.2 tps, lat 0.152 ms stddev 0.019, 0 failed
progress: 8.0 s, 214958.9 tps, lat 0.149 ms stddev 0.016, 0 failed
progress: 9.0 s, 214441.1 tps, lat 0.149 ms stddev 0.015, 0 failed
progress: 10.0 s, 212353.7 tps, lat 0.150 ms stddev 0.018, 0 failed
progress: 11.0 s, 212730.8 tps, lat 0.150 ms stddev 0.020, 0 failed
progress: 12.0 s, 215699.6 tps, lat 0.148 ms stddev 0.015, 0 failed
progress: 13.0 s, 214012.9 tps, lat 0.149 ms stddev 0.015, 0 failed
progress: 14.0 s, 212639.8 tps, lat 0.150 ms stddev 0.022, 0 failed
progress: 15.0 s, 213161.5 tps, lat 0.150 ms stddev 0.019, 0 failed
progress: 16.0 s, 212229.6 tps, lat 0.151 ms stddev 0.017, 0 failed
progress: 17.0 s, 214318.0 tps, lat 0.149 ms stddev 0.017, 0 failed
progress: 18.0 s, 213500.9 tps, lat 0.150 ms stddev 0.016, 0 failed
progress: 19.0 s, 211885.9 tps, lat 0.151 ms stddev 0.019, 0 failed
progress: 20.0 s, 211586.2 tps, lat 0.151 ms stddev 0.019, 0 failed
progress: 21.0 s, 211870.0 tps, lat 0.151 ms stddev 0.020, 0 failed
progress: 22.0 s, 215346.6 tps, lat 0.148 ms stddev 0.014, 0 failed
progress: 23.0 s, 214611.2 tps, lat 0.149 ms stddev 0.015, 0 failed
progress: 24.0 s, 214400.2 tps, lat 0.149 ms stddev 0.022, 0 failed
progress: 25.0 s, 217662.1 tps, lat 0.147 ms stddev 0.019, 0 failed
progress: 26.0 s, 215286.9 tps, lat 0.148 ms stddev 0.018, 0 failed
progress: 27.0 s, 215441.8 tps, lat 0.148 ms stddev 0.014, 0 failed
progress: 28.0 s, 216661.0 tps, lat 0.147 ms stddev 0.014, 0 failed
progress: 29.0 s, 212954.1 tps, lat 0.150 ms stddev 0.023, 0 failed
progress: 30.0 s, 217209.9 tps, lat 0.147 ms stddev 0.014, 0 failed
progress: 31.0 s, 214424.7 tps, lat 0.149 ms stddev 0.016, 0 failed
progress: 32.0 s, 214121.2 tps, lat 0.149 ms stddev 0.015, 0 failed
progress: 33.0 s, 215440.1 tps, lat 0.148 ms stddev 0.016, 0 failed
progress: 34.0 s, 214369.4 tps, lat 0.149 ms stddev 0.016, 0 failed
progress: 35.0 s, 214170.9 tps, lat 0.149 ms stddev 0.015, 0 failed
progress: 36.0 s, 216321.0 tps, lat 0.148 ms stddev 0.020, 0 failed
progress: 37.0 s, 215654.7 tps, lat 0.148 ms stddev 0.020, 0 failed
progress: 38.0 s, 212151.8 tps, lat 0.151 ms stddev 0.017, 0 failed
progress: 39.0 s, 212546.5 tps, lat 0.150 ms stddev 0.017, 0 failed
progress: 40.0 s, 213767.3 tps, lat 0.149 ms stddev 0.016, 0 failed
progress: 41.0 s, 215609.1 tps, lat 0.148 ms stddev 0.014, 0 failed
progress: 42.0 s, 213636.2 tps, lat 0.150 ms stddev 0.014, 0 failed
progress: 43.0 s, 212012.5 tps, lat 0.151 ms stddev 0.017, 0 failed
progress: 44.0 s, 213671.7 tps, lat 0.150 ms stddev 0.021, 0 failed
progress: 45.0 s, 213173.2 tps, lat 0.150 ms stddev 0.017, 0 failed
progress: 46.0 s, 211894.8 tps, lat 0.151 ms stddev 0.016, 0 failed
progress: 47.0 s, 214825.7 tps, lat 0.149 ms stddev 0.014, 0 failed
progress: 48.0 s, 214018.1 tps, lat 0.149 ms stddev 0.015, 0 failed
progress: 49.0 s, 215142.2 tps, lat 0.149 ms stddev 0.015, 0 failed
progress: 50.0 s, 215973.2 tps, lat 0.148 ms stddev 0.023, 0 failed
progress: 51.0 s, 211978.7 tps, lat 0.151 ms stddev 0.017, 0 failed
progress: 52.0 s, 217071.8 tps, lat 0.147 ms stddev 0.014, 0 failed
progress: 53.0 s, 214945.1 tps, lat 0.149 ms stddev 0.019, 0 failed
progress: 54.0 s, 217229.6 tps, lat 0.147 ms stddev 0.016, 0 failed
progress: 55.0 s, 214675.4 tps, lat 0.149 ms stddev 0.018, 0 failed
progress: 56.0 s, 213600.3 tps, lat 0.150 ms stddev 0.022, 0 failed
progress: 57.0 s, 213623.9 tps, lat 0.150 ms stddev 0.016, 0 failed
progress: 58.0 s, 215693.0 tps, lat 0.148 ms stddev 0.020, 0 failed
progress: 59.0 s, 213957.8 tps, lat 0.149 ms stddev 0.020, 0 failed
transaction type: star-1.sql
scaling factor: 1
query mode: prepared
number of clients: 32
number of threads: 32
maximum number of tries: 1
duration: 60 s
number of transactions actually processed: 12801094
number of failed transactions: 0 (0.000%)
latency average = 0.150 ms
latency stddev = 0.087 ms
initial connection time = 22.492 ms
tps = 213429.336760 (without initial connection time)
