pgbench (18devel, server 17.0)
progress: 1.0 s, 8694.5 tps, lat 0.115 ms stddev 0.422, 0 failed
progress: 2.0 s, 9796.0 tps, lat 0.102 ms stddev 0.007, 0 failed
progress: 3.0 s, 9816.0 tps, lat 0.102 ms stddev 0.006, 0 failed
progress: 4.0 s, 9816.4 tps, lat 0.102 ms stddev 0.006, 0 failed
progress: 5.0 s, 10127.6 tps, lat 0.099 ms stddev 0.006, 0 failed
progress: 6.0 s, 9887.0 tps, lat 0.101 ms stddev 0.006, 0 failed
progress: 7.0 s, 9807.9 tps, lat 0.102 ms stddev 0.006, 0 failed
progress: 8.0 s, 9845.0 tps, lat 0.102 ms stddev 0.006, 0 failed
progress: 9.0 s, 9837.1 tps, lat 0.102 ms stddev 0.006, 0 failed
progress: 10.0 s, 10037.9 tps, lat 0.100 ms stddev 0.006, 0 failed
progress: 11.0 s, 9981.4 tps, lat 0.100 ms stddev 0.006, 0 failed
progress: 12.0 s, 9817.6 tps, lat 0.102 ms stddev 0.006, 0 failed
progress: 13.0 s, 9994.3 tps, lat 0.100 ms stddev 0.006, 0 failed
progress: 14.0 s, 9841.7 tps, lat 0.102 ms stddev 0.006, 0 failed
progress: 15.0 s, 9844.2 tps, lat 0.102 ms stddev 0.006, 0 failed
progress: 16.0 s, 9892.8 tps, lat 0.101 ms stddev 0.005, 0 failed
progress: 17.0 s, 9830.0 tps, lat 0.102 ms stddev 0.006, 0 failed
progress: 18.0 s, 9834.1 tps, lat 0.102 ms stddev 0.006, 0 failed
progress: 19.0 s, 9824.0 tps, lat 0.102 ms stddev 0.005, 0 failed
progress: 20.0 s, 9921.3 tps, lat 0.101 ms stddev 0.006, 0 failed
progress: 21.0 s, 10023.7 tps, lat 0.100 ms stddev 0.006, 0 failed
progress: 22.0 s, 9880.0 tps, lat 0.101 ms stddev 0.006, 0 failed
progress: 23.0 s, 10189.0 tps, lat 0.098 ms stddev 0.005, 0 failed
progress: 24.0 s, 9960.4 tps, lat 0.100 ms stddev 0.006, 0 failed
progress: 25.0 s, 10186.1 tps, lat 0.098 ms stddev 0.005, 0 failed
progress: 26.0 s, 10179.4 tps, lat 0.098 ms stddev 0.005, 0 failed
progress: 27.0 s, 9952.5 tps, lat 0.100 ms stddev 0.006, 0 failed
progress: 28.0 s, 9896.6 tps, lat 0.101 ms stddev 0.005, 0 failed
progress: 29.0 s, 10183.0 tps, lat 0.098 ms stddev 0.005, 0 failed
progress: 30.0 s, 10187.4 tps, lat 0.098 ms stddev 0.006, 0 failed
progress: 31.0 s, 10182.8 tps, lat 0.098 ms stddev 0.005, 0 failed
progress: 32.0 s, 9942.0 tps, lat 0.101 ms stddev 0.007, 0 failed
progress: 33.0 s, 9801.8 tps, lat 0.102 ms stddev 0.006, 0 failed
progress: 34.0 s, 9970.4 tps, lat 0.100 ms stddev 0.006, 0 failed
progress: 35.0 s, 9810.6 tps, lat 0.102 ms stddev 0.006, 0 failed
progress: 36.0 s, 9856.0 tps, lat 0.101 ms stddev 0.005, 0 failed
progress: 37.0 s, 10070.5 tps, lat 0.099 ms stddev 0.006, 0 failed
progress: 38.0 s, 9848.6 tps, lat 0.101 ms stddev 0.006, 0 failed
progress: 39.0 s, 9819.9 tps, lat 0.102 ms stddev 0.005, 0 failed
progress: 40.0 s, 9829.0 tps, lat 0.102 ms stddev 0.007, 0 failed
progress: 41.0 s, 10125.0 tps, lat 0.099 ms stddev 0.006, 0 failed
progress: 42.0 s, 10170.0 tps, lat 0.098 ms stddev 0.005, 0 failed
progress: 43.0 s, 10028.0 tps, lat 0.100 ms stddev 0.006, 0 failed
progress: 44.0 s, 9858.2 tps, lat 0.101 ms stddev 0.006, 0 failed
progress: 45.0 s, 10043.1 tps, lat 0.100 ms stddev 0.006, 0 failed
progress: 46.0 s, 10075.0 tps, lat 0.099 ms stddev 0.006, 0 failed
progress: 47.0 s, 10165.8 tps, lat 0.098 ms stddev 0.005, 0 failed
progress: 48.0 s, 9896.0 tps, lat 0.101 ms stddev 0.006, 0 failed
progress: 49.0 s, 10029.0 tps, lat 0.100 ms stddev 0.006, 0 failed
progress: 50.0 s, 10063.0 tps, lat 0.099 ms stddev 0.006, 0 failed
progress: 51.0 s, 10059.1 tps, lat 0.099 ms stddev 0.006, 0 failed
progress: 52.0 s, 9855.4 tps, lat 0.101 ms stddev 0.005, 0 failed
progress: 53.0 s, 9825.6 tps, lat 0.102 ms stddev 0.006, 0 failed
progress: 54.0 s, 9892.3 tps, lat 0.101 ms stddev 0.006, 0 failed
progress: 55.0 s, 9950.0 tps, lat 0.100 ms stddev 0.006, 0 failed
progress: 56.0 s, 10159.2 tps, lat 0.098 ms stddev 0.006, 0 failed
progress: 57.0 s, 9802.5 tps, lat 0.102 ms stddev 0.007, 0 failed
progress: 58.0 s, 10075.0 tps, lat 0.099 ms stddev 0.006, 0 failed
progress: 59.0 s, 10074.3 tps, lat 0.099 ms stddev 0.006, 0 failed
progress: 60.0 s, 9922.0 tps, lat 0.101 ms stddev 0.006, 0 failed
transaction type: star-1.sql
scaling factor: 1
query mode: prepared
number of clients: 1
number of threads: 1
maximum number of tries: 1
duration: 60 s
number of transactions actually processed: 596286
number of failed transactions: 0 (0.000%)
latency average = 0.101 ms
latency stddev = 0.051 ms
initial connection time = 3.232 ms
tps = 9938.622109 (without initial connection time)
