pgbench (18devel, server 17.0)
progress: 1.0 s, 99808.2 tps, lat 0.159 ms stddev 0.598, 0 failed
progress: 2.0 s, 119544.4 tps, lat 0.134 ms stddev 0.013, 0 failed
progress: 3.0 s, 120885.1 tps, lat 0.132 ms stddev 0.007, 0 failed
progress: 4.0 s, 119769.6 tps, lat 0.133 ms stddev 0.008, 0 failed
progress: 5.0 s, 120355.4 tps, lat 0.133 ms stddev 0.007, 0 failed
progress: 6.0 s, 121282.5 tps, lat 0.132 ms stddev 0.006, 0 failed
progress: 7.0 s, 121541.1 tps, lat 0.132 ms stddev 0.007, 0 failed
progress: 8.0 s, 122592.3 tps, lat 0.130 ms stddev 0.005, 0 failed
progress: 9.0 s, 121509.0 tps, lat 0.132 ms stddev 0.011, 0 failed
progress: 10.0 s, 122403.8 tps, lat 0.131 ms stddev 0.007, 0 failed
progress: 11.0 s, 122252.2 tps, lat 0.131 ms stddev 0.006, 0 failed
progress: 12.0 s, 121726.9 tps, lat 0.131 ms stddev 0.006, 0 failed
progress: 13.0 s, 121757.6 tps, lat 0.131 ms stddev 0.006, 0 failed
progress: 14.0 s, 122458.3 tps, lat 0.131 ms stddev 0.006, 0 failed
progress: 15.0 s, 122308.2 tps, lat 0.131 ms stddev 0.006, 0 failed
progress: 16.0 s, 121662.1 tps, lat 0.131 ms stddev 0.010, 0 failed
progress: 17.0 s, 121378.2 tps, lat 0.132 ms stddev 0.008, 0 failed
progress: 18.0 s, 121364.1 tps, lat 0.132 ms stddev 0.007, 0 failed
progress: 19.0 s, 121330.9 tps, lat 0.132 ms stddev 0.007, 0 failed
progress: 20.0 s, 120117.7 tps, lat 0.133 ms stddev 0.007, 0 failed
progress: 21.0 s, 119824.3 tps, lat 0.133 ms stddev 0.007, 0 failed
progress: 22.0 s, 119873.7 tps, lat 0.133 ms stddev 0.007, 0 failed
progress: 23.0 s, 121765.9 tps, lat 0.131 ms stddev 0.006, 0 failed
progress: 24.0 s, 121072.0 tps, lat 0.132 ms stddev 0.006, 0 failed
progress: 25.0 s, 120829.1 tps, lat 0.132 ms stddev 0.006, 0 failed
progress: 26.0 s, 119738.4 tps, lat 0.133 ms stddev 0.007, 0 failed
progress: 27.0 s, 120696.3 tps, lat 0.132 ms stddev 0.006, 0 failed
progress: 28.0 s, 120638.3 tps, lat 0.133 ms stddev 0.011, 0 failed
progress: 29.0 s, 121749.0 tps, lat 0.131 ms stddev 0.005, 0 failed
progress: 30.0 s, 122042.9 tps, lat 0.131 ms stddev 0.005, 0 failed
progress: 31.0 s, 121925.5 tps, lat 0.131 ms stddev 0.006, 0 failed
progress: 32.0 s, 121244.6 tps, lat 0.132 ms stddev 0.014, 0 failed
progress: 33.0 s, 122024.0 tps, lat 0.131 ms stddev 0.005, 0 failed
progress: 34.0 s, 122428.1 tps, lat 0.131 ms stddev 0.005, 0 failed
progress: 35.0 s, 122523.9 tps, lat 0.130 ms stddev 0.005, 0 failed
progress: 36.0 s, 121018.0 tps, lat 0.132 ms stddev 0.007, 0 failed
progress: 37.0 s, 120545.5 tps, lat 0.133 ms stddev 0.011, 0 failed
progress: 38.0 s, 122479.8 tps, lat 0.131 ms stddev 0.005, 0 failed
progress: 39.0 s, 121807.9 tps, lat 0.131 ms stddev 0.006, 0 failed
progress: 40.0 s, 119281.6 tps, lat 0.134 ms stddev 0.010, 0 failed
progress: 41.0 s, 120805.9 tps, lat 0.132 ms stddev 0.011, 0 failed
progress: 42.0 s, 122537.8 tps, lat 0.130 ms stddev 0.005, 0 failed
progress: 43.0 s, 122787.4 tps, lat 0.130 ms stddev 0.005, 0 failed
progress: 44.0 s, 122726.0 tps, lat 0.130 ms stddev 0.005, 0 failed
progress: 45.0 s, 122410.3 tps, lat 0.131 ms stddev 0.006, 0 failed
progress: 46.0 s, 121562.8 tps, lat 0.131 ms stddev 0.014, 0 failed
progress: 47.0 s, 120882.1 tps, lat 0.132 ms stddev 0.009, 0 failed
progress: 48.0 s, 121880.8 tps, lat 0.131 ms stddev 0.008, 0 failed
progress: 49.0 s, 122245.2 tps, lat 0.131 ms stddev 0.006, 0 failed
progress: 50.0 s, 121567.9 tps, lat 0.131 ms stddev 0.006, 0 failed
progress: 51.0 s, 119944.5 tps, lat 0.133 ms stddev 0.011, 0 failed
progress: 52.0 s, 120732.5 tps, lat 0.132 ms stddev 0.007, 0 failed
progress: 53.0 s, 121173.0 tps, lat 0.132 ms stddev 0.008, 0 failed
progress: 54.0 s, 120374.7 tps, lat 0.133 ms stddev 0.010, 0 failed
progress: 55.0 s, 122178.4 tps, lat 0.131 ms stddev 0.006, 0 failed
progress: 56.0 s, 121135.0 tps, lat 0.132 ms stddev 0.010, 0 failed
progress: 57.0 s, 122518.9 tps, lat 0.130 ms stddev 0.006, 0 failed
progress: 58.0 s, 123413.1 tps, lat 0.130 ms stddev 0.005, 0 failed
progress: 59.0 s, 123278.0 tps, lat 0.130 ms stddev 0.005, 0 failed
transaction type: star-1.sql
scaling factor: 1
query mode: prepared
number of clients: 16
number of threads: 16
maximum number of tries: 1
duration: 60 s
number of transactions actually processed: 7265912
number of failed transactions: 0 (0.000%)
latency average = 0.132 ms
latency stddev = 0.071 ms
initial connection time = 12.288 ms
tps = 121122.689235 (without initial connection time)
