pgbench (18devel, server 17.0)
progress: 1.0 s, 41970.5 tps, lat 5.702 ms stddev 31.820, 0 failed
progress: 2.0 s, 200805.4 tps, lat 1.275 ms stddev 1.545, 0 failed
progress: 3.0 s, 200061.0 tps, lat 1.279 ms stddev 1.539, 0 failed
progress: 4.0 s, 200150.2 tps, lat 1.279 ms stddev 1.560, 0 failed
progress: 5.0 s, 194903.4 tps, lat 1.313 ms stddev 1.595, 0 failed
progress: 6.0 s, 202309.2 tps, lat 1.265 ms stddev 1.540, 0 failed
progress: 7.0 s, 203699.2 tps, lat 1.256 ms stddev 1.538, 0 failed
progress: 8.0 s, 198742.6 tps, lat 1.288 ms stddev 1.574, 0 failed
progress: 9.0 s, 203935.0 tps, lat 1.255 ms stddev 1.540, 0 failed
progress: 10.0 s, 203232.2 tps, lat 1.259 ms stddev 1.551, 0 failed
progress: 11.0 s, 197856.8 tps, lat 1.294 ms stddev 1.583, 0 failed
progress: 12.0 s, 202420.8 tps, lat 1.265 ms stddev 1.558, 0 failed
progress: 13.0 s, 201473.8 tps, lat 1.270 ms stddev 1.564, 0 failed
progress: 14.0 s, 202693.4 tps, lat 1.263 ms stddev 1.563, 0 failed
progress: 15.0 s, 202556.2 tps, lat 1.263 ms stddev 1.557, 0 failed
progress: 16.0 s, 199180.8 tps, lat 1.285 ms stddev 1.585, 0 failed
progress: 17.0 s, 201555.4 tps, lat 1.270 ms stddev 1.553, 0 failed
progress: 18.0 s, 202874.8 tps, lat 1.262 ms stddev 1.555, 0 failed
progress: 19.0 s, 202873.6 tps, lat 1.262 ms stddev 1.560, 0 failed
progress: 20.0 s, 201765.8 tps, lat 1.269 ms stddev 1.542, 0 failed
progress: 21.0 s, 203646.6 tps, lat 1.257 ms stddev 1.498, 0 failed
progress: 22.0 s, 203922.0 tps, lat 1.255 ms stddev 1.499, 0 failed
progress: 23.0 s, 204932.8 tps, lat 1.249 ms stddev 1.508, 0 failed
progress: 24.0 s, 205206.6 tps, lat 1.247 ms stddev 1.511, 0 failed
progress: 25.0 s, 202787.4 tps, lat 1.262 ms stddev 1.558, 0 failed
progress: 26.0 s, 203288.2 tps, lat 1.259 ms stddev 1.552, 0 failed
progress: 27.0 s, 202756.4 tps, lat 1.262 ms stddev 1.565, 0 failed
progress: 28.0 s, 203453.8 tps, lat 1.258 ms stddev 1.558, 0 failed
progress: 29.0 s, 203673.6 tps, lat 1.257 ms stddev 1.556, 0 failed
progress: 30.0 s, 202942.2 tps, lat 1.261 ms stddev 1.556, 0 failed
progress: 31.0 s, 202637.6 tps, lat 1.263 ms stddev 1.559, 0 failed
progress: 32.0 s, 202710.8 tps, lat 1.263 ms stddev 1.539, 0 failed
progress: 33.0 s, 202142.8 tps, lat 1.267 ms stddev 1.542, 0 failed
progress: 34.0 s, 202481.6 tps, lat 1.263 ms stddev 1.531, 0 failed
progress: 35.0 s, 203139.6 tps, lat 1.260 ms stddev 1.553, 0 failed
progress: 36.0 s, 202855.6 tps, lat 1.262 ms stddev 1.556, 0 failed
progress: 37.0 s, 202505.6 tps, lat 1.264 ms stddev 1.541, 0 failed
progress: 38.0 s, 202321.0 tps, lat 1.265 ms stddev 1.560, 0 failed
progress: 39.0 s, 202629.0 tps, lat 1.263 ms stddev 1.562, 0 failed
progress: 40.0 s, 202825.6 tps, lat 1.262 ms stddev 1.563, 0 failed
progress: 41.0 s, 202104.0 tps, lat 1.266 ms stddev 1.556, 0 failed
progress: 42.0 s, 201943.6 tps, lat 1.268 ms stddev 1.559, 0 failed
progress: 43.0 s, 203416.0 tps, lat 1.258 ms stddev 1.545, 0 failed
progress: 44.0 s, 205097.8 tps, lat 1.248 ms stddev 1.537, 0 failed
progress: 45.0 s, 202450.2 tps, lat 1.264 ms stddev 1.534, 0 failed
progress: 46.0 s, 205045.6 tps, lat 1.248 ms stddev 1.521, 0 failed
progress: 47.0 s, 204644.2 tps, lat 1.251 ms stddev 1.493, 0 failed
progress: 48.0 s, 205334.2 tps, lat 1.247 ms stddev 1.505, 0 failed
progress: 49.0 s, 205408.4 tps, lat 1.246 ms stddev 1.502, 0 failed
progress: 50.0 s, 205074.6 tps, lat 1.248 ms stddev 1.513, 0 failed
progress: 51.0 s, 206422.2 tps, lat 1.240 ms stddev 1.520, 0 failed
progress: 52.0 s, 203537.0 tps, lat 1.257 ms stddev 1.517, 0 failed
progress: 53.0 s, 203407.4 tps, lat 1.258 ms stddev 1.555, 0 failed
progress: 54.0 s, 202867.4 tps, lat 1.262 ms stddev 1.564, 0 failed
progress: 55.0 s, 202919.2 tps, lat 1.261 ms stddev 1.561, 0 failed
progress: 56.0 s, 203976.6 tps, lat 1.255 ms stddev 1.543, 0 failed
progress: 57.0 s, 205221.9 tps, lat 1.247 ms stddev 1.541, 0 failed
progress: 58.0 s, 204903.0 tps, lat 1.249 ms stddev 1.549, 0 failed
progress: 59.0 s, 205624.0 tps, lat 1.245 ms stddev 1.534, 0 failed
transaction type: star-1.sql
scaling factor: 1
query mode: prepared
number of clients: 256
number of threads: 256
maximum number of tries: 1
duration: 60 s
number of transactions actually processed: 11991933
number of failed transactions: 0 (0.000%)
latency average = 1.278 ms
latency stddev = 2.453 ms
initial connection time = 161.161 ms
tps = 200187.722111 (without initial connection time)
