pgbench (18devel, server 17.0)
progress: 1.0 s, 196784.0 tps, lat 0.161 ms stddev 0.166, 0 failed
progress: 2.0 s, 208541.6 tps, lat 0.153 ms stddev 0.019, 0 failed
progress: 3.0 s, 212214.9 tps, lat 0.151 ms stddev 0.018, 0 failed
progress: 4.0 s, 210556.1 tps, lat 0.152 ms stddev 0.023, 0 failed
progress: 5.0 s, 209409.5 tps, lat 0.153 ms stddev 0.019, 0 failed
progress: 6.0 s, 209334.2 tps, lat 0.153 ms stddev 0.020, 0 failed
progress: 7.0 s, 211061.6 tps, lat 0.151 ms stddev 0.017, 0 failed
progress: 8.0 s, 211182.0 tps, lat 0.151 ms stddev 0.019, 0 failed
progress: 9.0 s, 210623.9 tps, lat 0.152 ms stddev 0.017, 0 failed
progress: 10.0 s, 212844.4 tps, lat 0.150 ms stddev 0.016, 0 failed
progress: 11.0 s, 211885.4 tps, lat 0.151 ms stddev 0.017, 0 failed
progress: 12.0 s, 209068.7 tps, lat 0.153 ms stddev 0.018, 0 failed
progress: 13.0 s, 210790.6 tps, lat 0.152 ms stddev 0.019, 0 failed
progress: 14.0 s, 210776.5 tps, lat 0.152 ms stddev 0.019, 0 failed
progress: 15.0 s, 212772.3 tps, lat 0.150 ms stddev 0.017, 0 failed
progress: 16.0 s, 211878.7 tps, lat 0.151 ms stddev 0.017, 0 failed
progress: 17.0 s, 211178.2 tps, lat 0.151 ms stddev 0.022, 0 failed
progress: 18.0 s, 212238.1 tps, lat 0.151 ms stddev 0.016, 0 failed
progress: 19.0 s, 214168.0 tps, lat 0.149 ms stddev 0.015, 0 failed
progress: 20.0 s, 214861.6 tps, lat 0.149 ms stddev 0.013, 0 failed
progress: 21.0 s, 212568.5 tps, lat 0.150 ms stddev 0.016, 0 failed
progress: 22.0 s, 213912.9 tps, lat 0.149 ms stddev 0.014, 0 failed
progress: 23.0 s, 211546.6 tps, lat 0.151 ms stddev 0.016, 0 failed
progress: 24.0 s, 213035.9 tps, lat 0.150 ms stddev 0.015, 0 failed
progress: 25.0 s, 213223.6 tps, lat 0.150 ms stddev 0.020, 0 failed
progress: 26.0 s, 214081.9 tps, lat 0.149 ms stddev 0.014, 0 failed
progress: 27.0 s, 214160.8 tps, lat 0.149 ms stddev 0.016, 0 failed
progress: 28.0 s, 212851.3 tps, lat 0.150 ms stddev 0.017, 0 failed
progress: 29.0 s, 212372.2 tps, lat 0.150 ms stddev 0.023, 0 failed
progress: 30.0 s, 213294.8 tps, lat 0.150 ms stddev 0.018, 0 failed
progress: 31.0 s, 213550.0 tps, lat 0.150 ms stddev 0.022, 0 failed
progress: 32.0 s, 213533.1 tps, lat 0.150 ms stddev 0.015, 0 failed
progress: 33.0 s, 212821.2 tps, lat 0.150 ms stddev 0.018, 0 failed
progress: 34.0 s, 211653.5 tps, lat 0.151 ms stddev 0.024, 0 failed
progress: 35.0 s, 212363.4 tps, lat 0.150 ms stddev 0.016, 0 failed
progress: 36.0 s, 212391.8 tps, lat 0.150 ms stddev 0.016, 0 failed
progress: 37.0 s, 210725.4 tps, lat 0.152 ms stddev 0.019, 0 failed
progress: 38.0 s, 211598.5 tps, lat 0.151 ms stddev 0.022, 0 failed
progress: 39.0 s, 212732.9 tps, lat 0.150 ms stddev 0.017, 0 failed
progress: 40.0 s, 211663.1 tps, lat 0.151 ms stddev 0.016, 0 failed
progress: 41.0 s, 214099.5 tps, lat 0.149 ms stddev 0.016, 0 failed
progress: 42.0 s, 213487.6 tps, lat 0.150 ms stddev 0.017, 0 failed
progress: 43.0 s, 211047.8 tps, lat 0.151 ms stddev 0.017, 0 failed
progress: 44.0 s, 211932.3 tps, lat 0.151 ms stddev 0.015, 0 failed
progress: 45.0 s, 214102.6 tps, lat 0.149 ms stddev 0.013, 0 failed
progress: 46.0 s, 210514.0 tps, lat 0.152 ms stddev 0.017, 0 failed
progress: 47.0 s, 211286.0 tps, lat 0.151 ms stddev 0.016, 0 failed
progress: 48.0 s, 212925.4 tps, lat 0.150 ms stddev 0.015, 0 failed
progress: 49.0 s, 212144.8 tps, lat 0.151 ms stddev 0.016, 0 failed
progress: 50.0 s, 212926.8 tps, lat 0.150 ms stddev 0.021, 0 failed
progress: 51.0 s, 210573.2 tps, lat 0.152 ms stddev 0.020, 0 failed
progress: 52.0 s, 213343.8 tps, lat 0.150 ms stddev 0.015, 0 failed
progress: 53.0 s, 213290.9 tps, lat 0.150 ms stddev 0.016, 0 failed
progress: 54.0 s, 214466.7 tps, lat 0.149 ms stddev 0.014, 0 failed
progress: 55.0 s, 214575.9 tps, lat 0.149 ms stddev 0.014, 0 failed
progress: 56.0 s, 213688.2 tps, lat 0.150 ms stddev 0.016, 0 failed
progress: 57.0 s, 213954.6 tps, lat 0.149 ms stddev 0.016, 0 failed
progress: 58.0 s, 212827.1 tps, lat 0.150 ms stddev 0.015, 0 failed
progress: 59.0 s, 212061.9 tps, lat 0.151 ms stddev 0.016, 0 failed
transaction type: star-1.sql
scaling factor: 1
query mode: prepared
number of clients: 32
number of threads: 32
maximum number of tries: 1
duration: 60 s
number of transactions actually processed: 12719729
number of failed transactions: 0 (0.000%)
latency average = 0.151 ms
latency stddev = 0.027 ms
initial connection time = 21.823 ms
tps = 212070.701277 (without initial connection time)
