pgbench (18devel, server 12.20)
progress: 1.0 s, 2197.8 tps, lat 55.101 ms stddev 26.667, 0 failed
progress: 2.0 s, 2391.0 tps, lat 53.438 ms stddev 18.056, 0 failed
progress: 3.0 s, 2361.0 tps, lat 54.277 ms stddev 18.712, 0 failed
progress: 4.0 s, 2312.0 tps, lat 55.376 ms stddev 18.006, 0 failed
progress: 5.0 s, 2315.0 tps, lat 55.259 ms stddev 17.459, 0 failed
progress: 6.0 s, 2318.0 tps, lat 55.028 ms stddev 18.203, 0 failed
progress: 7.0 s, 2324.0 tps, lat 55.156 ms stddev 18.317, 0 failed
progress: 8.0 s, 2325.0 tps, lat 55.184 ms stddev 17.561, 0 failed
progress: 9.0 s, 2317.0 tps, lat 55.191 ms stddev 17.711, 0 failed
progress: 10.0 s, 2319.0 tps, lat 55.182 ms stddev 16.921, 0 failed
progress: 11.0 s, 2317.0 tps, lat 55.196 ms stddev 17.884, 0 failed
progress: 12.0 s, 2324.0 tps, lat 55.295 ms stddev 18.069, 0 failed
progress: 13.0 s, 2311.0 tps, lat 55.233 ms stddev 17.433, 0 failed
progress: 14.0 s, 2316.0 tps, lat 55.112 ms stddev 18.113, 0 failed
progress: 15.0 s, 2326.0 tps, lat 55.195 ms stddev 17.603, 0 failed
progress: 16.0 s, 2316.0 tps, lat 55.093 ms stddev 17.185, 0 failed
progress: 17.0 s, 2325.0 tps, lat 55.351 ms stddev 17.381, 0 failed
progress: 18.0 s, 2323.0 tps, lat 55.202 ms stddev 17.208, 0 failed
progress: 19.0 s, 2305.0 tps, lat 55.243 ms stddev 16.660, 0 failed
progress: 20.0 s, 2315.0 tps, lat 55.289 ms stddev 17.091, 0 failed
progress: 21.0 s, 2322.0 tps, lat 55.254 ms stddev 17.949, 0 failed
progress: 22.0 s, 2314.6 tps, lat 55.293 ms stddev 17.499, 0 failed
progress: 23.0 s, 2313.4 tps, lat 55.327 ms stddev 16.483, 0 failed
progress: 24.0 s, 2312.0 tps, lat 55.226 ms stddev 16.492, 0 failed
progress: 25.0 s, 2318.0 tps, lat 55.295 ms stddev 16.913, 0 failed
progress: 26.0 s, 2306.0 tps, lat 55.290 ms stddev 17.142, 0 failed
progress: 27.0 s, 2326.0 tps, lat 55.477 ms stddev 17.345, 0 failed
progress: 28.0 s, 2303.0 tps, lat 55.314 ms stddev 16.959, 0 failed
progress: 29.0 s, 2305.0 tps, lat 55.444 ms stddev 17.417, 0 failed
progress: 30.0 s, 2303.0 tps, lat 55.650 ms stddev 17.272, 0 failed
progress: 31.0 s, 2297.0 tps, lat 55.479 ms stddev 19.528, 0 failed
progress: 32.0 s, 2314.6 tps, lat 55.413 ms stddev 18.045, 0 failed
progress: 33.0 s, 2314.4 tps, lat 55.576 ms stddev 18.163, 0 failed
progress: 34.0 s, 2304.0 tps, lat 55.560 ms stddev 17.188, 0 failed
progress: 35.0 s, 2293.0 tps, lat 55.597 ms stddev 17.488, 0 failed
progress: 36.0 s, 2303.0 tps, lat 55.654 ms stddev 17.135, 0 failed
progress: 37.0 s, 2314.0 tps, lat 55.500 ms stddev 17.087, 0 failed
progress: 38.0 s, 2296.0 tps, lat 55.508 ms stddev 17.638, 0 failed
progress: 39.0 s, 2308.0 tps, lat 55.529 ms stddev 18.112, 0 failed
progress: 40.0 s, 2305.0 tps, lat 55.564 ms stddev 17.673, 0 failed
progress: 41.0 s, 2302.0 tps, lat 55.585 ms stddev 17.333, 0 failed
progress: 42.0 s, 2309.0 tps, lat 55.489 ms stddev 18.306, 0 failed
progress: 43.0 s, 2298.9 tps, lat 55.548 ms stddev 17.803, 0 failed
progress: 44.0 s, 2304.0 tps, lat 55.640 ms stddev 17.543, 0 failed
progress: 45.0 s, 2297.0 tps, lat 55.557 ms stddev 17.830, 0 failed
progress: 46.0 s, 2302.1 tps, lat 55.614 ms stddev 17.143, 0 failed
progress: 47.0 s, 2298.0 tps, lat 55.656 ms stddev 16.840, 0 failed
progress: 48.0 s, 2296.6 tps, lat 55.598 ms stddev 17.295, 0 failed
progress: 49.0 s, 2316.4 tps, lat 55.679 ms stddev 17.944, 0 failed
progress: 50.0 s, 2297.0 tps, lat 55.612 ms stddev 17.104, 0 failed
progress: 51.0 s, 2304.0 tps, lat 55.673 ms stddev 17.542, 0 failed
progress: 52.0 s, 2296.0 tps, lat 55.561 ms stddev 17.388, 0 failed
progress: 53.0 s, 2299.0 tps, lat 55.591 ms stddev 17.446, 0 failed
progress: 54.0 s, 2303.9 tps, lat 55.614 ms stddev 18.100, 0 failed
progress: 55.0 s, 2302.0 tps, lat 55.601 ms stddev 17.217, 0 failed
progress: 56.0 s, 2307.7 tps, lat 55.621 ms stddev 17.554, 0 failed
progress: 57.0 s, 2299.4 tps, lat 55.637 ms stddev 17.271, 0 failed
progress: 58.0 s, 2293.0 tps, lat 55.636 ms stddev 16.667, 0 failed
progress: 59.0 s, 2304.0 tps, lat 55.694 ms stddev 17.352, 0 failed
transaction type: star-1.sql
scaling factor: 1
query mode: simple
number of clients: 128
number of threads: 128
maximum number of tries: 1
duration: 60 s
number of transactions actually processed: 138572
number of failed transactions: 0 (0.000%)
latency average = 55.373 ms
latency stddev = 17.719 ms
initial connection time = 75.699 ms
tps = 2310.782542 (without initial connection time)
