pgbench (18devel, server 9.0.23)
progress: 1.0 s, 2360.0 tps, lat 82.833 ms stddev 137.599, 0 failed
progress: 2.0 s, 3728.2 tps, lat 79.857 ms stddev 114.564, 0 failed
progress: 3.0 s, 3503.2 tps, lat 70.713 ms stddev 56.607, 0 failed
progress: 4.0 s, 3631.8 tps, lat 70.156 ms stddev 57.314, 0 failed
progress: 5.0 s, 3469.8 tps, lat 74.314 ms stddev 60.795, 0 failed
progress: 6.0 s, 3528.4 tps, lat 72.316 ms stddev 57.548, 0 failed
progress: 7.0 s, 3704.3 tps, lat 68.939 ms stddev 56.871, 0 failed
progress: 8.0 s, 3759.3 tps, lat 67.816 ms stddev 57.850, 0 failed
progress: 9.0 s, 3757.9 tps, lat 68.658 ms stddev 56.222, 0 failed
progress: 10.0 s, 3484.4 tps, lat 73.748 ms stddev 60.021, 0 failed
progress: 11.0 s, 3896.4 tps, lat 65.382 ms stddev 54.403, 0 failed
progress: 12.0 s, 3654.2 tps, lat 70.119 ms stddev 57.961, 0 failed
progress: 13.0 s, 3654.3 tps, lat 70.242 ms stddev 59.426, 0 failed
progress: 14.0 s, 3763.9 tps, lat 67.997 ms stddev 56.315, 0 failed
progress: 15.0 s, 3575.6 tps, lat 71.773 ms stddev 60.062, 0 failed
progress: 16.0 s, 3550.4 tps, lat 72.127 ms stddev 59.698, 0 failed
progress: 17.0 s, 3475.7 tps, lat 73.689 ms stddev 60.235, 0 failed
progress: 18.0 s, 3791.1 tps, lat 67.203 ms stddev 57.770, 0 failed
progress: 19.0 s, 3516.1 tps, lat 72.844 ms stddev 60.156, 0 failed
progress: 20.0 s, 3687.7 tps, lat 68.959 ms stddev 58.371, 0 failed
progress: 21.0 s, 4321.2 tps, lat 62.077 ms stddev 56.496, 0 failed
progress: 22.0 s, 3655.9 tps, lat 67.207 ms stddev 56.933, 0 failed
progress: 23.0 s, 3810.7 tps, lat 66.942 ms stddev 57.409, 0 failed
progress: 24.0 s, 3704.2 tps, lat 69.594 ms stddev 56.699, 0 failed
progress: 25.0 s, 3511.7 tps, lat 72.445 ms stddev 58.687, 0 failed
progress: 26.0 s, 3679.6 tps, lat 69.484 ms stddev 57.404, 0 failed
progress: 27.0 s, 3600.7 tps, lat 70.786 ms stddev 58.841, 0 failed
progress: 28.0 s, 3557.1 tps, lat 72.333 ms stddev 60.317, 0 failed
progress: 29.0 s, 3639.1 tps, lat 70.673 ms stddev 57.628, 0 failed
progress: 30.0 s, 3649.0 tps, lat 69.699 ms stddev 56.171, 0 failed
progress: 31.0 s, 3509.1 tps, lat 73.154 ms stddev 60.171, 0 failed
progress: 32.0 s, 3622.2 tps, lat 70.535 ms stddev 58.222, 0 failed
progress: 33.0 s, 3600.8 tps, lat 71.058 ms stddev 58.867, 0 failed
progress: 34.0 s, 3635.7 tps, lat 70.757 ms stddev 57.648, 0 failed
progress: 35.0 s, 3546.9 tps, lat 71.909 ms stddev 60.302, 0 failed
progress: 36.0 s, 3514.1 tps, lat 72.745 ms stddev 61.041, 0 failed
progress: 37.0 s, 3792.5 tps, lat 67.943 ms stddev 55.639, 0 failed
progress: 38.0 s, 3535.9 tps, lat 72.432 ms stddev 59.515, 0 failed
progress: 39.0 s, 3581.1 tps, lat 71.119 ms stddev 59.177, 0 failed
progress: 40.0 s, 3526.8 tps, lat 72.650 ms stddev 61.292, 0 failed
progress: 41.0 s, 3587.4 tps, lat 70.881 ms stddev 59.842, 0 failed
progress: 42.0 s, 3517.7 tps, lat 73.272 ms stddev 60.374, 0 failed
progress: 43.0 s, 4058.4 tps, lat 63.375 ms stddev 53.479, 0 failed
progress: 44.0 s, 3552.4 tps, lat 71.248 ms stddev 57.863, 0 failed
progress: 45.0 s, 3457.7 tps, lat 74.339 ms stddev 61.039, 0 failed
progress: 46.0 s, 3583.5 tps, lat 71.327 ms stddev 59.640, 0 failed
progress: 47.0 s, 4085.5 tps, lat 64.023 ms stddev 54.742, 0 failed
progress: 48.0 s, 3515.9 tps, lat 71.570 ms stddev 58.465, 0 failed
progress: 49.0 s, 3693.7 tps, lat 70.580 ms stddev 58.128, 0 failed
progress: 50.0 s, 3586.1 tps, lat 69.795 ms stddev 57.827, 0 failed
progress: 51.0 s, 3609.7 tps, lat 71.309 ms stddev 59.900, 0 failed
progress: 52.0 s, 3848.1 tps, lat 66.269 ms stddev 56.149, 0 failed
progress: 53.0 s, 3610.8 tps, lat 71.439 ms stddev 58.397, 0 failed
progress: 54.0 s, 4007.5 tps, lat 65.079 ms stddev 54.123, 0 failed
progress: 55.0 s, 4022.9 tps, lat 61.761 ms stddev 54.126, 0 failed
progress: 56.0 s, 4048.7 tps, lat 63.549 ms stddev 56.135, 0 failed
progress: 57.0 s, 3526.7 tps, lat 72.588 ms stddev 58.856, 0 failed
progress: 58.0 s, 3632.5 tps, lat 70.738 ms stddev 57.300, 0 failed
progress: 59.0 s, 4164.3 tps, lat 60.855 ms stddev 52.182, 0 failed
transaction type: star-1.sql
scaling factor: 1
query mode: simple
number of clients: 256
number of threads: 256
maximum number of tries: 1
duration: 60 s
number of transactions actually processed: 219167
number of failed transactions: 0 (0.000%)
latency average = 69.924 ms
latency stddev = 60.812 ms
initial connection time = 147.844 ms
tps = 3660.204092 (without initial connection time)
