pgbench (18devel, server 8.2.23)
progress: 1.0 s, 8542.5 tps, lat 0.117 ms stddev 0.031, 0 failed
progress: 2.0 s, 8755.3 tps, lat 0.114 ms stddev 0.007, 0 failed
progress: 3.0 s, 8791.6 tps, lat 0.114 ms stddev 0.007, 0 failed
progress: 4.0 s, 9043.0 tps, lat 0.111 ms stddev 0.007, 0 failed
progress: 5.0 s, 8949.1 tps, lat 0.112 ms stddev 0.007, 0 failed
progress: 6.0 s, 8864.9 tps, lat 0.113 ms stddev 0.007, 0 failed
progress: 7.0 s, 8902.2 tps, lat 0.112 ms stddev 0.007, 0 failed
progress: 8.0 s, 8937.8 tps, lat 0.112 ms stddev 0.007, 0 failed
progress: 9.0 s, 8940.0 tps, lat 0.112 ms stddev 0.007, 0 failed
progress: 10.0 s, 8867.4 tps, lat 0.113 ms stddev 0.009, 0 failed
progress: 11.0 s, 8772.6 tps, lat 0.114 ms stddev 0.012, 0 failed
progress: 12.0 s, 8997.1 tps, lat 0.111 ms stddev 0.007, 0 failed
progress: 13.0 s, 8984.8 tps, lat 0.111 ms stddev 0.006, 0 failed
progress: 14.0 s, 8979.5 tps, lat 0.111 ms stddev 0.006, 0 failed
progress: 15.0 s, 8978.9 tps, lat 0.111 ms stddev 0.006, 0 failed
progress: 16.0 s, 9118.9 tps, lat 0.110 ms stddev 0.006, 0 failed
progress: 17.0 s, 8980.8 tps, lat 0.111 ms stddev 0.006, 0 failed
progress: 18.0 s, 8998.0 tps, lat 0.111 ms stddev 0.006, 0 failed
progress: 19.0 s, 9017.1 tps, lat 0.111 ms stddev 0.006, 0 failed
progress: 20.0 s, 9022.2 tps, lat 0.111 ms stddev 0.007, 0 failed
progress: 21.0 s, 8859.8 tps, lat 0.113 ms stddev 0.011, 0 failed
progress: 22.0 s, 9003.0 tps, lat 0.111 ms stddev 0.008, 0 failed
progress: 23.0 s, 9021.0 tps, lat 0.111 ms stddev 0.007, 0 failed
progress: 24.0 s, 9034.3 tps, lat 0.111 ms stddev 0.009, 0 failed
progress: 25.0 s, 9028.7 tps, lat 0.111 ms stddev 0.006, 0 failed
progress: 26.0 s, 9034.9 tps, lat 0.111 ms stddev 0.006, 0 failed
progress: 27.0 s, 9047.9 tps, lat 0.110 ms stddev 0.006, 0 failed
progress: 28.0 s, 8996.2 tps, lat 0.111 ms stddev 0.008, 0 failed
progress: 29.0 s, 9010.9 tps, lat 0.111 ms stddev 0.006, 0 failed
progress: 30.0 s, 9076.0 tps, lat 0.110 ms stddev 0.008, 0 failed
progress: 31.0 s, 9001.3 tps, lat 0.111 ms stddev 0.007, 0 failed
progress: 32.0 s, 9107.7 tps, lat 0.110 ms stddev 0.006, 0 failed
progress: 33.0 s, 9013.1 tps, lat 0.111 ms stddev 0.006, 0 failed
progress: 34.0 s, 9044.9 tps, lat 0.110 ms stddev 0.007, 0 failed
progress: 35.0 s, 9041.2 tps, lat 0.111 ms stddev 0.006, 0 failed
progress: 36.0 s, 9116.2 tps, lat 0.110 ms stddev 0.006, 0 failed
progress: 37.0 s, 9004.6 tps, lat 0.111 ms stddev 0.009, 0 failed
progress: 38.0 s, 9000.4 tps, lat 0.111 ms stddev 0.007, 0 failed
progress: 39.0 s, 9000.0 tps, lat 0.111 ms stddev 0.006, 0 failed
progress: 40.0 s, 9138.6 tps, lat 0.109 ms stddev 0.007, 0 failed
progress: 41.0 s, 8986.3 tps, lat 0.111 ms stddev 0.008, 0 failed
progress: 42.0 s, 9024.7 tps, lat 0.111 ms stddev 0.006, 0 failed
progress: 43.0 s, 9079.3 tps, lat 0.110 ms stddev 0.007, 0 failed
progress: 44.0 s, 9145.7 tps, lat 0.109 ms stddev 0.007, 0 failed
progress: 45.0 s, 8947.0 tps, lat 0.112 ms stddev 0.009, 0 failed
progress: 46.0 s, 8937.0 tps, lat 0.112 ms stddev 0.009, 0 failed
progress: 47.0 s, 9015.0 tps, lat 0.111 ms stddev 0.006, 0 failed
progress: 48.0 s, 9015.2 tps, lat 0.111 ms stddev 0.008, 0 failed
progress: 49.0 s, 9020.8 tps, lat 0.111 ms stddev 0.006, 0 failed
progress: 50.0 s, 9044.0 tps, lat 0.110 ms stddev 0.006, 0 failed
progress: 51.0 s, 9033.0 tps, lat 0.111 ms stddev 0.006, 0 failed
progress: 52.0 s, 9062.0 tps, lat 0.110 ms stddev 0.007, 0 failed
progress: 53.0 s, 9015.4 tps, lat 0.111 ms stddev 0.006, 0 failed
progress: 54.0 s, 9021.0 tps, lat 0.111 ms stddev 0.009, 0 failed
progress: 55.0 s, 9009.6 tps, lat 0.111 ms stddev 0.008, 0 failed
progress: 56.0 s, 9052.4 tps, lat 0.110 ms stddev 0.006, 0 failed
progress: 57.0 s, 9046.6 tps, lat 0.110 ms stddev 0.006, 0 failed
progress: 58.0 s, 9048.1 tps, lat 0.110 ms stddev 0.006, 0 failed
progress: 59.0 s, 9052.0 tps, lat 0.110 ms stddev 0.007, 0 failed
progress: 60.0 s, 9192.0 tps, lat 0.109 ms stddev 0.006, 0 failed
transaction type: star-1.sql
scaling factor: 1
query mode: prepared
number of clients: 1
number of threads: 1
maximum number of tries: 1
duration: 60 s
number of transactions actually processed: 539773
number of failed transactions: 0 (0.000%)
latency average = 0.111 ms
latency stddev = 0.008 ms
initial connection time = 1.626 ms
tps = 8996.446226 (without initial connection time)
