pgbench (18devel, server 8.2.23)
progress: 1.0 s, 6148.4 tps, lat 20.103 ms stddev 25.194, 0 failed
progress: 2.0 s, 13232.4 tps, lat 9.751 ms stddev 9.659, 0 failed
progress: 3.0 s, 7228.8 tps, lat 17.543 ms stddev 8.823, 0 failed
progress: 4.0 s, 35744.9 tps, lat 3.612 ms stddev 4.474, 0 failed
progress: 5.0 s, 44044.0 tps, lat 2.906 ms stddev 2.643, 0 failed
progress: 6.0 s, 44352.0 tps, lat 2.887 ms stddev 2.571, 0 failed
progress: 7.0 s, 32907.0 tps, lat 3.890 ms stddev 5.004, 0 failed
progress: 8.0 s, 28015.1 tps, lat 4.566 ms stddev 6.010, 0 failed
progress: 9.0 s, 32132.9 tps, lat 3.983 ms stddev 5.174, 0 failed
progress: 10.0 s, 44414.4 tps, lat 2.882 ms stddev 2.586, 0 failed
progress: 11.0 s, 33175.3 tps, lat 3.858 ms stddev 4.921, 0 failed
progress: 12.0 s, 21553.3 tps, lat 5.883 ms stddev 7.569, 0 failed
progress: 13.0 s, 18571.3 tps, lat 6.892 ms stddev 8.293, 0 failed
progress: 14.0 s, 6638.7 tps, lat 19.268 ms stddev 7.880, 0 failed
progress: 15.0 s, 20932.6 tps, lat 6.130 ms stddev 7.773, 0 failed
progress: 16.0 s, 6633.7 tps, lat 19.279 ms stddev 7.780, 0 failed
progress: 17.0 s, 11101.0 tps, lat 11.619 ms stddev 10.123, 0 failed
progress: 18.0 s, 44272.9 tps, lat 2.891 ms stddev 2.608, 0 failed
progress: 19.0 s, 42103.5 tps, lat 3.014 ms stddev 3.039, 0 failed
progress: 20.0 s, 28170.0 tps, lat 4.580 ms stddev 6.166, 0 failed
progress: 21.0 s, 44915.1 tps, lat 2.851 ms stddev 2.596, 0 failed
progress: 22.0 s, 36514.0 tps, lat 3.505 ms stddev 4.246, 0 failed
progress: 23.0 s, 34121.2 tps, lat 3.718 ms stddev 4.700, 0 failed
progress: 24.0 s, 32600.8 tps, lat 3.960 ms stddev 5.134, 0 failed
progress: 25.0 s, 44814.0 tps, lat 2.856 ms stddev 2.609, 0 failed
progress: 26.0 s, 38386.0 tps, lat 3.333 ms stddev 3.962, 0 failed
progress: 27.0 s, 30307.9 tps, lat 4.190 ms stddev 5.526, 0 failed
progress: 28.0 s, 38086.9 tps, lat 3.360 ms stddev 4.029, 0 failed
progress: 29.0 s, 6670.8 tps, lat 19.181 ms stddev 7.724, 0 failed
progress: 30.0 s, 21715.0 tps, lat 5.945 ms stddev 7.568, 0 failed
progress: 31.0 s, 40580.1 tps, lat 3.125 ms stddev 3.416, 0 failed
progress: 32.0 s, 24000.1 tps, lat 5.382 ms stddev 7.014, 0 failed
progress: 33.0 s, 33692.3 tps, lat 3.763 ms stddev 4.859, 0 failed
progress: 34.0 s, 6630.8 tps, lat 19.297 ms stddev 7.777, 0 failed
progress: 35.0 s, 15184.6 tps, lat 8.430 ms stddev 9.217, 0 failed
progress: 36.0 s, 18396.9 tps, lat 7.021 ms stddev 8.436, 0 failed
progress: 37.0 s, 44588.9 tps, lat 2.869 ms stddev 2.675, 0 failed
progress: 38.0 s, 44747.3 tps, lat 2.861 ms stddev 2.626, 0 failed
progress: 39.0 s, 19927.0 tps, lat 6.370 ms stddev 7.909, 0 failed
progress: 40.0 s, 28008.3 tps, lat 4.570 ms stddev 6.108, 0 failed
progress: 41.0 s, 10544.4 tps, lat 12.240 ms stddev 10.071, 0 failed
progress: 42.0 s, 44177.1 tps, lat 2.897 ms stddev 2.657, 0 failed
progress: 43.0 s, 45096.0 tps, lat 2.839 ms stddev 2.486, 0 failed
progress: 44.0 s, 22404.6 tps, lat 5.673 ms stddev 7.290, 0 failed
progress: 45.0 s, 36842.5 tps, lat 3.471 ms stddev 4.183, 0 failed
progress: 46.0 s, 34611.0 tps, lat 3.691 ms stddev 4.695, 0 failed
progress: 47.0 s, 24242.6 tps, lat 5.278 ms stddev 6.912, 0 failed
progress: 48.0 s, 13920.1 tps, lat 9.278 ms stddev 9.577, 0 failed
progress: 49.0 s, 44924.0 tps, lat 2.849 ms stddev 2.600, 0 failed
progress: 50.0 s, 45019.1 tps, lat 2.842 ms stddev 2.607, 0 failed
progress: 51.0 s, 18896.4 tps, lat 6.703 ms stddev 8.206, 0 failed
progress: 52.0 s, 19959.2 tps, lat 6.429 ms stddev 7.951, 0 failed
progress: 53.0 s, 32774.8 tps, lat 3.936 ms stddev 5.143, 0 failed
progress: 54.0 s, 12856.4 tps, lat 9.872 ms stddev 9.783, 0 failed
progress: 55.0 s, 9225.5 tps, lat 13.860 ms stddev 9.783, 0 failed
progress: 56.0 s, 9728.1 tps, lat 13.284 ms stddev 10.214, 0 failed
progress: 57.0 s, 44751.9 tps, lat 2.861 ms stddev 2.643, 0 failed
progress: 58.0 s, 42271.0 tps, lat 3.026 ms stddev 3.151, 0 failed
progress: 59.0 s, 35855.6 tps, lat 3.538 ms stddev 4.442, 0 failed
transaction type: star-1.sql
scaling factor: 1
query mode: prepared
number of clients: 128
number of threads: 128
maximum number of tries: 1
duration: 60 s
number of transactions actually processed: 1691024
number of failed transactions: 0 (0.000%)
latency average = 4.536 ms
latency stddev = 6.216 ms
initial connection time = 75.869 ms
tps = 28208.039731 (without initial connection time)
