pgbench (18devel, server 8.2.23)
progress: 1.0 s, 47433.3 tps, lat 0.335 ms stddev 0.271, 0 failed
progress: 2.0 s, 50303.8 tps, lat 0.318 ms stddev 0.095, 0 failed
progress: 3.0 s, 50483.2 tps, lat 0.317 ms stddev 0.070, 0 failed
progress: 4.0 s, 50159.9 tps, lat 0.319 ms stddev 0.062, 0 failed
progress: 5.0 s, 50331.1 tps, lat 0.318 ms stddev 0.065, 0 failed
progress: 6.0 s, 48952.0 tps, lat 0.327 ms stddev 0.111, 0 failed
progress: 7.0 s, 48443.0 tps, lat 0.330 ms stddev 0.149, 0 failed
progress: 8.0 s, 49695.0 tps, lat 0.322 ms stddev 0.091, 0 failed
progress: 9.0 s, 49806.0 tps, lat 0.321 ms stddev 0.103, 0 failed
progress: 10.0 s, 50610.9 tps, lat 0.316 ms stddev 0.070, 0 failed
progress: 11.0 s, 50599.1 tps, lat 0.316 ms stddev 0.065, 0 failed
progress: 12.0 s, 49635.7 tps, lat 0.322 ms stddev 0.074, 0 failed
progress: 13.0 s, 50070.3 tps, lat 0.319 ms stddev 0.069, 0 failed
progress: 14.0 s, 50294.1 tps, lat 0.318 ms stddev 0.070, 0 failed
progress: 15.0 s, 49988.6 tps, lat 0.320 ms stddev 0.085, 0 failed
progress: 16.0 s, 50416.4 tps, lat 0.317 ms stddev 0.065, 0 failed
progress: 17.0 s, 50929.9 tps, lat 0.314 ms stddev 0.065, 0 failed
progress: 18.0 s, 50838.0 tps, lat 0.314 ms stddev 0.065, 0 failed
progress: 19.0 s, 50945.1 tps, lat 0.314 ms stddev 0.064, 0 failed
progress: 20.0 s, 51006.0 tps, lat 0.313 ms stddev 0.069, 0 failed
progress: 21.0 s, 50840.9 tps, lat 0.314 ms stddev 0.071, 0 failed
progress: 22.0 s, 50532.9 tps, lat 0.316 ms stddev 0.064, 0 failed
progress: 23.0 s, 50132.1 tps, lat 0.319 ms stddev 0.066, 0 failed
progress: 24.0 s, 50099.6 tps, lat 0.319 ms stddev 0.063, 0 failed
progress: 25.0 s, 50270.4 tps, lat 0.318 ms stddev 0.066, 0 failed
progress: 26.0 s, 50068.8 tps, lat 0.319 ms stddev 0.065, 0 failed
progress: 27.0 s, 50177.3 tps, lat 0.319 ms stddev 0.066, 0 failed
progress: 28.0 s, 50401.9 tps, lat 0.317 ms stddev 0.088, 0 failed
progress: 29.0 s, 50731.1 tps, lat 0.315 ms stddev 0.085, 0 failed
progress: 30.0 s, 51266.2 tps, lat 0.312 ms stddev 0.072, 0 failed
progress: 31.0 s, 50382.9 tps, lat 0.317 ms stddev 0.074, 0 failed
progress: 32.0 s, 50327.7 tps, lat 0.318 ms stddev 0.070, 0 failed
progress: 33.0 s, 50294.3 tps, lat 0.318 ms stddev 0.085, 0 failed
progress: 34.0 s, 50907.2 tps, lat 0.314 ms stddev 0.078, 0 failed
progress: 35.0 s, 50875.8 tps, lat 0.314 ms stddev 0.072, 0 failed
progress: 36.0 s, 50917.9 tps, lat 0.314 ms stddev 0.066, 0 failed
progress: 37.0 s, 51174.1 tps, lat 0.312 ms stddev 0.061, 0 failed
progress: 38.0 s, 50901.0 tps, lat 0.314 ms stddev 0.067, 0 failed
progress: 39.0 s, 50594.0 tps, lat 0.316 ms stddev 0.076, 0 failed
progress: 40.0 s, 49855.7 tps, lat 0.321 ms stddev 0.090, 0 failed
progress: 41.0 s, 49748.2 tps, lat 0.321 ms stddev 0.099, 0 failed
progress: 42.0 s, 49756.0 tps, lat 0.321 ms stddev 0.096, 0 failed
progress: 43.0 s, 50347.1 tps, lat 0.318 ms stddev 0.067, 0 failed
progress: 44.0 s, 50748.9 tps, lat 0.315 ms stddev 0.073, 0 failed
progress: 45.0 s, 50974.1 tps, lat 0.314 ms stddev 0.062, 0 failed
progress: 46.0 s, 42884.0 tps, lat 0.373 ms stddev 0.266, 0 failed
progress: 47.0 s, 41929.9 tps, lat 0.382 ms stddev 0.277, 0 failed
progress: 48.0 s, 46665.2 tps, lat 0.343 ms stddev 0.217, 0 failed
progress: 49.0 s, 50879.4 tps, lat 0.314 ms stddev 0.089, 0 failed
progress: 50.0 s, 50202.2 tps, lat 0.318 ms stddev 0.063, 0 failed
progress: 51.0 s, 50125.2 tps, lat 0.319 ms stddev 0.064, 0 failed
progress: 52.0 s, 50160.8 tps, lat 0.319 ms stddev 0.061, 0 failed
progress: 53.0 s, 50124.1 tps, lat 0.319 ms stddev 0.060, 0 failed
progress: 54.0 s, 50598.1 tps, lat 0.316 ms stddev 0.104, 0 failed
progress: 55.0 s, 51249.6 tps, lat 0.312 ms stddev 0.061, 0 failed
progress: 56.0 s, 50813.5 tps, lat 0.315 ms stddev 0.086, 0 failed
progress: 57.0 s, 50648.8 tps, lat 0.316 ms stddev 0.091, 0 failed
progress: 58.0 s, 50703.1 tps, lat 0.315 ms stddev 0.083, 0 failed
progress: 59.0 s, 51034.1 tps, lat 0.313 ms stddev 0.071, 0 failed
transaction type: star-1.sql
scaling factor: 1
query mode: prepared
number of clients: 16
number of threads: 16
maximum number of tries: 1
duration: 60 s
number of transactions actually processed: 3000987
number of failed transactions: 0 (0.000%)
latency average = 0.320 ms
latency stddev = 0.099 ms
initial connection time = 10.535 ms
tps = 50024.769119 (without initial connection time)
