pgbench (18devel, server 8.4.22)
progress: 1.0 s, 39370.8 tps, lat 0.404 ms stddev 0.295, 0 failed
progress: 2.0 s, 39921.0 tps, lat 0.400 ms stddev 0.092, 0 failed
progress: 3.0 s, 40093.0 tps, lat 0.399 ms stddev 0.113, 0 failed
progress: 4.0 s, 38884.0 tps, lat 0.411 ms stddev 0.139, 0 failed
progress: 5.0 s, 39913.0 tps, lat 0.401 ms stddev 0.117, 0 failed
progress: 6.0 s, 40556.0 tps, lat 0.394 ms stddev 0.100, 0 failed
progress: 7.0 s, 39949.0 tps, lat 0.400 ms stddev 0.102, 0 failed
progress: 8.0 s, 40311.8 tps, lat 0.397 ms stddev 0.089, 0 failed
progress: 9.0 s, 40552.2 tps, lat 0.394 ms stddev 0.091, 0 failed
progress: 10.0 s, 39571.0 tps, lat 0.404 ms stddev 0.106, 0 failed
progress: 11.0 s, 39465.0 tps, lat 0.405 ms stddev 0.094, 0 failed
progress: 12.0 s, 38937.9 tps, lat 0.411 ms stddev 0.100, 0 failed
progress: 13.0 s, 38724.0 tps, lat 0.413 ms stddev 0.129, 0 failed
progress: 14.0 s, 38601.7 tps, lat 0.414 ms stddev 0.111, 0 failed
progress: 15.0 s, 38794.4 tps, lat 0.412 ms stddev 0.100, 0 failed
progress: 16.0 s, 39118.1 tps, lat 0.409 ms stddev 0.092, 0 failed
progress: 17.0 s, 39235.8 tps, lat 0.407 ms stddev 0.099, 0 failed
progress: 18.0 s, 38677.5 tps, lat 0.413 ms stddev 0.101, 0 failed
progress: 19.0 s, 38840.5 tps, lat 0.412 ms stddev 0.108, 0 failed
progress: 20.0 s, 38712.0 tps, lat 0.413 ms stddev 0.093, 0 failed
progress: 21.0 s, 38905.0 tps, lat 0.411 ms stddev 0.100, 0 failed
progress: 22.0 s, 39266.0 tps, lat 0.407 ms stddev 0.096, 0 failed
progress: 23.0 s, 38850.7 tps, lat 0.411 ms stddev 0.102, 0 failed
progress: 24.0 s, 38589.8 tps, lat 0.414 ms stddev 0.108, 0 failed
progress: 25.0 s, 38875.9 tps, lat 0.411 ms stddev 0.105, 0 failed
progress: 26.0 s, 38769.5 tps, lat 0.412 ms stddev 0.103, 0 failed
progress: 27.0 s, 39197.7 tps, lat 0.408 ms stddev 0.098, 0 failed
progress: 28.0 s, 38831.3 tps, lat 0.412 ms stddev 0.106, 0 failed
progress: 29.0 s, 38917.0 tps, lat 0.411 ms stddev 0.100, 0 failed
progress: 30.0 s, 39051.1 tps, lat 0.409 ms stddev 0.105, 0 failed
progress: 31.0 s, 38919.1 tps, lat 0.411 ms stddev 0.101, 0 failed
progress: 32.0 s, 39546.0 tps, lat 0.404 ms stddev 0.100, 0 failed
progress: 33.0 s, 39459.0 tps, lat 0.405 ms stddev 0.100, 0 failed
progress: 34.0 s, 39979.0 tps, lat 0.400 ms stddev 0.094, 0 failed
progress: 35.0 s, 39587.0 tps, lat 0.404 ms stddev 0.099, 0 failed
progress: 36.0 s, 40106.4 tps, lat 0.399 ms stddev 0.093, 0 failed
progress: 37.0 s, 40141.5 tps, lat 0.398 ms stddev 0.102, 0 failed
progress: 38.0 s, 40571.0 tps, lat 0.394 ms stddev 0.115, 0 failed
progress: 39.0 s, 40523.0 tps, lat 0.394 ms stddev 0.100, 0 failed
progress: 40.0 s, 40349.0 tps, lat 0.396 ms stddev 0.096, 0 failed
progress: 41.0 s, 40164.0 tps, lat 0.398 ms stddev 0.091, 0 failed
progress: 42.0 s, 39780.0 tps, lat 0.402 ms stddev 0.089, 0 failed
progress: 43.0 s, 39085.0 tps, lat 0.409 ms stddev 0.099, 0 failed
progress: 44.0 s, 39047.0 tps, lat 0.409 ms stddev 0.096, 0 failed
progress: 45.0 s, 38790.2 tps, lat 0.412 ms stddev 0.095, 0 failed
progress: 46.0 s, 39208.7 tps, lat 0.408 ms stddev 0.095, 0 failed
progress: 47.0 s, 39402.0 tps, lat 0.406 ms stddev 0.092, 0 failed
progress: 48.0 s, 40229.0 tps, lat 0.397 ms stddev 0.089, 0 failed
progress: 49.0 s, 39756.0 tps, lat 0.402 ms stddev 0.092, 0 failed
progress: 50.0 s, 39892.0 tps, lat 0.401 ms stddev 0.102, 0 failed
progress: 51.0 s, 39665.0 tps, lat 0.403 ms stddev 0.096, 0 failed
progress: 52.0 s, 39851.0 tps, lat 0.401 ms stddev 0.092, 0 failed
progress: 53.0 s, 39743.0 tps, lat 0.402 ms stddev 0.095, 0 failed
progress: 54.0 s, 40007.0 tps, lat 0.400 ms stddev 0.088, 0 failed
progress: 55.0 s, 40369.6 tps, lat 0.396 ms stddev 0.093, 0 failed
progress: 56.0 s, 39717.5 tps, lat 0.403 ms stddev 0.091, 0 failed
progress: 57.0 s, 39904.9 tps, lat 0.401 ms stddev 0.095, 0 failed
progress: 58.0 s, 40228.0 tps, lat 0.397 ms stddev 0.087, 0 failed
progress: 59.0 s, 39685.0 tps, lat 0.403 ms stddev 0.094, 0 failed
transaction type: star-1-left.sql
scaling factor: 1
query mode: prepared
number of clients: 16
number of threads: 16
maximum number of tries: 1
duration: 60 s
number of transactions actually processed: 2370594
number of failed transactions: 0 (0.000%)
latency average = 0.405 ms
latency stddev = 0.106 ms
initial connection time = 12.237 ms
tps = 39517.679055 (without initial connection time)
