pgbench (18devel, server 8.4.22)
progress: 1.0 s, 3442.0 tps, lat 63.757 ms stddev 149.305, 0 failed
progress: 2.0 s, 11338.6 tps, lat 24.592 ms stddev 46.533, 0 failed
progress: 3.0 s, 37263.9 tps, lat 6.870 ms stddev 6.619, 0 failed
progress: 4.0 s, 37429.2 tps, lat 6.838 ms stddev 6.656, 0 failed
progress: 5.0 s, 37914.8 tps, lat 6.756 ms stddev 6.508, 0 failed
progress: 6.0 s, 37321.0 tps, lat 6.858 ms stddev 6.670, 0 failed
progress: 7.0 s, 37753.9 tps, lat 6.780 ms stddev 6.607, 0 failed
progress: 8.0 s, 37717.1 tps, lat 6.781 ms stddev 6.615, 0 failed
progress: 9.0 s, 37998.2 tps, lat 6.740 ms stddev 6.511, 0 failed
progress: 10.0 s, 37556.9 tps, lat 6.816 ms stddev 6.738, 0 failed
progress: 11.0 s, 37687.0 tps, lat 6.792 ms stddev 6.614, 0 failed
progress: 12.0 s, 37527.9 tps, lat 6.824 ms stddev 6.622, 0 failed
progress: 13.0 s, 28967.1 tps, lat 8.835 ms stddev 11.964, 0 failed
progress: 14.0 s, 26101.9 tps, lat 9.808 ms stddev 13.594, 0 failed
progress: 15.0 s, 37605.2 tps, lat 6.806 ms stddev 6.619, 0 failed
progress: 16.0 s, 37839.0 tps, lat 6.766 ms stddev 6.569, 0 failed
progress: 17.0 s, 37946.9 tps, lat 6.746 ms stddev 6.551, 0 failed
progress: 18.0 s, 37497.1 tps, lat 6.824 ms stddev 6.732, 0 failed
progress: 19.0 s, 37635.6 tps, lat 6.803 ms stddev 6.622, 0 failed
progress: 20.0 s, 37520.1 tps, lat 6.821 ms stddev 6.701, 0 failed
progress: 21.0 s, 38136.2 tps, lat 6.717 ms stddev 6.463, 0 failed
progress: 22.0 s, 37741.2 tps, lat 6.781 ms stddev 6.667, 0 failed
progress: 23.0 s, 37820.0 tps, lat 6.769 ms stddev 6.586, 0 failed
progress: 24.0 s, 27399.0 tps, lat 9.345 ms stddev 12.829, 0 failed
progress: 25.0 s, 24914.2 tps, lat 10.041 ms stddev 13.906, 0 failed
progress: 26.0 s, 10397.5 tps, lat 25.163 ms stddev 25.903, 0 failed
progress: 27.0 s, 37792.8 tps, lat 6.775 ms stddev 6.601, 0 failed
progress: 28.0 s, 37353.2 tps, lat 6.853 ms stddev 6.656, 0 failed
progress: 29.0 s, 37608.9 tps, lat 6.806 ms stddev 6.597, 0 failed
progress: 30.0 s, 37547.9 tps, lat 6.820 ms stddev 6.692, 0 failed
progress: 31.0 s, 37523.1 tps, lat 6.820 ms stddev 6.651, 0 failed
progress: 32.0 s, 28354.2 tps, lat 8.827 ms stddev 11.683, 0 failed
progress: 33.0 s, 12089.4 tps, lat 21.657 ms stddev 23.927, 0 failed
progress: 34.0 s, 37602.2 tps, lat 6.802 ms stddev 6.640, 0 failed
progress: 35.0 s, 37504.0 tps, lat 6.827 ms stddev 6.690, 0 failed
progress: 36.0 s, 37679.7 tps, lat 6.798 ms stddev 6.664, 0 failed
progress: 37.0 s, 37992.4 tps, lat 6.734 ms stddev 6.495, 0 failed
progress: 38.0 s, 37438.8 tps, lat 6.837 ms stddev 6.666, 0 failed
progress: 39.0 s, 37646.1 tps, lat 6.802 ms stddev 6.690, 0 failed
progress: 40.0 s, 37642.0 tps, lat 6.801 ms stddev 6.668, 0 failed
progress: 41.0 s, 38209.0 tps, lat 6.701 ms stddev 6.462, 0 failed
progress: 42.0 s, 37546.9 tps, lat 6.821 ms stddev 6.696, 0 failed
progress: 43.0 s, 37466.0 tps, lat 6.830 ms stddev 6.655, 0 failed
progress: 44.0 s, 37456.0 tps, lat 6.835 ms stddev 6.710, 0 failed
progress: 45.0 s, 35773.3 tps, lat 7.030 ms stddev 6.959, 0 failed
progress: 46.0 s, 32692.4 tps, lat 7.968 ms stddev 10.056, 0 failed
progress: 47.0 s, 37429.8 tps, lat 6.836 ms stddev 6.717, 0 failed
progress: 48.0 s, 37883.2 tps, lat 6.763 ms stddev 6.610, 0 failed
progress: 49.0 s, 38068.9 tps, lat 6.719 ms stddev 6.473, 0 failed
progress: 50.0 s, 37664.2 tps, lat 6.800 ms stddev 6.693, 0 failed
progress: 51.0 s, 37652.0 tps, lat 6.796 ms stddev 6.627, 0 failed
progress: 52.0 s, 37769.0 tps, lat 6.776 ms stddev 6.681, 0 failed
progress: 53.0 s, 38121.0 tps, lat 6.716 ms stddev 6.547, 0 failed
progress: 54.0 s, 37668.0 tps, lat 6.798 ms stddev 6.686, 0 failed
progress: 55.0 s, 14661.2 tps, lat 17.103 ms stddev 21.059, 0 failed
progress: 56.0 s, 36267.1 tps, lat 7.203 ms stddev 8.092, 0 failed
progress: 57.0 s, 38091.0 tps, lat 6.717 ms stddev 6.477, 0 failed
progress: 58.0 s, 37347.8 tps, lat 6.846 ms stddev 6.742, 0 failed
progress: 59.0 s, 37912.1 tps, lat 6.762 ms stddev 6.565, 0 failed
transaction type: star-1-left.sql
scaling factor: 1
query mode: prepared
number of clients: 256
number of threads: 256
maximum number of tries: 1
duration: 60 s
number of transactions actually processed: 2059977
number of failed transactions: 0 (0.000%)
latency average = 7.439 ms
latency stddev = 11.050 ms
initial connection time = 148.341 ms
tps = 34398.873147 (without initial connection time)
