pgbench (18devel)
progress: 1.0 s, 31254.9 tps, lat 3.955 ms stddev 2.858, 0 failed
progress: 2.0 s, 31499.1 tps, lat 4.065 ms stddev 1.868, 0 failed
progress: 3.0 s, 31578.9 tps, lat 4.052 ms stddev 1.830, 0 failed
progress: 4.0 s, 31659.9 tps, lat 4.043 ms stddev 1.788, 0 failed
progress: 5.0 s, 31628.0 tps, lat 4.048 ms stddev 1.785, 0 failed
progress: 6.0 s, 31625.0 tps, lat 4.045 ms stddev 1.705, 0 failed
progress: 7.0 s, 31601.0 tps, lat 4.049 ms stddev 1.740, 0 failed
progress: 8.0 s, 31642.1 tps, lat 4.045 ms stddev 1.778, 0 failed
progress: 9.0 s, 31627.6 tps, lat 4.047 ms stddev 1.757, 0 failed
progress: 10.0 s, 31610.3 tps, lat 4.050 ms stddev 1.687, 0 failed
progress: 11.0 s, 31591.3 tps, lat 4.052 ms stddev 1.706, 0 failed
progress: 12.0 s, 31588.8 tps, lat 4.051 ms stddev 1.706, 0 failed
progress: 13.0 s, 31582.0 tps, lat 4.053 ms stddev 1.711, 0 failed
progress: 14.0 s, 31595.0 tps, lat 4.049 ms stddev 1.697, 0 failed
progress: 15.0 s, 31573.0 tps, lat 4.055 ms stddev 1.696, 0 failed
progress: 16.0 s, 31588.1 tps, lat 4.051 ms stddev 1.690, 0 failed
progress: 17.0 s, 31594.1 tps, lat 4.052 ms stddev 1.692, 0 failed
progress: 18.0 s, 31598.8 tps, lat 4.050 ms stddev 1.694, 0 failed
progress: 19.0 s, 31595.5 tps, lat 4.049 ms stddev 1.707, 0 failed
progress: 20.0 s, 31591.5 tps, lat 4.051 ms stddev 1.697, 0 failed
progress: 21.0 s, 31637.0 tps, lat 4.045 ms stddev 1.696, 0 failed
progress: 22.0 s, 31633.1 tps, lat 4.047 ms stddev 1.689, 0 failed
progress: 23.0 s, 31589.1 tps, lat 4.051 ms stddev 1.702, 0 failed
progress: 24.0 s, 31599.8 tps, lat 4.050 ms stddev 1.698, 0 failed
progress: 25.0 s, 31630.0 tps, lat 4.048 ms stddev 1.713, 0 failed
progress: 26.0 s, 31618.9 tps, lat 4.047 ms stddev 1.766, 0 failed
progress: 27.0 s, 31594.2 tps, lat 4.051 ms stddev 1.689, 0 failed
progress: 28.0 s, 31583.9 tps, lat 4.051 ms stddev 1.703, 0 failed
progress: 29.0 s, 31609.0 tps, lat 4.050 ms stddev 1.701, 0 failed
progress: 30.0 s, 31618.0 tps, lat 4.048 ms stddev 1.700, 0 failed
progress: 31.0 s, 31602.1 tps, lat 4.049 ms stddev 1.690, 0 failed
progress: 32.0 s, 31612.9 tps, lat 4.049 ms stddev 1.715, 0 failed
progress: 33.0 s, 31625.9 tps, lat 4.047 ms stddev 1.750, 0 failed
progress: 34.0 s, 31589.2 tps, lat 4.052 ms stddev 1.686, 0 failed
progress: 35.0 s, 31597.9 tps, lat 4.050 ms stddev 1.687, 0 failed
progress: 36.0 s, 31586.1 tps, lat 4.051 ms stddev 1.697, 0 failed
progress: 37.0 s, 31602.9 tps, lat 4.052 ms stddev 1.699, 0 failed
progress: 38.0 s, 31592.1 tps, lat 4.050 ms stddev 1.698, 0 failed
progress: 39.0 s, 31603.9 tps, lat 4.052 ms stddev 1.689, 0 failed
progress: 40.0 s, 31589.9 tps, lat 4.049 ms stddev 1.689, 0 failed
progress: 41.0 s, 31597.2 tps, lat 4.052 ms stddev 1.687, 0 failed
progress: 42.0 s, 31598.9 tps, lat 4.050 ms stddev 1.687, 0 failed
progress: 43.0 s, 31598.0 tps, lat 4.050 ms stddev 1.696, 0 failed
progress: 44.0 s, 31598.8 tps, lat 4.049 ms stddev 1.695, 0 failed
progress: 45.0 s, 31593.2 tps, lat 4.052 ms stddev 1.689, 0 failed
progress: 46.0 s, 31582.1 tps, lat 4.053 ms stddev 1.701, 0 failed
progress: 47.0 s, 31573.9 tps, lat 4.053 ms stddev 1.703, 0 failed
progress: 48.0 s, 31578.0 tps, lat 4.053 ms stddev 1.687, 0 failed
progress: 49.0 s, 31572.0 tps, lat 4.054 ms stddev 1.695, 0 failed
progress: 50.0 s, 31571.0 tps, lat 4.053 ms stddev 1.692, 0 failed
progress: 51.0 s, 31593.9 tps, lat 4.052 ms stddev 1.689, 0 failed
progress: 52.0 s, 31594.2 tps, lat 4.051 ms stddev 1.739, 0 failed
progress: 53.0 s, 31559.4 tps, lat 4.055 ms stddev 1.705, 0 failed
progress: 54.0 s, 31569.0 tps, lat 4.054 ms stddev 1.699, 0 failed
progress: 55.0 s, 31583.7 tps, lat 4.052 ms stddev 1.691, 0 failed
progress: 56.0 s, 31574.8 tps, lat 4.053 ms stddev 1.692, 0 failed
progress: 57.0 s, 31545.1 tps, lat 4.058 ms stddev 1.712, 0 failed
progress: 58.0 s, 31569.0 tps, lat 4.053 ms stddev 1.703, 0 failed
progress: 59.0 s, 31543.8 tps, lat 4.058 ms stddev 1.706, 0 failed
transaction type: star-1.sql
scaling factor: 1
query mode: simple
number of clients: 128
number of threads: 128
maximum number of tries: 1
duration: 60 s
number of transactions actually processed: 1893913
number of failed transactions: 0 (0.000%)
latency average = 4.050 ms
latency stddev = 1.737 ms
initial connection time = 79.211 ms
tps = 31597.110263 (without initial connection time)
