pgbench (18devel, server 15.8)
progress: 1.0 s, 120709.9 tps, lat 0.132 ms stddev 0.117, 0 failed
progress: 2.0 s, 126898.6 tps, lat 0.126 ms stddev 0.006, 0 failed
progress: 3.0 s, 125667.9 tps, lat 0.127 ms stddev 0.011, 0 failed
progress: 4.0 s, 127072.1 tps, lat 0.126 ms stddev 0.006, 0 failed
progress: 5.0 s, 126361.1 tps, lat 0.127 ms stddev 0.006, 0 failed
progress: 6.0 s, 126110.7 tps, lat 0.127 ms stddev 0.007, 0 failed
progress: 7.0 s, 126257.2 tps, lat 0.127 ms stddev 0.007, 0 failed
progress: 8.0 s, 126517.4 tps, lat 0.126 ms stddev 0.008, 0 failed
progress: 9.0 s, 127663.5 tps, lat 0.125 ms stddev 0.006, 0 failed
progress: 10.0 s, 126633.0 tps, lat 0.126 ms stddev 0.008, 0 failed
progress: 11.0 s, 126110.4 tps, lat 0.127 ms stddev 0.007, 0 failed
progress: 12.0 s, 126404.2 tps, lat 0.126 ms stddev 0.007, 0 failed
progress: 13.0 s, 125077.4 tps, lat 0.128 ms stddev 0.012, 0 failed
progress: 14.0 s, 125971.6 tps, lat 0.127 ms stddev 0.006, 0 failed
progress: 15.0 s, 125896.3 tps, lat 0.127 ms stddev 0.007, 0 failed
progress: 16.0 s, 126029.6 tps, lat 0.127 ms stddev 0.006, 0 failed
progress: 17.0 s, 125443.5 tps, lat 0.127 ms stddev 0.006, 0 failed
progress: 18.0 s, 125647.1 tps, lat 0.127 ms stddev 0.006, 0 failed
progress: 19.0 s, 126067.9 tps, lat 0.127 ms stddev 0.006, 0 failed
progress: 20.0 s, 126101.1 tps, lat 0.127 ms stddev 0.007, 0 failed
progress: 21.0 s, 126187.6 tps, lat 0.127 ms stddev 0.007, 0 failed
progress: 22.0 s, 124245.4 tps, lat 0.129 ms stddev 0.011, 0 failed
progress: 23.0 s, 124925.4 tps, lat 0.128 ms stddev 0.007, 0 failed
progress: 24.0 s, 122192.6 tps, lat 0.131 ms stddev 0.014, 0 failed
progress: 25.0 s, 125910.9 tps, lat 0.127 ms stddev 0.014, 0 failed
progress: 26.0 s, 126547.6 tps, lat 0.126 ms stddev 0.007, 0 failed
progress: 27.0 s, 126165.9 tps, lat 0.127 ms stddev 0.007, 0 failed
progress: 28.0 s, 125519.0 tps, lat 0.127 ms stddev 0.011, 0 failed
progress: 29.0 s, 127825.5 tps, lat 0.125 ms stddev 0.006, 0 failed
progress: 30.0 s, 126198.1 tps, lat 0.127 ms stddev 0.011, 0 failed
progress: 31.0 s, 126572.9 tps, lat 0.126 ms stddev 0.010, 0 failed
progress: 32.0 s, 127612.0 tps, lat 0.125 ms stddev 0.006, 0 failed
progress: 33.0 s, 127699.1 tps, lat 0.125 ms stddev 0.006, 0 failed
progress: 34.0 s, 128512.4 tps, lat 0.124 ms stddev 0.005, 0 failed
progress: 35.0 s, 128776.0 tps, lat 0.124 ms stddev 0.005, 0 failed
progress: 36.0 s, 128427.4 tps, lat 0.124 ms stddev 0.005, 0 failed
progress: 37.0 s, 126213.5 tps, lat 0.127 ms stddev 0.009, 0 failed
progress: 38.0 s, 127171.8 tps, lat 0.126 ms stddev 0.007, 0 failed
progress: 39.0 s, 127404.0 tps, lat 0.125 ms stddev 0.006, 0 failed
progress: 40.0 s, 127407.9 tps, lat 0.125 ms stddev 0.006, 0 failed
progress: 41.0 s, 127344.0 tps, lat 0.126 ms stddev 0.006, 0 failed
progress: 42.0 s, 127372.9 tps, lat 0.126 ms stddev 0.006, 0 failed
progress: 43.0 s, 127287.3 tps, lat 0.126 ms stddev 0.006, 0 failed
progress: 44.0 s, 127900.0 tps, lat 0.125 ms stddev 0.006, 0 failed
progress: 45.0 s, 127652.6 tps, lat 0.125 ms stddev 0.006, 0 failed
progress: 46.0 s, 127524.0 tps, lat 0.125 ms stddev 0.006, 0 failed
progress: 47.0 s, 127361.7 tps, lat 0.126 ms stddev 0.006, 0 failed
progress: 48.0 s, 126787.6 tps, lat 0.126 ms stddev 0.007, 0 failed
progress: 49.0 s, 126359.1 tps, lat 0.127 ms stddev 0.011, 0 failed
progress: 50.0 s, 128601.2 tps, lat 0.124 ms stddev 0.005, 0 failed
progress: 51.0 s, 128521.6 tps, lat 0.124 ms stddev 0.005, 0 failed
progress: 52.0 s, 127255.5 tps, lat 0.126 ms stddev 0.011, 0 failed
progress: 53.0 s, 126724.0 tps, lat 0.126 ms stddev 0.011, 0 failed
progress: 54.0 s, 127291.7 tps, lat 0.126 ms stddev 0.006, 0 failed
progress: 55.0 s, 127358.5 tps, lat 0.126 ms stddev 0.006, 0 failed
progress: 56.0 s, 127351.5 tps, lat 0.126 ms stddev 0.006, 0 failed
progress: 57.0 s, 127560.5 tps, lat 0.125 ms stddev 0.006, 0 failed
progress: 58.0 s, 128481.6 tps, lat 0.124 ms stddev 0.006, 0 failed
progress: 59.0 s, 128478.9 tps, lat 0.124 ms stddev 0.006, 0 failed
transaction type: star-1-left.sql
scaling factor: 1
query mode: prepared
number of clients: 16
number of threads: 16
maximum number of tries: 1
duration: 60 s
number of transactions actually processed: 7600126
number of failed transactions: 0 (0.000%)
latency average = 0.126 ms
latency stddev = 0.017 ms
initial connection time = 10.920 ms
tps = 126690.886896 (without initial connection time)
