pgbench (18devel, server 15.8)
progress: 1.0 s, 158700.3 tps, lat 1.502 ms stddev 4.466, 0 failed
progress: 2.0 s, 205228.0 tps, lat 1.247 ms stddev 1.552, 0 failed
progress: 3.0 s, 202346.2 tps, lat 1.265 ms stddev 1.572, 0 failed
progress: 4.0 s, 202920.0 tps, lat 1.262 ms stddev 1.570, 0 failed
progress: 5.0 s, 204075.6 tps, lat 1.254 ms stddev 1.554, 0 failed
progress: 6.0 s, 200173.6 tps, lat 1.279 ms stddev 1.580, 0 failed
progress: 7.0 s, 203196.2 tps, lat 1.259 ms stddev 1.558, 0 failed
progress: 8.0 s, 203458.2 tps, lat 1.258 ms stddev 1.561, 0 failed
progress: 9.0 s, 200386.4 tps, lat 1.277 ms stddev 1.571, 0 failed
progress: 10.0 s, 206083.1 tps, lat 1.242 ms stddev 1.534, 0 failed
progress: 11.0 s, 205034.9 tps, lat 1.248 ms stddev 1.532, 0 failed
progress: 12.0 s, 203629.4 tps, lat 1.257 ms stddev 1.561, 0 failed
progress: 13.0 s, 208204.4 tps, lat 1.229 ms stddev 1.537, 0 failed
progress: 14.0 s, 208531.8 tps, lat 1.228 ms stddev 1.544, 0 failed
progress: 15.0 s, 208316.4 tps, lat 1.228 ms stddev 1.550, 0 failed
progress: 16.0 s, 204812.8 tps, lat 1.250 ms stddev 1.553, 0 failed
progress: 17.0 s, 205248.3 tps, lat 1.247 ms stddev 1.566, 0 failed
progress: 18.0 s, 202222.5 tps, lat 1.266 ms stddev 1.572, 0 failed
progress: 19.0 s, 204542.4 tps, lat 1.251 ms stddev 1.564, 0 failed
progress: 20.0 s, 205483.2 tps, lat 1.246 ms stddev 1.551, 0 failed
progress: 21.0 s, 204704.8 tps, lat 1.250 ms stddev 1.547, 0 failed
progress: 22.0 s, 209041.8 tps, lat 1.224 ms stddev 1.539, 0 failed
progress: 23.0 s, 208479.4 tps, lat 1.228 ms stddev 1.545, 0 failed
progress: 24.0 s, 207540.2 tps, lat 1.233 ms stddev 1.536, 0 failed
progress: 25.0 s, 208686.2 tps, lat 1.227 ms stddev 1.543, 0 failed
progress: 26.0 s, 209050.2 tps, lat 1.224 ms stddev 1.543, 0 failed
progress: 27.0 s, 208614.4 tps, lat 1.227 ms stddev 1.545, 0 failed
progress: 28.0 s, 209522.4 tps, lat 1.222 ms stddev 1.528, 0 failed
progress: 29.0 s, 206697.2 tps, lat 1.238 ms stddev 1.539, 0 failed
progress: 30.0 s, 204447.8 tps, lat 1.252 ms stddev 1.559, 0 failed
progress: 31.0 s, 204655.4 tps, lat 1.251 ms stddev 1.552, 0 failed
progress: 32.0 s, 205401.2 tps, lat 1.246 ms stddev 1.560, 0 failed
progress: 33.0 s, 204965.4 tps, lat 1.249 ms stddev 1.564, 0 failed
progress: 34.0 s, 205332.2 tps, lat 1.246 ms stddev 1.561, 0 failed
progress: 35.0 s, 205060.8 tps, lat 1.248 ms stddev 1.561, 0 failed
progress: 36.0 s, 205101.0 tps, lat 1.248 ms stddev 1.552, 0 failed
progress: 37.0 s, 205037.6 tps, lat 1.248 ms stddev 1.566, 0 failed
progress: 38.0 s, 205169.4 tps, lat 1.248 ms stddev 1.558, 0 failed
progress: 39.0 s, 205395.2 tps, lat 1.246 ms stddev 1.557, 0 failed
progress: 40.0 s, 204742.8 tps, lat 1.250 ms stddev 1.554, 0 failed
progress: 41.0 s, 205956.0 tps, lat 1.243 ms stddev 1.551, 0 failed
progress: 42.0 s, 204881.2 tps, lat 1.249 ms stddev 1.560, 0 failed
progress: 43.0 s, 204913.4 tps, lat 1.249 ms stddev 1.558, 0 failed
progress: 44.0 s, 205182.6 tps, lat 1.248 ms stddev 1.553, 0 failed
progress: 45.0 s, 205224.8 tps, lat 1.247 ms stddev 1.539, 0 failed
progress: 46.0 s, 204769.4 tps, lat 1.250 ms stddev 1.560, 0 failed
progress: 47.0 s, 205494.4 tps, lat 1.245 ms stddev 1.537, 0 failed
progress: 48.0 s, 205063.6 tps, lat 1.248 ms stddev 1.551, 0 failed
progress: 49.0 s, 204942.0 tps, lat 1.249 ms stddev 1.558, 0 failed
progress: 50.0 s, 204676.4 tps, lat 1.250 ms stddev 1.563, 0 failed
progress: 51.0 s, 204421.8 tps, lat 1.252 ms stddev 1.560, 0 failed
progress: 52.0 s, 204241.6 tps, lat 1.253 ms stddev 1.564, 0 failed
progress: 53.0 s, 204682.4 tps, lat 1.251 ms stddev 1.567, 0 failed
progress: 54.0 s, 205124.4 tps, lat 1.248 ms stddev 1.563, 0 failed
progress: 55.0 s, 205197.8 tps, lat 1.247 ms stddev 1.554, 0 failed
progress: 56.0 s, 205130.0 tps, lat 1.248 ms stddev 1.550, 0 failed
progress: 57.0 s, 205276.0 tps, lat 1.246 ms stddev 1.558, 0 failed
progress: 58.0 s, 204774.4 tps, lat 1.250 ms stddev 1.560, 0 failed
progress: 59.0 s, 208523.2 tps, lat 1.227 ms stddev 1.528, 0 failed
transaction type: star-1-left.sql
scaling factor: 1
query mode: prepared
number of clients: 256
number of threads: 256
maximum number of tries: 1
duration: 60 s
number of transactions actually processed: 12256187
number of failed transactions: 0 (0.000%)
latency average = 1.250 ms
latency stddev = 1.632 ms
initial connection time = 168.463 ms
tps = 204630.775896 (without initial connection time)
