pgbench (18devel, server 15.8)
progress: 1.0 s, 1883.9 tps, lat 63.722 ms stddev 32.549, 0 failed
progress: 2.0 s, 2023.0 tps, lat 63.297 ms stddev 24.149, 0 failed
progress: 3.0 s, 2030.0 tps, lat 63.031 ms stddev 22.340, 0 failed
progress: 4.0 s, 2029.0 tps, lat 63.132 ms stddev 22.196, 0 failed
progress: 5.0 s, 2027.0 tps, lat 63.311 ms stddev 21.575, 0 failed
progress: 6.0 s, 2031.0 tps, lat 62.859 ms stddev 21.332, 0 failed
progress: 7.0 s, 2037.0 tps, lat 63.008 ms stddev 20.437, 0 failed
progress: 8.0 s, 2029.0 tps, lat 62.974 ms stddev 20.145, 0 failed
progress: 9.0 s, 2040.0 tps, lat 62.817 ms stddev 20.538, 0 failed
progress: 10.0 s, 2034.0 tps, lat 62.948 ms stddev 20.535, 0 failed
progress: 11.0 s, 2038.0 tps, lat 62.977 ms stddev 21.147, 0 failed
progress: 12.0 s, 2023.0 tps, lat 63.067 ms stddev 20.961, 0 failed
progress: 13.0 s, 2016.0 tps, lat 63.243 ms stddev 20.241, 0 failed
progress: 14.0 s, 2041.0 tps, lat 63.027 ms stddev 19.639, 0 failed
progress: 15.0 s, 2024.9 tps, lat 62.994 ms stddev 19.743, 0 failed
progress: 16.0 s, 2028.0 tps, lat 63.240 ms stddev 20.315, 0 failed
progress: 17.0 s, 2033.0 tps, lat 62.938 ms stddev 20.011, 0 failed
progress: 18.0 s, 2032.0 tps, lat 62.950 ms stddev 20.378, 0 failed
progress: 19.0 s, 2030.0 tps, lat 63.034 ms stddev 20.788, 0 failed
progress: 20.0 s, 2035.0 tps, lat 62.891 ms stddev 20.354, 0 failed
progress: 21.0 s, 2031.0 tps, lat 63.025 ms stddev 20.182, 0 failed
progress: 22.0 s, 2028.0 tps, lat 63.031 ms stddev 20.143, 0 failed
progress: 23.0 s, 2031.9 tps, lat 63.114 ms stddev 20.283, 0 failed
progress: 24.0 s, 2027.2 tps, lat 63.224 ms stddev 20.691, 0 failed
progress: 25.0 s, 2025.0 tps, lat 63.041 ms stddev 20.773, 0 failed
progress: 26.0 s, 2030.0 tps, lat 63.082 ms stddev 20.530, 0 failed
progress: 27.0 s, 2026.0 tps, lat 63.318 ms stddev 20.383, 0 failed
progress: 28.0 s, 2014.1 tps, lat 63.206 ms stddev 19.916, 0 failed
progress: 29.0 s, 2038.0 tps, lat 63.160 ms stddev 19.678, 0 failed
progress: 30.0 s, 2024.0 tps, lat 63.016 ms stddev 19.997, 0 failed
progress: 31.0 s, 2031.0 tps, lat 63.224 ms stddev 19.913, 0 failed
progress: 32.0 s, 2019.0 tps, lat 63.076 ms stddev 20.196, 0 failed
progress: 33.0 s, 2033.0 tps, lat 63.077 ms stddev 21.087, 0 failed
progress: 34.0 s, 2028.0 tps, lat 63.336 ms stddev 20.603, 0 failed
progress: 35.0 s, 2019.0 tps, lat 63.203 ms stddev 20.081, 0 failed
progress: 36.0 s, 2030.0 tps, lat 63.271 ms stddev 20.222, 0 failed
progress: 37.0 s, 2020.0 tps, lat 63.301 ms stddev 20.606, 0 failed
progress: 38.0 s, 2020.0 tps, lat 63.221 ms stddev 19.736, 0 failed
progress: 39.0 s, 2034.0 tps, lat 63.215 ms stddev 19.961, 0 failed
progress: 40.0 s, 2026.1 tps, lat 62.966 ms stddev 19.231, 0 failed
progress: 41.0 s, 2030.9 tps, lat 63.051 ms stddev 19.590, 0 failed
progress: 42.0 s, 2018.0 tps, lat 63.142 ms stddev 19.259, 0 failed
progress: 43.0 s, 2043.0 tps, lat 63.135 ms stddev 18.675, 0 failed
progress: 44.0 s, 2027.0 tps, lat 63.026 ms stddev 19.029, 0 failed
progress: 45.0 s, 2031.0 tps, lat 63.120 ms stddev 20.135, 0 failed
progress: 46.0 s, 2029.0 tps, lat 62.948 ms stddev 19.939, 0 failed
progress: 47.0 s, 2036.0 tps, lat 62.875 ms stddev 20.709, 0 failed
progress: 48.0 s, 2029.0 tps, lat 62.999 ms stddev 20.297, 0 failed
progress: 49.0 s, 2023.9 tps, lat 63.045 ms stddev 19.706, 0 failed
progress: 50.0 s, 2036.0 tps, lat 63.050 ms stddev 20.356, 0 failed
progress: 51.0 s, 2034.0 tps, lat 63.081 ms stddev 20.749, 0 failed
progress: 52.0 s, 2031.0 tps, lat 63.021 ms stddev 19.654, 0 failed
progress: 53.0 s, 2028.9 tps, lat 62.969 ms stddev 20.957, 0 failed
progress: 54.0 s, 2033.1 tps, lat 62.933 ms stddev 20.892, 0 failed
progress: 55.0 s, 2025.0 tps, lat 63.039 ms stddev 20.526, 0 failed
progress: 56.0 s, 2034.0 tps, lat 63.222 ms stddev 19.482, 0 failed
progress: 57.0 s, 2029.0 tps, lat 63.057 ms stddev 19.321, 0 failed
progress: 58.0 s, 2026.0 tps, lat 63.151 ms stddev 20.473, 0 failed
progress: 59.0 s, 2032.0 tps, lat 63.099 ms stddev 19.293, 0 failed
transaction type: star-1.sql
scaling factor: 1
query mode: simple
number of clients: 128
number of threads: 128
maximum number of tries: 1
duration: 60 s
number of transactions actually processed: 121630
number of failed transactions: 0 (0.000%)
latency average = 63.089 ms
latency stddev = 20.591 ms
initial connection time = 76.720 ms
tps = 2028.032501 (without initial connection time)
