pgbench (18devel, server 15.8)
progress: 1.0 s, 1572.9 tps, lat 19.916 ms stddev 3.402, 0 failed
progress: 2.0 s, 1672.0 tps, lat 19.192 ms stddev 0.308, 0 failed
progress: 3.0 s, 1668.0 tps, lat 19.207 ms stddev 0.208, 0 failed
progress: 4.0 s, 1670.0 tps, lat 19.186 ms stddev 0.184, 0 failed
progress: 5.0 s, 1664.0 tps, lat 19.211 ms stddev 0.201, 0 failed
progress: 6.0 s, 1667.0 tps, lat 19.190 ms stddev 0.183, 0 failed
progress: 7.0 s, 1668.0 tps, lat 19.200 ms stddev 0.188, 0 failed
progress: 8.0 s, 1663.0 tps, lat 19.210 ms stddev 0.202, 0 failed
progress: 9.0 s, 1672.0 tps, lat 19.186 ms stddev 0.204, 0 failed
progress: 10.0 s, 1664.0 tps, lat 19.238 ms stddev 0.151, 0 failed
progress: 11.0 s, 1644.0 tps, lat 19.430 ms stddev 2.017, 0 failed
progress: 12.0 s, 1653.0 tps, lat 19.353 ms stddev 1.617, 0 failed
progress: 13.0 s, 1663.0 tps, lat 19.207 ms stddev 0.152, 0 failed
progress: 14.0 s, 1664.0 tps, lat 19.215 ms stddev 0.184, 0 failed
progress: 15.0 s, 1667.0 tps, lat 19.276 ms stddev 1.168, 0 failed
progress: 16.0 s, 1662.0 tps, lat 19.217 ms stddev 0.213, 0 failed
progress: 17.0 s, 1666.0 tps, lat 19.154 ms stddev 0.196, 0 failed
progress: 18.0 s, 1676.0 tps, lat 19.142 ms stddev 0.182, 0 failed
progress: 19.0 s, 1667.0 tps, lat 19.149 ms stddev 0.176, 0 failed
progress: 20.0 s, 1674.0 tps, lat 19.143 ms stddev 0.177, 0 failed
progress: 21.0 s, 1668.0 tps, lat 19.151 ms stddev 0.183, 0 failed
progress: 22.0 s, 1673.0 tps, lat 19.144 ms stddev 0.183, 0 failed
progress: 23.0 s, 1669.0 tps, lat 19.144 ms stddev 0.181, 0 failed
progress: 24.0 s, 1673.0 tps, lat 19.163 ms stddev 0.161, 0 failed
progress: 25.0 s, 1674.0 tps, lat 19.158 ms stddev 0.210, 0 failed
progress: 26.0 s, 1665.0 tps, lat 19.157 ms stddev 0.171, 0 failed
progress: 27.0 s, 1669.0 tps, lat 19.221 ms stddev 0.939, 0 failed
progress: 28.0 s, 1657.0 tps, lat 19.287 ms stddev 1.335, 0 failed
progress: 29.0 s, 1671.0 tps, lat 19.207 ms stddev 0.189, 0 failed
progress: 30.0 s, 1666.0 tps, lat 19.179 ms stddev 0.195, 0 failed
progress: 31.0 s, 1653.0 tps, lat 19.293 ms stddev 1.464, 0 failed
progress: 32.0 s, 1667.0 tps, lat 19.158 ms stddev 0.194, 0 failed
progress: 33.0 s, 1672.9 tps, lat 19.172 ms stddev 0.157, 0 failed
progress: 34.0 s, 1672.1 tps, lat 19.164 ms stddev 0.216, 0 failed
progress: 35.0 s, 1671.0 tps, lat 19.144 ms stddev 0.192, 0 failed
progress: 36.0 s, 1669.0 tps, lat 19.155 ms stddev 0.186, 0 failed
progress: 37.0 s, 1672.0 tps, lat 19.157 ms stddev 0.215, 0 failed
progress: 38.0 s, 1674.0 tps, lat 19.147 ms stddev 0.208, 0 failed
progress: 39.0 s, 1667.0 tps, lat 19.173 ms stddev 0.173, 0 failed
progress: 40.0 s, 1663.0 tps, lat 19.195 ms stddev 0.213, 0 failed
progress: 41.0 s, 1662.0 tps, lat 19.177 ms stddev 0.141, 0 failed
progress: 42.0 s, 1644.0 tps, lat 19.493 ms stddev 2.275, 0 failed
progress: 43.0 s, 1664.0 tps, lat 19.236 ms stddev 0.198, 0 failed
progress: 44.0 s, 1672.0 tps, lat 19.204 ms stddev 0.189, 0 failed
progress: 45.0 s, 1670.0 tps, lat 19.205 ms stddev 0.223, 0 failed
progress: 46.0 s, 1668.0 tps, lat 19.159 ms stddev 0.211, 0 failed
progress: 47.0 s, 1675.0 tps, lat 19.130 ms stddev 0.179, 0 failed
progress: 48.0 s, 1666.0 tps, lat 19.190 ms stddev 0.201, 0 failed
progress: 49.0 s, 1662.0 tps, lat 19.290 ms stddev 1.311, 0 failed
progress: 50.0 s, 1663.0 tps, lat 19.192 ms stddev 0.204, 0 failed
progress: 51.0 s, 1669.0 tps, lat 19.169 ms stddev 0.172, 0 failed
progress: 52.0 s, 1664.9 tps, lat 19.222 ms stddev 0.191, 0 failed
progress: 53.0 s, 1671.0 tps, lat 19.204 ms stddev 0.181, 0 failed
progress: 54.0 s, 1668.0 tps, lat 19.232 ms stddev 0.198, 0 failed
progress: 55.0 s, 1662.0 tps, lat 19.200 ms stddev 0.195, 0 failed
progress: 56.0 s, 1656.0 tps, lat 19.204 ms stddev 0.187, 0 failed
progress: 57.0 s, 1638.0 tps, lat 19.465 ms stddev 2.257, 0 failed
progress: 58.0 s, 1664.0 tps, lat 19.260 ms stddev 0.144, 0 failed
progress: 59.0 s, 1664.0 tps, lat 19.234 ms stddev 0.184, 0 failed
progress: 60.0 s, 1673.0 tps, lat 19.202 ms stddev 0.199, 0 failed
transaction type: star-1.sql
scaling factor: 1
query mode: simple
number of clients: 32
number of threads: 32
maximum number of tries: 1
duration: 60 s
number of transactions actually processed: 99875
number of failed transactions: 0 (0.000%)
latency average = 19.220 ms
latency stddev = 0.798 ms
initial connection time = 22.166 ms
tps = 1664.659797 (without initial connection time)
