pgbench (18devel)
starting vacuum...end.
progress: 1.0 s, 522097.5 tps, lat 0.030 ms stddev 0.009, 0 failed
progress: 2.0 s, 584388.0 tps, lat 0.027 ms stddev 0.003, 0 failed
progress: 3.0 s, 581515.3 tps, lat 0.027 ms stddev 0.003, 0 failed
progress: 4.0 s, 585246.7 tps, lat 0.027 ms stddev 0.003, 0 failed
progress: 5.0 s, 575206.5 tps, lat 0.028 ms stddev 0.004, 0 failed
progress: 6.0 s, 603347.2 tps, lat 0.026 ms stddev 0.002, 0 failed
progress: 7.0 s, 598874.0 tps, lat 0.027 ms stddev 0.002, 0 failed
progress: 8.0 s, 601257.2 tps, lat 0.027 ms stddev 0.002, 0 failed
progress: 9.0 s, 601131.8 tps, lat 0.027 ms stddev 0.003, 0 failed
progress: 10.0 s, 603394.3 tps, lat 0.026 ms stddev 0.002, 0 failed
progress: 11.0 s, 613938.6 tps, lat 0.026 ms stddev 0.002, 0 failed
progress: 12.0 s, 611749.6 tps, lat 0.026 ms stddev 0.002, 0 failed
progress: 13.0 s, 609720.5 tps, lat 0.026 ms stddev 0.002, 0 failed
progress: 14.0 s, 612705.3 tps, lat 0.026 ms stddev 0.002, 0 failed
progress: 15.0 s, 594227.1 tps, lat 0.027 ms stddev 0.003, 0 failed
progress: 16.0 s, 588386.8 tps, lat 0.027 ms stddev 0.003, 0 failed
progress: 17.0 s, 609395.8 tps, lat 0.026 ms stddev 0.002, 0 failed
progress: 18.0 s, 602226.0 tps, lat 0.026 ms stddev 0.002, 0 failed
progress: 19.0 s, 595205.0 tps, lat 0.027 ms stddev 0.003, 0 failed
progress: 20.0 s, 605343.9 tps, lat 0.026 ms stddev 0.002, 0 failed
progress: 21.0 s, 591255.6 tps, lat 0.027 ms stddev 0.003, 0 failed
progress: 22.0 s, 599200.4 tps, lat 0.027 ms stddev 0.003, 0 failed
progress: 23.0 s, 606103.1 tps, lat 0.026 ms stddev 0.002, 0 failed
progress: 24.0 s, 603451.1 tps, lat 0.026 ms stddev 0.002, 0 failed
progress: 25.0 s, 589458.4 tps, lat 0.027 ms stddev 0.003, 0 failed
progress: 26.0 s, 589127.6 tps, lat 0.027 ms stddev 0.003, 0 failed
progress: 27.0 s, 601302.4 tps, lat 0.027 ms stddev 0.002, 0 failed
progress: 28.0 s, 605416.6 tps, lat 0.026 ms stddev 0.002, 0 failed
progress: 29.0 s, 608397.7 tps, lat 0.026 ms stddev 0.002, 0 failed
progress: 30.0 s, 591545.3 tps, lat 0.027 ms stddev 0.003, 0 failed
progress: 31.0 s, 593711.7 tps, lat 0.027 ms stddev 0.003, 0 failed
progress: 32.0 s, 596940.2 tps, lat 0.027 ms stddev 0.003, 0 failed
progress: 33.0 s, 594909.1 tps, lat 0.027 ms stddev 0.003, 0 failed
progress: 34.0 s, 605344.3 tps, lat 0.026 ms stddev 0.002, 0 failed
progress: 35.0 s, 603320.2 tps, lat 0.026 ms stddev 0.002, 0 failed
progress: 36.0 s, 599510.8 tps, lat 0.027 ms stddev 0.003, 0 failed
progress: 37.0 s, 607289.3 tps, lat 0.026 ms stddev 0.002, 0 failed
progress: 38.0 s, 609552.7 tps, lat 0.026 ms stddev 0.002, 0 failed
progress: 39.0 s, 620371.6 tps, lat 0.026 ms stddev 0.001, 0 failed
progress: 40.0 s, 614472.4 tps, lat 0.026 ms stddev 0.002, 0 failed
progress: 41.0 s, 626133.6 tps, lat 0.025 ms stddev 0.001, 0 failed
progress: 42.0 s, 624462.6 tps, lat 0.026 ms stddev 0.001, 0 failed
progress: 43.0 s, 593824.2 tps, lat 0.027 ms stddev 0.003, 0 failed
progress: 44.0 s, 606414.5 tps, lat 0.026 ms stddev 0.002, 0 failed
progress: 45.0 s, 612207.3 tps, lat 0.026 ms stddev 0.002, 0 failed
progress: 46.0 s, 611981.6 tps, lat 0.026 ms stddev 0.002, 0 failed
progress: 47.0 s, 620064.2 tps, lat 0.026 ms stddev 0.001, 0 failed
progress: 48.0 s, 616391.2 tps, lat 0.026 ms stddev 0.002, 0 failed
progress: 49.0 s, 597246.2 tps, lat 0.027 ms stddev 0.003, 0 failed
progress: 50.0 s, 597914.6 tps, lat 0.027 ms stddev 0.003, 0 failed
progress: 51.0 s, 617209.1 tps, lat 0.026 ms stddev 0.001, 0 failed
progress: 52.0 s, 598538.8 tps, lat 0.027 ms stddev 0.003, 0 failed
progress: 53.0 s, 615709.2 tps, lat 0.026 ms stddev 0.002, 0 failed
progress: 54.0 s, 605814.9 tps, lat 0.026 ms stddev 0.002, 0 failed
progress: 55.0 s, 599764.4 tps, lat 0.027 ms stddev 0.003, 0 failed
progress: 56.0 s, 595058.0 tps, lat 0.027 ms stddev 0.003, 0 failed
progress: 57.0 s, 584535.7 tps, lat 0.027 ms stddev 0.003, 0 failed
progress: 58.0 s, 588073.6 tps, lat 0.027 ms stddev 0.003, 0 failed
progress: 59.0 s, 595233.8 tps, lat 0.027 ms stddev 0.002, 0 failed
transaction type: <builtin: select only>
scaling factor: 100
query mode: prepared
number of clients: 16
number of threads: 16
maximum number of tries: 1
duration: 60 s
number of transactions actually processed: 36036989
number of failed transactions: 0 (0.000%)
latency average = 0.027 ms
latency stddev = 0.003 ms
initial connection time = 6.790 ms
tps = 600681.567181 (without initial connection time)
