pgbench (18devel, server 17.0)
progress: 1.0 s, 198849.9 tps, lat 0.622 ms stddev 1.280, 0 failed
progress: 2.0 s, 222130.6 tps, lat 0.576 ms stddev 0.478, 0 failed
progress: 3.0 s, 218999.4 tps, lat 0.584 ms stddev 0.504, 0 failed
progress: 4.0 s, 221652.0 tps, lat 0.577 ms stddev 0.483, 0 failed
progress: 5.0 s, 224000.3 tps, lat 0.571 ms stddev 0.497, 0 failed
progress: 6.0 s, 222154.6 tps, lat 0.576 ms stddev 0.507, 0 failed
progress: 7.0 s, 223844.4 tps, lat 0.572 ms stddev 0.495, 0 failed
progress: 8.0 s, 223131.6 tps, lat 0.573 ms stddev 0.494, 0 failed
progress: 9.0 s, 224184.6 tps, lat 0.571 ms stddev 0.495, 0 failed
progress: 10.0 s, 224766.3 tps, lat 0.569 ms stddev 0.491, 0 failed
progress: 11.0 s, 223160.3 tps, lat 0.573 ms stddev 0.489, 0 failed
progress: 12.0 s, 225396.1 tps, lat 0.568 ms stddev 0.498, 0 failed
progress: 13.0 s, 224539.4 tps, lat 0.570 ms stddev 0.505, 0 failed
progress: 14.0 s, 223301.3 tps, lat 0.573 ms stddev 0.489, 0 failed
progress: 15.0 s, 225165.4 tps, lat 0.568 ms stddev 0.496, 0 failed
progress: 16.0 s, 224294.4 tps, lat 0.570 ms stddev 0.491, 0 failed
progress: 17.0 s, 224441.1 tps, lat 0.570 ms stddev 0.495, 0 failed
progress: 18.0 s, 223740.8 tps, lat 0.572 ms stddev 0.493, 0 failed
progress: 19.0 s, 224533.8 tps, lat 0.570 ms stddev 0.493, 0 failed
progress: 20.0 s, 224817.4 tps, lat 0.569 ms stddev 0.495, 0 failed
progress: 21.0 s, 224581.3 tps, lat 0.570 ms stddev 0.501, 0 failed
progress: 22.0 s, 224427.8 tps, lat 0.570 ms stddev 0.500, 0 failed
progress: 23.0 s, 224280.8 tps, lat 0.570 ms stddev 0.502, 0 failed
progress: 24.0 s, 224132.3 tps, lat 0.571 ms stddev 0.495, 0 failed
progress: 25.0 s, 223954.1 tps, lat 0.571 ms stddev 0.493, 0 failed
progress: 26.0 s, 223853.2 tps, lat 0.572 ms stddev 0.495, 0 failed
progress: 27.0 s, 223471.8 tps, lat 0.573 ms stddev 0.487, 0 failed
progress: 28.0 s, 223824.8 tps, lat 0.572 ms stddev 0.497, 0 failed
progress: 29.0 s, 224828.7 tps, lat 0.569 ms stddev 0.495, 0 failed
progress: 30.0 s, 223734.6 tps, lat 0.572 ms stddev 0.488, 0 failed
progress: 31.0 s, 223786.1 tps, lat 0.572 ms stddev 0.495, 0 failed
progress: 32.0 s, 223551.0 tps, lat 0.572 ms stddev 0.492, 0 failed
progress: 33.0 s, 223865.0 tps, lat 0.571 ms stddev 0.483, 0 failed
progress: 34.0 s, 225040.6 tps, lat 0.569 ms stddev 0.501, 0 failed
progress: 35.0 s, 224729.1 tps, lat 0.569 ms stddev 0.491, 0 failed
progress: 36.0 s, 223955.0 tps, lat 0.571 ms stddev 0.485, 0 failed
progress: 37.0 s, 224121.5 tps, lat 0.571 ms stddev 0.494, 0 failed
progress: 38.0 s, 224303.9 tps, lat 0.570 ms stddev 0.498, 0 failed
progress: 39.0 s, 224466.8 tps, lat 0.570 ms stddev 0.489, 0 failed
progress: 40.0 s, 223551.8 tps, lat 0.572 ms stddev 0.495, 0 failed
progress: 41.0 s, 224258.3 tps, lat 0.570 ms stddev 0.494, 0 failed
progress: 42.0 s, 224245.9 tps, lat 0.571 ms stddev 0.493, 0 failed
progress: 43.0 s, 223824.9 tps, lat 0.572 ms stddev 0.493, 0 failed
progress: 44.0 s, 222545.1 tps, lat 0.575 ms stddev 0.489, 0 failed
progress: 45.0 s, 223619.2 tps, lat 0.572 ms stddev 0.490, 0 failed
progress: 46.0 s, 223633.6 tps, lat 0.572 ms stddev 0.495, 0 failed
progress: 47.0 s, 224163.2 tps, lat 0.571 ms stddev 0.501, 0 failed
progress: 48.0 s, 223286.9 tps, lat 0.573 ms stddev 0.495, 0 failed
progress: 49.0 s, 223715.1 tps, lat 0.572 ms stddev 0.495, 0 failed
progress: 50.0 s, 223929.9 tps, lat 0.571 ms stddev 0.493, 0 failed
progress: 51.0 s, 224742.1 tps, lat 0.569 ms stddev 0.495, 0 failed
progress: 52.0 s, 223131.4 tps, lat 0.573 ms stddev 0.486, 0 failed
progress: 53.0 s, 223995.7 tps, lat 0.571 ms stddev 0.504, 0 failed
progress: 54.0 s, 224219.6 tps, lat 0.571 ms stddev 0.497, 0 failed
progress: 55.0 s, 223422.6 tps, lat 0.573 ms stddev 0.492, 0 failed
progress: 56.0 s, 224534.2 tps, lat 0.570 ms stddev 0.495, 0 failed
progress: 57.0 s, 222954.4 tps, lat 0.574 ms stddev 0.490, 0 failed
progress: 58.0 s, 223627.4 tps, lat 0.572 ms stddev 0.485, 0 failed
progress: 59.0 s, 223600.0 tps, lat 0.572 ms stddev 0.496, 0 failed
transaction type: star-1.sql
scaling factor: 1
query mode: prepared
number of clients: 128
number of threads: 128
maximum number of tries: 1
duration: 60 s
number of transactions actually processed: 13394216
number of failed transactions: 0 (0.000%)
latency average = 0.572 ms
latency stddev = 0.517 ms
initial connection time = 81.125 ms
tps = 223401.353006 (without initial connection time)
