pgbench (18devel, server 8.3.23)
progress: 1.0 s, 10183.6 tps, lat 12.098 ms stddev 25.875, 0 failed
progress: 2.0 s, 5831.8 tps, lat 21.909 ms stddev 9.664, 0 failed
progress: 3.0 s, 5979.5 tps, lat 21.453 ms stddev 9.265, 0 failed
progress: 4.0 s, 7357.6 tps, lat 17.381 ms stddev 11.331, 0 failed
progress: 5.0 s, 5919.5 tps, lat 21.602 ms stddev 9.406, 0 failed
progress: 6.0 s, 6108.4 tps, lat 20.963 ms stddev 10.105, 0 failed
progress: 7.0 s, 5911.7 tps, lat 21.668 ms stddev 10.233, 0 failed
progress: 8.0 s, 7776.6 tps, lat 16.465 ms stddev 12.174, 0 failed
progress: 9.0 s, 6117.6 tps, lat 20.864 ms stddev 10.514, 0 failed
progress: 10.0 s, 6374.6 tps, lat 20.095 ms stddev 10.907, 0 failed
progress: 11.0 s, 5954.2 tps, lat 21.465 ms stddev 10.209, 0 failed
progress: 12.0 s, 8020.0 tps, lat 16.063 ms stddev 12.295, 0 failed
progress: 13.0 s, 6459.9 tps, lat 19.747 ms stddev 10.497, 0 failed
progress: 14.0 s, 5996.7 tps, lat 21.327 ms stddev 10.052, 0 failed
progress: 15.0 s, 8535.9 tps, lat 14.966 ms stddev 12.352, 0 failed
progress: 16.0 s, 6072.3 tps, lat 21.105 ms stddev 10.208, 0 failed
progress: 17.0 s, 5932.3 tps, lat 21.603 ms stddev 10.213, 0 failed
progress: 18.0 s, 6149.5 tps, lat 20.838 ms stddev 10.222, 0 failed
progress: 19.0 s, 6577.8 tps, lat 19.393 ms stddev 10.772, 0 failed
progress: 20.0 s, 5978.3 tps, lat 21.413 ms stddev 10.220, 0 failed
progress: 21.0 s, 5960.3 tps, lat 21.485 ms stddev 9.926, 0 failed
progress: 22.0 s, 6256.4 tps, lat 20.511 ms stddev 10.313, 0 failed
progress: 23.0 s, 5961.8 tps, lat 21.418 ms stddev 10.047, 0 failed
progress: 24.0 s, 6560.6 tps, lat 19.531 ms stddev 11.063, 0 failed
progress: 25.0 s, 6079.5 tps, lat 21.048 ms stddev 10.121, 0 failed
progress: 26.0 s, 6031.4 tps, lat 21.221 ms stddev 10.131, 0 failed
progress: 27.0 s, 6231.4 tps, lat 20.500 ms stddev 10.502, 0 failed
progress: 28.0 s, 6172.0 tps, lat 20.745 ms stddev 10.474, 0 failed
progress: 29.0 s, 7486.5 tps, lat 17.074 ms stddev 11.848, 0 failed
progress: 30.0 s, 5915.2 tps, lat 21.664 ms stddev 9.968, 0 failed
progress: 31.0 s, 5947.1 tps, lat 21.525 ms stddev 10.181, 0 failed
progress: 32.0 s, 6027.0 tps, lat 21.227 ms stddev 10.236, 0 failed
progress: 33.0 s, 6158.5 tps, lat 20.795 ms stddev 10.419, 0 failed
progress: 34.0 s, 6458.0 tps, lat 20.036 ms stddev 10.999, 0 failed
progress: 35.0 s, 6279.3 tps, lat 20.169 ms stddev 11.057, 0 failed
progress: 36.0 s, 5964.3 tps, lat 21.458 ms stddev 10.232, 0 failed
progress: 37.0 s, 6003.5 tps, lat 21.312 ms stddev 9.908, 0 failed
progress: 38.0 s, 7525.4 tps, lat 16.992 ms stddev 11.446, 0 failed
progress: 39.0 s, 6112.9 tps, lat 20.986 ms stddev 10.166, 0 failed
progress: 40.0 s, 6882.6 tps, lat 18.562 ms stddev 11.381, 0 failed
progress: 41.0 s, 5955.8 tps, lat 21.477 ms stddev 9.984, 0 failed
progress: 42.0 s, 5755.3 tps, lat 22.250 ms stddev 10.590, 0 failed
progress: 43.0 s, 6114.9 tps, lat 20.905 ms stddev 10.092, 0 failed
progress: 44.0 s, 6545.6 tps, lat 19.591 ms stddev 10.691, 0 failed
progress: 45.0 s, 13627.6 tps, lat 9.382 ms stddev 11.031, 0 failed
progress: 46.0 s, 5991.4 tps, lat 21.362 ms stddev 10.060, 0 failed
progress: 47.0 s, 6071.9 tps, lat 21.216 ms stddev 10.184, 0 failed
progress: 48.0 s, 6418.8 tps, lat 19.821 ms stddev 10.689, 0 failed
progress: 49.0 s, 9334.0 tps, lat 13.688 ms stddev 12.145, 0 failed
progress: 50.0 s, 8697.2 tps, lat 14.754 ms stddev 12.191, 0 failed
progress: 51.0 s, 5972.4 tps, lat 21.438 ms stddev 9.832, 0 failed
progress: 52.0 s, 5973.4 tps, lat 21.415 ms stddev 9.949, 0 failed
progress: 53.0 s, 6559.4 tps, lat 19.474 ms stddev 10.725, 0 failed
progress: 54.0 s, 5990.1 tps, lat 21.335 ms stddev 10.254, 0 failed
progress: 55.0 s, 5933.1 tps, lat 21.619 ms stddev 10.214, 0 failed
progress: 56.0 s, 6025.7 tps, lat 21.273 ms stddev 10.236, 0 failed
progress: 57.0 s, 8713.9 tps, lat 14.685 ms stddev 12.130, 0 failed
progress: 58.0 s, 5999.8 tps, lat 21.335 ms stddev 10.146, 0 failed
progress: 59.0 s, 7985.2 tps, lat 16.025 ms stddev 12.171, 0 failed
transaction type: star-1.sql
scaling factor: 1
query mode: prepared
number of clients: 128
number of threads: 128
maximum number of tries: 1
duration: 60 s
number of transactions actually processed: 400607
number of failed transactions: 0 (0.000%)
latency average = 19.146 ms
latency stddev = 11.817 ms
initial connection time = 77.570 ms
tps = 6684.207036 (without initial connection time)
