pgbench (18devel, server 9.4.26)
progress: 1.0 s, 2180.8 tps, lat 55.617 ms stddev 31.958, 0 failed
progress: 2.0 s, 2386.9 tps, lat 53.584 ms stddev 17.448, 0 failed
progress: 3.0 s, 2325.9 tps, lat 55.511 ms stddev 18.839, 0 failed
progress: 4.0 s, 2259.5 tps, lat 55.874 ms stddev 18.334, 0 failed
progress: 5.0 s, 2305.6 tps, lat 55.235 ms stddev 18.029, 0 failed
progress: 6.0 s, 2359.0 tps, lat 54.881 ms stddev 18.008, 0 failed
progress: 7.0 s, 2344.0 tps, lat 54.690 ms stddev 17.745, 0 failed
progress: 8.0 s, 2343.0 tps, lat 54.584 ms stddev 18.532, 0 failed
progress: 9.0 s, 2334.3 tps, lat 54.832 ms stddev 18.603, 0 failed
progress: 10.0 s, 2339.0 tps, lat 54.616 ms stddev 18.210, 0 failed
progress: 11.0 s, 2327.7 tps, lat 54.925 ms stddev 18.395, 0 failed
progress: 12.0 s, 2342.9 tps, lat 54.653 ms stddev 18.113, 0 failed
progress: 13.0 s, 2334.1 tps, lat 54.799 ms stddev 17.594, 0 failed
progress: 14.0 s, 2339.0 tps, lat 54.813 ms stddev 17.278, 0 failed
progress: 15.0 s, 2330.0 tps, lat 54.623 ms stddev 18.873, 0 failed
progress: 16.0 s, 2353.0 tps, lat 54.977 ms stddev 18.393, 0 failed
progress: 17.0 s, 2320.0 tps, lat 54.821 ms stddev 18.399, 0 failed
progress: 18.0 s, 2323.0 tps, lat 54.995 ms stddev 18.499, 0 failed
progress: 19.0 s, 2342.2 tps, lat 54.775 ms stddev 18.148, 0 failed
progress: 20.0 s, 2337.7 tps, lat 54.850 ms stddev 17.793, 0 failed
progress: 21.0 s, 2319.0 tps, lat 54.939 ms stddev 18.819, 0 failed
progress: 22.0 s, 2340.0 tps, lat 54.776 ms stddev 16.356, 0 failed
progress: 23.0 s, 2332.3 tps, lat 55.211 ms stddev 18.090, 0 failed
progress: 24.0 s, 2336.7 tps, lat 54.880 ms stddev 18.132, 0 failed
progress: 25.0 s, 2323.0 tps, lat 55.117 ms stddev 17.441, 0 failed
progress: 26.0 s, 2303.0 tps, lat 54.917 ms stddev 17.530, 0 failed
progress: 27.0 s, 2339.0 tps, lat 55.009 ms stddev 17.651, 0 failed
progress: 28.0 s, 2321.0 tps, lat 54.952 ms stddev 17.831, 0 failed
progress: 29.0 s, 2335.0 tps, lat 55.102 ms stddev 19.413, 0 failed
progress: 30.0 s, 2323.0 tps, lat 54.844 ms stddev 17.861, 0 failed
progress: 31.0 s, 2318.0 tps, lat 55.130 ms stddev 18.056, 0 failed
progress: 32.0 s, 2332.0 tps, lat 54.838 ms stddev 18.326, 0 failed
progress: 33.0 s, 2332.0 tps, lat 55.416 ms stddev 17.700, 0 failed
progress: 34.0 s, 2330.0 tps, lat 55.093 ms stddev 18.632, 0 failed
progress: 35.0 s, 2332.0 tps, lat 54.850 ms stddev 19.134, 0 failed
progress: 36.0 s, 2311.0 tps, lat 54.969 ms stddev 19.277, 0 failed
progress: 37.0 s, 2343.0 tps, lat 55.190 ms stddev 17.350, 0 failed
progress: 38.0 s, 2310.0 tps, lat 55.093 ms stddev 17.585, 0 failed
progress: 39.0 s, 2322.0 tps, lat 54.852 ms stddev 18.938, 0 failed
progress: 40.0 s, 2343.0 tps, lat 55.115 ms stddev 17.680, 0 failed
progress: 41.0 s, 2313.0 tps, lat 54.961 ms stddev 18.659, 0 failed
progress: 42.0 s, 2327.0 tps, lat 55.005 ms stddev 18.447, 0 failed
progress: 43.0 s, 2320.0 tps, lat 55.064 ms stddev 18.807, 0 failed
progress: 44.0 s, 2318.0 tps, lat 55.024 ms stddev 18.637, 0 failed
progress: 45.0 s, 2331.3 tps, lat 54.976 ms stddev 17.595, 0 failed
progress: 46.0 s, 2330.7 tps, lat 55.287 ms stddev 18.753, 0 failed
progress: 47.0 s, 2322.0 tps, lat 54.926 ms stddev 17.909, 0 failed
progress: 48.0 s, 2328.0 tps, lat 55.050 ms stddev 19.029, 0 failed
progress: 49.0 s, 2316.9 tps, lat 54.978 ms stddev 17.231, 0 failed
progress: 50.0 s, 2336.1 tps, lat 55.088 ms stddev 16.844, 0 failed
progress: 51.0 s, 2341.0 tps, lat 54.980 ms stddev 16.941, 0 failed
progress: 52.0 s, 2307.0 tps, lat 55.119 ms stddev 17.530, 0 failed
progress: 53.0 s, 2319.0 tps, lat 54.985 ms stddev 18.108, 0 failed
progress: 54.0 s, 2331.0 tps, lat 55.100 ms stddev 17.267, 0 failed
progress: 55.0 s, 2324.0 tps, lat 55.071 ms stddev 18.463, 0 failed
progress: 56.0 s, 2329.0 tps, lat 55.102 ms stddev 19.250, 0 failed
progress: 57.0 s, 2317.0 tps, lat 54.935 ms stddev 17.600, 0 failed
progress: 58.0 s, 2324.3 tps, lat 55.205 ms stddev 19.530, 0 failed
progress: 59.0 s, 2320.7 tps, lat 54.935 ms stddev 17.985, 0 failed
transaction type: star-1.sql
scaling factor: 1
query mode: simple
number of clients: 128
number of threads: 128
maximum number of tries: 1
duration: 60 s
number of transactions actually processed: 139574
number of failed transactions: 0 (0.000%)
latency average = 54.979 ms
latency stddev = 18.437 ms
initial connection time = 72.457 ms
tps = 2327.236372 (without initial connection time)
