pgbench (18devel, server 9.1.24)
progress: 1.0 s, 1564.8 tps, lat 76.929 ms stddev 49.771, 0 failed
progress: 2.0 s, 1914.1 tps, lat 67.201 ms stddev 22.762, 0 failed
progress: 3.0 s, 1835.9 tps, lat 69.021 ms stddev 21.373, 0 failed
progress: 4.0 s, 1840.0 tps, lat 69.695 ms stddev 22.817, 0 failed
progress: 5.0 s, 1840.1 tps, lat 69.362 ms stddev 22.251, 0 failed
progress: 6.0 s, 1857.0 tps, lat 68.389 ms stddev 21.033, 0 failed
progress: 7.0 s, 1857.9 tps, lat 69.487 ms stddev 23.986, 0 failed
progress: 8.0 s, 1862.0 tps, lat 68.511 ms stddev 21.338, 0 failed
progress: 9.0 s, 1852.1 tps, lat 69.371 ms stddev 21.904, 0 failed
progress: 10.0 s, 1849.0 tps, lat 68.950 ms stddev 21.324, 0 failed
progress: 11.0 s, 1864.0 tps, lat 69.041 ms stddev 22.445, 0 failed
progress: 12.0 s, 1853.9 tps, lat 69.053 ms stddev 22.300, 0 failed
progress: 13.0 s, 1841.0 tps, lat 69.291 ms stddev 23.050, 0 failed
progress: 14.0 s, 1853.1 tps, lat 69.332 ms stddev 21.963, 0 failed
progress: 15.0 s, 1858.0 tps, lat 69.199 ms stddev 22.399, 0 failed
progress: 16.0 s, 1840.9 tps, lat 69.288 ms stddev 22.519, 0 failed
progress: 17.0 s, 1840.1 tps, lat 69.251 ms stddev 23.061, 0 failed
progress: 18.0 s, 1860.0 tps, lat 69.192 ms stddev 22.361, 0 failed
progress: 19.0 s, 1839.0 tps, lat 69.376 ms stddev 21.585, 0 failed
progress: 20.0 s, 1848.0 tps, lat 69.367 ms stddev 22.576, 0 failed
progress: 21.0 s, 1856.0 tps, lat 69.150 ms stddev 22.664, 0 failed
progress: 22.0 s, 1853.0 tps, lat 69.177 ms stddev 22.139, 0 failed
progress: 23.0 s, 1832.0 tps, lat 69.298 ms stddev 21.448, 0 failed
progress: 24.0 s, 1855.0 tps, lat 69.241 ms stddev 23.189, 0 failed
progress: 25.0 s, 1850.0 tps, lat 69.212 ms stddev 23.895, 0 failed
progress: 26.0 s, 1847.0 tps, lat 69.344 ms stddev 22.837, 0 failed
progress: 27.0 s, 1847.0 tps, lat 69.137 ms stddev 22.235, 0 failed
progress: 28.0 s, 1855.0 tps, lat 69.077 ms stddev 22.727, 0 failed
progress: 29.0 s, 1843.9 tps, lat 69.236 ms stddev 21.057, 0 failed
progress: 30.0 s, 1849.1 tps, lat 69.484 ms stddev 22.645, 0 failed
progress: 31.0 s, 1854.1 tps, lat 69.423 ms stddev 22.582, 0 failed
progress: 32.0 s, 1827.0 tps, lat 69.158 ms stddev 22.495, 0 failed
progress: 33.0 s, 1860.0 tps, lat 69.332 ms stddev 22.464, 0 failed
progress: 34.0 s, 1838.0 tps, lat 69.707 ms stddev 23.564, 0 failed
progress: 35.0 s, 1842.0 tps, lat 69.212 ms stddev 23.365, 0 failed
progress: 36.0 s, 1847.0 tps, lat 69.334 ms stddev 22.510, 0 failed
progress: 37.0 s, 1834.9 tps, lat 69.635 ms stddev 22.944, 0 failed
progress: 38.0 s, 1850.0 tps, lat 69.392 ms stddev 21.193, 0 failed
progress: 39.0 s, 1844.0 tps, lat 69.287 ms stddev 23.066, 0 failed
progress: 40.0 s, 1856.0 tps, lat 69.472 ms stddev 23.517, 0 failed
progress: 41.0 s, 1841.9 tps, lat 69.522 ms stddev 24.853, 0 failed
progress: 42.0 s, 1822.0 tps, lat 68.553 ms stddev 24.676, 0 failed
progress: 43.0 s, 1863.0 tps, lat 70.241 ms stddev 24.514, 0 failed
progress: 44.0 s, 1853.1 tps, lat 69.344 ms stddev 22.757, 0 failed
progress: 45.0 s, 1832.0 tps, lat 69.725 ms stddev 22.911, 0 failed
progress: 46.0 s, 1834.0 tps, lat 69.471 ms stddev 22.143, 0 failed
progress: 47.0 s, 1840.0 tps, lat 69.387 ms stddev 22.772, 0 failed
progress: 48.0 s, 1844.0 tps, lat 69.677 ms stddev 21.777, 0 failed
progress: 49.0 s, 1841.0 tps, lat 69.508 ms stddev 23.137, 0 failed
progress: 50.0 s, 1845.9 tps, lat 69.339 ms stddev 22.662, 0 failed
progress: 51.0 s, 1845.6 tps, lat 69.472 ms stddev 22.623, 0 failed
progress: 52.0 s, 1828.4 tps, lat 69.463 ms stddev 21.668, 0 failed
progress: 53.0 s, 1833.0 tps, lat 69.710 ms stddev 21.975, 0 failed
progress: 54.0 s, 1851.0 tps, lat 69.804 ms stddev 21.454, 0 failed
progress: 55.0 s, 1843.0 tps, lat 69.534 ms stddev 22.102, 0 failed
progress: 56.0 s, 1832.7 tps, lat 69.512 ms stddev 22.846, 0 failed
progress: 57.0 s, 1831.3 tps, lat 69.725 ms stddev 22.406, 0 failed
progress: 58.0 s, 1842.9 tps, lat 69.321 ms stddev 22.933, 0 failed
progress: 59.0 s, 1852.1 tps, lat 69.594 ms stddev 22.569, 0 failed
transaction type: star-1.sql
scaling factor: 1
query mode: simple
number of clients: 128
number of threads: 128
maximum number of tries: 1
duration: 60 s
number of transactions actually processed: 110557
number of failed transactions: 0 (0.000%)
latency average = 69.411 ms
latency stddev = 23.191 ms
initial connection time = 74.204 ms
tps = 1843.341253 (without initial connection time)
