pgbench (18devel, server 9.1.24)
progress: 1.0 s, 1303.5 tps, lat 161.727 ms stddev 188.416, 0 failed
progress: 2.0 s, 1765.6 tps, lat 152.467 ms stddev 101.198, 0 failed
progress: 3.0 s, 1766.4 tps, lat 146.356 ms stddev 39.464, 0 failed
progress: 4.0 s, 1729.0 tps, lat 144.811 ms stddev 33.793, 0 failed
progress: 5.0 s, 1790.5 tps, lat 145.840 ms stddev 46.662, 0 failed
progress: 6.0 s, 1745.0 tps, lat 144.907 ms stddev 34.602, 0 failed
progress: 7.0 s, 1792.9 tps, lat 144.758 ms stddev 33.083, 0 failed
progress: 8.0 s, 1793.6 tps, lat 143.685 ms stddev 31.384, 0 failed
progress: 9.0 s, 1752.0 tps, lat 143.356 ms stddev 35.052, 0 failed
progress: 10.0 s, 1811.0 tps, lat 144.219 ms stddev 40.737, 0 failed
progress: 11.0 s, 1771.0 tps, lat 143.152 ms stddev 34.685, 0 failed
progress: 12.0 s, 1780.6 tps, lat 144.258 ms stddev 37.058, 0 failed
progress: 13.0 s, 1777.4 tps, lat 143.335 ms stddev 34.674, 0 failed
progress: 14.0 s, 1785.0 tps, lat 144.235 ms stddev 33.286, 0 failed
progress: 15.0 s, 1755.5 tps, lat 144.591 ms stddev 37.397, 0 failed
progress: 16.0 s, 1783.0 tps, lat 144.431 ms stddev 36.685, 0 failed
progress: 17.0 s, 1773.2 tps, lat 143.160 ms stddev 34.930, 0 failed
progress: 18.0 s, 1776.4 tps, lat 144.445 ms stddev 33.230, 0 failed
progress: 19.0 s, 1789.0 tps, lat 143.977 ms stddev 35.967, 0 failed
progress: 20.0 s, 1756.5 tps, lat 143.431 ms stddev 38.640, 0 failed
progress: 21.0 s, 1751.9 tps, lat 144.289 ms stddev 42.681, 0 failed
progress: 22.0 s, 1825.9 tps, lat 144.219 ms stddev 47.892, 0 failed
progress: 23.0 s, 1774.3 tps, lat 144.990 ms stddev 35.244, 0 failed
progress: 24.0 s, 1746.9 tps, lat 144.605 ms stddev 33.097, 0 failed
progress: 25.0 s, 1795.4 tps, lat 145.452 ms stddev 37.125, 0 failed
progress: 26.0 s, 1729.0 tps, lat 146.396 ms stddev 37.029, 0 failed
progress: 27.0 s, 1767.6 tps, lat 143.303 ms stddev 38.834, 0 failed
progress: 28.0 s, 1786.0 tps, lat 145.696 ms stddev 44.990, 0 failed
progress: 29.0 s, 1742.9 tps, lat 145.636 ms stddev 43.621, 0 failed
progress: 30.0 s, 1752.1 tps, lat 146.604 ms stddev 41.978, 0 failed
progress: 31.0 s, 1755.1 tps, lat 144.808 ms stddev 39.236, 0 failed
progress: 32.0 s, 1751.5 tps, lat 144.843 ms stddev 38.283, 0 failed
progress: 33.0 s, 1763.5 tps, lat 147.052 ms stddev 34.678, 0 failed
progress: 34.0 s, 1739.0 tps, lat 145.684 ms stddev 33.396, 0 failed
progress: 35.0 s, 1780.2 tps, lat 144.134 ms stddev 40.224, 0 failed
progress: 36.0 s, 1755.8 tps, lat 145.863 ms stddev 45.045, 0 failed
progress: 37.0 s, 1758.5 tps, lat 145.113 ms stddev 37.740, 0 failed
progress: 38.0 s, 1756.0 tps, lat 145.707 ms stddev 35.971, 0 failed
progress: 39.0 s, 1802.7 tps, lat 144.919 ms stddev 37.062, 0 failed
progress: 40.0 s, 1766.0 tps, lat 142.364 ms stddev 44.048, 0 failed
progress: 41.0 s, 1768.4 tps, lat 146.808 ms stddev 69.567, 0 failed
progress: 42.0 s, 1748.5 tps, lat 144.928 ms stddev 37.358, 0 failed
progress: 43.0 s, 1775.0 tps, lat 144.886 ms stddev 33.546, 0 failed
progress: 44.0 s, 1763.0 tps, lat 144.643 ms stddev 37.308, 0 failed
progress: 45.0 s, 1765.0 tps, lat 145.076 ms stddev 34.773, 0 failed
progress: 46.0 s, 1783.1 tps, lat 144.480 ms stddev 31.635, 0 failed
progress: 47.0 s, 1782.0 tps, lat 143.467 ms stddev 36.525, 0 failed
progress: 48.0 s, 1732.0 tps, lat 144.937 ms stddev 37.111, 0 failed
progress: 49.0 s, 1788.8 tps, lat 145.006 ms stddev 41.183, 0 failed
progress: 50.0 s, 1761.1 tps, lat 146.072 ms stddev 41.680, 0 failed
progress: 51.0 s, 1769.4 tps, lat 144.805 ms stddev 41.717, 0 failed
progress: 52.0 s, 1770.6 tps, lat 143.237 ms stddev 50.054, 0 failed
progress: 53.0 s, 1752.8 tps, lat 147.339 ms stddev 41.181, 0 failed
progress: 54.0 s, 1766.6 tps, lat 145.151 ms stddev 41.509, 0 failed
progress: 55.0 s, 1745.0 tps, lat 146.332 ms stddev 36.392, 0 failed
progress: 56.0 s, 1740.0 tps, lat 145.759 ms stddev 34.370, 0 failed
progress: 57.0 s, 1768.6 tps, lat 144.480 ms stddev 36.672, 0 failed
progress: 58.0 s, 1770.9 tps, lat 145.885 ms stddev 37.752, 0 failed
progress: 59.0 s, 1753.1 tps, lat 146.727 ms stddev 35.363, 0 failed
transaction type: star-1.sql
scaling factor: 1
query mode: simple
number of clients: 256
number of threads: 256
maximum number of tries: 1
duration: 60 s
number of transactions actually processed: 105644
number of failed transactions: 0 (0.000%)
latency average = 145.169 ms
latency stddev = 45.707 ms
initial connection time = 142.478 ms
tps = 1762.066043 (without initial connection time)
