pgbench (18devel, server 10.23)
progress: 1.0 s, 63099.3 tps, lat 1.970 ms stddev 2.809, 0 failed
progress: 2.0 s, 69460.2 tps, lat 1.842 ms stddev 1.874, 0 failed
progress: 3.0 s, 68576.0 tps, lat 1.866 ms stddev 1.912, 0 failed
progress: 4.0 s, 68764.5 tps, lat 1.862 ms stddev 1.902, 0 failed
progress: 5.0 s, 69262.5 tps, lat 1.847 ms stddev 1.884, 0 failed
progress: 6.0 s, 69275.6 tps, lat 1.847 ms stddev 1.882, 0 failed
progress: 7.0 s, 68733.3 tps, lat 1.863 ms stddev 1.905, 0 failed
progress: 8.0 s, 68813.0 tps, lat 1.859 ms stddev 1.916, 0 failed
progress: 9.0 s, 68819.8 tps, lat 1.859 ms stddev 1.912, 0 failed
progress: 10.0 s, 69308.1 tps, lat 1.847 ms stddev 1.872, 0 failed
progress: 11.0 s, 68874.8 tps, lat 1.858 ms stddev 1.919, 0 failed
progress: 12.0 s, 68741.2 tps, lat 1.862 ms stddev 1.918, 0 failed
progress: 13.0 s, 68719.1 tps, lat 1.862 ms stddev 1.914, 0 failed
progress: 14.0 s, 69260.9 tps, lat 1.848 ms stddev 1.886, 0 failed
progress: 15.0 s, 68325.7 tps, lat 1.873 ms stddev 1.941, 0 failed
progress: 16.0 s, 68533.2 tps, lat 1.869 ms stddev 1.932, 0 failed
progress: 17.0 s, 68975.2 tps, lat 1.854 ms stddev 1.900, 0 failed
progress: 18.0 s, 69502.7 tps, lat 1.842 ms stddev 1.868, 0 failed
progress: 19.0 s, 68606.1 tps, lat 1.865 ms stddev 1.914, 0 failed
progress: 20.0 s, 69254.1 tps, lat 1.848 ms stddev 1.884, 0 failed
progress: 21.0 s, 69470.8 tps, lat 1.842 ms stddev 1.865, 0 failed
progress: 22.0 s, 69557.3 tps, lat 1.839 ms stddev 1.886, 0 failed
progress: 23.0 s, 68914.9 tps, lat 1.858 ms stddev 1.916, 0 failed
progress: 24.0 s, 69322.9 tps, lat 1.845 ms stddev 1.885, 0 failed
progress: 25.0 s, 69053.8 tps, lat 1.854 ms stddev 1.894, 0 failed
progress: 26.0 s, 69431.3 tps, lat 1.843 ms stddev 1.876, 0 failed
progress: 27.0 s, 68683.0 tps, lat 1.864 ms stddev 1.915, 0 failed
progress: 28.0 s, 69014.9 tps, lat 1.854 ms stddev 1.907, 0 failed
progress: 29.0 s, 68738.9 tps, lat 1.862 ms stddev 1.915, 0 failed
progress: 30.0 s, 69176.2 tps, lat 1.850 ms stddev 1.905, 0 failed
progress: 31.0 s, 68858.2 tps, lat 1.859 ms stddev 1.921, 0 failed
progress: 32.0 s, 69164.7 tps, lat 1.850 ms stddev 1.899, 0 failed
progress: 33.0 s, 69222.2 tps, lat 1.849 ms stddev 1.900, 0 failed
progress: 34.0 s, 69165.8 tps, lat 1.850 ms stddev 1.898, 0 failed
progress: 35.0 s, 69090.1 tps, lat 1.853 ms stddev 1.913, 0 failed
progress: 36.0 s, 68541.9 tps, lat 1.867 ms stddev 1.930, 0 failed
progress: 37.0 s, 68645.2 tps, lat 1.864 ms stddev 1.935, 0 failed
progress: 38.0 s, 69347.8 tps, lat 1.846 ms stddev 1.896, 0 failed
progress: 39.0 s, 68743.3 tps, lat 1.862 ms stddev 1.924, 0 failed
progress: 40.0 s, 68418.8 tps, lat 1.870 ms stddev 1.943, 0 failed
progress: 41.0 s, 69189.0 tps, lat 1.850 ms stddev 1.916, 0 failed
progress: 42.0 s, 69104.2 tps, lat 1.852 ms stddev 1.910, 0 failed
progress: 43.0 s, 68755.8 tps, lat 1.861 ms stddev 1.929, 0 failed
progress: 44.0 s, 68556.0 tps, lat 1.867 ms stddev 1.925, 0 failed
progress: 45.0 s, 68858.1 tps, lat 1.859 ms stddev 1.920, 0 failed
progress: 46.0 s, 69669.0 tps, lat 1.837 ms stddev 1.875, 0 failed
progress: 47.0 s, 68728.1 tps, lat 1.862 ms stddev 1.926, 0 failed
progress: 48.0 s, 68944.6 tps, lat 1.856 ms stddev 1.921, 0 failed
progress: 49.0 s, 68656.0 tps, lat 1.865 ms stddev 1.923, 0 failed
progress: 50.0 s, 69226.3 tps, lat 1.848 ms stddev 1.902, 0 failed
progress: 51.0 s, 69077.1 tps, lat 1.854 ms stddev 1.927, 0 failed
progress: 52.0 s, 68924.9 tps, lat 1.857 ms stddev 1.916, 0 failed
progress: 53.0 s, 69029.1 tps, lat 1.854 ms stddev 1.907, 0 failed
progress: 54.0 s, 69027.1 tps, lat 1.854 ms stddev 1.900, 0 failed
progress: 55.0 s, 68446.9 tps, lat 1.870 ms stddev 1.936, 0 failed
progress: 56.0 s, 68826.1 tps, lat 1.859 ms stddev 1.927, 0 failed
progress: 57.0 s, 69397.7 tps, lat 1.845 ms stddev 1.896, 0 failed
progress: 58.0 s, 69171.0 tps, lat 1.850 ms stddev 1.907, 0 failed
progress: 59.0 s, 68518.0 tps, lat 1.868 ms stddev 1.928, 0 failed
transaction type: star-1-left.sql
scaling factor: 1
query mode: prepared
number of clients: 128
number of threads: 128
maximum number of tries: 1
duration: 60 s
number of transactions actually processed: 4129694
number of failed transactions: 0 (0.000%)
latency average = 1.857 ms
latency stddev = 1.926 ms
initial connection time = 75.752 ms
tps = 68878.349220 (without initial connection time)
