pgbench (18devel, server 10.23)
progress: 1.0 s, 76328.9 tps, lat 0.825 ms stddev 1.034, 0 failed
progress: 2.0 s, 77900.9 tps, lat 0.821 ms stddev 0.770, 0 failed
progress: 3.0 s, 77933.9 tps, lat 0.821 ms stddev 0.765, 0 failed
progress: 4.0 s, 77562.6 tps, lat 0.825 ms stddev 0.776, 0 failed
progress: 5.0 s, 79225.4 tps, lat 0.807 ms stddev 0.741, 0 failed
progress: 6.0 s, 77980.9 tps, lat 0.821 ms stddev 0.772, 0 failed
progress: 7.0 s, 77941.2 tps, lat 0.821 ms stddev 0.771, 0 failed
progress: 8.0 s, 78150.7 tps, lat 0.819 ms stddev 0.774, 0 failed
progress: 9.0 s, 80162.2 tps, lat 0.798 ms stddev 0.733, 0 failed
progress: 10.0 s, 78038.1 tps, lat 0.820 ms stddev 0.770, 0 failed
progress: 11.0 s, 77855.7 tps, lat 0.822 ms stddev 0.776, 0 failed
progress: 12.0 s, 77972.2 tps, lat 0.820 ms stddev 0.770, 0 failed
progress: 13.0 s, 79879.8 tps, lat 0.801 ms stddev 0.739, 0 failed
progress: 14.0 s, 77531.2 tps, lat 0.825 ms stddev 0.776, 0 failed
progress: 15.0 s, 77129.9 tps, lat 0.829 ms stddev 0.785, 0 failed
progress: 16.0 s, 77269.4 tps, lat 0.828 ms stddev 0.781, 0 failed
progress: 17.0 s, 79944.7 tps, lat 0.800 ms stddev 0.733, 0 failed
progress: 18.0 s, 77882.6 tps, lat 0.821 ms stddev 0.771, 0 failed
progress: 19.0 s, 77718.7 tps, lat 0.823 ms stddev 0.773, 0 failed
progress: 20.0 s, 77972.6 tps, lat 0.821 ms stddev 0.767, 0 failed
progress: 21.0 s, 80084.2 tps, lat 0.799 ms stddev 0.736, 0 failed
progress: 22.0 s, 77755.9 tps, lat 0.823 ms stddev 0.774, 0 failed
progress: 23.0 s, 78018.1 tps, lat 0.820 ms stddev 0.772, 0 failed
progress: 24.0 s, 77264.1 tps, lat 0.828 ms stddev 0.778, 0 failed
progress: 25.0 s, 79426.8 tps, lat 0.805 ms stddev 0.744, 0 failed
progress: 26.0 s, 77992.2 tps, lat 0.821 ms stddev 0.772, 0 failed
progress: 27.0 s, 77816.0 tps, lat 0.822 ms stddev 0.777, 0 failed
progress: 28.0 s, 77884.7 tps, lat 0.821 ms stddev 0.776, 0 failed
progress: 29.0 s, 79913.3 tps, lat 0.800 ms stddev 0.739, 0 failed
progress: 30.0 s, 77510.5 tps, lat 0.825 ms stddev 0.785, 0 failed
progress: 31.0 s, 80144.6 tps, lat 0.798 ms stddev 0.736, 0 failed
progress: 32.0 s, 77779.7 tps, lat 0.823 ms stddev 0.770, 0 failed
progress: 33.0 s, 80021.4 tps, lat 0.799 ms stddev 0.736, 0 failed
progress: 34.0 s, 78116.0 tps, lat 0.819 ms stddev 0.772, 0 failed
progress: 35.0 s, 77954.5 tps, lat 0.821 ms stddev 0.768, 0 failed
progress: 36.0 s, 77993.2 tps, lat 0.820 ms stddev 0.772, 0 failed
progress: 37.0 s, 79777.2 tps, lat 0.802 ms stddev 0.742, 0 failed
progress: 38.0 s, 77499.0 tps, lat 0.825 ms stddev 0.788, 0 failed
progress: 39.0 s, 77357.9 tps, lat 0.827 ms stddev 0.780, 0 failed
progress: 40.0 s, 78374.0 tps, lat 0.816 ms stddev 0.769, 0 failed
progress: 41.0 s, 79974.1 tps, lat 0.800 ms stddev 0.736, 0 failed
progress: 42.0 s, 77934.6 tps, lat 0.821 ms stddev 0.775, 0 failed
progress: 43.0 s, 77778.3 tps, lat 0.823 ms stddev 0.778, 0 failed
progress: 44.0 s, 77901.0 tps, lat 0.821 ms stddev 0.771, 0 failed
progress: 45.0 s, 79387.8 tps, lat 0.806 ms stddev 0.743, 0 failed
progress: 46.0 s, 77198.3 tps, lat 0.829 ms stddev 0.784, 0 failed
progress: 47.0 s, 77463.3 tps, lat 0.826 ms stddev 0.781, 0 failed
progress: 48.0 s, 77767.6 tps, lat 0.823 ms stddev 0.778, 0 failed
progress: 49.0 s, 79902.8 tps, lat 0.801 ms stddev 0.737, 0 failed
progress: 50.0 s, 77456.0 tps, lat 0.826 ms stddev 0.779, 0 failed
progress: 51.0 s, 77577.2 tps, lat 0.825 ms stddev 0.780, 0 failed
progress: 52.0 s, 78138.0 tps, lat 0.819 ms stddev 0.768, 0 failed
progress: 53.0 s, 79268.5 tps, lat 0.807 ms stddev 0.747, 0 failed
progress: 54.0 s, 77914.4 tps, lat 0.821 ms stddev 0.777, 0 failed
progress: 55.0 s, 78023.6 tps, lat 0.820 ms stddev 0.773, 0 failed
progress: 56.0 s, 77970.1 tps, lat 0.821 ms stddev 0.766, 0 failed
progress: 57.0 s, 80773.5 tps, lat 0.792 ms stddev 0.724, 0 failed
progress: 58.0 s, 77387.8 tps, lat 0.827 ms stddev 0.783, 0 failed
progress: 59.0 s, 77354.1 tps, lat 0.827 ms stddev 0.783, 0 failed
transaction type: star-1-left.sql
scaling factor: 1
query mode: prepared
number of clients: 64
number of threads: 64
maximum number of tries: 1
duration: 60 s
number of transactions actually processed: 4694560
number of failed transactions: 0 (0.000%)
latency average = 0.817 ms
latency stddev = 0.771 ms
initial connection time = 42.704 ms
tps = 78293.554868 (without initial connection time)
