pgbench (18devel, server 9.0.23)
progress: 1.0 s, 726.9 tps, lat 21.625 ms stddev 1.767, 0 failed
progress: 2.0 s, 755.0 tps, lat 21.270 ms stddev 0.221, 0 failed
progress: 3.0 s, 753.0 tps, lat 21.194 ms stddev 0.208, 0 failed
progress: 4.0 s, 755.0 tps, lat 21.158 ms stddev 0.219, 0 failed
progress: 5.0 s, 759.0 tps, lat 21.153 ms stddev 0.206, 0 failed
progress: 6.0 s, 755.0 tps, lat 21.160 ms stddev 0.192, 0 failed
progress: 7.0 s, 757.0 tps, lat 21.139 ms stddev 0.215, 0 failed
progress: 8.0 s, 756.0 tps, lat 21.143 ms stddev 0.183, 0 failed
progress: 9.0 s, 755.0 tps, lat 21.161 ms stddev 0.217, 0 failed
progress: 10.0 s, 758.0 tps, lat 21.170 ms stddev 0.240, 0 failed
progress: 11.0 s, 756.0 tps, lat 21.123 ms stddev 0.200, 0 failed
progress: 12.0 s, 758.0 tps, lat 21.118 ms stddev 0.210, 0 failed
progress: 13.0 s, 757.0 tps, lat 21.150 ms stddev 0.195, 0 failed
progress: 14.0 s, 756.0 tps, lat 21.167 ms stddev 0.204, 0 failed
progress: 15.0 s, 757.0 tps, lat 21.163 ms stddev 0.209, 0 failed
progress: 16.0 s, 755.0 tps, lat 21.152 ms stddev 0.191, 0 failed
progress: 17.0 s, 756.0 tps, lat 21.146 ms stddev 0.194, 0 failed
progress: 18.0 s, 757.0 tps, lat 21.178 ms stddev 0.219, 0 failed
progress: 19.0 s, 755.0 tps, lat 21.190 ms stddev 0.210, 0 failed
progress: 20.0 s, 755.0 tps, lat 21.183 ms stddev 0.225, 0 failed
progress: 21.0 s, 755.0 tps, lat 21.184 ms stddev 0.216, 0 failed
progress: 22.0 s, 757.0 tps, lat 21.168 ms stddev 0.231, 0 failed
progress: 23.0 s, 758.0 tps, lat 21.153 ms stddev 0.234, 0 failed
progress: 24.0 s, 754.0 tps, lat 21.153 ms stddev 0.229, 0 failed
progress: 25.0 s, 755.0 tps, lat 21.139 ms stddev 0.211, 0 failed
progress: 26.0 s, 757.0 tps, lat 21.131 ms stddev 0.226, 0 failed
progress: 27.0 s, 759.0 tps, lat 21.145 ms stddev 0.217, 0 failed
progress: 28.0 s, 756.0 tps, lat 21.154 ms stddev 0.226, 0 failed
progress: 29.0 s, 758.0 tps, lat 21.139 ms stddev 0.226, 0 failed
progress: 30.0 s, 757.0 tps, lat 21.144 ms stddev 0.213, 0 failed
progress: 31.0 s, 757.0 tps, lat 21.126 ms stddev 0.204, 0 failed
progress: 32.0 s, 755.0 tps, lat 21.130 ms stddev 0.204, 0 failed
progress: 33.0 s, 761.0 tps, lat 21.107 ms stddev 0.215, 0 failed
progress: 34.0 s, 758.0 tps, lat 21.091 ms stddev 0.237, 0 failed
progress: 35.0 s, 755.0 tps, lat 21.129 ms stddev 0.194, 0 failed
progress: 36.0 s, 760.0 tps, lat 21.114 ms stddev 0.196, 0 failed
progress: 37.0 s, 758.0 tps, lat 21.098 ms stddev 0.178, 0 failed
progress: 38.0 s, 761.0 tps, lat 21.092 ms stddev 0.178, 0 failed
progress: 39.0 s, 756.0 tps, lat 21.131 ms stddev 0.216, 0 failed
progress: 40.0 s, 757.0 tps, lat 21.100 ms stddev 0.201, 0 failed
progress: 41.0 s, 756.0 tps, lat 21.124 ms stddev 0.212, 0 failed
progress: 42.0 s, 759.0 tps, lat 21.117 ms stddev 0.194, 0 failed
progress: 43.0 s, 756.0 tps, lat 21.137 ms stddev 0.200, 0 failed
progress: 44.0 s, 756.0 tps, lat 21.103 ms stddev 0.206, 0 failed
progress: 45.0 s, 757.0 tps, lat 21.146 ms stddev 0.268, 0 failed
progress: 46.0 s, 755.0 tps, lat 21.171 ms stddev 0.248, 0 failed
progress: 47.0 s, 760.0 tps, lat 21.108 ms stddev 0.210, 0 failed
progress: 48.0 s, 759.0 tps, lat 21.072 ms stddev 0.207, 0 failed
progress: 49.0 s, 758.0 tps, lat 21.121 ms stddev 0.242, 0 failed
progress: 50.0 s, 757.0 tps, lat 21.140 ms stddev 0.247, 0 failed
progress: 51.0 s, 757.0 tps, lat 21.114 ms stddev 0.217, 0 failed
progress: 52.0 s, 759.0 tps, lat 21.146 ms stddev 0.215, 0 failed
progress: 53.0 s, 755.0 tps, lat 21.173 ms stddev 0.213, 0 failed
progress: 54.0 s, 755.0 tps, lat 21.182 ms stddev 0.191, 0 failed
progress: 55.0 s, 754.0 tps, lat 21.159 ms stddev 0.192, 0 failed
progress: 56.0 s, 758.0 tps, lat 21.171 ms stddev 0.220, 0 failed
progress: 57.0 s, 757.0 tps, lat 21.158 ms stddev 0.189, 0 failed
progress: 58.0 s, 755.0 tps, lat 21.163 ms stddev 0.204, 0 failed
progress: 59.0 s, 757.0 tps, lat 21.167 ms stddev 0.221, 0 failed
transaction type: star-1.sql
scaling factor: 1
query mode: simple
number of clients: 16
number of threads: 16
maximum number of tries: 1
duration: 60 s
number of transactions actually processed: 45380
number of failed transactions: 0 (0.000%)
latency average = 21.154 ms
latency stddev = 0.315 ms
initial connection time = 11.457 ms
tps = 756.220946 (without initial connection time)
