pgbench (18devel, server 15.8)
progress: 1.0 s, 6732.4 tps, lat 2.359 ms stddev 0.344, 0 failed
progress: 2.0 s, 6838.0 tps, lat 2.340 ms stddev 0.049, 0 failed
progress: 3.0 s, 6754.2 tps, lat 2.368 ms stddev 0.037, 0 failed
progress: 4.0 s, 6755.0 tps, lat 2.368 ms stddev 0.059, 0 failed
progress: 5.0 s, 6779.7 tps, lat 2.359 ms stddev 0.037, 0 failed
progress: 6.0 s, 6779.3 tps, lat 2.360 ms stddev 0.041, 0 failed
progress: 7.0 s, 6769.0 tps, lat 2.363 ms stddev 0.042, 0 failed
progress: 8.0 s, 6825.8 tps, lat 2.344 ms stddev 0.047, 0 failed
progress: 9.0 s, 6795.2 tps, lat 2.354 ms stddev 0.041, 0 failed
progress: 10.0 s, 6708.8 tps, lat 2.384 ms stddev 0.225, 0 failed
progress: 11.0 s, 6802.2 tps, lat 2.351 ms stddev 0.040, 0 failed
progress: 12.0 s, 6809.7 tps, lat 2.349 ms stddev 0.040, 0 failed
progress: 13.0 s, 6762.0 tps, lat 2.365 ms stddev 0.036, 0 failed
progress: 14.0 s, 6816.1 tps, lat 2.348 ms stddev 0.037, 0 failed
progress: 15.0 s, 6768.0 tps, lat 2.363 ms stddev 0.035, 0 failed
progress: 16.0 s, 6808.0 tps, lat 2.350 ms stddev 0.039, 0 failed
progress: 17.0 s, 6791.2 tps, lat 2.356 ms stddev 0.038, 0 failed
progress: 18.0 s, 6831.7 tps, lat 2.341 ms stddev 0.043, 0 failed
progress: 19.0 s, 6804.0 tps, lat 2.351 ms stddev 0.041, 0 failed
progress: 20.0 s, 6809.0 tps, lat 2.348 ms stddev 0.041, 0 failed
progress: 21.0 s, 6834.0 tps, lat 2.342 ms stddev 0.041, 0 failed
progress: 22.0 s, 6780.0 tps, lat 2.360 ms stddev 0.038, 0 failed
progress: 23.0 s, 6767.9 tps, lat 2.364 ms stddev 0.043, 0 failed
progress: 24.0 s, 6797.2 tps, lat 2.353 ms stddev 0.037, 0 failed
progress: 25.0 s, 6818.0 tps, lat 2.346 ms stddev 0.044, 0 failed
progress: 26.0 s, 6818.9 tps, lat 2.346 ms stddev 0.039, 0 failed
progress: 27.0 s, 6842.0 tps, lat 2.338 ms stddev 0.040, 0 failed
progress: 28.0 s, 6804.0 tps, lat 2.351 ms stddev 0.044, 0 failed
progress: 29.0 s, 6777.3 tps, lat 2.361 ms stddev 0.040, 0 failed
progress: 30.0 s, 6785.0 tps, lat 2.357 ms stddev 0.037, 0 failed
progress: 31.0 s, 6801.0 tps, lat 2.353 ms stddev 0.039, 0 failed
progress: 32.0 s, 6824.7 tps, lat 2.344 ms stddev 0.040, 0 failed
progress: 33.0 s, 6828.3 tps, lat 2.342 ms stddev 0.043, 0 failed
progress: 34.0 s, 6796.8 tps, lat 2.354 ms stddev 0.043, 0 failed
progress: 35.0 s, 6797.9 tps, lat 2.353 ms stddev 0.038, 0 failed
progress: 36.0 s, 6789.3 tps, lat 2.356 ms stddev 0.041, 0 failed
progress: 37.0 s, 6821.7 tps, lat 2.345 ms stddev 0.047, 0 failed
progress: 38.0 s, 6787.0 tps, lat 2.357 ms stddev 0.040, 0 failed
progress: 39.0 s, 6819.0 tps, lat 2.345 ms stddev 0.040, 0 failed
progress: 40.0 s, 6806.0 tps, lat 2.350 ms stddev 0.039, 0 failed
progress: 41.0 s, 6805.0 tps, lat 2.351 ms stddev 0.035, 0 failed
progress: 42.0 s, 6805.0 tps, lat 2.350 ms stddev 0.041, 0 failed
progress: 43.0 s, 6816.0 tps, lat 2.347 ms stddev 0.037, 0 failed
progress: 44.0 s, 6809.0 tps, lat 2.350 ms stddev 0.038, 0 failed
progress: 45.0 s, 6828.0 tps, lat 2.344 ms stddev 0.036, 0 failed
progress: 46.0 s, 6809.0 tps, lat 2.349 ms stddev 0.038, 0 failed
progress: 47.0 s, 6807.2 tps, lat 2.350 ms stddev 0.037, 0 failed
progress: 48.0 s, 6808.8 tps, lat 2.349 ms stddev 0.037, 0 failed
progress: 49.0 s, 6801.0 tps, lat 2.352 ms stddev 0.037, 0 failed
progress: 50.0 s, 6803.3 tps, lat 2.353 ms stddev 0.039, 0 failed
progress: 51.0 s, 6777.0 tps, lat 2.359 ms stddev 0.035, 0 failed
progress: 52.0 s, 6819.7 tps, lat 2.345 ms stddev 0.038, 0 failed
progress: 53.0 s, 6798.9 tps, lat 2.354 ms stddev 0.040, 0 failed
progress: 54.0 s, 6788.4 tps, lat 2.357 ms stddev 0.041, 0 failed
progress: 55.0 s, 6807.7 tps, lat 2.351 ms stddev 0.038, 0 failed
progress: 56.0 s, 6806.0 tps, lat 2.349 ms stddev 0.036, 0 failed
progress: 57.0 s, 6789.3 tps, lat 2.356 ms stddev 0.038, 0 failed
progress: 58.0 s, 6801.8 tps, lat 2.352 ms stddev 0.041, 0 failed
progress: 59.0 s, 6801.3 tps, lat 2.352 ms stddev 0.040, 0 failed
transaction type: star-1-left.sql
scaling factor: 1
query mode: simple
number of clients: 16
number of threads: 16
maximum number of tries: 1
duration: 60 s
number of transactions actually processed: 407873
number of failed transactions: 0 (0.000%)
latency average = 2.353 ms
latency stddev = 0.066 ms
initial connection time = 12.361 ms
tps = 6798.991002 (without initial connection time)
