pgbench (18devel, server 13.16)
progress: 1.0 s, 26658.4 tps, lat 9.099 ms stddev 37.456, 0 failed
progress: 2.0 s, 78987.1 tps, lat 3.241 ms stddev 3.622, 0 failed
progress: 3.0 s, 81517.1 tps, lat 3.139 ms stddev 3.458, 0 failed
progress: 4.0 s, 79400.8 tps, lat 3.225 ms stddev 3.630, 0 failed
progress: 5.0 s, 80182.5 tps, lat 3.194 ms stddev 3.580, 0 failed
progress: 6.0 s, 79946.7 tps, lat 3.200 ms stddev 3.577, 0 failed
progress: 7.0 s, 81948.2 tps, lat 3.124 ms stddev 3.449, 0 failed
progress: 8.0 s, 79419.8 tps, lat 3.223 ms stddev 3.671, 0 failed
progress: 9.0 s, 79218.0 tps, lat 3.232 ms stddev 3.628, 0 failed
progress: 10.0 s, 79222.2 tps, lat 3.229 ms stddev 3.616, 0 failed
progress: 11.0 s, 81672.0 tps, lat 3.134 ms stddev 3.477, 0 failed
progress: 12.0 s, 78676.9 tps, lat 3.254 ms stddev 3.672, 0 failed
progress: 13.0 s, 78092.1 tps, lat 3.280 ms stddev 3.655, 0 failed
progress: 14.0 s, 79037.8 tps, lat 3.240 ms stddev 3.655, 0 failed
progress: 15.0 s, 80534.3 tps, lat 3.178 ms stddev 3.544, 0 failed
progress: 16.0 s, 79330.9 tps, lat 3.225 ms stddev 3.654, 0 failed
progress: 17.0 s, 79621.9 tps, lat 3.216 ms stddev 3.622, 0 failed
progress: 18.0 s, 79823.8 tps, lat 3.208 ms stddev 3.605, 0 failed
progress: 19.0 s, 80794.0 tps, lat 3.166 ms stddev 3.525, 0 failed
progress: 20.0 s, 79070.5 tps, lat 3.238 ms stddev 3.660, 0 failed
progress: 21.0 s, 79410.8 tps, lat 3.223 ms stddev 3.614, 0 failed
progress: 22.0 s, 79582.0 tps, lat 3.220 ms stddev 3.636, 0 failed
progress: 23.0 s, 81195.8 tps, lat 3.151 ms stddev 3.480, 0 failed
progress: 24.0 s, 79738.4 tps, lat 3.210 ms stddev 3.624, 0 failed
progress: 25.0 s, 79351.4 tps, lat 3.225 ms stddev 3.677, 0 failed
progress: 26.0 s, 79464.3 tps, lat 3.223 ms stddev 3.654, 0 failed
progress: 27.0 s, 81089.8 tps, lat 3.154 ms stddev 3.517, 0 failed
progress: 28.0 s, 79266.2 tps, lat 3.232 ms stddev 3.633, 0 failed
progress: 29.0 s, 79051.7 tps, lat 3.238 ms stddev 3.650, 0 failed
progress: 30.0 s, 79015.8 tps, lat 3.240 ms stddev 3.648, 0 failed
progress: 31.0 s, 80499.4 tps, lat 3.179 ms stddev 3.558, 0 failed
progress: 32.0 s, 79534.8 tps, lat 3.218 ms stddev 3.640, 0 failed
progress: 33.0 s, 79826.5 tps, lat 3.208 ms stddev 3.631, 0 failed
progress: 34.0 s, 79618.4 tps, lat 3.214 ms stddev 3.645, 0 failed
progress: 35.0 s, 81521.2 tps, lat 3.139 ms stddev 3.510, 0 failed
progress: 36.0 s, 79644.2 tps, lat 3.216 ms stddev 3.660, 0 failed
progress: 37.0 s, 79311.8 tps, lat 3.227 ms stddev 3.641, 0 failed
progress: 38.0 s, 78881.0 tps, lat 3.245 ms stddev 3.672, 0 failed
progress: 39.0 s, 80637.2 tps, lat 3.175 ms stddev 3.558, 0 failed
progress: 40.0 s, 79422.6 tps, lat 3.223 ms stddev 3.636, 0 failed
progress: 41.0 s, 80178.1 tps, lat 3.192 ms stddev 3.610, 0 failed
progress: 42.0 s, 79618.0 tps, lat 3.216 ms stddev 3.646, 0 failed
progress: 43.0 s, 81580.3 tps, lat 3.136 ms stddev 3.491, 0 failed
progress: 44.0 s, 79044.0 tps, lat 3.240 ms stddev 3.643, 0 failed
progress: 45.0 s, 79112.8 tps, lat 3.233 ms stddev 3.648, 0 failed
progress: 46.0 s, 79487.2 tps, lat 3.221 ms stddev 3.648, 0 failed
progress: 47.0 s, 80993.6 tps, lat 3.161 ms stddev 3.528, 0 failed
progress: 48.0 s, 79606.4 tps, lat 3.217 ms stddev 3.620, 0 failed
progress: 49.0 s, 79789.6 tps, lat 3.206 ms stddev 3.622, 0 failed
progress: 50.0 s, 80653.2 tps, lat 3.176 ms stddev 3.577, 0 failed
progress: 51.0 s, 80740.8 tps, lat 3.171 ms stddev 3.542, 0 failed
progress: 52.0 s, 79795.2 tps, lat 3.205 ms stddev 3.626, 0 failed
progress: 53.0 s, 80010.2 tps, lat 3.201 ms stddev 3.613, 0 failed
progress: 54.0 s, 79560.7 tps, lat 3.217 ms stddev 3.647, 0 failed
progress: 55.0 s, 81254.9 tps, lat 3.149 ms stddev 3.516, 0 failed
progress: 56.0 s, 80103.5 tps, lat 3.196 ms stddev 3.628, 0 failed
progress: 57.0 s, 79675.8 tps, lat 3.213 ms stddev 3.634, 0 failed
progress: 58.0 s, 79497.1 tps, lat 3.221 ms stddev 3.633, 0 failed
progress: 59.0 s, 81393.7 tps, lat 3.148 ms stddev 3.495, 0 failed
transaction type: star-1.sql
scaling factor: 1
query mode: prepared
number of clients: 256
number of threads: 256
maximum number of tries: 1
duration: 60 s
number of transactions actually processed: 4734010
number of failed transactions: 0 (0.000%)
latency average = 3.238 ms
latency stddev = 4.591 ms
initial connection time = 142.701 ms
tps = 78998.017561 (without initial connection time)
