pgbench (18devel, server 13.16)
progress: 1.0 s, 77669.7 tps, lat 0.810 ms stddev 2.576, 0 failed
progress: 2.0 s, 90046.5 tps, lat 0.711 ms stddev 0.688, 0 failed
progress: 3.0 s, 93548.6 tps, lat 0.684 ms stddev 0.648, 0 failed
progress: 4.0 s, 89760.7 tps, lat 0.713 ms stddev 0.702, 0 failed
progress: 5.0 s, 91405.8 tps, lat 0.700 ms stddev 0.680, 0 failed
progress: 6.0 s, 90594.0 tps, lat 0.706 ms stddev 0.688, 0 failed
progress: 7.0 s, 93674.2 tps, lat 0.683 ms stddev 0.654, 0 failed
progress: 8.0 s, 90061.2 tps, lat 0.711 ms stddev 0.703, 0 failed
progress: 9.0 s, 90179.9 tps, lat 0.709 ms stddev 0.696, 0 failed
progress: 10.0 s, 90241.6 tps, lat 0.709 ms stddev 0.694, 0 failed
progress: 11.0 s, 93522.5 tps, lat 0.684 ms stddev 0.651, 0 failed
progress: 12.0 s, 89777.9 tps, lat 0.713 ms stddev 0.704, 0 failed
progress: 13.0 s, 90719.1 tps, lat 0.705 ms stddev 0.692, 0 failed
progress: 14.0 s, 91472.6 tps, lat 0.700 ms stddev 0.682, 0 failed
progress: 15.0 s, 94158.4 tps, lat 0.679 ms stddev 0.650, 0 failed
progress: 16.0 s, 90890.0 tps, lat 0.704 ms stddev 0.693, 0 failed
progress: 17.0 s, 90170.2 tps, lat 0.709 ms stddev 0.699, 0 failed
progress: 18.0 s, 90421.0 tps, lat 0.708 ms stddev 0.698, 0 failed
progress: 19.0 s, 93281.6 tps, lat 0.686 ms stddev 0.655, 0 failed
progress: 20.0 s, 91109.6 tps, lat 0.702 ms stddev 0.691, 0 failed
progress: 21.0 s, 91302.0 tps, lat 0.701 ms stddev 0.688, 0 failed
progress: 22.0 s, 91292.0 tps, lat 0.701 ms stddev 0.688, 0 failed
progress: 23.0 s, 95448.2 tps, lat 0.670 ms stddev 0.639, 0 failed
progress: 24.0 s, 89889.3 tps, lat 0.712 ms stddev 0.701, 0 failed
progress: 25.0 s, 90333.0 tps, lat 0.708 ms stddev 0.698, 0 failed
progress: 26.0 s, 90408.8 tps, lat 0.708 ms stddev 0.694, 0 failed
progress: 27.0 s, 93453.4 tps, lat 0.685 ms stddev 0.655, 0 failed
progress: 28.0 s, 90047.9 tps, lat 0.711 ms stddev 0.700, 0 failed
progress: 29.0 s, 91178.9 tps, lat 0.702 ms stddev 0.692, 0 failed
progress: 30.0 s, 91203.8 tps, lat 0.702 ms stddev 0.685, 0 failed
progress: 31.0 s, 93704.8 tps, lat 0.683 ms stddev 0.657, 0 failed
progress: 32.0 s, 90069.4 tps, lat 0.710 ms stddev 0.705, 0 failed
progress: 33.0 s, 89431.1 tps, lat 0.715 ms stddev 0.705, 0 failed
progress: 34.0 s, 89880.0 tps, lat 0.712 ms stddev 0.701, 0 failed
progress: 35.0 s, 93497.8 tps, lat 0.684 ms stddev 0.661, 0 failed
progress: 36.0 s, 89705.4 tps, lat 0.713 ms stddev 0.701, 0 failed
progress: 37.0 s, 90785.8 tps, lat 0.705 ms stddev 0.692, 0 failed
progress: 38.0 s, 90860.1 tps, lat 0.704 ms stddev 0.691, 0 failed
progress: 39.0 s, 93597.8 tps, lat 0.683 ms stddev 0.657, 0 failed
progress: 40.0 s, 90308.3 tps, lat 0.709 ms stddev 0.702, 0 failed
progress: 41.0 s, 90733.3 tps, lat 0.705 ms stddev 0.697, 0 failed
progress: 42.0 s, 90578.7 tps, lat 0.706 ms stddev 0.696, 0 failed
progress: 43.0 s, 93880.9 tps, lat 0.682 ms stddev 0.656, 0 failed
progress: 44.0 s, 89541.8 tps, lat 0.715 ms stddev 0.703, 0 failed
progress: 45.0 s, 90172.9 tps, lat 0.710 ms stddev 0.698, 0 failed
progress: 46.0 s, 90691.2 tps, lat 0.705 ms stddev 0.693, 0 failed
progress: 47.0 s, 93622.9 tps, lat 0.683 ms stddev 0.658, 0 failed
progress: 48.0 s, 91190.1 tps, lat 0.702 ms stddev 0.685, 0 failed
progress: 49.0 s, 90942.1 tps, lat 0.703 ms stddev 0.692, 0 failed
progress: 50.0 s, 90804.1 tps, lat 0.705 ms stddev 0.687, 0 failed
progress: 51.0 s, 93537.9 tps, lat 0.684 ms stddev 0.659, 0 failed
progress: 52.0 s, 91228.8 tps, lat 0.701 ms stddev 0.687, 0 failed
progress: 53.0 s, 90762.6 tps, lat 0.705 ms stddev 0.696, 0 failed
progress: 54.0 s, 90467.5 tps, lat 0.707 ms stddev 0.695, 0 failed
progress: 55.0 s, 93315.1 tps, lat 0.686 ms stddev 0.662, 0 failed
progress: 56.0 s, 89688.9 tps, lat 0.713 ms stddev 0.703, 0 failed
progress: 57.0 s, 90931.8 tps, lat 0.704 ms stddev 0.688, 0 failed
progress: 58.0 s, 90495.0 tps, lat 0.707 ms stddev 0.689, 0 failed
progress: 59.0 s, 93688.3 tps, lat 0.683 ms stddev 0.656, 0 failed
transaction type: star-1.sql
scaling factor: 1
query mode: prepared
number of clients: 64
number of threads: 64
maximum number of tries: 1
duration: 60 s
number of transactions actually processed: 5464603
number of failed transactions: 0 (0.000%)
latency average = 0.702 ms
latency stddev = 0.746 ms
initial connection time = 40.790 ms
tps = 91135.500583 (without initial connection time)
