pgbench (18devel, server 15.8)
progress: 1.0 s, 164585.8 tps, lat 1.472 ms stddev 3.742, 0 failed
progress: 2.0 s, 200475.2 tps, lat 1.276 ms stddev 1.590, 0 failed
progress: 3.0 s, 201385.2 tps, lat 1.271 ms stddev 1.583, 0 failed
progress: 4.0 s, 202168.4 tps, lat 1.266 ms stddev 1.576, 0 failed
progress: 5.0 s, 203657.4 tps, lat 1.257 ms stddev 1.519, 0 failed
progress: 6.0 s, 197092.8 tps, lat 1.299 ms stddev 1.582, 0 failed
progress: 7.0 s, 200999.6 tps, lat 1.273 ms stddev 1.567, 0 failed
progress: 8.0 s, 201201.1 tps, lat 1.272 ms stddev 1.572, 0 failed
progress: 9.0 s, 199807.6 tps, lat 1.281 ms stddev 1.587, 0 failed
progress: 10.0 s, 204118.6 tps, lat 1.254 ms stddev 1.541, 0 failed
progress: 11.0 s, 202931.0 tps, lat 1.261 ms stddev 1.541, 0 failed
progress: 12.0 s, 203972.2 tps, lat 1.255 ms stddev 1.550, 0 failed
progress: 13.0 s, 203419.2 tps, lat 1.258 ms stddev 1.526, 0 failed
progress: 14.0 s, 202361.4 tps, lat 1.265 ms stddev 1.566, 0 failed
progress: 15.0 s, 202343.4 tps, lat 1.265 ms stddev 1.570, 0 failed
progress: 16.0 s, 203855.8 tps, lat 1.256 ms stddev 1.541, 0 failed
progress: 17.0 s, 203752.8 tps, lat 1.256 ms stddev 1.549, 0 failed
progress: 18.0 s, 205626.4 tps, lat 1.245 ms stddev 1.543, 0 failed
progress: 19.0 s, 204563.2 tps, lat 1.251 ms stddev 1.532, 0 failed
progress: 20.0 s, 202555.6 tps, lat 1.264 ms stddev 1.561, 0 failed
progress: 21.0 s, 204579.4 tps, lat 1.251 ms stddev 1.575, 0 failed
progress: 22.0 s, 203543.4 tps, lat 1.257 ms stddev 1.576, 0 failed
progress: 23.0 s, 205375.2 tps, lat 1.246 ms stddev 1.539, 0 failed
progress: 24.0 s, 203193.4 tps, lat 1.260 ms stddev 1.555, 0 failed
progress: 25.0 s, 204158.1 tps, lat 1.253 ms stddev 1.576, 0 failed
progress: 26.0 s, 203731.3 tps, lat 1.256 ms stddev 1.575, 0 failed
progress: 27.0 s, 203515.0 tps, lat 1.258 ms stddev 1.570, 0 failed
progress: 28.0 s, 204007.8 tps, lat 1.254 ms stddev 1.579, 0 failed
progress: 29.0 s, 202855.8 tps, lat 1.262 ms stddev 1.573, 0 failed
progress: 30.0 s, 203075.0 tps, lat 1.260 ms stddev 1.569, 0 failed
progress: 31.0 s, 203731.4 tps, lat 1.256 ms stddev 1.573, 0 failed
progress: 32.0 s, 204702.4 tps, lat 1.250 ms stddev 1.579, 0 failed
progress: 33.0 s, 204791.0 tps, lat 1.250 ms stddev 1.575, 0 failed
progress: 34.0 s, 204436.4 tps, lat 1.252 ms stddev 1.571, 0 failed
progress: 35.0 s, 204318.2 tps, lat 1.253 ms stddev 1.578, 0 failed
progress: 36.0 s, 204627.8 tps, lat 1.251 ms stddev 1.579, 0 failed
progress: 37.0 s, 204929.6 tps, lat 1.249 ms stddev 1.571, 0 failed
progress: 38.0 s, 204741.6 tps, lat 1.250 ms stddev 1.572, 0 failed
progress: 39.0 s, 203812.6 tps, lat 1.256 ms stddev 1.582, 0 failed
progress: 40.0 s, 204581.6 tps, lat 1.251 ms stddev 1.571, 0 failed
progress: 41.0 s, 204485.0 tps, lat 1.252 ms stddev 1.571, 0 failed
progress: 42.0 s, 203782.6 tps, lat 1.256 ms stddev 1.579, 0 failed
progress: 43.0 s, 204337.0 tps, lat 1.253 ms stddev 1.562, 0 failed
progress: 44.0 s, 205213.8 tps, lat 1.247 ms stddev 1.544, 0 failed
progress: 45.0 s, 203543.2 tps, lat 1.258 ms stddev 1.573, 0 failed
progress: 46.0 s, 204617.8 tps, lat 1.251 ms stddev 1.563, 0 failed
progress: 47.0 s, 206652.0 tps, lat 1.238 ms stddev 1.544, 0 failed
progress: 48.0 s, 205671.8 tps, lat 1.245 ms stddev 1.540, 0 failed
progress: 49.0 s, 206693.2 tps, lat 1.238 ms stddev 1.540, 0 failed
progress: 50.0 s, 203905.3 tps, lat 1.255 ms stddev 1.549, 0 failed
progress: 51.0 s, 203648.2 tps, lat 1.257 ms stddev 1.584, 0 failed
progress: 52.0 s, 204244.8 tps, lat 1.253 ms stddev 1.567, 0 failed
progress: 53.0 s, 204135.6 tps, lat 1.255 ms stddev 1.581, 0 failed
progress: 54.0 s, 204129.0 tps, lat 1.253 ms stddev 1.563, 0 failed
progress: 55.0 s, 204405.4 tps, lat 1.252 ms stddev 1.580, 0 failed
progress: 56.0 s, 203695.2 tps, lat 1.256 ms stddev 1.574, 0 failed
progress: 57.0 s, 204397.0 tps, lat 1.252 ms stddev 1.574, 0 failed
progress: 58.0 s, 202636.4 tps, lat 1.263 ms stddev 1.581, 0 failed
progress: 59.0 s, 204580.5 tps, lat 1.251 ms stddev 1.578, 0 failed
transaction type: star-1.sql
scaling factor: 1
query mode: prepared
number of clients: 256
number of threads: 256
maximum number of tries: 1
duration: 60 s
number of transactions actually processed: 12161951
number of failed transactions: 0 (0.000%)
latency average = 1.260 ms
latency stddev = 1.620 ms
initial connection time = 148.923 ms
tps = 202994.655588 (without initial connection time)
