pgbench (18devel, server 9.5.25)
progress: 1.0 s, 90015.0 tps, lat 0.177 ms stddev 0.126, 0 failed
progress: 2.0 s, 93883.1 tps, lat 0.170 ms stddev 0.013, 0 failed
progress: 3.0 s, 95196.0 tps, lat 0.168 ms stddev 0.016, 0 failed
progress: 4.0 s, 95392.9 tps, lat 0.168 ms stddev 0.029, 0 failed
progress: 5.0 s, 96242.1 tps, lat 0.166 ms stddev 0.013, 0 failed
progress: 6.0 s, 95489.0 tps, lat 0.167 ms stddev 0.014, 0 failed
progress: 7.0 s, 96058.1 tps, lat 0.166 ms stddev 0.016, 0 failed
progress: 8.0 s, 96730.9 tps, lat 0.165 ms stddev 0.020, 0 failed
progress: 9.0 s, 97018.3 tps, lat 0.165 ms stddev 0.019, 0 failed
progress: 10.0 s, 95052.7 tps, lat 0.168 ms stddev 0.023, 0 failed
progress: 11.0 s, 95820.0 tps, lat 0.167 ms stddev 0.021, 0 failed
progress: 12.0 s, 96199.0 tps, lat 0.166 ms stddev 0.013, 0 failed
progress: 13.0 s, 95947.5 tps, lat 0.167 ms stddev 0.015, 0 failed
progress: 14.0 s, 95906.6 tps, lat 0.167 ms stddev 0.016, 0 failed
progress: 15.0 s, 95914.5 tps, lat 0.167 ms stddev 0.019, 0 failed
progress: 16.0 s, 95937.7 tps, lat 0.167 ms stddev 0.012, 0 failed
progress: 17.0 s, 95838.9 tps, lat 0.167 ms stddev 0.013, 0 failed
progress: 18.0 s, 95573.8 tps, lat 0.167 ms stddev 0.016, 0 failed
progress: 19.0 s, 96528.0 tps, lat 0.166 ms stddev 0.012, 0 failed
progress: 20.0 s, 97113.0 tps, lat 0.165 ms stddev 0.019, 0 failed
progress: 21.0 s, 97317.9 tps, lat 0.164 ms stddev 0.012, 0 failed
progress: 22.0 s, 97343.1 tps, lat 0.164 ms stddev 0.019, 0 failed
progress: 23.0 s, 97791.9 tps, lat 0.164 ms stddev 0.028, 0 failed
progress: 24.0 s, 98268.1 tps, lat 0.163 ms stddev 0.013, 0 failed
progress: 25.0 s, 97834.8 tps, lat 0.163 ms stddev 0.024, 0 failed
progress: 26.0 s, 98062.2 tps, lat 0.163 ms stddev 0.012, 0 failed
progress: 27.0 s, 98056.0 tps, lat 0.163 ms stddev 0.012, 0 failed
progress: 28.0 s, 97633.1 tps, lat 0.164 ms stddev 0.014, 0 failed
progress: 29.0 s, 96631.8 tps, lat 0.165 ms stddev 0.020, 0 failed
progress: 30.0 s, 97681.1 tps, lat 0.164 ms stddev 0.012, 0 failed
progress: 31.0 s, 97790.6 tps, lat 0.164 ms stddev 0.011, 0 failed
progress: 32.0 s, 97672.8 tps, lat 0.164 ms stddev 0.011, 0 failed
progress: 33.0 s, 97784.4 tps, lat 0.164 ms stddev 0.012, 0 failed
progress: 34.0 s, 97715.2 tps, lat 0.164 ms stddev 0.011, 0 failed
progress: 35.0 s, 97086.9 tps, lat 0.165 ms stddev 0.014, 0 failed
progress: 36.0 s, 96540.0 tps, lat 0.166 ms stddev 0.019, 0 failed
progress: 37.0 s, 96609.0 tps, lat 0.166 ms stddev 0.013, 0 failed
progress: 38.0 s, 96499.1 tps, lat 0.166 ms stddev 0.012, 0 failed
progress: 39.0 s, 97851.8 tps, lat 0.163 ms stddev 0.019, 0 failed
progress: 40.0 s, 98011.0 tps, lat 0.163 ms stddev 0.011, 0 failed
progress: 41.0 s, 97720.1 tps, lat 0.164 ms stddev 0.019, 0 failed
progress: 42.0 s, 97323.9 tps, lat 0.164 ms stddev 0.019, 0 failed
progress: 43.0 s, 97976.2 tps, lat 0.163 ms stddev 0.018, 0 failed
progress: 44.0 s, 97905.3 tps, lat 0.163 ms stddev 0.019, 0 failed
progress: 45.0 s, 96493.5 tps, lat 0.166 ms stddev 0.013, 0 failed
progress: 46.0 s, 96962.0 tps, lat 0.165 ms stddev 0.012, 0 failed
progress: 47.0 s, 97891.6 tps, lat 0.163 ms stddev 0.018, 0 failed
progress: 48.0 s, 97778.4 tps, lat 0.164 ms stddev 0.012, 0 failed
progress: 49.0 s, 97437.1 tps, lat 0.164 ms stddev 0.019, 0 failed
progress: 50.0 s, 96567.9 tps, lat 0.166 ms stddev 0.019, 0 failed
progress: 51.0 s, 97656.0 tps, lat 0.164 ms stddev 0.019, 0 failed
progress: 52.0 s, 97560.0 tps, lat 0.164 ms stddev 0.013, 0 failed
progress: 53.0 s, 96542.0 tps, lat 0.166 ms stddev 0.015, 0 failed
progress: 54.0 s, 96903.9 tps, lat 0.165 ms stddev 0.019, 0 failed
progress: 55.0 s, 97209.1 tps, lat 0.164 ms stddev 0.012, 0 failed
progress: 56.0 s, 97680.0 tps, lat 0.164 ms stddev 0.012, 0 failed
progress: 57.0 s, 98450.5 tps, lat 0.162 ms stddev 0.011, 0 failed
progress: 58.0 s, 98492.6 tps, lat 0.162 ms stddev 0.012, 0 failed
progress: 59.0 s, 98252.4 tps, lat 0.163 ms stddev 0.011, 0 failed
transaction type: star-1.sql
scaling factor: 1
query mode: prepared
number of clients: 16
number of threads: 16
maximum number of tries: 1
duration: 60 s
number of transactions actually processed: 5811895
number of failed transactions: 0 (0.000%)
latency average = 0.165 ms
latency stddev = 0.023 ms
initial connection time = 11.896 ms
tps = 96883.616819 (without initial connection time)
