pgbench (18devel, server 9.5.25)
progress: 1.0 s, 126416.3 tps, lat 0.251 ms stddev 0.177, 0 failed
progress: 2.0 s, 131481.7 tps, lat 0.243 ms stddev 0.068, 0 failed
progress: 3.0 s, 132125.4 tps, lat 0.242 ms stddev 0.072, 0 failed
progress: 4.0 s, 132166.9 tps, lat 0.242 ms stddev 0.075, 0 failed
progress: 5.0 s, 130370.1 tps, lat 0.245 ms stddev 0.072, 0 failed
progress: 6.0 s, 130694.5 tps, lat 0.245 ms stddev 0.069, 0 failed
progress: 7.0 s, 130313.9 tps, lat 0.245 ms stddev 0.077, 0 failed
progress: 8.0 s, 130490.2 tps, lat 0.245 ms stddev 0.074, 0 failed
progress: 9.0 s, 132869.8 tps, lat 0.241 ms stddev 0.067, 0 failed
progress: 10.0 s, 131645.2 tps, lat 0.243 ms stddev 0.073, 0 failed
progress: 11.0 s, 131438.8 tps, lat 0.243 ms stddev 0.071, 0 failed
progress: 12.0 s, 131430.0 tps, lat 0.243 ms stddev 0.072, 0 failed
progress: 13.0 s, 129871.1 tps, lat 0.246 ms stddev 0.071, 0 failed
progress: 14.0 s, 131890.3 tps, lat 0.242 ms stddev 0.072, 0 failed
progress: 15.0 s, 131688.1 tps, lat 0.243 ms stddev 0.069, 0 failed
progress: 16.0 s, 131412.9 tps, lat 0.243 ms stddev 0.074, 0 failed
progress: 17.0 s, 132453.5 tps, lat 0.241 ms stddev 0.069, 0 failed
progress: 18.0 s, 131898.0 tps, lat 0.242 ms stddev 0.071, 0 failed
progress: 19.0 s, 131717.7 tps, lat 0.243 ms stddev 0.071, 0 failed
progress: 20.0 s, 132077.3 tps, lat 0.242 ms stddev 0.067, 0 failed
progress: 21.0 s, 132273.3 tps, lat 0.242 ms stddev 0.069, 0 failed
progress: 22.0 s, 130811.8 tps, lat 0.244 ms stddev 0.074, 0 failed
progress: 23.0 s, 131218.5 tps, lat 0.244 ms stddev 0.072, 0 failed
progress: 24.0 s, 131942.0 tps, lat 0.242 ms stddev 0.067, 0 failed
progress: 25.0 s, 132435.3 tps, lat 0.241 ms stddev 0.070, 0 failed
progress: 26.0 s, 132675.1 tps, lat 0.241 ms stddev 0.072, 0 failed
progress: 27.0 s, 132221.2 tps, lat 0.242 ms stddev 0.074, 0 failed
progress: 28.0 s, 132835.9 tps, lat 0.241 ms stddev 0.075, 0 failed
progress: 29.0 s, 132635.9 tps, lat 0.241 ms stddev 0.069, 0 failed
progress: 30.0 s, 132302.3 tps, lat 0.242 ms stddev 0.072, 0 failed
progress: 31.0 s, 131825.4 tps, lat 0.243 ms stddev 0.070, 0 failed
progress: 32.0 s, 132768.9 tps, lat 0.241 ms stddev 0.072, 0 failed
progress: 33.0 s, 133697.6 tps, lat 0.239 ms stddev 0.070, 0 failed
progress: 34.0 s, 131898.1 tps, lat 0.242 ms stddev 0.075, 0 failed
progress: 35.0 s, 130318.2 tps, lat 0.245 ms stddev 0.072, 0 failed
progress: 36.0 s, 131362.7 tps, lat 0.243 ms stddev 0.074, 0 failed
progress: 37.0 s, 129228.6 tps, lat 0.247 ms stddev 0.077, 0 failed
progress: 38.0 s, 132143.9 tps, lat 0.242 ms stddev 0.070, 0 failed
progress: 39.0 s, 132389.3 tps, lat 0.242 ms stddev 0.067, 0 failed
progress: 40.0 s, 131785.5 tps, lat 0.243 ms stddev 0.070, 0 failed
progress: 41.0 s, 131455.6 tps, lat 0.243 ms stddev 0.072, 0 failed
progress: 42.0 s, 131336.2 tps, lat 0.243 ms stddev 0.068, 0 failed
progress: 43.0 s, 131849.1 tps, lat 0.243 ms stddev 0.069, 0 failed
progress: 44.0 s, 132725.6 tps, lat 0.241 ms stddev 0.067, 0 failed
progress: 45.0 s, 130980.9 tps, lat 0.244 ms stddev 0.078, 0 failed
progress: 46.0 s, 132379.0 tps, lat 0.242 ms stddev 0.076, 0 failed
progress: 47.0 s, 132343.6 tps, lat 0.242 ms stddev 0.070, 0 failed
progress: 48.0 s, 131332.6 tps, lat 0.243 ms stddev 0.073, 0 failed
progress: 49.0 s, 132566.5 tps, lat 0.241 ms stddev 0.070, 0 failed
progress: 50.0 s, 130593.1 tps, lat 0.245 ms stddev 0.075, 0 failed
progress: 51.0 s, 131196.9 tps, lat 0.244 ms stddev 0.071, 0 failed
progress: 52.0 s, 130067.7 tps, lat 0.246 ms stddev 0.077, 0 failed
progress: 53.0 s, 131081.6 tps, lat 0.244 ms stddev 0.073, 0 failed
progress: 54.0 s, 131391.4 tps, lat 0.243 ms stddev 0.073, 0 failed
progress: 55.0 s, 130735.7 tps, lat 0.245 ms stddev 0.074, 0 failed
progress: 56.0 s, 132430.5 tps, lat 0.241 ms stddev 0.068, 0 failed
progress: 57.0 s, 131958.4 tps, lat 0.242 ms stddev 0.072, 0 failed
progress: 58.0 s, 131479.4 tps, lat 0.243 ms stddev 0.074, 0 failed
progress: 59.0 s, 130684.6 tps, lat 0.245 ms stddev 0.077, 0 failed
transaction type: star-1.sql
scaling factor: 1
query mode: prepared
number of clients: 32
number of threads: 32
maximum number of tries: 1
duration: 60 s
number of transactions actually processed: 7892104
number of failed transactions: 0 (0.000%)
latency average = 0.243 ms
latency stddev = 0.075 ms
initial connection time = 22.003 ms
tps = 131581.986610 (without initial connection time)
