pgbench (18devel, server 9.5.25)
progress: 1.0 s, 73215.9 tps, lat 0.861 ms stddev 0.929, 0 failed
progress: 2.0 s, 75668.8 tps, lat 0.846 ms stddev 0.771, 0 failed
progress: 3.0 s, 77088.0 tps, lat 0.830 ms stddev 0.745, 0 failed
progress: 4.0 s, 75228.2 tps, lat 0.851 ms stddev 0.785, 0 failed
progress: 5.0 s, 75299.6 tps, lat 0.850 ms stddev 0.785, 0 failed
progress: 6.0 s, 75569.2 tps, lat 0.847 ms stddev 0.773, 0 failed
progress: 7.0 s, 77827.8 tps, lat 0.822 ms stddev 0.737, 0 failed
progress: 8.0 s, 75820.2 tps, lat 0.844 ms stddev 0.776, 0 failed
progress: 9.0 s, 74943.1 tps, lat 0.854 ms stddev 0.792, 0 failed
progress: 10.0 s, 75753.1 tps, lat 0.844 ms stddev 0.772, 0 failed
progress: 11.0 s, 76531.9 tps, lat 0.836 ms stddev 0.760, 0 failed
progress: 12.0 s, 75301.5 tps, lat 0.850 ms stddev 0.788, 0 failed
progress: 13.0 s, 75218.0 tps, lat 0.851 ms stddev 0.787, 0 failed
progress: 14.0 s, 75192.4 tps, lat 0.851 ms stddev 0.782, 0 failed
progress: 15.0 s, 77170.6 tps, lat 0.829 ms stddev 0.755, 0 failed
progress: 16.0 s, 74785.4 tps, lat 0.856 ms stddev 0.803, 0 failed
progress: 17.0 s, 75598.2 tps, lat 0.846 ms stddev 0.781, 0 failed
progress: 18.0 s, 75633.2 tps, lat 0.846 ms stddev 0.778, 0 failed
progress: 19.0 s, 77803.6 tps, lat 0.822 ms stddev 0.742, 0 failed
progress: 20.0 s, 75559.0 tps, lat 0.847 ms stddev 0.779, 0 failed
progress: 21.0 s, 75583.7 tps, lat 0.846 ms stddev 0.784, 0 failed
progress: 22.0 s, 75938.9 tps, lat 0.843 ms stddev 0.780, 0 failed
progress: 23.0 s, 77285.5 tps, lat 0.828 ms stddev 0.747, 0 failed
progress: 24.0 s, 74654.6 tps, lat 0.857 ms stddev 0.801, 0 failed
progress: 25.0 s, 74637.9 tps, lat 0.857 ms stddev 0.798, 0 failed
progress: 26.0 s, 75448.8 tps, lat 0.848 ms stddev 0.781, 0 failed
progress: 27.0 s, 77200.5 tps, lat 0.829 ms stddev 0.752, 0 failed
progress: 28.0 s, 75672.0 tps, lat 0.845 ms stddev 0.777, 0 failed
progress: 29.0 s, 76386.7 tps, lat 0.838 ms stddev 0.768, 0 failed
progress: 30.0 s, 75221.3 tps, lat 0.851 ms stddev 0.785, 0 failed
progress: 31.0 s, 77672.8 tps, lat 0.824 ms stddev 0.742, 0 failed
progress: 32.0 s, 75599.1 tps, lat 0.846 ms stddev 0.779, 0 failed
progress: 33.0 s, 75353.5 tps, lat 0.849 ms stddev 0.785, 0 failed
progress: 34.0 s, 75896.1 tps, lat 0.843 ms stddev 0.780, 0 failed
progress: 35.0 s, 76997.5 tps, lat 0.831 ms stddev 0.754, 0 failed
progress: 36.0 s, 74659.1 tps, lat 0.857 ms stddev 0.797, 0 failed
progress: 37.0 s, 75842.9 tps, lat 0.844 ms stddev 0.776, 0 failed
progress: 38.0 s, 75026.8 tps, lat 0.853 ms stddev 0.791, 0 failed
progress: 39.0 s, 76693.0 tps, lat 0.834 ms stddev 0.760, 0 failed
progress: 40.0 s, 75364.9 tps, lat 0.849 ms stddev 0.790, 0 failed
progress: 41.0 s, 75001.1 tps, lat 0.853 ms stddev 0.792, 0 failed
progress: 42.0 s, 75903.1 tps, lat 0.843 ms stddev 0.775, 0 failed
progress: 43.0 s, 77234.0 tps, lat 0.828 ms stddev 0.753, 0 failed
progress: 44.0 s, 76401.0 tps, lat 0.837 ms stddev 0.771, 0 failed
progress: 45.0 s, 75548.9 tps, lat 0.847 ms stddev 0.788, 0 failed
progress: 46.0 s, 75815.9 tps, lat 0.844 ms stddev 0.780, 0 failed
progress: 47.0 s, 77162.9 tps, lat 0.829 ms stddev 0.754, 0 failed
progress: 48.0 s, 75528.0 tps, lat 0.847 ms stddev 0.782, 0 failed
progress: 49.0 s, 75092.2 tps, lat 0.852 ms stddev 0.790, 0 failed
progress: 50.0 s, 74889.0 tps, lat 0.855 ms stddev 0.795, 0 failed
progress: 51.0 s, 76667.2 tps, lat 0.834 ms stddev 0.761, 0 failed
progress: 52.0 s, 76075.7 tps, lat 0.841 ms stddev 0.775, 0 failed
progress: 53.0 s, 76124.2 tps, lat 0.840 ms stddev 0.780, 0 failed
progress: 54.0 s, 76573.6 tps, lat 0.835 ms stddev 0.766, 0 failed
progress: 55.0 s, 77467.2 tps, lat 0.826 ms stddev 0.748, 0 failed
progress: 56.0 s, 75165.0 tps, lat 0.851 ms stddev 0.794, 0 failed
progress: 57.0 s, 74924.3 tps, lat 0.854 ms stddev 0.793, 0 failed
progress: 58.0 s, 75907.6 tps, lat 0.843 ms stddev 0.777, 0 failed
progress: 59.0 s, 77004.1 tps, lat 0.831 ms stddev 0.758, 0 failed
transaction type: star-1.sql
scaling factor: 1
query mode: prepared
number of clients: 64
number of threads: 64
maximum number of tries: 1
duration: 60 s
number of transactions actually processed: 4550029
number of failed transactions: 0 (0.000%)
latency average = 0.843 ms
latency stddev = 0.778 ms
initial connection time = 39.181 ms
tps = 75879.272145 (without initial connection time)
