pgbench (18devel, server 8.0.26)
progress: 1.0 s, 0.0 tps, lat 0.000 ms stddev 0.000, 0 failed
progress: 2.0 s, 30.0 tps, lat 65.516 ms stddev 157.357, 0 failed
progress: 3.0 s, 17.0 tps, lat 440.703 ms stddev 522.958, 0 failed
progress: 4.0 s, 33.0 tps, lat 336.422 ms stddev 685.356, 0 failed
progress: 5.0 s, 240.2 tps, lat 974.545 ms stddev 1650.784, 0 failed
progress: 6.0 s, 2654.9 tps, lat 151.235 ms stddev 661.808, 0 failed
progress: 7.0 s, 3756.1 tps, lat 33.982 ms stddev 25.193, 0 failed
progress: 8.0 s, 2563.0 tps, lat 50.334 ms stddev 35.219, 0 failed
progress: 9.0 s, 3372.2 tps, lat 37.925 ms stddev 30.197, 0 failed
progress: 10.0 s, 4460.9 tps, lat 28.072 ms stddev 25.624, 0 failed
progress: 11.0 s, 1631.9 tps, lat 78.767 ms stddev 29.513, 0 failed
progress: 12.0 s, 3278.2 tps, lat 40.046 ms stddev 34.006, 0 failed
progress: 13.0 s, 3121.0 tps, lat 41.015 ms stddev 34.728, 0 failed
progress: 14.0 s, 3700.0 tps, lat 33.923 ms stddev 32.175, 0 failed
progress: 15.0 s, 2351.9 tps, lat 53.510 ms stddev 31.306, 0 failed
progress: 16.0 s, 1648.0 tps, lat 76.134 ms stddev 24.424, 0 failed
progress: 17.0 s, 1704.9 tps, lat 76.637 ms stddev 29.866, 0 failed
progress: 18.0 s, 3313.0 tps, lat 39.147 ms stddev 36.178, 0 failed
progress: 19.0 s, 3486.1 tps, lat 36.444 ms stddev 29.786, 0 failed
progress: 20.0 s, 1637.0 tps, lat 79.149 ms stddev 21.652, 0 failed
progress: 21.0 s, 1504.0 tps, lat 81.641 ms stddev 27.161, 0 failed
progress: 22.0 s, 1662.1 tps, lat 78.240 ms stddev 26.352, 0 failed
progress: 23.0 s, 5559.3 tps, lat 23.809 ms stddev 23.549, 0 failed
progress: 24.0 s, 2528.9 tps, lat 49.493 ms stddev 29.871, 0 failed
progress: 25.0 s, 2284.1 tps, lat 57.753 ms stddev 33.661, 0 failed
progress: 26.0 s, 3505.9 tps, lat 34.930 ms stddev 28.518, 0 failed
progress: 27.0 s, 2530.0 tps, lat 52.332 ms stddev 39.203, 0 failed
progress: 28.0 s, 3254.9 tps, lat 37.632 ms stddev 32.459, 0 failed
progress: 29.0 s, 3410.0 tps, lat 39.308 ms stddev 34.696, 0 failed
progress: 30.0 s, 3657.0 tps, lat 33.457 ms stddev 26.913, 0 failed
progress: 31.0 s, 1461.0 tps, lat 87.331 ms stddev 26.787, 0 failed
progress: 32.0 s, 1835.0 tps, lat 72.571 ms stddev 35.687, 0 failed
progress: 33.0 s, 3188.8 tps, lat 40.038 ms stddev 30.842, 0 failed
progress: 34.0 s, 1573.0 tps, lat 78.984 ms stddev 25.726, 0 failed
progress: 35.0 s, 2356.1 tps, lat 55.685 ms stddev 39.568, 0 failed
progress: 36.0 s, 2495.8 tps, lat 50.625 ms stddev 36.800, 0 failed
progress: 37.0 s, 3146.0 tps, lat 41.596 ms stddev 34.377, 0 failed
progress: 38.0 s, 3572.2 tps, lat 35.442 ms stddev 28.116, 0 failed
progress: 39.0 s, 4348.1 tps, lat 29.998 ms stddev 26.259, 0 failed
progress: 40.0 s, 1902.9 tps, lat 64.957 ms stddev 29.573, 0 failed
progress: 41.0 s, 1922.1 tps, lat 65.680 ms stddev 31.570, 0 failed
progress: 42.0 s, 1690.9 tps, lat 76.434 ms stddev 22.264, 0 failed
progress: 43.0 s, 1628.1 tps, lat 80.726 ms stddev 33.810, 0 failed
progress: 44.0 s, 2042.0 tps, lat 62.688 ms stddev 27.246, 0 failed
progress: 45.0 s, 3752.0 tps, lat 34.027 ms stddev 31.182, 0 failed
progress: 46.0 s, 2156.0 tps, lat 57.955 ms stddev 38.310, 0 failed
progress: 47.0 s, 2178.1 tps, lat 60.402 ms stddev 34.963, 0 failed
progress: 48.0 s, 4088.9 tps, lat 30.713 ms stddev 27.773, 0 failed
progress: 49.0 s, 3033.1 tps, lat 43.386 ms stddev 36.837, 0 failed
progress: 50.0 s, 2329.9 tps, lat 54.172 ms stddev 35.227, 0 failed
progress: 51.0 s, 5567.3 tps, lat 23.056 ms stddev 23.311, 0 failed
progress: 52.0 s, 4019.8 tps, lat 32.031 ms stddev 28.851, 0 failed
progress: 53.0 s, 5593.3 tps, lat 23.015 ms stddev 17.903, 0 failed
progress: 54.0 s, 4281.8 tps, lat 29.788 ms stddev 27.584, 0 failed
progress: 55.0 s, 1888.0 tps, lat 66.141 ms stddev 28.206, 0 failed
progress: 56.0 s, 2853.9 tps, lat 44.590 ms stddev 31.322, 0 failed
progress: 57.0 s, 1589.0 tps, lat 80.920 ms stddev 25.365, 0 failed
progress: 58.0 s, 1482.1 tps, lat 83.840 ms stddev 29.417, 0 failed
progress: 59.0 s, 2849.0 tps, lat 47.088 ms stddev 39.110, 0 failed
transaction type: star-1.sql
scaling factor: 1
query mode: simple
number of clients: 128
number of threads: 128
maximum number of tries: 1
duration: 60 s
number of transactions actually processed: 158020
number of failed transactions: 0 (0.000%)
latency average = 47.881 ms
latency stddev = 119.806 ms
initial connection time = 904.080 ms
tps = 2672.168653 (without initial connection time)
