pgbench (18devel, server 8.0.26)
progress: 1.6 s, 0.0 tps, lat 0.000 ms stddev 0.000, 0 failed
progress: 2.0 s, 22.1 tps, lat 22.027 ms stddev 55.766, 0 failed
progress: 3.0 s, 10.0 tps, lat 208.485 ms stddev 415.173, 0 failed
progress: 4.0 s, 1.0 tps, lat 583.005 ms stddev 0.000, 0 failed
progress: 5.0 s, 1.0 tps, lat 1172.956 ms stddev NaN, 0 failed
progress: 6.0 s, 2.0 tps, lat 1991.683 ms stddev 710.080, 0 failed
progress: 7.0 s, 3.0 tps, lat 632.804 ms stddev 135.049, 0 failed
progress: 8.0 s, 12.0 tps, lat 736.914 ms stddev 1702.989, 0 failed
progress: 9.0 s, 44.0 tps, lat 558.026 ms stddev 1746.277, 0 failed
progress: 10.0 s, 102.1 tps, lat 2177.287 ms stddev 3537.147, 0 failed
progress: 11.0 s, 1288.0 tps, lat 1538.957 ms stddev 3226.852, 0 failed
progress: 12.0 s, 2195.1 tps, lat 172.487 ms stddev 718.431, 0 failed
progress: 13.0 s, 1567.0 tps, lat 164.311 ms stddev 54.232, 0 failed
progress: 14.0 s, 2806.9 tps, lat 94.402 ms stddev 70.631, 0 failed
progress: 15.0 s, 1591.1 tps, lat 154.923 ms stddev 61.806, 0 failed
progress: 16.0 s, 1840.9 tps, lat 145.275 ms stddev 56.193, 0 failed
progress: 17.0 s, 1748.1 tps, lat 146.083 ms stddev 63.078, 0 failed
progress: 18.0 s, 3433.8 tps, lat 76.059 ms stddev 53.669, 0 failed
progress: 19.0 s, 3705.0 tps, lat 66.924 ms stddev 47.397, 0 failed
progress: 20.0 s, 1735.0 tps, lat 143.338 ms stddev 58.646, 0 failed
progress: 21.0 s, 2481.1 tps, lat 107.646 ms stddev 59.920, 0 failed
progress: 22.0 s, 1848.0 tps, lat 131.450 ms stddev 46.233, 0 failed
progress: 23.0 s, 1993.0 tps, lat 132.577 ms stddev 58.949, 0 failed
progress: 24.0 s, 2845.1 tps, lat 91.682 ms stddev 56.549, 0 failed
progress: 25.0 s, 1712.9 tps, lat 144.818 ms stddev 56.518, 0 failed
progress: 26.0 s, 1683.1 tps, lat 145.556 ms stddev 46.738, 0 failed
progress: 27.0 s, 2111.9 tps, lat 127.896 ms stddev 67.516, 0 failed
progress: 28.0 s, 5096.0 tps, lat 50.425 ms stddev 35.622, 0 failed
progress: 29.0 s, 2411.1 tps, lat 104.899 ms stddev 46.782, 0 failed
progress: 30.0 s, 3469.1 tps, lat 77.889 ms stddev 64.234, 0 failed
progress: 31.0 s, 4160.8 tps, lat 57.845 ms stddev 38.707, 0 failed
progress: 32.0 s, 3645.0 tps, lat 70.690 ms stddev 51.867, 0 failed
progress: 33.0 s, 1794.9 tps, lat 139.122 ms stddev 49.559, 0 failed
progress: 34.0 s, 1839.0 tps, lat 140.347 ms stddev 52.290, 0 failed
progress: 35.0 s, 2327.2 tps, lat 115.872 ms stddev 62.532, 0 failed
progress: 36.0 s, 1722.9 tps, lat 140.704 ms stddev 46.678, 0 failed
progress: 37.0 s, 3301.1 tps, lat 78.300 ms stddev 54.047, 0 failed
progress: 38.0 s, 1965.0 tps, lat 133.281 ms stddev 44.442, 0 failed
progress: 39.0 s, 2275.9 tps, lat 112.105 ms stddev 62.350, 0 failed
progress: 40.0 s, 1612.9 tps, lat 152.076 ms stddev 60.068, 0 failed
progress: 41.0 s, 1854.1 tps, lat 140.340 ms stddev 50.635, 0 failed
progress: 42.0 s, 1576.1 tps, lat 155.510 ms stddev 56.317, 0 failed
progress: 43.0 s, 2032.1 tps, lat 133.914 ms stddev 55.893, 0 failed
progress: 44.0 s, 1633.9 tps, lat 153.062 ms stddev 57.512, 0 failed
progress: 45.0 s, 2346.1 tps, lat 115.938 ms stddev 60.893, 0 failed
progress: 46.0 s, 2619.0 tps, lat 94.768 ms stddev 51.226, 0 failed
progress: 47.0 s, 1752.9 tps, lat 144.098 ms stddev 93.800, 0 failed
progress: 48.0 s, 2975.8 tps, lat 83.799 ms stddev 55.630, 0 failed
progress: 49.0 s, 2321.0 tps, lat 116.725 ms stddev 69.290, 0 failed
progress: 50.0 s, 2858.1 tps, lat 88.844 ms stddev 49.479, 0 failed
progress: 51.0 s, 3155.9 tps, lat 79.168 ms stddev 60.904, 0 failed
progress: 52.0 s, 2188.8 tps, lat 115.697 ms stddev 65.495, 0 failed
progress: 53.0 s, 2066.3 tps, lat 128.259 ms stddev 61.554, 0 failed
progress: 54.0 s, 1603.0 tps, lat 148.930 ms stddev 60.777, 0 failed
progress: 55.0 s, 1937.9 tps, lat 140.703 ms stddev 58.745, 0 failed
progress: 56.0 s, 1800.1 tps, lat 140.094 ms stddev 48.676, 0 failed
progress: 57.0 s, 1633.8 tps, lat 149.399 ms stddev 38.962, 0 failed
progress: 58.0 s, 1611.0 tps, lat 158.145 ms stddev 56.602, 0 failed
progress: 59.0 s, 1629.1 tps, lat 160.293 ms stddev 64.036, 0 failed
transaction type: star-1.sql
scaling factor: 1
query mode: simple
number of clients: 256
number of threads: 256
maximum number of tries: 1
duration: 60 s
number of transactions actually processed: 113809
number of failed transactions: 0 (0.000%)
latency average = 131.093 ms
latency stddev = 414.040 ms
initial connection time = 1741.218 ms
tps = 1952.085109 (without initial connection time)
