pgbench (18devel, server 8.0.26)
progress: 1.0 s, 30.0 tps, lat 131.350 ms stddev 259.034, 0 failed
progress: 2.0 s, 4895.5 tps, lat 10.843 ms stddev 66.698, 0 failed
progress: 3.0 s, 5586.8 tps, lat 5.700 ms stddev 8.075, 0 failed
progress: 4.0 s, 4883.1 tps, lat 6.624 ms stddev 9.176, 0 failed
progress: 5.0 s, 7114.2 tps, lat 4.472 ms stddev 5.353, 0 failed
progress: 6.0 s, 5351.0 tps, lat 6.028 ms stddev 8.416, 0 failed
progress: 7.0 s, 5810.6 tps, lat 5.466 ms stddev 6.841, 0 failed
progress: 8.0 s, 5558.4 tps, lat 5.791 ms stddev 7.606, 0 failed
progress: 9.0 s, 6856.7 tps, lat 4.672 ms stddev 5.625, 0 failed
progress: 10.0 s, 5104.0 tps, lat 6.211 ms stddev 7.562, 0 failed
progress: 11.0 s, 4544.9 tps, lat 6.978 ms stddev 8.520, 0 failed
progress: 12.0 s, 5697.1 tps, lat 5.717 ms stddev 7.620, 0 failed
progress: 13.0 s, 3575.0 tps, lat 8.875 ms stddev 11.855, 0 failed
progress: 14.0 s, 7683.9 tps, lat 4.089 ms stddev 4.599, 0 failed
progress: 15.0 s, 5469.0 tps, lat 5.993 ms stddev 8.330, 0 failed
progress: 16.0 s, 6206.1 tps, lat 5.168 ms stddev 6.929, 0 failed
progress: 17.0 s, 4730.0 tps, lat 6.580 ms stddev 8.788, 0 failed
progress: 18.0 s, 5083.2 tps, lat 6.466 ms stddev 8.436, 0 failed
progress: 19.0 s, 5843.7 tps, lat 5.342 ms stddev 7.630, 0 failed
progress: 20.0 s, 4130.0 tps, lat 7.855 ms stddev 10.236, 0 failed
progress: 21.0 s, 6628.2 tps, lat 4.879 ms stddev 6.165, 0 failed
progress: 22.0 s, 5877.0 tps, lat 5.444 ms stddev 6.902, 0 failed
progress: 23.0 s, 4089.0 tps, lat 7.828 ms stddev 9.720, 0 failed
progress: 24.0 s, 6681.9 tps, lat 4.787 ms stddev 6.065, 0 failed
progress: 25.0 s, 4072.0 tps, lat 7.855 ms stddev 10.428, 0 failed
progress: 26.0 s, 4416.8 tps, lat 7.198 ms stddev 10.304, 0 failed
progress: 27.0 s, 5260.0 tps, lat 6.093 ms stddev 7.130, 0 failed
progress: 28.0 s, 5160.2 tps, lat 6.234 ms stddev 8.292, 0 failed
progress: 29.0 s, 4863.9 tps, lat 6.545 ms stddev 8.636, 0 failed
progress: 30.0 s, 4203.0 tps, lat 7.597 ms stddev 8.867, 0 failed
progress: 31.0 s, 6006.9 tps, lat 5.364 ms stddev 7.458, 0 failed
progress: 32.0 s, 6357.0 tps, lat 5.024 ms stddev 7.202, 0 failed
progress: 33.0 s, 5817.2 tps, lat 5.468 ms stddev 6.651, 0 failed
progress: 34.0 s, 6687.0 tps, lat 4.811 ms stddev 6.092, 0 failed
progress: 35.0 s, 4668.8 tps, lat 6.751 ms stddev 9.179, 0 failed
progress: 36.0 s, 3802.0 tps, lat 8.385 ms stddev 9.831, 0 failed
progress: 37.0 s, 6067.1 tps, lat 5.378 ms stddev 7.533, 0 failed
progress: 38.0 s, 3811.9 tps, lat 8.208 ms stddev 11.589, 0 failed
progress: 39.0 s, 6047.8 tps, lat 5.356 ms stddev 7.483, 0 failed
progress: 40.0 s, 4480.3 tps, lat 7.203 ms stddev 10.000, 0 failed
progress: 41.0 s, 4616.0 tps, lat 6.947 ms stddev 8.743, 0 failed
progress: 42.0 s, 4756.0 tps, lat 6.725 ms stddev 8.755, 0 failed
progress: 43.0 s, 7439.0 tps, lat 4.299 ms stddev 5.085, 0 failed
progress: 44.0 s, 6464.6 tps, lat 4.909 ms stddev 7.132, 0 failed
progress: 45.0 s, 4747.3 tps, lat 6.784 ms stddev 8.521, 0 failed
progress: 46.0 s, 5680.2 tps, lat 5.633 ms stddev 7.382, 0 failed
progress: 47.0 s, 3177.8 tps, lat 9.952 ms stddev 10.899, 0 failed
progress: 48.0 s, 4594.3 tps, lat 7.065 ms stddev 9.530, 0 failed
progress: 49.0 s, 3621.9 tps, lat 8.821 ms stddev 10.804, 0 failed
progress: 50.0 s, 6935.0 tps, lat 4.621 ms stddev 6.063, 0 failed
progress: 51.0 s, 5358.2 tps, lat 5.973 ms stddev 8.691, 0 failed
progress: 52.0 s, 3567.9 tps, lat 8.964 ms stddev 11.827, 0 failed
progress: 53.0 s, 5197.2 tps, lat 6.154 ms stddev 8.429, 0 failed
progress: 54.0 s, 4578.8 tps, lat 6.995 ms stddev 10.004, 0 failed
progress: 55.0 s, 4251.9 tps, lat 7.423 ms stddev 9.231, 0 failed
progress: 56.0 s, 6391.0 tps, lat 5.058 ms stddev 5.860, 0 failed
progress: 57.0 s, 5035.1 tps, lat 6.375 ms stddev 8.931, 0 failed
progress: 58.0 s, 5145.0 tps, lat 6.123 ms stddev 8.823, 0 failed
progress: 59.0 s, 5170.0 tps, lat 6.280 ms stddev 8.890, 0 failed
transaction type: star-1.sql
scaling factor: 1
query mode: simple
number of clients: 32
number of threads: 32
maximum number of tries: 1
duration: 60 s
number of transactions actually processed: 313812
number of failed transactions: 0 (0.000%)
latency average = 6.095 ms
latency stddev = 11.956 ms
initial connection time = 223.128 ms
tps = 5248.899994 (without initial connection time)
