pgbench (18devel, server 9.1.24)
progress: 1.0 s, 19342.9 tps, lat 6.450 ms stddev 15.478, 0 failed
progress: 2.0 s, 20457.0 tps, lat 6.255 ms stddev 7.913, 0 failed
progress: 3.0 s, 39441.9 tps, lat 3.246 ms stddev 3.044, 0 failed
progress: 4.0 s, 39016.0 tps, lat 3.280 ms stddev 3.133, 0 failed
progress: 5.0 s, 39264.0 tps, lat 3.258 ms stddev 3.101, 0 failed
progress: 6.0 s, 38992.1 tps, lat 3.284 ms stddev 3.084, 0 failed
progress: 7.0 s, 6715.1 tps, lat 18.869 ms stddev 9.998, 0 failed
progress: 8.0 s, 22429.9 tps, lat 5.763 ms stddev 7.510, 0 failed
progress: 9.0 s, 22279.7 tps, lat 5.699 ms stddev 7.501, 0 failed
progress: 10.0 s, 29535.7 tps, lat 4.368 ms stddev 5.614, 0 failed
progress: 11.0 s, 39339.8 tps, lat 3.254 ms stddev 3.083, 0 failed
progress: 12.0 s, 38789.1 tps, lat 3.297 ms stddev 3.156, 0 failed
progress: 13.0 s, 38936.0 tps, lat 3.287 ms stddev 3.158, 0 failed
progress: 14.0 s, 39179.7 tps, lat 3.269 ms stddev 3.117, 0 failed
progress: 15.0 s, 39595.3 tps, lat 3.232 ms stddev 3.057, 0 failed
progress: 16.0 s, 39225.1 tps, lat 3.262 ms stddev 3.147, 0 failed
progress: 17.0 s, 39012.0 tps, lat 3.281 ms stddev 3.149, 0 failed
progress: 18.0 s, 37223.0 tps, lat 3.438 ms stddev 3.553, 0 failed
progress: 19.0 s, 39611.9 tps, lat 3.232 ms stddev 3.032, 0 failed
progress: 20.0 s, 39328.0 tps, lat 3.254 ms stddev 3.103, 0 failed
progress: 21.0 s, 39200.0 tps, lat 3.265 ms stddev 3.124, 0 failed
progress: 22.0 s, 39338.9 tps, lat 3.254 ms stddev 3.100, 0 failed
progress: 23.0 s, 39460.1 tps, lat 3.244 ms stddev 3.035, 0 failed
progress: 24.0 s, 39287.1 tps, lat 3.258 ms stddev 3.102, 0 failed
progress: 25.0 s, 38995.8 tps, lat 3.279 ms stddev 3.141, 0 failed
progress: 26.0 s, 39147.0 tps, lat 3.271 ms stddev 3.130, 0 failed
progress: 27.0 s, 39315.0 tps, lat 3.256 ms stddev 3.089, 0 failed
progress: 28.0 s, 38908.8 tps, lat 3.284 ms stddev 3.149, 0 failed
progress: 29.0 s, 23372.8 tps, lat 5.439 ms stddev 7.043, 0 failed
progress: 30.0 s, 15265.2 tps, lat 8.453 ms stddev 9.465, 0 failed
progress: 31.0 s, 39565.1 tps, lat 3.236 ms stddev 3.047, 0 failed
progress: 32.0 s, 39165.9 tps, lat 3.268 ms stddev 3.121, 0 failed
progress: 33.0 s, 39264.1 tps, lat 3.261 ms stddev 3.113, 0 failed
progress: 34.0 s, 38934.0 tps, lat 3.282 ms stddev 3.139, 0 failed
progress: 35.0 s, 39569.0 tps, lat 3.238 ms stddev 3.038, 0 failed
progress: 36.0 s, 39171.0 tps, lat 3.268 ms stddev 3.126, 0 failed
progress: 37.0 s, 39056.0 tps, lat 3.277 ms stddev 3.122, 0 failed
progress: 38.0 s, 39218.0 tps, lat 3.262 ms stddev 3.116, 0 failed
progress: 39.0 s, 39608.0 tps, lat 3.233 ms stddev 3.041, 0 failed
progress: 40.0 s, 39032.0 tps, lat 3.278 ms stddev 3.146, 0 failed
progress: 41.0 s, 21327.3 tps, lat 5.946 ms stddev 7.576, 0 failed
progress: 42.0 s, 6086.1 tps, lat 21.028 ms stddev 8.244, 0 failed
progress: 43.0 s, 13680.8 tps, lat 9.444 ms stddev 10.066, 0 failed
progress: 44.0 s, 39071.8 tps, lat 3.274 ms stddev 3.121, 0 failed
progress: 45.0 s, 39121.2 tps, lat 3.273 ms stddev 3.154, 0 failed
progress: 46.0 s, 32089.9 tps, lat 3.990 ms stddev 4.910, 0 failed
progress: 47.0 s, 39605.9 tps, lat 3.232 ms stddev 3.058, 0 failed
progress: 48.0 s, 39078.2 tps, lat 3.275 ms stddev 3.142, 0 failed
progress: 49.0 s, 38988.0 tps, lat 3.283 ms stddev 3.145, 0 failed
progress: 50.0 s, 39371.0 tps, lat 3.250 ms stddev 3.106, 0 failed
progress: 51.0 s, 39608.1 tps, lat 3.230 ms stddev 3.044, 0 failed
progress: 52.0 s, 38982.0 tps, lat 3.285 ms stddev 3.166, 0 failed
progress: 53.0 s, 39311.0 tps, lat 3.256 ms stddev 3.096, 0 failed
progress: 54.0 s, 38803.9 tps, lat 3.299 ms stddev 3.164, 0 failed
progress: 55.0 s, 39565.9 tps, lat 3.236 ms stddev 3.035, 0 failed
progress: 56.0 s, 36631.1 tps, lat 3.492 ms stddev 3.724, 0 failed
progress: 57.0 s, 38976.0 tps, lat 3.285 ms stddev 3.135, 0 failed
progress: 58.0 s, 39352.0 tps, lat 3.252 ms stddev 3.122, 0 failed
progress: 59.0 s, 39615.9 tps, lat 3.231 ms stddev 3.054, 0 failed
transaction type: star-1.sql
scaling factor: 1
query mode: prepared
number of clients: 128
number of threads: 128
maximum number of tries: 1
duration: 60 s
number of transactions actually processed: 2109387
number of failed transactions: 0 (0.000%)
latency average = 3.636 ms
latency stddev = 4.350 ms
initial connection time = 72.838 ms
tps = 35186.854961 (without initial connection time)
