pgbench (18devel, server 9.3.25)
progress: 1.0 s, 58278.7 tps, lat 2.140 ms stddev 4.178, 0 failed
progress: 2.0 s, 65837.9 tps, lat 1.944 ms stddev 2.072, 0 failed
progress: 3.0 s, 65376.3 tps, lat 1.958 ms stddev 2.092, 0 failed
progress: 4.0 s, 66846.5 tps, lat 1.913 ms stddev 2.015, 0 failed
progress: 5.0 s, 65520.3 tps, lat 1.953 ms stddev 2.099, 0 failed
progress: 6.0 s, 65676.0 tps, lat 1.949 ms stddev 2.076, 0 failed
progress: 7.0 s, 65504.1 tps, lat 1.954 ms stddev 2.091, 0 failed
progress: 8.0 s, 67218.9 tps, lat 1.904 ms stddev 1.999, 0 failed
progress: 9.0 s, 65202.9 tps, lat 1.963 ms stddev 2.103, 0 failed
progress: 10.0 s, 65353.0 tps, lat 1.958 ms stddev 2.088, 0 failed
progress: 11.0 s, 65770.1 tps, lat 1.946 ms stddev 2.085, 0 failed
progress: 12.0 s, 67243.0 tps, lat 1.903 ms stddev 2.016, 0 failed
progress: 13.0 s, 65610.9 tps, lat 1.950 ms stddev 2.094, 0 failed
progress: 14.0 s, 65594.3 tps, lat 1.951 ms stddev 2.090, 0 failed
progress: 15.0 s, 65929.9 tps, lat 1.941 ms stddev 2.086, 0 failed
progress: 16.0 s, 66491.0 tps, lat 1.925 ms stddev 2.044, 0 failed
progress: 17.0 s, 65784.9 tps, lat 1.946 ms stddev 2.086, 0 failed
progress: 18.0 s, 65577.0 tps, lat 1.951 ms stddev 2.089, 0 failed
progress: 19.0 s, 65523.0 tps, lat 1.953 ms stddev 2.102, 0 failed
progress: 20.0 s, 66632.9 tps, lat 1.921 ms stddev 2.033, 0 failed
progress: 21.0 s, 65901.2 tps, lat 1.942 ms stddev 2.067, 0 failed
progress: 22.0 s, 65228.7 tps, lat 1.962 ms stddev 2.120, 0 failed
progress: 23.0 s, 65969.2 tps, lat 1.941 ms stddev 2.080, 0 failed
progress: 24.0 s, 67118.1 tps, lat 1.906 ms stddev 2.024, 0 failed
progress: 25.0 s, 65465.5 tps, lat 1.955 ms stddev 2.107, 0 failed
progress: 26.0 s, 65731.5 tps, lat 1.947 ms stddev 2.089, 0 failed
progress: 27.0 s, 65343.0 tps, lat 1.959 ms stddev 2.111, 0 failed
progress: 28.0 s, 67601.0 tps, lat 1.892 ms stddev 1.998, 0 failed
progress: 29.0 s, 65362.7 tps, lat 1.959 ms stddev 2.121, 0 failed
progress: 30.0 s, 65328.2 tps, lat 1.958 ms stddev 2.117, 0 failed
progress: 31.0 s, 65814.9 tps, lat 1.945 ms stddev 2.074, 0 failed
progress: 32.0 s, 67214.2 tps, lat 1.904 ms stddev 2.024, 0 failed
progress: 33.0 s, 65482.0 tps, lat 1.954 ms stddev 2.113, 0 failed
progress: 34.0 s, 65640.9 tps, lat 1.950 ms stddev 2.110, 0 failed
progress: 35.0 s, 65432.0 tps, lat 1.957 ms stddev 2.089, 0 failed
progress: 36.0 s, 67323.9 tps, lat 1.900 ms stddev 1.991, 0 failed
progress: 37.0 s, 65392.1 tps, lat 1.957 ms stddev 2.097, 0 failed
progress: 38.0 s, 66269.0 tps, lat 1.932 ms stddev 2.070, 0 failed
progress: 39.0 s, 65878.1 tps, lat 1.942 ms stddev 2.078, 0 failed
progress: 40.0 s, 67176.8 tps, lat 1.905 ms stddev 2.015, 0 failed
progress: 41.0 s, 65515.9 tps, lat 1.953 ms stddev 2.099, 0 failed
progress: 42.0 s, 65437.2 tps, lat 1.956 ms stddev 2.109, 0 failed
progress: 43.0 s, 65565.9 tps, lat 1.952 ms stddev 2.098, 0 failed
progress: 44.0 s, 67186.0 tps, lat 1.905 ms stddev 2.017, 0 failed
progress: 45.0 s, 65851.9 tps, lat 1.943 ms stddev 2.093, 0 failed
progress: 46.0 s, 65941.1 tps, lat 1.941 ms stddev 2.108, 0 failed
progress: 47.0 s, 65823.0 tps, lat 1.944 ms stddev 2.088, 0 failed
progress: 48.0 s, 67058.1 tps, lat 1.909 ms stddev 2.027, 0 failed
progress: 49.0 s, 65432.9 tps, lat 1.956 ms stddev 2.120, 0 failed
progress: 50.0 s, 65571.0 tps, lat 1.951 ms stddev 2.098, 0 failed
progress: 51.0 s, 66403.9 tps, lat 1.928 ms stddev 2.064, 0 failed
progress: 52.0 s, 66826.9 tps, lat 1.914 ms stddev 2.035, 0 failed
progress: 53.0 s, 65445.1 tps, lat 1.956 ms stddev 2.103, 0 failed
progress: 54.0 s, 65990.1 tps, lat 1.940 ms stddev 2.070, 0 failed
progress: 55.0 s, 65795.0 tps, lat 1.946 ms stddev 2.101, 0 failed
progress: 56.0 s, 66731.1 tps, lat 1.917 ms stddev 2.024, 0 failed
progress: 57.0 s, 65505.9 tps, lat 1.955 ms stddev 2.103, 0 failed
progress: 58.0 s, 65877.9 tps, lat 1.943 ms stddev 2.103, 0 failed
progress: 59.0 s, 66330.1 tps, lat 1.930 ms stddev 2.056, 0 failed
transaction type: star-1-left.sql
scaling factor: 1
query mode: prepared
number of clients: 128
number of threads: 128
maximum number of tries: 1
duration: 60 s
number of transactions actually processed: 3950193
number of failed transactions: 0 (0.000%)
latency average = 1.942 ms
latency stddev = 2.122 ms
initial connection time = 74.199 ms
tps = 65883.024984 (without initial connection time)
