pgbench (18devel, server 12.20)
progress: 1.0 s, 8492.0 tps, lat 0.117 ms stddev 0.386, 0 failed
progress: 2.0 s, 9443.5 tps, lat 0.106 ms stddev 0.006, 0 failed
progress: 3.0 s, 9657.0 tps, lat 0.103 ms stddev 0.006, 0 failed
progress: 4.0 s, 9700.3 tps, lat 0.103 ms stddev 0.006, 0 failed
progress: 5.0 s, 9664.1 tps, lat 0.103 ms stddev 0.006, 0 failed
progress: 6.0 s, 9515.6 tps, lat 0.105 ms stddev 0.006, 0 failed
progress: 7.0 s, 9696.2 tps, lat 0.103 ms stddev 0.005, 0 failed
progress: 8.0 s, 9474.2 tps, lat 0.105 ms stddev 0.007, 0 failed
progress: 9.0 s, 9577.0 tps, lat 0.104 ms stddev 0.006, 0 failed
progress: 10.0 s, 9629.5 tps, lat 0.104 ms stddev 0.006, 0 failed
progress: 11.0 s, 9591.0 tps, lat 0.104 ms stddev 0.006, 0 failed
progress: 12.0 s, 9668.1 tps, lat 0.103 ms stddev 0.006, 0 failed
progress: 13.0 s, 9721.3 tps, lat 0.103 ms stddev 0.005, 0 failed
progress: 14.0 s, 9720.8 tps, lat 0.103 ms stddev 0.005, 0 failed
progress: 15.0 s, 9726.8 tps, lat 0.103 ms stddev 0.005, 0 failed
progress: 16.0 s, 9971.1 tps, lat 0.100 ms stddev 0.006, 0 failed
progress: 17.0 s, 9979.9 tps, lat 0.100 ms stddev 0.005, 0 failed
progress: 18.0 s, 9741.9 tps, lat 0.103 ms stddev 0.006, 0 failed
progress: 19.0 s, 9528.0 tps, lat 0.105 ms stddev 0.006, 0 failed
progress: 20.0 s, 9674.3 tps, lat 0.103 ms stddev 0.006, 0 failed
progress: 21.0 s, 9555.8 tps, lat 0.105 ms stddev 0.007, 0 failed
progress: 22.0 s, 9442.9 tps, lat 0.106 ms stddev 0.006, 0 failed
progress: 23.0 s, 9567.0 tps, lat 0.104 ms stddev 0.006, 0 failed
progress: 24.0 s, 9590.4 tps, lat 0.104 ms stddev 0.006, 0 failed
progress: 25.0 s, 9590.7 tps, lat 0.104 ms stddev 0.006, 0 failed
progress: 26.0 s, 9464.9 tps, lat 0.106 ms stddev 0.006, 0 failed
progress: 27.0 s, 9548.3 tps, lat 0.105 ms stddev 0.006, 0 failed
progress: 28.0 s, 9515.7 tps, lat 0.105 ms stddev 0.007, 0 failed
progress: 29.0 s, 9602.0 tps, lat 0.104 ms stddev 0.006, 0 failed
progress: 30.0 s, 9469.0 tps, lat 0.106 ms stddev 0.007, 0 failed
progress: 31.0 s, 9418.0 tps, lat 0.106 ms stddev 0.006, 0 failed
progress: 32.0 s, 9645.0 tps, lat 0.104 ms stddev 0.006, 0 failed
progress: 33.0 s, 9708.4 tps, lat 0.103 ms stddev 0.006, 0 failed
progress: 34.0 s, 9523.6 tps, lat 0.105 ms stddev 0.006, 0 failed
progress: 35.0 s, 9738.5 tps, lat 0.103 ms stddev 0.005, 0 failed
progress: 36.0 s, 9608.5 tps, lat 0.104 ms stddev 0.007, 0 failed
progress: 37.0 s, 9419.2 tps, lat 0.106 ms stddev 0.005, 0 failed
progress: 38.0 s, 9519.0 tps, lat 0.105 ms stddev 0.006, 0 failed
progress: 39.0 s, 9445.8 tps, lat 0.106 ms stddev 0.006, 0 failed
progress: 40.0 s, 9518.4 tps, lat 0.105 ms stddev 0.006, 0 failed
progress: 41.0 s, 9538.6 tps, lat 0.105 ms stddev 0.006, 0 failed
progress: 42.0 s, 9567.5 tps, lat 0.104 ms stddev 0.006, 0 failed
progress: 43.0 s, 9443.6 tps, lat 0.106 ms stddev 0.006, 0 failed
progress: 44.0 s, 9669.0 tps, lat 0.103 ms stddev 0.006, 0 failed
progress: 45.0 s, 9475.4 tps, lat 0.105 ms stddev 0.005, 0 failed
progress: 46.0 s, 9622.6 tps, lat 0.104 ms stddev 0.006, 0 failed
progress: 47.0 s, 9644.0 tps, lat 0.104 ms stddev 0.006, 0 failed
progress: 48.0 s, 9596.0 tps, lat 0.104 ms stddev 0.006, 0 failed
progress: 49.0 s, 9646.5 tps, lat 0.104 ms stddev 0.006, 0 failed
progress: 50.0 s, 9648.5 tps, lat 0.104 ms stddev 0.006, 0 failed
progress: 51.0 s, 9601.0 tps, lat 0.104 ms stddev 0.007, 0 failed
progress: 52.0 s, 9710.2 tps, lat 0.103 ms stddev 0.006, 0 failed
progress: 53.0 s, 9721.2 tps, lat 0.103 ms stddev 0.006, 0 failed
progress: 54.0 s, 9557.6 tps, lat 0.105 ms stddev 0.006, 0 failed
progress: 55.0 s, 9527.0 tps, lat 0.105 ms stddev 0.006, 0 failed
progress: 56.0 s, 9671.5 tps, lat 0.103 ms stddev 0.006, 0 failed
progress: 57.0 s, 9740.6 tps, lat 0.103 ms stddev 0.005, 0 failed
progress: 58.0 s, 9582.9 tps, lat 0.104 ms stddev 0.006, 0 failed
progress: 59.0 s, 9528.2 tps, lat 0.105 ms stddev 0.006, 0 failed
progress: 60.0 s, 9711.9 tps, lat 0.103 ms stddev 0.006, 0 failed
transaction type: star-1.sql
scaling factor: 1
query mode: prepared
number of clients: 1
number of threads: 1
maximum number of tries: 1
duration: 60 s
number of transactions actually processed: 575269
number of failed transactions: 0 (0.000%)
latency average = 0.104 ms
latency stddev = 0.047 ms
initial connection time = 1.854 ms
tps = 9588.098077 (without initial connection time)
