pgbench (18devel, server 12.20)
progress: 1.0 s, 99191.5 tps, lat 0.160 ms stddev 0.573, 0 failed
progress: 2.0 s, 115276.1 tps, lat 0.139 ms stddev 0.010, 0 failed
progress: 3.0 s, 115763.0 tps, lat 0.138 ms stddev 0.017, 0 failed
progress: 4.0 s, 117420.6 tps, lat 0.136 ms stddev 0.009, 0 failed
progress: 5.0 s, 117568.1 tps, lat 0.136 ms stddev 0.009, 0 failed
progress: 6.0 s, 117417.1 tps, lat 0.136 ms stddev 0.009, 0 failed
progress: 7.0 s, 117485.0 tps, lat 0.136 ms stddev 0.016, 0 failed
progress: 8.0 s, 117624.1 tps, lat 0.136 ms stddev 0.009, 0 failed
progress: 9.0 s, 117491.9 tps, lat 0.136 ms stddev 0.008, 0 failed
progress: 10.0 s, 117167.0 tps, lat 0.136 ms stddev 0.009, 0 failed
progress: 11.0 s, 117434.9 tps, lat 0.136 ms stddev 0.009, 0 failed
progress: 12.0 s, 117873.9 tps, lat 0.136 ms stddev 0.009, 0 failed
progress: 13.0 s, 116973.2 tps, lat 0.137 ms stddev 0.010, 0 failed
progress: 14.0 s, 116814.9 tps, lat 0.137 ms stddev 0.013, 0 failed
progress: 15.0 s, 117656.8 tps, lat 0.136 ms stddev 0.008, 0 failed
progress: 16.0 s, 117816.1 tps, lat 0.136 ms stddev 0.008, 0 failed
progress: 17.0 s, 116291.1 tps, lat 0.137 ms stddev 0.009, 0 failed
progress: 18.0 s, 117274.7 tps, lat 0.136 ms stddev 0.009, 0 failed
progress: 19.0 s, 117656.1 tps, lat 0.136 ms stddev 0.009, 0 failed
progress: 20.0 s, 117429.0 tps, lat 0.136 ms stddev 0.009, 0 failed
progress: 21.0 s, 117189.0 tps, lat 0.136 ms stddev 0.009, 0 failed
progress: 22.0 s, 117035.0 tps, lat 0.137 ms stddev 0.009, 0 failed
progress: 23.0 s, 117706.1 tps, lat 0.136 ms stddev 0.008, 0 failed
progress: 24.0 s, 117079.0 tps, lat 0.137 ms stddev 0.010, 0 failed
progress: 25.0 s, 116473.0 tps, lat 0.137 ms stddev 0.009, 0 failed
progress: 26.0 s, 116396.7 tps, lat 0.137 ms stddev 0.009, 0 failed
progress: 27.0 s, 116176.6 tps, lat 0.138 ms stddev 0.009, 0 failed
progress: 28.0 s, 116043.8 tps, lat 0.138 ms stddev 0.012, 0 failed
progress: 29.0 s, 116750.1 tps, lat 0.137 ms stddev 0.009, 0 failed
progress: 30.0 s, 116590.6 tps, lat 0.137 ms stddev 0.009, 0 failed
progress: 31.0 s, 116441.1 tps, lat 0.137 ms stddev 0.009, 0 failed
progress: 32.0 s, 116539.9 tps, lat 0.137 ms stddev 0.010, 0 failed
progress: 33.0 s, 116450.8 tps, lat 0.137 ms stddev 0.010, 0 failed
progress: 34.0 s, 115708.2 tps, lat 0.138 ms stddev 0.010, 0 failed
progress: 35.0 s, 116258.3 tps, lat 0.138 ms stddev 0.010, 0 failed
progress: 36.0 s, 117315.8 tps, lat 0.136 ms stddev 0.009, 0 failed
progress: 37.0 s, 116947.9 tps, lat 0.137 ms stddev 0.010, 0 failed
progress: 38.0 s, 116876.1 tps, lat 0.137 ms stddev 0.010, 0 failed
progress: 39.0 s, 116842.6 tps, lat 0.137 ms stddev 0.010, 0 failed
progress: 40.0 s, 116536.3 tps, lat 0.137 ms stddev 0.012, 0 failed
progress: 41.0 s, 118309.5 tps, lat 0.135 ms stddev 0.009, 0 failed
progress: 42.0 s, 118505.6 tps, lat 0.135 ms stddev 0.009, 0 failed
progress: 43.0 s, 118488.0 tps, lat 0.135 ms stddev 0.008, 0 failed
progress: 44.0 s, 118438.4 tps, lat 0.135 ms stddev 0.008, 0 failed
progress: 45.0 s, 118171.5 tps, lat 0.135 ms stddev 0.009, 0 failed
progress: 46.0 s, 118024.9 tps, lat 0.135 ms stddev 0.009, 0 failed
progress: 47.0 s, 118188.2 tps, lat 0.135 ms stddev 0.008, 0 failed
progress: 48.0 s, 118164.9 tps, lat 0.135 ms stddev 0.008, 0 failed
progress: 49.0 s, 118316.1 tps, lat 0.135 ms stddev 0.008, 0 failed
progress: 50.0 s, 117934.5 tps, lat 0.136 ms stddev 0.009, 0 failed
progress: 51.0 s, 117156.0 tps, lat 0.136 ms stddev 0.010, 0 failed
progress: 52.0 s, 118109.5 tps, lat 0.135 ms stddev 0.009, 0 failed
progress: 53.0 s, 117434.0 tps, lat 0.136 ms stddev 0.009, 0 failed
progress: 54.0 s, 117127.7 tps, lat 0.137 ms stddev 0.009, 0 failed
progress: 55.0 s, 116800.2 tps, lat 0.137 ms stddev 0.009, 0 failed
progress: 56.0 s, 117396.9 tps, lat 0.136 ms stddev 0.009, 0 failed
progress: 57.0 s, 117292.6 tps, lat 0.136 ms stddev 0.009, 0 failed
progress: 58.0 s, 115956.0 tps, lat 0.138 ms stddev 0.013, 0 failed
progress: 59.0 s, 116499.5 tps, lat 0.137 ms stddev 0.009, 0 failed
transaction type: star-1.sql
scaling factor: 1
query mode: prepared
number of clients: 16
number of threads: 16
maximum number of tries: 1
duration: 60 s
number of transactions actually processed: 7011158
number of failed transactions: 0 (0.000%)
latency average = 0.137 ms
latency stddev = 0.069 ms
initial connection time = 11.549 ms
tps = 116874.492759 (without initial connection time)
