pgbench (18devel, server 12.20)
progress: 1.0 s, 28278.1 tps, lat 8.556 ms stddev 35.341, 0 failed
progress: 2.0 s, 77698.5 tps, lat 3.292 ms stddev 3.693, 0 failed
progress: 3.0 s, 78589.9 tps, lat 3.260 ms stddev 3.647, 0 failed
progress: 4.0 s, 78105.3 tps, lat 3.277 ms stddev 3.671, 0 failed
progress: 5.0 s, 77742.9 tps, lat 3.293 ms stddev 3.707, 0 failed
progress: 6.0 s, 78041.8 tps, lat 3.277 ms stddev 3.699, 0 failed
progress: 7.0 s, 78504.1 tps, lat 3.262 ms stddev 3.651, 0 failed
progress: 8.0 s, 78220.2 tps, lat 3.273 ms stddev 3.704, 0 failed
progress: 9.0 s, 78261.8 tps, lat 3.269 ms stddev 3.716, 0 failed
progress: 10.0 s, 77716.9 tps, lat 3.294 ms stddev 3.744, 0 failed
progress: 11.0 s, 78659.3 tps, lat 3.254 ms stddev 3.634, 0 failed
progress: 12.0 s, 78334.8 tps, lat 3.268 ms stddev 3.701, 0 failed
progress: 13.0 s, 77218.3 tps, lat 3.315 ms stddev 3.766, 0 failed
progress: 14.0 s, 75605.8 tps, lat 3.388 ms stddev 3.821, 0 failed
progress: 15.0 s, 78373.9 tps, lat 3.266 ms stddev 3.662, 0 failed
progress: 16.0 s, 78465.0 tps, lat 3.259 ms stddev 3.686, 0 failed
progress: 17.0 s, 77877.2 tps, lat 3.290 ms stddev 3.725, 0 failed
progress: 18.0 s, 77832.2 tps, lat 3.289 ms stddev 3.719, 0 failed
progress: 19.0 s, 78700.0 tps, lat 3.252 ms stddev 3.636, 0 failed
progress: 20.0 s, 78282.7 tps, lat 3.270 ms stddev 3.722, 0 failed
progress: 21.0 s, 77892.8 tps, lat 3.288 ms stddev 3.735, 0 failed
progress: 22.0 s, 76654.1 tps, lat 3.338 ms stddev 3.781, 0 failed
progress: 23.0 s, 78357.1 tps, lat 3.268 ms stddev 3.656, 0 failed
progress: 24.0 s, 77790.1 tps, lat 3.289 ms stddev 3.714, 0 failed
progress: 25.0 s, 77482.2 tps, lat 3.304 ms stddev 3.752, 0 failed
progress: 26.0 s, 78230.1 tps, lat 3.272 ms stddev 3.703, 0 failed
progress: 27.0 s, 79310.6 tps, lat 3.228 ms stddev 3.630, 0 failed
progress: 28.0 s, 78772.2 tps, lat 3.249 ms stddev 3.677, 0 failed
progress: 29.0 s, 78393.2 tps, lat 3.265 ms stddev 3.691, 0 failed
progress: 30.0 s, 77159.6 tps, lat 3.318 ms stddev 3.746, 0 failed
progress: 31.0 s, 77995.3 tps, lat 3.284 ms stddev 3.690, 0 failed
progress: 32.0 s, 78441.8 tps, lat 3.262 ms stddev 3.691, 0 failed
progress: 33.0 s, 78583.1 tps, lat 3.257 ms stddev 3.691, 0 failed
progress: 34.0 s, 78684.0 tps, lat 3.254 ms stddev 3.694, 0 failed
progress: 35.0 s, 79300.2 tps, lat 3.227 ms stddev 3.606, 0 failed
progress: 36.0 s, 78153.6 tps, lat 3.276 ms stddev 3.724, 0 failed
progress: 37.0 s, 77600.1 tps, lat 3.300 ms stddev 3.760, 0 failed
progress: 38.0 s, 77539.0 tps, lat 3.300 ms stddev 3.733, 0 failed
progress: 39.0 s, 79190.5 tps, lat 3.232 ms stddev 3.598, 0 failed
progress: 40.0 s, 78245.3 tps, lat 3.273 ms stddev 3.722, 0 failed
progress: 41.0 s, 78318.9 tps, lat 3.267 ms stddev 3.707, 0 failed
progress: 42.0 s, 78343.5 tps, lat 3.267 ms stddev 3.700, 0 failed
progress: 43.0 s, 78769.6 tps, lat 3.251 ms stddev 3.661, 0 failed
progress: 44.0 s, 78538.1 tps, lat 3.259 ms stddev 3.683, 0 failed
progress: 45.0 s, 77971.8 tps, lat 3.281 ms stddev 3.732, 0 failed
progress: 46.0 s, 78150.3 tps, lat 3.277 ms stddev 3.717, 0 failed
progress: 47.0 s, 79252.8 tps, lat 3.231 ms stddev 3.611, 0 failed
progress: 48.0 s, 78203.4 tps, lat 3.273 ms stddev 3.690, 0 failed
progress: 49.0 s, 77564.3 tps, lat 3.301 ms stddev 3.738, 0 failed
progress: 50.0 s, 77700.3 tps, lat 3.293 ms stddev 3.768, 0 failed
progress: 51.0 s, 79226.2 tps, lat 3.232 ms stddev 3.627, 0 failed
progress: 52.0 s, 78101.8 tps, lat 3.277 ms stddev 3.726, 0 failed
progress: 53.0 s, 77977.2 tps, lat 3.280 ms stddev 3.727, 0 failed
progress: 54.0 s, 78069.8 tps, lat 3.282 ms stddev 3.754, 0 failed
progress: 55.0 s, 78966.2 tps, lat 3.243 ms stddev 3.650, 0 failed
progress: 56.0 s, 78478.8 tps, lat 3.260 ms stddev 3.690, 0 failed
progress: 57.0 s, 77704.1 tps, lat 3.293 ms stddev 3.729, 0 failed
progress: 58.0 s, 77893.9 tps, lat 3.288 ms stddev 3.717, 0 failed
progress: 59.0 s, 78360.5 tps, lat 3.266 ms stddev 3.687, 0 failed
transaction type: star-1.sql
scaling factor: 1
query mode: prepared
number of clients: 256
number of threads: 256
maximum number of tries: 1
duration: 60 s
number of transactions actually processed: 4633263
number of failed transactions: 0 (0.000%)
latency average = 3.308 ms
latency stddev = 4.631 ms
initial connection time = 147.968 ms
tps = 77339.970517 (without initial connection time)
