pgbench (18devel, server 8.0.26)
progress: 1.0 s, 506.9 tps, lat 28.702 ms stddev 48.251, 0 failed
progress: 2.0 s, 809.0 tps, lat 19.788 ms stddev 0.754, 0 failed
progress: 3.0 s, 809.0 tps, lat 19.693 ms stddev 0.417, 0 failed
progress: 4.0 s, 814.0 tps, lat 19.719 ms stddev 0.553, 0 failed
progress: 5.0 s, 809.0 tps, lat 19.731 ms stddev 0.828, 0 failed
progress: 6.0 s, 813.0 tps, lat 19.724 ms stddev 0.412, 0 failed
progress: 7.0 s, 814.0 tps, lat 19.671 ms stddev 0.203, 0 failed
progress: 8.0 s, 809.0 tps, lat 19.764 ms stddev 0.957, 0 failed
progress: 9.0 s, 814.0 tps, lat 19.699 ms stddev 0.400, 0 failed
progress: 10.0 s, 808.0 tps, lat 19.713 ms stddev 0.658, 0 failed
progress: 11.0 s, 816.0 tps, lat 19.681 ms stddev 0.428, 0 failed
progress: 12.0 s, 808.0 tps, lat 19.672 ms stddev 0.406, 0 failed
progress: 13.0 s, 812.0 tps, lat 19.795 ms stddev 1.146, 0 failed
progress: 14.0 s, 811.0 tps, lat 19.701 ms stddev 0.416, 0 failed
progress: 15.0 s, 816.0 tps, lat 19.650 ms stddev 0.189, 0 failed
progress: 16.0 s, 811.0 tps, lat 19.657 ms stddev 0.408, 0 failed
progress: 17.0 s, 816.0 tps, lat 19.664 ms stddev 0.404, 0 failed
progress: 18.0 s, 812.0 tps, lat 19.707 ms stddev 0.638, 0 failed
progress: 19.0 s, 814.0 tps, lat 19.675 ms stddev 0.544, 0 failed
progress: 20.0 s, 811.0 tps, lat 19.670 ms stddev 0.410, 0 failed
progress: 21.0 s, 815.0 tps, lat 19.712 ms stddev 0.466, 0 failed
progress: 22.0 s, 810.0 tps, lat 19.698 ms stddev 0.428, 0 failed
progress: 23.0 s, 815.0 tps, lat 19.661 ms stddev 0.405, 0 failed
progress: 24.0 s, 811.0 tps, lat 19.777 ms stddev 0.908, 0 failed
progress: 25.0 s, 806.0 tps, lat 19.715 ms stddev 0.422, 0 failed
progress: 26.0 s, 814.0 tps, lat 19.693 ms stddev 0.229, 0 failed
progress: 27.0 s, 816.0 tps, lat 19.656 ms stddev 0.399, 0 failed
progress: 28.0 s, 813.0 tps, lat 19.642 ms stddev 0.188, 0 failed
progress: 29.0 s, 813.0 tps, lat 19.664 ms stddev 0.408, 0 failed
progress: 30.0 s, 815.0 tps, lat 19.664 ms stddev 0.218, 0 failed
progress: 31.0 s, 809.0 tps, lat 19.756 ms stddev 0.791, 0 failed
progress: 32.0 s, 812.0 tps, lat 19.699 ms stddev 0.418, 0 failed
progress: 33.0 s, 813.0 tps, lat 19.720 ms stddev 0.540, 0 failed
progress: 34.0 s, 813.0 tps, lat 19.675 ms stddev 0.230, 0 failed
progress: 35.0 s, 812.0 tps, lat 19.667 ms stddev 0.399, 0 failed
progress: 36.0 s, 813.0 tps, lat 19.689 ms stddev 0.650, 0 failed
progress: 37.0 s, 808.0 tps, lat 19.760 ms stddev 0.982, 0 failed
progress: 38.0 s, 814.0 tps, lat 19.684 ms stddev 0.429, 0 failed
progress: 39.0 s, 813.0 tps, lat 19.662 ms stddev 0.435, 0 failed
progress: 40.0 s, 816.0 tps, lat 19.634 ms stddev 0.205, 0 failed
progress: 41.0 s, 812.0 tps, lat 19.723 ms stddev 0.809, 0 failed
progress: 42.0 s, 814.0 tps, lat 19.649 ms stddev 0.208, 0 failed
progress: 43.0 s, 814.0 tps, lat 19.665 ms stddev 0.431, 0 failed
progress: 44.0 s, 811.0 tps, lat 19.697 ms stddev 0.831, 0 failed
progress: 45.0 s, 809.0 tps, lat 19.830 ms stddev 1.197, 0 failed
progress: 46.0 s, 811.0 tps, lat 19.691 ms stddev 0.676, 0 failed
progress: 47.0 s, 814.0 tps, lat 19.640 ms stddev 0.233, 0 failed
progress: 48.0 s, 814.0 tps, lat 19.672 ms stddev 0.557, 0 failed
progress: 49.0 s, 812.0 tps, lat 19.741 ms stddev 0.830, 0 failed
progress: 50.0 s, 814.0 tps, lat 19.668 ms stddev 0.416, 0 failed
progress: 51.0 s, 812.0 tps, lat 19.665 ms stddev 0.443, 0 failed
progress: 52.0 s, 810.0 tps, lat 19.755 ms stddev 0.958, 0 failed
progress: 53.0 s, 808.0 tps, lat 19.809 ms stddev 1.074, 0 failed
progress: 54.0 s, 812.0 tps, lat 19.667 ms stddev 0.567, 0 failed
progress: 55.0 s, 815.0 tps, lat 19.643 ms stddev 0.908, 0 failed
progress: 56.0 s, 818.0 tps, lat 19.598 ms stddev 0.185, 0 failed
progress: 57.0 s, 813.0 tps, lat 19.671 ms stddev 0.414, 0 failed
progress: 58.0 s, 813.0 tps, lat 19.677 ms stddev 0.549, 0 failed
progress: 59.0 s, 815.0 tps, lat 19.654 ms stddev 0.412, 0 failed
progress: 60.0 s, 813.0 tps, lat 19.660 ms stddev 0.546, 0 failed
transaction type: star-1.sql
scaling factor: 1
query mode: simple
number of clients: 16
number of threads: 16
maximum number of tries: 1
duration: 60 s
number of transactions actually processed: 48450
number of failed transactions: 0 (0.000%)
latency average = 19.789 ms
latency stddev = 5.055 ms
initial connection time = 87.710 ms
tps = 808.414586 (without initial connection time)
