pgbench (18devel, server 8.0.26)
progress: 1.0 s, 0.0 tps, lat 0.000 ms stddev 0.000, 0 failed
progress: 2.0 s, 0.0 tps, lat 0.000 ms stddev 0.000, 0 failed
progress: 3.0 s, 0.0 tps, lat 0.000 ms stddev 0.000, 0 failed
progress: 4.0 s, 0.0 tps, lat 0.000 ms stddev 0.000, 0 failed
progress: 5.0 s, 0.0 tps, lat 0.000 ms stddev 0.000, 0 failed
progress: 6.0 s, 5.0 tps, lat 2813.651 ms stddev 1911.125, 0 failed
progress: 7.0 s, 4.0 tps, lat 1756.554 ms stddev 2023.196, 0 failed
progress: 8.0 s, 7.0 tps, lat 2604.951 ms stddev 2462.089, 0 failed
progress: 9.0 s, 10.0 tps, lat 723.406 ms stddev 225.294, 0 failed
progress: 10.0 s, 30.0 tps, lat 1399.027 ms stddev 2750.875, 0 failed
progress: 11.0 s, 1051.8 tps, lat 2281.090 ms stddev 3967.906, 0 failed
progress: 12.0 s, 1934.4 tps, lat 154.570 ms stddev 455.338, 0 failed
progress: 13.0 s, 1839.1 tps, lat 136.512 ms stddev 59.725, 0 failed
progress: 14.0 s, 1781.7 tps, lat 145.040 ms stddev 67.860, 0 failed
progress: 15.0 s, 1820.2 tps, lat 141.749 ms stddev 65.555, 0 failed
progress: 16.0 s, 1790.0 tps, lat 142.045 ms stddev 67.427, 0 failed
progress: 17.0 s, 1720.9 tps, lat 148.801 ms stddev 69.340, 0 failed
progress: 18.0 s, 1800.1 tps, lat 141.675 ms stddev 74.888, 0 failed
progress: 19.0 s, 1812.9 tps, lat 140.740 ms stddev 71.793, 0 failed
progress: 20.0 s, 1797.1 tps, lat 141.246 ms stddev 76.106, 0 failed
progress: 21.0 s, 1803.6 tps, lat 142.935 ms stddev 71.853, 0 failed
progress: 22.0 s, 1833.3 tps, lat 141.095 ms stddev 72.260, 0 failed
progress: 23.0 s, 1813.0 tps, lat 141.134 ms stddev 72.624, 0 failed
progress: 24.0 s, 1813.1 tps, lat 140.235 ms stddev 75.031, 0 failed
progress: 25.0 s, 1813.0 tps, lat 140.788 ms stddev 74.755, 0 failed
progress: 26.0 s, 1830.0 tps, lat 140.846 ms stddev 75.233, 0 failed
progress: 27.0 s, 1811.0 tps, lat 142.162 ms stddev 76.180, 0 failed
progress: 28.0 s, 1799.0 tps, lat 141.028 ms stddev 75.755, 0 failed
progress: 29.0 s, 1828.0 tps, lat 140.285 ms stddev 74.170, 0 failed
progress: 30.0 s, 1822.9 tps, lat 140.635 ms stddev 75.315, 0 failed
progress: 31.0 s, 1807.9 tps, lat 140.384 ms stddev 74.311, 0 failed
progress: 32.0 s, 1795.9 tps, lat 139.888 ms stddev 73.584, 0 failed
progress: 33.0 s, 1794.7 tps, lat 144.598 ms stddev 75.439, 0 failed
progress: 34.0 s, 1758.3 tps, lat 146.732 ms stddev 72.710, 0 failed
progress: 35.0 s, 1832.0 tps, lat 141.045 ms stddev 76.970, 0 failed
progress: 36.0 s, 1826.1 tps, lat 140.792 ms stddev 71.994, 0 failed
progress: 37.0 s, 1797.7 tps, lat 139.446 ms stddev 75.380, 0 failed
progress: 38.0 s, 1849.3 tps, lat 141.717 ms stddev 77.932, 0 failed
progress: 39.0 s, 1802.7 tps, lat 140.702 ms stddev 77.841, 0 failed
progress: 40.0 s, 1805.2 tps, lat 139.733 ms stddev 76.538, 0 failed
progress: 41.0 s, 1818.8 tps, lat 143.125 ms stddev 75.315, 0 failed
progress: 42.0 s, 1796.5 tps, lat 143.353 ms stddev 75.909, 0 failed
progress: 43.0 s, 1797.7 tps, lat 139.137 ms stddev 73.762, 0 failed
progress: 44.0 s, 1799.0 tps, lat 143.710 ms stddev 75.050, 0 failed
progress: 45.0 s, 1810.0 tps, lat 140.084 ms stddev 75.872, 0 failed
progress: 46.0 s, 1819.8 tps, lat 142.930 ms stddev 75.290, 0 failed
progress: 47.0 s, 1821.2 tps, lat 141.276 ms stddev 72.857, 0 failed
progress: 48.0 s, 1797.7 tps, lat 141.754 ms stddev 70.018, 0 failed
progress: 49.0 s, 1822.3 tps, lat 140.358 ms stddev 73.070, 0 failed
progress: 50.0 s, 1798.6 tps, lat 141.916 ms stddev 77.307, 0 failed
progress: 51.0 s, 1789.4 tps, lat 141.431 ms stddev 74.184, 0 failed
progress: 52.0 s, 1835.9 tps, lat 141.262 ms stddev 76.232, 0 failed
progress: 53.0 s, 1804.1 tps, lat 141.438 ms stddev 74.082, 0 failed
progress: 54.0 s, 1815.8 tps, lat 140.845 ms stddev 74.745, 0 failed
progress: 55.0 s, 1773.2 tps, lat 141.235 ms stddev 74.506, 0 failed
progress: 56.0 s, 1834.1 tps, lat 143.504 ms stddev 78.653, 0 failed
progress: 57.0 s, 1804.0 tps, lat 139.400 ms stddev 76.161, 0 failed
progress: 58.0 s, 1801.6 tps, lat 144.335 ms stddev 77.925, 0 failed
progress: 59.0 s, 1809.4 tps, lat 141.421 ms stddev 74.651, 0 failed
transaction type: star-1.sql
scaling factor: 1
query mode: simple
number of clients: 256
number of threads: 256
maximum number of tries: 1
duration: 60 s
number of transactions actually processed: 89868
number of failed transactions: 0 (0.000%)
latency average = 167.778 ms
latency stddev = 501.668 ms
initial connection time = 1144.084 ms
tps = 1524.690509 (without initial connection time)
