pgbench (18devel, server 15.8)
progress: 1.0 s, 15815.1 tps, lat 7.844 ms stddev 5.421, 0 failed
progress: 2.0 s, 16483.8 tps, lat 7.767 ms stddev 4.496, 0 failed
progress: 3.0 s, 16563.1 tps, lat 7.729 ms stddev 4.457, 0 failed
progress: 4.0 s, 16556.9 tps, lat 7.714 ms stddev 4.485, 0 failed
progress: 5.0 s, 16542.5 tps, lat 7.743 ms stddev 4.613, 0 failed
progress: 6.0 s, 16597.7 tps, lat 7.722 ms stddev 4.941, 0 failed
progress: 7.0 s, 16554.8 tps, lat 7.724 ms stddev 4.812, 0 failed
progress: 8.0 s, 16620.9 tps, lat 7.688 ms stddev 4.970, 0 failed
progress: 9.0 s, 16660.0 tps, lat 7.690 ms stddev 5.089, 0 failed
progress: 10.0 s, 16624.0 tps, lat 7.702 ms stddev 5.032, 0 failed
progress: 11.0 s, 16682.1 tps, lat 7.671 ms stddev 5.009, 0 failed
progress: 12.0 s, 16705.9 tps, lat 7.672 ms stddev 4.982, 0 failed
progress: 13.0 s, 16692.0 tps, lat 7.665 ms stddev 4.929, 0 failed
progress: 14.0 s, 16638.6 tps, lat 7.686 ms stddev 5.022, 0 failed
progress: 15.0 s, 16692.6 tps, lat 7.668 ms stddev 5.009, 0 failed
progress: 16.0 s, 16689.8 tps, lat 7.672 ms stddev 5.092, 0 failed
progress: 17.0 s, 16642.0 tps, lat 7.692 ms stddev 4.950, 0 failed
progress: 18.0 s, 16676.9 tps, lat 7.676 ms stddev 4.875, 0 failed
progress: 19.0 s, 16639.0 tps, lat 7.690 ms stddev 4.763, 0 failed
progress: 20.0 s, 16659.1 tps, lat 7.683 ms stddev 4.877, 0 failed
progress: 21.0 s, 16699.0 tps, lat 7.670 ms stddev 4.963, 0 failed
progress: 22.0 s, 16647.9 tps, lat 7.684 ms stddev 4.990, 0 failed
progress: 23.0 s, 16698.2 tps, lat 7.667 ms stddev 5.114, 0 failed
progress: 24.0 s, 16665.4 tps, lat 7.679 ms stddev 4.977, 0 failed
progress: 25.0 s, 16657.5 tps, lat 7.668 ms stddev 4.912, 0 failed
progress: 26.0 s, 16683.8 tps, lat 7.685 ms stddev 5.119, 0 failed
progress: 27.0 s, 16689.3 tps, lat 7.668 ms stddev 5.005, 0 failed
progress: 28.0 s, 16663.0 tps, lat 7.678 ms stddev 5.017, 0 failed
progress: 29.0 s, 16660.9 tps, lat 7.689 ms stddev 4.942, 0 failed
progress: 30.0 s, 16701.0 tps, lat 7.664 ms stddev 5.171, 0 failed
progress: 31.0 s, 16685.0 tps, lat 7.668 ms stddev 5.001, 0 failed
progress: 32.0 s, 16697.6 tps, lat 7.666 ms stddev 5.033, 0 failed
progress: 33.0 s, 16671.0 tps, lat 7.674 ms stddev 4.725, 0 failed
progress: 34.0 s, 16685.4 tps, lat 7.673 ms stddev 5.047, 0 failed
progress: 35.0 s, 16691.0 tps, lat 7.672 ms stddev 4.784, 0 failed
progress: 36.0 s, 16677.7 tps, lat 7.671 ms stddev 4.832, 0 failed
progress: 37.0 s, 16677.3 tps, lat 7.677 ms stddev 4.773, 0 failed
progress: 38.0 s, 16734.5 tps, lat 7.646 ms stddev 5.138, 0 failed
progress: 39.0 s, 16712.7 tps, lat 7.645 ms stddev 4.950, 0 failed
progress: 40.0 s, 16684.8 tps, lat 7.689 ms stddev 5.070, 0 failed
progress: 41.0 s, 16694.9 tps, lat 7.658 ms stddev 4.979, 0 failed
progress: 42.0 s, 16687.1 tps, lat 7.673 ms stddev 5.067, 0 failed
progress: 43.0 s, 16721.0 tps, lat 7.657 ms stddev 5.055, 0 failed
progress: 44.0 s, 16662.0 tps, lat 7.671 ms stddev 5.114, 0 failed
progress: 45.0 s, 16692.0 tps, lat 7.678 ms stddev 4.898, 0 failed
progress: 46.0 s, 16668.0 tps, lat 7.683 ms stddev 4.868, 0 failed
progress: 47.0 s, 16707.1 tps, lat 7.658 ms stddev 5.047, 0 failed
progress: 48.0 s, 16684.4 tps, lat 7.670 ms stddev 4.865, 0 failed
progress: 49.0 s, 16719.5 tps, lat 7.652 ms stddev 5.053, 0 failed
progress: 50.0 s, 16722.5 tps, lat 7.654 ms stddev 4.900, 0 failed
progress: 51.0 s, 16741.7 tps, lat 7.638 ms stddev 4.929, 0 failed
progress: 52.0 s, 16718.8 tps, lat 7.660 ms stddev 5.013, 0 failed
progress: 53.0 s, 16727.0 tps, lat 7.652 ms stddev 5.022, 0 failed
progress: 54.0 s, 16689.6 tps, lat 7.663 ms stddev 4.914, 0 failed
progress: 55.0 s, 16712.9 tps, lat 7.664 ms stddev 5.007, 0 failed
progress: 56.0 s, 16736.1 tps, lat 7.648 ms stddev 5.010, 0 failed
progress: 57.0 s, 16717.5 tps, lat 7.658 ms stddev 4.999, 0 failed
progress: 58.0 s, 16718.9 tps, lat 7.653 ms stddev 4.979, 0 failed
progress: 59.0 s, 16724.8 tps, lat 7.656 ms stddev 4.885, 0 failed
transaction type: star-1-left.sql
scaling factor: 1
query mode: simple
number of clients: 128
number of threads: 128
maximum number of tries: 1
duration: 60 s
number of transactions actually processed: 998888
number of failed transactions: 0 (0.000%)
latency average = 7.680 ms
latency stddev = 4.955 ms
initial connection time = 76.436 ms
tps = 16659.202263 (without initial connection time)
