pgbench (18devel, server 9.6.24)
progress: 1.0 s, 117746.1 tps, lat 0.269 ms stddev 0.870, 0 failed
progress: 2.0 s, 133057.7 tps, lat 0.240 ms stddev 0.066, 0 failed
progress: 3.0 s, 132006.7 tps, lat 0.242 ms stddev 0.068, 0 failed
progress: 4.0 s, 132464.7 tps, lat 0.241 ms stddev 0.067, 0 failed
progress: 5.0 s, 134376.4 tps, lat 0.238 ms stddev 0.065, 0 failed
progress: 6.0 s, 133328.4 tps, lat 0.240 ms stddev 0.066, 0 failed
progress: 7.0 s, 132147.0 tps, lat 0.242 ms stddev 0.068, 0 failed
progress: 8.0 s, 132403.4 tps, lat 0.241 ms stddev 0.067, 0 failed
progress: 9.0 s, 132770.3 tps, lat 0.241 ms stddev 0.068, 0 failed
progress: 10.0 s, 133090.0 tps, lat 0.240 ms stddev 0.069, 0 failed
progress: 11.0 s, 132528.9 tps, lat 0.241 ms stddev 0.067, 0 failed
progress: 12.0 s, 132483.5 tps, lat 0.241 ms stddev 0.071, 0 failed
progress: 13.0 s, 133240.5 tps, lat 0.240 ms stddev 0.068, 0 failed
progress: 14.0 s, 133950.1 tps, lat 0.239 ms stddev 0.066, 0 failed
progress: 15.0 s, 134278.4 tps, lat 0.238 ms stddev 0.066, 0 failed
progress: 16.0 s, 133073.5 tps, lat 0.240 ms stddev 0.067, 0 failed
progress: 17.0 s, 133804.1 tps, lat 0.239 ms stddev 0.066, 0 failed
progress: 18.0 s, 134875.0 tps, lat 0.237 ms stddev 0.066, 0 failed
progress: 19.0 s, 133663.5 tps, lat 0.239 ms stddev 0.067, 0 failed
progress: 20.0 s, 134350.1 tps, lat 0.238 ms stddev 0.065, 0 failed
progress: 21.0 s, 132769.1 tps, lat 0.241 ms stddev 0.068, 0 failed
progress: 22.0 s, 133554.9 tps, lat 0.239 ms stddev 0.068, 0 failed
progress: 23.0 s, 133538.4 tps, lat 0.239 ms stddev 0.066, 0 failed
progress: 24.0 s, 134362.5 tps, lat 0.238 ms stddev 0.069, 0 failed
progress: 25.0 s, 133821.3 tps, lat 0.239 ms stddev 0.066, 0 failed
progress: 26.0 s, 135342.5 tps, lat 0.236 ms stddev 0.065, 0 failed
progress: 27.0 s, 133937.0 tps, lat 0.239 ms stddev 0.066, 0 failed
progress: 28.0 s, 133339.9 tps, lat 0.240 ms stddev 0.067, 0 failed
progress: 29.0 s, 134220.6 tps, lat 0.238 ms stddev 0.066, 0 failed
progress: 30.0 s, 132662.2 tps, lat 0.241 ms stddev 0.067, 0 failed
progress: 31.0 s, 134336.3 tps, lat 0.238 ms stddev 0.065, 0 failed
progress: 32.0 s, 134054.8 tps, lat 0.238 ms stddev 0.068, 0 failed
progress: 33.0 s, 134218.0 tps, lat 0.238 ms stddev 0.065, 0 failed
progress: 34.0 s, 133575.8 tps, lat 0.239 ms stddev 0.068, 0 failed
progress: 35.0 s, 132997.6 tps, lat 0.240 ms stddev 0.067, 0 failed
progress: 36.0 s, 132906.1 tps, lat 0.241 ms stddev 0.068, 0 failed
progress: 37.0 s, 134311.1 tps, lat 0.238 ms stddev 0.066, 0 failed
progress: 38.0 s, 134868.3 tps, lat 0.237 ms stddev 0.066, 0 failed
progress: 39.0 s, 135183.5 tps, lat 0.236 ms stddev 0.064, 0 failed
progress: 40.0 s, 134292.3 tps, lat 0.238 ms stddev 0.065, 0 failed
progress: 41.0 s, 135106.9 tps, lat 0.237 ms stddev 0.064, 0 failed
progress: 42.0 s, 133751.7 tps, lat 0.239 ms stddev 0.066, 0 failed
progress: 43.0 s, 134180.7 tps, lat 0.238 ms stddev 0.066, 0 failed
progress: 44.0 s, 134317.6 tps, lat 0.238 ms stddev 0.065, 0 failed
progress: 45.0 s, 135073.1 tps, lat 0.237 ms stddev 0.065, 0 failed
progress: 46.0 s, 133456.9 tps, lat 0.240 ms stddev 0.067, 0 failed
progress: 47.0 s, 134151.7 tps, lat 0.238 ms stddev 0.066, 0 failed
progress: 48.0 s, 134388.1 tps, lat 0.238 ms stddev 0.066, 0 failed
progress: 49.0 s, 134449.8 tps, lat 0.238 ms stddev 0.066, 0 failed
progress: 50.0 s, 135336.1 tps, lat 0.236 ms stddev 0.065, 0 failed
progress: 51.0 s, 134065.0 tps, lat 0.238 ms stddev 0.065, 0 failed
progress: 52.0 s, 133621.4 tps, lat 0.239 ms stddev 0.066, 0 failed
progress: 53.0 s, 134524.1 tps, lat 0.238 ms stddev 0.065, 0 failed
progress: 54.0 s, 133519.8 tps, lat 0.239 ms stddev 0.067, 0 failed
progress: 55.0 s, 134686.9 tps, lat 0.237 ms stddev 0.065, 0 failed
progress: 56.0 s, 133048.7 tps, lat 0.240 ms stddev 0.067, 0 failed
progress: 57.0 s, 134717.6 tps, lat 0.237 ms stddev 0.065, 0 failed
progress: 58.0 s, 134107.7 tps, lat 0.238 ms stddev 0.065, 0 failed
progress: 59.0 s, 134546.8 tps, lat 0.238 ms stddev 0.065, 0 failed
transaction type: star-1.sql
scaling factor: 1
query mode: prepared
number of clients: 32
number of threads: 32
maximum number of tries: 1
duration: 60 s
number of transactions actually processed: 8010735
number of failed transactions: 0 (0.000%)
latency average = 0.239 ms
latency stddev = 0.124 ms
initial connection time = 19.115 ms
tps = 133553.324325 (without initial connection time)
