pgbench (18devel, server 13.16)
progress: 1.0 s, 145415.0 tps, lat 0.218 ms stddev 0.188, 0 failed
progress: 2.0 s, 146619.3 tps, lat 0.218 ms stddev 0.074, 0 failed
progress: 3.0 s, 149296.1 tps, lat 0.214 ms stddev 0.072, 0 failed
progress: 4.0 s, 149428.6 tps, lat 0.214 ms stddev 0.072, 0 failed
progress: 5.0 s, 148123.0 tps, lat 0.216 ms stddev 0.074, 0 failed
progress: 6.0 s, 149183.6 tps, lat 0.214 ms stddev 0.075, 0 failed
progress: 7.0 s, 149280.9 tps, lat 0.214 ms stddev 0.072, 0 failed
progress: 8.0 s, 149223.6 tps, lat 0.214 ms stddev 0.072, 0 failed
progress: 9.0 s, 150631.0 tps, lat 0.212 ms stddev 0.071, 0 failed
progress: 10.0 s, 150161.2 tps, lat 0.213 ms stddev 0.071, 0 failed
progress: 11.0 s, 150707.8 tps, lat 0.212 ms stddev 0.070, 0 failed
progress: 12.0 s, 149575.1 tps, lat 0.214 ms stddev 0.072, 0 failed
progress: 13.0 s, 147541.5 tps, lat 0.217 ms stddev 0.073, 0 failed
progress: 14.0 s, 147627.7 tps, lat 0.217 ms stddev 0.076, 0 failed
progress: 15.0 s, 150450.0 tps, lat 0.213 ms stddev 0.071, 0 failed
progress: 16.0 s, 148498.1 tps, lat 0.215 ms stddev 0.073, 0 failed
progress: 17.0 s, 149347.4 tps, lat 0.214 ms stddev 0.072, 0 failed
progress: 18.0 s, 148341.4 tps, lat 0.216 ms stddev 0.073, 0 failed
progress: 19.0 s, 150157.8 tps, lat 0.213 ms stddev 0.072, 0 failed
progress: 20.0 s, 150483.5 tps, lat 0.212 ms stddev 0.072, 0 failed
progress: 21.0 s, 149790.8 tps, lat 0.213 ms stddev 0.072, 0 failed
progress: 22.0 s, 149983.3 tps, lat 0.213 ms stddev 0.072, 0 failed
progress: 23.0 s, 150998.6 tps, lat 0.212 ms stddev 0.071, 0 failed
progress: 24.0 s, 150468.0 tps, lat 0.212 ms stddev 0.072, 0 failed
progress: 25.0 s, 151696.3 tps, lat 0.211 ms stddev 0.071, 0 failed
progress: 26.0 s, 149894.6 tps, lat 0.213 ms stddev 0.073, 0 failed
progress: 27.0 s, 150614.8 tps, lat 0.212 ms stddev 0.071, 0 failed
progress: 28.0 s, 149040.3 tps, lat 0.215 ms stddev 0.072, 0 failed
progress: 29.0 s, 151395.3 tps, lat 0.211 ms stddev 0.072, 0 failed
progress: 30.0 s, 150735.7 tps, lat 0.212 ms stddev 0.072, 0 failed
progress: 31.0 s, 150346.0 tps, lat 0.213 ms stddev 0.073, 0 failed
progress: 32.0 s, 152767.8 tps, lat 0.209 ms stddev 0.070, 0 failed
progress: 33.0 s, 151668.0 tps, lat 0.211 ms stddev 0.071, 0 failed
progress: 34.0 s, 152150.6 tps, lat 0.210 ms stddev 0.070, 0 failed
progress: 35.0 s, 149931.7 tps, lat 0.213 ms stddev 0.072, 0 failed
progress: 36.0 s, 149448.9 tps, lat 0.214 ms stddev 0.072, 0 failed
progress: 37.0 s, 150999.7 tps, lat 0.212 ms stddev 0.071, 0 failed
progress: 38.0 s, 151178.4 tps, lat 0.211 ms stddev 0.071, 0 failed
progress: 39.0 s, 150874.2 tps, lat 0.212 ms stddev 0.071, 0 failed
progress: 40.0 s, 151538.6 tps, lat 0.211 ms stddev 0.071, 0 failed
progress: 41.0 s, 151858.4 tps, lat 0.211 ms stddev 0.071, 0 failed
progress: 42.0 s, 148936.8 tps, lat 0.215 ms stddev 0.074, 0 failed
progress: 43.0 s, 149672.9 tps, lat 0.214 ms stddev 0.072, 0 failed
progress: 44.0 s, 148177.1 tps, lat 0.216 ms stddev 0.074, 0 failed
progress: 45.0 s, 149336.3 tps, lat 0.214 ms stddev 0.073, 0 failed
progress: 46.0 s, 147958.2 tps, lat 0.216 ms stddev 0.072, 0 failed
progress: 47.0 s, 150950.9 tps, lat 0.212 ms stddev 0.072, 0 failed
progress: 48.0 s, 149035.4 tps, lat 0.215 ms stddev 0.074, 0 failed
progress: 49.0 s, 151187.1 tps, lat 0.211 ms stddev 0.071, 0 failed
progress: 50.0 s, 148927.9 tps, lat 0.215 ms stddev 0.073, 0 failed
progress: 51.0 s, 148588.8 tps, lat 0.215 ms stddev 0.076, 0 failed
progress: 52.0 s, 149875.6 tps, lat 0.213 ms stddev 0.072, 0 failed
progress: 53.0 s, 151215.3 tps, lat 0.211 ms stddev 0.071, 0 failed
progress: 54.0 s, 148671.3 tps, lat 0.215 ms stddev 0.073, 0 failed
progress: 55.0 s, 148530.6 tps, lat 0.215 ms stddev 0.074, 0 failed
progress: 56.0 s, 148067.5 tps, lat 0.216 ms stddev 0.074, 0 failed
progress: 57.0 s, 149979.7 tps, lat 0.213 ms stddev 0.074, 0 failed
progress: 58.0 s, 148442.5 tps, lat 0.215 ms stddev 0.073, 0 failed
progress: 59.0 s, 150078.9 tps, lat 0.213 ms stddev 0.072, 0 failed
transaction type: star-1.sql
scaling factor: 1
query mode: prepared
number of clients: 32
number of threads: 32
maximum number of tries: 1
duration: 60 s
number of transactions actually processed: 8984165
number of failed transactions: 0 (0.000%)
latency average = 0.213 ms
latency stddev = 0.076 ms
initial connection time = 20.246 ms
tps = 149784.830807 (without initial connection time)
