pgbench (18devel)
progress: 1.0 s, 732.9 tps, lat 21.473 ms stddev 0.410, 0 failed
progress: 2.0 s, 748.0 tps, lat 21.410 ms stddev 0.189, 0 failed
progress: 3.0 s, 747.0 tps, lat 21.391 ms stddev 0.195, 0 failed
progress: 4.0 s, 746.0 tps, lat 21.397 ms stddev 0.195, 0 failed
progress: 5.0 s, 749.0 tps, lat 21.403 ms stddev 0.180, 0 failed
progress: 6.0 s, 746.0 tps, lat 21.421 ms stddev 0.185, 0 failed
progress: 7.0 s, 746.0 tps, lat 21.407 ms stddev 0.190, 0 failed
progress: 8.0 s, 749.0 tps, lat 21.431 ms stddev 0.171, 0 failed
progress: 9.0 s, 747.0 tps, lat 21.419 ms stddev 0.191, 0 failed
progress: 10.0 s, 749.0 tps, lat 21.390 ms stddev 0.398, 0 failed
progress: 11.0 s, 753.0 tps, lat 21.249 ms stddev 0.732, 0 failed
progress: 12.0 s, 746.0 tps, lat 21.428 ms stddev 0.272, 0 failed
progress: 13.0 s, 745.0 tps, lat 21.464 ms stddev 0.178, 0 failed
progress: 14.0 s, 746.0 tps, lat 21.492 ms stddev 0.193, 0 failed
progress: 15.0 s, 745.0 tps, lat 21.437 ms stddev 0.155, 0 failed
progress: 16.0 s, 747.0 tps, lat 21.472 ms stddev 0.173, 0 failed
progress: 17.0 s, 742.0 tps, lat 21.473 ms stddev 0.172, 0 failed
progress: 18.0 s, 749.0 tps, lat 21.420 ms stddev 0.195, 0 failed
progress: 19.0 s, 746.0 tps, lat 21.468 ms stddev 0.165, 0 failed
progress: 20.0 s, 743.0 tps, lat 21.497 ms stddev 0.166, 0 failed
progress: 21.0 s, 744.0 tps, lat 21.485 ms stddev 0.162, 0 failed
progress: 22.0 s, 746.0 tps, lat 21.459 ms stddev 0.174, 0 failed
progress: 23.0 s, 745.0 tps, lat 21.474 ms stddev 0.159, 0 failed
progress: 24.0 s, 745.0 tps, lat 21.495 ms stddev 0.173, 0 failed
progress: 25.0 s, 746.0 tps, lat 21.470 ms stddev 0.164, 0 failed
progress: 26.0 s, 728.0 tps, lat 21.889 ms stddev 2.909, 0 failed
progress: 27.0 s, 746.0 tps, lat 21.454 ms stddev 0.180, 0 failed
progress: 28.0 s, 749.0 tps, lat 21.358 ms stddev 0.541, 0 failed
progress: 29.0 s, 755.0 tps, lat 21.273 ms stddev 0.736, 0 failed
progress: 30.0 s, 752.0 tps, lat 21.262 ms stddev 0.740, 0 failed
progress: 31.0 s, 751.0 tps, lat 21.270 ms stddev 0.708, 0 failed
progress: 32.0 s, 751.0 tps, lat 21.291 ms stddev 0.675, 0 failed
progress: 33.0 s, 749.0 tps, lat 21.340 ms stddev 0.625, 0 failed
progress: 34.0 s, 755.0 tps, lat 21.229 ms stddev 0.723, 0 failed
progress: 35.0 s, 745.0 tps, lat 21.407 ms stddev 0.397, 0 failed
progress: 36.0 s, 746.0 tps, lat 21.477 ms stddev 0.200, 0 failed
progress: 37.0 s, 747.0 tps, lat 21.474 ms stddev 0.170, 0 failed
progress: 38.0 s, 744.0 tps, lat 21.476 ms stddev 0.190, 0 failed
progress: 39.0 s, 746.0 tps, lat 21.484 ms stddev 0.178, 0 failed
progress: 40.0 s, 743.0 tps, lat 21.496 ms stddev 0.184, 0 failed
progress: 41.0 s, 745.0 tps, lat 21.493 ms stddev 0.218, 0 failed
progress: 42.0 s, 748.0 tps, lat 21.459 ms stddev 0.181, 0 failed
progress: 43.0 s, 743.0 tps, lat 21.460 ms stddev 0.182, 0 failed
progress: 44.0 s, 746.0 tps, lat 21.466 ms stddev 0.182, 0 failed
progress: 45.0 s, 746.0 tps, lat 21.451 ms stddev 0.183, 0 failed
progress: 46.0 s, 745.0 tps, lat 21.464 ms stddev 0.172, 0 failed
progress: 47.0 s, 746.0 tps, lat 21.466 ms stddev 0.175, 0 failed
progress: 48.0 s, 743.0 tps, lat 21.509 ms stddev 0.171, 0 failed
progress: 49.0 s, 746.0 tps, lat 21.483 ms stddev 0.178, 0 failed
progress: 50.0 s, 745.0 tps, lat 21.485 ms stddev 0.174, 0 failed
progress: 51.0 s, 746.0 tps, lat 21.424 ms stddev 0.388, 0 failed
progress: 52.0 s, 747.0 tps, lat 21.420 ms stddev 0.451, 0 failed
progress: 53.0 s, 745.0 tps, lat 21.459 ms stddev 0.175, 0 failed
progress: 54.0 s, 744.0 tps, lat 21.478 ms stddev 0.179, 0 failed
progress: 55.0 s, 744.0 tps, lat 21.471 ms stddev 0.181, 0 failed
progress: 56.0 s, 750.0 tps, lat 21.450 ms stddev 0.180, 0 failed
progress: 57.0 s, 744.0 tps, lat 21.477 ms stddev 0.197, 0 failed
progress: 58.0 s, 743.0 tps, lat 21.478 ms stddev 0.214, 0 failed
progress: 59.0 s, 746.0 tps, lat 21.459 ms stddev 0.212, 0 failed
progress: 60.0 s, 745.0 tps, lat 21.447 ms stddev 0.195, 0 failed
transaction type: star-1.sql
scaling factor: 1
query mode: simple
number of clients: 16
number of threads: 16
maximum number of tries: 1
duration: 60 s
number of transactions actually processed: 44778
number of failed transactions: 0 (0.000%)
latency average = 21.440 ms
latency stddev = 0.499 ms
initial connection time = 6.353 ms
tps = 746.122759 (without initial connection time)
