pgbench (18devel, server 9.6.24)
progress: 1.0 s, 82379.0 tps, lat 0.193 ms stddev 0.577, 0 failed
progress: 2.0 s, 95066.7 tps, lat 0.168 ms stddev 0.013, 0 failed
progress: 3.0 s, 96917.0 tps, lat 0.165 ms stddev 0.013, 0 failed
progress: 4.0 s, 97183.9 tps, lat 0.165 ms stddev 0.012, 0 failed
progress: 5.0 s, 96875.1 tps, lat 0.165 ms stddev 0.012, 0 failed
progress: 6.0 s, 96136.0 tps, lat 0.166 ms stddev 0.013, 0 failed
progress: 7.0 s, 96018.5 tps, lat 0.166 ms stddev 0.014, 0 failed
progress: 8.0 s, 95540.2 tps, lat 0.167 ms stddev 0.014, 0 failed
progress: 9.0 s, 95887.2 tps, lat 0.167 ms stddev 0.013, 0 failed
progress: 10.0 s, 94478.0 tps, lat 0.169 ms stddev 0.018, 0 failed
progress: 11.0 s, 94241.1 tps, lat 0.170 ms stddev 0.015, 0 failed
progress: 12.0 s, 96021.9 tps, lat 0.166 ms stddev 0.015, 0 failed
progress: 13.0 s, 96369.1 tps, lat 0.166 ms stddev 0.015, 0 failed
progress: 14.0 s, 96018.0 tps, lat 0.167 ms stddev 0.017, 0 failed
progress: 15.0 s, 95960.9 tps, lat 0.167 ms stddev 0.017, 0 failed
progress: 16.0 s, 95485.2 tps, lat 0.167 ms stddev 0.015, 0 failed
progress: 17.0 s, 97784.7 tps, lat 0.164 ms stddev 0.014, 0 failed
progress: 18.0 s, 97410.5 tps, lat 0.164 ms stddev 0.015, 0 failed
progress: 19.0 s, 96304.5 tps, lat 0.166 ms stddev 0.017, 0 failed
progress: 20.0 s, 95966.0 tps, lat 0.167 ms stddev 0.016, 0 failed
progress: 21.0 s, 98479.0 tps, lat 0.162 ms stddev 0.011, 0 failed
progress: 22.0 s, 97316.1 tps, lat 0.164 ms stddev 0.012, 0 failed
progress: 23.0 s, 96719.0 tps, lat 0.165 ms stddev 0.012, 0 failed
progress: 24.0 s, 96663.1 tps, lat 0.165 ms stddev 0.012, 0 failed
progress: 25.0 s, 96593.9 tps, lat 0.166 ms stddev 0.014, 0 failed
progress: 26.0 s, 96334.1 tps, lat 0.166 ms stddev 0.017, 0 failed
progress: 27.0 s, 96545.3 tps, lat 0.166 ms stddev 0.013, 0 failed
progress: 28.0 s, 97405.5 tps, lat 0.164 ms stddev 0.012, 0 failed
progress: 29.0 s, 98165.9 tps, lat 0.163 ms stddev 0.012, 0 failed
progress: 30.0 s, 97980.1 tps, lat 0.163 ms stddev 0.012, 0 failed
progress: 31.0 s, 97984.1 tps, lat 0.163 ms stddev 0.012, 0 failed
progress: 32.0 s, 97725.6 tps, lat 0.164 ms stddev 0.012, 0 failed
progress: 33.0 s, 97181.3 tps, lat 0.165 ms stddev 0.012, 0 failed
progress: 34.0 s, 97051.1 tps, lat 0.165 ms stddev 0.013, 0 failed
progress: 35.0 s, 95563.0 tps, lat 0.167 ms stddev 0.013, 0 failed
progress: 36.0 s, 95558.9 tps, lat 0.167 ms stddev 0.014, 0 failed
progress: 37.0 s, 94698.0 tps, lat 0.169 ms stddev 0.018, 0 failed
progress: 38.0 s, 95998.0 tps, lat 0.167 ms stddev 0.013, 0 failed
progress: 39.0 s, 96903.8 tps, lat 0.165 ms stddev 0.013, 0 failed
progress: 40.0 s, 97333.2 tps, lat 0.164 ms stddev 0.012, 0 failed
progress: 41.0 s, 97524.9 tps, lat 0.164 ms stddev 0.012, 0 failed
progress: 42.0 s, 97062.2 tps, lat 0.165 ms stddev 0.012, 0 failed
progress: 43.0 s, 97547.8 tps, lat 0.164 ms stddev 0.012, 0 failed
progress: 44.0 s, 98271.0 tps, lat 0.163 ms stddev 0.011, 0 failed
progress: 45.0 s, 98491.6 tps, lat 0.162 ms stddev 0.011, 0 failed
progress: 46.0 s, 98426.0 tps, lat 0.162 ms stddev 0.011, 0 failed
progress: 47.0 s, 98372.4 tps, lat 0.163 ms stddev 0.011, 0 failed
progress: 48.0 s, 97966.9 tps, lat 0.163 ms stddev 0.012, 0 failed
progress: 49.0 s, 97645.2 tps, lat 0.164 ms stddev 0.012, 0 failed
progress: 50.0 s, 98074.8 tps, lat 0.163 ms stddev 0.011, 0 failed
progress: 51.0 s, 98174.1 tps, lat 0.163 ms stddev 0.011, 0 failed
progress: 52.0 s, 97623.8 tps, lat 0.164 ms stddev 0.016, 0 failed
progress: 53.0 s, 98586.1 tps, lat 0.162 ms stddev 0.011, 0 failed
progress: 54.0 s, 97258.1 tps, lat 0.164 ms stddev 0.012, 0 failed
progress: 55.0 s, 96648.7 tps, lat 0.165 ms stddev 0.012, 0 failed
progress: 56.0 s, 96952.0 tps, lat 0.165 ms stddev 0.012, 0 failed
progress: 57.0 s, 97212.8 tps, lat 0.164 ms stddev 0.012, 0 failed
progress: 58.0 s, 96852.4 tps, lat 0.165 ms stddev 0.013, 0 failed
progress: 59.0 s, 96281.1 tps, lat 0.166 ms stddev 0.016, 0 failed
transaction type: star-1.sql
scaling factor: 1
query mode: prepared
number of clients: 16
number of threads: 16
maximum number of tries: 1
duration: 60 s
number of transactions actually processed: 5797542
number of failed transactions: 0 (0.000%)
latency average = 0.165 ms
latency stddev = 0.070 ms
initial connection time = 11.409 ms
tps = 96643.506566 (without initial connection time)
