pgbench (18devel, server 9.6.24)
progress: 1.0 s, 67593.5 tps, lat 0.934 ms stddev 2.540, 0 failed
progress: 2.0 s, 75711.2 tps, lat 0.845 ms stddev 0.781, 0 failed
progress: 3.0 s, 76544.3 tps, lat 0.836 ms stddev 0.764, 0 failed
progress: 4.0 s, 78296.7 tps, lat 0.817 ms stddev 0.733, 0 failed
progress: 5.0 s, 75569.1 tps, lat 0.847 ms stddev 0.788, 0 failed
progress: 6.0 s, 76751.8 tps, lat 0.834 ms stddev 0.767, 0 failed
progress: 7.0 s, 76335.5 tps, lat 0.838 ms stddev 0.774, 0 failed
progress: 8.0 s, 78408.8 tps, lat 0.816 ms stddev 0.740, 0 failed
progress: 9.0 s, 76207.8 tps, lat 0.840 ms stddev 0.775, 0 failed
progress: 10.0 s, 76465.3 tps, lat 0.837 ms stddev 0.778, 0 failed
progress: 11.0 s, 76809.8 tps, lat 0.833 ms stddev 0.771, 0 failed
progress: 12.0 s, 78306.2 tps, lat 0.817 ms stddev 0.744, 0 failed
progress: 13.0 s, 75961.9 tps, lat 0.842 ms stddev 0.786, 0 failed
progress: 14.0 s, 76333.0 tps, lat 0.838 ms stddev 0.776, 0 failed
progress: 15.0 s, 76187.2 tps, lat 0.840 ms stddev 0.779, 0 failed
progress: 16.0 s, 79383.7 tps, lat 0.806 ms stddev 0.729, 0 failed
progress: 17.0 s, 76495.8 tps, lat 0.836 ms stddev 0.782, 0 failed
progress: 18.0 s, 76417.5 tps, lat 0.837 ms stddev 0.777, 0 failed
progress: 19.0 s, 76536.8 tps, lat 0.836 ms stddev 0.779, 0 failed
progress: 20.0 s, 78530.9 tps, lat 0.815 ms stddev 0.738, 0 failed
progress: 21.0 s, 75872.1 tps, lat 0.843 ms stddev 0.789, 0 failed
progress: 22.0 s, 76592.8 tps, lat 0.836 ms stddev 0.775, 0 failed
progress: 23.0 s, 76590.2 tps, lat 0.835 ms stddev 0.774, 0 failed
progress: 24.0 s, 78060.0 tps, lat 0.820 ms stddev 0.747, 0 failed
progress: 25.0 s, 76380.4 tps, lat 0.838 ms stddev 0.777, 0 failed
progress: 26.0 s, 76258.6 tps, lat 0.839 ms stddev 0.777, 0 failed
progress: 27.0 s, 76641.7 tps, lat 0.835 ms stddev 0.774, 0 failed
progress: 28.0 s, 78693.5 tps, lat 0.813 ms stddev 0.735, 0 failed
progress: 29.0 s, 76287.2 tps, lat 0.839 ms stddev 0.778, 0 failed
progress: 30.0 s, 75849.3 tps, lat 0.844 ms stddev 0.789, 0 failed
progress: 31.0 s, 76805.3 tps, lat 0.833 ms stddev 0.773, 0 failed
progress: 32.0 s, 77691.7 tps, lat 0.823 ms stddev 0.751, 0 failed
progress: 33.0 s, 75875.3 tps, lat 0.843 ms stddev 0.792, 0 failed
progress: 34.0 s, 76815.0 tps, lat 0.833 ms stddev 0.772, 0 failed
progress: 35.0 s, 76153.1 tps, lat 0.840 ms stddev 0.782, 0 failed
progress: 36.0 s, 78846.3 tps, lat 0.811 ms stddev 0.733, 0 failed
progress: 37.0 s, 77122.7 tps, lat 0.830 ms stddev 0.769, 0 failed
progress: 38.0 s, 76719.9 tps, lat 0.834 ms stddev 0.770, 0 failed
progress: 39.0 s, 76688.8 tps, lat 0.834 ms stddev 0.772, 0 failed
progress: 40.0 s, 78619.2 tps, lat 0.814 ms stddev 0.736, 0 failed
progress: 41.0 s, 75983.6 tps, lat 0.842 ms stddev 0.785, 0 failed
progress: 42.0 s, 75805.1 tps, lat 0.844 ms stddev 0.789, 0 failed
progress: 43.0 s, 76624.3 tps, lat 0.835 ms stddev 0.776, 0 failed
progress: 44.0 s, 78151.1 tps, lat 0.819 ms stddev 0.743, 0 failed
progress: 45.0 s, 76585.1 tps, lat 0.835 ms stddev 0.777, 0 failed
progress: 46.0 s, 76154.6 tps, lat 0.840 ms stddev 0.782, 0 failed
progress: 47.0 s, 76493.8 tps, lat 0.837 ms stddev 0.773, 0 failed
progress: 48.0 s, 78379.4 tps, lat 0.816 ms stddev 0.743, 0 failed
progress: 49.0 s, 76045.3 tps, lat 0.841 ms stddev 0.784, 0 failed
progress: 50.0 s, 76860.2 tps, lat 0.833 ms stddev 0.774, 0 failed
progress: 51.0 s, 76779.7 tps, lat 0.834 ms stddev 0.774, 0 failed
progress: 52.0 s, 78123.0 tps, lat 0.819 ms stddev 0.743, 0 failed
progress: 53.0 s, 76257.8 tps, lat 0.839 ms stddev 0.782, 0 failed
progress: 54.0 s, 76697.2 tps, lat 0.834 ms stddev 0.774, 0 failed
progress: 55.0 s, 76442.0 tps, lat 0.837 ms stddev 0.773, 0 failed
progress: 56.0 s, 77959.9 tps, lat 0.821 ms stddev 0.745, 0 failed
progress: 57.0 s, 76505.8 tps, lat 0.836 ms stddev 0.781, 0 failed
progress: 58.0 s, 76735.2 tps, lat 0.834 ms stddev 0.778, 0 failed
progress: 59.0 s, 76687.5 tps, lat 0.834 ms stddev 0.770, 0 failed
transaction type: star-1.sql
scaling factor: 1
query mode: prepared
number of clients: 64
number of threads: 64
maximum number of tries: 1
duration: 60 s
number of transactions actually processed: 4603620
number of failed transactions: 0 (0.000%)
latency average = 0.833 ms
latency stddev = 0.822 ms
initial connection time = 38.368 ms
tps = 76773.436413 (without initial connection time)
