pgbench (18devel, server 8.3.23)
progress: 1.0 s, 8371.6 tps, lat 0.119 ms stddev 0.221, 0 failed
progress: 2.0 s, 8603.9 tps, lat 0.116 ms stddev 0.004, 0 failed
progress: 3.0 s, 8640.3 tps, lat 0.116 ms stddev 0.004, 0 failed
progress: 4.0 s, 8616.7 tps, lat 0.116 ms stddev 0.004, 0 failed
progress: 5.0 s, 8899.0 tps, lat 0.112 ms stddev 0.005, 0 failed
progress: 6.0 s, 8573.0 tps, lat 0.117 ms stddev 0.004, 0 failed
progress: 7.0 s, 8866.0 tps, lat 0.113 ms stddev 0.004, 0 failed
progress: 8.0 s, 8980.4 tps, lat 0.111 ms stddev 0.003, 0 failed
progress: 9.0 s, 8948.6 tps, lat 0.112 ms stddev 0.004, 0 failed
progress: 10.0 s, 9025.0 tps, lat 0.111 ms stddev 0.003, 0 failed
progress: 11.0 s, 8975.3 tps, lat 0.111 ms stddev 0.004, 0 failed
progress: 12.0 s, 9058.7 tps, lat 0.110 ms stddev 0.003, 0 failed
progress: 13.0 s, 9003.0 tps, lat 0.111 ms stddev 0.004, 0 failed
progress: 14.0 s, 8907.0 tps, lat 0.112 ms stddev 0.004, 0 failed
progress: 15.0 s, 8982.0 tps, lat 0.111 ms stddev 0.004, 0 failed
progress: 16.0 s, 8910.2 tps, lat 0.112 ms stddev 0.003, 0 failed
progress: 17.0 s, 8982.0 tps, lat 0.111 ms stddev 0.004, 0 failed
progress: 18.0 s, 9039.2 tps, lat 0.111 ms stddev 0.003, 0 failed
progress: 19.0 s, 8936.6 tps, lat 0.112 ms stddev 0.004, 0 failed
progress: 20.0 s, 9092.0 tps, lat 0.110 ms stddev 0.003, 0 failed
progress: 21.0 s, 9058.0 tps, lat 0.110 ms stddev 0.004, 0 failed
progress: 22.0 s, 9087.0 tps, lat 0.110 ms stddev 0.003, 0 failed
progress: 23.0 s, 8868.4 tps, lat 0.113 ms stddev 0.003, 0 failed
progress: 24.0 s, 8882.1 tps, lat 0.113 ms stddev 0.004, 0 failed
progress: 25.0 s, 9072.5 tps, lat 0.110 ms stddev 0.004, 0 failed
progress: 26.0 s, 8906.1 tps, lat 0.112 ms stddev 0.004, 0 failed
progress: 27.0 s, 8977.9 tps, lat 0.111 ms stddev 0.005, 0 failed
progress: 28.0 s, 9105.0 tps, lat 0.110 ms stddev 0.003, 0 failed
progress: 29.0 s, 9000.0 tps, lat 0.111 ms stddev 0.004, 0 failed
progress: 30.0 s, 9101.2 tps, lat 0.110 ms stddev 0.003, 0 failed
progress: 31.0 s, 9001.1 tps, lat 0.111 ms stddev 0.003, 0 failed
progress: 32.0 s, 9111.2 tps, lat 0.110 ms stddev 0.003, 0 failed
progress: 33.0 s, 9107.5 tps, lat 0.110 ms stddev 0.004, 0 failed
progress: 34.0 s, 9014.0 tps, lat 0.111 ms stddev 0.004, 0 failed
progress: 35.0 s, 9006.0 tps, lat 0.111 ms stddev 0.004, 0 failed
progress: 36.0 s, 8943.3 tps, lat 0.112 ms stddev 0.003, 0 failed
progress: 37.0 s, 9064.0 tps, lat 0.110 ms stddev 0.004, 0 failed
progress: 38.0 s, 9096.9 tps, lat 0.110 ms stddev 0.003, 0 failed
progress: 39.0 s, 8973.7 tps, lat 0.111 ms stddev 0.004, 0 failed
progress: 40.0 s, 8783.0 tps, lat 0.114 ms stddev 0.003, 0 failed
progress: 41.0 s, 9073.0 tps, lat 0.110 ms stddev 0.003, 0 failed
progress: 42.0 s, 8942.1 tps, lat 0.112 ms stddev 0.004, 0 failed
progress: 43.0 s, 9028.9 tps, lat 0.111 ms stddev 0.003, 0 failed
progress: 44.0 s, 9113.0 tps, lat 0.110 ms stddev 0.003, 0 failed
progress: 45.0 s, 8906.3 tps, lat 0.112 ms stddev 0.005, 0 failed
progress: 46.0 s, 8981.7 tps, lat 0.111 ms stddev 0.004, 0 failed
progress: 47.0 s, 8988.0 tps, lat 0.111 ms stddev 0.004, 0 failed
progress: 48.0 s, 8798.4 tps, lat 0.114 ms stddev 0.003, 0 failed
progress: 49.0 s, 8990.6 tps, lat 0.111 ms stddev 0.004, 0 failed
progress: 50.0 s, 8790.2 tps, lat 0.114 ms stddev 0.003, 0 failed
progress: 51.0 s, 8952.8 tps, lat 0.112 ms stddev 0.004, 0 failed
progress: 52.0 s, 8817.0 tps, lat 0.113 ms stddev 0.003, 0 failed
progress: 53.0 s, 9044.3 tps, lat 0.111 ms stddev 0.003, 0 failed
progress: 54.0 s, 9099.7 tps, lat 0.110 ms stddev 0.003, 0 failed
progress: 55.0 s, 9102.2 tps, lat 0.110 ms stddev 0.002, 0 failed
progress: 56.0 s, 9112.1 tps, lat 0.110 ms stddev 0.003, 0 failed
progress: 57.0 s, 9349.0 tps, lat 0.107 ms stddev 0.003, 0 failed
progress: 58.0 s, 9393.8 tps, lat 0.106 ms stddev 0.002, 0 failed
progress: 59.0 s, 9342.9 tps, lat 0.107 ms stddev 0.003, 0 failed
progress: 60.0 s, 8933.3 tps, lat 0.112 ms stddev 0.003, 0 failed
transaction type: star-1.sql
scaling factor: 1
query mode: prepared
number of clients: 1
number of threads: 1
maximum number of tries: 1
duration: 60 s
number of transactions actually processed: 538329
number of failed transactions: 0 (0.000%)
latency average = 0.111 ms
latency stddev = 0.028 ms
initial connection time = 1.422 ms
tps = 8972.357411 (without initial connection time)
