pgbench (18devel, server 8.3.23)
progress: 1.0 s, 6196.0 tps, lat 37.921 ms stddev 83.199, 0 failed
progress: 2.0 s, 5880.2 tps, lat 43.343 ms stddev 34.508, 0 failed
progress: 3.0 s, 5846.5 tps, lat 44.051 ms stddev 35.563, 0 failed
progress: 4.0 s, 5626.5 tps, lat 45.318 ms stddev 36.852, 0 failed
progress: 5.0 s, 5799.0 tps, lat 44.235 ms stddev 35.044, 0 failed
progress: 6.0 s, 5818.8 tps, lat 44.003 ms stddev 35.658, 0 failed
progress: 7.0 s, 7921.5 tps, lat 33.095 ms stddev 33.302, 0 failed
progress: 8.0 s, 6183.4 tps, lat 40.262 ms stddev 33.968, 0 failed
progress: 9.0 s, 6737.2 tps, lat 38.056 ms stddev 35.459, 0 failed
progress: 10.0 s, 14508.5 tps, lat 17.669 ms stddev 26.033, 0 failed
progress: 11.0 s, 6077.3 tps, lat 41.887 ms stddev 35.317, 0 failed
progress: 12.0 s, 5950.9 tps, lat 43.029 ms stddev 36.628, 0 failed
progress: 13.0 s, 5956.9 tps, lat 43.025 ms stddev 36.248, 0 failed
progress: 14.0 s, 6015.8 tps, lat 42.679 ms stddev 36.672, 0 failed
progress: 15.0 s, 6168.6 tps, lat 41.580 ms stddev 34.241, 0 failed
progress: 16.0 s, 5875.3 tps, lat 43.344 ms stddev 37.190, 0 failed
progress: 17.0 s, 5944.7 tps, lat 43.213 ms stddev 35.725, 0 failed
progress: 18.0 s, 5847.6 tps, lat 43.713 ms stddev 36.808, 0 failed
progress: 19.0 s, 7501.6 tps, lat 34.141 ms stddev 34.657, 0 failed
progress: 20.0 s, 8517.7 tps, lat 30.012 ms stddev 32.012, 0 failed
progress: 21.0 s, 5983.7 tps, lat 42.907 ms stddev 35.116, 0 failed
progress: 22.0 s, 5946.1 tps, lat 42.949 ms stddev 35.951, 0 failed
progress: 23.0 s, 7839.6 tps, lat 32.714 ms stddev 34.901, 0 failed
progress: 24.0 s, 7168.5 tps, lat 35.682 ms stddev 33.096, 0 failed
progress: 25.0 s, 5947.2 tps, lat 43.110 ms stddev 36.384, 0 failed
progress: 26.0 s, 6580.6 tps, lat 38.871 ms stddev 34.062, 0 failed
progress: 27.0 s, 9488.7 tps, lat 27.069 ms stddev 32.494, 0 failed
progress: 28.0 s, 6196.5 tps, lat 41.291 ms stddev 34.352, 0 failed
progress: 29.0 s, 5891.5 tps, lat 43.420 ms stddev 37.109, 0 failed
progress: 30.0 s, 6050.7 tps, lat 42.405 ms stddev 34.546, 0 failed
progress: 31.0 s, 6139.6 tps, lat 41.552 ms stddev 35.156, 0 failed
progress: 32.0 s, 6725.1 tps, lat 38.054 ms stddev 33.864, 0 failed
progress: 33.0 s, 6581.6 tps, lat 38.889 ms stddev 35.379, 0 failed
progress: 34.0 s, 5855.6 tps, lat 43.652 ms stddev 37.618, 0 failed
progress: 35.0 s, 5934.1 tps, lat 43.063 ms stddev 37.500, 0 failed
progress: 36.0 s, 10102.6 tps, lat 25.619 ms stddev 30.867, 0 failed
progress: 37.0 s, 6180.1 tps, lat 41.012 ms stddev 34.901, 0 failed
progress: 38.0 s, 6470.2 tps, lat 39.625 ms stddev 35.066, 0 failed
progress: 39.0 s, 5955.1 tps, lat 42.781 ms stddev 36.177, 0 failed
progress: 40.0 s, 7485.9 tps, lat 34.203 ms stddev 34.049, 0 failed
progress: 41.0 s, 5986.4 tps, lat 42.859 ms stddev 36.296, 0 failed
progress: 42.0 s, 5859.9 tps, lat 43.630 ms stddev 37.295, 0 failed
progress: 43.0 s, 8272.0 tps, lat 31.960 ms stddev 35.122, 0 failed
progress: 44.0 s, 6072.6 tps, lat 40.801 ms stddev 33.326, 0 failed
progress: 45.0 s, 7350.9 tps, lat 34.861 ms stddev 33.873, 0 failed
progress: 46.0 s, 7518.6 tps, lat 33.918 ms stddev 32.794, 0 failed
progress: 47.0 s, 6535.8 tps, lat 39.433 ms stddev 36.292, 0 failed
progress: 48.0 s, 7399.6 tps, lat 34.905 ms stddev 34.383, 0 failed
progress: 49.0 s, 5896.9 tps, lat 42.930 ms stddev 35.183, 0 failed
progress: 50.0 s, 7497.5 tps, lat 34.148 ms stddev 33.918, 0 failed
progress: 51.0 s, 6317.6 tps, lat 40.829 ms stddev 35.593, 0 failed
progress: 52.0 s, 6915.6 tps, lat 36.775 ms stddev 35.664, 0 failed
progress: 53.0 s, 6053.1 tps, lat 42.043 ms stddev 35.128, 0 failed
progress: 54.0 s, 6585.1 tps, lat 39.411 ms stddev 35.350, 0 failed
progress: 55.0 s, 5936.9 tps, lat 42.775 ms stddev 35.959, 0 failed
progress: 56.0 s, 9114.1 tps, lat 28.323 ms stddev 32.635, 0 failed
progress: 57.0 s, 5975.1 tps, lat 42.337 ms stddev 35.342, 0 failed
progress: 58.0 s, 5989.1 tps, lat 42.772 ms stddev 35.191, 0 failed
progress: 59.0 s, 5923.6 tps, lat 43.498 ms stddev 36.860, 0 failed
transaction type: star-1.sql
scaling factor: 1
query mode: prepared
number of clients: 256
number of threads: 256
maximum number of tries: 1
duration: 60 s
number of transactions actually processed: 401691
number of failed transactions: 0 (0.000%)
latency average = 38.152 ms
latency stddev = 36.515 ms
initial connection time = 145.929 ms
tps = 6706.700068 (without initial connection time)
