pgbench (18devel, server 8.3.23)
progress: 1.0 s, 11957.3 tps, lat 2.650 ms stddev 2.579, 0 failed
progress: 2.0 s, 11534.0 tps, lat 2.774 ms stddev 0.711, 0 failed
progress: 3.0 s, 11521.0 tps, lat 2.777 ms stddev 0.704, 0 failed
progress: 4.0 s, 12190.8 tps, lat 2.625 ms stddev 0.708, 0 failed
progress: 5.0 s, 11960.9 tps, lat 2.674 ms stddev 0.797, 0 failed
progress: 6.0 s, 11595.3 tps, lat 2.760 ms stddev 0.742, 0 failed
progress: 7.0 s, 12004.0 tps, lat 2.665 ms stddev 0.828, 0 failed
progress: 8.0 s, 11695.0 tps, lat 2.737 ms stddev 0.777, 0 failed
progress: 9.0 s, 11714.0 tps, lat 2.731 ms stddev 0.838, 0 failed
progress: 10.0 s, 11488.0 tps, lat 2.784 ms stddev 0.761, 0 failed
progress: 11.0 s, 11559.0 tps, lat 2.769 ms stddev 0.828, 0 failed
progress: 12.0 s, 11571.9 tps, lat 2.765 ms stddev 0.781, 0 failed
progress: 13.0 s, 11953.1 tps, lat 2.677 ms stddev 0.818, 0 failed
progress: 14.0 s, 12021.0 tps, lat 2.661 ms stddev 0.769, 0 failed
progress: 15.0 s, 12162.0 tps, lat 2.630 ms stddev 0.776, 0 failed
progress: 16.0 s, 12009.0 tps, lat 2.665 ms stddev 0.775, 0 failed
progress: 17.0 s, 11781.1 tps, lat 2.715 ms stddev 0.818, 0 failed
progress: 18.0 s, 11612.0 tps, lat 2.756 ms stddev 0.872, 0 failed
progress: 19.0 s, 11608.0 tps, lat 2.755 ms stddev 0.906, 0 failed
progress: 20.0 s, 11471.9 tps, lat 2.789 ms stddev 0.904, 0 failed
progress: 21.0 s, 11439.0 tps, lat 2.797 ms stddev 0.923, 0 failed
progress: 22.0 s, 11445.0 tps, lat 2.795 ms stddev 0.918, 0 failed
progress: 23.0 s, 11454.0 tps, lat 2.793 ms stddev 0.938, 0 failed
progress: 24.0 s, 11546.1 tps, lat 2.772 ms stddev 0.900, 0 failed
progress: 25.0 s, 11523.9 tps, lat 2.777 ms stddev 0.917, 0 failed
progress: 26.0 s, 11367.6 tps, lat 2.813 ms stddev 0.800, 0 failed
progress: 27.0 s, 11581.2 tps, lat 2.764 ms stddev 0.777, 0 failed
progress: 28.0 s, 11634.2 tps, lat 2.750 ms stddev 0.769, 0 failed
progress: 29.0 s, 11408.7 tps, lat 2.805 ms stddev 0.750, 0 failed
progress: 30.0 s, 11391.2 tps, lat 2.808 ms stddev 0.755, 0 failed
progress: 31.0 s, 11459.9 tps, lat 2.792 ms stddev 0.757, 0 failed
progress: 32.0 s, 11472.0 tps, lat 2.789 ms stddev 0.743, 0 failed
progress: 33.0 s, 11470.3 tps, lat 2.790 ms stddev 0.735, 0 failed
progress: 34.0 s, 11483.0 tps, lat 2.786 ms stddev 0.764, 0 failed
progress: 35.0 s, 11586.7 tps, lat 2.762 ms stddev 0.823, 0 failed
progress: 36.0 s, 11369.3 tps, lat 2.813 ms stddev 0.752, 0 failed
progress: 37.0 s, 11343.0 tps, lat 2.820 ms stddev 0.760, 0 failed
progress: 38.0 s, 11326.0 tps, lat 2.826 ms stddev 0.762, 0 failed
progress: 39.0 s, 11150.0 tps, lat 2.869 ms stddev 0.827, 0 failed
progress: 40.0 s, 11166.9 tps, lat 2.865 ms stddev 0.823, 0 failed
progress: 41.0 s, 11189.0 tps, lat 2.859 ms stddev 0.811, 0 failed
progress: 42.0 s, 11234.0 tps, lat 2.848 ms stddev 0.836, 0 failed
progress: 43.0 s, 11192.0 tps, lat 2.858 ms stddev 0.847, 0 failed
progress: 44.0 s, 11223.0 tps, lat 2.852 ms stddev 0.825, 0 failed
progress: 45.0 s, 11164.5 tps, lat 2.866 ms stddev 0.838, 0 failed
progress: 46.0 s, 11223.5 tps, lat 2.851 ms stddev 0.843, 0 failed
progress: 47.0 s, 11183.6 tps, lat 2.860 ms stddev 0.828, 0 failed
progress: 48.0 s, 10918.8 tps, lat 2.930 ms stddev 0.745, 0 failed
progress: 49.0 s, 10924.3 tps, lat 2.929 ms stddev 0.733, 0 failed
progress: 50.0 s, 11138.0 tps, lat 2.873 ms stddev 0.784, 0 failed
progress: 51.0 s, 11138.2 tps, lat 2.873 ms stddev 0.831, 0 failed
progress: 52.0 s, 11086.8 tps, lat 2.886 ms stddev 0.849, 0 failed
progress: 53.0 s, 11083.3 tps, lat 2.886 ms stddev 0.839, 0 failed
progress: 54.0 s, 11158.7 tps, lat 2.868 ms stddev 0.834, 0 failed
progress: 55.0 s, 11201.1 tps, lat 2.856 ms stddev 0.823, 0 failed
progress: 56.0 s, 11359.0 tps, lat 2.817 ms stddev 0.793, 0 failed
progress: 57.0 s, 11426.9 tps, lat 2.800 ms stddev 0.822, 0 failed
progress: 58.0 s, 11374.0 tps, lat 2.813 ms stddev 0.814, 0 failed
progress: 59.0 s, 11417.9 tps, lat 2.803 ms stddev 0.797, 0 failed
transaction type: star-1.sql
scaling factor: 1
query mode: prepared
number of clients: 32
number of threads: 32
maximum number of tries: 1
duration: 60 s
number of transactions actually processed: 687993
number of failed transactions: 0 (0.000%)
latency average = 2.789 ms
latency stddev = 0.873 ms
initial connection time = 21.440 ms
tps = 11470.308055 (without initial connection time)
