pgbench (18devel, server 15.8)
progress: 1.0 s, 21800.6 tps, lat 1.453 ms stddev 0.340, 0 failed
progress: 2.0 s, 22333.0 tps, lat 1.432 ms stddev 0.027, 0 failed
progress: 3.0 s, 22258.1 tps, lat 1.437 ms stddev 0.086, 0 failed
progress: 4.0 s, 22286.9 tps, lat 1.435 ms stddev 0.080, 0 failed
progress: 5.0 s, 22341.1 tps, lat 1.432 ms stddev 0.061, 0 failed
progress: 6.0 s, 22405.1 tps, lat 1.427 ms stddev 0.026, 0 failed
progress: 7.0 s, 22396.9 tps, lat 1.428 ms stddev 0.024, 0 failed
progress: 8.0 s, 22216.7 tps, lat 1.440 ms stddev 0.116, 0 failed
progress: 9.0 s, 22279.3 tps, lat 1.436 ms stddev 0.095, 0 failed
progress: 10.0 s, 22327.0 tps, lat 1.433 ms stddev 0.089, 0 failed
progress: 11.0 s, 22452.0 tps, lat 1.425 ms stddev 0.023, 0 failed
progress: 12.0 s, 22436.3 tps, lat 1.426 ms stddev 0.027, 0 failed
progress: 13.0 s, 22452.7 tps, lat 1.425 ms stddev 0.026, 0 failed
progress: 14.0 s, 22431.9 tps, lat 1.426 ms stddev 0.052, 0 failed
progress: 15.0 s, 22448.1 tps, lat 1.425 ms stddev 0.043, 0 failed
progress: 16.0 s, 22445.9 tps, lat 1.425 ms stddev 0.033, 0 failed
progress: 17.0 s, 22400.0 tps, lat 1.428 ms stddev 0.065, 0 failed
progress: 18.0 s, 22498.0 tps, lat 1.422 ms stddev 0.022, 0 failed
progress: 19.0 s, 22356.0 tps, lat 1.431 ms stddev 0.087, 0 failed
progress: 20.0 s, 22404.0 tps, lat 1.428 ms stddev 0.052, 0 failed
progress: 21.0 s, 22364.0 tps, lat 1.430 ms stddev 0.085, 0 failed
progress: 22.0 s, 22387.3 tps, lat 1.429 ms stddev 0.072, 0 failed
progress: 23.0 s, 22404.7 tps, lat 1.428 ms stddev 0.081, 0 failed
progress: 24.0 s, 22428.0 tps, lat 1.426 ms stddev 0.051, 0 failed
progress: 25.0 s, 22289.0 tps, lat 1.435 ms stddev 0.099, 0 failed
progress: 26.0 s, 22379.0 tps, lat 1.429 ms stddev 0.068, 0 failed
progress: 27.0 s, 22450.0 tps, lat 1.425 ms stddev 0.021, 0 failed
progress: 28.0 s, 22385.1 tps, lat 1.429 ms stddev 0.076, 0 failed
progress: 29.0 s, 22431.0 tps, lat 1.426 ms stddev 0.027, 0 failed
progress: 30.0 s, 22357.0 tps, lat 1.431 ms stddev 0.093, 0 failed
progress: 31.0 s, 22356.9 tps, lat 1.431 ms stddev 0.089, 0 failed
progress: 32.0 s, 22499.0 tps, lat 1.422 ms stddev 0.023, 0 failed
progress: 33.0 s, 22346.0 tps, lat 1.431 ms stddev 0.104, 0 failed
progress: 34.0 s, 22396.0 tps, lat 1.429 ms stddev 0.090, 0 failed
progress: 35.0 s, 22507.0 tps, lat 1.421 ms stddev 0.022, 0 failed
progress: 36.0 s, 22472.0 tps, lat 1.424 ms stddev 0.022, 0 failed
progress: 37.0 s, 22481.0 tps, lat 1.423 ms stddev 0.021, 0 failed
progress: 38.0 s, 22321.0 tps, lat 1.433 ms stddev 0.108, 0 failed
progress: 39.0 s, 22433.0 tps, lat 1.426 ms stddev 0.025, 0 failed
progress: 40.0 s, 22442.0 tps, lat 1.426 ms stddev 0.024, 0 failed
progress: 41.0 s, 22397.0 tps, lat 1.428 ms stddev 0.072, 0 failed
progress: 42.0 s, 22456.0 tps, lat 1.425 ms stddev 0.029, 0 failed
progress: 43.0 s, 22411.0 tps, lat 1.427 ms stddev 0.081, 0 failed
progress: 44.0 s, 22376.0 tps, lat 1.430 ms stddev 0.087, 0 failed
progress: 45.0 s, 22228.0 tps, lat 1.439 ms stddev 0.124, 0 failed
progress: 46.0 s, 22480.0 tps, lat 1.423 ms stddev 0.023, 0 failed
progress: 47.0 s, 22500.0 tps, lat 1.422 ms stddev 0.023, 0 failed
progress: 48.0 s, 22406.0 tps, lat 1.427 ms stddev 0.084, 0 failed
progress: 49.0 s, 22499.0 tps, lat 1.422 ms stddev 0.020, 0 failed
progress: 50.0 s, 22496.0 tps, lat 1.422 ms stddev 0.022, 0 failed
progress: 51.0 s, 22424.0 tps, lat 1.427 ms stddev 0.061, 0 failed
progress: 52.0 s, 22375.1 tps, lat 1.430 ms stddev 0.087, 0 failed
progress: 53.0 s, 22334.9 tps, lat 1.432 ms stddev 0.105, 0 failed
progress: 54.0 s, 22505.0 tps, lat 1.422 ms stddev 0.024, 0 failed
progress: 55.0 s, 22497.0 tps, lat 1.422 ms stddev 0.024, 0 failed
progress: 56.0 s, 22421.0 tps, lat 1.427 ms stddev 0.069, 0 failed
progress: 57.0 s, 22484.0 tps, lat 1.423 ms stddev 0.025, 0 failed
progress: 58.0 s, 22496.0 tps, lat 1.422 ms stddev 0.025, 0 failed
progress: 59.0 s, 22499.0 tps, lat 1.422 ms stddev 0.025, 0 failed
transaction type: star-1.sql
scaling factor: 1
query mode: simple
number of clients: 32
number of threads: 32
maximum number of tries: 1
duration: 60 s
number of transactions actually processed: 1343698
number of failed transactions: 0 (0.000%)
latency average = 1.428 ms
latency stddev = 0.077 ms
initial connection time = 18.523 ms
tps = 22401.157973 (without initial connection time)
