pgbench (18devel, server 15.8)
progress: 1.0 s, 28882.4 tps, lat 2.180 ms stddev 0.953, 0 failed
progress: 2.0 s, 29283.9 tps, lat 2.185 ms stddev 0.559, 0 failed
progress: 3.0 s, 29041.9 tps, lat 2.204 ms stddev 0.549, 0 failed
progress: 4.0 s, 28849.2 tps, lat 2.217 ms stddev 0.549, 0 failed
progress: 5.0 s, 29180.3 tps, lat 2.193 ms stddev 0.557, 0 failed
progress: 6.0 s, 29301.7 tps, lat 2.184 ms stddev 0.557, 0 failed
progress: 7.0 s, 29150.8 tps, lat 2.195 ms stddev 0.549, 0 failed
progress: 8.0 s, 29123.9 tps, lat 2.197 ms stddev 0.550, 0 failed
progress: 9.0 s, 29395.3 tps, lat 2.177 ms stddev 0.554, 0 failed
progress: 10.0 s, 29277.9 tps, lat 2.186 ms stddev 0.554, 0 failed
progress: 11.0 s, 29123.9 tps, lat 2.197 ms stddev 0.552, 0 failed
progress: 12.0 s, 29347.1 tps, lat 2.181 ms stddev 0.559, 0 failed
progress: 13.0 s, 29291.9 tps, lat 2.184 ms stddev 0.554, 0 failed
progress: 14.0 s, 29336.5 tps, lat 2.181 ms stddev 0.559, 0 failed
progress: 15.0 s, 29105.5 tps, lat 2.199 ms stddev 0.552, 0 failed
progress: 16.0 s, 29284.2 tps, lat 2.185 ms stddev 0.560, 0 failed
progress: 17.0 s, 29252.0 tps, lat 2.188 ms stddev 0.553, 0 failed
progress: 18.0 s, 29176.8 tps, lat 2.193 ms stddev 0.554, 0 failed
progress: 19.0 s, 29206.0 tps, lat 2.191 ms stddev 0.551, 0 failed
progress: 20.0 s, 29319.1 tps, lat 2.182 ms stddev 0.557, 0 failed
progress: 21.0 s, 29408.0 tps, lat 2.177 ms stddev 0.558, 0 failed
progress: 22.0 s, 29443.9 tps, lat 2.173 ms stddev 0.563, 0 failed
progress: 23.0 s, 29466.1 tps, lat 2.172 ms stddev 0.561, 0 failed
progress: 24.0 s, 29409.2 tps, lat 2.177 ms stddev 0.556, 0 failed
progress: 25.0 s, 29133.8 tps, lat 2.196 ms stddev 0.555, 0 failed
progress: 26.0 s, 29355.9 tps, lat 2.179 ms stddev 0.558, 0 failed
progress: 27.0 s, 29496.1 tps, lat 2.170 ms stddev 0.562, 0 failed
progress: 28.0 s, 29408.0 tps, lat 2.176 ms stddev 0.560, 0 failed
progress: 29.0 s, 29275.0 tps, lat 2.185 ms stddev 0.556, 0 failed
progress: 30.0 s, 29077.0 tps, lat 2.201 ms stddev 0.554, 0 failed
progress: 31.0 s, 29331.0 tps, lat 2.182 ms stddev 0.560, 0 failed
progress: 32.0 s, 29173.0 tps, lat 2.193 ms stddev 0.554, 0 failed
progress: 33.0 s, 29298.9 tps, lat 2.184 ms stddev 0.555, 0 failed
progress: 34.0 s, 29381.0 tps, lat 2.178 ms stddev 0.563, 0 failed
progress: 35.0 s, 29214.0 tps, lat 2.190 ms stddev 0.556, 0 failed
progress: 36.0 s, 29203.9 tps, lat 2.191 ms stddev 0.552, 0 failed
progress: 37.0 s, 29463.0 tps, lat 2.172 ms stddev 0.563, 0 failed
progress: 38.0 s, 29275.2 tps, lat 2.186 ms stddev 0.558, 0 failed
progress: 39.0 s, 29356.7 tps, lat 2.180 ms stddev 0.559, 0 failed
progress: 40.0 s, 29389.1 tps, lat 2.178 ms stddev 0.563, 0 failed
progress: 41.0 s, 29488.0 tps, lat 2.169 ms stddev 0.563, 0 failed
progress: 42.0 s, 29360.9 tps, lat 2.179 ms stddev 0.559, 0 failed
progress: 43.0 s, 29194.1 tps, lat 2.192 ms stddev 0.553, 0 failed
progress: 44.0 s, 29362.2 tps, lat 2.180 ms stddev 0.558, 0 failed
progress: 45.0 s, 29485.8 tps, lat 2.170 ms stddev 0.566, 0 failed
progress: 46.0 s, 28970.9 tps, lat 2.208 ms stddev 0.547, 0 failed
progress: 47.0 s, 29256.2 tps, lat 2.187 ms stddev 0.558, 0 failed
progress: 48.0 s, 29157.0 tps, lat 2.195 ms stddev 0.554, 0 failed
progress: 49.0 s, 29265.8 tps, lat 2.186 ms stddev 0.558, 0 failed
progress: 50.0 s, 29340.0 tps, lat 2.180 ms stddev 0.565, 0 failed
progress: 51.0 s, 29027.9 tps, lat 2.205 ms stddev 0.553, 0 failed
progress: 52.0 s, 29160.1 tps, lat 2.194 ms stddev 0.554, 0 failed
progress: 53.0 s, 29242.2 tps, lat 2.188 ms stddev 0.557, 0 failed
progress: 54.0 s, 28952.8 tps, lat 2.210 ms stddev 0.553, 0 failed
progress: 55.0 s, 29340.0 tps, lat 2.181 ms stddev 0.560, 0 failed
progress: 56.0 s, 29227.0 tps, lat 2.190 ms stddev 0.558, 0 failed
progress: 57.0 s, 29311.1 tps, lat 2.183 ms stddev 0.562, 0 failed
progress: 58.0 s, 29197.0 tps, lat 2.191 ms stddev 0.556, 0 failed
progress: 59.0 s, 29323.2 tps, lat 2.183 ms stddev 0.559, 0 failed
transaction type: star-1.sql
scaling factor: 1
query mode: simple
number of clients: 64
number of threads: 64
maximum number of tries: 1
duration: 60 s
number of transactions actually processed: 1754615
number of failed transactions: 0 (0.000%)
latency average = 2.187 ms
latency stddev = 0.566 ms
initial connection time = 40.924 ms
tps = 29261.865659 (without initial connection time)
