pgbench (18devel, server 9.1.24)
progress: 1.0 s, 7662.6 tps, lat 0.130 ms stddev 0.240, 0 failed
progress: 2.0 s, 7903.0 tps, lat 0.126 ms stddev 0.007, 0 failed
progress: 3.0 s, 7970.0 tps, lat 0.125 ms stddev 0.007, 0 failed
progress: 4.0 s, 8218.3 tps, lat 0.122 ms stddev 0.008, 0 failed
progress: 5.0 s, 8423.7 tps, lat 0.119 ms stddev 0.007, 0 failed
progress: 6.0 s, 8380.2 tps, lat 0.119 ms stddev 0.007, 0 failed
progress: 7.0 s, 8479.8 tps, lat 0.118 ms stddev 0.007, 0 failed
progress: 8.0 s, 8501.3 tps, lat 0.118 ms stddev 0.007, 0 failed
progress: 9.0 s, 8388.7 tps, lat 0.119 ms stddev 0.007, 0 failed
progress: 10.0 s, 8263.1 tps, lat 0.121 ms stddev 0.007, 0 failed
progress: 11.0 s, 8220.3 tps, lat 0.122 ms stddev 0.008, 0 failed
progress: 12.0 s, 8657.5 tps, lat 0.115 ms stddev 0.007, 0 failed
progress: 13.0 s, 8557.3 tps, lat 0.117 ms stddev 0.007, 0 failed
progress: 14.0 s, 8296.8 tps, lat 0.120 ms stddev 0.007, 0 failed
progress: 15.0 s, 8224.9 tps, lat 0.122 ms stddev 0.007, 0 failed
progress: 16.0 s, 8425.0 tps, lat 0.119 ms stddev 0.007, 0 failed
progress: 17.0 s, 8278.0 tps, lat 0.121 ms stddev 0.007, 0 failed
progress: 18.0 s, 8423.0 tps, lat 0.119 ms stddev 0.007, 0 failed
progress: 19.0 s, 8322.1 tps, lat 0.120 ms stddev 0.007, 0 failed
progress: 20.0 s, 8221.9 tps, lat 0.122 ms stddev 0.006, 0 failed
progress: 21.0 s, 8398.0 tps, lat 0.119 ms stddev 0.007, 0 failed
progress: 22.0 s, 8420.0 tps, lat 0.119 ms stddev 0.007, 0 failed
progress: 23.0 s, 8469.0 tps, lat 0.118 ms stddev 0.007, 0 failed
progress: 24.0 s, 8727.0 tps, lat 0.115 ms stddev 0.006, 0 failed
progress: 25.0 s, 8520.4 tps, lat 0.117 ms stddev 0.007, 0 failed
progress: 26.0 s, 8747.0 tps, lat 0.114 ms stddev 0.006, 0 failed
progress: 27.0 s, 8526.0 tps, lat 0.117 ms stddev 0.007, 0 failed
progress: 28.0 s, 8752.7 tps, lat 0.114 ms stddev 0.006, 0 failed
progress: 29.0 s, 8695.3 tps, lat 0.115 ms stddev 0.006, 0 failed
progress: 30.0 s, 8284.8 tps, lat 0.121 ms stddev 0.006, 0 failed
progress: 31.0 s, 8241.9 tps, lat 0.121 ms stddev 0.006, 0 failed
progress: 32.0 s, 8715.9 tps, lat 0.115 ms stddev 0.007, 0 failed
progress: 33.0 s, 8584.0 tps, lat 0.116 ms stddev 0.007, 0 failed
progress: 34.0 s, 8381.0 tps, lat 0.119 ms stddev 0.007, 0 failed
progress: 35.0 s, 8493.0 tps, lat 0.118 ms stddev 0.007, 0 failed
progress: 36.0 s, 8500.3 tps, lat 0.118 ms stddev 0.006, 0 failed
progress: 37.0 s, 8585.8 tps, lat 0.116 ms stddev 0.007, 0 failed
progress: 38.0 s, 8768.1 tps, lat 0.114 ms stddev 0.006, 0 failed
progress: 39.0 s, 8358.8 tps, lat 0.120 ms stddev 0.007, 0 failed
progress: 40.0 s, 8393.0 tps, lat 0.119 ms stddev 0.007, 0 failed
progress: 41.0 s, 8334.4 tps, lat 0.120 ms stddev 0.006, 0 failed
progress: 42.0 s, 8734.8 tps, lat 0.114 ms stddev 0.006, 0 failed
progress: 43.0 s, 8542.8 tps, lat 0.117 ms stddev 0.007, 0 failed
progress: 44.0 s, 8370.0 tps, lat 0.119 ms stddev 0.006, 0 failed
progress: 45.0 s, 8594.0 tps, lat 0.116 ms stddev 0.007, 0 failed
progress: 46.0 s, 8453.0 tps, lat 0.118 ms stddev 0.007, 0 failed
progress: 47.0 s, 8529.0 tps, lat 0.117 ms stddev 0.008, 0 failed
progress: 48.0 s, 8453.4 tps, lat 0.118 ms stddev 0.006, 0 failed
progress: 49.0 s, 8351.6 tps, lat 0.120 ms stddev 0.007, 0 failed
progress: 50.0 s, 8449.2 tps, lat 0.118 ms stddev 0.006, 0 failed
progress: 51.0 s, 8356.8 tps, lat 0.120 ms stddev 0.007, 0 failed
progress: 52.0 s, 8643.0 tps, lat 0.116 ms stddev 0.007, 0 failed
progress: 53.0 s, 8407.4 tps, lat 0.119 ms stddev 0.007, 0 failed
progress: 54.0 s, 8311.6 tps, lat 0.120 ms stddev 0.006, 0 failed
progress: 55.0 s, 8549.1 tps, lat 0.117 ms stddev 0.006, 0 failed
progress: 56.0 s, 8581.9 tps, lat 0.116 ms stddev 0.006, 0 failed
progress: 57.0 s, 8411.0 tps, lat 0.119 ms stddev 0.006, 0 failed
progress: 58.0 s, 8301.0 tps, lat 0.120 ms stddev 0.006, 0 failed
progress: 59.0 s, 8328.0 tps, lat 0.120 ms stddev 0.006, 0 failed
progress: 60.0 s, 8472.1 tps, lat 0.118 ms stddev 0.007, 0 failed
transaction type: star-1.sql
scaling factor: 1
query mode: prepared
number of clients: 1
number of threads: 1
maximum number of tries: 1
duration: 60 s
number of transactions actually processed: 505554
number of failed transactions: 0 (0.000%)
latency average = 0.119 ms
latency stddev = 0.030 ms
initial connection time = 2.364 ms
tps = 8426.221179 (without initial connection time)
