pgbench (18devel, server 9.1.24)
progress: 1.0 s, 11422.7 tps, lat 2.774 ms stddev 2.562, 0 failed
progress: 2.0 s, 12540.2 tps, lat 2.552 ms stddev 0.832, 0 failed
progress: 3.0 s, 11028.5 tps, lat 2.900 ms stddev 0.422, 0 failed
progress: 4.0 s, 11026.0 tps, lat 2.901 ms stddev 0.420, 0 failed
progress: 5.0 s, 11228.9 tps, lat 2.849 ms stddev 0.515, 0 failed
progress: 6.0 s, 11185.1 tps, lat 2.861 ms stddev 0.525, 0 failed
progress: 7.0 s, 11079.6 tps, lat 2.887 ms stddev 0.474, 0 failed
progress: 8.0 s, 12398.4 tps, lat 2.580 ms stddev 0.921, 0 failed
progress: 9.0 s, 11445.6 tps, lat 2.795 ms stddev 0.695, 0 failed
progress: 10.0 s, 12048.1 tps, lat 2.656 ms stddev 0.822, 0 failed
progress: 11.0 s, 11345.4 tps, lat 2.820 ms stddev 0.617, 0 failed
progress: 12.0 s, 10941.0 tps, lat 2.925 ms stddev 0.440, 0 failed
progress: 13.0 s, 10967.0 tps, lat 2.918 ms stddev 0.487, 0 failed
progress: 14.0 s, 10904.0 tps, lat 2.934 ms stddev 0.441, 0 failed
progress: 15.0 s, 10807.0 tps, lat 2.961 ms stddev 0.452, 0 failed
progress: 16.0 s, 10733.0 tps, lat 2.980 ms stddev 0.457, 0 failed
progress: 17.0 s, 11801.6 tps, lat 2.712 ms stddev 0.773, 0 failed
progress: 18.0 s, 10820.3 tps, lat 2.958 ms stddev 0.484, 0 failed
progress: 19.0 s, 10959.7 tps, lat 2.919 ms stddev 0.508, 0 failed
progress: 20.0 s, 10891.1 tps, lat 2.937 ms stddev 0.509, 0 failed
progress: 21.0 s, 10814.9 tps, lat 2.959 ms stddev 0.442, 0 failed
progress: 22.0 s, 10815.8 tps, lat 2.958 ms stddev 0.448, 0 failed
progress: 23.0 s, 11349.2 tps, lat 2.818 ms stddev 0.639, 0 failed
progress: 24.0 s, 11164.1 tps, lat 2.866 ms stddev 0.562, 0 failed
progress: 25.0 s, 11103.3 tps, lat 2.881 ms stddev 0.545, 0 failed
progress: 26.0 s, 10859.7 tps, lat 2.947 ms stddev 0.451, 0 failed
progress: 27.0 s, 10980.0 tps, lat 2.915 ms stddev 0.508, 0 failed
progress: 28.0 s, 11315.4 tps, lat 2.830 ms stddev 0.628, 0 failed
progress: 29.0 s, 11058.8 tps, lat 2.891 ms stddev 0.527, 0 failed
progress: 30.0 s, 20094.6 tps, lat 1.592 ms stddev 1.145, 0 failed
progress: 31.0 s, 11650.0 tps, lat 2.745 ms stddev 0.634, 0 failed
progress: 32.0 s, 11226.1 tps, lat 2.850 ms stddev 0.489, 0 failed
progress: 33.0 s, 11190.9 tps, lat 2.859 ms stddev 0.495, 0 failed
progress: 34.0 s, 10898.9 tps, lat 2.935 ms stddev 0.441, 0 failed
progress: 35.0 s, 10824.7 tps, lat 2.957 ms stddev 0.502, 0 failed
progress: 36.0 s, 11212.1 tps, lat 2.854 ms stddev 0.680, 0 failed
progress: 37.0 s, 10932.2 tps, lat 2.927 ms stddev 0.534, 0 failed
progress: 38.0 s, 10681.2 tps, lat 2.994 ms stddev 0.451, 0 failed
progress: 39.0 s, 10728.8 tps, lat 2.982 ms stddev 0.462, 0 failed
progress: 40.0 s, 10982.9 tps, lat 2.913 ms stddev 0.506, 0 failed
progress: 41.0 s, 10702.0 tps, lat 2.991 ms stddev 0.446, 0 failed
progress: 42.0 s, 10944.9 tps, lat 2.922 ms stddev 0.560, 0 failed
progress: 43.0 s, 10834.1 tps, lat 2.953 ms stddev 0.479, 0 failed
progress: 44.0 s, 10707.9 tps, lat 2.989 ms stddev 0.451, 0 failed
progress: 45.0 s, 10752.5 tps, lat 2.976 ms stddev 0.501, 0 failed
progress: 46.0 s, 10926.6 tps, lat 2.927 ms stddev 0.571, 0 failed
progress: 47.0 s, 10636.0 tps, lat 3.009 ms stddev 0.451, 0 failed
progress: 48.0 s, 10753.2 tps, lat 2.975 ms stddev 0.451, 0 failed
progress: 49.0 s, 10755.8 tps, lat 2.975 ms stddev 0.447, 0 failed
progress: 50.0 s, 10760.0 tps, lat 2.974 ms stddev 0.454, 0 failed
progress: 51.0 s, 11151.2 tps, lat 2.869 ms stddev 0.587, 0 failed
progress: 52.0 s, 10907.2 tps, lat 2.934 ms stddev 0.496, 0 failed
progress: 53.0 s, 11004.6 tps, lat 2.906 ms stddev 0.584, 0 failed
progress: 54.0 s, 10631.0 tps, lat 3.009 ms stddev 0.452, 0 failed
progress: 55.0 s, 10938.0 tps, lat 2.925 ms stddev 0.537, 0 failed
progress: 56.0 s, 11971.0 tps, lat 2.672 ms stddev 0.834, 0 failed
progress: 57.0 s, 10795.0 tps, lat 2.966 ms stddev 0.448, 0 failed
progress: 58.0 s, 10837.0 tps, lat 2.951 ms stddev 0.443, 0 failed
progress: 59.0 s, 11061.0 tps, lat 2.893 ms stddev 0.571, 0 failed
transaction type: star-1.sql
scaling factor: 1
query mode: prepared
number of clients: 32
number of threads: 32
maximum number of tries: 1
duration: 60 s
number of transactions actually processed: 673196
number of failed transactions: 0 (0.000%)
latency average = 2.851 ms
latency stddev = 0.706 ms
initial connection time = 21.381 ms
tps = 11223.663892 (without initial connection time)
