pgbench (18devel, server 11.22)
progress: 1.0 s, 19282.8 tps, lat 12.505 ms stddev 43.229, 0 failed
progress: 2.0 s, 51696.1 tps, lat 4.951 ms stddev 5.222, 0 failed
progress: 3.0 s, 51922.7 tps, lat 4.929 ms stddev 5.175, 0 failed
progress: 4.0 s, 51622.3 tps, lat 4.959 ms stddev 5.215, 0 failed
progress: 5.0 s, 52152.9 tps, lat 4.907 ms stddev 5.177, 0 failed
progress: 6.0 s, 51420.1 tps, lat 4.982 ms stddev 5.268, 0 failed
progress: 7.0 s, 51336.1 tps, lat 4.988 ms stddev 5.304, 0 failed
progress: 8.0 s, 52002.2 tps, lat 4.922 ms stddev 5.215, 0 failed
progress: 9.0 s, 52054.7 tps, lat 4.916 ms stddev 5.145, 0 failed
progress: 10.0 s, 51583.6 tps, lat 4.962 ms stddev 5.291, 0 failed
progress: 11.0 s, 51730.5 tps, lat 4.951 ms stddev 5.211, 0 failed
progress: 12.0 s, 51502.5 tps, lat 4.966 ms stddev 5.238, 0 failed
progress: 13.0 s, 51664.1 tps, lat 4.958 ms stddev 5.214, 0 failed
progress: 14.0 s, 52290.3 tps, lat 4.894 ms stddev 5.151, 0 failed
progress: 15.0 s, 52169.0 tps, lat 4.906 ms stddev 5.173, 0 failed
progress: 16.0 s, 51956.0 tps, lat 4.930 ms stddev 5.203, 0 failed
progress: 17.0 s, 51911.1 tps, lat 4.927 ms stddev 5.185, 0 failed
progress: 18.0 s, 51125.0 tps, lat 5.006 ms stddev 5.231, 0 failed
progress: 19.0 s, 51793.9 tps, lat 4.943 ms stddev 5.208, 0 failed
progress: 20.0 s, 51435.8 tps, lat 4.976 ms stddev 5.278, 0 failed
progress: 21.0 s, 52356.0 tps, lat 4.891 ms stddev 5.159, 0 failed
progress: 22.0 s, 52164.4 tps, lat 4.905 ms stddev 5.163, 0 failed
progress: 23.0 s, 51730.9 tps, lat 4.951 ms stddev 5.204, 0 failed
progress: 24.0 s, 51847.6 tps, lat 4.937 ms stddev 5.196, 0 failed
progress: 25.0 s, 51909.2 tps, lat 4.933 ms stddev 5.191, 0 failed
progress: 26.0 s, 51977.7 tps, lat 4.922 ms stddev 5.214, 0 failed
progress: 27.0 s, 51637.4 tps, lat 4.959 ms stddev 5.256, 0 failed
progress: 28.0 s, 52064.7 tps, lat 4.914 ms stddev 5.252, 0 failed
progress: 29.0 s, 52163.1 tps, lat 4.910 ms stddev 5.156, 0 failed
progress: 30.0 s, 51570.8 tps, lat 4.963 ms stddev 5.260, 0 failed
progress: 31.0 s, 51932.3 tps, lat 4.927 ms stddev 5.189, 0 failed
progress: 32.0 s, 51681.9 tps, lat 4.954 ms stddev 5.247, 0 failed
progress: 33.0 s, 51766.2 tps, lat 4.945 ms stddev 5.213, 0 failed
progress: 34.0 s, 51792.1 tps, lat 4.943 ms stddev 5.232, 0 failed
progress: 35.0 s, 52095.7 tps, lat 4.913 ms stddev 5.182, 0 failed
progress: 36.0 s, 51937.9 tps, lat 4.929 ms stddev 5.162, 0 failed
progress: 37.0 s, 52304.4 tps, lat 4.894 ms stddev 5.124, 0 failed
progress: 38.0 s, 51562.6 tps, lat 4.964 ms stddev 5.239, 0 failed
progress: 39.0 s, 51832.0 tps, lat 4.942 ms stddev 5.252, 0 failed
progress: 40.0 s, 51995.1 tps, lat 4.921 ms stddev 5.181, 0 failed
progress: 41.0 s, 51749.0 tps, lat 4.945 ms stddev 5.197, 0 failed
progress: 42.0 s, 51729.1 tps, lat 4.947 ms stddev 5.212, 0 failed
progress: 43.0 s, 51757.0 tps, lat 4.950 ms stddev 5.272, 0 failed
progress: 44.0 s, 52121.9 tps, lat 4.912 ms stddev 5.183, 0 failed
progress: 45.0 s, 52124.9 tps, lat 4.907 ms stddev 5.220, 0 failed
progress: 46.0 s, 51712.7 tps, lat 4.952 ms stddev 5.225, 0 failed
progress: 47.0 s, 51887.9 tps, lat 4.933 ms stddev 5.223, 0 failed
progress: 48.0 s, 51792.3 tps, lat 4.941 ms stddev 5.230, 0 failed
progress: 49.0 s, 52327.4 tps, lat 4.893 ms stddev 5.148, 0 failed
progress: 50.0 s, 52284.7 tps, lat 4.897 ms stddev 5.201, 0 failed
progress: 51.0 s, 51706.0 tps, lat 4.952 ms stddev 5.251, 0 failed
progress: 52.0 s, 51884.0 tps, lat 4.934 ms stddev 5.248, 0 failed
progress: 53.0 s, 51368.1 tps, lat 4.980 ms stddev 5.277, 0 failed
progress: 54.0 s, 51861.9 tps, lat 4.936 ms stddev 5.202, 0 failed
progress: 55.0 s, 51922.1 tps, lat 4.934 ms stddev 5.242, 0 failed
progress: 56.0 s, 52092.9 tps, lat 4.909 ms stddev 5.176, 0 failed
progress: 57.0 s, 52425.9 tps, lat 4.886 ms stddev 5.165, 0 failed
progress: 58.0 s, 51785.2 tps, lat 4.942 ms stddev 5.242, 0 failed
progress: 59.0 s, 52004.9 tps, lat 4.922 ms stddev 5.204, 0 failed
transaction type: star-1.sql
scaling factor: 1
query mode: prepared
number of clients: 256
number of threads: 256
maximum number of tries: 1
duration: 60 s
number of transactions actually processed: 3073994
number of failed transactions: 0 (0.000%)
latency average = 4.986 ms
latency stddev = 6.258 ms
initial connection time = 151.799 ms
tps = 51313.190402 (without initial connection time)
