pgbench (18devel, server 9.2.24)
progress: 1.0 s, 1461.9 tps, lat 21.414 ms stddev 4.924, 0 failed
progress: 2.0 s, 1594.1 tps, lat 20.118 ms stddev 1.049, 0 failed
progress: 3.0 s, 1585.9 tps, lat 20.113 ms stddev 1.121, 0 failed
progress: 4.0 s, 1597.0 tps, lat 20.078 ms stddev 1.029, 0 failed
progress: 5.0 s, 1597.0 tps, lat 20.026 ms stddev 0.998, 0 failed
progress: 6.0 s, 1595.0 tps, lat 20.097 ms stddev 1.136, 0 failed
progress: 7.0 s, 1588.0 tps, lat 20.109 ms stddev 1.076, 0 failed
progress: 8.0 s, 1590.0 tps, lat 20.122 ms stddev 1.079, 0 failed
progress: 9.0 s, 1594.0 tps, lat 20.105 ms stddev 1.077, 0 failed
progress: 10.0 s, 1587.0 tps, lat 20.145 ms stddev 1.104, 0 failed
progress: 11.0 s, 1593.0 tps, lat 20.091 ms stddev 1.063, 0 failed
progress: 12.0 s, 1593.0 tps, lat 20.121 ms stddev 1.095, 0 failed
progress: 13.0 s, 1592.0 tps, lat 20.100 ms stddev 1.059, 0 failed
progress: 14.0 s, 1592.0 tps, lat 20.067 ms stddev 1.037, 0 failed
progress: 15.0 s, 1591.0 tps, lat 20.118 ms stddev 1.077, 0 failed
progress: 16.0 s, 1593.0 tps, lat 20.085 ms stddev 1.051, 0 failed
progress: 17.0 s, 1595.0 tps, lat 20.060 ms stddev 1.029, 0 failed
progress: 18.0 s, 1593.0 tps, lat 20.102 ms stddev 1.068, 0 failed
progress: 19.0 s, 1595.0 tps, lat 20.059 ms stddev 1.040, 0 failed
progress: 20.0 s, 1593.0 tps, lat 20.090 ms stddev 1.058, 0 failed
progress: 21.0 s, 1593.0 tps, lat 20.051 ms stddev 1.022, 0 failed
progress: 22.0 s, 1602.0 tps, lat 20.028 ms stddev 1.007, 0 failed
progress: 23.0 s, 1593.0 tps, lat 20.053 ms stddev 1.023, 0 failed
progress: 24.0 s, 1590.0 tps, lat 20.097 ms stddev 1.054, 0 failed
progress: 25.0 s, 1599.0 tps, lat 20.084 ms stddev 1.039, 0 failed
progress: 26.0 s, 1592.0 tps, lat 20.068 ms stddev 1.035, 0 failed
progress: 27.0 s, 1587.0 tps, lat 20.122 ms stddev 1.070, 0 failed
progress: 28.0 s, 1599.0 tps, lat 20.033 ms stddev 1.012, 0 failed
progress: 29.0 s, 1603.1 tps, lat 20.039 ms stddev 1.012, 0 failed
progress: 30.0 s, 1590.9 tps, lat 20.051 ms stddev 1.029, 0 failed
progress: 31.0 s, 1598.0 tps, lat 20.045 ms stddev 1.016, 0 failed
progress: 32.0 s, 1594.0 tps, lat 20.030 ms stddev 1.007, 0 failed
progress: 33.0 s, 1594.0 tps, lat 20.079 ms stddev 1.036, 0 failed
progress: 34.0 s, 1600.0 tps, lat 20.038 ms stddev 1.007, 0 failed
progress: 35.0 s, 1593.0 tps, lat 20.065 ms stddev 1.031, 0 failed
progress: 36.0 s, 1594.0 tps, lat 20.055 ms stddev 1.028, 0 failed
progress: 37.0 s, 1582.0 tps, lat 20.237 ms stddev 2.037, 0 failed
progress: 38.0 s, 1589.0 tps, lat 20.158 ms stddev 1.145, 0 failed
progress: 39.0 s, 1597.0 tps, lat 20.038 ms stddev 1.014, 0 failed
progress: 40.0 s, 1588.0 tps, lat 20.137 ms stddev 1.749, 0 failed
progress: 41.0 s, 1594.0 tps, lat 20.101 ms stddev 1.047, 0 failed
progress: 42.0 s, 1591.0 tps, lat 20.103 ms stddev 1.047, 0 failed
progress: 43.0 s, 1589.0 tps, lat 20.110 ms stddev 1.048, 0 failed
progress: 44.0 s, 1598.0 tps, lat 20.054 ms stddev 1.020, 0 failed
progress: 45.0 s, 1598.0 tps, lat 20.035 ms stddev 1.019, 0 failed
progress: 46.0 s, 1593.0 tps, lat 20.065 ms stddev 1.024, 0 failed
progress: 47.0 s, 1592.9 tps, lat 20.086 ms stddev 1.054, 0 failed
progress: 48.0 s, 1590.0 tps, lat 20.140 ms stddev 1.082, 0 failed
progress: 49.0 s, 1588.1 tps, lat 20.131 ms stddev 1.095, 0 failed
progress: 50.0 s, 1584.9 tps, lat 20.168 ms stddev 1.102, 0 failed
progress: 51.0 s, 1595.0 tps, lat 20.078 ms stddev 1.054, 0 failed
progress: 52.0 s, 1589.0 tps, lat 20.137 ms stddev 1.086, 0 failed
progress: 53.0 s, 1598.0 tps, lat 20.050 ms stddev 1.023, 0 failed
progress: 54.0 s, 1579.0 tps, lat 20.239 ms stddev 1.812, 0 failed
progress: 55.0 s, 1593.0 tps, lat 20.122 ms stddev 1.185, 0 failed
progress: 56.0 s, 1551.0 tps, lat 20.612 ms stddev 3.093, 0 failed
progress: 57.0 s, 1538.0 tps, lat 20.746 ms stddev 3.375, 0 failed
progress: 58.0 s, 1542.0 tps, lat 20.751 ms stddev 3.389, 0 failed
progress: 59.0 s, 1542.0 tps, lat 20.797 ms stddev 3.423, 0 failed
transaction type: star-1.sql
scaling factor: 1
query mode: simple
number of clients: 32
number of threads: 32
maximum number of tries: 1
duration: 60 s
number of transactions actually processed: 95199
number of failed transactions: 0 (0.000%)
latency average = 20.163 ms
latency stddev = 1.567 ms
initial connection time = 24.005 ms
tps = 1586.740629 (without initial connection time)
