pgbench (18devel, server 10.23)
progress: 1.0 s, 70667.0 tps, lat 0.892 ms stddev 2.561, 0 failed
progress: 2.0 s, 80782.2 tps, lat 0.792 ms stddev 0.714, 0 failed
progress: 3.0 s, 78719.9 tps, lat 0.813 ms stddev 0.749, 0 failed
progress: 4.0 s, 78212.6 tps, lat 0.818 ms stddev 0.763, 0 failed
progress: 5.0 s, 78467.0 tps, lat 0.815 ms stddev 0.759, 0 failed
progress: 6.0 s, 81058.1 tps, lat 0.789 ms stddev 0.714, 0 failed
progress: 7.0 s, 78292.3 tps, lat 0.817 ms stddev 0.759, 0 failed
progress: 8.0 s, 78973.8 tps, lat 0.810 ms stddev 0.757, 0 failed
progress: 9.0 s, 79185.0 tps, lat 0.808 ms stddev 0.750, 0 failed
progress: 10.0 s, 81269.3 tps, lat 0.787 ms stddev 0.721, 0 failed
progress: 11.0 s, 78743.6 tps, lat 0.812 ms stddev 0.760, 0 failed
progress: 12.0 s, 79314.2 tps, lat 0.807 ms stddev 0.753, 0 failed
progress: 13.0 s, 78724.2 tps, lat 0.813 ms stddev 0.764, 0 failed
progress: 14.0 s, 81001.1 tps, lat 0.790 ms stddev 0.725, 0 failed
progress: 15.0 s, 79526.9 tps, lat 0.805 ms stddev 0.747, 0 failed
progress: 16.0 s, 79397.4 tps, lat 0.806 ms stddev 0.749, 0 failed
progress: 17.0 s, 80055.8 tps, lat 0.799 ms stddev 0.735, 0 failed
progress: 18.0 s, 81697.8 tps, lat 0.783 ms stddev 0.711, 0 failed
progress: 19.0 s, 78666.8 tps, lat 0.814 ms stddev 0.762, 0 failed
progress: 20.0 s, 78773.3 tps, lat 0.812 ms stddev 0.759, 0 failed
progress: 21.0 s, 79023.0 tps, lat 0.810 ms stddev 0.756, 0 failed
progress: 22.0 s, 82193.4 tps, lat 0.778 ms stddev 0.705, 0 failed
progress: 23.0 s, 78579.4 tps, lat 0.814 ms stddev 0.761, 0 failed
progress: 24.0 s, 78564.1 tps, lat 0.814 ms stddev 0.758, 0 failed
progress: 25.0 s, 78785.6 tps, lat 0.812 ms stddev 0.762, 0 failed
progress: 26.0 s, 81749.3 tps, lat 0.783 ms stddev 0.708, 0 failed
progress: 27.0 s, 79184.0 tps, lat 0.808 ms stddev 0.753, 0 failed
progress: 28.0 s, 78853.2 tps, lat 0.812 ms stddev 0.760, 0 failed
progress: 29.0 s, 79339.6 tps, lat 0.806 ms stddev 0.750, 0 failed
progress: 30.0 s, 81587.8 tps, lat 0.784 ms stddev 0.711, 0 failed
progress: 31.0 s, 78422.7 tps, lat 0.816 ms stddev 0.767, 0 failed
progress: 32.0 s, 79040.2 tps, lat 0.810 ms stddev 0.758, 0 failed
progress: 33.0 s, 79298.8 tps, lat 0.807 ms stddev 0.754, 0 failed
progress: 34.0 s, 81068.2 tps, lat 0.789 ms stddev 0.721, 0 failed
progress: 35.0 s, 79101.0 tps, lat 0.809 ms stddev 0.757, 0 failed
progress: 36.0 s, 78863.8 tps, lat 0.811 ms stddev 0.759, 0 failed
progress: 37.0 s, 79084.3 tps, lat 0.809 ms stddev 0.759, 0 failed
progress: 38.0 s, 81394.8 tps, lat 0.786 ms stddev 0.717, 0 failed
progress: 39.0 s, 78793.1 tps, lat 0.812 ms stddev 0.760, 0 failed
progress: 40.0 s, 78502.8 tps, lat 0.815 ms stddev 0.763, 0 failed
progress: 41.0 s, 78460.9 tps, lat 0.815 ms stddev 0.765, 0 failed
progress: 42.0 s, 82236.3 tps, lat 0.778 ms stddev 0.705, 0 failed
progress: 43.0 s, 78084.9 tps, lat 0.820 ms stddev 0.768, 0 failed
progress: 44.0 s, 78961.0 tps, lat 0.810 ms stddev 0.759, 0 failed
progress: 45.0 s, 78698.1 tps, lat 0.813 ms stddev 0.762, 0 failed
progress: 46.0 s, 80443.0 tps, lat 0.795 ms stddev 0.730, 0 failed
progress: 47.0 s, 79345.0 tps, lat 0.806 ms stddev 0.756, 0 failed
progress: 48.0 s, 78369.8 tps, lat 0.816 ms stddev 0.768, 0 failed
progress: 49.0 s, 78596.2 tps, lat 0.814 ms stddev 0.769, 0 failed
progress: 50.0 s, 81954.0 tps, lat 0.781 ms stddev 0.710, 0 failed
progress: 51.0 s, 79181.8 tps, lat 0.808 ms stddev 0.759, 0 failed
progress: 52.0 s, 78454.2 tps, lat 0.816 ms stddev 0.766, 0 failed
progress: 53.0 s, 79155.1 tps, lat 0.808 ms stddev 0.753, 0 failed
progress: 54.0 s, 81658.9 tps, lat 0.784 ms stddev 0.714, 0 failed
progress: 55.0 s, 79186.8 tps, lat 0.808 ms stddev 0.756, 0 failed
progress: 56.0 s, 78185.1 tps, lat 0.818 ms stddev 0.770, 0 failed
progress: 57.0 s, 79095.2 tps, lat 0.809 ms stddev 0.753, 0 failed
progress: 58.0 s, 82203.6 tps, lat 0.778 ms stddev 0.705, 0 failed
progress: 59.0 s, 79912.3 tps, lat 0.801 ms stddev 0.741, 0 failed
transaction type: star-1.sql
scaling factor: 1
query mode: prepared
number of clients: 64
number of threads: 64
maximum number of tries: 1
duration: 60 s
number of transactions actually processed: 4763201
number of failed transactions: 0 (0.000%)
latency average = 0.805 ms
latency stddev = 0.804 ms
initial connection time = 39.161 ms
tps = 79435.341452 (without initial connection time)
