pgbench (18devel, server 11.22)
progress: 1.0 s, 110234.1 tps, lat 0.144 ms stddev 0.100, 0 failed
progress: 2.0 s, 113967.8 tps, lat 0.140 ms stddev 0.013, 0 failed
progress: 3.0 s, 113946.4 tps, lat 0.140 ms stddev 0.013, 0 failed
progress: 4.0 s, 114577.4 tps, lat 0.140 ms stddev 0.011, 0 failed
progress: 5.0 s, 114482.2 tps, lat 0.140 ms stddev 0.013, 0 failed
progress: 6.0 s, 112038.9 tps, lat 0.143 ms stddev 0.011, 0 failed
progress: 7.0 s, 112943.0 tps, lat 0.142 ms stddev 0.013, 0 failed
progress: 8.0 s, 113537.1 tps, lat 0.141 ms stddev 0.011, 0 failed
progress: 9.0 s, 112758.0 tps, lat 0.142 ms stddev 0.012, 0 failed
progress: 10.0 s, 112422.9 tps, lat 0.142 ms stddev 0.012, 0 failed
progress: 11.0 s, 112840.0 tps, lat 0.142 ms stddev 0.014, 0 failed
progress: 12.0 s, 113840.0 tps, lat 0.140 ms stddev 0.011, 0 failed
progress: 13.0 s, 115343.6 tps, lat 0.139 ms stddev 0.009, 0 failed
progress: 14.0 s, 115609.5 tps, lat 0.138 ms stddev 0.009, 0 failed
progress: 15.0 s, 115312.1 tps, lat 0.139 ms stddev 0.009, 0 failed
progress: 16.0 s, 115556.5 tps, lat 0.138 ms stddev 0.009, 0 failed
progress: 17.0 s, 115336.7 tps, lat 0.139 ms stddev 0.009, 0 failed
progress: 18.0 s, 115887.6 tps, lat 0.138 ms stddev 0.008, 0 failed
progress: 19.0 s, 116698.1 tps, lat 0.137 ms stddev 0.008, 0 failed
progress: 20.0 s, 116657.0 tps, lat 0.137 ms stddev 0.008, 0 failed
progress: 21.0 s, 114637.9 tps, lat 0.139 ms stddev 0.009, 0 failed
progress: 22.0 s, 115062.0 tps, lat 0.139 ms stddev 0.009, 0 failed
progress: 23.0 s, 115497.1 tps, lat 0.138 ms stddev 0.009, 0 failed
progress: 24.0 s, 114840.1 tps, lat 0.139 ms stddev 0.011, 0 failed
progress: 25.0 s, 116127.6 tps, lat 0.138 ms stddev 0.008, 0 failed
progress: 26.0 s, 114361.3 tps, lat 0.140 ms stddev 0.015, 0 failed
progress: 27.0 s, 115883.9 tps, lat 0.138 ms stddev 0.012, 0 failed
progress: 28.0 s, 116250.0 tps, lat 0.138 ms stddev 0.010, 0 failed
progress: 29.0 s, 115670.0 tps, lat 0.138 ms stddev 0.011, 0 failed
progress: 30.0 s, 116170.1 tps, lat 0.138 ms stddev 0.009, 0 failed
progress: 31.0 s, 115528.0 tps, lat 0.138 ms stddev 0.012, 0 failed
progress: 32.0 s, 115808.2 tps, lat 0.138 ms stddev 0.009, 0 failed
progress: 33.0 s, 114462.2 tps, lat 0.140 ms stddev 0.009, 0 failed
progress: 34.0 s, 115366.5 tps, lat 0.139 ms stddev 0.009, 0 failed
progress: 35.0 s, 115969.1 tps, lat 0.138 ms stddev 0.009, 0 failed
progress: 36.0 s, 115238.4 tps, lat 0.139 ms stddev 0.009, 0 failed
progress: 37.0 s, 114691.6 tps, lat 0.139 ms stddev 0.010, 0 failed
progress: 38.0 s, 115093.0 tps, lat 0.139 ms stddev 0.010, 0 failed
progress: 39.0 s, 115398.0 tps, lat 0.139 ms stddev 0.009, 0 failed
progress: 40.0 s, 115243.7 tps, lat 0.139 ms stddev 0.009, 0 failed
progress: 41.0 s, 116095.2 tps, lat 0.138 ms stddev 0.009, 0 failed
progress: 42.0 s, 116562.0 tps, lat 0.137 ms stddev 0.008, 0 failed
progress: 43.0 s, 116202.1 tps, lat 0.138 ms stddev 0.010, 0 failed
progress: 44.0 s, 116330.0 tps, lat 0.137 ms stddev 0.008, 0 failed
progress: 45.0 s, 116546.7 tps, lat 0.137 ms stddev 0.010, 0 failed
progress: 46.0 s, 116731.8 tps, lat 0.137 ms stddev 0.008, 0 failed
progress: 47.0 s, 116784.0 tps, lat 0.137 ms stddev 0.009, 0 failed
progress: 48.0 s, 117037.9 tps, lat 0.137 ms stddev 0.008, 0 failed
progress: 49.0 s, 117129.2 tps, lat 0.137 ms stddev 0.008, 0 failed
progress: 50.0 s, 117034.4 tps, lat 0.137 ms stddev 0.008, 0 failed
progress: 51.0 s, 116784.9 tps, lat 0.137 ms stddev 0.008, 0 failed
progress: 52.0 s, 116542.3 tps, lat 0.137 ms stddev 0.008, 0 failed
progress: 53.0 s, 115656.9 tps, lat 0.138 ms stddev 0.009, 0 failed
progress: 54.0 s, 115735.4 tps, lat 0.138 ms stddev 0.009, 0 failed
progress: 55.0 s, 115931.5 tps, lat 0.138 ms stddev 0.009, 0 failed
progress: 56.0 s, 115697.1 tps, lat 0.138 ms stddev 0.009, 0 failed
progress: 57.0 s, 115339.0 tps, lat 0.139 ms stddev 0.009, 0 failed
progress: 58.0 s, 115263.0 tps, lat 0.139 ms stddev 0.009, 0 failed
progress: 59.0 s, 116027.5 tps, lat 0.138 ms stddev 0.008, 0 failed
transaction type: star-1.sql
scaling factor: 1
query mode: prepared
number of clients: 16
number of threads: 16
maximum number of tries: 1
duration: 60 s
number of transactions actually processed: 6916436
number of failed transactions: 0 (0.000%)
latency average = 0.139 ms
latency stddev = 0.016 ms
initial connection time = 11.216 ms
tps = 115294.730581 (without initial connection time)
