pgbench (18devel, server 11.22)
progress: 1.0 s, 76497.5 tps, lat 0.823 ms stddev 0.956, 0 failed
progress: 2.0 s, 81013.0 tps, lat 0.790 ms stddev 0.739, 0 failed
progress: 3.0 s, 79076.2 tps, lat 0.809 ms stddev 0.780, 0 failed
progress: 4.0 s, 78615.3 tps, lat 0.814 ms stddev 0.786, 0 failed
progress: 5.0 s, 79062.2 tps, lat 0.809 ms stddev 0.778, 0 failed
progress: 6.0 s, 81056.4 tps, lat 0.789 ms stddev 0.747, 0 failed
progress: 7.0 s, 78828.1 tps, lat 0.811 ms stddev 0.783, 0 failed
progress: 8.0 s, 77527.1 tps, lat 0.825 ms stddev 0.799, 0 failed
progress: 9.0 s, 79432.9 tps, lat 0.805 ms stddev 0.778, 0 failed
progress: 10.0 s, 80486.0 tps, lat 0.795 ms stddev 0.752, 0 failed
progress: 11.0 s, 77711.8 tps, lat 0.824 ms stddev 0.802, 0 failed
progress: 12.0 s, 79622.2 tps, lat 0.803 ms stddev 0.775, 0 failed
progress: 13.0 s, 79015.8 tps, lat 0.810 ms stddev 0.781, 0 failed
progress: 14.0 s, 80738.2 tps, lat 0.793 ms stddev 0.747, 0 failed
progress: 15.0 s, 78269.9 tps, lat 0.817 ms stddev 0.792, 0 failed
progress: 16.0 s, 79035.9 tps, lat 0.809 ms stddev 0.778, 0 failed
progress: 17.0 s, 79351.2 tps, lat 0.806 ms stddev 0.776, 0 failed
progress: 18.0 s, 81093.7 tps, lat 0.789 ms stddev 0.750, 0 failed
progress: 19.0 s, 78549.0 tps, lat 0.814 ms stddev 0.794, 0 failed
progress: 20.0 s, 79000.2 tps, lat 0.810 ms stddev 0.783, 0 failed
progress: 21.0 s, 79192.1 tps, lat 0.808 ms stddev 0.782, 0 failed
progress: 22.0 s, 81299.0 tps, lat 0.787 ms stddev 0.742, 0 failed
progress: 23.0 s, 78927.0 tps, lat 0.811 ms stddev 0.784, 0 failed
progress: 24.0 s, 78784.8 tps, lat 0.812 ms stddev 0.788, 0 failed
progress: 25.0 s, 79136.0 tps, lat 0.808 ms stddev 0.780, 0 failed
progress: 26.0 s, 80911.1 tps, lat 0.791 ms stddev 0.753, 0 failed
progress: 27.0 s, 79066.0 tps, lat 0.809 ms stddev 0.784, 0 failed
progress: 28.0 s, 79006.6 tps, lat 0.810 ms stddev 0.778, 0 failed
progress: 29.0 s, 78534.2 tps, lat 0.815 ms stddev 0.788, 0 failed
progress: 30.0 s, 80839.0 tps, lat 0.792 ms stddev 0.752, 0 failed
progress: 31.0 s, 79235.3 tps, lat 0.807 ms stddev 0.782, 0 failed
progress: 32.0 s, 78539.0 tps, lat 0.814 ms stddev 0.791, 0 failed
progress: 33.0 s, 79325.0 tps, lat 0.807 ms stddev 0.773, 0 failed
progress: 34.0 s, 81161.0 tps, lat 0.788 ms stddev 0.746, 0 failed
progress: 35.0 s, 79374.6 tps, lat 0.806 ms stddev 0.778, 0 failed
progress: 36.0 s, 79776.3 tps, lat 0.802 ms stddev 0.775, 0 failed
progress: 37.0 s, 79507.9 tps, lat 0.805 ms stddev 0.774, 0 failed
progress: 38.0 s, 81770.1 tps, lat 0.782 ms stddev 0.735, 0 failed
progress: 39.0 s, 79101.9 tps, lat 0.809 ms stddev 0.783, 0 failed
progress: 40.0 s, 78812.3 tps, lat 0.812 ms stddev 0.789, 0 failed
progress: 41.0 s, 78350.6 tps, lat 0.817 ms stddev 0.791, 0 failed
progress: 42.0 s, 80905.2 tps, lat 0.791 ms stddev 0.749, 0 failed
progress: 43.0 s, 79191.0 tps, lat 0.808 ms stddev 0.783, 0 failed
progress: 44.0 s, 79024.9 tps, lat 0.810 ms stddev 0.785, 0 failed
progress: 45.0 s, 78550.1 tps, lat 0.815 ms stddev 0.792, 0 failed
progress: 46.0 s, 80576.0 tps, lat 0.794 ms stddev 0.753, 0 failed
progress: 47.0 s, 78587.9 tps, lat 0.814 ms stddev 0.795, 0 failed
progress: 48.0 s, 78680.1 tps, lat 0.813 ms stddev 0.794, 0 failed
progress: 49.0 s, 78259.6 tps, lat 0.817 ms stddev 0.797, 0 failed
progress: 50.0 s, 81270.4 tps, lat 0.787 ms stddev 0.747, 0 failed
progress: 51.0 s, 78634.0 tps, lat 0.814 ms stddev 0.790, 0 failed
progress: 52.0 s, 78450.8 tps, lat 0.816 ms stddev 0.792, 0 failed
progress: 53.0 s, 78859.8 tps, lat 0.811 ms stddev 0.786, 0 failed
progress: 54.0 s, 81087.5 tps, lat 0.789 ms stddev 0.745, 0 failed
progress: 55.0 s, 78550.9 tps, lat 0.815 ms stddev 0.793, 0 failed
progress: 56.0 s, 78868.5 tps, lat 0.811 ms stddev 0.783, 0 failed
progress: 57.0 s, 79114.4 tps, lat 0.809 ms stddev 0.786, 0 failed
progress: 58.0 s, 81313.0 tps, lat 0.787 ms stddev 0.746, 0 failed
progress: 59.0 s, 78986.7 tps, lat 0.810 ms stddev 0.784, 0 failed
transaction type: star-1.sql
scaling factor: 1
query mode: prepared
number of clients: 64
number of threads: 64
maximum number of tries: 1
duration: 60 s
number of transactions actually processed: 4761415
number of failed transactions: 0 (0.000%)
latency average = 0.806 ms
latency stddev = 0.779 ms
initial connection time = 41.281 ms
tps = 79406.961581 (without initial connection time)
