pgbench (18devel, server 9.2.24)
progress: 1.0 s, 56309.9 tps, lat 2.204 ms stddev 4.433, 0 failed
progress: 2.0 s, 64326.9 tps, lat 1.989 ms stddev 2.116, 0 failed
progress: 3.0 s, 64633.9 tps, lat 1.981 ms stddev 2.099, 0 failed
progress: 4.0 s, 66624.9 tps, lat 1.921 ms stddev 2.005, 0 failed
progress: 5.0 s, 63954.0 tps, lat 2.000 ms stddev 2.133, 0 failed
progress: 6.0 s, 64576.1 tps, lat 1.982 ms stddev 2.100, 0 failed
progress: 7.0 s, 64357.9 tps, lat 1.988 ms stddev 2.121, 0 failed
progress: 8.0 s, 66095.1 tps, lat 1.937 ms stddev 2.028, 0 failed
progress: 9.0 s, 64458.9 tps, lat 1.986 ms stddev 2.128, 0 failed
progress: 10.0 s, 63977.9 tps, lat 1.999 ms stddev 2.134, 0 failed
progress: 11.0 s, 64515.1 tps, lat 1.985 ms stddev 2.115, 0 failed
progress: 12.0 s, 66038.7 tps, lat 1.938 ms stddev 2.030, 0 failed
progress: 13.0 s, 64217.2 tps, lat 1.992 ms stddev 2.133, 0 failed
progress: 14.0 s, 64506.1 tps, lat 1.984 ms stddev 2.121, 0 failed
progress: 15.0 s, 64650.9 tps, lat 1.980 ms stddev 2.114, 0 failed
progress: 16.0 s, 65914.1 tps, lat 1.942 ms stddev 2.041, 0 failed
progress: 17.0 s, 63883.0 tps, lat 2.003 ms stddev 2.150, 0 failed
progress: 18.0 s, 64650.6 tps, lat 1.979 ms stddev 2.127, 0 failed
progress: 19.0 s, 64359.4 tps, lat 1.989 ms stddev 2.113, 0 failed
progress: 20.0 s, 66115.6 tps, lat 1.937 ms stddev 2.022, 0 failed
progress: 21.0 s, 65447.3 tps, lat 1.956 ms stddev 2.069, 0 failed
progress: 22.0 s, 64784.1 tps, lat 1.975 ms stddev 2.123, 0 failed
progress: 23.0 s, 64327.1 tps, lat 1.989 ms stddev 2.143, 0 failed
progress: 24.0 s, 66630.8 tps, lat 1.920 ms stddev 2.008, 0 failed
progress: 25.0 s, 64351.1 tps, lat 1.989 ms stddev 2.125, 0 failed
progress: 26.0 s, 64455.8 tps, lat 1.986 ms stddev 2.128, 0 failed
progress: 27.0 s, 64480.2 tps, lat 1.984 ms stddev 2.134, 0 failed
progress: 28.0 s, 66434.8 tps, lat 1.926 ms stddev 2.032, 0 failed
progress: 29.0 s, 64093.3 tps, lat 1.997 ms stddev 2.136, 0 failed
progress: 30.0 s, 64446.9 tps, lat 1.986 ms stddev 2.124, 0 failed
progress: 31.0 s, 64202.4 tps, lat 1.993 ms stddev 2.137, 0 failed
progress: 32.0 s, 66397.4 tps, lat 1.927 ms stddev 2.022, 0 failed
progress: 33.0 s, 64628.0 tps, lat 1.980 ms stddev 2.129, 0 failed
progress: 34.0 s, 64513.2 tps, lat 1.984 ms stddev 2.133, 0 failed
progress: 35.0 s, 64759.8 tps, lat 1.977 ms stddev 2.109, 0 failed
progress: 36.0 s, 66692.9 tps, lat 1.918 ms stddev 1.998, 0 failed
progress: 37.0 s, 64451.2 tps, lat 1.986 ms stddev 2.127, 0 failed
progress: 38.0 s, 64546.1 tps, lat 1.983 ms stddev 2.119, 0 failed
progress: 39.0 s, 65069.7 tps, lat 1.967 ms stddev 2.092, 0 failed
progress: 40.0 s, 66557.8 tps, lat 1.923 ms stddev 2.010, 0 failed
progress: 41.0 s, 64212.1 tps, lat 1.993 ms stddev 2.151, 0 failed
progress: 42.0 s, 64377.1 tps, lat 1.989 ms stddev 2.136, 0 failed
progress: 43.0 s, 64697.0 tps, lat 1.978 ms stddev 2.117, 0 failed
progress: 44.0 s, 65659.0 tps, lat 1.949 ms stddev 2.058, 0 failed
progress: 45.0 s, 64447.1 tps, lat 1.985 ms stddev 2.117, 0 failed
progress: 46.0 s, 64381.9 tps, lat 1.989 ms stddev 2.129, 0 failed
progress: 47.0 s, 65118.8 tps, lat 1.964 ms stddev 2.096, 0 failed
progress: 48.0 s, 66225.1 tps, lat 1.933 ms stddev 2.026, 0 failed
progress: 49.0 s, 64214.9 tps, lat 1.993 ms stddev 2.153, 0 failed
progress: 50.0 s, 64247.1 tps, lat 1.992 ms stddev 2.145, 0 failed
progress: 51.0 s, 64709.2 tps, lat 1.979 ms stddev 2.112, 0 failed
progress: 52.0 s, 66055.8 tps, lat 1.937 ms stddev 2.055, 0 failed
progress: 53.0 s, 64473.9 tps, lat 1.986 ms stddev 2.132, 0 failed
progress: 54.0 s, 64781.3 tps, lat 1.975 ms stddev 2.112, 0 failed
progress: 55.0 s, 64847.5 tps, lat 1.973 ms stddev 2.105, 0 failed
progress: 56.0 s, 65880.2 tps, lat 1.943 ms stddev 2.049, 0 failed
progress: 57.0 s, 63913.1 tps, lat 2.003 ms stddev 2.154, 0 failed
progress: 58.0 s, 64088.1 tps, lat 1.997 ms stddev 2.138, 0 failed
progress: 59.0 s, 64541.1 tps, lat 1.983 ms stddev 2.116, 0 failed
transaction type: star-1-left.sql
scaling factor: 1
query mode: prepared
number of clients: 128
number of threads: 128
maximum number of tries: 1
duration: 60 s
number of transactions actually processed: 3883557
number of failed transactions: 0 (0.000%)
latency average = 1.975 ms
latency stddev = 2.152 ms
initial connection time = 79.368 ms
tps = 64786.997708 (without initial connection time)
