pgbench (18devel, server 9.2.24)
progress: 1.0 s, 60164.7 tps, lat 1.045 ms stddev 2.258, 0 failed
progress: 2.0 s, 66650.2 tps, lat 0.960 ms stddev 0.929, 0 failed
progress: 3.0 s, 66620.1 tps, lat 0.960 ms stddev 0.935, 0 failed
progress: 4.0 s, 67540.8 tps, lat 0.948 ms stddev 0.912, 0 failed
progress: 5.0 s, 67053.3 tps, lat 0.954 ms stddev 0.931, 0 failed
progress: 6.0 s, 66521.1 tps, lat 0.962 ms stddev 0.943, 0 failed
progress: 7.0 s, 66694.5 tps, lat 0.959 ms stddev 0.934, 0 failed
progress: 8.0 s, 67618.3 tps, lat 0.947 ms stddev 0.912, 0 failed
progress: 9.0 s, 66912.7 tps, lat 0.956 ms stddev 0.932, 0 failed
progress: 10.0 s, 67064.3 tps, lat 0.954 ms stddev 0.930, 0 failed
progress: 11.0 s, 66560.1 tps, lat 0.961 ms stddev 0.938, 0 failed
progress: 12.0 s, 67734.9 tps, lat 0.944 ms stddev 0.911, 0 failed
progress: 13.0 s, 67088.0 tps, lat 0.954 ms stddev 0.930, 0 failed
progress: 14.0 s, 66450.1 tps, lat 0.963 ms stddev 0.941, 0 failed
progress: 15.0 s, 66485.0 tps, lat 0.963 ms stddev 0.941, 0 failed
progress: 16.0 s, 67472.4 tps, lat 0.948 ms stddev 0.919, 0 failed
progress: 17.0 s, 66597.6 tps, lat 0.960 ms stddev 0.944, 0 failed
progress: 18.0 s, 66489.2 tps, lat 0.962 ms stddev 0.944, 0 failed
progress: 19.0 s, 66171.5 tps, lat 0.967 ms stddev 0.946, 0 failed
progress: 20.0 s, 67267.1 tps, lat 0.951 ms stddev 0.924, 0 failed
progress: 21.0 s, 66804.1 tps, lat 0.958 ms stddev 0.935, 0 failed
progress: 22.0 s, 66457.9 tps, lat 0.963 ms stddev 0.940, 0 failed
progress: 23.0 s, 65959.1 tps, lat 0.970 ms stddev 0.956, 0 failed
progress: 24.0 s, 67051.0 tps, lat 0.954 ms stddev 0.927, 0 failed
progress: 25.0 s, 66973.0 tps, lat 0.955 ms stddev 0.930, 0 failed
progress: 26.0 s, 66786.1 tps, lat 0.958 ms stddev 0.931, 0 failed
progress: 27.0 s, 66452.0 tps, lat 0.963 ms stddev 0.948, 0 failed
progress: 28.0 s, 67323.0 tps, lat 0.950 ms stddev 0.924, 0 failed
progress: 29.0 s, 67583.8 tps, lat 0.947 ms stddev 0.917, 0 failed
progress: 30.0 s, 66476.3 tps, lat 0.962 ms stddev 0.948, 0 failed
progress: 31.0 s, 66254.0 tps, lat 0.966 ms stddev 0.950, 0 failed
progress: 32.0 s, 67547.8 tps, lat 0.947 ms stddev 0.919, 0 failed
progress: 33.0 s, 67544.9 tps, lat 0.947 ms stddev 0.920, 0 failed
progress: 34.0 s, 66331.3 tps, lat 0.965 ms stddev 0.950, 0 failed
progress: 35.0 s, 66776.8 tps, lat 0.958 ms stddev 0.942, 0 failed
progress: 36.0 s, 67064.2 tps, lat 0.954 ms stddev 0.930, 0 failed
progress: 37.0 s, 67100.9 tps, lat 0.953 ms stddev 0.934, 0 failed
progress: 38.0 s, 66106.2 tps, lat 0.968 ms stddev 0.956, 0 failed
progress: 39.0 s, 66755.9 tps, lat 0.959 ms stddev 0.948, 0 failed
progress: 40.0 s, 67717.0 tps, lat 0.945 ms stddev 0.914, 0 failed
progress: 41.0 s, 66706.6 tps, lat 0.959 ms stddev 0.942, 0 failed
progress: 42.0 s, 66039.1 tps, lat 0.969 ms stddev 0.957, 0 failed
progress: 43.0 s, 66141.3 tps, lat 0.967 ms stddev 0.955, 0 failed
progress: 44.0 s, 67493.9 tps, lat 0.948 ms stddev 0.917, 0 failed
progress: 45.0 s, 66672.3 tps, lat 0.960 ms stddev 0.942, 0 failed
progress: 46.0 s, 65671.7 tps, lat 0.974 ms stddev 0.961, 0 failed
progress: 47.0 s, 66724.0 tps, lat 0.959 ms stddev 0.943, 0 failed
progress: 48.0 s, 67651.1 tps, lat 0.946 ms stddev 0.922, 0 failed
progress: 49.0 s, 67179.8 tps, lat 0.952 ms stddev 0.932, 0 failed
progress: 50.0 s, 66261.1 tps, lat 0.965 ms stddev 0.948, 0 failed
progress: 51.0 s, 66940.1 tps, lat 0.956 ms stddev 0.938, 0 failed
progress: 52.0 s, 68047.7 tps, lat 0.940 ms stddev 0.916, 0 failed
progress: 53.0 s, 66081.9 tps, lat 0.968 ms stddev 0.948, 0 failed
progress: 54.0 s, 66359.3 tps, lat 0.964 ms stddev 0.947, 0 failed
progress: 55.0 s, 66931.8 tps, lat 0.956 ms stddev 0.936, 0 failed
progress: 56.0 s, 67163.8 tps, lat 0.953 ms stddev 0.927, 0 failed
progress: 57.0 s, 67291.5 tps, lat 0.951 ms stddev 0.925, 0 failed
progress: 58.0 s, 66473.0 tps, lat 0.962 ms stddev 0.947, 0 failed
progress: 59.0 s, 67011.9 tps, lat 0.955 ms stddev 0.934, 0 failed
transaction type: star-1-left.sql
scaling factor: 1
query mode: prepared
number of clients: 64
number of threads: 64
maximum number of tries: 1
duration: 60 s
number of transactions actually processed: 4002465
number of failed transactions: 0 (0.000%)
latency average = 0.959 ms
latency stddev = 0.969 ms
initial connection time = 41.688 ms
tps = 66749.494021 (without initial connection time)
