pgbench (18devel, server 9.2.24)
progress: 1.0 s, 11400.3 tps, lat 2.776 ms stddev 0.890, 0 failed
progress: 2.0 s, 11880.0 tps, lat 2.694 ms stddev 0.118, 0 failed
progress: 3.0 s, 11887.0 tps, lat 2.691 ms stddev 0.113, 0 failed
progress: 4.0 s, 11874.1 tps, lat 2.695 ms stddev 0.187, 0 failed
progress: 5.0 s, 11913.6 tps, lat 2.685 ms stddev 0.112, 0 failed
progress: 6.0 s, 11925.4 tps, lat 2.683 ms stddev 0.110, 0 failed
progress: 7.0 s, 11924.0 tps, lat 2.683 ms stddev 0.110, 0 failed
progress: 8.0 s, 11843.7 tps, lat 2.702 ms stddev 0.238, 0 failed
progress: 9.0 s, 11871.0 tps, lat 2.694 ms stddev 0.215, 0 failed
progress: 10.0 s, 11950.0 tps, lat 2.678 ms stddev 0.111, 0 failed
progress: 11.0 s, 11939.0 tps, lat 2.680 ms stddev 0.113, 0 failed
progress: 12.0 s, 11941.0 tps, lat 2.679 ms stddev 0.115, 0 failed
progress: 13.0 s, 11923.9 tps, lat 2.684 ms stddev 0.119, 0 failed
progress: 14.0 s, 11869.1 tps, lat 2.695 ms stddev 0.190, 0 failed
progress: 15.0 s, 11822.4 tps, lat 2.707 ms stddev 0.252, 0 failed
progress: 16.0 s, 11916.0 tps, lat 2.684 ms stddev 0.117, 0 failed
progress: 17.0 s, 11935.0 tps, lat 2.681 ms stddev 0.114, 0 failed
progress: 18.0 s, 11922.9 tps, lat 2.683 ms stddev 0.118, 0 failed
progress: 19.0 s, 11926.5 tps, lat 2.682 ms stddev 0.119, 0 failed
progress: 20.0 s, 11847.2 tps, lat 2.700 ms stddev 0.223, 0 failed
progress: 21.0 s, 11936.4 tps, lat 2.682 ms stddev 0.119, 0 failed
progress: 22.0 s, 11927.6 tps, lat 2.682 ms stddev 0.118, 0 failed
progress: 23.0 s, 11946.0 tps, lat 2.677 ms stddev 0.113, 0 failed
progress: 24.0 s, 11863.0 tps, lat 2.697 ms stddev 0.230, 0 failed
progress: 25.0 s, 11919.0 tps, lat 2.684 ms stddev 0.171, 0 failed
progress: 26.0 s, 11969.3 tps, lat 2.673 ms stddev 0.111, 0 failed
progress: 27.0 s, 11894.7 tps, lat 2.690 ms stddev 0.201, 0 failed
progress: 28.0 s, 11950.4 tps, lat 2.678 ms stddev 0.115, 0 failed
progress: 29.0 s, 11948.0 tps, lat 2.677 ms stddev 0.113, 0 failed
progress: 30.0 s, 11954.6 tps, lat 2.677 ms stddev 0.114, 0 failed
progress: 31.0 s, 11885.4 tps, lat 2.692 ms stddev 0.195, 0 failed
progress: 32.0 s, 11933.6 tps, lat 2.680 ms stddev 0.116, 0 failed
progress: 33.0 s, 11928.0 tps, lat 2.683 ms stddev 0.120, 0 failed
progress: 34.0 s, 11865.3 tps, lat 2.697 ms stddev 0.200, 0 failed
progress: 35.0 s, 11898.0 tps, lat 2.689 ms stddev 0.172, 0 failed
progress: 36.0 s, 11877.7 tps, lat 2.693 ms stddev 0.194, 0 failed
progress: 37.0 s, 11891.4 tps, lat 2.691 ms stddev 0.193, 0 failed
progress: 38.0 s, 11941.0 tps, lat 2.678 ms stddev 0.111, 0 failed
progress: 39.0 s, 11943.1 tps, lat 2.680 ms stddev 0.117, 0 failed
progress: 40.0 s, 11917.6 tps, lat 2.684 ms stddev 0.121, 0 failed
progress: 41.0 s, 11896.4 tps, lat 2.690 ms stddev 0.180, 0 failed
progress: 42.0 s, 11921.0 tps, lat 2.684 ms stddev 0.119, 0 failed
progress: 43.0 s, 11920.3 tps, lat 2.684 ms stddev 0.119, 0 failed
progress: 44.0 s, 11915.6 tps, lat 2.684 ms stddev 0.121, 0 failed
progress: 45.0 s, 11923.6 tps, lat 2.683 ms stddev 0.121, 0 failed
progress: 46.0 s, 11918.4 tps, lat 2.684 ms stddev 0.119, 0 failed
progress: 47.0 s, 11931.0 tps, lat 2.682 ms stddev 0.116, 0 failed
progress: 48.0 s, 11947.0 tps, lat 2.678 ms stddev 0.113, 0 failed
progress: 49.0 s, 11934.0 tps, lat 2.680 ms stddev 0.115, 0 failed
progress: 50.0 s, 11939.0 tps, lat 2.680 ms stddev 0.117, 0 failed
progress: 51.0 s, 11912.0 tps, lat 2.687 ms stddev 0.190, 0 failed
progress: 52.0 s, 11891.0 tps, lat 2.690 ms stddev 0.193, 0 failed
progress: 53.0 s, 11958.0 tps, lat 2.676 ms stddev 0.110, 0 failed
progress: 54.0 s, 11956.1 tps, lat 2.676 ms stddev 0.111, 0 failed
progress: 55.0 s, 11958.0 tps, lat 2.676 ms stddev 0.111, 0 failed
progress: 56.0 s, 11951.0 tps, lat 2.677 ms stddev 0.113, 0 failed
progress: 57.0 s, 11904.5 tps, lat 2.688 ms stddev 0.191, 0 failed
progress: 58.0 s, 11926.5 tps, lat 2.682 ms stddev 0.117, 0 failed
progress: 59.0 s, 11954.0 tps, lat 2.677 ms stddev 0.114, 0 failed
transaction type: star-1-left.sql
scaling factor: 1
query mode: simple
number of clients: 32
number of threads: 32
maximum number of tries: 1
duration: 60 s
number of transactions actually processed: 714365
number of failed transactions: 0 (0.000%)
latency average = 2.686 ms
latency stddev = 0.185 ms
initial connection time = 22.890 ms
tps = 11910.079562 (without initial connection time)
