pgbench (18devel, server 9.2.24)
progress: 1.0 s, 14933.1 tps, lat 4.205 ms stddev 3.158, 0 failed
progress: 2.0 s, 15321.0 tps, lat 4.176 ms stddev 1.166, 0 failed
progress: 3.0 s, 15401.0 tps, lat 4.155 ms stddev 1.171, 0 failed
progress: 4.0 s, 15385.0 tps, lat 4.161 ms stddev 1.167, 0 failed
progress: 5.0 s, 15373.9 tps, lat 4.162 ms stddev 1.166, 0 failed
progress: 6.0 s, 15432.1 tps, lat 4.145 ms stddev 1.165, 0 failed
progress: 7.0 s, 15378.0 tps, lat 4.162 ms stddev 1.153, 0 failed
progress: 8.0 s, 15474.0 tps, lat 4.135 ms stddev 1.165, 0 failed
progress: 9.0 s, 15365.1 tps, lat 4.167 ms stddev 1.168, 0 failed
progress: 10.0 s, 15275.0 tps, lat 4.191 ms stddev 1.152, 0 failed
progress: 11.0 s, 15443.0 tps, lat 4.143 ms stddev 1.166, 0 failed
progress: 12.0 s, 15305.5 tps, lat 4.180 ms stddev 1.163, 0 failed
progress: 13.0 s, 15441.4 tps, lat 4.144 ms stddev 1.167, 0 failed
progress: 14.0 s, 15327.0 tps, lat 4.176 ms stddev 1.159, 0 failed
progress: 15.0 s, 15518.9 tps, lat 4.122 ms stddev 1.175, 0 failed
progress: 16.0 s, 15316.0 tps, lat 4.178 ms stddev 1.160, 0 failed
progress: 17.0 s, 15418.0 tps, lat 4.152 ms stddev 1.169, 0 failed
progress: 18.0 s, 15411.1 tps, lat 4.153 ms stddev 1.169, 0 failed
progress: 19.0 s, 15213.9 tps, lat 4.205 ms stddev 1.159, 0 failed
progress: 20.0 s, 15332.1 tps, lat 4.174 ms stddev 1.170, 0 failed
progress: 21.0 s, 15443.0 tps, lat 4.143 ms stddev 1.171, 0 failed
progress: 22.0 s, 15321.1 tps, lat 4.179 ms stddev 1.168, 0 failed
progress: 23.0 s, 15332.4 tps, lat 4.174 ms stddev 1.162, 0 failed
progress: 24.0 s, 15320.5 tps, lat 4.176 ms stddev 1.161, 0 failed
progress: 25.0 s, 15306.0 tps, lat 4.181 ms stddev 1.169, 0 failed
progress: 26.0 s, 15230.0 tps, lat 4.200 ms stddev 1.155, 0 failed
progress: 27.0 s, 15455.0 tps, lat 4.142 ms stddev 1.173, 0 failed
progress: 28.0 s, 15352.0 tps, lat 4.169 ms stddev 1.161, 0 failed
progress: 29.0 s, 15359.9 tps, lat 4.166 ms stddev 1.172, 0 failed
progress: 30.0 s, 15701.0 tps, lat 4.076 ms stddev 1.183, 0 failed
progress: 31.0 s, 15395.0 tps, lat 4.154 ms stddev 1.164, 0 failed
progress: 32.0 s, 15251.0 tps, lat 4.198 ms stddev 1.147, 0 failed
progress: 33.0 s, 15415.9 tps, lat 4.149 ms stddev 1.182, 0 failed
progress: 34.0 s, 15384.0 tps, lat 4.161 ms stddev 1.171, 0 failed
progress: 35.0 s, 15460.9 tps, lat 4.141 ms stddev 1.178, 0 failed
progress: 36.0 s, 15319.1 tps, lat 4.177 ms stddev 1.162, 0 failed
progress: 37.0 s, 15267.1 tps, lat 4.192 ms stddev 1.155, 0 failed
progress: 38.0 s, 15421.9 tps, lat 4.150 ms stddev 1.174, 0 failed
progress: 39.0 s, 15390.9 tps, lat 4.158 ms stddev 1.167, 0 failed
progress: 40.0 s, 15324.0 tps, lat 4.175 ms stddev 1.161, 0 failed
progress: 41.0 s, 15279.0 tps, lat 4.188 ms stddev 1.163, 0 failed
progress: 42.0 s, 15277.0 tps, lat 4.189 ms stddev 1.160, 0 failed
progress: 43.0 s, 15393.9 tps, lat 4.156 ms stddev 1.174, 0 failed
progress: 44.0 s, 15459.1 tps, lat 4.140 ms stddev 1.177, 0 failed
progress: 45.0 s, 15383.9 tps, lat 4.158 ms stddev 1.179, 0 failed
progress: 46.0 s, 15169.1 tps, lat 4.218 ms stddev 1.145, 0 failed
progress: 47.0 s, 15356.0 tps, lat 4.168 ms stddev 1.163, 0 failed
progress: 48.0 s, 15249.1 tps, lat 4.198 ms stddev 1.153, 0 failed
progress: 49.0 s, 15279.9 tps, lat 4.186 ms stddev 1.160, 0 failed
progress: 50.0 s, 15357.0 tps, lat 4.168 ms stddev 1.171, 0 failed
progress: 51.0 s, 15351.0 tps, lat 4.171 ms stddev 1.172, 0 failed
progress: 52.0 s, 15150.1 tps, lat 4.220 ms stddev 1.150, 0 failed
progress: 53.0 s, 15280.0 tps, lat 4.189 ms stddev 1.157, 0 failed
progress: 54.0 s, 15442.8 tps, lat 4.145 ms stddev 1.174, 0 failed
progress: 55.0 s, 15337.2 tps, lat 4.172 ms stddev 1.159, 0 failed
progress: 56.0 s, 15391.9 tps, lat 4.157 ms stddev 1.167, 0 failed
progress: 57.0 s, 15464.0 tps, lat 4.139 ms stddev 1.176, 0 failed
progress: 58.0 s, 15388.1 tps, lat 4.158 ms stddev 1.172, 0 failed
progress: 59.0 s, 15257.9 tps, lat 4.198 ms stddev 1.158, 0 failed
transaction type: star-1-left.sql
scaling factor: 1
query mode: simple
number of clients: 64
number of threads: 64
maximum number of tries: 1
duration: 60 s
number of transactions actually processed: 920794
number of failed transactions: 0 (0.000%)
latency average = 4.167 ms
latency stddev = 1.224 ms
initial connection time = 42.725 ms
tps = 15355.856960 (without initial connection time)
