pgbench (18devel, server 16.4)
progress: 1.0 s, 180202.8 tps, lat 0.175 ms stddev 0.727, 0 failed
progress: 2.0 s, 212923.4 tps, lat 0.150 ms stddev 0.019, 0 failed
progress: 3.0 s, 213194.6 tps, lat 0.150 ms stddev 0.020, 0 failed
progress: 4.0 s, 213714.6 tps, lat 0.150 ms stddev 0.018, 0 failed
progress: 5.0 s, 211912.6 tps, lat 0.151 ms stddev 0.020, 0 failed
progress: 6.0 s, 211489.9 tps, lat 0.151 ms stddev 0.020, 0 failed
progress: 7.0 s, 211131.8 tps, lat 0.151 ms stddev 0.019, 0 failed
progress: 8.0 s, 214876.2 tps, lat 0.149 ms stddev 0.018, 0 failed
progress: 9.0 s, 214612.0 tps, lat 0.149 ms stddev 0.015, 0 failed
progress: 10.0 s, 216363.0 tps, lat 0.148 ms stddev 0.017, 0 failed
progress: 11.0 s, 212578.0 tps, lat 0.150 ms stddev 0.022, 0 failed
progress: 12.0 s, 213902.1 tps, lat 0.149 ms stddev 0.016, 0 failed
progress: 13.0 s, 213573.1 tps, lat 0.150 ms stddev 0.016, 0 failed
progress: 14.0 s, 213160.8 tps, lat 0.150 ms stddev 0.018, 0 failed
progress: 15.0 s, 214426.1 tps, lat 0.149 ms stddev 0.017, 0 failed
progress: 16.0 s, 213832.3 tps, lat 0.149 ms stddev 0.016, 0 failed
progress: 17.0 s, 216116.9 tps, lat 0.148 ms stddev 0.020, 0 failed
progress: 18.0 s, 213193.5 tps, lat 0.150 ms stddev 0.018, 0 failed
progress: 19.0 s, 212610.9 tps, lat 0.150 ms stddev 0.016, 0 failed
progress: 20.0 s, 215110.0 tps, lat 0.149 ms stddev 0.016, 0 failed
progress: 21.0 s, 216417.8 tps, lat 0.148 ms stddev 0.012, 0 failed
progress: 22.0 s, 217807.2 tps, lat 0.147 ms stddev 0.012, 0 failed
progress: 23.0 s, 214812.0 tps, lat 0.149 ms stddev 0.014, 0 failed
progress: 24.0 s, 214903.4 tps, lat 0.149 ms stddev 0.016, 0 failed
progress: 25.0 s, 215301.0 tps, lat 0.148 ms stddev 0.017, 0 failed
progress: 26.0 s, 213919.7 tps, lat 0.149 ms stddev 0.017, 0 failed
progress: 27.0 s, 214715.7 tps, lat 0.149 ms stddev 0.018, 0 failed
progress: 28.0 s, 215878.3 tps, lat 0.148 ms stddev 0.016, 0 failed
progress: 29.0 s, 215525.8 tps, lat 0.148 ms stddev 0.021, 0 failed
progress: 30.0 s, 215032.4 tps, lat 0.149 ms stddev 0.015, 0 failed
progress: 31.0 s, 216408.4 tps, lat 0.148 ms stddev 0.014, 0 failed
progress: 32.0 s, 213967.4 tps, lat 0.149 ms stddev 0.018, 0 failed
progress: 33.0 s, 216917.8 tps, lat 0.147 ms stddev 0.015, 0 failed
progress: 34.0 s, 216403.2 tps, lat 0.148 ms stddev 0.016, 0 failed
progress: 35.0 s, 216652.7 tps, lat 0.148 ms stddev 0.016, 0 failed
progress: 36.0 s, 214802.0 tps, lat 0.149 ms stddev 0.018, 0 failed
progress: 37.0 s, 217344.0 tps, lat 0.147 ms stddev 0.014, 0 failed
progress: 38.0 s, 218577.9 tps, lat 0.146 ms stddev 0.015, 0 failed
progress: 39.0 s, 217085.4 tps, lat 0.147 ms stddev 0.014, 0 failed
progress: 40.0 s, 215684.2 tps, lat 0.148 ms stddev 0.015, 0 failed
progress: 41.0 s, 215632.0 tps, lat 0.148 ms stddev 0.017, 0 failed
progress: 42.0 s, 214466.8 tps, lat 0.149 ms stddev 0.018, 0 failed
progress: 43.0 s, 217381.6 tps, lat 0.147 ms stddev 0.015, 0 failed
progress: 44.0 s, 214846.4 tps, lat 0.149 ms stddev 0.017, 0 failed
progress: 45.0 s, 217552.8 tps, lat 0.147 ms stddev 0.014, 0 failed
progress: 46.0 s, 216435.8 tps, lat 0.148 ms stddev 0.016, 0 failed
progress: 47.0 s, 214450.7 tps, lat 0.149 ms stddev 0.016, 0 failed
progress: 48.0 s, 217366.3 tps, lat 0.147 ms stddev 0.014, 0 failed
progress: 49.0 s, 215606.9 tps, lat 0.148 ms stddev 0.014, 0 failed
progress: 50.0 s, 215618.2 tps, lat 0.148 ms stddev 0.015, 0 failed
progress: 51.0 s, 214001.0 tps, lat 0.149 ms stddev 0.026, 0 failed
progress: 52.0 s, 214345.1 tps, lat 0.149 ms stddev 0.013, 0 failed
progress: 53.0 s, 215243.1 tps, lat 0.148 ms stddev 0.016, 0 failed
progress: 54.0 s, 214686.6 tps, lat 0.149 ms stddev 0.016, 0 failed
progress: 55.0 s, 214516.6 tps, lat 0.149 ms stddev 0.014, 0 failed
progress: 56.0 s, 213762.6 tps, lat 0.150 ms stddev 0.016, 0 failed
progress: 57.0 s, 214841.3 tps, lat 0.149 ms stddev 0.015, 0 failed
progress: 58.0 s, 215398.4 tps, lat 0.148 ms stddev 0.015, 0 failed
progress: 59.0 s, 215554.4 tps, lat 0.148 ms stddev 0.014, 0 failed
transaction type: star-1.sql
scaling factor: 1
query mode: prepared
number of clients: 32
number of threads: 32
maximum number of tries: 1
duration: 60 s
number of transactions actually processed: 12861018
number of failed transactions: 0 (0.000%)
latency average = 0.149 ms
latency stddev = 0.088 ms
initial connection time = 23.433 ms
tps = 214431.562414 (without initial connection time)
