set max_parallel_maintenance_workers = 0;
ERROR:  unrecognized configuration parameter "max_parallel_maintenance_workers"
set max_parallel_workers_per_gather = 0;
ERROR:  unrecognized configuration parameter "max_parallel_workers_per_gather"
set maintenance_work_mem = 262144;
SET
Timing is on.
Timing is on.
BEGIN;
BEGIN
Time: 0.118 ms
CREATE TABLE PART (
	P_PARTKEY		SERIAL,
	P_NAME			VARCHAR(55),
	P_MFGR			CHAR(25),
	P_BRAND			CHAR(10),
	P_TYPE			VARCHAR(25),
	P_SIZE			INTEGER,
	P_CONTAINER		CHAR(10),
	P_RETAILPRICE	DECIMAL,
	P_COMMENT		VARCHAR(23)
);
psql:load-10.sql:16: NOTICE:  CREATE TABLE will create implicit sequence "part_p_partkey_seq" for serial column "part.p_partkey"
CREATE TABLE
Time: 3.639 ms
CREATE TABLE SUPPLIER (
	S_SUPPKEY		SERIAL,
	S_NAME			CHAR(25),
	S_ADDRESS		VARCHAR(40),
	S_NATIONKEY		INTEGER NOT NULL, -- references N_NATIONKEY
	S_PHONE			CHAR(15),
	S_ACCTBAL		DECIMAL,
	S_COMMENT		VARCHAR(101)
);
psql:load-10.sql:26: NOTICE:  CREATE TABLE will create implicit sequence "supplier_s_suppkey_seq" for serial column "supplier.s_suppkey"
CREATE TABLE
Time: 1.735 ms
CREATE TABLE PARTSUPP (
	PS_PARTKEY		INTEGER NOT NULL, -- references P_PARTKEY
	PS_SUPPKEY		INTEGER NOT NULL, -- references S_SUPPKEY
	PS_AVAILQTY		INTEGER,
	PS_SUPPLYCOST	DECIMAL,
	PS_COMMENT		VARCHAR(199)
);
CREATE TABLE
Time: 1.352 ms
CREATE TABLE CUSTOMER (
	C_CUSTKEY		SERIAL,
	C_NAME			VARCHAR(25),
	C_ADDRESS		VARCHAR(40),
	C_NATIONKEY		INTEGER NOT NULL, -- references N_NATIONKEY
	C_PHONE			CHAR(15),
	C_ACCTBAL		DECIMAL,
	C_MKTSEGMENT	CHAR(10),
	C_COMMENT		VARCHAR(117)
);
psql:load-10.sql:45: NOTICE:  CREATE TABLE will create implicit sequence "customer_c_custkey_seq" for serial column "customer.c_custkey"
CREATE TABLE
Time: 1.846 ms
CREATE TABLE ORDERS (
	O_ORDERKEY		SERIAL,
	O_CUSTKEY		INTEGER NOT NULL, -- references C_CUSTKEY
	O_ORDERSTATUS	CHAR(1),
	O_TOTALPRICE	DECIMAL,
	O_ORDERDATE		DATE,
	O_ORDERPRIORITY	CHAR(15),
	O_CLERK			CHAR(15),
	O_SHIPPRIORITY	INTEGER,
	O_COMMENT		VARCHAR(79)
);
psql:load-10.sql:57: NOTICE:  CREATE TABLE will create implicit sequence "orders_o_orderkey_seq" for serial column "orders.o_orderkey"
CREATE TABLE
Time: 1.717 ms
CREATE TABLE LINEITEM (
	L_ORDERKEY		INTEGER NOT NULL, -- references O_ORDERKEY
	L_PARTKEY		INTEGER NOT NULL, -- references P_PARTKEY (compound fk to PARTSUPP)
	L_SUPPKEY		INTEGER NOT NULL, -- references S_SUPPKEY (compound fk to PARTSUPP)
	L_LINENUMBER	INTEGER,
	L_QUANTITY		DECIMAL,
	L_EXTENDEDPRICE	DECIMAL,
	L_DISCOUNT		DECIMAL,
	L_TAX			DECIMAL,
	L_RETURNFLAG	CHAR(1),
	L_LINESTATUS	CHAR(1),
	L_SHIPDATE		DATE,
	L_COMMITDATE	DATE,
	L_RECEIPTDATE	DATE,
	L_SHIPINSTRUCT	CHAR(25),
	L_SHIPMODE		CHAR(10),
	L_COMMENT		VARCHAR(44)
);
CREATE TABLE
Time: 1.392 ms
CREATE TABLE NATION (
	N_NATIONKEY		SERIAL,
	N_NAME			CHAR(25),
	N_REGIONKEY		INTEGER NOT NULL,  -- references R_REGIONKEY
	N_COMMENT		VARCHAR(152)
);
psql:load-10.sql:83: NOTICE:  CREATE TABLE will create implicit sequence "nation_n_nationkey_seq" for serial column "nation.n_nationkey"
CREATE TABLE
Time: 0.642 ms
CREATE TABLE REGION (
	R_REGIONKEY	SERIAL,
	R_NAME		CHAR(25),
	R_COMMENT	VARCHAR(152)
);
psql:load-10.sql:89: NOTICE:  CREATE TABLE will create implicit sequence "region_r_regionkey_seq" for serial column "region.r_regionkey"
CREATE TABLE
Time: 0.628 ms
COPY part FROM '/mnt/data/tpch/10/part.csv' WITH (FORMAT csv, DELIMITER '|');
COPY 2000000
Time: 4254.726 ms (00:04.255)
COPY region FROM '/mnt/data/tpch/10/region.csv' WITH (FORMAT csv, DELIMITER '|');
COPY 5
Time: 3.781 ms
COPY nation FROM '/mnt/data/tpch/10/nation.csv' WITH (FORMAT csv, DELIMITER '|');
COPY 25
Time: 3.760 ms
COPY supplier FROM '/mnt/data/tpch/10/supplier.csv' WITH (FORMAT csv, DELIMITER '|');
COPY 100000
Time: 234.078 ms
COPY customer FROM '/mnt/data/tpch/10/customer.csv' WITH (FORMAT csv, DELIMITER '|');
COPY 1500000
Time: 3582.535 ms (00:03.583)
COPY partsupp FROM '/mnt/data/tpch/10/partsupp.csv' WITH (FORMAT csv, DELIMITER '|');
COPY 8000000
Time: 16264.364 ms (00:16.264)
COPY orders FROM '/mnt/data/tpch/10/orders.csv' WITH (FORMAT csv, DELIMITER '|');
COPY 15000000
Time: 35370.598 ms (00:35.371)
COPY lineitem FROM '/mnt/data/tpch/10/lineitem.csv' WITH (FORMAT csv, DELIMITER '|');
COPY 59986052
Time: 196450.223 ms (03:16.450)
ALTER TABLE lineitem ALTER l_orderkey SET (n_distinct = -0.25);
ALTER TABLE
Time: 0.259 ms
COMMIT;
COMMIT
Time: 0.695 ms
VACUUM ANALYZE;
VACUUM
Time: 24176.137 ms (00:24.176)
ALTER TABLE PART ADD PRIMARY KEY (P_PARTKEY);
psql:load-10.sql:130: NOTICE:  ALTER TABLE / ADD PRIMARY KEY will create implicit index "part_pkey" for table "part"
ALTER TABLE
Time: 817.733 ms
ALTER TABLE SUPPLIER ADD PRIMARY KEY (S_SUPPKEY);
psql:load-10.sql:131: NOTICE:  ALTER TABLE / ADD PRIMARY KEY will create implicit index "supplier_pkey" for table "supplier"
ALTER TABLE
Time: 28.036 ms
ALTER TABLE PARTSUPP ADD PRIMARY KEY (PS_PARTKEY, PS_SUPPKEY);
psql:load-10.sql:132: NOTICE:  ALTER TABLE / ADD PRIMARY KEY will create implicit index "partsupp_pkey" for table "partsupp"
ALTER TABLE
Time: 6559.900 ms (00:06.560)
ALTER TABLE CUSTOMER ADD PRIMARY KEY (C_CUSTKEY);
psql:load-10.sql:133: NOTICE:  ALTER TABLE / ADD PRIMARY KEY will create implicit index "customer_pkey" for table "customer"
ALTER TABLE
Time: 573.333 ms
ALTER TABLE ORDERS ADD PRIMARY KEY (O_ORDERKEY);
psql:load-10.sql:134: NOTICE:  ALTER TABLE / ADD PRIMARY KEY will create implicit index "orders_pkey" for table "orders"
ALTER TABLE
Time: 11321.986 ms (00:11.322)
ALTER TABLE LINEITEM ADD PRIMARY KEY (L_ORDERKEY, L_LINENUMBER);
psql:load-10.sql:135: NOTICE:  ALTER TABLE / ADD PRIMARY KEY will create implicit index "lineitem_pkey" for table "lineitem"
ALTER TABLE
Time: 55411.164 ms (00:55.411)
ALTER TABLE NATION ADD PRIMARY KEY (N_NATIONKEY);
psql:load-10.sql:136: NOTICE:  ALTER TABLE / ADD PRIMARY KEY will create implicit index "nation_pkey" for table "nation"
ALTER TABLE
Time: 2.528 ms
ALTER TABLE REGION ADD PRIMARY KEY (R_REGIONKEY);
psql:load-10.sql:137: NOTICE:  ALTER TABLE / ADD PRIMARY KEY will create implicit index "region_pkey" for table "region"
ALTER TABLE
Time: 1.921 ms
CREATE INDEX IDX_SUPPLIER_NATION_KEY ON SUPPLIER (S_NATIONKEY);
CREATE INDEX
Time: 56.495 ms
CREATE INDEX IDX_PARTSUPP_PARTKEY ON PARTSUPP (PS_PARTKEY);
CREATE INDEX
Time: 6600.199 ms (00:06.600)
CREATE INDEX IDX_PARTSUPP_SUPPKEY ON PARTSUPP (PS_SUPPKEY);
CREATE INDEX
Time: 9605.428 ms (00:09.605)
CREATE INDEX IDX_CUSTOMER_NATIONKEY ON CUSTOMER (C_NATIONKEY);
CREATE INDEX
Time: 1115.612 ms (00:01.116)
CREATE INDEX IDX_ORDERS_CUSTKEY ON ORDERS (O_CUSTKEY);
CREATE INDEX
Time: 22108.362 ms (00:22.108)
CREATE INDEX IDX_LINEITEM_ORDERKEY ON LINEITEM (L_ORDERKEY);
CREATE INDEX
Time: 49748.125 ms (00:49.748)
CREATE INDEX IDX_LINEITEM_PART_SUPP ON LINEITEM (L_PARTKEY,L_SUPPKEY);
CREATE INDEX
Time: 101593.465 ms (01:41.593)
CREATE INDEX IDX_NATION_REGIONKEY ON NATION (N_REGIONKEY);
CREATE INDEX
Time: 2.632 ms
CREATE INDEX IDX_LINEITEM_SHIPDATE ON LINEITEM (L_SHIPDATE, L_DISCOUNT, L_QUANTITY);
CREATE INDEX
Time: 222166.662 ms (03:42.167)
CREATE INDEX IDX_ORDERS_ORDERDATE ON ORDERS (O_ORDERDATE);
CREATE INDEX
Time: 24042.602 ms (00:24.043)
VACUUM FREEZE;
VACUUM
Time: 168447.453 ms (02:48.447)
VACUUM ANALYZE;
VACUUM
Time: 17204.256 ms (00:17.204)
set max_parallel_maintenance_workers = 0;
ERROR:  unrecognized configuration parameter "max_parallel_maintenance_workers"
set max_parallel_workers_per_gather = 0;
ERROR:  unrecognized configuration parameter "max_parallel_workers_per_gather"
set maintenance_work_mem = 262144;
SET
Timing is on.
CREATE INDEX q2_idx_1 ON part (p_partkey, p_size, p_type, p_mfgr);
CREATE INDEX
Time: 1114.416 ms (00:01.114)
CREATE INDEX q2_idx_2 ON partsupp (ps_partkey, ps_suppkey, ps_supplycost);
CREATE INDEX
Time: 7483.098 ms (00:07.483)
CREATE INDEX q2_idx_3 ON supplier (s_suppkey, s_nationkey, s_acctbal, s_address, s_phone, s_comment);
CREATE INDEX
Time: 75.018 ms
CREATE INDEX q4_idx_1 ON lineitem (l_orderkey) WHERE (l_commitdate < l_receiptdate);
CREATE INDEX
Time: 40034.190 ms (00:40.034)
CREATE INDEX q5_idx_1 ON lineitem (l_orderkey, l_suppkey, l_extendedprice, l_discount);
CREATE INDEX
Time: 56151.478 ms (00:56.151)
CREATE INDEX q8_idx_1 ON lineitem (l_partkey, l_orderkey, l_suppkey, l_extendedprice, l_discount);
CREATE INDEX
Time: 107986.191 ms (01:47.986)
CREATE INDEX q9_idx_1 ON lineitem (l_partkey, l_suppkey, l_orderkey, l_extendedprice, l_discount, l_quantity);
CREATE INDEX
Time: 108122.339 ms (01:48.122)
CREATE INDEX q10_idx_1 ON customer (c_custkey, c_nationkey, c_name, c_acctbal, c_phone, c_address, c_comment);
CREATE INDEX
Time: 2153.164 ms (00:02.153)
CREATE INDEX q10_idx_2 ON lineitem (l_orderkey, l_returnflag, l_extendedprice, l_discount);
CREATE INDEX
Time: 73641.519 ms (01:13.642)
CREATE INDEX q12_idx_1 ON lineitem (l_orderkey, l_shipmode, l_receiptdate) WHERE (l_commitdate < l_receiptdate) AND (l_shipdate < l_commitdate);
CREATE INDEX
Time: 20505.083 ms (00:20.505)
CREATE INDEX q14_idx_1 ON lineitem (l_partkey, l_shipdate, l_extendedprice, l_discount);
CREATE INDEX
Time: 102389.246 ms (01:42.389)
CREATE INDEX q17_idx_1 ON lineitem (l_partkey, l_quantity);
CREATE INDEX
Time: 113917.746 ms (01:53.918)
CREATE INDEX q18_idx_1 ON lineitem (l_orderkey, l_quantity);
CREATE INDEX
Time: 56776.123 ms (00:56.776)
CREATE INDEX q19_idx_1 ON lineitem (l_partkey, l_shipmode, l_shipinstruct, l_quantity, l_extendedprice, l_discount);
CREATE INDEX
Time: 171284.726 ms (02:51.285)
CREATE INDEX q20_idx_1 ON partsupp (ps_partkey, ps_suppkey, ps_availqty);
CREATE INDEX
Time: 7317.843 ms (00:07.318)
CREATE INDEX q20_idx_2 ON part (p_partkey, p_name);
CREATE INDEX
Time: 731.903 ms
CREATE INDEX q21_idx_1 ON lineitem (l_orderkey, l_receiptdate, l_suppkey, l_commitdate);
CREATE INDEX
Time: 57318.305 ms (00:57.318)
CREATE INDEX q21_idx_2 ON lineitem (l_orderkey, l_suppkey) WHERE (l_receiptdate > l_commitdate);
CREATE INDEX
Time: 40611.415 ms (00:40.611)
CREATE INDEX q21_idx_3 ON orders (o_orderkey, o_orderstatus);
CREATE INDEX
Time: 12316.595 ms (00:12.317)
ANALYZE;
ANALYZE
Time: 7608.789 ms (00:07.609)
