set max_parallel_maintenance_workers = 0;
ERROR:  unrecognized configuration parameter "max_parallel_maintenance_workers"
set max_parallel_workers_per_gather = 0;
SET
set maintenance_work_mem = 262144;
SET
Timing is on.
Timing is on.
BEGIN;
BEGIN
Time: 0.091 ms
CREATE TABLE PART (
	P_PARTKEY		SERIAL,
	P_NAME			VARCHAR(55),
	P_MFGR			CHAR(25),
	P_BRAND			CHAR(10),
	P_TYPE			VARCHAR(25),
	P_SIZE			INTEGER,
	P_CONTAINER		CHAR(10),
	P_RETAILPRICE	DECIMAL,
	P_COMMENT		VARCHAR(23)
);
CREATE TABLE
Time: 4.462 ms
CREATE TABLE SUPPLIER (
	S_SUPPKEY		SERIAL,
	S_NAME			CHAR(25),
	S_ADDRESS		VARCHAR(40),
	S_NATIONKEY		INTEGER NOT NULL, -- references N_NATIONKEY
	S_PHONE			CHAR(15),
	S_ACCTBAL		DECIMAL,
	S_COMMENT		VARCHAR(101)
);
CREATE TABLE
Time: 2.579 ms
CREATE TABLE PARTSUPP (
	PS_PARTKEY		INTEGER NOT NULL, -- references P_PARTKEY
	PS_SUPPKEY		INTEGER NOT NULL, -- references S_SUPPKEY
	PS_AVAILQTY		INTEGER,
	PS_SUPPLYCOST	DECIMAL,
	PS_COMMENT		VARCHAR(199)
);
CREATE TABLE
Time: 1.950 ms
CREATE TABLE CUSTOMER (
	C_CUSTKEY		SERIAL,
	C_NAME			VARCHAR(25),
	C_ADDRESS		VARCHAR(40),
	C_NATIONKEY		INTEGER NOT NULL, -- references N_NATIONKEY
	C_PHONE			CHAR(15),
	C_ACCTBAL		DECIMAL,
	C_MKTSEGMENT	CHAR(10),
	C_COMMENT		VARCHAR(117)
);
CREATE TABLE
Time: 2.402 ms
CREATE TABLE ORDERS (
	O_ORDERKEY		SERIAL,
	O_CUSTKEY		INTEGER NOT NULL, -- references C_CUSTKEY
	O_ORDERSTATUS	CHAR(1),
	O_TOTALPRICE	DECIMAL,
	O_ORDERDATE		DATE,
	O_ORDERPRIORITY	CHAR(15),
	O_CLERK			CHAR(15),
	O_SHIPPRIORITY	INTEGER,
	O_COMMENT		VARCHAR(79)
);
CREATE TABLE
Time: 2.409 ms
CREATE TABLE LINEITEM (
	L_ORDERKEY		INTEGER NOT NULL, -- references O_ORDERKEY
	L_PARTKEY		INTEGER NOT NULL, -- references P_PARTKEY (compound fk to PARTSUPP)
	L_SUPPKEY		INTEGER NOT NULL, -- references S_SUPPKEY (compound fk to PARTSUPP)
	L_LINENUMBER	INTEGER,
	L_QUANTITY		DECIMAL,
	L_EXTENDEDPRICE	DECIMAL,
	L_DISCOUNT		DECIMAL,
	L_TAX			DECIMAL,
	L_RETURNFLAG	CHAR(1),
	L_LINESTATUS	CHAR(1),
	L_SHIPDATE		DATE,
	L_COMMITDATE	DATE,
	L_RECEIPTDATE	DATE,
	L_SHIPINSTRUCT	CHAR(25),
	L_SHIPMODE		CHAR(10),
	L_COMMENT		VARCHAR(44)
);
CREATE TABLE
Time: 2.018 ms
CREATE TABLE NATION (
	N_NATIONKEY		SERIAL,
	N_NAME			CHAR(25),
	N_REGIONKEY		INTEGER NOT NULL,  -- references R_REGIONKEY
	N_COMMENT		VARCHAR(152)
);
CREATE TABLE
Time: 0.724 ms
CREATE TABLE REGION (
	R_REGIONKEY	SERIAL,
	R_NAME		CHAR(25),
	R_COMMENT	VARCHAR(152)
);
CREATE TABLE
Time: 0.895 ms
COPY part FROM '/mnt/data/tpch/1/part.csv' WITH (FORMAT csv, DELIMITER '|');
COPY 200000
Time: 416.298 ms
COPY region FROM '/mnt/data/tpch/1/region.csv' WITH (FORMAT csv, DELIMITER '|');
COPY 5
Time: 0.555 ms
COPY nation FROM '/mnt/data/tpch/1/nation.csv' WITH (FORMAT csv, DELIMITER '|');
COPY 25
Time: 0.514 ms
COPY supplier FROM '/mnt/data/tpch/1/supplier.csv' WITH (FORMAT csv, DELIMITER '|');
COPY 10000
Time: 20.958 ms
COPY customer FROM '/mnt/data/tpch/1/customer.csv' WITH (FORMAT csv, DELIMITER '|');
COPY 150000
Time: 394.438 ms
COPY partsupp FROM '/mnt/data/tpch/1/partsupp.csv' WITH (FORMAT csv, DELIMITER '|');
COPY 800000
Time: 1738.437 ms (00:01.738)
COPY orders FROM '/mnt/data/tpch/1/orders.csv' WITH (FORMAT csv, DELIMITER '|');
COPY 1500000
Time: 3429.242 ms (00:03.429)
COPY lineitem FROM '/mnt/data/tpch/1/lineitem.csv' WITH (FORMAT csv, DELIMITER '|');
COPY 6001215
Time: 19776.415 ms (00:19.776)
ALTER TABLE lineitem ALTER l_orderkey SET (n_distinct = -0.25);
ALTER TABLE
Time: 0.235 ms
COMMIT;
COMMIT
Time: 6.673 ms
VACUUM ANALYZE;
VACUUM
Time: 2913.746 ms (00:02.914)
ALTER TABLE PART ADD PRIMARY KEY (P_PARTKEY);
ALTER TABLE
Time: 65.546 ms
ALTER TABLE SUPPLIER ADD PRIMARY KEY (S_SUPPKEY);
ALTER TABLE
Time: 5.747 ms
ALTER TABLE PARTSUPP ADD PRIMARY KEY (PS_PARTKEY, PS_SUPPKEY);
ALTER TABLE
Time: 430.087 ms
ALTER TABLE CUSTOMER ADD PRIMARY KEY (C_CUSTKEY);
ALTER TABLE
Time: 49.154 ms
ALTER TABLE ORDERS ADD PRIMARY KEY (O_ORDERKEY);
ALTER TABLE
Time: 561.691 ms
ALTER TABLE LINEITEM ADD PRIMARY KEY (L_ORDERKEY, L_LINENUMBER);
ALTER TABLE
Time: 2951.174 ms (00:02.951)
ALTER TABLE NATION ADD PRIMARY KEY (N_NATIONKEY);
ALTER TABLE
Time: 2.215 ms
ALTER TABLE REGION ADD PRIMARY KEY (R_REGIONKEY);
ALTER TABLE
Time: 1.894 ms
CREATE INDEX IDX_SUPPLIER_NATION_KEY ON SUPPLIER (S_NATIONKEY);
CREATE INDEX
Time: 7.914 ms
CREATE INDEX IDX_PARTSUPP_PARTKEY ON PARTSUPP (PS_PARTKEY);
CREATE INDEX
Time: 230.916 ms
CREATE INDEX IDX_PARTSUPP_SUPPKEY ON PARTSUPP (PS_SUPPKEY);
CREATE INDEX
Time: 470.961 ms
CREATE INDEX IDX_CUSTOMER_NATIONKEY ON CUSTOMER (C_NATIONKEY);
CREATE INDEX
Time: 81.355 ms
CREATE INDEX IDX_ORDERS_CUSTKEY ON ORDERS (O_CUSTKEY);
CREATE INDEX
Time: 875.813 ms
CREATE INDEX IDX_LINEITEM_ORDERKEY ON LINEITEM (L_ORDERKEY);
CREATE INDEX
Time: 2335.169 ms (00:02.335)
CREATE INDEX IDX_LINEITEM_PART_SUPP ON LINEITEM (L_PARTKEY,L_SUPPKEY);
CREATE INDEX
Time: 4680.139 ms (00:04.680)
CREATE INDEX IDX_NATION_REGIONKEY ON NATION (N_REGIONKEY);
CREATE INDEX
Time: 2.041 ms
CREATE INDEX IDX_LINEITEM_SHIPDATE ON LINEITEM (L_SHIPDATE, L_DISCOUNT, L_QUANTITY);
CREATE INDEX
Time: 11331.441 ms (00:11.331)
CREATE INDEX IDX_ORDERS_ORDERDATE ON ORDERS (O_ORDERDATE);
CREATE INDEX
Time: 929.570 ms
VACUUM FREEZE;
VACUUM
Time: 3179.459 ms (00:03.179)
VACUUM ANALYZE;
VACUUM
Time: 1697.866 ms (00:01.698)
set max_parallel_maintenance_workers = 0;
ERROR:  unrecognized configuration parameter "max_parallel_maintenance_workers"
set max_parallel_workers_per_gather = 0;
SET
set maintenance_work_mem = 262144;
SET
Timing is on.
CREATE INDEX q2_idx_1 ON part (p_partkey, p_size, p_type, p_mfgr);
CREATE INDEX
Time: 151.399 ms
CREATE INDEX q2_idx_2 ON partsupp (ps_partkey, ps_suppkey, ps_supplycost);
CREATE INDEX
Time: 422.582 ms
CREATE INDEX q2_idx_3 ON supplier (s_suppkey, s_nationkey, s_acctbal, s_address, s_phone, s_comment);
CREATE INDEX
Time: 12.203 ms
CREATE INDEX q4_idx_1 ON lineitem (l_orderkey) WHERE (l_commitdate < l_receiptdate);
CREATE INDEX
Time: 1879.327 ms (00:01.879)
CREATE INDEX q5_idx_1 ON lineitem (l_orderkey, l_suppkey, l_extendedprice, l_discount);
CREATE INDEX
Time: 4383.661 ms (00:04.384)
CREATE INDEX q8_idx_1 ON lineitem (l_partkey, l_orderkey, l_suppkey, l_extendedprice, l_discount);
CREATE INDEX
Time: 5896.310 ms (00:05.896)
CREATE INDEX q9_idx_1 ON lineitem (l_partkey, l_suppkey, l_orderkey, l_extendedprice, l_discount, l_quantity);
CREATE INDEX
Time: 6203.629 ms (00:06.204)
CREATE INDEX q10_idx_1 ON customer (c_custkey, c_nationkey, c_name, c_acctbal, c_phone, c_address, c_comment);
CREATE INDEX
Time: 203.861 ms
CREATE INDEX q10_idx_2 ON lineitem (l_orderkey, l_returnflag, l_extendedprice, l_discount);
CREATE INDEX
Time: 5315.794 ms (00:05.316)
CREATE INDEX q12_idx_1 ON lineitem (l_orderkey, l_shipmode, l_receiptdate) WHERE (l_commitdate < l_receiptdate) AND (l_shipdate < l_commitdate);
CREATE INDEX
Time: 1476.695 ms (00:01.477)
CREATE INDEX q14_idx_1 ON lineitem (l_partkey, l_shipdate, l_extendedprice, l_discount);
CREATE INDEX
Time: 5659.069 ms (00:05.659)
CREATE INDEX q17_idx_1 ON lineitem (l_partkey, l_quantity);
CREATE INDEX
Time: 5884.470 ms (00:05.884)
CREATE INDEX q18_idx_1 ON lineitem (l_orderkey, l_quantity);
CREATE INDEX
Time: 4100.369 ms (00:04.100)
CREATE INDEX q19_idx_1 ON lineitem (l_partkey, l_shipmode, l_shipinstruct, l_quantity, l_extendedprice, l_discount);
CREATE INDEX
Time: 10477.407 ms (00:10.477)
CREATE INDEX q20_idx_1 ON partsupp (ps_partkey, ps_suppkey, ps_availqty);
CREATE INDEX
Time: 406.212 ms
CREATE INDEX q20_idx_2 ON part (p_partkey, p_name);
CREATE INDEX
Time: 81.504 ms
CREATE INDEX q21_idx_1 ON lineitem (l_orderkey, l_receiptdate, l_suppkey, l_commitdate);
CREATE INDEX
Time: 4146.346 ms (00:04.146)
CREATE INDEX q21_idx_2 ON lineitem (l_orderkey, l_suppkey) WHERE (l_receiptdate > l_commitdate);
CREATE INDEX
Time: 2515.375 ms (00:02.515)
CREATE INDEX q21_idx_3 ON orders (o_orderkey, o_orderstatus);
CREATE INDEX
Time: 481.513 ms
ANALYZE;
ANALYZE
Time: 1520.720 ms (00:01.521)
