set max_parallel_maintenance_workers = 4;
SET
set max_parallel_workers_per_gather = 4;
SET
set maintenance_work_mem = 262144;
SET
Timing is on.
Timing is on.
BEGIN;
BEGIN
Time: 0.091 ms
CREATE TABLE PART (
	P_PARTKEY		SERIAL,
	P_NAME			VARCHAR(55),
	P_MFGR			CHAR(25),
	P_BRAND			CHAR(10),
	P_TYPE			VARCHAR(25),
	P_SIZE			INTEGER,
	P_CONTAINER		CHAR(10),
	P_RETAILPRICE	DECIMAL,
	P_COMMENT		VARCHAR(23)
);
CREATE TABLE
Time: 3.547 ms
CREATE TABLE SUPPLIER (
	S_SUPPKEY		SERIAL,
	S_NAME			CHAR(25),
	S_ADDRESS		VARCHAR(40),
	S_NATIONKEY		INTEGER NOT NULL, -- references N_NATIONKEY
	S_PHONE			CHAR(15),
	S_ACCTBAL		DECIMAL,
	S_COMMENT		VARCHAR(101)
);
CREATE TABLE
Time: 2.054 ms
CREATE TABLE PARTSUPP (
	PS_PARTKEY		INTEGER NOT NULL, -- references P_PARTKEY
	PS_SUPPKEY		INTEGER NOT NULL, -- references S_SUPPKEY
	PS_AVAILQTY		INTEGER,
	PS_SUPPLYCOST	DECIMAL,
	PS_COMMENT		VARCHAR(199)
);
CREATE TABLE
Time: 1.534 ms
CREATE TABLE CUSTOMER (
	C_CUSTKEY		SERIAL,
	C_NAME			VARCHAR(25),
	C_ADDRESS		VARCHAR(40),
	C_NATIONKEY		INTEGER NOT NULL, -- references N_NATIONKEY
	C_PHONE			CHAR(15),
	C_ACCTBAL		DECIMAL,
	C_MKTSEGMENT	CHAR(10),
	C_COMMENT		VARCHAR(117)
);
CREATE TABLE
Time: 1.797 ms
CREATE TABLE ORDERS (
	O_ORDERKEY		SERIAL,
	O_CUSTKEY		INTEGER NOT NULL, -- references C_CUSTKEY
	O_ORDERSTATUS	CHAR(1),
	O_TOTALPRICE	DECIMAL,
	O_ORDERDATE		DATE,
	O_ORDERPRIORITY	CHAR(15),
	O_CLERK			CHAR(15),
	O_SHIPPRIORITY	INTEGER,
	O_COMMENT		VARCHAR(79)
);
CREATE TABLE
Time: 1.864 ms
CREATE TABLE LINEITEM (
	L_ORDERKEY		INTEGER NOT NULL, -- references O_ORDERKEY
	L_PARTKEY		INTEGER NOT NULL, -- references P_PARTKEY (compound fk to PARTSUPP)
	L_SUPPKEY		INTEGER NOT NULL, -- references S_SUPPKEY (compound fk to PARTSUPP)
	L_LINENUMBER	INTEGER,
	L_QUANTITY		DECIMAL,
	L_EXTENDEDPRICE	DECIMAL,
	L_DISCOUNT		DECIMAL,
	L_TAX			DECIMAL,
	L_RETURNFLAG	CHAR(1),
	L_LINESTATUS	CHAR(1),
	L_SHIPDATE		DATE,
	L_COMMITDATE	DATE,
	L_RECEIPTDATE	DATE,
	L_SHIPINSTRUCT	CHAR(25),
	L_SHIPMODE		CHAR(10),
	L_COMMENT		VARCHAR(44)
);
CREATE TABLE
Time: 1.528 ms
CREATE TABLE NATION (
	N_NATIONKEY		SERIAL,
	N_NAME			CHAR(25),
	N_REGIONKEY		INTEGER NOT NULL,  -- references R_REGIONKEY
	N_COMMENT		VARCHAR(152)
);
CREATE TABLE
Time: 0.561 ms
CREATE TABLE REGION (
	R_REGIONKEY	SERIAL,
	R_NAME		CHAR(25),
	R_COMMENT	VARCHAR(152)
);
CREATE TABLE
Time: 0.594 ms
COPY part FROM '/mnt/data/tpch/1/part.csv' WITH (FORMAT csv, DELIMITER '|');
COPY 200000
Time: 397.113 ms
COPY region FROM '/mnt/data/tpch/1/region.csv' WITH (FORMAT csv, DELIMITER '|');
COPY 5
Time: 0.619 ms
COPY nation FROM '/mnt/data/tpch/1/nation.csv' WITH (FORMAT csv, DELIMITER '|');
COPY 25
Time: 0.502 ms
COPY supplier FROM '/mnt/data/tpch/1/supplier.csv' WITH (FORMAT csv, DELIMITER '|');
COPY 10000
Time: 18.499 ms
COPY customer FROM '/mnt/data/tpch/1/customer.csv' WITH (FORMAT csv, DELIMITER '|');
COPY 150000
Time: 323.516 ms
COPY partsupp FROM '/mnt/data/tpch/1/partsupp.csv' WITH (FORMAT csv, DELIMITER '|');
COPY 800000
Time: 1499.861 ms (00:01.500)
COPY orders FROM '/mnt/data/tpch/1/orders.csv' WITH (FORMAT csv, DELIMITER '|');
COPY 1500000
Time: 3210.190 ms (00:03.210)
COPY lineitem FROM '/mnt/data/tpch/1/lineitem.csv' WITH (FORMAT csv, DELIMITER '|');
COPY 6001215
Time: 19499.670 ms (00:19.500)
ALTER TABLE lineitem ALTER l_orderkey SET (n_distinct = -0.25);
ALTER TABLE
Time: 0.250 ms
COMMIT;
COMMIT
Time: 9.620 ms
VACUUM ANALYZE;
VACUUM
Time: 3003.511 ms (00:03.004)
ALTER TABLE PART ADD PRIMARY KEY (P_PARTKEY);
ALTER TABLE
Time: 58.115 ms
ALTER TABLE SUPPLIER ADD PRIMARY KEY (S_SUPPKEY);
ALTER TABLE
Time: 5.847 ms
ALTER TABLE PARTSUPP ADD PRIMARY KEY (PS_PARTKEY, PS_SUPPKEY);
ALTER TABLE
Time: 237.701 ms
ALTER TABLE CUSTOMER ADD PRIMARY KEY (C_CUSTKEY);
ALTER TABLE
Time: 41.093 ms
ALTER TABLE ORDERS ADD PRIMARY KEY (O_ORDERKEY);
ALTER TABLE
Time: 394.022 ms
ALTER TABLE LINEITEM ADD PRIMARY KEY (L_ORDERKEY, L_LINENUMBER);
ALTER TABLE
Time: 2309.691 ms (00:02.310)
ALTER TABLE NATION ADD PRIMARY KEY (N_NATIONKEY);
ALTER TABLE
Time: 2.436 ms
ALTER TABLE REGION ADD PRIMARY KEY (R_REGIONKEY);
ALTER TABLE
Time: 1.944 ms
CREATE INDEX IDX_SUPPLIER_NATION_KEY ON SUPPLIER (S_NATIONKEY);
CREATE INDEX
Time: 6.712 ms
CREATE INDEX IDX_PARTSUPP_PARTKEY ON PARTSUPP (PS_PARTKEY);
CREATE INDEX
Time: 225.436 ms
CREATE INDEX IDX_PARTSUPP_SUPPKEY ON PARTSUPP (PS_SUPPKEY);
CREATE INDEX
Time: 224.111 ms
CREATE INDEX IDX_CUSTOMER_NATIONKEY ON CUSTOMER (C_NATIONKEY);
CREATE INDEX
Time: 57.270 ms
CREATE INDEX IDX_ORDERS_CUSTKEY ON ORDERS (O_CUSTKEY);
CREATE INDEX
Time: 454.119 ms
CREATE INDEX IDX_LINEITEM_ORDERKEY ON LINEITEM (L_ORDERKEY);
CREATE INDEX
Time: 1677.318 ms (00:01.677)
CREATE INDEX IDX_LINEITEM_PART_SUPP ON LINEITEM (L_PARTKEY,L_SUPPKEY);
CREATE INDEX
Time: 2423.063 ms (00:02.423)
CREATE INDEX IDX_NATION_REGIONKEY ON NATION (N_REGIONKEY);
CREATE INDEX
Time: 1.999 ms
CREATE INDEX IDX_LINEITEM_SHIPDATE ON LINEITEM (L_SHIPDATE, L_DISCOUNT, L_QUANTITY);
CREATE INDEX
Time: 6546.053 ms (00:06.546)
CREATE INDEX IDX_ORDERS_ORDERDATE ON ORDERS (O_ORDERDATE);
CREATE INDEX
Time: 451.362 ms
VACUUM FREEZE;
VACUUM
Time: 2513.721 ms (00:02.514)
VACUUM ANALYZE;
VACUUM
Time: 1826.485 ms (00:01.826)
set max_parallel_maintenance_workers = 4;
SET
set max_parallel_workers_per_gather = 4;
SET
set maintenance_work_mem = 262144;
SET
Timing is on.
CREATE INDEX q2_idx_1 ON part (p_partkey, p_size, p_type, p_mfgr);
CREATE INDEX
Time: 151.521 ms
CREATE INDEX q2_idx_2 ON partsupp (ps_partkey, ps_suppkey, ps_supplycost);
CREATE INDEX
Time: 252.536 ms
CREATE INDEX q2_idx_3 ON supplier (s_suppkey, s_nationkey, s_acctbal, s_address, s_phone, s_comment);
CREATE INDEX
Time: 12.402 ms
CREATE INDEX q4_idx_1 ON lineitem (l_orderkey) WHERE (l_commitdate < l_receiptdate);
CREATE INDEX
Time: 1273.312 ms (00:01.273)
CREATE INDEX q5_idx_1 ON lineitem (l_orderkey, l_suppkey, l_extendedprice, l_discount);
CREATE INDEX
Time: 2456.813 ms (00:02.457)
CREATE INDEX q8_idx_1 ON lineitem (l_partkey, l_orderkey, l_suppkey, l_extendedprice, l_discount);
CREATE INDEX
Time: 3171.267 ms (00:03.171)
CREATE INDEX q9_idx_1 ON lineitem (l_partkey, l_suppkey, l_orderkey, l_extendedprice, l_discount, l_quantity);
CREATE INDEX
Time: 3486.382 ms (00:03.486)
CREATE INDEX q10_idx_1 ON customer (c_custkey, c_nationkey, c_name, c_acctbal, c_phone, c_address, c_comment);
CREATE INDEX
Time: 185.304 ms
CREATE INDEX q10_idx_2 ON lineitem (l_orderkey, l_returnflag, l_extendedprice, l_discount);
CREATE INDEX
Time: 2765.920 ms (00:02.766)
CREATE INDEX q12_idx_1 ON lineitem (l_orderkey, l_shipmode, l_receiptdate) WHERE (l_commitdate < l_receiptdate) AND (l_shipdate < l_commitdate);
CREATE INDEX
Time: 659.468 ms
CREATE INDEX q14_idx_1 ON lineitem (l_partkey, l_shipdate, l_extendedprice, l_discount);
CREATE INDEX
Time: 3065.888 ms (00:03.066)
CREATE INDEX q17_idx_1 ON lineitem (l_partkey, l_quantity);
CREATE INDEX
Time: 3420.238 ms (00:03.420)
CREATE INDEX q18_idx_1 ON lineitem (l_orderkey, l_quantity);
CREATE INDEX
Time: 2192.375 ms (00:02.192)
CREATE INDEX q19_idx_1 ON lineitem (l_partkey, l_shipmode, l_shipinstruct, l_quantity, l_extendedprice, l_discount);
CREATE INDEX
Time: 7296.912 ms (00:07.297)
CREATE INDEX q20_idx_1 ON partsupp (ps_partkey, ps_suppkey, ps_availqty);
CREATE INDEX
Time: 342.473 ms
CREATE INDEX q20_idx_2 ON part (p_partkey, p_name);
CREATE INDEX
Time: 130.757 ms
CREATE INDEX q21_idx_1 ON lineitem (l_orderkey, l_receiptdate, l_suppkey, l_commitdate);
CREATE INDEX
Time: 2834.310 ms (00:02.834)
CREATE INDEX q21_idx_2 ON lineitem (l_orderkey, l_suppkey) WHERE (l_receiptdate > l_commitdate);
CREATE INDEX
Time: 1664.236 ms (00:01.664)
CREATE INDEX q21_idx_3 ON orders (o_orderkey, o_orderstatus);
CREATE INDEX
Time: 538.839 ms
ANALYZE;
ANALYZE
Time: 1640.071 ms (00:01.640)
