set max_parallel_maintenance_workers = 4;
SET
set max_parallel_workers_per_gather = 4;
SET
set maintenance_work_mem = 262144;
SET
Timing is on.
Timing is on.
BEGIN;
BEGIN
Time: 0.116 ms
CREATE TABLE PART (
	P_PARTKEY		SERIAL,
	P_NAME			VARCHAR(55),
	P_MFGR			CHAR(25),
	P_BRAND			CHAR(10),
	P_TYPE			VARCHAR(25),
	P_SIZE			INTEGER,
	P_CONTAINER		CHAR(10),
	P_RETAILPRICE	DECIMAL,
	P_COMMENT		VARCHAR(23)
);
CREATE TABLE
Time: 2.534 ms
CREATE TABLE SUPPLIER (
	S_SUPPKEY		SERIAL,
	S_NAME			CHAR(25),
	S_ADDRESS		VARCHAR(40),
	S_NATIONKEY		INTEGER NOT NULL, -- references N_NATIONKEY
	S_PHONE			CHAR(15),
	S_ACCTBAL		DECIMAL,
	S_COMMENT		VARCHAR(101)
);
CREATE TABLE
Time: 1.168 ms
CREATE TABLE PARTSUPP (
	PS_PARTKEY		INTEGER NOT NULL, -- references P_PARTKEY
	PS_SUPPKEY		INTEGER NOT NULL, -- references S_SUPPKEY
	PS_AVAILQTY		INTEGER,
	PS_SUPPLYCOST	DECIMAL,
	PS_COMMENT		VARCHAR(199)
);
CREATE TABLE
Time: 0.729 ms
CREATE TABLE CUSTOMER (
	C_CUSTKEY		SERIAL,
	C_NAME			VARCHAR(25),
	C_ADDRESS		VARCHAR(40),
	C_NATIONKEY		INTEGER NOT NULL, -- references N_NATIONKEY
	C_PHONE			CHAR(15),
	C_ACCTBAL		DECIMAL,
	C_MKTSEGMENT	CHAR(10),
	C_COMMENT		VARCHAR(117)
);
CREATE TABLE
Time: 1.071 ms
CREATE TABLE ORDERS (
	O_ORDERKEY		SERIAL,
	O_CUSTKEY		INTEGER NOT NULL, -- references C_CUSTKEY
	O_ORDERSTATUS	CHAR(1),
	O_TOTALPRICE	DECIMAL,
	O_ORDERDATE		DATE,
	O_ORDERPRIORITY	CHAR(15),
	O_CLERK			CHAR(15),
	O_SHIPPRIORITY	INTEGER,
	O_COMMENT		VARCHAR(79)
);
CREATE TABLE
Time: 0.982 ms
CREATE TABLE LINEITEM (
	L_ORDERKEY		INTEGER NOT NULL, -- references O_ORDERKEY
	L_PARTKEY		INTEGER NOT NULL, -- references P_PARTKEY (compound fk to PARTSUPP)
	L_SUPPKEY		INTEGER NOT NULL, -- references S_SUPPKEY (compound fk to PARTSUPP)
	L_LINENUMBER	INTEGER,
	L_QUANTITY		DECIMAL,
	L_EXTENDEDPRICE	DECIMAL,
	L_DISCOUNT		DECIMAL,
	L_TAX			DECIMAL,
	L_RETURNFLAG	CHAR(1),
	L_LINESTATUS	CHAR(1),
	L_SHIPDATE		DATE,
	L_COMMITDATE	DATE,
	L_RECEIPTDATE	DATE,
	L_SHIPINSTRUCT	CHAR(25),
	L_SHIPMODE		CHAR(10),
	L_COMMENT		VARCHAR(44)
);
CREATE TABLE
Time: 0.739 ms
CREATE TABLE NATION (
	N_NATIONKEY		SERIAL,
	N_NAME			CHAR(25),
	N_REGIONKEY		INTEGER NOT NULL,  -- references R_REGIONKEY
	N_COMMENT		VARCHAR(152)
);
CREATE TABLE
Time: 0.674 ms
CREATE TABLE REGION (
	R_REGIONKEY	SERIAL,
	R_NAME		CHAR(25),
	R_COMMENT	VARCHAR(152)
);
CREATE TABLE
Time: 0.587 ms
COPY part FROM '/mnt/data/tpch/1/part.csv' WITH (FORMAT csv, DELIMITER '|');
COPY 200000
Time: 404.463 ms
COPY region FROM '/mnt/data/tpch/1/region.csv' WITH (FORMAT csv, DELIMITER '|');
COPY 5
Time: 0.552 ms
COPY nation FROM '/mnt/data/tpch/1/nation.csv' WITH (FORMAT csv, DELIMITER '|');
COPY 25
Time: 0.515 ms
COPY supplier FROM '/mnt/data/tpch/1/supplier.csv' WITH (FORMAT csv, DELIMITER '|');
COPY 10000
Time: 19.196 ms
COPY customer FROM '/mnt/data/tpch/1/customer.csv' WITH (FORMAT csv, DELIMITER '|');
COPY 150000
Time: 324.764 ms
COPY partsupp FROM '/mnt/data/tpch/1/partsupp.csv' WITH (FORMAT csv, DELIMITER '|');
COPY 800000
Time: 1563.359 ms (00:01.563)
COPY orders FROM '/mnt/data/tpch/1/orders.csv' WITH (FORMAT csv, DELIMITER '|');
COPY 1500000
Time: 3319.185 ms (00:03.319)
COPY lineitem FROM '/mnt/data/tpch/1/lineitem.csv' WITH (FORMAT csv, DELIMITER '|');
COPY 6001215
Time: 18885.000 ms (00:18.885)
ALTER TABLE lineitem ALTER l_orderkey SET (n_distinct = -0.25);
ALTER TABLE
Time: 0.248 ms
COMMIT;
COMMIT
Time: 9.202 ms
VACUUM ANALYZE;
VACUUM
Time: 3027.517 ms (00:03.028)
ALTER TABLE PART ADD PRIMARY KEY (P_PARTKEY);
ALTER TABLE
Time: 49.545 ms
ALTER TABLE SUPPLIER ADD PRIMARY KEY (S_SUPPKEY);
ALTER TABLE
Time: 4.063 ms
ALTER TABLE PARTSUPP ADD PRIMARY KEY (PS_PARTKEY, PS_SUPPKEY);
ALTER TABLE
Time: 206.728 ms
ALTER TABLE CUSTOMER ADD PRIMARY KEY (C_CUSTKEY);
ALTER TABLE
Time: 36.630 ms
ALTER TABLE ORDERS ADD PRIMARY KEY (O_ORDERKEY);
ALTER TABLE
Time: 345.834 ms
ALTER TABLE LINEITEM ADD PRIMARY KEY (L_ORDERKEY, L_LINENUMBER);
ALTER TABLE
Time: 1958.266 ms (00:01.958)
ALTER TABLE NATION ADD PRIMARY KEY (N_NATIONKEY);
ALTER TABLE
Time: 1.172 ms
ALTER TABLE REGION ADD PRIMARY KEY (R_REGIONKEY);
ALTER TABLE
Time: 0.932 ms
CREATE INDEX IDX_SUPPLIER_NATION_KEY ON SUPPLIER (S_NATIONKEY);
CREATE INDEX
Time: 4.814 ms
CREATE INDEX IDX_PARTSUPP_PARTKEY ON PARTSUPP (PS_PARTKEY);
CREATE INDEX
Time: 171.857 ms
CREATE INDEX IDX_PARTSUPP_SUPPKEY ON PARTSUPP (PS_SUPPKEY);
CREATE INDEX
Time: 175.793 ms
CREATE INDEX IDX_CUSTOMER_NATIONKEY ON CUSTOMER (C_NATIONKEY);
CREATE INDEX
Time: 46.345 ms
CREATE INDEX IDX_ORDERS_CUSTKEY ON ORDERS (O_CUSTKEY);
CREATE INDEX
Time: 369.560 ms
CREATE INDEX IDX_LINEITEM_ORDERKEY ON LINEITEM (L_ORDERKEY);
CREATE INDEX
Time: 1389.217 ms (00:01.389)
CREATE INDEX IDX_LINEITEM_PART_SUPP ON LINEITEM (L_PARTKEY,L_SUPPKEY);
CREATE INDEX
Time: 1943.826 ms (00:01.944)
CREATE INDEX IDX_NATION_REGIONKEY ON NATION (N_REGIONKEY);
CREATE INDEX
Time: 36.732 ms
CREATE INDEX IDX_LINEITEM_SHIPDATE ON LINEITEM (L_SHIPDATE, L_DISCOUNT, L_QUANTITY);
CREATE INDEX
Time: 5913.386 ms (00:05.913)
CREATE INDEX IDX_ORDERS_ORDERDATE ON ORDERS (O_ORDERDATE);
CREATE INDEX
Time: 354.673 ms
VACUUM FREEZE;
VACUUM
Time: 1585.849 ms (00:01.586)
VACUUM ANALYZE;
VACUUM
Time: 1662.655 ms (00:01.663)
set max_parallel_maintenance_workers = 4;
SET
set max_parallel_workers_per_gather = 4;
SET
set maintenance_work_mem = 262144;
SET
Timing is on.
CREATE INDEX q2_idx_1 ON part (p_partkey, p_size, p_type, p_mfgr);
CREATE INDEX
Time: 90.637 ms
CREATE INDEX q2_idx_2 ON partsupp (ps_partkey, ps_suppkey, ps_supplycost);
CREATE INDEX
Time: 255.857 ms
CREATE INDEX q2_idx_3 ON supplier (s_suppkey, s_nationkey, s_acctbal, s_address, s_phone, s_comment);
CREATE INDEX
Time: 9.157 ms
CREATE INDEX q4_idx_1 ON lineitem (l_orderkey) WHERE (l_commitdate < l_receiptdate);
CREATE INDEX
Time: 1073.694 ms (00:01.074)
CREATE INDEX q5_idx_1 ON lineitem (l_orderkey, l_suppkey, l_extendedprice, l_discount);
CREATE INDEX
Time: 2276.386 ms (00:02.276)
CREATE INDEX q8_idx_1 ON lineitem (l_partkey, l_orderkey, l_suppkey, l_extendedprice, l_discount);
CREATE INDEX
Time: 3425.706 ms (00:03.426)
CREATE INDEX q9_idx_1 ON lineitem (l_partkey, l_suppkey, l_orderkey, l_extendedprice, l_discount, l_quantity);
CREATE INDEX
Time: 3116.248 ms (00:03.116)
CREATE INDEX q10_idx_1 ON customer (c_custkey, c_nationkey, c_name, c_acctbal, c_phone, c_address, c_comment);
CREATE INDEX
Time: 160.593 ms
CREATE INDEX q10_idx_2 ON lineitem (l_orderkey, l_returnflag, l_extendedprice, l_discount);
CREATE INDEX
Time: 2715.149 ms (00:02.715)
CREATE INDEX q12_idx_1 ON lineitem (l_orderkey, l_shipmode, l_receiptdate) WHERE (l_commitdate < l_receiptdate) AND (l_shipdate < l_commitdate);
CREATE INDEX
Time: 550.178 ms
CREATE INDEX q14_idx_1 ON lineitem (l_partkey, l_shipdate, l_extendedprice, l_discount);
CREATE INDEX
Time: 2811.237 ms (00:02.811)
CREATE INDEX q17_idx_1 ON lineitem (l_partkey, l_quantity);
CREATE INDEX
Time: 3225.561 ms (00:03.226)
CREATE INDEX q18_idx_1 ON lineitem (l_orderkey, l_quantity);
CREATE INDEX
Time: 1932.666 ms (00:01.933)
CREATE INDEX q19_idx_1 ON lineitem (l_partkey, l_shipmode, l_shipinstruct, l_quantity, l_extendedprice, l_discount);
CREATE INDEX
Time: 6814.470 ms (00:06.814)
CREATE INDEX q20_idx_1 ON partsupp (ps_partkey, ps_suppkey, ps_availqty);
CREATE INDEX
Time: 258.908 ms
CREATE INDEX q20_idx_2 ON part (p_partkey, p_name);
CREATE INDEX
Time: 100.499 ms
CREATE INDEX q21_idx_1 ON lineitem (l_orderkey, l_receiptdate, l_suppkey, l_commitdate);
CREATE INDEX
Time: 2193.409 ms (00:02.193)
CREATE INDEX q21_idx_2 ON lineitem (l_orderkey, l_suppkey) WHERE (l_receiptdate > l_commitdate);
CREATE INDEX
Time: 1284.082 ms (00:01.284)
CREATE INDEX q21_idx_3 ON orders (o_orderkey, o_orderstatus);
CREATE INDEX
Time: 366.603 ms
ANALYZE;
ANALYZE
Time: 1642.754 ms (00:01.643)
