set max_parallel_maintenance_workers = 0;
ERROR:  unrecognized configuration parameter "max_parallel_maintenance_workers"
set max_parallel_workers_per_gather = 0;
ERROR:  unrecognized configuration parameter "max_parallel_workers_per_gather"
set maintenance_work_mem = 262144;
SET
Timing is on.
Timing is on.
BEGIN;
BEGIN
Time: 0.064 ms
CREATE TABLE PART (
	P_PARTKEY		SERIAL,
	P_NAME			VARCHAR(55),
	P_MFGR			CHAR(25),
	P_BRAND			CHAR(10),
	P_TYPE			VARCHAR(25),
	P_SIZE			INTEGER,
	P_CONTAINER		CHAR(10),
	P_RETAILPRICE	DECIMAL,
	P_COMMENT		VARCHAR(23)
);
psql:load-1.sql:16: NOTICE:  CREATE TABLE will create implicit sequence "part_p_partkey_seq" for serial column "part.p_partkey"
CREATE TABLE
Time: 4.156 ms
CREATE TABLE SUPPLIER (
	S_SUPPKEY		SERIAL,
	S_NAME			CHAR(25),
	S_ADDRESS		VARCHAR(40),
	S_NATIONKEY		INTEGER NOT NULL, -- references N_NATIONKEY
	S_PHONE			CHAR(15),
	S_ACCTBAL		DECIMAL,
	S_COMMENT		VARCHAR(101)
);
psql:load-1.sql:26: NOTICE:  CREATE TABLE will create implicit sequence "supplier_s_suppkey_seq" for serial column "supplier.s_suppkey"
CREATE TABLE
Time: 2.087 ms
CREATE TABLE PARTSUPP (
	PS_PARTKEY		INTEGER NOT NULL, -- references P_PARTKEY
	PS_SUPPKEY		INTEGER NOT NULL, -- references S_SUPPKEY
	PS_AVAILQTY		INTEGER,
	PS_SUPPLYCOST	DECIMAL,
	PS_COMMENT		VARCHAR(199)
);
CREATE TABLE
Time: 1.593 ms
CREATE TABLE CUSTOMER (
	C_CUSTKEY		SERIAL,
	C_NAME			VARCHAR(25),
	C_ADDRESS		VARCHAR(40),
	C_NATIONKEY		INTEGER NOT NULL, -- references N_NATIONKEY
	C_PHONE			CHAR(15),
	C_ACCTBAL		DECIMAL,
	C_MKTSEGMENT	CHAR(10),
	C_COMMENT		VARCHAR(117)
);
psql:load-1.sql:45: NOTICE:  CREATE TABLE will create implicit sequence "customer_c_custkey_seq" for serial column "customer.c_custkey"
CREATE TABLE
Time: 1.849 ms
CREATE TABLE ORDERS (
	O_ORDERKEY		SERIAL,
	O_CUSTKEY		INTEGER NOT NULL, -- references C_CUSTKEY
	O_ORDERSTATUS	CHAR(1),
	O_TOTALPRICE	DECIMAL,
	O_ORDERDATE		DATE,
	O_ORDERPRIORITY	CHAR(15),
	O_CLERK			CHAR(15),
	O_SHIPPRIORITY	INTEGER,
	O_COMMENT		VARCHAR(79)
);
psql:load-1.sql:57: NOTICE:  CREATE TABLE will create implicit sequence "orders_o_orderkey_seq" for serial column "orders.o_orderkey"
CREATE TABLE
Time: 1.896 ms
CREATE TABLE LINEITEM (
	L_ORDERKEY		INTEGER NOT NULL, -- references O_ORDERKEY
	L_PARTKEY		INTEGER NOT NULL, -- references P_PARTKEY (compound fk to PARTSUPP)
	L_SUPPKEY		INTEGER NOT NULL, -- references S_SUPPKEY (compound fk to PARTSUPP)
	L_LINENUMBER	INTEGER,
	L_QUANTITY		DECIMAL,
	L_EXTENDEDPRICE	DECIMAL,
	L_DISCOUNT		DECIMAL,
	L_TAX			DECIMAL,
	L_RETURNFLAG	CHAR(1),
	L_LINESTATUS	CHAR(1),
	L_SHIPDATE		DATE,
	L_COMMITDATE	DATE,
	L_RECEIPTDATE	DATE,
	L_SHIPINSTRUCT	CHAR(25),
	L_SHIPMODE		CHAR(10),
	L_COMMENT		VARCHAR(44)
);
CREATE TABLE
Time: 1.482 ms
CREATE TABLE NATION (
	N_NATIONKEY		SERIAL,
	N_NAME			CHAR(25),
	N_REGIONKEY		INTEGER NOT NULL,  -- references R_REGIONKEY
	N_COMMENT		VARCHAR(152)
);
psql:load-1.sql:83: NOTICE:  CREATE TABLE will create implicit sequence "nation_n_nationkey_seq" for serial column "nation.n_nationkey"
CREATE TABLE
Time: 0.701 ms
CREATE TABLE REGION (
	R_REGIONKEY	SERIAL,
	R_NAME		CHAR(25),
	R_COMMENT	VARCHAR(152)
);
psql:load-1.sql:89: NOTICE:  CREATE TABLE will create implicit sequence "region_r_regionkey_seq" for serial column "region.r_regionkey"
CREATE TABLE
Time: 0.697 ms
COPY part FROM '/mnt/data/tpch/1/part.csv' WITH (FORMAT csv, DELIMITER '|');
COPY 200000
Time: 446.769 ms
COPY region FROM '/mnt/data/tpch/1/region.csv' WITH (FORMAT csv, DELIMITER '|');
COPY 5
Time: 3.921 ms
COPY nation FROM '/mnt/data/tpch/1/nation.csv' WITH (FORMAT csv, DELIMITER '|');
COPY 25
Time: 3.881 ms
COPY supplier FROM '/mnt/data/tpch/1/supplier.csv' WITH (FORMAT csv, DELIMITER '|');
COPY 10000
Time: 31.069 ms
COPY customer FROM '/mnt/data/tpch/1/customer.csv' WITH (FORMAT csv, DELIMITER '|');
COPY 150000
Time: 366.561 ms
COPY partsupp FROM '/mnt/data/tpch/1/partsupp.csv' WITH (FORMAT csv, DELIMITER '|');
COPY 800000
Time: 1579.098 ms (00:01.579)
COPY orders FROM '/mnt/data/tpch/1/orders.csv' WITH (FORMAT csv, DELIMITER '|');
COPY 1500000
Time: 3514.913 ms (00:03.515)
COPY lineitem FROM '/mnt/data/tpch/1/lineitem.csv' WITH (FORMAT csv, DELIMITER '|');
COPY 6001215
Time: 19919.236 ms (00:19.919)
ALTER TABLE lineitem ALTER l_orderkey SET (n_distinct = -0.25);
ALTER TABLE
Time: 0.193 ms
COMMIT;
COMMIT
Time: 0.691 ms
VACUUM ANALYZE;
VACUUM
Time: 3735.863 ms (00:03.736)
ALTER TABLE PART ADD PRIMARY KEY (P_PARTKEY);
psql:load-1.sql:130: NOTICE:  ALTER TABLE / ADD PRIMARY KEY will create implicit index "part_pkey" for table "part"
ALTER TABLE
Time: 64.258 ms
ALTER TABLE SUPPLIER ADD PRIMARY KEY (S_SUPPKEY);
psql:load-1.sql:131: NOTICE:  ALTER TABLE / ADD PRIMARY KEY will create implicit index "supplier_pkey" for table "supplier"
ALTER TABLE
Time: 5.349 ms
ALTER TABLE PARTSUPP ADD PRIMARY KEY (PS_PARTKEY, PS_SUPPKEY);
psql:load-1.sql:132: NOTICE:  ALTER TABLE / ADD PRIMARY KEY will create implicit index "partsupp_pkey" for table "partsupp"
ALTER TABLE
Time: 422.401 ms
ALTER TABLE CUSTOMER ADD PRIMARY KEY (C_CUSTKEY);
psql:load-1.sql:133: NOTICE:  ALTER TABLE / ADD PRIMARY KEY will create implicit index "customer_pkey" for table "customer"
ALTER TABLE
Time: 47.843 ms
ALTER TABLE ORDERS ADD PRIMARY KEY (O_ORDERKEY);
psql:load-1.sql:134: NOTICE:  ALTER TABLE / ADD PRIMARY KEY will create implicit index "orders_pkey" for table "orders"
ALTER TABLE
Time: 493.248 ms
ALTER TABLE LINEITEM ADD PRIMARY KEY (L_ORDERKEY, L_LINENUMBER);
psql:load-1.sql:135: NOTICE:  ALTER TABLE / ADD PRIMARY KEY will create implicit index "lineitem_pkey" for table "lineitem"
ALTER TABLE
Time: 5387.613 ms (00:05.388)
ALTER TABLE NATION ADD PRIMARY KEY (N_NATIONKEY);
psql:load-1.sql:136: NOTICE:  ALTER TABLE / ADD PRIMARY KEY will create implicit index "nation_pkey" for table "nation"
ALTER TABLE
Time: 2.163 ms
ALTER TABLE REGION ADD PRIMARY KEY (R_REGIONKEY);
psql:load-1.sql:137: NOTICE:  ALTER TABLE / ADD PRIMARY KEY will create implicit index "region_pkey" for table "region"
ALTER TABLE
Time: 1.793 ms
CREATE INDEX IDX_SUPPLIER_NATION_KEY ON SUPPLIER (S_NATIONKEY);
CREATE INDEX
Time: 7.480 ms
CREATE INDEX IDX_PARTSUPP_PARTKEY ON PARTSUPP (PS_PARTKEY);
CREATE INDEX
Time: 202.474 ms
CREATE INDEX IDX_PARTSUPP_SUPPKEY ON PARTSUPP (PS_SUPPKEY);
CREATE INDEX
Time: 477.810 ms
CREATE INDEX IDX_CUSTOMER_NATIONKEY ON CUSTOMER (C_NATIONKEY);
CREATE INDEX
Time: 87.283 ms
CREATE INDEX IDX_ORDERS_CUSTKEY ON ORDERS (O_CUSTKEY);
CREATE INDEX
Time: 910.627 ms
CREATE INDEX IDX_LINEITEM_ORDERKEY ON LINEITEM (L_ORDERKEY);
CREATE INDEX
Time: 4631.653 ms (00:04.632)
CREATE INDEX IDX_LINEITEM_PART_SUPP ON LINEITEM (L_PARTKEY,L_SUPPKEY);
CREATE INDEX
Time: 8060.415 ms (00:08.060)
CREATE INDEX IDX_NATION_REGIONKEY ON NATION (N_REGIONKEY);
CREATE INDEX
Time: 2.223 ms
CREATE INDEX IDX_LINEITEM_SHIPDATE ON LINEITEM (L_SHIPDATE, L_DISCOUNT, L_QUANTITY);
CREATE INDEX
Time: 14326.002 ms (00:14.326)
CREATE INDEX IDX_ORDERS_ORDERDATE ON ORDERS (O_ORDERDATE);
CREATE INDEX
Time: 949.749 ms
VACUUM FREEZE;
VACUUM
Time: 12380.808 ms (00:12.381)
VACUUM ANALYZE;
VACUUM
Time: 2655.369 ms (00:02.655)
set max_parallel_maintenance_workers = 0;
ERROR:  unrecognized configuration parameter "max_parallel_maintenance_workers"
set max_parallel_workers_per_gather = 0;
ERROR:  unrecognized configuration parameter "max_parallel_workers_per_gather"
set maintenance_work_mem = 262144;
SET
Timing is on.
CREATE INDEX q2_idx_1 ON part (p_partkey, p_size, p_type, p_mfgr);
CREATE INDEX
Time: 101.836 ms
CREATE INDEX q2_idx_2 ON partsupp (ps_partkey, ps_suppkey, ps_supplycost);
CREATE INDEX
Time: 412.169 ms
CREATE INDEX q2_idx_3 ON supplier (s_suppkey, s_nationkey, s_acctbal, s_address, s_phone, s_comment);
CREATE INDEX
Time: 11.042 ms
CREATE INDEX q4_idx_1 ON lineitem (l_orderkey) WHERE (l_commitdate < l_receiptdate);
CREATE INDEX
Time: 1825.859 ms (00:01.826)
CREATE INDEX q5_idx_1 ON lineitem (l_orderkey, l_suppkey, l_extendedprice, l_discount);
CREATE INDEX
Time: 5620.930 ms (00:05.621)
CREATE INDEX q8_idx_1 ON lineitem (l_partkey, l_orderkey, l_suppkey, l_extendedprice, l_discount);
CREATE INDEX
Time: 8689.403 ms (00:08.689)
CREATE INDEX q9_idx_1 ON lineitem (l_partkey, l_suppkey, l_orderkey, l_extendedprice, l_discount, l_quantity);
CREATE INDEX
Time: 8920.134 ms (00:08.920)
CREATE INDEX q10_idx_1 ON customer (c_custkey, c_nationkey, c_name, c_acctbal, c_phone, c_address, c_comment);
CREATE INDEX
Time: 117.926 ms
CREATE INDEX q10_idx_2 ON lineitem (l_orderkey, l_returnflag, l_extendedprice, l_discount);
CREATE INDEX
Time: 6975.266 ms (00:06.975)
CREATE INDEX q12_idx_1 ON lineitem (l_orderkey, l_shipmode, l_receiptdate) WHERE (l_commitdate < l_receiptdate) AND (l_shipdate < l_commitdate);
CREATE INDEX
Time: 1596.006 ms (00:01.596)
CREATE INDEX q14_idx_1 ON lineitem (l_partkey, l_shipdate, l_extendedprice, l_discount);
CREATE INDEX
Time: 8476.449 ms (00:08.476)
CREATE INDEX q17_idx_1 ON lineitem (l_partkey, l_quantity);
CREATE INDEX
Time: 8850.813 ms (00:08.851)
CREATE INDEX q18_idx_1 ON lineitem (l_orderkey, l_quantity);
CREATE INDEX
Time: 5463.097 ms (00:05.463)
CREATE INDEX q19_idx_1 ON lineitem (l_partkey, l_shipmode, l_shipinstruct, l_quantity, l_extendedprice, l_discount);
CREATE INDEX
Time: 14467.006 ms (00:14.467)
CREATE INDEX q20_idx_1 ON partsupp (ps_partkey, ps_suppkey, ps_availqty);
CREATE INDEX
Time: 360.152 ms
CREATE INDEX q20_idx_2 ON part (p_partkey, p_name);
CREATE INDEX
Time: 68.759 ms
CREATE INDEX q21_idx_1 ON lineitem (l_orderkey, l_receiptdate, l_suppkey, l_commitdate);
CREATE INDEX
Time: 5470.419 ms (00:05.470)
CREATE INDEX q21_idx_2 ON lineitem (l_orderkey, l_suppkey) WHERE (l_receiptdate > l_commitdate);
CREATE INDEX
Time: 2525.635 ms (00:02.526)
CREATE INDEX q21_idx_3 ON orders (o_orderkey, o_orderstatus);
CREATE INDEX
Time: 472.965 ms
ANALYZE;
ANALYZE
Time: 2503.183 ms (00:02.503)
