2024-10-18 00:51:12.502 CEST [2827371] LOG:  listening on IPv6 address "::1", port 5432
2024-10-18 00:51:12.502 CEST [2827371] LOG:  listening on IPv4 address "127.0.0.1", port 5432
2024-10-18 00:51:12.504 CEST [2827371] LOG:  listening on Unix socket "/tmp/.s.PGSQL.5432"
2024-10-18 00:51:12.548 CEST [2827372] LOG:  database system was shut down at 2024-10-18 00:51:12 CEST
2024-10-18 00:51:12.551 CEST [2827371] LOG:  database system is ready to accept connections
2024-10-18 00:51:13.890 CEST [2827384] ERROR:  unrecognized configuration parameter "max_parallel_maintenance_workers"
2024-10-18 00:51:13.890 CEST [2827384] STATEMENT:  set max_parallel_maintenance_workers = 0;
2024-10-18 00:55:45.144 CEST [2827400] ERROR:  canceling autovacuum task
2024-10-18 00:55:45.144 CEST [2827400] CONTEXT:  automatic analyze of table "test.public.partsupp"
2024-10-18 00:55:48.669 CEST [2827400] ERROR:  canceling autovacuum task
2024-10-18 00:55:48.669 CEST [2827400] CONTEXT:  automatic analyze of table "test.public.customer"
2024-10-18 00:55:50.523 CEST [2827400] ERROR:  canceling autovacuum task
2024-10-18 00:55:50.523 CEST [2827400] CONTEXT:  automatic analyze of table "test.public.orders"
2024-10-18 00:55:55.639 CEST [2827400] ERROR:  canceling autovacuum task
2024-10-18 00:55:55.639 CEST [2827400] CONTEXT:  automatic analyze of table "test.public.lineitem"
2024-10-18 01:02:46.583 CEST [2827481] ERROR:  unrecognized configuration parameter "max_parallel_maintenance_workers"
2024-10-18 01:02:46.583 CEST [2827481] STATEMENT:  set max_parallel_maintenance_workers = 0;
2024-10-18 01:14:33.398 CEST [2827530] ERROR:  unrecognized configuration parameter "max_parallel_maintenance_workers"
2024-10-18 01:14:33.398 CEST [2827530] STATEMENT:  set max_parallel_maintenance_workers = 0;
2024-10-18 01:15:10.380 CEST [2827371] LOG:  received fast shutdown request
2024-10-18 01:15:10.381 CEST [2827371] LOG:  aborting any active transactions
2024-10-18 01:15:10.382 CEST [2827371] LOG:  worker process: logical replication launcher (PID 2827378) exited with exit code 1
2024-10-18 01:15:10.431 CEST [2827373] LOG:  shutting down
2024-10-18 01:15:11.299 CEST [2827371] LOG:  database system is shut down
