pgbench (18devel, server 10.23)
progress: 1.0 s, 1927.7 tps, lat 117.457 ms stddev 135.878, 0 failed
progress: 2.0 s, 2350.1 tps, lat 109.409 ms stddev 43.835, 0 failed
progress: 3.0 s, 2258.8 tps, lat 113.079 ms stddev 39.039, 0 failed
progress: 4.0 s, 2268.1 tps, lat 112.966 ms stddev 40.612, 0 failed
progress: 5.0 s, 2293.0 tps, lat 112.138 ms stddev 26.809, 0 failed
progress: 6.0 s, 2289.2 tps, lat 111.773 ms stddev 26.263, 0 failed
progress: 7.0 s, 2290.9 tps, lat 111.880 ms stddev 43.865, 0 failed
progress: 8.0 s, 2285.9 tps, lat 111.565 ms stddev 26.617, 0 failed
progress: 9.0 s, 2303.1 tps, lat 111.512 ms stddev 30.121, 0 failed
progress: 10.0 s, 2290.1 tps, lat 111.724 ms stddev 26.929, 0 failed
progress: 11.0 s, 2288.8 tps, lat 111.825 ms stddev 31.711, 0 failed
progress: 12.0 s, 2286.2 tps, lat 112.082 ms stddev 24.811, 0 failed
progress: 13.0 s, 2288.0 tps, lat 111.441 ms stddev 26.750, 0 failed
progress: 14.0 s, 2294.0 tps, lat 111.272 ms stddev 41.714, 0 failed
progress: 15.0 s, 2284.0 tps, lat 112.758 ms stddev 32.526, 0 failed
progress: 16.0 s, 2277.9 tps, lat 111.934 ms stddev 36.984, 0 failed
progress: 17.0 s, 2278.7 tps, lat 111.264 ms stddev 29.113, 0 failed
progress: 18.0 s, 2289.4 tps, lat 112.972 ms stddev 52.192, 0 failed
progress: 19.0 s, 2278.9 tps, lat 112.466 ms stddev 33.318, 0 failed
progress: 20.0 s, 2290.0 tps, lat 111.434 ms stddev 35.037, 0 failed
progress: 21.0 s, 2278.1 tps, lat 112.762 ms stddev 38.216, 0 failed
progress: 22.0 s, 2248.0 tps, lat 112.773 ms stddev 42.957, 0 failed
progress: 23.0 s, 2291.8 tps, lat 112.402 ms stddev 35.342, 0 failed
progress: 24.0 s, 2279.1 tps, lat 112.695 ms stddev 34.420, 0 failed
progress: 25.0 s, 2274.0 tps, lat 112.221 ms stddev 36.324, 0 failed
progress: 26.0 s, 2266.1 tps, lat 112.840 ms stddev 39.529, 0 failed
progress: 27.0 s, 2275.9 tps, lat 112.450 ms stddev 38.611, 0 failed
progress: 28.0 s, 2273.0 tps, lat 113.131 ms stddev 35.710, 0 failed
progress: 29.0 s, 2264.0 tps, lat 113.356 ms stddev 33.119, 0 failed
progress: 30.0 s, 2251.1 tps, lat 112.617 ms stddev 30.398, 0 failed
progress: 31.0 s, 2268.7 tps, lat 112.697 ms stddev 35.479, 0 failed
progress: 32.0 s, 2255.1 tps, lat 114.569 ms stddev 32.917, 0 failed
progress: 33.0 s, 2250.1 tps, lat 113.830 ms stddev 29.626, 0 failed
progress: 34.0 s, 2243.9 tps, lat 112.420 ms stddev 42.703, 0 failed
progress: 35.0 s, 2246.0 tps, lat 115.101 ms stddev 40.974, 0 failed
progress: 36.0 s, 2245.1 tps, lat 113.964 ms stddev 30.703, 0 failed
progress: 37.0 s, 2259.9 tps, lat 113.500 ms stddev 42.582, 0 failed
progress: 38.0 s, 2259.1 tps, lat 113.596 ms stddev 33.330, 0 failed
progress: 39.0 s, 2258.8 tps, lat 113.373 ms stddev 26.216, 0 failed
progress: 40.0 s, 2260.1 tps, lat 113.263 ms stddev 27.391, 0 failed
progress: 41.0 s, 2272.1 tps, lat 112.477 ms stddev 23.633, 0 failed
progress: 42.0 s, 2263.0 tps, lat 113.832 ms stddev 29.717, 0 failed
progress: 43.0 s, 2257.9 tps, lat 113.058 ms stddev 26.156, 0 failed
progress: 44.0 s, 2268.1 tps, lat 112.814 ms stddev 35.431, 0 failed
progress: 45.0 s, 2268.0 tps, lat 113.007 ms stddev 21.991, 0 failed
progress: 46.0 s, 2265.9 tps, lat 112.969 ms stddev 24.028, 0 failed
progress: 47.0 s, 2277.9 tps, lat 111.944 ms stddev 27.667, 0 failed
progress: 48.0 s, 2257.1 tps, lat 113.248 ms stddev 37.779, 0 failed
progress: 49.0 s, 2272.9 tps, lat 112.646 ms stddev 31.257, 0 failed
progress: 50.0 s, 2264.0 tps, lat 112.684 ms stddev 38.808, 0 failed
progress: 51.0 s, 2260.1 tps, lat 113.634 ms stddev 29.817, 0 failed
progress: 52.0 s, 2269.0 tps, lat 113.241 ms stddev 33.207, 0 failed
progress: 53.0 s, 2259.7 tps, lat 112.044 ms stddev 35.413, 0 failed
progress: 54.0 s, 2256.3 tps, lat 113.885 ms stddev 39.681, 0 failed
progress: 55.0 s, 2267.0 tps, lat 113.853 ms stddev 55.964, 0 failed
progress: 56.0 s, 2259.0 tps, lat 112.781 ms stddev 36.744, 0 failed
progress: 57.0 s, 2263.0 tps, lat 110.977 ms stddev 43.475, 0 failed
progress: 58.0 s, 2239.0 tps, lat 116.362 ms stddev 66.220, 0 failed
progress: 59.0 s, 2256.9 tps, lat 113.536 ms stddev 30.220, 0 failed
transaction type: star-1.sql
scaling factor: 1
query mode: simple
number of clients: 256
number of threads: 256
maximum number of tries: 1
duration: 60 s
number of transactions actually processed: 135925
number of failed transactions: 0 (0.000%)
latency average = 112.793 ms
latency stddev = 38.950 ms
initial connection time = 151.062 ms
tps = 2268.113794 (without initial connection time)
