pgbench (18devel, server 10.23)
progress: 1.0 s, 1706.8 tps, lat 18.357 ms stddev 4.743, 0 failed
progress: 2.0 s, 1897.0 tps, lat 16.948 ms stddev 1.073, 0 failed
progress: 3.0 s, 1895.0 tps, lat 16.868 ms stddev 0.226, 0 failed
progress: 4.0 s, 1906.0 tps, lat 16.820 ms stddev 0.190, 0 failed
progress: 5.0 s, 1892.0 tps, lat 16.874 ms stddev 0.986, 0 failed
progress: 6.0 s, 1904.0 tps, lat 16.830 ms stddev 0.256, 0 failed
progress: 7.0 s, 1899.0 tps, lat 16.830 ms stddev 0.217, 0 failed
progress: 8.0 s, 1905.0 tps, lat 16.811 ms stddev 0.195, 0 failed
progress: 9.0 s, 1908.0 tps, lat 16.792 ms stddev 0.201, 0 failed
progress: 10.0 s, 1903.0 tps, lat 16.792 ms stddev 0.194, 0 failed
progress: 11.0 s, 1896.0 tps, lat 16.899 ms stddev 1.237, 0 failed
progress: 12.0 s, 1894.0 tps, lat 16.898 ms stddev 1.213, 0 failed
progress: 13.0 s, 1899.0 tps, lat 16.813 ms stddev 0.217, 0 failed
progress: 14.0 s, 1896.1 tps, lat 16.896 ms stddev 1.175, 0 failed
progress: 15.0 s, 1897.9 tps, lat 16.824 ms stddev 0.221, 0 failed
progress: 16.0 s, 1893.0 tps, lat 16.851 ms stddev 0.188, 0 failed
progress: 17.0 s, 1912.1 tps, lat 16.838 ms stddev 0.189, 0 failed
progress: 18.0 s, 1901.0 tps, lat 16.802 ms stddev 0.206, 0 failed
progress: 19.0 s, 1888.0 tps, lat 16.968 ms stddev 1.629, 0 failed
progress: 20.0 s, 1904.0 tps, lat 16.809 ms stddev 0.232, 0 failed
progress: 21.0 s, 1901.0 tps, lat 16.802 ms stddev 0.200, 0 failed
progress: 22.0 s, 1906.0 tps, lat 16.800 ms stddev 0.214, 0 failed
progress: 23.0 s, 1905.0 tps, lat 16.813 ms stddev 0.221, 0 failed
progress: 24.0 s, 1901.0 tps, lat 16.814 ms stddev 0.213, 0 failed
progress: 25.0 s, 1905.1 tps, lat 16.807 ms stddev 0.211, 0 failed
progress: 26.0 s, 1904.9 tps, lat 16.825 ms stddev 0.216, 0 failed
progress: 27.0 s, 1892.0 tps, lat 16.903 ms stddev 1.163, 0 failed
progress: 28.0 s, 1902.0 tps, lat 16.818 ms stddev 0.209, 0 failed
progress: 29.0 s, 1902.0 tps, lat 16.807 ms stddev 0.198, 0 failed
progress: 30.0 s, 1904.0 tps, lat 16.804 ms stddev 0.191, 0 failed
progress: 31.0 s, 1906.0 tps, lat 16.794 ms stddev 0.166, 0 failed
progress: 32.0 s, 1900.0 tps, lat 16.817 ms stddev 0.196, 0 failed
progress: 33.0 s, 1904.0 tps, lat 16.822 ms stddev 0.217, 0 failed
progress: 34.0 s, 1906.0 tps, lat 16.820 ms stddev 0.199, 0 failed
progress: 35.0 s, 1896.0 tps, lat 16.852 ms stddev 0.199, 0 failed
progress: 36.0 s, 1900.0 tps, lat 16.832 ms stddev 0.207, 0 failed
progress: 37.0 s, 1905.0 tps, lat 16.810 ms stddev 0.198, 0 failed
progress: 38.0 s, 1905.0 tps, lat 16.817 ms stddev 0.207, 0 failed
progress: 39.0 s, 1899.0 tps, lat 16.819 ms stddev 0.202, 0 failed
progress: 40.0 s, 1903.0 tps, lat 16.818 ms stddev 0.202, 0 failed
progress: 41.0 s, 1902.0 tps, lat 16.812 ms stddev 0.196, 0 failed
progress: 42.0 s, 1905.0 tps, lat 16.818 ms stddev 0.217, 0 failed
progress: 43.0 s, 1896.0 tps, lat 16.880 ms stddev 1.050, 0 failed
progress: 44.0 s, 1902.0 tps, lat 16.813 ms stddev 0.192, 0 failed
progress: 45.0 s, 1901.0 tps, lat 16.813 ms stddev 0.216, 0 failed
progress: 46.0 s, 1906.0 tps, lat 16.818 ms stddev 0.203, 0 failed
progress: 47.0 s, 1902.1 tps, lat 16.815 ms stddev 0.211, 0 failed
progress: 48.0 s, 1901.9 tps, lat 16.819 ms stddev 0.217, 0 failed
progress: 49.0 s, 1904.0 tps, lat 16.825 ms stddev 0.204, 0 failed
progress: 50.0 s, 1904.0 tps, lat 16.810 ms stddev 0.197, 0 failed
progress: 51.0 s, 1904.0 tps, lat 16.807 ms stddev 0.195, 0 failed
progress: 52.0 s, 1905.0 tps, lat 16.799 ms stddev 0.184, 0 failed
progress: 53.0 s, 1890.0 tps, lat 16.901 ms stddev 1.230, 0 failed
progress: 54.0 s, 1906.0 tps, lat 16.815 ms stddev 0.185, 0 failed
progress: 55.0 s, 1901.0 tps, lat 16.817 ms stddev 0.193, 0 failed
progress: 56.0 s, 1903.0 tps, lat 16.810 ms stddev 0.211, 0 failed
progress: 57.0 s, 1905.0 tps, lat 16.801 ms stddev 0.213, 0 failed
progress: 58.0 s, 1911.0 tps, lat 16.797 ms stddev 0.215, 0 failed
progress: 59.0 s, 1901.0 tps, lat 16.823 ms stddev 0.219, 0 failed
transaction type: star-1.sql
scaling factor: 1
query mode: simple
number of clients: 32
number of threads: 32
maximum number of tries: 1
duration: 60 s
number of transactions actually processed: 113877
number of failed transactions: 0 (0.000%)
latency average = 16.855 ms
latency stddev = 0.809 ms
initial connection time = 20.906 ms
tps = 1898.047022 (without initial connection time)
