pgbench (18devel, server 10.23)
progress: 1.0 s, 2345.8 tps, lat 26.455 ms stddev 9.315, 0 failed
progress: 2.0 s, 2482.0 tps, lat 25.767 ms stddev 8.622, 0 failed
progress: 3.0 s, 2382.0 tps, lat 26.885 ms stddev 8.934, 0 failed
progress: 4.0 s, 2405.0 tps, lat 26.661 ms stddev 8.927, 0 failed
progress: 5.0 s, 2394.0 tps, lat 26.689 ms stddev 8.955, 0 failed
progress: 6.0 s, 2403.0 tps, lat 26.692 ms stddev 8.943, 0 failed
progress: 7.0 s, 2393.0 tps, lat 26.728 ms stddev 8.970, 0 failed
progress: 8.0 s, 2413.0 tps, lat 26.497 ms stddev 8.921, 0 failed
progress: 9.0 s, 2398.0 tps, lat 26.690 ms stddev 8.897, 0 failed
progress: 10.0 s, 2411.0 tps, lat 26.509 ms stddev 8.922, 0 failed
progress: 11.0 s, 2396.0 tps, lat 26.746 ms stddev 8.911, 0 failed
progress: 12.0 s, 2406.0 tps, lat 26.598 ms stddev 8.904, 0 failed
progress: 13.0 s, 2399.0 tps, lat 26.640 ms stddev 8.888, 0 failed
progress: 14.0 s, 2403.0 tps, lat 26.705 ms stddev 8.867, 0 failed
progress: 15.0 s, 2398.0 tps, lat 26.664 ms stddev 8.862, 0 failed
progress: 16.0 s, 2388.0 tps, lat 26.807 ms stddev 8.856, 0 failed
progress: 17.0 s, 2393.0 tps, lat 26.755 ms stddev 8.911, 0 failed
progress: 18.0 s, 2387.0 tps, lat 26.816 ms stddev 8.906, 0 failed
progress: 19.0 s, 2413.0 tps, lat 26.524 ms stddev 8.936, 0 failed
progress: 20.0 s, 2355.0 tps, lat 27.126 ms stddev 8.868, 0 failed
progress: 21.0 s, 2390.9 tps, lat 26.814 ms stddev 8.852, 0 failed
progress: 22.0 s, 2399.1 tps, lat 26.638 ms stddev 8.847, 0 failed
progress: 23.0 s, 2400.0 tps, lat 26.677 ms stddev 8.892, 0 failed
progress: 24.0 s, 2411.0 tps, lat 26.632 ms stddev 8.907, 0 failed
progress: 25.0 s, 2392.0 tps, lat 26.613 ms stddev 8.907, 0 failed
progress: 26.0 s, 2416.0 tps, lat 26.550 ms stddev 8.919, 0 failed
progress: 27.0 s, 2404.0 tps, lat 26.599 ms stddev 8.876, 0 failed
progress: 28.0 s, 2401.0 tps, lat 26.674 ms stddev 8.867, 0 failed
progress: 29.0 s, 2406.0 tps, lat 26.627 ms stddev 8.890, 0 failed
progress: 30.0 s, 2393.0 tps, lat 26.709 ms stddev 8.871, 0 failed
progress: 31.0 s, 2402.0 tps, lat 26.654 ms stddev 8.815, 0 failed
progress: 32.0 s, 2412.0 tps, lat 26.549 ms stddev 8.832, 0 failed
progress: 33.0 s, 2398.0 tps, lat 26.670 ms stddev 8.845, 0 failed
progress: 34.0 s, 2415.0 tps, lat 26.518 ms stddev 8.857, 0 failed
progress: 35.0 s, 2410.0 tps, lat 26.635 ms stddev 8.862, 0 failed
progress: 36.0 s, 2393.0 tps, lat 26.686 ms stddev 8.851, 0 failed
progress: 37.0 s, 2396.0 tps, lat 26.614 ms stddev 8.864, 0 failed
progress: 38.0 s, 2411.0 tps, lat 26.583 ms stddev 8.902, 0 failed
progress: 39.0 s, 2415.0 tps, lat 26.568 ms stddev 8.899, 0 failed
progress: 40.0 s, 2394.0 tps, lat 26.665 ms stddev 8.879, 0 failed
progress: 41.0 s, 2390.0 tps, lat 26.811 ms stddev 8.851, 0 failed
progress: 42.0 s, 2405.9 tps, lat 26.543 ms stddev 8.876, 0 failed
progress: 43.0 s, 2408.1 tps, lat 26.537 ms stddev 8.875, 0 failed
progress: 44.0 s, 2397.0 tps, lat 26.802 ms stddev 8.881, 0 failed
progress: 45.0 s, 2396.0 tps, lat 26.674 ms stddev 8.921, 0 failed
progress: 46.0 s, 2390.0 tps, lat 26.834 ms stddev 8.930, 0 failed
progress: 47.0 s, 2383.0 tps, lat 26.768 ms stddev 8.904, 0 failed
progress: 48.0 s, 2392.0 tps, lat 26.844 ms stddev 8.901, 0 failed
progress: 49.0 s, 2401.0 tps, lat 26.655 ms stddev 8.941, 0 failed
progress: 50.0 s, 2393.0 tps, lat 26.708 ms stddev 8.901, 0 failed
progress: 51.0 s, 2399.0 tps, lat 26.674 ms stddev 8.904, 0 failed
progress: 52.0 s, 2409.0 tps, lat 26.595 ms stddev 8.926, 0 failed
progress: 53.0 s, 2403.0 tps, lat 26.570 ms stddev 8.955, 0 failed
progress: 54.0 s, 2408.0 tps, lat 26.611 ms stddev 8.978, 0 failed
progress: 55.0 s, 2392.0 tps, lat 26.710 ms stddev 8.963, 0 failed
progress: 56.0 s, 2414.0 tps, lat 26.616 ms stddev 8.981, 0 failed
progress: 57.0 s, 2395.0 tps, lat 26.706 ms stddev 9.016, 0 failed
progress: 58.0 s, 2386.0 tps, lat 26.698 ms stddev 8.998, 0 failed
progress: 59.0 s, 2410.0 tps, lat 26.629 ms stddev 8.999, 0 failed
transaction type: star-1.sql
scaling factor: 1
query mode: simple
number of clients: 64
number of threads: 64
maximum number of tries: 1
duration: 60 s
number of transactions actually processed: 143995
number of failed transactions: 0 (0.000%)
latency average = 26.656 ms
latency stddev = 8.909 ms
initial connection time = 39.848 ms
tps = 2400.233017 (without initial connection time)
