pgbench (18devel, server 9.1.24)
progress: 1.0 s, 713.9 tps, lat 21.986 ms stddev 4.250, 0 failed
progress: 2.0 s, 753.0 tps, lat 21.201 ms stddev 0.673, 0 failed
progress: 3.0 s, 758.0 tps, lat 21.203 ms stddev 0.695, 0 failed
progress: 4.0 s, 759.0 tps, lat 21.191 ms stddev 0.694, 0 failed
progress: 5.0 s, 751.0 tps, lat 21.208 ms stddev 0.666, 0 failed
progress: 6.0 s, 750.0 tps, lat 21.279 ms stddev 0.455, 0 failed
progress: 7.0 s, 754.0 tps, lat 21.286 ms stddev 0.182, 0 failed
progress: 8.0 s, 753.0 tps, lat 21.277 ms stddev 0.170, 0 failed
progress: 9.0 s, 752.0 tps, lat 21.263 ms stddev 0.186, 0 failed
progress: 10.0 s, 751.0 tps, lat 21.262 ms stddev 0.177, 0 failed
progress: 11.0 s, 751.0 tps, lat 21.288 ms stddev 0.152, 0 failed
progress: 12.0 s, 753.0 tps, lat 21.261 ms stddev 0.186, 0 failed
progress: 13.0 s, 750.0 tps, lat 21.274 ms stddev 0.154, 0 failed
progress: 14.0 s, 755.0 tps, lat 21.261 ms stddev 0.164, 0 failed
progress: 15.0 s, 753.0 tps, lat 21.275 ms stddev 0.181, 0 failed
progress: 16.0 s, 751.0 tps, lat 21.242 ms stddev 0.182, 0 failed
progress: 17.0 s, 753.0 tps, lat 21.280 ms stddev 0.174, 0 failed
progress: 18.0 s, 752.0 tps, lat 21.283 ms stddev 0.161, 0 failed
progress: 19.0 s, 752.0 tps, lat 21.262 ms stddev 0.152, 0 failed
progress: 20.0 s, 751.0 tps, lat 21.276 ms stddev 0.162, 0 failed
progress: 21.0 s, 752.0 tps, lat 21.263 ms stddev 0.161, 0 failed
progress: 22.0 s, 754.0 tps, lat 21.276 ms stddev 0.166, 0 failed
progress: 23.0 s, 754.0 tps, lat 21.255 ms stddev 0.155, 0 failed
progress: 24.0 s, 750.0 tps, lat 21.291 ms stddev 0.160, 0 failed
progress: 25.0 s, 752.0 tps, lat 21.256 ms stddev 0.174, 0 failed
progress: 26.0 s, 753.0 tps, lat 21.249 ms stddev 0.181, 0 failed
progress: 27.0 s, 753.0 tps, lat 21.234 ms stddev 0.165, 0 failed
progress: 28.0 s, 755.0 tps, lat 21.236 ms stddev 0.181, 0 failed
progress: 29.0 s, 753.0 tps, lat 21.240 ms stddev 0.164, 0 failed
progress: 30.0 s, 755.0 tps, lat 21.219 ms stddev 0.168, 0 failed
progress: 31.0 s, 753.0 tps, lat 21.229 ms stddev 0.166, 0 failed
progress: 32.0 s, 749.0 tps, lat 21.250 ms stddev 0.179, 0 failed
progress: 33.0 s, 756.0 tps, lat 21.270 ms stddev 0.177, 0 failed
progress: 34.0 s, 754.0 tps, lat 21.224 ms stddev 0.168, 0 failed
progress: 35.0 s, 753.0 tps, lat 21.247 ms stddev 0.192, 0 failed
progress: 36.0 s, 750.0 tps, lat 21.242 ms stddev 0.182, 0 failed
progress: 37.0 s, 755.0 tps, lat 21.267 ms stddev 0.156, 0 failed
progress: 38.0 s, 751.0 tps, lat 21.256 ms stddev 0.183, 0 failed
progress: 39.0 s, 756.0 tps, lat 21.221 ms stddev 0.173, 0 failed
progress: 40.0 s, 752.0 tps, lat 21.232 ms stddev 0.159, 0 failed
progress: 41.0 s, 754.0 tps, lat 21.245 ms stddev 0.172, 0 failed
progress: 42.0 s, 751.0 tps, lat 21.232 ms stddev 0.195, 0 failed
progress: 43.0 s, 754.0 tps, lat 21.286 ms stddev 0.190, 0 failed
progress: 44.0 s, 754.0 tps, lat 21.244 ms stddev 0.188, 0 failed
progress: 45.0 s, 752.0 tps, lat 21.271 ms stddev 0.184, 0 failed
progress: 46.0 s, 751.0 tps, lat 21.272 ms stddev 0.189, 0 failed
progress: 47.0 s, 753.0 tps, lat 21.218 ms stddev 0.174, 0 failed
progress: 48.0 s, 754.0 tps, lat 21.253 ms stddev 0.171, 0 failed
progress: 49.0 s, 754.0 tps, lat 21.249 ms stddev 0.171, 0 failed
progress: 50.0 s, 754.0 tps, lat 21.252 ms stddev 0.174, 0 failed
progress: 51.0 s, 754.0 tps, lat 21.219 ms stddev 0.163, 0 failed
progress: 52.0 s, 752.0 tps, lat 21.229 ms stddev 0.152, 0 failed
progress: 53.0 s, 753.0 tps, lat 21.245 ms stddev 0.170, 0 failed
progress: 54.0 s, 754.0 tps, lat 21.222 ms stddev 0.163, 0 failed
progress: 55.0 s, 752.0 tps, lat 21.269 ms stddev 0.166, 0 failed
progress: 56.0 s, 753.0 tps, lat 21.274 ms stddev 0.197, 0 failed
progress: 57.0 s, 752.0 tps, lat 21.269 ms stddev 0.232, 0 failed
progress: 58.0 s, 753.0 tps, lat 21.257 ms stddev 0.182, 0 failed
progress: 59.0 s, 753.0 tps, lat 21.239 ms stddev 0.173, 0 failed
progress: 60.0 s, 752.0 tps, lat 21.238 ms stddev 0.174, 0 failed
transaction type: star-1.sql
scaling factor: 1
query mode: simple
number of clients: 16
number of threads: 16
maximum number of tries: 1
duration: 60 s
number of transactions actually processed: 45147
number of failed transactions: 0 (0.000%)
latency average = 21.263 ms
latency stddev = 0.597 ms
initial connection time = 11.408 ms
tps = 752.359065 (without initial connection time)
