pgbench (18devel, server 15.8)
progress: 1.0 s, 24812.3 tps, lat 9.649 ms stddev 11.212, 0 failed
progress: 2.0 s, 27666.4 tps, lat 9.251 ms stddev 7.907, 0 failed
progress: 3.0 s, 27738.4 tps, lat 9.234 ms stddev 7.859, 0 failed
progress: 4.0 s, 27396.3 tps, lat 9.346 ms stddev 7.838, 0 failed
progress: 5.0 s, 27626.9 tps, lat 9.267 ms stddev 7.771, 0 failed
progress: 6.0 s, 27585.2 tps, lat 9.281 ms stddev 7.769, 0 failed
progress: 7.0 s, 27402.9 tps, lat 9.330 ms stddev 8.003, 0 failed
progress: 8.0 s, 27384.1 tps, lat 9.356 ms stddev 8.512, 0 failed
progress: 9.0 s, 27471.5 tps, lat 9.310 ms stddev 8.498, 0 failed
progress: 10.0 s, 27489.9 tps, lat 9.320 ms stddev 8.591, 0 failed
progress: 11.0 s, 27364.9 tps, lat 9.356 ms stddev 8.539, 0 failed
progress: 12.0 s, 27518.6 tps, lat 9.301 ms stddev 8.489, 0 failed
progress: 13.0 s, 27561.0 tps, lat 9.286 ms stddev 8.505, 0 failed
progress: 14.0 s, 27561.1 tps, lat 9.287 ms stddev 8.540, 0 failed
progress: 15.0 s, 27590.8 tps, lat 9.277 ms stddev 8.411, 0 failed
progress: 16.0 s, 27561.3 tps, lat 9.291 ms stddev 8.585, 0 failed
progress: 17.0 s, 27564.3 tps, lat 9.287 ms stddev 8.525, 0 failed
progress: 18.0 s, 27488.7 tps, lat 9.316 ms stddev 8.564, 0 failed
progress: 19.0 s, 27486.4 tps, lat 9.314 ms stddev 8.596, 0 failed
progress: 20.0 s, 27539.4 tps, lat 9.293 ms stddev 8.403, 0 failed
progress: 21.0 s, 27552.0 tps, lat 9.285 ms stddev 8.539, 0 failed
progress: 22.0 s, 27578.4 tps, lat 9.277 ms stddev 8.573, 0 failed
progress: 23.0 s, 27608.7 tps, lat 9.275 ms stddev 8.558, 0 failed
progress: 24.0 s, 27488.2 tps, lat 9.321 ms stddev 8.574, 0 failed
progress: 25.0 s, 27513.8 tps, lat 9.304 ms stddev 8.531, 0 failed
progress: 26.0 s, 27570.9 tps, lat 9.282 ms stddev 8.523, 0 failed
progress: 27.0 s, 27603.1 tps, lat 9.264 ms stddev 8.495, 0 failed
progress: 28.0 s, 27625.1 tps, lat 9.268 ms stddev 8.600, 0 failed
progress: 29.0 s, 27596.9 tps, lat 9.281 ms stddev 8.495, 0 failed
progress: 30.0 s, 27543.0 tps, lat 9.298 ms stddev 8.489, 0 failed
progress: 31.0 s, 27555.9 tps, lat 9.284 ms stddev 8.471, 0 failed
progress: 32.0 s, 27619.9 tps, lat 9.268 ms stddev 8.461, 0 failed
progress: 33.0 s, 27637.6 tps, lat 9.273 ms stddev 8.548, 0 failed
progress: 34.0 s, 27579.4 tps, lat 9.281 ms stddev 8.574, 0 failed
progress: 35.0 s, 27605.1 tps, lat 9.278 ms stddev 8.515, 0 failed
progress: 36.0 s, 27604.1 tps, lat 9.261 ms stddev 8.493, 0 failed
progress: 37.0 s, 27567.9 tps, lat 9.276 ms stddev 8.512, 0 failed
progress: 38.0 s, 27568.1 tps, lat 9.297 ms stddev 8.584, 0 failed
progress: 39.0 s, 27587.4 tps, lat 9.284 ms stddev 8.496, 0 failed
progress: 40.0 s, 27550.6 tps, lat 9.294 ms stddev 8.685, 0 failed
progress: 41.0 s, 27562.9 tps, lat 9.259 ms stddev 8.544, 0 failed
progress: 42.0 s, 27627.0 tps, lat 9.292 ms stddev 8.459, 0 failed
progress: 43.0 s, 27641.9 tps, lat 9.261 ms stddev 8.499, 0 failed
progress: 44.0 s, 27587.1 tps, lat 9.275 ms stddev 8.550, 0 failed
progress: 45.0 s, 27646.9 tps, lat 9.257 ms stddev 8.456, 0 failed
progress: 46.0 s, 27563.0 tps, lat 9.284 ms stddev 8.824, 0 failed
progress: 47.0 s, 27649.0 tps, lat 9.264 ms stddev 8.524, 0 failed
progress: 48.0 s, 27663.1 tps, lat 9.252 ms stddev 8.454, 0 failed
progress: 49.0 s, 27668.9 tps, lat 9.247 ms stddev 8.648, 0 failed
progress: 50.0 s, 27725.0 tps, lat 9.230 ms stddev 8.566, 0 failed
progress: 51.0 s, 27588.2 tps, lat 9.295 ms stddev 8.565, 0 failed
progress: 52.0 s, 27589.7 tps, lat 9.270 ms stddev 8.602, 0 failed
progress: 53.0 s, 27618.1 tps, lat 9.277 ms stddev 8.641, 0 failed
progress: 54.0 s, 27669.1 tps, lat 9.242 ms stddev 8.470, 0 failed
progress: 55.0 s, 27687.1 tps, lat 9.247 ms stddev 8.558, 0 failed
progress: 56.0 s, 27673.8 tps, lat 9.242 ms stddev 8.559, 0 failed
progress: 57.0 s, 27670.1 tps, lat 9.264 ms stddev 8.600, 0 failed
progress: 58.0 s, 27627.8 tps, lat 9.252 ms stddev 8.582, 0 failed
progress: 59.0 s, 27728.1 tps, lat 9.243 ms stddev 8.514, 0 failed
transaction type: star-1.sql
scaling factor: 1
query mode: simple
number of clients: 256
number of threads: 256
maximum number of tries: 1
duration: 60 s
number of transactions actually processed: 1649614
number of failed transactions: 0 (0.000%)
latency average = 9.290 ms
latency stddev = 8.532 ms
initial connection time = 156.690 ms
tps = 27535.469226 (without initial connection time)
