pgbench (18devel, server 9.4.26)
progress: 1.0 s, 17610.9 tps, lat 1.800 ms stddev 0.523, 0 failed
progress: 2.0 s, 18597.0 tps, lat 1.720 ms stddev 0.178, 0 failed
progress: 3.0 s, 18741.0 tps, lat 1.707 ms stddev 0.139, 0 failed
progress: 4.0 s, 18820.0 tps, lat 1.699 ms stddev 0.106, 0 failed
progress: 5.0 s, 18706.3 tps, lat 1.711 ms stddev 0.160, 0 failed
progress: 6.0 s, 18750.6 tps, lat 1.706 ms stddev 0.142, 0 failed
progress: 7.0 s, 18674.1 tps, lat 1.713 ms stddev 0.181, 0 failed
progress: 8.0 s, 18703.0 tps, lat 1.710 ms stddev 0.175, 0 failed
progress: 9.0 s, 18755.9 tps, lat 1.706 ms stddev 0.149, 0 failed
progress: 10.0 s, 18685.4 tps, lat 1.712 ms stddev 0.167, 0 failed
progress: 11.0 s, 18901.6 tps, lat 1.693 ms stddev 0.062, 0 failed
progress: 12.0 s, 18869.8 tps, lat 1.695 ms stddev 0.106, 0 failed
progress: 13.0 s, 18902.6 tps, lat 1.693 ms stddev 0.097, 0 failed
progress: 14.0 s, 18782.7 tps, lat 1.703 ms stddev 0.141, 0 failed
progress: 15.0 s, 18810.3 tps, lat 1.701 ms stddev 0.134, 0 failed
progress: 16.0 s, 18833.0 tps, lat 1.698 ms stddev 0.119, 0 failed
progress: 17.0 s, 18818.8 tps, lat 1.700 ms stddev 0.141, 0 failed
progress: 18.0 s, 18807.2 tps, lat 1.701 ms stddev 0.138, 0 failed
progress: 19.0 s, 18945.6 tps, lat 1.689 ms stddev 0.074, 0 failed
progress: 20.0 s, 18952.9 tps, lat 1.688 ms stddev 0.055, 0 failed
progress: 21.0 s, 18915.0 tps, lat 1.691 ms stddev 0.094, 0 failed
progress: 22.0 s, 18851.1 tps, lat 1.697 ms stddev 0.120, 0 failed
progress: 23.0 s, 18836.1 tps, lat 1.699 ms stddev 0.118, 0 failed
progress: 24.0 s, 18854.9 tps, lat 1.696 ms stddev 0.105, 0 failed
progress: 25.0 s, 18961.0 tps, lat 1.687 ms stddev 0.043, 0 failed
progress: 26.0 s, 18966.0 tps, lat 1.687 ms stddev 0.043, 0 failed
progress: 27.0 s, 18930.0 tps, lat 1.690 ms stddev 0.072, 0 failed
progress: 28.0 s, 18872.3 tps, lat 1.695 ms stddev 0.106, 0 failed
progress: 29.0 s, 18786.6 tps, lat 1.703 ms stddev 0.103, 0 failed
progress: 30.0 s, 18881.0 tps, lat 1.694 ms stddev 0.087, 0 failed
progress: 31.0 s, 18866.0 tps, lat 1.696 ms stddev 0.105, 0 failed
progress: 32.0 s, 18844.1 tps, lat 1.698 ms stddev 0.121, 0 failed
progress: 33.0 s, 18899.9 tps, lat 1.693 ms stddev 0.104, 0 failed
progress: 34.0 s, 18898.0 tps, lat 1.692 ms stddev 0.062, 0 failed
progress: 35.0 s, 18940.0 tps, lat 1.689 ms stddev 0.043, 0 failed
progress: 36.0 s, 18971.1 tps, lat 1.686 ms stddev 0.035, 0 failed
progress: 37.0 s, 18978.1 tps, lat 1.686 ms stddev 0.038, 0 failed
progress: 38.0 s, 18935.4 tps, lat 1.689 ms stddev 0.039, 0 failed
progress: 39.0 s, 18887.6 tps, lat 1.694 ms stddev 0.104, 0 failed
progress: 40.0 s, 18978.3 tps, lat 1.686 ms stddev 0.042, 0 failed
progress: 41.0 s, 18908.0 tps, lat 1.692 ms stddev 0.077, 0 failed
progress: 42.0 s, 18959.0 tps, lat 1.687 ms stddev 0.070, 0 failed
progress: 43.0 s, 18788.6 tps, lat 1.703 ms stddev 0.146, 0 failed
progress: 44.0 s, 18896.0 tps, lat 1.693 ms stddev 0.075, 0 failed
progress: 45.0 s, 18938.3 tps, lat 1.689 ms stddev 0.068, 0 failed
progress: 46.0 s, 18958.1 tps, lat 1.687 ms stddev 0.052, 0 failed
progress: 47.0 s, 18801.1 tps, lat 1.701 ms stddev 0.137, 0 failed
progress: 48.0 s, 18925.0 tps, lat 1.691 ms stddev 0.064, 0 failed
progress: 49.0 s, 18841.6 tps, lat 1.698 ms stddev 0.123, 0 failed
progress: 50.0 s, 18971.4 tps, lat 1.686 ms stddev 0.055, 0 failed
progress: 51.0 s, 18877.0 tps, lat 1.695 ms stddev 0.098, 0 failed
progress: 52.0 s, 18992.6 tps, lat 1.684 ms stddev 0.035, 0 failed
progress: 53.0 s, 18954.4 tps, lat 1.688 ms stddev 0.059, 0 failed
progress: 54.0 s, 18911.6 tps, lat 1.692 ms stddev 0.075, 0 failed
progress: 55.0 s, 18964.0 tps, lat 1.687 ms stddev 0.062, 0 failed
progress: 56.0 s, 18969.3 tps, lat 1.686 ms stddev 0.038, 0 failed
progress: 57.0 s, 18937.6 tps, lat 1.689 ms stddev 0.040, 0 failed
progress: 58.0 s, 18967.4 tps, lat 1.687 ms stddev 0.041, 0 failed
progress: 59.0 s, 18809.5 tps, lat 1.700 ms stddev 0.119, 0 failed
transaction type: star-1.sql
scaling factor: 1
query mode: simple
number of clients: 32
number of threads: 32
maximum number of tries: 1
duration: 60 s
number of transactions actually processed: 1130855
number of failed transactions: 0 (0.000%)
latency average = 1.697 ms
latency stddev = 0.122 ms
initial connection time = 20.526 ms
tps = 18853.365661 (without initial connection time)
