pgbench (18devel, server 14.13)
progress: 1.0 s, 27117.2 tps, lat 4.585 ms stddev 3.388, 0 failed
progress: 2.0 s, 28366.8 tps, lat 4.510 ms stddev 2.347, 0 failed
progress: 3.0 s, 28508.1 tps, lat 4.491 ms stddev 2.295, 0 failed
progress: 4.0 s, 28529.0 tps, lat 4.488 ms stddev 2.336, 0 failed
progress: 5.0 s, 28375.1 tps, lat 4.507 ms stddev 2.408, 0 failed
progress: 6.0 s, 28432.7 tps, lat 4.502 ms stddev 2.652, 0 failed
progress: 7.0 s, 28378.1 tps, lat 4.511 ms stddev 2.620, 0 failed
progress: 8.0 s, 28561.2 tps, lat 4.481 ms stddev 2.577, 0 failed
progress: 9.0 s, 28632.1 tps, lat 4.468 ms stddev 2.564, 0 failed
progress: 10.0 s, 28560.0 tps, lat 4.483 ms stddev 2.639, 0 failed
progress: 11.0 s, 28629.6 tps, lat 4.472 ms stddev 2.650, 0 failed
progress: 12.0 s, 28626.3 tps, lat 4.470 ms stddev 2.638, 0 failed
progress: 13.0 s, 28647.9 tps, lat 4.466 ms stddev 2.653, 0 failed
progress: 14.0 s, 28622.1 tps, lat 4.472 ms stddev 2.644, 0 failed
progress: 15.0 s, 28605.8 tps, lat 4.473 ms stddev 2.600, 0 failed
progress: 16.0 s, 28601.7 tps, lat 4.475 ms stddev 2.639, 0 failed
progress: 17.0 s, 28553.4 tps, lat 4.482 ms stddev 2.680, 0 failed
progress: 18.0 s, 28611.7 tps, lat 4.472 ms stddev 2.618, 0 failed
progress: 19.0 s, 28594.3 tps, lat 4.476 ms stddev 2.642, 0 failed
progress: 20.0 s, 28561.7 tps, lat 4.483 ms stddev 2.656, 0 failed
progress: 21.0 s, 28582.2 tps, lat 4.476 ms stddev 2.613, 0 failed
progress: 22.0 s, 28567.0 tps, lat 4.480 ms stddev 2.641, 0 failed
progress: 23.0 s, 28521.0 tps, lat 4.486 ms stddev 2.627, 0 failed
progress: 24.0 s, 28609.3 tps, lat 4.475 ms stddev 2.601, 0 failed
progress: 25.0 s, 28624.7 tps, lat 4.473 ms stddev 2.626, 0 failed
progress: 26.0 s, 28605.1 tps, lat 4.473 ms stddev 2.654, 0 failed
progress: 27.0 s, 28629.1 tps, lat 4.468 ms stddev 2.644, 0 failed
progress: 28.0 s, 28613.9 tps, lat 4.476 ms stddev 2.633, 0 failed
progress: 29.0 s, 28578.9 tps, lat 4.479 ms stddev 2.690, 0 failed
progress: 30.0 s, 28584.3 tps, lat 4.475 ms stddev 2.588, 0 failed
progress: 31.0 s, 28572.2 tps, lat 4.479 ms stddev 2.585, 0 failed
progress: 32.0 s, 28590.2 tps, lat 4.480 ms stddev 2.620, 0 failed
progress: 33.0 s, 28569.4 tps, lat 4.477 ms stddev 2.617, 0 failed
progress: 34.0 s, 28634.3 tps, lat 4.472 ms stddev 2.651, 0 failed
progress: 35.0 s, 28626.7 tps, lat 4.469 ms stddev 2.574, 0 failed
progress: 36.0 s, 28613.8 tps, lat 4.473 ms stddev 2.687, 0 failed
progress: 37.0 s, 28609.3 tps, lat 4.475 ms stddev 2.634, 0 failed
progress: 38.0 s, 28646.8 tps, lat 4.468 ms stddev 2.631, 0 failed
progress: 39.0 s, 28622.0 tps, lat 4.469 ms stddev 2.631, 0 failed
progress: 40.0 s, 28626.1 tps, lat 4.473 ms stddev 2.622, 0 failed
progress: 41.0 s, 28621.2 tps, lat 4.471 ms stddev 2.653, 0 failed
progress: 42.0 s, 28659.7 tps, lat 4.467 ms stddev 2.649, 0 failed
progress: 43.0 s, 28601.2 tps, lat 4.475 ms stddev 2.607, 0 failed
progress: 44.0 s, 28565.0 tps, lat 4.477 ms stddev 2.663, 0 failed
progress: 45.0 s, 28565.9 tps, lat 4.480 ms stddev 2.641, 0 failed
progress: 46.0 s, 28615.7 tps, lat 4.473 ms stddev 2.613, 0 failed
progress: 47.0 s, 28642.2 tps, lat 4.469 ms stddev 2.643, 0 failed
progress: 48.0 s, 28607.4 tps, lat 4.474 ms stddev 2.692, 0 failed
progress: 49.0 s, 28635.7 tps, lat 4.469 ms stddev 2.650, 0 failed
progress: 50.0 s, 28618.9 tps, lat 4.474 ms stddev 2.643, 0 failed
progress: 51.0 s, 28624.1 tps, lat 4.471 ms stddev 2.652, 0 failed
progress: 52.0 s, 28609.2 tps, lat 4.470 ms stddev 2.613, 0 failed
progress: 53.0 s, 28608.0 tps, lat 4.478 ms stddev 2.666, 0 failed
progress: 54.0 s, 28547.2 tps, lat 4.482 ms stddev 2.599, 0 failed
progress: 55.0 s, 28632.7 tps, lat 4.471 ms stddev 2.608, 0 failed
progress: 56.0 s, 28579.2 tps, lat 4.478 ms stddev 2.645, 0 failed
progress: 57.0 s, 28554.9 tps, lat 4.481 ms stddev 2.589, 0 failed
progress: 58.0 s, 28581.7 tps, lat 4.477 ms stddev 2.676, 0 failed
progress: 59.0 s, 28593.1 tps, lat 4.477 ms stddev 2.622, 0 failed
transaction type: star-1.sql
scaling factor: 1
query mode: simple
number of clients: 128
number of threads: 128
maximum number of tries: 1
duration: 60 s
number of transactions actually processed: 1712304
number of failed transactions: 0 (0.000%)
latency average = 4.480 ms
latency stddev = 2.632 ms
initial connection time = 73.650 ms
tps = 28555.471413 (without initial connection time)
