pgbench (18devel, server 9.4.26)
progress: 1.0 s, 16214.7 tps, lat 7.661 ms stddev 6.544, 0 failed
progress: 2.0 s, 17210.8 tps, lat 7.441 ms stddev 4.942, 0 failed
progress: 3.0 s, 16878.0 tps, lat 7.575 ms stddev 5.111, 0 failed
progress: 4.0 s, 16713.2 tps, lat 7.664 ms stddev 4.999, 0 failed
progress: 5.0 s, 16654.0 tps, lat 7.674 ms stddev 5.113, 0 failed
progress: 6.0 s, 16729.9 tps, lat 7.659 ms stddev 5.747, 0 failed
progress: 7.0 s, 16684.0 tps, lat 7.662 ms stddev 5.568, 0 failed
progress: 8.0 s, 16750.0 tps, lat 7.641 ms stddev 5.600, 0 failed
progress: 9.0 s, 16761.0 tps, lat 7.645 ms stddev 5.655, 0 failed
progress: 10.0 s, 16767.1 tps, lat 7.637 ms stddev 5.493, 0 failed
progress: 11.0 s, 16798.9 tps, lat 7.621 ms stddev 5.612, 0 failed
progress: 12.0 s, 16822.0 tps, lat 7.598 ms stddev 5.628, 0 failed
progress: 13.0 s, 16784.8 tps, lat 7.630 ms stddev 5.483, 0 failed
progress: 14.0 s, 16770.3 tps, lat 7.628 ms stddev 5.655, 0 failed
progress: 15.0 s, 16783.5 tps, lat 7.627 ms stddev 5.646, 0 failed
progress: 16.0 s, 16792.2 tps, lat 7.635 ms stddev 5.587, 0 failed
progress: 17.0 s, 16802.1 tps, lat 7.608 ms stddev 5.679, 0 failed
progress: 18.0 s, 16782.9 tps, lat 7.626 ms stddev 5.581, 0 failed
progress: 19.0 s, 16815.1 tps, lat 7.610 ms stddev 5.692, 0 failed
progress: 20.0 s, 16788.1 tps, lat 7.627 ms stddev 5.716, 0 failed
progress: 21.0 s, 16795.8 tps, lat 7.620 ms stddev 5.631, 0 failed
progress: 22.0 s, 16792.0 tps, lat 7.615 ms stddev 5.702, 0 failed
progress: 23.0 s, 16803.0 tps, lat 7.625 ms stddev 5.613, 0 failed
progress: 24.0 s, 16771.9 tps, lat 7.630 ms stddev 5.534, 0 failed
progress: 25.0 s, 16796.1 tps, lat 7.613 ms stddev 5.578, 0 failed
progress: 26.0 s, 16793.8 tps, lat 7.622 ms stddev 5.746, 0 failed
progress: 27.0 s, 16769.1 tps, lat 7.643 ms stddev 5.614, 0 failed
progress: 28.0 s, 16754.0 tps, lat 7.637 ms stddev 5.733, 0 failed
progress: 29.0 s, 16775.8 tps, lat 7.620 ms stddev 5.789, 0 failed
progress: 30.0 s, 16737.4 tps, lat 7.663 ms stddev 5.541, 0 failed
progress: 31.0 s, 16732.9 tps, lat 7.644 ms stddev 5.685, 0 failed
progress: 32.0 s, 16729.3 tps, lat 7.644 ms stddev 5.626, 0 failed
progress: 33.0 s, 16718.5 tps, lat 7.655 ms stddev 5.602, 0 failed
progress: 34.0 s, 16723.0 tps, lat 7.654 ms stddev 5.641, 0 failed
progress: 35.0 s, 16729.3 tps, lat 7.654 ms stddev 5.644, 0 failed
progress: 36.0 s, 16716.3 tps, lat 7.664 ms stddev 5.619, 0 failed
progress: 37.0 s, 16705.4 tps, lat 7.660 ms stddev 5.471, 0 failed
progress: 38.0 s, 16702.0 tps, lat 7.662 ms stddev 5.494, 0 failed
progress: 39.0 s, 16725.0 tps, lat 7.647 ms stddev 5.576, 0 failed
progress: 40.0 s, 16712.1 tps, lat 7.662 ms stddev 5.614, 0 failed
progress: 41.0 s, 16696.8 tps, lat 7.651 ms stddev 5.704, 0 failed
progress: 42.0 s, 16695.9 tps, lat 7.678 ms stddev 5.457, 0 failed
progress: 43.0 s, 16701.7 tps, lat 7.667 ms stddev 5.530, 0 failed
progress: 44.0 s, 16716.5 tps, lat 7.663 ms stddev 5.481, 0 failed
progress: 45.0 s, 16715.9 tps, lat 7.647 ms stddev 5.706, 0 failed
progress: 46.0 s, 16717.8 tps, lat 7.656 ms stddev 5.797, 0 failed
progress: 47.0 s, 16673.3 tps, lat 7.674 ms stddev 5.480, 0 failed
progress: 48.0 s, 16731.0 tps, lat 7.655 ms stddev 5.711, 0 failed
progress: 49.0 s, 16726.1 tps, lat 7.649 ms stddev 5.520, 0 failed
progress: 50.0 s, 16695.1 tps, lat 7.664 ms stddev 5.739, 0 failed
progress: 51.0 s, 16698.9 tps, lat 7.664 ms stddev 5.607, 0 failed
progress: 52.0 s, 16707.8 tps, lat 7.670 ms stddev 5.771, 0 failed
progress: 53.0 s, 16707.0 tps, lat 7.656 ms stddev 5.586, 0 failed
progress: 54.0 s, 16703.2 tps, lat 7.656 ms stddev 5.606, 0 failed
progress: 55.0 s, 16692.8 tps, lat 7.674 ms stddev 5.635, 0 failed
progress: 56.0 s, 16642.0 tps, lat 7.689 ms stddev 5.451, 0 failed
progress: 57.0 s, 16709.7 tps, lat 7.662 ms stddev 5.718, 0 failed
progress: 58.0 s, 16662.4 tps, lat 7.687 ms stddev 5.442, 0 failed
progress: 59.0 s, 16623.0 tps, lat 7.697 ms stddev 5.581, 0 failed
transaction type: star-1-left.sql
scaling factor: 1
query mode: simple
number of clients: 128
number of threads: 128
maximum number of tries: 1
duration: 60 s
number of transactions actually processed: 1003493
number of failed transactions: 0 (0.000%)
latency average = 7.645 ms
latency stddev = 5.601 ms
initial connection time = 72.886 ms
tps = 16736.861347 (without initial connection time)
