pgbench (18devel)
progress: 1.0 s, 16876.9 tps, lat 3.723 ms stddev 1.148, 0 failed
progress: 2.0 s, 17393.0 tps, lat 3.677 ms stddev 1.061, 0 failed
progress: 3.0 s, 16731.0 tps, lat 3.826 ms stddev 1.086, 0 failed
progress: 4.0 s, 16752.0 tps, lat 3.820 ms stddev 1.087, 0 failed
progress: 5.0 s, 16750.3 tps, lat 3.819 ms stddev 1.084, 0 failed
progress: 6.0 s, 16837.6 tps, lat 3.802 ms stddev 1.087, 0 failed
progress: 7.0 s, 16867.1 tps, lat 3.794 ms stddev 1.089, 0 failed
progress: 8.0 s, 16835.9 tps, lat 3.800 ms stddev 1.088, 0 failed
progress: 9.0 s, 16909.1 tps, lat 3.783 ms stddev 1.097, 0 failed
progress: 10.0 s, 16698.9 tps, lat 3.835 ms stddev 1.077, 0 failed
progress: 11.0 s, 16781.0 tps, lat 3.812 ms stddev 1.085, 0 failed
progress: 12.0 s, 16878.2 tps, lat 3.792 ms stddev 1.091, 0 failed
progress: 13.0 s, 16824.0 tps, lat 3.802 ms stddev 1.093, 0 failed
progress: 14.0 s, 16923.0 tps, lat 3.783 ms stddev 1.097, 0 failed
progress: 15.0 s, 16851.8 tps, lat 3.796 ms stddev 1.092, 0 failed
progress: 16.0 s, 16868.1 tps, lat 3.794 ms stddev 1.091, 0 failed
progress: 17.0 s, 16806.0 tps, lat 3.808 ms stddev 1.090, 0 failed
progress: 18.0 s, 16728.9 tps, lat 3.826 ms stddev 1.079, 0 failed
progress: 19.0 s, 16771.1 tps, lat 3.816 ms stddev 1.082, 0 failed
progress: 20.0 s, 16779.9 tps, lat 3.813 ms stddev 1.087, 0 failed
progress: 21.0 s, 16869.1 tps, lat 3.794 ms stddev 1.086, 0 failed
progress: 22.0 s, 16780.9 tps, lat 3.813 ms stddev 1.081, 0 failed
progress: 23.0 s, 16918.1 tps, lat 3.784 ms stddev 1.098, 0 failed
progress: 24.0 s, 16703.0 tps, lat 3.830 ms stddev 1.092, 0 failed
progress: 25.0 s, 16845.0 tps, lat 3.799 ms stddev 1.095, 0 failed
progress: 26.0 s, 16950.3 tps, lat 3.775 ms stddev 1.099, 0 failed
progress: 27.0 s, 16835.7 tps, lat 3.800 ms stddev 1.094, 0 failed
progress: 28.0 s, 16801.0 tps, lat 3.809 ms stddev 1.091, 0 failed
progress: 29.0 s, 16865.0 tps, lat 3.795 ms stddev 1.086, 0 failed
progress: 30.0 s, 16975.0 tps, lat 3.769 ms stddev 1.100, 0 failed
progress: 31.0 s, 16778.0 tps, lat 3.813 ms stddev 1.102, 0 failed
progress: 32.0 s, 16854.1 tps, lat 3.799 ms stddev 1.100, 0 failed
progress: 33.0 s, 16767.0 tps, lat 3.816 ms stddev 1.095, 0 failed
progress: 34.0 s, 16707.0 tps, lat 3.831 ms stddev 1.087, 0 failed
progress: 35.0 s, 16888.0 tps, lat 3.788 ms stddev 1.096, 0 failed
progress: 36.0 s, 16737.0 tps, lat 3.824 ms stddev 1.082, 0 failed
progress: 37.0 s, 16674.0 tps, lat 3.838 ms stddev 1.085, 0 failed
progress: 38.0 s, 16651.0 tps, lat 3.844 ms stddev 1.087, 0 failed
progress: 39.0 s, 16783.0 tps, lat 3.813 ms stddev 1.090, 0 failed
progress: 40.0 s, 16784.0 tps, lat 3.814 ms stddev 1.086, 0 failed
progress: 41.0 s, 16782.0 tps, lat 3.810 ms stddev 1.088, 0 failed
progress: 42.0 s, 16735.0 tps, lat 3.825 ms stddev 1.087, 0 failed
progress: 43.0 s, 17023.0 tps, lat 3.761 ms stddev 1.103, 0 failed
progress: 44.0 s, 16838.9 tps, lat 3.798 ms stddev 1.099, 0 failed
progress: 45.0 s, 16774.0 tps, lat 3.815 ms stddev 1.088, 0 failed
progress: 46.0 s, 16791.4 tps, lat 3.810 ms stddev 1.087, 0 failed
progress: 47.0 s, 16749.6 tps, lat 3.823 ms stddev 1.086, 0 failed
progress: 48.0 s, 16758.3 tps, lat 3.818 ms stddev 1.088, 0 failed
progress: 49.0 s, 16788.7 tps, lat 3.811 ms stddev 1.099, 0 failed
progress: 50.0 s, 16755.0 tps, lat 3.821 ms stddev 1.093, 0 failed
progress: 51.0 s, 16696.9 tps, lat 3.833 ms stddev 1.091, 0 failed
progress: 52.0 s, 16846.9 tps, lat 3.799 ms stddev 1.105, 0 failed
progress: 53.0 s, 16758.9 tps, lat 3.817 ms stddev 1.100, 0 failed
progress: 54.0 s, 16513.3 tps, lat 3.875 ms stddev 1.081, 0 failed
progress: 55.0 s, 16708.9 tps, lat 3.831 ms stddev 1.086, 0 failed
progress: 56.0 s, 16831.9 tps, lat 3.801 ms stddev 1.093, 0 failed
progress: 57.0 s, 16704.0 tps, lat 3.832 ms stddev 1.099, 0 failed
progress: 58.0 s, 16728.1 tps, lat 3.824 ms stddev 1.103, 0 failed
progress: 59.0 s, 16642.0 tps, lat 3.847 ms stddev 1.081, 0 failed
transaction type: star-1-left.sql
scaling factor: 1
query mode: simple
number of clients: 64
number of threads: 64
maximum number of tries: 1
duration: 60 s
number of transactions actually processed: 1007793
number of failed transactions: 0 (0.000%)
latency average = 3.807 ms
latency stddev = 1.092 ms
initial connection time = 42.583 ms
tps = 16806.989101 (without initial connection time)
