pgbench (18devel, server 9.0.23)
progress: 1.0 s, 9745.4 tps, lat 3.250 ms stddev 1.762, 0 failed
progress: 2.0 s, 11500.0 tps, lat 2.784 ms stddev 0.494, 0 failed
progress: 3.0 s, 11888.0 tps, lat 2.692 ms stddev 0.224, 0 failed
progress: 4.0 s, 11923.0 tps, lat 2.683 ms stddev 0.181, 0 failed
progress: 5.0 s, 11982.0 tps, lat 2.670 ms stddev 0.044, 0 failed
progress: 6.0 s, 11942.0 tps, lat 2.679 ms stddev 0.188, 0 failed
progress: 7.0 s, 11974.6 tps, lat 2.672 ms stddev 0.063, 0 failed
progress: 8.0 s, 11987.0 tps, lat 2.669 ms stddev 0.045, 0 failed
progress: 9.0 s, 11948.4 tps, lat 2.677 ms stddev 0.151, 0 failed
progress: 10.0 s, 11956.0 tps, lat 2.676 ms stddev 0.159, 0 failed
progress: 11.0 s, 11997.0 tps, lat 2.667 ms stddev 0.044, 0 failed
progress: 12.0 s, 12005.0 tps, lat 2.665 ms stddev 0.037, 0 failed
progress: 13.0 s, 12010.0 tps, lat 2.664 ms stddev 0.040, 0 failed
progress: 14.0 s, 12024.0 tps, lat 2.662 ms stddev 0.036, 0 failed
progress: 15.0 s, 12012.0 tps, lat 2.663 ms stddev 0.037, 0 failed
progress: 16.0 s, 12032.0 tps, lat 2.659 ms stddev 0.034, 0 failed
progress: 17.0 s, 12031.0 tps, lat 2.659 ms stddev 0.035, 0 failed
progress: 18.0 s, 11983.0 tps, lat 2.670 ms stddev 0.066, 0 failed
progress: 19.0 s, 11980.0 tps, lat 2.670 ms stddev 0.051, 0 failed
progress: 20.0 s, 12018.0 tps, lat 2.663 ms stddev 0.037, 0 failed
progress: 21.0 s, 11976.9 tps, lat 2.671 ms stddev 0.043, 0 failed
progress: 22.0 s, 11992.0 tps, lat 2.668 ms stddev 0.039, 0 failed
progress: 23.0 s, 12002.0 tps, lat 2.665 ms stddev 0.037, 0 failed
progress: 24.0 s, 12009.0 tps, lat 2.665 ms stddev 0.043, 0 failed
progress: 25.0 s, 11952.0 tps, lat 2.676 ms stddev 0.072, 0 failed
progress: 26.0 s, 12016.0 tps, lat 2.663 ms stddev 0.039, 0 failed
progress: 27.0 s, 11992.0 tps, lat 2.669 ms stddev 0.046, 0 failed
progress: 28.0 s, 11949.0 tps, lat 2.678 ms stddev 0.181, 0 failed
progress: 29.0 s, 11848.0 tps, lat 2.700 ms stddev 0.285, 0 failed
progress: 30.0 s, 11957.0 tps, lat 2.675 ms stddev 0.160, 0 failed
progress: 31.0 s, 12009.0 tps, lat 2.665 ms stddev 0.046, 0 failed
progress: 32.0 s, 12018.6 tps, lat 2.663 ms stddev 0.038, 0 failed
progress: 33.0 s, 12004.0 tps, lat 2.665 ms stddev 0.046, 0 failed
progress: 34.0 s, 12029.8 tps, lat 2.660 ms stddev 0.037, 0 failed
progress: 35.0 s, 11962.7 tps, lat 2.674 ms stddev 0.162, 0 failed
progress: 36.0 s, 11996.5 tps, lat 2.668 ms stddev 0.086, 0 failed
progress: 37.0 s, 12015.0 tps, lat 2.663 ms stddev 0.042, 0 failed
progress: 38.0 s, 12021.4 tps, lat 2.661 ms stddev 0.038, 0 failed
progress: 39.0 s, 12000.0 tps, lat 2.666 ms stddev 0.043, 0 failed
progress: 40.0 s, 12009.0 tps, lat 2.664 ms stddev 0.046, 0 failed
progress: 41.0 s, 12027.0 tps, lat 2.659 ms stddev 0.035, 0 failed
progress: 42.0 s, 11995.0 tps, lat 2.667 ms stddev 0.064, 0 failed
progress: 43.0 s, 12015.0 tps, lat 2.663 ms stddev 0.036, 0 failed
progress: 44.0 s, 12010.0 tps, lat 2.665 ms stddev 0.039, 0 failed
progress: 45.0 s, 12023.0 tps, lat 2.661 ms stddev 0.038, 0 failed
progress: 46.0 s, 12001.0 tps, lat 2.667 ms stddev 0.120, 0 failed
progress: 47.0 s, 12029.0 tps, lat 2.659 ms stddev 0.035, 0 failed
progress: 48.0 s, 11985.0 tps, lat 2.670 ms stddev 0.092, 0 failed
progress: 49.0 s, 11981.0 tps, lat 2.671 ms stddev 0.164, 0 failed
progress: 50.0 s, 11979.6 tps, lat 2.670 ms stddev 0.098, 0 failed
progress: 51.0 s, 11938.1 tps, lat 2.681 ms stddev 0.167, 0 failed
progress: 52.0 s, 11995.9 tps, lat 2.667 ms stddev 0.056, 0 failed
progress: 53.0 s, 12011.0 tps, lat 2.664 ms stddev 0.040, 0 failed
progress: 54.0 s, 11969.4 tps, lat 2.673 ms stddev 0.074, 0 failed
progress: 55.0 s, 12021.5 tps, lat 2.661 ms stddev 0.033, 0 failed
progress: 56.0 s, 12036.4 tps, lat 2.659 ms stddev 0.035, 0 failed
progress: 57.0 s, 11984.7 tps, lat 2.670 ms stddev 0.125, 0 failed
progress: 58.0 s, 11929.4 tps, lat 2.682 ms stddev 0.155, 0 failed
progress: 59.0 s, 11932.0 tps, lat 2.680 ms stddev 0.087, 0 failed
transaction type: star-1-left.sql
scaling factor: 1
query mode: simple
number of clients: 32
number of threads: 32
maximum number of tries: 1
duration: 60 s
number of transactions actually processed: 716419
number of failed transactions: 0 (0.000%)
latency average = 2.679 ms
latency stddev = 0.246 ms
initial connection time = 20.705 ms
tps = 11943.882314 (without initial connection time)
