pgbench (18devel, server 9.1.24)
progress: 1.0 s, 32894.4 tps, lat 1.911 ms stddev 4.761, 0 failed
progress: 2.0 s, 6606.9 tps, lat 9.680 ms stddev 1.967, 0 failed
progress: 3.0 s, 6726.8 tps, lat 9.517 ms stddev 1.721, 0 failed
progress: 4.0 s, 6578.9 tps, lat 9.733 ms stddev 1.809, 0 failed
progress: 5.0 s, 6642.2 tps, lat 9.630 ms stddev 1.780, 0 failed
progress: 6.0 s, 6711.0 tps, lat 9.536 ms stddev 1.841, 0 failed
progress: 7.0 s, 18131.0 tps, lat 3.529 ms stddev 3.778, 0 failed
progress: 8.0 s, 6617.0 tps, lat 9.666 ms stddev 1.776, 0 failed
progress: 9.0 s, 6633.1 tps, lat 9.658 ms stddev 1.792, 0 failed
progress: 10.0 s, 6526.0 tps, lat 9.803 ms stddev 1.815, 0 failed
progress: 11.0 s, 6529.9 tps, lat 9.794 ms stddev 1.786, 0 failed
progress: 12.0 s, 6637.9 tps, lat 9.643 ms stddev 1.785, 0 failed
progress: 13.0 s, 9110.5 tps, lat 7.052 ms stddev 4.075, 0 failed
progress: 14.0 s, 39386.1 tps, lat 1.624 ms stddev 1.443, 0 failed
progress: 15.0 s, 16474.0 tps, lat 3.885 ms stddev 3.933, 0 failed
progress: 16.0 s, 39358.1 tps, lat 1.625 ms stddev 1.454, 0 failed
progress: 17.0 s, 39636.0 tps, lat 1.615 ms stddev 1.430, 0 failed
progress: 18.0 s, 39729.9 tps, lat 1.610 ms stddev 1.413, 0 failed
progress: 19.0 s, 34440.1 tps, lat 1.858 ms stddev 1.992, 0 failed
progress: 20.0 s, 39882.0 tps, lat 1.604 ms stddev 1.426, 0 failed
progress: 21.0 s, 34178.4 tps, lat 1.866 ms stddev 1.997, 0 failed
progress: 22.0 s, 30874.4 tps, lat 2.079 ms stddev 2.383, 0 failed
progress: 23.0 s, 39951.0 tps, lat 1.602 ms stddev 1.401, 0 failed
progress: 24.0 s, 39139.0 tps, lat 1.630 ms stddev 1.474, 0 failed
progress: 25.0 s, 29387.6 tps, lat 2.184 ms stddev 2.533, 0 failed
progress: 26.0 s, 40006.4 tps, lat 1.600 ms stddev 1.401, 0 failed
progress: 27.0 s, 40108.0 tps, lat 1.595 ms stddev 1.406, 0 failed
progress: 28.0 s, 39424.8 tps, lat 1.623 ms stddev 1.455, 0 failed
progress: 29.0 s, 38807.2 tps, lat 1.649 ms stddev 1.521, 0 failed
progress: 30.0 s, 39792.8 tps, lat 1.609 ms stddev 1.428, 0 failed
progress: 31.0 s, 39911.2 tps, lat 1.603 ms stddev 1.425, 0 failed
progress: 32.0 s, 39501.0 tps, lat 1.620 ms stddev 1.452, 0 failed
progress: 33.0 s, 39683.0 tps, lat 1.613 ms stddev 1.438, 0 failed
progress: 34.0 s, 16244.0 tps, lat 3.939 ms stddev 3.890, 0 failed
progress: 35.0 s, 39957.9 tps, lat 1.601 ms stddev 1.405, 0 failed
progress: 36.0 s, 39762.0 tps, lat 1.610 ms stddev 1.426, 0 failed
progress: 37.0 s, 39711.0 tps, lat 1.611 ms stddev 1.433, 0 failed
progress: 38.0 s, 39784.9 tps, lat 1.608 ms stddev 1.435, 0 failed
progress: 39.0 s, 40049.9 tps, lat 1.598 ms stddev 1.402, 0 failed
progress: 40.0 s, 39500.4 tps, lat 1.620 ms stddev 1.459, 0 failed
progress: 41.0 s, 37360.5 tps, lat 1.713 ms stddev 1.681, 0 failed
progress: 42.0 s, 39701.5 tps, lat 1.612 ms stddev 1.417, 0 failed
progress: 43.0 s, 40066.4 tps, lat 1.597 ms stddev 1.402, 0 failed
progress: 44.0 s, 39478.3 tps, lat 1.622 ms stddev 1.440, 0 failed
progress: 45.0 s, 39684.9 tps, lat 1.612 ms stddev 1.424, 0 failed
progress: 46.0 s, 39921.9 tps, lat 1.603 ms stddev 1.416, 0 failed
progress: 47.0 s, 40016.1 tps, lat 1.599 ms stddev 1.411, 0 failed
progress: 48.0 s, 39504.1 tps, lat 1.620 ms stddev 1.454, 0 failed
progress: 49.0 s, 39696.9 tps, lat 1.612 ms stddev 1.436, 0 failed
progress: 50.0 s, 39806.0 tps, lat 1.608 ms stddev 1.432, 0 failed
progress: 51.0 s, 39981.0 tps, lat 1.596 ms stddev 1.392, 0 failed
progress: 52.0 s, 20569.0 tps, lat 3.119 ms stddev 3.421, 0 failed
progress: 53.0 s, 39754.9 tps, lat 1.609 ms stddev 1.452, 0 failed
progress: 54.0 s, 39829.0 tps, lat 1.607 ms stddev 1.421, 0 failed
progress: 55.0 s, 40134.0 tps, lat 1.594 ms stddev 1.388, 0 failed
progress: 56.0 s, 38054.0 tps, lat 1.676 ms stddev 1.597, 0 failed
progress: 57.0 s, 37947.9 tps, lat 1.692 ms stddev 1.645, 0 failed
progress: 58.0 s, 39779.1 tps, lat 1.609 ms stddev 1.434, 0 failed
progress: 59.0 s, 40000.1 tps, lat 1.600 ms stddev 1.417, 0 failed
transaction type: star-1.sql
scaling factor: 1
query mode: prepared
number of clients: 64
number of threads: 64
maximum number of tries: 1
duration: 60 s
number of transactions actually processed: 1891075
number of failed transactions: 0 (0.000%)
latency average = 2.029 ms
latency stddev = 2.368 ms
initial connection time = 37.018 ms
tps = 31536.020445 (without initial connection time)
