pgbench (18devel, server 9.6.24)
progress: 1.0 s, 77098.0 tps, lat 0.818 ms stddev 0.964, 0 failed
progress: 2.0 s, 78357.7 tps, lat 0.817 ms stddev 0.752, 0 failed
progress: 3.0 s, 79263.9 tps, lat 0.807 ms stddev 0.737, 0 failed
progress: 4.0 s, 78248.1 tps, lat 0.818 ms stddev 0.755, 0 failed
progress: 5.0 s, 81144.8 tps, lat 0.788 ms stddev 0.704, 0 failed
progress: 6.0 s, 78429.2 tps, lat 0.816 ms stddev 0.759, 0 failed
progress: 7.0 s, 78292.0 tps, lat 0.817 ms stddev 0.756, 0 failed
progress: 8.0 s, 79066.8 tps, lat 0.809 ms stddev 0.745, 0 failed
progress: 9.0 s, 80698.1 tps, lat 0.793 ms stddev 0.708, 0 failed
progress: 10.0 s, 78579.2 tps, lat 0.814 ms stddev 0.755, 0 failed
progress: 11.0 s, 79108.1 tps, lat 0.809 ms stddev 0.748, 0 failed
progress: 12.0 s, 79022.8 tps, lat 0.810 ms stddev 0.747, 0 failed
progress: 13.0 s, 80706.2 tps, lat 0.793 ms stddev 0.715, 0 failed
progress: 14.0 s, 78308.4 tps, lat 0.817 ms stddev 0.757, 0 failed
progress: 15.0 s, 78375.4 tps, lat 0.816 ms stddev 0.755, 0 failed
progress: 16.0 s, 79381.1 tps, lat 0.806 ms stddev 0.739, 0 failed
progress: 17.0 s, 80782.1 tps, lat 0.792 ms stddev 0.715, 0 failed
progress: 18.0 s, 78241.9 tps, lat 0.818 ms stddev 0.756, 0 failed
progress: 19.0 s, 78510.0 tps, lat 0.815 ms stddev 0.755, 0 failed
progress: 20.0 s, 78929.4 tps, lat 0.811 ms stddev 0.751, 0 failed
progress: 21.0 s, 80338.6 tps, lat 0.796 ms stddev 0.719, 0 failed
progress: 22.0 s, 77460.8 tps, lat 0.826 ms stddev 0.768, 0 failed
progress: 23.0 s, 78447.1 tps, lat 0.815 ms stddev 0.757, 0 failed
progress: 24.0 s, 78736.0 tps, lat 0.813 ms stddev 0.748, 0 failed
progress: 25.0 s, 80463.3 tps, lat 0.795 ms stddev 0.718, 0 failed
progress: 26.0 s, 79599.0 tps, lat 0.804 ms stddev 0.735, 0 failed
progress: 27.0 s, 78926.7 tps, lat 0.811 ms stddev 0.745, 0 failed
progress: 28.0 s, 78320.1 tps, lat 0.817 ms stddev 0.760, 0 failed
progress: 29.0 s, 80638.9 tps, lat 0.793 ms stddev 0.720, 0 failed
progress: 30.0 s, 78711.2 tps, lat 0.813 ms stddev 0.752, 0 failed
progress: 31.0 s, 78801.3 tps, lat 0.812 ms stddev 0.754, 0 failed
progress: 32.0 s, 78762.6 tps, lat 0.812 ms stddev 0.752, 0 failed
progress: 33.0 s, 80284.9 tps, lat 0.797 ms stddev 0.725, 0 failed
progress: 34.0 s, 78585.7 tps, lat 0.814 ms stddev 0.754, 0 failed
progress: 35.0 s, 78597.4 tps, lat 0.814 ms stddev 0.749, 0 failed
progress: 36.0 s, 78689.8 tps, lat 0.813 ms stddev 0.753, 0 failed
progress: 37.0 s, 80598.2 tps, lat 0.794 ms stddev 0.714, 0 failed
progress: 38.0 s, 78826.7 tps, lat 0.812 ms stddev 0.753, 0 failed
progress: 39.0 s, 78749.9 tps, lat 0.813 ms stddev 0.753, 0 failed
progress: 40.0 s, 78148.4 tps, lat 0.819 ms stddev 0.757, 0 failed
progress: 41.0 s, 80625.0 tps, lat 0.793 ms stddev 0.718, 0 failed
progress: 42.0 s, 78651.0 tps, lat 0.813 ms stddev 0.755, 0 failed
progress: 43.0 s, 78570.5 tps, lat 0.814 ms stddev 0.756, 0 failed
progress: 44.0 s, 78475.5 tps, lat 0.815 ms stddev 0.754, 0 failed
progress: 45.0 s, 81176.0 tps, lat 0.788 ms stddev 0.710, 0 failed
progress: 46.0 s, 78272.7 tps, lat 0.818 ms stddev 0.758, 0 failed
progress: 47.0 s, 78211.1 tps, lat 0.818 ms stddev 0.761, 0 failed
progress: 48.0 s, 78375.5 tps, lat 0.817 ms stddev 0.755, 0 failed
progress: 49.0 s, 81506.2 tps, lat 0.785 ms stddev 0.704, 0 failed
progress: 50.0 s, 78638.4 tps, lat 0.814 ms stddev 0.756, 0 failed
progress: 51.0 s, 78493.6 tps, lat 0.815 ms stddev 0.756, 0 failed
progress: 52.0 s, 78249.4 tps, lat 0.818 ms stddev 0.761, 0 failed
progress: 53.0 s, 80470.7 tps, lat 0.795 ms stddev 0.718, 0 failed
progress: 54.0 s, 78235.2 tps, lat 0.818 ms stddev 0.764, 0 failed
progress: 55.0 s, 78200.9 tps, lat 0.818 ms stddev 0.758, 0 failed
progress: 56.0 s, 78340.0 tps, lat 0.817 ms stddev 0.754, 0 failed
progress: 57.0 s, 80405.2 tps, lat 0.796 ms stddev 0.725, 0 failed
progress: 58.0 s, 79078.3 tps, lat 0.809 ms stddev 0.741, 0 failed
progress: 59.0 s, 78884.5 tps, lat 0.811 ms stddev 0.748, 0 failed
transaction type: star-1-left.sql
scaling factor: 1
query mode: prepared
number of clients: 64
number of threads: 64
maximum number of tries: 1
duration: 60 s
number of transactions actually processed: 4741853
number of failed transactions: 0 (0.000%)
latency average = 0.809 ms
latency stddev = 0.748 ms
initial connection time = 39.783 ms
tps = 79080.801771 (without initial connection time)
