pgbench (18devel, server 9.4.26)
progress: 1.0 s, 44127.5 tps, lat 2.824 ms stddev 8.545, 0 failed
progress: 2.0 s, 63365.0 tps, lat 2.020 ms stddev 2.107, 0 failed
progress: 3.0 s, 63230.4 tps, lat 2.024 ms stddev 2.123, 0 failed
progress: 4.0 s, 62819.5 tps, lat 2.037 ms stddev 2.164, 0 failed
progress: 5.0 s, 62512.1 tps, lat 2.047 ms stddev 2.192, 0 failed
progress: 6.0 s, 63071.9 tps, lat 2.029 ms stddev 2.147, 0 failed
progress: 7.0 s, 63586.1 tps, lat 2.013 ms stddev 2.114, 0 failed
progress: 8.0 s, 62315.1 tps, lat 2.054 ms stddev 2.187, 0 failed
progress: 9.0 s, 62339.0 tps, lat 2.053 ms stddev 2.171, 0 failed
progress: 10.0 s, 62933.0 tps, lat 2.034 ms stddev 2.152, 0 failed
progress: 11.0 s, 63250.6 tps, lat 2.024 ms stddev 2.142, 0 failed
progress: 12.0 s, 62268.1 tps, lat 2.055 ms stddev 2.190, 0 failed
progress: 13.0 s, 62295.0 tps, lat 2.054 ms stddev 2.191, 0 failed
progress: 14.0 s, 62805.1 tps, lat 2.038 ms stddev 2.163, 0 failed
progress: 15.0 s, 63361.2 tps, lat 2.020 ms stddev 2.137, 0 failed
progress: 16.0 s, 61945.9 tps, lat 2.065 ms stddev 2.198, 0 failed
progress: 17.0 s, 62228.1 tps, lat 2.056 ms stddev 2.199, 0 failed
progress: 18.0 s, 63225.7 tps, lat 2.026 ms stddev 2.150, 0 failed
progress: 19.0 s, 63615.1 tps, lat 2.011 ms stddev 2.121, 0 failed
progress: 20.0 s, 62362.1 tps, lat 2.052 ms stddev 2.182, 0 failed
progress: 21.0 s, 62589.9 tps, lat 2.045 ms stddev 2.170, 0 failed
progress: 22.0 s, 63404.1 tps, lat 2.019 ms stddev 2.134, 0 failed
progress: 23.0 s, 63477.9 tps, lat 2.015 ms stddev 2.121, 0 failed
progress: 24.0 s, 62720.0 tps, lat 2.041 ms stddev 2.183, 0 failed
progress: 25.0 s, 63159.7 tps, lat 2.027 ms stddev 2.133, 0 failed
progress: 26.0 s, 63160.3 tps, lat 2.027 ms stddev 2.140, 0 failed
progress: 27.0 s, 63539.0 tps, lat 2.014 ms stddev 2.129, 0 failed
progress: 28.0 s, 62665.2 tps, lat 2.042 ms stddev 2.200, 0 failed
progress: 29.0 s, 62406.8 tps, lat 2.051 ms stddev 2.193, 0 failed
progress: 30.0 s, 62188.0 tps, lat 2.057 ms stddev 2.199, 0 failed
progress: 31.0 s, 62998.0 tps, lat 2.032 ms stddev 2.169, 0 failed
progress: 32.0 s, 61914.9 tps, lat 2.067 ms stddev 2.214, 0 failed
progress: 33.0 s, 62549.3 tps, lat 2.047 ms stddev 2.185, 0 failed
progress: 34.0 s, 63206.7 tps, lat 2.025 ms stddev 2.154, 0 failed
progress: 35.0 s, 63056.2 tps, lat 2.030 ms stddev 2.140, 0 failed
progress: 36.0 s, 62756.1 tps, lat 2.038 ms stddev 2.194, 0 failed
progress: 37.0 s, 63188.9 tps, lat 2.026 ms stddev 2.136, 0 failed
progress: 38.0 s, 62916.8 tps, lat 2.033 ms stddev 2.160, 0 failed
progress: 39.0 s, 63753.2 tps, lat 2.007 ms stddev 2.118, 0 failed
progress: 40.0 s, 62474.8 tps, lat 2.049 ms stddev 2.195, 0 failed
progress: 41.0 s, 62636.8 tps, lat 2.043 ms stddev 2.176, 0 failed
progress: 42.0 s, 63307.4 tps, lat 2.022 ms stddev 2.156, 0 failed
progress: 43.0 s, 63297.9 tps, lat 2.021 ms stddev 2.147, 0 failed
progress: 44.0 s, 62138.2 tps, lat 2.059 ms stddev 2.208, 0 failed
progress: 45.0 s, 62172.0 tps, lat 2.059 ms stddev 2.199, 0 failed
progress: 46.0 s, 63280.9 tps, lat 2.023 ms stddev 2.135, 0 failed
progress: 47.0 s, 63452.3 tps, lat 2.017 ms stddev 2.143, 0 failed
progress: 48.0 s, 62398.1 tps, lat 2.051 ms stddev 2.216, 0 failed
progress: 49.0 s, 62447.7 tps, lat 2.049 ms stddev 2.193, 0 failed
progress: 50.0 s, 63015.1 tps, lat 2.032 ms stddev 2.146, 0 failed
progress: 51.0 s, 63153.9 tps, lat 2.027 ms stddev 2.151, 0 failed
progress: 52.0 s, 62853.9 tps, lat 2.036 ms stddev 2.183, 0 failed
progress: 53.0 s, 62368.1 tps, lat 2.052 ms stddev 2.207, 0 failed
progress: 54.0 s, 62825.9 tps, lat 2.037 ms stddev 2.148, 0 failed
progress: 55.0 s, 63080.1 tps, lat 2.029 ms stddev 2.151, 0 failed
progress: 56.0 s, 61972.9 tps, lat 2.066 ms stddev 2.220, 0 failed
progress: 57.0 s, 61986.9 tps, lat 2.065 ms stddev 2.201, 0 failed
progress: 58.0 s, 62994.2 tps, lat 2.032 ms stddev 2.149, 0 failed
progress: 59.0 s, 63400.1 tps, lat 2.019 ms stddev 2.127, 0 failed
transaction type: star-1.sql
scaling factor: 1
query mode: prepared
number of clients: 128
number of threads: 128
maximum number of tries: 1
duration: 60 s
number of transactions actually processed: 3748733
number of failed transactions: 0 (0.000%)
latency average = 2.046 ms
latency stddev = 2.346 ms
initial connection time = 75.546 ms
tps = 62523.537644 (without initial connection time)
