pgbench (18devel, server 9.4.26)
progress: 1.0 s, 19448.2 tps, lat 12.486 ms stddev 42.000, 0 failed
progress: 2.0 s, 57248.0 tps, lat 4.471 ms stddev 4.842, 0 failed
progress: 3.0 s, 57908.9 tps, lat 4.421 ms stddev 4.738, 0 failed
progress: 4.0 s, 56658.8 tps, lat 4.516 ms stddev 4.909, 0 failed
progress: 5.0 s, 56733.3 tps, lat 4.511 ms stddev 4.916, 0 failed
progress: 6.0 s, 57376.1 tps, lat 4.463 ms stddev 4.861, 0 failed
progress: 7.0 s, 58466.1 tps, lat 4.378 ms stddev 4.693, 0 failed
progress: 8.0 s, 57562.9 tps, lat 4.447 ms stddev 4.866, 0 failed
progress: 9.0 s, 57087.0 tps, lat 4.482 ms stddev 4.879, 0 failed
progress: 10.0 s, 56519.0 tps, lat 4.533 ms stddev 4.942, 0 failed
progress: 11.0 s, 57914.9 tps, lat 4.418 ms stddev 4.806, 0 failed
progress: 12.0 s, 56604.1 tps, lat 4.523 ms stddev 4.942, 0 failed
progress: 13.0 s, 56335.1 tps, lat 4.546 ms stddev 4.985, 0 failed
progress: 14.0 s, 56809.2 tps, lat 4.505 ms stddev 4.902, 0 failed
progress: 15.0 s, 57844.4 tps, lat 4.426 ms stddev 4.773, 0 failed
progress: 16.0 s, 55232.4 tps, lat 4.632 ms stddev 5.031, 0 failed
progress: 17.0 s, 56944.7 tps, lat 4.497 ms stddev 4.972, 0 failed
progress: 18.0 s, 56912.3 tps, lat 4.498 ms stddev 4.923, 0 failed
progress: 19.0 s, 58091.9 tps, lat 4.407 ms stddev 4.767, 0 failed
progress: 20.0 s, 56556.9 tps, lat 4.523 ms stddev 4.969, 0 failed
progress: 21.0 s, 56698.3 tps, lat 4.518 ms stddev 4.988, 0 failed
progress: 22.0 s, 57414.6 tps, lat 4.459 ms stddev 4.906, 0 failed
progress: 23.0 s, 57054.1 tps, lat 4.484 ms stddev 4.875, 0 failed
progress: 24.0 s, 55933.9 tps, lat 4.576 ms stddev 5.005, 0 failed
progress: 25.0 s, 56107.2 tps, lat 4.567 ms stddev 4.984, 0 failed
progress: 26.0 s, 57584.0 tps, lat 4.444 ms stddev 4.752, 0 failed
progress: 27.0 s, 57775.9 tps, lat 4.429 ms stddev 4.780, 0 failed
progress: 28.0 s, 56860.8 tps, lat 4.505 ms stddev 4.937, 0 failed
progress: 29.0 s, 56780.1 tps, lat 4.506 ms stddev 4.942, 0 failed
progress: 30.0 s, 56906.3 tps, lat 4.497 ms stddev 4.941, 0 failed
progress: 31.0 s, 57629.9 tps, lat 4.443 ms stddev 4.787, 0 failed
progress: 32.0 s, 56802.9 tps, lat 4.507 ms stddev 4.947, 0 failed
progress: 33.0 s, 56685.0 tps, lat 4.514 ms stddev 4.935, 0 failed
progress: 34.0 s, 56527.8 tps, lat 4.528 ms stddev 4.949, 0 failed
progress: 35.0 s, 57162.9 tps, lat 4.477 ms stddev 4.814, 0 failed
progress: 36.0 s, 56454.3 tps, lat 4.537 ms stddev 4.954, 0 failed
progress: 37.0 s, 56853.9 tps, lat 4.500 ms stddev 4.932, 0 failed
progress: 38.0 s, 56754.1 tps, lat 4.515 ms stddev 4.951, 0 failed
progress: 39.0 s, 58171.1 tps, lat 4.398 ms stddev 4.769, 0 failed
progress: 40.0 s, 56563.8 tps, lat 4.527 ms stddev 4.980, 0 failed
progress: 41.0 s, 56616.1 tps, lat 4.520 ms stddev 4.991, 0 failed
progress: 42.0 s, 56500.8 tps, lat 4.531 ms stddev 4.944, 0 failed
progress: 43.0 s, 58122.2 tps, lat 4.403 ms stddev 4.791, 0 failed
progress: 44.0 s, 56311.9 tps, lat 4.547 ms stddev 5.041, 0 failed
progress: 45.0 s, 57039.1 tps, lat 4.488 ms stddev 4.929, 0 failed
progress: 46.0 s, 57238.1 tps, lat 4.474 ms stddev 4.931, 0 failed
progress: 47.0 s, 57701.7 tps, lat 4.436 ms stddev 4.804, 0 failed
progress: 48.0 s, 56621.2 tps, lat 4.519 ms stddev 4.980, 0 failed
progress: 49.0 s, 56621.9 tps, lat 4.521 ms stddev 4.958, 0 failed
progress: 50.0 s, 56988.9 tps, lat 4.491 ms stddev 4.917, 0 failed
progress: 51.0 s, 58207.1 tps, lat 4.401 ms stddev 4.749, 0 failed
progress: 52.0 s, 56680.9 tps, lat 4.513 ms stddev 4.969, 0 failed
progress: 53.0 s, 57021.2 tps, lat 4.490 ms stddev 4.952, 0 failed
progress: 54.0 s, 56908.7 tps, lat 4.500 ms stddev 4.929, 0 failed
progress: 55.0 s, 57758.3 tps, lat 4.430 ms stddev 4.781, 0 failed
progress: 56.0 s, 56865.9 tps, lat 4.504 ms stddev 4.959, 0 failed
progress: 57.0 s, 56660.7 tps, lat 4.520 ms stddev 4.968, 0 failed
progress: 58.0 s, 57178.3 tps, lat 4.475 ms stddev 4.890, 0 failed
progress: 59.0 s, 57937.8 tps, lat 4.416 ms stddev 4.749, 0 failed
transaction type: star-1.sql
scaling factor: 1
query mode: prepared
number of clients: 256
number of threads: 256
maximum number of tries: 1
duration: 60 s
number of transactions actually processed: 3379730
number of failed transactions: 0 (0.000%)
latency average = 4.535 ms
latency stddev = 5.869 ms
initial connection time = 148.523 ms
tps = 56406.265034 (without initial connection time)
