pgbench (18devel, server 9.4.26)
progress: 1.0 s, 55307.7 tps, lat 1.137 ms stddev 2.926, 0 failed
progress: 2.0 s, 63767.3 tps, lat 1.004 ms stddev 0.973, 0 failed
progress: 3.0 s, 63234.0 tps, lat 1.012 ms stddev 0.988, 0 failed
progress: 4.0 s, 62871.3 tps, lat 1.018 ms stddev 1.001, 0 failed
progress: 5.0 s, 62862.8 tps, lat 1.018 ms stddev 0.992, 0 failed
progress: 6.0 s, 63787.8 tps, lat 1.003 ms stddev 0.977, 0 failed
progress: 7.0 s, 63973.9 tps, lat 1.000 ms stddev 0.963, 0 failed
progress: 8.0 s, 63236.9 tps, lat 1.012 ms stddev 0.990, 0 failed
progress: 9.0 s, 62942.1 tps, lat 1.017 ms stddev 1.001, 0 failed
progress: 10.0 s, 63533.0 tps, lat 1.007 ms stddev 0.988, 0 failed
progress: 11.0 s, 63883.0 tps, lat 1.001 ms stddev 0.983, 0 failed
progress: 12.0 s, 63276.2 tps, lat 1.011 ms stddev 0.992, 0 failed
progress: 13.0 s, 63101.6 tps, lat 1.014 ms stddev 0.996, 0 failed
progress: 14.0 s, 63738.2 tps, lat 1.004 ms stddev 0.980, 0 failed
progress: 15.0 s, 64400.1 tps, lat 0.993 ms stddev 0.960, 0 failed
progress: 16.0 s, 63136.0 tps, lat 1.013 ms stddev 0.994, 0 failed
progress: 17.0 s, 63545.6 tps, lat 1.007 ms stddev 0.985, 0 failed
progress: 18.0 s, 63802.5 tps, lat 1.003 ms stddev 0.969, 0 failed
progress: 19.0 s, 63339.9 tps, lat 1.010 ms stddev 0.996, 0 failed
progress: 20.0 s, 62416.9 tps, lat 1.025 ms stddev 1.016, 0 failed
progress: 21.0 s, 62783.9 tps, lat 1.019 ms stddev 1.004, 0 failed
progress: 22.0 s, 63602.3 tps, lat 1.006 ms stddev 0.977, 0 failed
progress: 23.0 s, 63986.7 tps, lat 1.000 ms stddev 0.978, 0 failed
progress: 24.0 s, 62629.3 tps, lat 1.022 ms stddev 1.004, 0 failed
progress: 25.0 s, 63376.9 tps, lat 1.010 ms stddev 0.984, 0 failed
progress: 26.0 s, 63279.1 tps, lat 1.011 ms stddev 0.998, 0 failed
progress: 27.0 s, 63845.7 tps, lat 1.002 ms stddev 0.984, 0 failed
progress: 28.0 s, 63175.3 tps, lat 1.013 ms stddev 0.998, 0 failed
progress: 29.0 s, 62628.7 tps, lat 1.022 ms stddev 1.013, 0 failed
progress: 30.0 s, 63662.8 tps, lat 1.005 ms stddev 0.981, 0 failed
progress: 31.0 s, 63765.2 tps, lat 1.004 ms stddev 0.988, 0 failed
progress: 32.0 s, 62812.1 tps, lat 1.019 ms stddev 1.009, 0 failed
progress: 33.0 s, 63295.9 tps, lat 1.011 ms stddev 0.986, 0 failed
progress: 34.0 s, 64026.9 tps, lat 0.999 ms stddev 0.971, 0 failed
progress: 35.0 s, 63945.2 tps, lat 1.001 ms stddev 0.973, 0 failed
progress: 36.0 s, 62849.0 tps, lat 1.018 ms stddev 1.005, 0 failed
progress: 37.0 s, 62825.9 tps, lat 1.018 ms stddev 1.003, 0 failed
progress: 38.0 s, 63380.1 tps, lat 1.010 ms stddev 0.982, 0 failed
progress: 39.0 s, 63709.9 tps, lat 1.004 ms stddev 0.987, 0 failed
progress: 40.0 s, 62727.1 tps, lat 1.020 ms stddev 1.006, 0 failed
progress: 41.0 s, 63123.8 tps, lat 1.014 ms stddev 1.004, 0 failed
progress: 42.0 s, 63428.1 tps, lat 1.009 ms stddev 0.988, 0 failed
progress: 43.0 s, 63606.9 tps, lat 1.006 ms stddev 0.985, 0 failed
progress: 44.0 s, 62988.2 tps, lat 1.016 ms stddev 1.002, 0 failed
progress: 45.0 s, 62634.8 tps, lat 1.021 ms stddev 1.016, 0 failed
progress: 46.0 s, 63855.0 tps, lat 1.002 ms stddev 0.986, 0 failed
progress: 47.0 s, 62993.9 tps, lat 1.016 ms stddev 1.010, 0 failed
progress: 48.0 s, 63071.1 tps, lat 1.015 ms stddev 0.996, 0 failed
progress: 49.0 s, 62960.3 tps, lat 1.016 ms stddev 1.004, 0 failed
progress: 50.0 s, 64152.0 tps, lat 0.997 ms stddev 0.980, 0 failed
progress: 51.0 s, 64274.9 tps, lat 0.995 ms stddev 0.971, 0 failed
progress: 52.0 s, 62260.3 tps, lat 1.028 ms stddev 1.018, 0 failed
progress: 53.0 s, 62471.5 tps, lat 1.024 ms stddev 1.010, 0 failed
progress: 54.0 s, 63614.9 tps, lat 1.006 ms stddev 0.983, 0 failed
progress: 55.0 s, 62987.3 tps, lat 1.016 ms stddev 1.000, 0 failed
progress: 56.0 s, 62971.6 tps, lat 1.016 ms stddev 1.004, 0 failed
progress: 57.0 s, 63299.0 tps, lat 1.011 ms stddev 0.993, 0 failed
progress: 58.0 s, 64341.3 tps, lat 0.995 ms stddev 0.973, 0 failed
progress: 59.0 s, 64301.0 tps, lat 0.995 ms stddev 0.975, 0 failed
transaction type: star-1.sql
scaling factor: 1
query mode: prepared
number of clients: 64
number of threads: 64
maximum number of tries: 1
duration: 60 s
number of transactions actually processed: 3791690
number of failed transactions: 0 (0.000%)
latency average = 1.012 ms
latency stddev = 1.045 ms
initial connection time = 42.528 ms
tps = 63237.361513 (without initial connection time)
