pgbench (18devel, server 12.20)
progress: 1.0 s, 26448.4 tps, lat 2.383 ms stddev 0.977, 0 failed
progress: 2.0 s, 27623.1 tps, lat 2.316 ms stddev 0.585, 0 failed
progress: 3.0 s, 26618.8 tps, lat 2.404 ms stddev 0.597, 0 failed
progress: 4.0 s, 26551.1 tps, lat 2.410 ms stddev 0.600, 0 failed
progress: 5.0 s, 26606.0 tps, lat 2.405 ms stddev 0.597, 0 failed
progress: 6.0 s, 26678.9 tps, lat 2.399 ms stddev 0.599, 0 failed
progress: 7.0 s, 26420.0 tps, lat 2.422 ms stddev 0.593, 0 failed
progress: 8.0 s, 26453.0 tps, lat 2.419 ms stddev 0.598, 0 failed
progress: 9.0 s, 26551.1 tps, lat 2.410 ms stddev 0.603, 0 failed
progress: 10.0 s, 26641.0 tps, lat 2.402 ms stddev 0.600, 0 failed
progress: 11.0 s, 26569.2 tps, lat 2.409 ms stddev 0.593, 0 failed
progress: 12.0 s, 26683.8 tps, lat 2.398 ms stddev 0.600, 0 failed
progress: 13.0 s, 26709.1 tps, lat 2.396 ms stddev 0.599, 0 failed
progress: 14.0 s, 26784.0 tps, lat 2.389 ms stddev 0.601, 0 failed
progress: 15.0 s, 26770.0 tps, lat 2.391 ms stddev 0.602, 0 failed
progress: 16.0 s, 26709.9 tps, lat 2.395 ms stddev 0.601, 0 failed
progress: 17.0 s, 26351.2 tps, lat 2.428 ms stddev 0.591, 0 failed
progress: 18.0 s, 26736.0 tps, lat 2.394 ms stddev 0.603, 0 failed
progress: 19.0 s, 26808.4 tps, lat 2.386 ms stddev 0.602, 0 failed
progress: 20.0 s, 26724.3 tps, lat 2.395 ms stddev 0.604, 0 failed
progress: 21.0 s, 26704.0 tps, lat 2.396 ms stddev 0.602, 0 failed
progress: 22.0 s, 26244.2 tps, lat 2.438 ms stddev 0.586, 0 failed
progress: 23.0 s, 26481.0 tps, lat 2.417 ms stddev 0.594, 0 failed
progress: 24.0 s, 26583.8 tps, lat 2.406 ms stddev 0.596, 0 failed
progress: 25.0 s, 26452.0 tps, lat 2.419 ms stddev 0.594, 0 failed
progress: 26.0 s, 26471.3 tps, lat 2.417 ms stddev 0.600, 0 failed
progress: 27.0 s, 26782.8 tps, lat 2.389 ms stddev 0.605, 0 failed
progress: 28.0 s, 26939.0 tps, lat 2.376 ms stddev 0.608, 0 failed
progress: 29.0 s, 26547.2 tps, lat 2.410 ms stddev 0.596, 0 failed
progress: 30.0 s, 26518.8 tps, lat 2.413 ms stddev 0.594, 0 failed
progress: 31.0 s, 26511.1 tps, lat 2.413 ms stddev 0.597, 0 failed
progress: 32.0 s, 26374.0 tps, lat 2.426 ms stddev 0.591, 0 failed
progress: 33.0 s, 26667.9 tps, lat 2.399 ms stddev 0.600, 0 failed
progress: 34.0 s, 26500.0 tps, lat 2.414 ms stddev 0.595, 0 failed
progress: 35.0 s, 26613.2 tps, lat 2.404 ms stddev 0.599, 0 failed
progress: 36.0 s, 26644.8 tps, lat 2.402 ms stddev 0.600, 0 failed
progress: 37.0 s, 26596.1 tps, lat 2.406 ms stddev 0.602, 0 failed
progress: 38.0 s, 26405.1 tps, lat 2.424 ms stddev 0.593, 0 failed
progress: 39.0 s, 26423.9 tps, lat 2.422 ms stddev 0.592, 0 failed
progress: 40.0 s, 26439.9 tps, lat 2.420 ms stddev 0.593, 0 failed
progress: 41.0 s, 26293.2 tps, lat 2.433 ms stddev 0.593, 0 failed
progress: 42.0 s, 26449.9 tps, lat 2.419 ms stddev 0.596, 0 failed
progress: 43.0 s, 26713.2 tps, lat 2.395 ms stddev 0.602, 0 failed
progress: 44.0 s, 26430.8 tps, lat 2.421 ms stddev 0.593, 0 failed
progress: 45.0 s, 26451.1 tps, lat 2.419 ms stddev 0.598, 0 failed
progress: 46.0 s, 26641.0 tps, lat 2.402 ms stddev 0.604, 0 failed
progress: 47.0 s, 26678.1 tps, lat 2.398 ms stddev 0.604, 0 failed
progress: 48.0 s, 26274.0 tps, lat 2.436 ms stddev 0.587, 0 failed
progress: 49.0 s, 26481.0 tps, lat 2.417 ms stddev 0.600, 0 failed
progress: 50.0 s, 26636.9 tps, lat 2.402 ms stddev 0.602, 0 failed
progress: 51.0 s, 26368.1 tps, lat 2.426 ms stddev 0.593, 0 failed
progress: 52.0 s, 26416.0 tps, lat 2.423 ms stddev 0.594, 0 failed
progress: 53.0 s, 26360.8 tps, lat 2.427 ms stddev 0.593, 0 failed
progress: 54.0 s, 26725.1 tps, lat 2.394 ms stddev 0.605, 0 failed
progress: 55.0 s, 26458.1 tps, lat 2.418 ms stddev 0.593, 0 failed
progress: 56.0 s, 26472.0 tps, lat 2.417 ms stddev 0.596, 0 failed
progress: 57.0 s, 26697.0 tps, lat 2.396 ms stddev 0.606, 0 failed
progress: 58.0 s, 26774.9 tps, lat 2.390 ms stddev 0.604, 0 failed
progress: 59.0 s, 26496.0 tps, lat 2.415 ms stddev 0.600, 0 failed
transaction type: star-1.sql
scaling factor: 1
query mode: simple
number of clients: 64
number of threads: 64
maximum number of tries: 1
duration: 60 s
number of transactions actually processed: 1594058
number of failed transactions: 0 (0.000%)
latency average = 2.407 ms
latency stddev = 0.606 ms
initial connection time = 37.986 ms
tps = 26582.629924 (without initial connection time)
