pgbench (18devel, server 14.13)
progress: 1.0 s, 1908.9 tps, lat 62.919 ms stddev 28.767, 0 failed
progress: 2.0 s, 2117.0 tps, lat 60.537 ms stddev 20.563, 0 failed
progress: 3.0 s, 2071.0 tps, lat 62.098 ms stddev 23.213, 0 failed
progress: 4.0 s, 2052.9 tps, lat 62.254 ms stddev 20.954, 0 failed
progress: 5.0 s, 2057.0 tps, lat 62.239 ms stddev 20.047, 0 failed
progress: 6.0 s, 2062.0 tps, lat 62.002 ms stddev 20.030, 0 failed
progress: 7.0 s, 2056.0 tps, lat 62.026 ms stddev 19.662, 0 failed
progress: 8.0 s, 2058.0 tps, lat 62.206 ms stddev 19.906, 0 failed
progress: 9.0 s, 2064.0 tps, lat 62.243 ms stddev 18.961, 0 failed
progress: 10.0 s, 2055.0 tps, lat 62.152 ms stddev 18.803, 0 failed
progress: 11.0 s, 2063.0 tps, lat 62.159 ms stddev 18.936, 0 failed
progress: 12.0 s, 2053.0 tps, lat 62.236 ms stddev 19.161, 0 failed
progress: 13.0 s, 2049.0 tps, lat 62.331 ms stddev 20.106, 0 failed
progress: 14.0 s, 2056.0 tps, lat 62.514 ms stddev 20.332, 0 failed
progress: 15.0 s, 2051.0 tps, lat 62.491 ms stddev 19.434, 0 failed
progress: 16.0 s, 2042.0 tps, lat 62.371 ms stddev 20.421, 0 failed
progress: 17.0 s, 2062.0 tps, lat 62.359 ms stddev 19.434, 0 failed
progress: 18.0 s, 2045.5 tps, lat 62.418 ms stddev 20.471, 0 failed
progress: 19.0 s, 2052.6 tps, lat 62.494 ms stddev 20.069, 0 failed
progress: 20.0 s, 2037.9 tps, lat 62.476 ms stddev 19.956, 0 failed
progress: 21.0 s, 2054.0 tps, lat 62.495 ms stddev 20.070, 0 failed
progress: 22.0 s, 2050.0 tps, lat 62.375 ms stddev 19.893, 0 failed
progress: 23.0 s, 2058.0 tps, lat 62.458 ms stddev 19.471, 0 failed
progress: 24.0 s, 2043.0 tps, lat 62.403 ms stddev 18.943, 0 failed
progress: 25.0 s, 2047.1 tps, lat 62.461 ms stddev 18.997, 0 failed
progress: 26.0 s, 2044.9 tps, lat 62.573 ms stddev 18.973, 0 failed
progress: 27.0 s, 2046.0 tps, lat 62.565 ms stddev 18.465, 0 failed
progress: 28.0 s, 2054.0 tps, lat 62.697 ms stddev 19.125, 0 failed
progress: 29.0 s, 2042.0 tps, lat 62.579 ms stddev 19.237, 0 failed
progress: 30.0 s, 2042.0 tps, lat 62.490 ms stddev 18.606, 0 failed
progress: 31.0 s, 2047.1 tps, lat 62.585 ms stddev 19.914, 0 failed
progress: 32.0 s, 2045.9 tps, lat 62.637 ms stddev 20.434, 0 failed
progress: 33.0 s, 2039.0 tps, lat 62.679 ms stddev 19.397, 0 failed
progress: 34.0 s, 2042.0 tps, lat 62.603 ms stddev 20.051, 0 failed
progress: 35.0 s, 2043.0 tps, lat 62.705 ms stddev 19.902, 0 failed
progress: 36.0 s, 2039.0 tps, lat 62.667 ms stddev 20.166, 0 failed
progress: 37.0 s, 2052.0 tps, lat 62.615 ms stddev 19.866, 0 failed
progress: 38.0 s, 2037.0 tps, lat 62.767 ms stddev 19.025, 0 failed
progress: 39.0 s, 2040.0 tps, lat 62.579 ms stddev 18.973, 0 failed
progress: 40.0 s, 2041.1 tps, lat 62.801 ms stddev 19.885, 0 failed
progress: 41.0 s, 2044.9 tps, lat 62.629 ms stddev 19.472, 0 failed
progress: 42.0 s, 2039.1 tps, lat 62.649 ms stddev 19.826, 0 failed
progress: 43.0 s, 2050.0 tps, lat 62.419 ms stddev 19.982, 0 failed
progress: 44.0 s, 2043.9 tps, lat 62.932 ms stddev 19.470, 0 failed
progress: 45.0 s, 2040.0 tps, lat 62.639 ms stddev 18.819, 0 failed
progress: 46.0 s, 2034.0 tps, lat 62.870 ms stddev 19.432, 0 failed
progress: 47.0 s, 2047.0 tps, lat 62.639 ms stddev 18.538, 0 failed
progress: 48.0 s, 2039.0 tps, lat 62.811 ms stddev 19.849, 0 failed
progress: 49.0 s, 2036.9 tps, lat 62.688 ms stddev 19.174, 0 failed
progress: 50.0 s, 2052.1 tps, lat 62.684 ms stddev 19.871, 0 failed
progress: 51.0 s, 2037.0 tps, lat 62.642 ms stddev 19.464, 0 failed
progress: 52.0 s, 2024.0 tps, lat 62.887 ms stddev 19.870, 0 failed
progress: 53.0 s, 2048.0 tps, lat 62.590 ms stddev 20.438, 0 failed
progress: 54.0 s, 2044.0 tps, lat 62.864 ms stddev 20.212, 0 failed
progress: 55.0 s, 2037.0 tps, lat 62.663 ms stddev 19.751, 0 failed
progress: 56.0 s, 2042.0 tps, lat 62.788 ms stddev 20.421, 0 failed
progress: 57.0 s, 2045.0 tps, lat 62.727 ms stddev 19.497, 0 failed
progress: 58.0 s, 2037.1 tps, lat 62.672 ms stddev 19.521, 0 failed
progress: 59.0 s, 2040.9 tps, lat 62.835 ms stddev 19.310, 0 failed
transaction type: star-1.sql
scaling factor: 1
query mode: simple
number of clients: 128
number of threads: 128
maximum number of tries: 1
duration: 60 s
number of transactions actually processed: 122755
number of failed transactions: 0 (0.000%)
latency average = 62.508 ms
latency stddev = 19.891 ms
initial connection time = 75.152 ms
tps = 2046.793479 (without initial connection time)
