pgbench (18devel, server 14.13)
progress: 1.0 s, 1690.8 tps, lat 118.900 ms stddev 148.253, 0 failed
progress: 2.0 s, 1953.9 tps, lat 142.228 ms stddev 114.590, 0 failed
progress: 3.0 s, 1948.1 tps, lat 131.886 ms stddev 48.562, 0 failed
progress: 4.0 s, 1938.0 tps, lat 131.843 ms stddev 51.671, 0 failed
progress: 5.0 s, 1985.0 tps, lat 128.116 ms stddev 46.691, 0 failed
progress: 6.0 s, 1958.9 tps, lat 132.341 ms stddev 42.605, 0 failed
progress: 7.0 s, 1978.2 tps, lat 129.247 ms stddev 50.970, 0 failed
progress: 8.0 s, 1977.9 tps, lat 129.271 ms stddev 52.359, 0 failed
progress: 9.0 s, 1974.1 tps, lat 129.967 ms stddev 31.401, 0 failed
progress: 10.0 s, 1985.0 tps, lat 129.510 ms stddev 33.307, 0 failed
progress: 11.0 s, 1972.0 tps, lat 128.332 ms stddev 45.519, 0 failed
progress: 12.0 s, 1975.0 tps, lat 129.653 ms stddev 53.945, 0 failed
progress: 13.0 s, 1960.0 tps, lat 132.051 ms stddev 42.872, 0 failed
progress: 14.0 s, 1968.9 tps, lat 129.301 ms stddev 41.241, 0 failed
progress: 15.0 s, 1962.1 tps, lat 129.583 ms stddev 39.532, 0 failed
progress: 16.0 s, 1989.0 tps, lat 130.421 ms stddev 38.785, 0 failed
progress: 17.0 s, 1941.0 tps, lat 128.693 ms stddev 40.146, 0 failed
progress: 18.0 s, 1987.9 tps, lat 131.727 ms stddev 39.211, 0 failed
progress: 19.0 s, 1977.1 tps, lat 126.604 ms stddev 47.434, 0 failed
progress: 20.0 s, 1976.0 tps, lat 131.974 ms stddev 58.565, 0 failed
progress: 21.0 s, 1967.0 tps, lat 130.286 ms stddev 37.440, 0 failed
progress: 22.0 s, 1952.0 tps, lat 129.999 ms stddev 39.380, 0 failed
progress: 23.0 s, 1958.9 tps, lat 132.285 ms stddev 39.226, 0 failed
progress: 24.0 s, 1954.1 tps, lat 130.660 ms stddev 26.970, 0 failed
progress: 25.0 s, 1965.0 tps, lat 130.417 ms stddev 33.687, 0 failed
progress: 26.0 s, 1936.0 tps, lat 131.745 ms stddev 35.033, 0 failed
progress: 27.0 s, 1939.0 tps, lat 130.491 ms stddev 44.222, 0 failed
progress: 28.0 s, 1943.8 tps, lat 132.940 ms stddev 38.247, 0 failed
progress: 29.0 s, 1947.2 tps, lat 131.117 ms stddev 36.891, 0 failed
progress: 30.0 s, 1896.9 tps, lat 135.019 ms stddev 48.203, 0 failed
progress: 31.0 s, 1938.1 tps, lat 130.569 ms stddev 61.065, 0 failed
progress: 32.0 s, 1914.0 tps, lat 136.303 ms stddev 46.977, 0 failed
progress: 33.0 s, 1933.0 tps, lat 131.635 ms stddev 44.968, 0 failed
progress: 34.0 s, 1903.9 tps, lat 134.790 ms stddev 44.542, 0 failed
progress: 35.0 s, 1920.9 tps, lat 133.419 ms stddev 39.591, 0 failed
progress: 36.0 s, 1925.1 tps, lat 132.905 ms stddev 34.327, 0 failed
progress: 37.0 s, 1929.1 tps, lat 132.211 ms stddev 39.111, 0 failed
progress: 38.0 s, 1949.8 tps, lat 132.022 ms stddev 34.262, 0 failed
progress: 39.0 s, 1943.2 tps, lat 131.577 ms stddev 30.649, 0 failed
progress: 40.0 s, 1952.9 tps, lat 131.173 ms stddev 38.515, 0 failed
progress: 41.0 s, 1978.2 tps, lat 128.174 ms stddev 36.847, 0 failed
progress: 42.0 s, 1930.9 tps, lat 133.881 ms stddev 49.562, 0 failed
progress: 43.0 s, 1973.1 tps, lat 130.208 ms stddev 31.691, 0 failed
progress: 44.0 s, 1964.0 tps, lat 130.120 ms stddev 39.974, 0 failed
progress: 45.0 s, 1940.0 tps, lat 130.851 ms stddev 38.877, 0 failed
progress: 46.0 s, 1976.1 tps, lat 131.064 ms stddev 41.880, 0 failed
progress: 47.0 s, 1946.0 tps, lat 130.720 ms stddev 44.104, 0 failed
progress: 48.0 s, 1959.9 tps, lat 130.732 ms stddev 48.712, 0 failed
progress: 49.0 s, 1949.1 tps, lat 131.182 ms stddev 37.479, 0 failed
progress: 50.0 s, 1975.0 tps, lat 129.456 ms stddev 51.215, 0 failed
progress: 51.0 s, 1946.9 tps, lat 132.171 ms stddev 38.654, 0 failed
progress: 52.0 s, 1971.0 tps, lat 130.118 ms stddev 36.260, 0 failed
progress: 53.0 s, 1946.9 tps, lat 131.325 ms stddev 49.585, 0 failed
progress: 54.0 s, 1931.9 tps, lat 132.236 ms stddev 36.793, 0 failed
progress: 55.0 s, 1948.1 tps, lat 130.981 ms stddev 34.939, 0 failed
progress: 56.0 s, 1954.0 tps, lat 131.755 ms stddev 39.288, 0 failed
progress: 57.0 s, 1955.7 tps, lat 129.447 ms stddev 33.610, 0 failed
progress: 58.0 s, 1942.2 tps, lat 132.222 ms stddev 54.351, 0 failed
progress: 59.0 s, 1937.1 tps, lat 132.463 ms stddev 34.874, 0 failed
transaction type: star-1.sql
scaling factor: 1
query mode: simple
number of clients: 256
number of threads: 256
maximum number of tries: 1
duration: 60 s
number of transactions actually processed: 117011
number of failed transactions: 0 (0.000%)
latency average = 131.046 ms
latency stddev = 47.692 ms
initial connection time = 148.670 ms
tps = 1951.743134 (without initial connection time)
