pgbench (18devel, server 14.13)
progress: 1.0 s, 2002.8 tps, lat 30.896 ms stddev 10.888, 0 failed
progress: 2.0 s, 2076.0 tps, lat 30.876 ms stddev 9.951, 0 failed
progress: 3.0 s, 2111.0 tps, lat 30.406 ms stddev 9.966, 0 failed
progress: 4.0 s, 2095.0 tps, lat 30.491 ms stddev 9.953, 0 failed
progress: 5.0 s, 2089.0 tps, lat 30.553 ms stddev 9.934, 0 failed
progress: 6.0 s, 2101.9 tps, lat 30.519 ms stddev 9.922, 0 failed
progress: 7.0 s, 2104.1 tps, lat 30.434 ms stddev 9.960, 0 failed
progress: 8.0 s, 2098.0 tps, lat 30.452 ms stddev 9.945, 0 failed
progress: 9.0 s, 2106.0 tps, lat 30.418 ms stddev 9.933, 0 failed
progress: 10.0 s, 2094.0 tps, lat 30.476 ms stddev 9.948, 0 failed
progress: 11.0 s, 2099.0 tps, lat 30.523 ms stddev 9.929, 0 failed
progress: 12.0 s, 2101.0 tps, lat 30.567 ms stddev 9.923, 0 failed
progress: 13.0 s, 2096.0 tps, lat 30.441 ms stddev 9.928, 0 failed
progress: 14.0 s, 2105.0 tps, lat 30.536 ms stddev 9.944, 0 failed
progress: 15.0 s, 2083.0 tps, lat 30.717 ms stddev 9.877, 0 failed
progress: 16.0 s, 2093.0 tps, lat 30.450 ms stddev 9.944, 0 failed
progress: 17.0 s, 2099.0 tps, lat 30.585 ms stddev 9.921, 0 failed
progress: 18.0 s, 2098.0 tps, lat 30.356 ms stddev 9.947, 0 failed
progress: 19.0 s, 2094.0 tps, lat 30.700 ms stddev 9.953, 0 failed
progress: 20.0 s, 2098.0 tps, lat 30.386 ms stddev 10.020, 0 failed
progress: 21.0 s, 2104.0 tps, lat 30.426 ms stddev 10.025, 0 failed
progress: 22.0 s, 2109.0 tps, lat 30.447 ms stddev 10.040, 0 failed
progress: 23.0 s, 2100.0 tps, lat 30.443 ms stddev 10.016, 0 failed
progress: 24.0 s, 2103.0 tps, lat 30.415 ms stddev 9.984, 0 failed
progress: 25.0 s, 2109.0 tps, lat 30.431 ms stddev 10.004, 0 failed
progress: 26.0 s, 2091.0 tps, lat 30.599 ms stddev 10.025, 0 failed
progress: 27.0 s, 2094.0 tps, lat 30.472 ms stddev 10.062, 0 failed
progress: 28.0 s, 2101.0 tps, lat 30.456 ms stddev 10.056, 0 failed
progress: 29.0 s, 2096.0 tps, lat 30.550 ms stddev 10.037, 0 failed
progress: 30.0 s, 2102.0 tps, lat 30.489 ms stddev 10.040, 0 failed
progress: 31.0 s, 2096.0 tps, lat 30.475 ms stddev 10.010, 0 failed
progress: 32.0 s, 2104.0 tps, lat 30.519 ms stddev 10.027, 0 failed
progress: 33.0 s, 2096.1 tps, lat 30.579 ms stddev 10.024, 0 failed
progress: 34.0 s, 2095.0 tps, lat 30.409 ms stddev 10.007, 0 failed
progress: 35.0 s, 2104.0 tps, lat 30.473 ms stddev 9.985, 0 failed
progress: 36.0 s, 2091.0 tps, lat 30.615 ms stddev 9.951, 0 failed
progress: 37.0 s, 2089.0 tps, lat 30.546 ms stddev 9.962, 0 failed
progress: 38.0 s, 2101.0 tps, lat 30.529 ms stddev 9.945, 0 failed
progress: 39.0 s, 2081.9 tps, lat 30.817 ms stddev 9.942, 0 failed
progress: 40.0 s, 2084.1 tps, lat 30.577 ms stddev 9.991, 0 failed
progress: 41.0 s, 2101.0 tps, lat 30.561 ms stddev 9.992, 0 failed
progress: 42.0 s, 2085.0 tps, lat 30.540 ms stddev 9.963, 0 failed
progress: 43.0 s, 2106.0 tps, lat 30.468 ms stddev 9.986, 0 failed
progress: 44.0 s, 2105.0 tps, lat 30.453 ms stddev 10.018, 0 failed
progress: 45.0 s, 2093.0 tps, lat 30.496 ms stddev 9.982, 0 failed
progress: 46.0 s, 2082.0 tps, lat 30.633 ms stddev 10.021, 0 failed
progress: 47.0 s, 2103.0 tps, lat 30.554 ms stddev 10.020, 0 failed
progress: 48.0 s, 2101.0 tps, lat 30.418 ms stddev 10.016, 0 failed
progress: 49.0 s, 2101.0 tps, lat 30.425 ms stddev 9.994, 0 failed
progress: 50.0 s, 2109.0 tps, lat 30.464 ms stddev 10.069, 0 failed
progress: 51.0 s, 2071.0 tps, lat 30.946 ms stddev 9.965, 0 failed
progress: 52.0 s, 2089.0 tps, lat 30.521 ms stddev 10.007, 0 failed
progress: 53.0 s, 2093.0 tps, lat 30.573 ms stddev 9.990, 0 failed
progress: 54.0 s, 2096.0 tps, lat 30.551 ms stddev 10.003, 0 failed
progress: 55.0 s, 2104.0 tps, lat 30.500 ms stddev 9.993, 0 failed
progress: 56.0 s, 2063.9 tps, lat 30.902 ms stddev 9.985, 0 failed
progress: 57.0 s, 2102.0 tps, lat 30.466 ms stddev 10.037, 0 failed
progress: 58.0 s, 2103.0 tps, lat 30.414 ms stddev 10.041, 0 failed
progress: 59.0 s, 2082.0 tps, lat 30.812 ms stddev 9.973, 0 failed
transaction type: star-1.sql
scaling factor: 1
query mode: simple
number of clients: 64
number of threads: 64
maximum number of tries: 1
duration: 60 s
number of transactions actually processed: 125676
number of failed transactions: 0 (0.000%)
latency average = 30.543 ms
latency stddev = 10.000 ms
initial connection time = 38.714 ms
tps = 2094.592843 (without initial connection time)
