pgbench (18devel, server 8.4.22)
progress: 1.0 s, 4888.9 tps, lat 48.626 ms stddev 109.018, 0 failed
progress: 2.0 s, 27820.9 tps, lat 9.191 ms stddev 12.409, 0 failed
progress: 3.0 s, 24929.0 tps, lat 10.500 ms stddev 14.886, 0 failed
progress: 4.0 s, 38024.2 tps, lat 6.730 ms stddev 6.493, 0 failed
progress: 5.0 s, 37894.0 tps, lat 6.754 ms stddev 6.661, 0 failed
progress: 6.0 s, 38020.1 tps, lat 6.737 ms stddev 6.604, 0 failed
progress: 7.0 s, 38255.0 tps, lat 6.694 ms stddev 6.538, 0 failed
progress: 8.0 s, 38566.9 tps, lat 6.637 ms stddev 6.482, 0 failed
progress: 9.0 s, 38379.1 tps, lat 6.669 ms stddev 6.527, 0 failed
progress: 10.0 s, 26698.1 tps, lat 9.376 ms stddev 12.962, 0 failed
progress: 11.0 s, 6394.8 tps, lat 40.062 ms stddev 26.818, 0 failed
progress: 12.0 s, 31372.6 tps, lat 8.333 ms stddev 11.221, 0 failed
progress: 13.0 s, 38341.8 tps, lat 6.677 ms stddev 6.577, 0 failed
progress: 14.0 s, 38160.2 tps, lat 6.706 ms stddev 6.599, 0 failed
progress: 15.0 s, 38249.0 tps, lat 6.692 ms stddev 6.536, 0 failed
progress: 16.0 s, 38398.2 tps, lat 6.672 ms stddev 6.518, 0 failed
progress: 17.0 s, 38125.8 tps, lat 6.707 ms stddev 6.569, 0 failed
progress: 18.0 s, 38158.0 tps, lat 6.709 ms stddev 6.613, 0 failed
progress: 19.0 s, 38435.1 tps, lat 6.664 ms stddev 6.496, 0 failed
progress: 20.0 s, 38338.8 tps, lat 6.674 ms stddev 6.495, 0 failed
progress: 21.0 s, 38050.3 tps, lat 6.731 ms stddev 6.597, 0 failed
progress: 22.0 s, 28628.3 tps, lat 8.942 ms stddev 11.931, 0 failed
progress: 23.0 s, 38355.8 tps, lat 6.675 ms stddev 6.542, 0 failed
progress: 24.0 s, 38272.9 tps, lat 6.684 ms stddev 6.538, 0 failed
progress: 25.0 s, 38259.0 tps, lat 6.695 ms stddev 6.598, 0 failed
progress: 26.0 s, 38072.6 tps, lat 6.723 ms stddev 6.580, 0 failed
progress: 27.0 s, 38136.5 tps, lat 6.709 ms stddev 6.528, 0 failed
progress: 28.0 s, 26148.9 tps, lat 9.777 ms stddev 13.411, 0 failed
progress: 29.0 s, 38093.0 tps, lat 6.732 ms stddev 6.701, 0 failed
progress: 30.0 s, 38006.9 tps, lat 6.733 ms stddev 6.626, 0 failed
progress: 31.0 s, 25894.9 tps, lat 9.668 ms stddev 13.290, 0 failed
progress: 32.0 s, 6848.8 tps, lat 37.429 ms stddev 25.968, 0 failed
progress: 33.0 s, 19496.5 tps, lat 13.409 ms stddev 18.336, 0 failed
progress: 34.0 s, 38251.0 tps, lat 6.693 ms stddev 6.579, 0 failed
progress: 35.0 s, 38249.4 tps, lat 6.691 ms stddev 6.580, 0 failed
progress: 36.0 s, 37893.4 tps, lat 6.752 ms stddev 6.678, 0 failed
progress: 37.0 s, 37877.9 tps, lat 6.762 ms stddev 6.668, 0 failed
progress: 38.0 s, 37994.1 tps, lat 6.733 ms stddev 6.666, 0 failed
progress: 39.0 s, 38159.8 tps, lat 6.711 ms stddev 6.598, 0 failed
progress: 40.0 s, 38244.2 tps, lat 6.694 ms stddev 6.543, 0 failed
progress: 41.0 s, 33287.9 tps, lat 7.692 ms stddev 9.481, 0 failed
progress: 42.0 s, 38082.1 tps, lat 6.722 ms stddev 6.587, 0 failed
progress: 43.0 s, 37018.0 tps, lat 6.797 ms stddev 6.725, 0 failed
progress: 44.0 s, 6912.0 tps, lat 36.873 ms stddev 24.921, 0 failed
progress: 45.0 s, 18695.4 tps, lat 13.983 ms stddev 18.964, 0 failed
progress: 46.0 s, 38208.2 tps, lat 6.699 ms stddev 6.528, 0 failed
progress: 47.0 s, 38202.0 tps, lat 6.703 ms stddev 6.527, 0 failed
progress: 48.0 s, 36589.1 tps, lat 6.994 ms stddev 7.271, 0 failed
progress: 49.0 s, 38013.6 tps, lat 6.735 ms stddev 6.720, 0 failed
progress: 50.0 s, 38076.3 tps, lat 6.722 ms stddev 6.634, 0 failed
progress: 51.0 s, 38286.0 tps, lat 6.688 ms stddev 6.566, 0 failed
progress: 52.0 s, 38504.0 tps, lat 6.644 ms stddev 6.459, 0 failed
progress: 53.0 s, 38343.0 tps, lat 6.677 ms stddev 6.574, 0 failed
progress: 54.0 s, 37914.8 tps, lat 6.753 ms stddev 6.637, 0 failed
progress: 55.0 s, 38274.2 tps, lat 6.691 ms stddev 6.554, 0 failed
progress: 56.0 s, 11610.1 tps, lat 21.606 ms stddev 23.510, 0 failed
progress: 57.0 s, 26079.0 tps, lat 10.009 ms stddev 13.939, 0 failed
progress: 58.0 s, 38279.5 tps, lat 6.689 ms stddev 6.608, 0 failed
progress: 59.0 s, 38429.3 tps, lat 6.663 ms stddev 6.547, 0 failed
transaction type: star-1-left.sql
scaling factor: 1
query mode: prepared
number of clients: 256
number of threads: 256
maximum number of tries: 1
duration: 60 s
number of transactions actually processed: 2000035
number of failed transactions: 0 (0.000%)
latency average = 7.663 ms
latency stddev = 10.878 ms
initial connection time = 142.134 ms
tps = 33394.541674 (without initial connection time)
