pgbench (18devel, server 8.4.22)
progress: 1.0 s, 6418.5 tps, lat 9.792 ms stddev 9.502, 0 failed
progress: 2.0 s, 34194.6 tps, lat 1.878 ms stddev 2.027, 0 failed
progress: 3.0 s, 19569.4 tps, lat 3.260 ms stddev 3.411, 0 failed
progress: 4.0 s, 29106.1 tps, lat 2.206 ms stddev 2.506, 0 failed
progress: 5.0 s, 21009.8 tps, lat 3.035 ms stddev 3.255, 0 failed
progress: 6.0 s, 24499.4 tps, lat 2.621 ms stddev 2.962, 0 failed
progress: 7.0 s, 29264.9 tps, lat 2.177 ms stddev 2.379, 0 failed
progress: 8.0 s, 7240.8 tps, lat 8.847 ms stddev 2.105, 0 failed
progress: 9.0 s, 7201.9 tps, lat 8.884 ms stddev 2.062, 0 failed
progress: 10.0 s, 29058.9 tps, lat 2.209 ms stddev 2.472, 0 failed
progress: 11.0 s, 39772.4 tps, lat 1.609 ms stddev 1.460, 0 failed
progress: 12.0 s, 40326.1 tps, lat 1.586 ms stddev 1.396, 0 failed
progress: 13.0 s, 39899.9 tps, lat 1.604 ms stddev 1.442, 0 failed
progress: 14.0 s, 39860.1 tps, lat 1.605 ms stddev 1.453, 0 failed
progress: 15.0 s, 17079.8 tps, lat 3.735 ms stddev 3.664, 0 failed
progress: 16.0 s, 7131.0 tps, lat 8.970 ms stddev 2.128, 0 failed
progress: 17.0 s, 7397.6 tps, lat 8.658 ms stddev 2.240, 0 failed
progress: 18.0 s, 20426.3 tps, lat 3.141 ms stddev 3.398, 0 failed
progress: 19.0 s, 39772.0 tps, lat 1.609 ms stddev 1.471, 0 failed
progress: 20.0 s, 40377.9 tps, lat 1.585 ms stddev 1.417, 0 failed
progress: 21.0 s, 40067.2 tps, lat 1.597 ms stddev 1.436, 0 failed
progress: 22.0 s, 40075.2 tps, lat 1.597 ms stddev 1.451, 0 failed
progress: 23.0 s, 40208.6 tps, lat 1.591 ms stddev 1.423, 0 failed
progress: 24.0 s, 40558.1 tps, lat 1.577 ms stddev 1.392, 0 failed
progress: 25.0 s, 39928.6 tps, lat 1.603 ms stddev 1.448, 0 failed
progress: 26.0 s, 20646.7 tps, lat 3.087 ms stddev 3.334, 0 failed
progress: 27.0 s, 7304.6 tps, lat 8.760 ms stddev 2.187, 0 failed
progress: 28.0 s, 7197.4 tps, lat 8.895 ms stddev 2.283, 0 failed
progress: 29.0 s, 7121.0 tps, lat 8.989 ms stddev 2.310, 0 failed
progress: 30.0 s, 7186.6 tps, lat 8.901 ms stddev 2.157, 0 failed
progress: 31.0 s, 7228.2 tps, lat 8.857 ms stddev 2.062, 0 failed
progress: 32.0 s, 30071.3 tps, lat 2.135 ms stddev 2.421, 0 failed
progress: 33.0 s, 39968.5 tps, lat 1.601 ms stddev 1.453, 0 failed
progress: 34.0 s, 29868.8 tps, lat 2.136 ms stddev 2.370, 0 failed
progress: 35.0 s, 7317.3 tps, lat 8.738 ms stddev 2.442, 0 failed
progress: 36.0 s, 7246.3 tps, lat 8.839 ms stddev 2.123, 0 failed
progress: 37.0 s, 7141.9 tps, lat 8.957 ms stddev 2.170, 0 failed
progress: 38.0 s, 7259.8 tps, lat 8.809 ms stddev 2.211, 0 failed
progress: 39.0 s, 22758.2 tps, lat 2.813 ms stddev 3.138, 0 failed
progress: 40.0 s, 7227.1 tps, lat 8.863 ms stddev 2.121, 0 failed
progress: 41.0 s, 7267.5 tps, lat 8.801 ms stddev 2.124, 0 failed
progress: 42.0 s, 15858.7 tps, lat 4.047 ms stddev 3.779, 0 failed
progress: 43.0 s, 39417.4 tps, lat 1.618 ms stddev 1.482, 0 failed
progress: 44.0 s, 7121.8 tps, lat 8.976 ms stddev 2.236, 0 failed
progress: 45.0 s, 22549.7 tps, lat 2.850 ms stddev 3.180, 0 failed
progress: 46.0 s, 27443.8 tps, lat 2.325 ms stddev 2.636, 0 failed
progress: 47.0 s, 7278.3 tps, lat 8.791 ms stddev 2.004, 0 failed
progress: 48.0 s, 35569.0 tps, lat 1.805 ms stddev 1.912, 0 failed
progress: 49.0 s, 39873.0 tps, lat 1.605 ms stddev 1.453, 0 failed
progress: 50.0 s, 40065.0 tps, lat 1.597 ms stddev 1.449, 0 failed
progress: 51.0 s, 39922.9 tps, lat 1.603 ms stddev 1.453, 0 failed
progress: 52.0 s, 24639.0 tps, lat 2.597 ms stddev 2.936, 0 failed
progress: 53.0 s, 18547.2 tps, lat 3.439 ms stddev 3.534, 0 failed
progress: 54.0 s, 18732.1 tps, lat 3.429 ms stddev 3.562, 0 failed
progress: 55.0 s, 40088.5 tps, lat 1.596 ms stddev 1.440, 0 failed
progress: 56.0 s, 16047.2 tps, lat 3.976 ms stddev 3.777, 0 failed
progress: 57.0 s, 12616.6 tps, lat 5.087 ms stddev 4.015, 0 failed
progress: 58.0 s, 21647.1 tps, lat 2.957 ms stddev 3.243, 0 failed
progress: 59.0 s, 13957.5 tps, lat 4.570 ms stddev 3.957, 0 failed
transaction type: star-1-left.sql
scaling factor: 1
query mode: prepared
number of clients: 64
number of threads: 64
maximum number of tries: 1
duration: 60 s
number of transactions actually processed: 1396811
number of failed transactions: 0 (0.000%)
latency average = 2.747 ms
latency stddev = 3.143 ms
initial connection time = 37.036 ms
tps = 23293.580636 (without initial connection time)
