pgbench (18devel, server 9.5.25)
progress: 1.0 s, 82.0 tps, lat 12.147 ms stddev 0.569, 0 failed
progress: 2.0 s, 83.0 tps, lat 12.073 ms stddev 0.404, 0 failed
progress: 3.0 s, 82.0 tps, lat 12.081 ms stddev 0.242, 0 failed
progress: 4.0 s, 83.0 tps, lat 12.065 ms stddev 0.250, 0 failed
progress: 5.0 s, 83.0 tps, lat 12.034 ms stddev 0.045, 0 failed
progress: 6.0 s, 83.0 tps, lat 12.063 ms stddev 0.188, 0 failed
progress: 7.0 s, 83.0 tps, lat 12.027 ms stddev 0.046, 0 failed
progress: 8.0 s, 83.0 tps, lat 12.040 ms stddev 0.147, 0 failed
progress: 9.0 s, 83.0 tps, lat 12.069 ms stddev 0.213, 0 failed
progress: 10.0 s, 83.0 tps, lat 12.054 ms stddev 0.196, 0 failed
progress: 11.0 s, 83.0 tps, lat 12.047 ms stddev 0.150, 0 failed
progress: 12.0 s, 83.0 tps, lat 12.118 ms stddev 0.454, 0 failed
progress: 13.0 s, 83.0 tps, lat 12.071 ms stddev 0.219, 0 failed
progress: 14.0 s, 83.0 tps, lat 12.051 ms stddev 0.207, 0 failed
progress: 15.0 s, 83.0 tps, lat 12.038 ms stddev 0.146, 0 failed
progress: 16.0 s, 83.0 tps, lat 12.012 ms stddev 0.035, 0 failed
progress: 17.0 s, 83.0 tps, lat 12.026 ms stddev 0.044, 0 failed
progress: 18.0 s, 83.0 tps, lat 12.016 ms stddev 0.041, 0 failed
progress: 19.0 s, 83.0 tps, lat 12.072 ms stddev 0.228, 0 failed
progress: 20.0 s, 83.0 tps, lat 12.028 ms stddev 0.139, 0 failed
progress: 21.0 s, 83.0 tps, lat 12.064 ms stddev 0.237, 0 failed
progress: 22.0 s, 83.0 tps, lat 12.036 ms stddev 0.146, 0 failed
progress: 23.0 s, 83.0 tps, lat 12.111 ms stddev 0.448, 0 failed
progress: 24.0 s, 83.0 tps, lat 12.025 ms stddev 0.048, 0 failed
progress: 25.0 s, 83.0 tps, lat 12.018 ms stddev 0.036, 0 failed
progress: 26.0 s, 83.0 tps, lat 12.067 ms stddev 0.202, 0 failed
progress: 27.0 s, 83.0 tps, lat 12.038 ms stddev 0.150, 0 failed
progress: 28.0 s, 83.0 tps, lat 12.038 ms stddev 0.148, 0 failed
progress: 29.0 s, 83.0 tps, lat 12.032 ms stddev 0.160, 0 failed
progress: 30.0 s, 83.0 tps, lat 12.076 ms stddev 0.171, 0 failed
progress: 31.0 s, 82.0 tps, lat 12.207 ms stddev 0.384, 0 failed
progress: 32.0 s, 80.0 tps, lat 12.440 ms stddev 0.552, 0 failed
progress: 33.0 s, 82.0 tps, lat 12.225 ms stddev 0.538, 0 failed
progress: 34.0 s, 83.0 tps, lat 12.025 ms stddev 0.198, 0 failed
progress: 35.0 s, 83.0 tps, lat 12.054 ms stddev 0.255, 0 failed
progress: 36.0 s, 83.0 tps, lat 12.040 ms stddev 0.294, 0 failed
progress: 37.0 s, 84.0 tps, lat 11.979 ms stddev 0.136, 0 failed
progress: 38.0 s, 83.0 tps, lat 12.007 ms stddev 0.231, 0 failed
progress: 39.0 s, 83.0 tps, lat 12.076 ms stddev 0.323, 0 failed
progress: 40.0 s, 83.0 tps, lat 12.071 ms stddev 0.340, 0 failed
progress: 41.0 s, 83.0 tps, lat 12.025 ms stddev 0.277, 0 failed
progress: 42.0 s, 83.0 tps, lat 12.041 ms stddev 0.296, 0 failed
progress: 43.0 s, 82.0 tps, lat 12.129 ms stddev 0.518, 0 failed
progress: 44.0 s, 84.0 tps, lat 12.013 ms stddev 0.232, 0 failed
progress: 45.0 s, 83.0 tps, lat 11.999 ms stddev 0.238, 0 failed
progress: 46.0 s, 83.0 tps, lat 12.039 ms stddev 0.300, 0 failed
progress: 47.0 s, 83.0 tps, lat 12.067 ms stddev 0.351, 0 failed
progress: 48.0 s, 83.0 tps, lat 12.009 ms stddev 0.234, 0 failed
progress: 49.0 s, 83.0 tps, lat 11.985 ms stddev 0.179, 0 failed
progress: 50.0 s, 83.0 tps, lat 12.128 ms stddev 0.415, 0 failed
progress: 51.0 s, 83.0 tps, lat 12.101 ms stddev 0.277, 0 failed
progress: 52.0 s, 83.0 tps, lat 12.053 ms stddev 0.191, 0 failed
progress: 53.0 s, 83.0 tps, lat 12.049 ms stddev 0.181, 0 failed
progress: 54.0 s, 83.0 tps, lat 12.052 ms stddev 0.217, 0 failed
progress: 55.0 s, 82.0 tps, lat 12.084 ms stddev 0.276, 0 failed
progress: 56.0 s, 83.0 tps, lat 12.063 ms stddev 0.203, 0 failed
progress: 57.0 s, 83.0 tps, lat 12.094 ms stddev 0.283, 0 failed
progress: 58.0 s, 83.0 tps, lat 12.060 ms stddev 0.241, 0 failed
progress: 59.0 s, 83.0 tps, lat 12.055 ms stddev 0.193, 0 failed
progress: 60.0 s, 83.0 tps, lat 12.070 ms stddev 0.246, 0 failed
transaction type: star-1.sql
scaling factor: 1
query mode: simple
number of clients: 1
number of threads: 1
maximum number of tries: 1
duration: 60 s
number of transactions actually processed: 4974
number of failed transactions: 0 (0.000%)
latency average = 12.064 ms
latency stddev = 0.277 ms
initial connection time = 1.773 ms
tps = 82.886362 (without initial connection time)
