pgbench (18devel, server 9.5.25)
progress: 1.0 s, 1004.9 tps, lat 15.696 ms stddev 1.101, 0 failed
progress: 2.0 s, 1025.0 tps, lat 15.610 ms stddev 0.136, 0 failed
progress: 3.0 s, 1025.0 tps, lat 15.595 ms stddev 0.109, 0 failed
progress: 4.0 s, 1032.0 tps, lat 15.516 ms stddev 0.100, 0 failed
progress: 5.0 s, 1031.0 tps, lat 15.528 ms stddev 0.088, 0 failed
progress: 6.0 s, 1034.0 tps, lat 15.509 ms stddev 0.105, 0 failed
progress: 7.0 s, 1029.0 tps, lat 15.504 ms stddev 0.088, 0 failed
progress: 8.0 s, 1033.0 tps, lat 15.499 ms stddev 0.091, 0 failed
progress: 9.0 s, 1034.0 tps, lat 15.490 ms stddev 0.101, 0 failed
progress: 10.0 s, 1030.0 tps, lat 15.504 ms stddev 0.100, 0 failed
progress: 11.0 s, 1032.0 tps, lat 15.520 ms stddev 0.077, 0 failed
progress: 12.0 s, 1031.0 tps, lat 15.513 ms stddev 0.110, 0 failed
progress: 13.0 s, 1031.0 tps, lat 15.507 ms stddev 0.081, 0 failed
progress: 14.0 s, 1033.0 tps, lat 15.505 ms stddev 0.115, 0 failed
progress: 15.0 s, 1027.0 tps, lat 15.554 ms stddev 0.114, 0 failed
progress: 16.0 s, 1031.0 tps, lat 15.534 ms stddev 0.090, 0 failed
progress: 17.0 s, 1031.0 tps, lat 15.523 ms stddev 0.080, 0 failed
progress: 18.0 s, 1030.0 tps, lat 15.536 ms stddev 0.110, 0 failed
progress: 19.0 s, 1029.0 tps, lat 15.509 ms stddev 0.084, 0 failed
progress: 20.0 s, 1033.0 tps, lat 15.518 ms stddev 0.121, 0 failed
progress: 21.0 s, 1032.0 tps, lat 15.509 ms stddev 0.097, 0 failed
progress: 22.0 s, 1028.0 tps, lat 15.513 ms stddev 0.097, 0 failed
progress: 23.0 s, 1036.0 tps, lat 15.473 ms stddev 0.093, 0 failed
progress: 24.0 s, 1032.0 tps, lat 15.497 ms stddev 0.101, 0 failed
progress: 25.0 s, 1031.0 tps, lat 15.506 ms stddev 0.093, 0 failed
progress: 26.0 s, 1034.0 tps, lat 15.524 ms stddev 0.079, 0 failed
progress: 27.0 s, 1030.0 tps, lat 15.526 ms stddev 0.116, 0 failed
progress: 28.0 s, 1033.0 tps, lat 15.492 ms stddev 0.087, 0 failed
progress: 29.0 s, 1030.0 tps, lat 15.516 ms stddev 0.095, 0 failed
progress: 30.0 s, 1018.0 tps, lat 15.725 ms stddev 1.943, 0 failed
progress: 31.0 s, 984.0 tps, lat 16.233 ms stddev 3.695, 0 failed
progress: 32.0 s, 995.0 tps, lat 16.088 ms stddev 3.312, 0 failed
progress: 33.0 s, 1030.0 tps, lat 15.535 ms stddev 0.101, 0 failed
progress: 34.0 s, 1032.0 tps, lat 15.517 ms stddev 0.105, 0 failed
progress: 35.0 s, 1028.0 tps, lat 15.559 ms stddev 0.130, 0 failed
progress: 36.0 s, 996.0 tps, lat 16.074 ms stddev 3.180, 0 failed
progress: 37.0 s, 988.0 tps, lat 16.176 ms stddev 3.405, 0 failed
progress: 38.0 s, 1032.0 tps, lat 15.509 ms stddev 0.126, 0 failed
progress: 39.0 s, 1034.0 tps, lat 15.479 ms stddev 0.092, 0 failed
progress: 40.0 s, 1028.0 tps, lat 15.532 ms stddev 0.187, 0 failed
progress: 41.0 s, 1026.0 tps, lat 15.610 ms stddev 0.962, 0 failed
progress: 42.0 s, 984.0 tps, lat 16.247 ms stddev 3.694, 0 failed
progress: 43.0 s, 985.0 tps, lat 16.248 ms stddev 3.656, 0 failed
progress: 44.0 s, 985.0 tps, lat 16.221 ms stddev 3.572, 0 failed
progress: 45.0 s, 988.0 tps, lat 16.220 ms stddev 3.560, 0 failed
progress: 46.0 s, 985.0 tps, lat 16.215 ms stddev 3.572, 0 failed
progress: 47.0 s, 998.0 tps, lat 16.071 ms stddev 3.185, 0 failed
progress: 48.0 s, 1031.0 tps, lat 15.489 ms stddev 0.108, 0 failed
progress: 49.0 s, 1034.0 tps, lat 15.477 ms stddev 0.095, 0 failed
progress: 50.0 s, 1036.0 tps, lat 15.467 ms stddev 0.111, 0 failed
progress: 51.0 s, 1037.0 tps, lat 15.458 ms stddev 0.139, 0 failed
progress: 52.0 s, 1031.0 tps, lat 15.487 ms stddev 0.104, 0 failed
progress: 53.0 s, 1035.0 tps, lat 15.456 ms stddev 0.086, 0 failed
progress: 54.0 s, 1034.0 tps, lat 15.480 ms stddev 0.094, 0 failed
progress: 55.0 s, 1033.0 tps, lat 15.478 ms stddev 0.084, 0 failed
progress: 56.0 s, 1033.0 tps, lat 15.496 ms stddev 0.102, 0 failed
progress: 57.0 s, 1032.0 tps, lat 15.488 ms stddev 0.104, 0 failed
progress: 58.0 s, 1034.0 tps, lat 15.509 ms stddev 0.120, 0 failed
progress: 59.0 s, 1031.0 tps, lat 15.503 ms stddev 0.094, 0 failed
progress: 60.0 s, 1031.0 tps, lat 15.508 ms stddev 0.100, 0 failed
transaction type: star-1.sql
scaling factor: 1
query mode: simple
number of clients: 16
number of threads: 16
maximum number of tries: 1
duration: 60 s
number of transactions actually processed: 61430
number of failed transactions: 0 (0.000%)
latency average = 15.626 ms
latency stddev = 1.458 ms
initial connection time = 14.177 ms
tps = 1023.820484 (without initial connection time)
