pgbench (18devel, server 9.5.25)
progress: 1.0 s, 2062.8 tps, lat 109.501 ms stddev 140.388, 0 failed
progress: 2.0 s, 2421.0 tps, lat 106.429 ms stddev 41.215, 0 failed
progress: 3.0 s, 2364.0 tps, lat 108.362 ms stddev 43.459, 0 failed
progress: 4.0 s, 2387.0 tps, lat 107.277 ms stddev 37.166, 0 failed
progress: 5.0 s, 2398.9 tps, lat 106.241 ms stddev 30.719, 0 failed
progress: 6.0 s, 2401.0 tps, lat 106.824 ms stddev 32.507, 0 failed
progress: 7.0 s, 2414.0 tps, lat 106.080 ms stddev 26.857, 0 failed
progress: 8.0 s, 2426.1 tps, lat 106.203 ms stddev 42.981, 0 failed
progress: 9.0 s, 2400.0 tps, lat 106.046 ms stddev 31.876, 0 failed
progress: 10.0 s, 2414.0 tps, lat 106.276 ms stddev 33.516, 0 failed
progress: 11.0 s, 2409.9 tps, lat 106.273 ms stddev 35.104, 0 failed
progress: 12.0 s, 2400.1 tps, lat 107.146 ms stddev 27.364, 0 failed
progress: 13.0 s, 2383.0 tps, lat 106.353 ms stddev 34.886, 0 failed
progress: 14.0 s, 2395.9 tps, lat 107.012 ms stddev 33.422, 0 failed
progress: 15.0 s, 2407.1 tps, lat 107.252 ms stddev 37.405, 0 failed
progress: 16.0 s, 2404.8 tps, lat 106.349 ms stddev 27.256, 0 failed
progress: 17.0 s, 2381.1 tps, lat 106.415 ms stddev 32.454, 0 failed
progress: 18.0 s, 2400.0 tps, lat 106.746 ms stddev 30.548, 0 failed
progress: 19.0 s, 2411.5 tps, lat 105.375 ms stddev 34.330, 0 failed
progress: 20.0 s, 2382.5 tps, lat 108.217 ms stddev 50.564, 0 failed
progress: 21.0 s, 2414.0 tps, lat 106.793 ms stddev 30.237, 0 failed
progress: 22.0 s, 2393.9 tps, lat 106.458 ms stddev 33.123, 0 failed
progress: 23.0 s, 2397.2 tps, lat 106.951 ms stddev 39.270, 0 failed
progress: 24.0 s, 2397.0 tps, lat 106.614 ms stddev 31.502, 0 failed
progress: 25.0 s, 2396.8 tps, lat 107.946 ms stddev 29.214, 0 failed
progress: 26.0 s, 2385.1 tps, lat 106.806 ms stddev 31.141, 0 failed
progress: 27.0 s, 2364.9 tps, lat 106.292 ms stddev 29.827, 0 failed
progress: 28.0 s, 2405.1 tps, lat 108.484 ms stddev 41.916, 0 failed
progress: 29.0 s, 2375.1 tps, lat 107.980 ms stddev 29.303, 0 failed
progress: 30.0 s, 2366.0 tps, lat 107.993 ms stddev 38.256, 0 failed
progress: 31.0 s, 2355.9 tps, lat 107.921 ms stddev 36.490, 0 failed
progress: 32.0 s, 2378.5 tps, lat 108.719 ms stddev 28.091, 0 failed
progress: 33.0 s, 2333.5 tps, lat 108.270 ms stddev 33.584, 0 failed
progress: 34.0 s, 2354.1 tps, lat 109.372 ms stddev 38.992, 0 failed
progress: 35.0 s, 2345.9 tps, lat 108.415 ms stddev 33.714, 0 failed
progress: 36.0 s, 2358.1 tps, lat 108.760 ms stddev 31.167, 0 failed
progress: 37.0 s, 2377.9 tps, lat 107.803 ms stddev 30.600, 0 failed
progress: 38.0 s, 2385.0 tps, lat 107.533 ms stddev 29.566, 0 failed
progress: 39.0 s, 2386.0 tps, lat 107.390 ms stddev 37.659, 0 failed
progress: 40.0 s, 2367.1 tps, lat 107.128 ms stddev 29.732, 0 failed
progress: 41.0 s, 2382.9 tps, lat 107.124 ms stddev 35.148, 0 failed
progress: 42.0 s, 2389.6 tps, lat 106.804 ms stddev 35.449, 0 failed
progress: 43.0 s, 2400.6 tps, lat 108.352 ms stddev 43.519, 0 failed
progress: 44.0 s, 2378.9 tps, lat 107.469 ms stddev 33.419, 0 failed
progress: 45.0 s, 2397.0 tps, lat 107.003 ms stddev 39.533, 0 failed
progress: 46.0 s, 2381.0 tps, lat 107.475 ms stddev 29.720, 0 failed
progress: 47.0 s, 2395.0 tps, lat 107.205 ms stddev 34.032, 0 failed
progress: 48.0 s, 2389.8 tps, lat 107.221 ms stddev 38.615, 0 failed
progress: 49.0 s, 2385.1 tps, lat 107.168 ms stddev 27.256, 0 failed
progress: 50.0 s, 2390.0 tps, lat 106.599 ms stddev 31.787, 0 failed
progress: 51.0 s, 2376.0 tps, lat 107.248 ms stddev 38.678, 0 failed
progress: 52.0 s, 2389.1 tps, lat 107.152 ms stddev 48.798, 0 failed
progress: 53.0 s, 2383.9 tps, lat 107.619 ms stddev 37.660, 0 failed
progress: 54.0 s, 2372.9 tps, lat 107.546 ms stddev 29.607, 0 failed
progress: 55.0 s, 2408.3 tps, lat 106.931 ms stddev 31.614, 0 failed
progress: 56.0 s, 2373.9 tps, lat 108.193 ms stddev 43.787, 0 failed
progress: 57.0 s, 2380.1 tps, lat 107.054 ms stddev 29.086, 0 failed
progress: 58.0 s, 2405.0 tps, lat 107.220 ms stddev 35.386, 0 failed
progress: 59.0 s, 2385.4 tps, lat 107.013 ms stddev 36.494, 0 failed
transaction type: star-1.sql
scaling factor: 1
query mode: simple
number of clients: 256
number of threads: 256
maximum number of tries: 1
duration: 60 s
number of transactions actually processed: 142943
number of failed transactions: 0 (0.000%)
latency average = 107.254 ms
latency stddev = 38.626 ms
initial connection time = 154.777 ms
tps = 2385.501940 (without initial connection time)
