pgbench (18devel, server 9.5.25)
progress: 1.0 s, 1830.8 tps, lat 17.204 ms stddev 3.959, 0 failed
progress: 2.0 s, 1979.0 tps, lat 16.168 ms stddev 0.384, 0 failed
progress: 3.0 s, 1978.0 tps, lat 16.148 ms stddev 0.618, 0 failed
progress: 4.0 s, 1983.0 tps, lat 16.163 ms stddev 0.916, 0 failed
progress: 5.0 s, 1985.0 tps, lat 16.114 ms stddev 0.360, 0 failed
progress: 6.0 s, 1987.0 tps, lat 16.117 ms stddev 0.360, 0 failed
progress: 7.0 s, 1984.0 tps, lat 16.109 ms stddev 0.353, 0 failed
progress: 8.0 s, 1987.0 tps, lat 16.100 ms stddev 0.361, 0 failed
progress: 9.0 s, 1992.0 tps, lat 16.095 ms stddev 0.343, 0 failed
progress: 10.0 s, 1986.0 tps, lat 16.105 ms stddev 0.382, 0 failed
progress: 11.0 s, 1989.0 tps, lat 16.080 ms stddev 0.347, 0 failed
progress: 12.0 s, 1989.0 tps, lat 16.084 ms stddev 0.355, 0 failed
progress: 13.0 s, 1991.0 tps, lat 16.076 ms stddev 0.337, 0 failed
progress: 14.0 s, 1989.0 tps, lat 16.078 ms stddev 0.335, 0 failed
progress: 15.0 s, 1989.0 tps, lat 16.087 ms stddev 0.354, 0 failed
progress: 16.0 s, 1991.0 tps, lat 16.073 ms stddev 0.341, 0 failed
progress: 17.0 s, 1971.0 tps, lat 16.219 ms stddev 1.415, 0 failed
progress: 18.0 s, 1973.0 tps, lat 16.224 ms stddev 1.427, 0 failed
progress: 19.0 s, 1990.0 tps, lat 16.088 ms stddev 0.343, 0 failed
progress: 20.0 s, 1989.0 tps, lat 16.098 ms stddev 0.360, 0 failed
progress: 21.0 s, 1988.0 tps, lat 16.088 ms stddev 0.350, 0 failed
progress: 22.0 s, 1987.0 tps, lat 16.096 ms stddev 0.368, 0 failed
progress: 23.0 s, 1989.0 tps, lat 16.088 ms stddev 0.355, 0 failed
progress: 24.0 s, 1984.0 tps, lat 16.153 ms stddev 1.049, 0 failed
progress: 25.0 s, 1992.0 tps, lat 16.072 ms stddev 0.325, 0 failed
progress: 26.0 s, 1989.0 tps, lat 16.079 ms stddev 0.335, 0 failed
progress: 27.0 s, 1991.9 tps, lat 16.079 ms stddev 0.309, 0 failed
progress: 28.0 s, 1988.0 tps, lat 16.076 ms stddev 0.327, 0 failed
progress: 29.0 s, 1989.0 tps, lat 16.086 ms stddev 0.347, 0 failed
progress: 30.0 s, 1987.0 tps, lat 16.097 ms stddev 0.353, 0 failed
progress: 31.0 s, 1991.1 tps, lat 16.089 ms stddev 0.333, 0 failed
progress: 32.0 s, 1987.9 tps, lat 16.081 ms stddev 0.335, 0 failed
progress: 33.0 s, 1990.1 tps, lat 16.083 ms stddev 0.336, 0 failed
progress: 34.0 s, 1988.9 tps, lat 16.090 ms stddev 0.340, 0 failed
progress: 35.0 s, 1990.0 tps, lat 16.086 ms stddev 0.331, 0 failed
progress: 36.0 s, 1979.0 tps, lat 16.153 ms stddev 1.087, 0 failed
progress: 37.0 s, 1991.0 tps, lat 16.096 ms stddev 0.358, 0 failed
progress: 38.0 s, 1988.0 tps, lat 16.090 ms stddev 0.363, 0 failed
progress: 39.0 s, 1979.0 tps, lat 16.154 ms stddev 1.071, 0 failed
progress: 40.0 s, 1991.0 tps, lat 16.091 ms stddev 0.358, 0 failed
progress: 41.0 s, 1989.0 tps, lat 16.077 ms stddev 0.341, 0 failed
progress: 42.0 s, 1987.0 tps, lat 16.089 ms stddev 0.366, 0 failed
progress: 43.0 s, 1991.0 tps, lat 16.084 ms stddev 0.348, 0 failed
progress: 44.0 s, 1991.0 tps, lat 16.071 ms stddev 0.327, 0 failed
progress: 45.0 s, 1989.0 tps, lat 16.074 ms stddev 0.339, 0 failed
progress: 46.0 s, 1991.0 tps, lat 16.076 ms stddev 0.328, 0 failed
progress: 47.0 s, 1989.1 tps, lat 16.074 ms stddev 0.326, 0 failed
progress: 48.0 s, 1995.0 tps, lat 16.076 ms stddev 0.341, 0 failed
progress: 49.0 s, 1989.0 tps, lat 16.066 ms stddev 0.338, 0 failed
progress: 50.0 s, 1990.0 tps, lat 16.080 ms stddev 0.344, 0 failed
progress: 51.0 s, 1991.9 tps, lat 16.086 ms stddev 0.350, 0 failed
progress: 52.0 s, 1985.0 tps, lat 16.105 ms stddev 0.404, 0 failed
progress: 53.0 s, 1977.0 tps, lat 16.185 ms stddev 1.269, 0 failed
progress: 54.0 s, 1991.0 tps, lat 16.072 ms stddev 0.326, 0 failed
progress: 55.0 s, 1991.0 tps, lat 16.102 ms stddev 0.379, 0 failed
progress: 56.0 s, 1987.0 tps, lat 16.086 ms stddev 0.355, 0 failed
progress: 57.0 s, 1994.0 tps, lat 16.077 ms stddev 0.342, 0 failed
progress: 58.0 s, 1985.0 tps, lat 16.088 ms stddev 0.356, 0 failed
progress: 59.0 s, 1987.0 tps, lat 16.069 ms stddev 0.326, 0 failed
progress: 60.0 s, 1992.0 tps, lat 16.084 ms stddev 0.360, 0 failed
transaction type: star-1.sql
scaling factor: 1
query mode: simple
number of clients: 32
number of threads: 32
maximum number of tries: 1
duration: 60 s
number of transactions actually processed: 119101
number of failed transactions: 0 (0.000%)
latency average = 16.117 ms
latency stddev = 0.731 ms
initial connection time = 21.589 ms
tps = 1985.193316 (without initial connection time)
