pgbench (18devel, server 9.5.25)
progress: 1.0 s, 2508.8 tps, lat 24.783 ms stddev 8.612, 0 failed
progress: 2.0 s, 2635.0 tps, lat 24.250 ms stddev 7.911, 0 failed
progress: 3.0 s, 2586.0 tps, lat 24.792 ms stddev 8.120, 0 failed
progress: 4.0 s, 2545.0 tps, lat 25.105 ms stddev 8.230, 0 failed
progress: 5.0 s, 2566.0 tps, lat 25.007 ms stddev 8.275, 0 failed
progress: 6.0 s, 2523.0 tps, lat 25.300 ms stddev 8.274, 0 failed
progress: 7.0 s, 2560.0 tps, lat 25.016 ms stddev 8.308, 0 failed
progress: 8.0 s, 2554.0 tps, lat 25.003 ms stddev 8.267, 0 failed
progress: 9.0 s, 2563.0 tps, lat 25.023 ms stddev 8.262, 0 failed
progress: 10.0 s, 2558.0 tps, lat 25.058 ms stddev 8.230, 0 failed
progress: 11.0 s, 2539.0 tps, lat 25.205 ms stddev 8.249, 0 failed
progress: 12.0 s, 2548.0 tps, lat 25.098 ms stddev 8.234, 0 failed
progress: 13.0 s, 2543.0 tps, lat 25.119 ms stddev 8.243, 0 failed
progress: 14.0 s, 2529.0 tps, lat 25.335 ms stddev 8.219, 0 failed
progress: 15.0 s, 2512.0 tps, lat 25.473 ms stddev 8.191, 0 failed
progress: 16.0 s, 2555.0 tps, lat 25.078 ms stddev 8.266, 0 failed
progress: 17.0 s, 2553.0 tps, lat 24.982 ms stddev 8.280, 0 failed
progress: 18.0 s, 2568.0 tps, lat 24.973 ms stddev 8.233, 0 failed
progress: 19.0 s, 2548.0 tps, lat 25.102 ms stddev 8.238, 0 failed
progress: 20.0 s, 2547.0 tps, lat 25.154 ms stddev 8.229, 0 failed
progress: 21.0 s, 2547.0 tps, lat 25.140 ms stddev 8.304, 0 failed
progress: 22.0 s, 2526.0 tps, lat 25.273 ms stddev 8.263, 0 failed
progress: 23.0 s, 2560.0 tps, lat 25.012 ms stddev 8.290, 0 failed
progress: 24.0 s, 2547.0 tps, lat 25.170 ms stddev 8.268, 0 failed
progress: 25.0 s, 2533.0 tps, lat 25.224 ms stddev 8.230, 0 failed
progress: 26.0 s, 2557.0 tps, lat 25.056 ms stddev 8.243, 0 failed
progress: 27.0 s, 2521.0 tps, lat 25.378 ms stddev 8.222, 0 failed
progress: 28.0 s, 2514.0 tps, lat 25.441 ms stddev 8.224, 0 failed
progress: 29.0 s, 2535.0 tps, lat 25.246 ms stddev 8.206, 0 failed
progress: 30.0 s, 2534.0 tps, lat 25.231 ms stddev 8.189, 0 failed
progress: 31.0 s, 2540.0 tps, lat 25.254 ms stddev 8.212, 0 failed
progress: 32.0 s, 2545.0 tps, lat 25.141 ms stddev 8.287, 0 failed
progress: 33.0 s, 2555.0 tps, lat 25.055 ms stddev 8.278, 0 failed
progress: 34.0 s, 2550.0 tps, lat 25.093 ms stddev 8.265, 0 failed
progress: 35.0 s, 2543.0 tps, lat 25.160 ms stddev 8.275, 0 failed
progress: 36.0 s, 2536.0 tps, lat 25.269 ms stddev 8.241, 0 failed
progress: 37.0 s, 2524.0 tps, lat 25.321 ms stddev 8.275, 0 failed
progress: 38.0 s, 2550.0 tps, lat 25.091 ms stddev 8.264, 0 failed
progress: 39.0 s, 2558.0 tps, lat 25.021 ms stddev 8.239, 0 failed
progress: 40.0 s, 2546.0 tps, lat 25.145 ms stddev 8.263, 0 failed
progress: 41.0 s, 2549.0 tps, lat 25.094 ms stddev 8.260, 0 failed
progress: 42.0 s, 2548.0 tps, lat 25.103 ms stddev 8.291, 0 failed
progress: 43.0 s, 2524.0 tps, lat 25.393 ms stddev 8.257, 0 failed
progress: 44.0 s, 2551.0 tps, lat 25.126 ms stddev 8.286, 0 failed
progress: 45.0 s, 2525.0 tps, lat 25.252 ms stddev 8.283, 0 failed
progress: 46.0 s, 2536.0 tps, lat 25.251 ms stddev 8.302, 0 failed
progress: 47.0 s, 2537.0 tps, lat 25.235 ms stddev 8.349, 0 failed
progress: 48.0 s, 2531.0 tps, lat 25.320 ms stddev 8.304, 0 failed
progress: 49.0 s, 2531.0 tps, lat 25.265 ms stddev 8.303, 0 failed
progress: 50.0 s, 2541.0 tps, lat 25.193 ms stddev 8.312, 0 failed
progress: 51.0 s, 2537.0 tps, lat 25.178 ms stddev 8.258, 0 failed
progress: 52.0 s, 2515.0 tps, lat 25.492 ms stddev 8.181, 0 failed
progress: 53.0 s, 2541.0 tps, lat 25.181 ms stddev 8.206, 0 failed
progress: 54.0 s, 2521.0 tps, lat 25.331 ms stddev 8.290, 0 failed
progress: 55.0 s, 2542.0 tps, lat 25.275 ms stddev 8.311, 0 failed
progress: 56.0 s, 2518.0 tps, lat 25.470 ms stddev 8.312, 0 failed
progress: 57.0 s, 2537.0 tps, lat 25.122 ms stddev 8.352, 0 failed
progress: 58.0 s, 2540.0 tps, lat 25.229 ms stddev 8.314, 0 failed
progress: 59.0 s, 2534.0 tps, lat 25.264 ms stddev 8.312, 0 failed
transaction type: star-1.sql
scaling factor: 1
query mode: simple
number of clients: 64
number of threads: 64
maximum number of tries: 1
duration: 60 s
number of transactions actually processed: 152559
number of failed transactions: 0 (0.000%)
latency average = 25.158 ms
latency stddev = 8.264 ms
initial connection time = 41.263 ms
tps = 2543.124462 (without initial connection time)
