pgbench (18devel)
starting vacuum...end.
progress: 1.0 s, 25801.8 tps, lat 0.039 ms stddev 0.009, 0 failed
progress: 2.0 s, 27644.0 tps, lat 0.036 ms stddev 0.005, 0 failed
progress: 3.0 s, 28564.6 tps, lat 0.035 ms stddev 0.005, 0 failed
progress: 4.0 s, 28872.8 tps, lat 0.035 ms stddev 0.005, 0 failed
progress: 5.0 s, 29540.5 tps, lat 0.034 ms stddev 0.005, 0 failed
progress: 6.0 s, 30625.1 tps, lat 0.033 ms stddev 0.004, 0 failed
progress: 7.0 s, 31270.5 tps, lat 0.032 ms stddev 0.004, 0 failed
progress: 8.0 s, 31377.5 tps, lat 0.032 ms stddev 0.004, 0 failed
progress: 9.0 s, 31534.3 tps, lat 0.032 ms stddev 0.004, 0 failed
progress: 10.0 s, 31534.5 tps, lat 0.032 ms stddev 0.004, 0 failed
progress: 11.0 s, 31394.4 tps, lat 0.032 ms stddev 0.004, 0 failed
progress: 12.0 s, 31290.3 tps, lat 0.032 ms stddev 0.004, 0 failed
progress: 13.0 s, 31185.1 tps, lat 0.032 ms stddev 0.004, 0 failed
progress: 14.0 s, 31215.8 tps, lat 0.032 ms stddev 0.004, 0 failed
progress: 15.0 s, 31321.0 tps, lat 0.032 ms stddev 0.004, 0 failed
progress: 16.0 s, 31645.1 tps, lat 0.032 ms stddev 0.004, 0 failed
progress: 17.0 s, 31312.2 tps, lat 0.032 ms stddev 0.004, 0 failed
progress: 18.0 s, 31375.7 tps, lat 0.032 ms stddev 0.004, 0 failed
progress: 19.0 s, 31404.1 tps, lat 0.032 ms stddev 0.004, 0 failed
progress: 20.0 s, 31470.2 tps, lat 0.032 ms stddev 0.004, 0 failed
progress: 21.0 s, 31588.2 tps, lat 0.032 ms stddev 0.004, 0 failed
progress: 22.0 s, 31404.6 tps, lat 0.032 ms stddev 0.004, 0 failed
progress: 23.0 s, 31404.3 tps, lat 0.032 ms stddev 0.004, 0 failed
progress: 24.0 s, 31532.9 tps, lat 0.032 ms stddev 0.004, 0 failed
progress: 25.0 s, 31469.4 tps, lat 0.032 ms stddev 0.004, 0 failed
progress: 26.0 s, 31289.4 tps, lat 0.032 ms stddev 0.004, 0 failed
progress: 27.0 s, 31631.5 tps, lat 0.032 ms stddev 0.004, 0 failed
progress: 28.0 s, 31700.5 tps, lat 0.031 ms stddev 0.004, 0 failed
progress: 29.0 s, 31266.8 tps, lat 0.032 ms stddev 0.004, 0 failed
progress: 30.0 s, 31367.6 tps, lat 0.032 ms stddev 0.004, 0 failed
progress: 31.0 s, 31417.7 tps, lat 0.032 ms stddev 0.004, 0 failed
progress: 32.0 s, 31442.5 tps, lat 0.032 ms stddev 0.004, 0 failed
progress: 33.0 s, 31541.3 tps, lat 0.032 ms stddev 0.004, 0 failed
progress: 34.0 s, 31469.7 tps, lat 0.032 ms stddev 0.004, 0 failed
progress: 35.0 s, 31522.3 tps, lat 0.032 ms stddev 0.004, 0 failed
progress: 36.0 s, 31367.1 tps, lat 0.032 ms stddev 0.004, 0 failed
progress: 37.0 s, 31375.5 tps, lat 0.032 ms stddev 0.004, 0 failed
progress: 38.0 s, 31470.2 tps, lat 0.032 ms stddev 0.004, 0 failed
progress: 39.0 s, 31911.4 tps, lat 0.031 ms stddev 0.004, 0 failed
progress: 40.0 s, 31681.7 tps, lat 0.032 ms stddev 0.004, 0 failed
progress: 41.0 s, 31455.0 tps, lat 0.032 ms stddev 0.004, 0 failed
progress: 42.0 s, 31455.7 tps, lat 0.032 ms stddev 0.004, 0 failed
progress: 43.0 s, 31741.9 tps, lat 0.031 ms stddev 0.004, 0 failed
progress: 44.0 s, 31651.9 tps, lat 0.032 ms stddev 0.004, 0 failed
progress: 45.0 s, 31654.8 tps, lat 0.032 ms stddev 0.004, 0 failed
progress: 46.0 s, 31582.3 tps, lat 0.032 ms stddev 0.004, 0 failed
progress: 47.0 s, 31705.2 tps, lat 0.031 ms stddev 0.004, 0 failed
progress: 48.0 s, 31234.2 tps, lat 0.032 ms stddev 0.004, 0 failed
progress: 49.0 s, 31522.8 tps, lat 0.032 ms stddev 0.004, 0 failed
progress: 50.0 s, 31574.1 tps, lat 0.032 ms stddev 0.004, 0 failed
progress: 51.0 s, 31794.4 tps, lat 0.031 ms stddev 0.004, 0 failed
progress: 52.0 s, 31351.3 tps, lat 0.032 ms stddev 0.004, 0 failed
progress: 53.0 s, 31244.9 tps, lat 0.032 ms stddev 0.004, 0 failed
progress: 54.0 s, 31562.8 tps, lat 0.032 ms stddev 0.004, 0 failed
progress: 55.0 s, 31736.3 tps, lat 0.031 ms stddev 0.004, 0 failed
progress: 56.0 s, 31870.8 tps, lat 0.031 ms stddev 0.004, 0 failed
progress: 57.0 s, 31449.6 tps, lat 0.032 ms stddev 0.004, 0 failed
progress: 58.0 s, 31255.1 tps, lat 0.032 ms stddev 0.004, 0 failed
progress: 59.0 s, 31503.3 tps, lat 0.032 ms stddev 0.004, 0 failed
progress: 60.0 s, 31499.1 tps, lat 0.032 ms stddev 0.004, 0 failed
transaction type: <builtin: select only>
scaling factor: 1000
query mode: prepared
number of clients: 1
number of threads: 1
maximum number of tries: 1
duration: 60 s
number of transactions actually processed: 1871080
number of failed transactions: 0 (0.000%)
latency average = 0.032 ms
latency stddev = 0.004 ms
initial connection time = 2.952 ms
tps = 31186.136573 (without initial connection time)
