pgbench (18devel, server 17.0)
progress: 1.0 s, 527.0 tps, lat 1.893 ms stddev 0.158, 0 failed
progress: 2.0 s, 533.0 tps, lat 1.875 ms stddev 0.017, 0 failed
progress: 3.0 s, 530.0 tps, lat 1.886 ms stddev 0.017, 0 failed
progress: 4.0 s, 530.0 tps, lat 1.886 ms stddev 0.015, 0 failed
progress: 5.0 s, 534.0 tps, lat 1.872 ms stddev 0.023, 0 failed
progress: 6.0 s, 532.0 tps, lat 1.879 ms stddev 0.016, 0 failed
progress: 7.0 s, 533.0 tps, lat 1.878 ms stddev 0.015, 0 failed
progress: 8.0 s, 532.0 tps, lat 1.877 ms stddev 0.013, 0 failed
progress: 9.0 s, 537.0 tps, lat 1.863 ms stddev 0.016, 0 failed
progress: 10.0 s, 538.0 tps, lat 1.860 ms stddev 0.010, 0 failed
progress: 11.0 s, 537.0 tps, lat 1.860 ms stddev 0.011, 0 failed
progress: 12.0 s, 538.0 tps, lat 1.861 ms stddev 0.018, 0 failed
progress: 13.0 s, 535.0 tps, lat 1.866 ms stddev 0.027, 0 failed
progress: 14.0 s, 538.0 tps, lat 1.860 ms stddev 0.013, 0 failed
progress: 15.0 s, 537.0 tps, lat 1.860 ms stddev 0.013, 0 failed
progress: 16.0 s, 538.0 tps, lat 1.859 ms stddev 0.012, 0 failed
progress: 17.0 s, 537.0 tps, lat 1.863 ms stddev 0.021, 0 failed
progress: 18.0 s, 537.0 tps, lat 1.860 ms stddev 0.011, 0 failed
progress: 19.0 s, 538.0 tps, lat 1.860 ms stddev 0.017, 0 failed
progress: 20.0 s, 537.0 tps, lat 1.860 ms stddev 0.012, 0 failed
progress: 21.0 s, 538.0 tps, lat 1.860 ms stddev 0.015, 0 failed
progress: 22.0 s, 538.0 tps, lat 1.859 ms stddev 0.011, 0 failed
progress: 23.0 s, 537.0 tps, lat 1.861 ms stddev 0.014, 0 failed
progress: 24.0 s, 537.0 tps, lat 1.860 ms stddev 0.011, 0 failed
progress: 25.0 s, 536.0 tps, lat 1.866 ms stddev 0.026, 0 failed
progress: 26.0 s, 537.0 tps, lat 1.863 ms stddev 0.019, 0 failed
progress: 27.0 s, 532.0 tps, lat 1.877 ms stddev 0.012, 0 failed
progress: 28.0 s, 533.0 tps, lat 1.877 ms stddev 0.020, 0 failed
progress: 29.0 s, 538.0 tps, lat 1.859 ms stddev 0.019, 0 failed
progress: 30.0 s, 535.0 tps, lat 1.868 ms stddev 0.020, 0 failed
progress: 31.0 s, 533.0 tps, lat 1.875 ms stddev 0.014, 0 failed
progress: 32.0 s, 533.0 tps, lat 1.875 ms stddev 0.011, 0 failed
progress: 33.0 s, 536.0 tps, lat 1.865 ms stddev 0.023, 0 failed
progress: 34.0 s, 538.0 tps, lat 1.860 ms stddev 0.016, 0 failed
progress: 35.0 s, 537.0 tps, lat 1.859 ms stddev 0.012, 0 failed
progress: 36.0 s, 538.0 tps, lat 1.859 ms stddev 0.013, 0 failed
progress: 37.0 s, 538.0 tps, lat 1.859 ms stddev 0.015, 0 failed
progress: 38.0 s, 537.0 tps, lat 1.860 ms stddev 0.017, 0 failed
progress: 39.0 s, 538.0 tps, lat 1.861 ms stddev 0.010, 0 failed
progress: 40.0 s, 537.0 tps, lat 1.862 ms stddev 0.011, 0 failed
progress: 41.0 s, 537.0 tps, lat 1.862 ms stddev 0.013, 0 failed
progress: 42.0 s, 537.0 tps, lat 1.862 ms stddev 0.014, 0 failed
progress: 43.0 s, 533.0 tps, lat 1.872 ms stddev 0.050, 0 failed
progress: 44.0 s, 538.0 tps, lat 1.861 ms stddev 0.010, 0 failed
progress: 45.0 s, 536.0 tps, lat 1.864 ms stddev 0.022, 0 failed
progress: 46.0 s, 532.0 tps, lat 1.879 ms stddev 0.016, 0 failed
progress: 47.0 s, 533.0 tps, lat 1.877 ms stddev 0.010, 0 failed
progress: 48.0 s, 531.0 tps, lat 1.881 ms stddev 0.018, 0 failed
progress: 49.0 s, 537.0 tps, lat 1.863 ms stddev 0.017, 0 failed
progress: 50.0 s, 537.0 tps, lat 1.862 ms stddev 0.011, 0 failed
progress: 51.0 s, 537.0 tps, lat 1.864 ms stddev 0.011, 0 failed
progress: 52.0 s, 536.0 tps, lat 1.862 ms stddev 0.017, 0 failed
progress: 53.0 s, 537.0 tps, lat 1.864 ms stddev 0.019, 0 failed
progress: 54.0 s, 536.0 tps, lat 1.865 ms stddev 0.017, 0 failed
progress: 55.0 s, 536.0 tps, lat 1.866 ms stddev 0.016, 0 failed
progress: 56.0 s, 536.0 tps, lat 1.862 ms stddev 0.012, 0 failed
progress: 57.0 s, 537.0 tps, lat 1.862 ms stddev 0.013, 0 failed
progress: 58.0 s, 538.0 tps, lat 1.861 ms stddev 0.011, 0 failed
progress: 59.0 s, 537.0 tps, lat 1.861 ms stddev 0.015, 0 failed
progress: 60.0 s, 536.0 tps, lat 1.863 ms stddev 0.013, 0 failed
transaction type: star-1-left.sql
scaling factor: 1
query mode: simple
number of clients: 1
number of threads: 1
maximum number of tries: 1
duration: 60 s
number of transactions actually processed: 32142
number of failed transactions: 0 (0.000%)
latency average = 1.866 ms
latency stddev = 0.027 ms
initial connection time = 1.968 ms
tps = 535.715071 (without initial connection time)
