pgbench (18devel, server 17.0)
progress: 1.0 s, 15504.9 tps, lat 7.962 ms stddev 5.610, 0 failed
progress: 2.0 s, 16295.0 tps, lat 7.852 ms stddev 4.670, 0 failed
progress: 3.0 s, 16407.3 tps, lat 7.804 ms stddev 4.559, 0 failed
progress: 4.0 s, 16431.7 tps, lat 7.783 ms stddev 4.465, 0 failed
progress: 5.0 s, 16378.6 tps, lat 7.810 ms stddev 5.049, 0 failed
progress: 6.0 s, 16477.5 tps, lat 7.769 ms stddev 5.248, 0 failed
progress: 7.0 s, 16420.5 tps, lat 7.799 ms stddev 5.157, 0 failed
progress: 8.0 s, 16515.6 tps, lat 7.752 ms stddev 5.245, 0 failed
progress: 9.0 s, 16548.1 tps, lat 7.734 ms stddev 5.247, 0 failed
progress: 10.0 s, 16464.8 tps, lat 7.771 ms stddev 5.281, 0 failed
progress: 11.0 s, 16527.0 tps, lat 7.745 ms stddev 5.179, 0 failed
progress: 12.0 s, 16530.6 tps, lat 7.743 ms stddev 5.187, 0 failed
progress: 13.0 s, 16487.8 tps, lat 7.756 ms stddev 5.104, 0 failed
progress: 14.0 s, 16513.0 tps, lat 7.761 ms stddev 5.097, 0 failed
progress: 15.0 s, 16509.3 tps, lat 7.734 ms stddev 5.259, 0 failed
progress: 16.0 s, 16549.4 tps, lat 7.750 ms stddev 5.207, 0 failed
progress: 17.0 s, 16538.0 tps, lat 7.736 ms stddev 5.314, 0 failed
progress: 18.0 s, 16536.0 tps, lat 7.740 ms stddev 5.226, 0 failed
progress: 19.0 s, 16538.1 tps, lat 7.744 ms stddev 5.272, 0 failed
progress: 20.0 s, 16527.1 tps, lat 7.735 ms stddev 5.349, 0 failed
progress: 21.0 s, 16536.8 tps, lat 7.746 ms stddev 5.274, 0 failed
progress: 22.0 s, 16542.1 tps, lat 7.734 ms stddev 5.207, 0 failed
progress: 23.0 s, 16494.8 tps, lat 7.757 ms stddev 5.059, 0 failed
progress: 24.0 s, 16549.7 tps, lat 7.733 ms stddev 5.147, 0 failed
progress: 25.0 s, 16526.1 tps, lat 7.744 ms stddev 5.250, 0 failed
progress: 26.0 s, 16520.1 tps, lat 7.760 ms stddev 5.277, 0 failed
progress: 27.0 s, 16528.5 tps, lat 7.742 ms stddev 5.478, 0 failed
progress: 28.0 s, 16521.8 tps, lat 7.744 ms stddev 5.202, 0 failed
progress: 29.0 s, 16518.9 tps, lat 7.742 ms stddev 5.140, 0 failed
progress: 30.0 s, 16505.7 tps, lat 7.764 ms stddev 5.252, 0 failed
progress: 31.0 s, 16510.4 tps, lat 7.742 ms stddev 5.094, 0 failed
progress: 32.0 s, 16514.9 tps, lat 7.760 ms stddev 5.289, 0 failed
progress: 33.0 s, 16526.4 tps, lat 7.739 ms stddev 5.356, 0 failed
progress: 34.0 s, 16510.4 tps, lat 7.740 ms stddev 5.234, 0 failed
progress: 35.0 s, 16534.0 tps, lat 7.753 ms stddev 5.456, 0 failed
progress: 36.0 s, 16495.8 tps, lat 7.755 ms stddev 5.009, 0 failed
progress: 37.0 s, 16504.2 tps, lat 7.759 ms stddev 5.315, 0 failed
progress: 38.0 s, 16520.4 tps, lat 7.756 ms stddev 5.128, 0 failed
progress: 39.0 s, 16490.7 tps, lat 7.756 ms stddev 5.162, 0 failed
progress: 40.0 s, 16514.1 tps, lat 7.749 ms stddev 5.418, 0 failed
progress: 41.0 s, 16475.8 tps, lat 7.768 ms stddev 5.111, 0 failed
progress: 42.0 s, 16484.2 tps, lat 7.770 ms stddev 5.269, 0 failed
progress: 43.0 s, 16480.1 tps, lat 7.758 ms stddev 5.209, 0 failed
progress: 44.0 s, 16464.8 tps, lat 7.773 ms stddev 5.091, 0 failed
progress: 45.0 s, 16515.0 tps, lat 7.746 ms stddev 5.373, 0 failed
progress: 46.0 s, 16525.0 tps, lat 7.750 ms stddev 5.208, 0 failed
progress: 47.0 s, 16510.6 tps, lat 7.753 ms stddev 5.291, 0 failed
progress: 48.0 s, 16548.2 tps, lat 7.732 ms stddev 5.454, 0 failed
progress: 49.0 s, 16504.1 tps, lat 7.752 ms stddev 5.334, 0 failed
progress: 50.0 s, 16512.1 tps, lat 7.755 ms stddev 5.187, 0 failed
progress: 51.0 s, 16565.1 tps, lat 7.724 ms stddev 5.316, 0 failed
progress: 52.0 s, 16527.8 tps, lat 7.740 ms stddev 5.293, 0 failed
progress: 53.0 s, 16512.3 tps, lat 7.757 ms stddev 5.252, 0 failed
progress: 54.0 s, 16498.7 tps, lat 7.760 ms stddev 4.995, 0 failed
progress: 55.0 s, 16521.9 tps, lat 7.739 ms stddev 5.139, 0 failed
progress: 56.0 s, 16547.0 tps, lat 7.741 ms stddev 5.301, 0 failed
progress: 57.0 s, 16572.0 tps, lat 7.730 ms stddev 5.291, 0 failed
progress: 58.0 s, 16532.7 tps, lat 7.734 ms stddev 5.168, 0 failed
progress: 59.0 s, 16567.9 tps, lat 7.720 ms stddev 5.299, 0 failed
transaction type: star-1-left.sql
scaling factor: 1
query mode: simple
number of clients: 128
number of threads: 128
maximum number of tries: 1
duration: 60 s
number of transactions actually processed: 988817
number of failed transactions: 0 (0.000%)
latency average = 7.757 ms
latency stddev = 5.213 ms
initial connection time = 79.398 ms
tps = 16492.663276 (without initial connection time)
