pgbench (18devel, server 9.5.25)
progress: 1.0 s, 8262.5 tps, lat 0.121 ms stddev 0.070, 0 failed
progress: 2.0 s, 8622.0 tps, lat 0.116 ms stddev 0.004, 0 failed
progress: 3.0 s, 8557.0 tps, lat 0.117 ms stddev 0.004, 0 failed
progress: 4.0 s, 8566.0 tps, lat 0.117 ms stddev 0.004, 0 failed
progress: 5.0 s, 8669.4 tps, lat 0.115 ms stddev 0.003, 0 failed
progress: 6.0 s, 8534.7 tps, lat 0.117 ms stddev 0.004, 0 failed
progress: 7.0 s, 8727.9 tps, lat 0.115 ms stddev 0.008, 0 failed
progress: 8.0 s, 8695.0 tps, lat 0.115 ms stddev 0.004, 0 failed
progress: 9.0 s, 8713.0 tps, lat 0.115 ms stddev 0.003, 0 failed
progress: 10.0 s, 8683.0 tps, lat 0.115 ms stddev 0.003, 0 failed
progress: 11.0 s, 8717.3 tps, lat 0.115 ms stddev 0.003, 0 failed
progress: 12.0 s, 8614.7 tps, lat 0.116 ms stddev 0.004, 0 failed
progress: 13.0 s, 8584.0 tps, lat 0.116 ms stddev 0.004, 0 failed
progress: 14.0 s, 8651.0 tps, lat 0.116 ms stddev 0.004, 0 failed
progress: 15.0 s, 8685.0 tps, lat 0.115 ms stddev 0.003, 0 failed
progress: 16.0 s, 8677.0 tps, lat 0.115 ms stddev 0.005, 0 failed
progress: 17.0 s, 8573.0 tps, lat 0.117 ms stddev 0.003, 0 failed
progress: 18.0 s, 8628.0 tps, lat 0.116 ms stddev 0.004, 0 failed
progress: 19.0 s, 8743.4 tps, lat 0.114 ms stddev 0.003, 0 failed
progress: 20.0 s, 8648.8 tps, lat 0.116 ms stddev 0.005, 0 failed
progress: 21.0 s, 8718.0 tps, lat 0.115 ms stddev 0.003, 0 failed
progress: 22.0 s, 8718.9 tps, lat 0.115 ms stddev 0.003, 0 failed
progress: 23.0 s, 8711.2 tps, lat 0.115 ms stddev 0.003, 0 failed
progress: 24.0 s, 8694.0 tps, lat 0.115 ms stddev 0.003, 0 failed
progress: 25.0 s, 8713.7 tps, lat 0.115 ms stddev 0.003, 0 failed
progress: 26.0 s, 8624.0 tps, lat 0.116 ms stddev 0.003, 0 failed
progress: 27.0 s, 8546.1 tps, lat 0.117 ms stddev 0.003, 0 failed
progress: 28.0 s, 8698.9 tps, lat 0.115 ms stddev 0.004, 0 failed
progress: 29.0 s, 8570.4 tps, lat 0.117 ms stddev 0.003, 0 failed
progress: 30.0 s, 8578.6 tps, lat 0.117 ms stddev 0.004, 0 failed
progress: 31.0 s, 8571.9 tps, lat 0.117 ms stddev 0.003, 0 failed
progress: 32.0 s, 8617.0 tps, lat 0.116 ms stddev 0.003, 0 failed
progress: 33.0 s, 8753.0 tps, lat 0.114 ms stddev 0.003, 0 failed
progress: 34.0 s, 8566.2 tps, lat 0.117 ms stddev 0.003, 0 failed
progress: 35.0 s, 8565.9 tps, lat 0.117 ms stddev 0.003, 0 failed
progress: 36.0 s, 8642.9 tps, lat 0.116 ms stddev 0.004, 0 failed
progress: 37.0 s, 8725.1 tps, lat 0.115 ms stddev 0.003, 0 failed
progress: 38.0 s, 8680.9 tps, lat 0.115 ms stddev 0.004, 0 failed
progress: 39.0 s, 8566.0 tps, lat 0.117 ms stddev 0.002, 0 failed
progress: 40.0 s, 8695.2 tps, lat 0.115 ms stddev 0.004, 0 failed
progress: 41.0 s, 8709.2 tps, lat 0.115 ms stddev 0.003, 0 failed
progress: 42.0 s, 8572.7 tps, lat 0.117 ms stddev 0.003, 0 failed
progress: 43.0 s, 8556.4 tps, lat 0.117 ms stddev 0.003, 0 failed
progress: 44.0 s, 8696.8 tps, lat 0.115 ms stddev 0.004, 0 failed
progress: 45.0 s, 8724.7 tps, lat 0.115 ms stddev 0.003, 0 failed
progress: 46.0 s, 8730.0 tps, lat 0.114 ms stddev 0.003, 0 failed
progress: 47.0 s, 8719.3 tps, lat 0.115 ms stddev 0.003, 0 failed
progress: 48.0 s, 8717.7 tps, lat 0.115 ms stddev 0.003, 0 failed
progress: 49.0 s, 8725.0 tps, lat 0.115 ms stddev 0.003, 0 failed
progress: 50.0 s, 8708.0 tps, lat 0.115 ms stddev 0.004, 0 failed
progress: 51.0 s, 8744.0 tps, lat 0.114 ms stddev 0.003, 0 failed
progress: 52.0 s, 8729.0 tps, lat 0.114 ms stddev 0.003, 0 failed
progress: 53.0 s, 8761.0 tps, lat 0.114 ms stddev 0.003, 0 failed
progress: 54.0 s, 8743.0 tps, lat 0.114 ms stddev 0.003, 0 failed
progress: 55.0 s, 8753.4 tps, lat 0.114 ms stddev 0.003, 0 failed
progress: 56.0 s, 8733.6 tps, lat 0.114 ms stddev 0.003, 0 failed
progress: 57.0 s, 8730.0 tps, lat 0.114 ms stddev 0.003, 0 failed
progress: 58.0 s, 8729.4 tps, lat 0.115 ms stddev 0.003, 0 failed
progress: 59.0 s, 8740.6 tps, lat 0.114 ms stddev 0.003, 0 failed
progress: 60.0 s, 8745.0 tps, lat 0.114 ms stddev 0.003, 0 failed
transaction type: star-1-left.sql
scaling factor: 1
query mode: prepared
number of clients: 1
number of threads: 1
maximum number of tries: 1
duration: 60 s
number of transactions actually processed: 519780
number of failed transactions: 0 (0.000%)
latency average = 0.115 ms
latency stddev = 0.010 ms
initial connection time = 1.733 ms
tps = 8663.236651 (without initial connection time)
