pgbench (18devel, server 9.5.25)
progress: 1.0 s, 46089.3 tps, lat 5.261 ms stddev 7.955, 0 failed
progress: 2.0 s, 54603.7 tps, lat 4.690 ms stddev 4.684, 0 failed
progress: 3.0 s, 54867.1 tps, lat 4.664 ms stddev 4.621, 0 failed
progress: 4.0 s, 54442.1 tps, lat 4.701 ms stddev 4.656, 0 failed
progress: 5.0 s, 54692.0 tps, lat 4.685 ms stddev 4.674, 0 failed
progress: 6.0 s, 54433.1 tps, lat 4.702 ms stddev 4.695, 0 failed
progress: 7.0 s, 54755.2 tps, lat 4.673 ms stddev 4.609, 0 failed
progress: 8.0 s, 55145.8 tps, lat 4.644 ms stddev 4.630, 0 failed
progress: 9.0 s, 54869.9 tps, lat 4.663 ms stddev 4.634, 0 failed
progress: 10.0 s, 54525.1 tps, lat 4.695 ms stddev 4.690, 0 failed
progress: 11.0 s, 54803.0 tps, lat 4.671 ms stddev 4.624, 0 failed
progress: 12.0 s, 54912.1 tps, lat 4.665 ms stddev 4.611, 0 failed
progress: 13.0 s, 54262.8 tps, lat 4.713 ms stddev 4.703, 0 failed
progress: 14.0 s, 54673.9 tps, lat 4.682 ms stddev 4.650, 0 failed
progress: 15.0 s, 54339.1 tps, lat 4.714 ms stddev 4.699, 0 failed
progress: 16.0 s, 54783.3 tps, lat 4.675 ms stddev 4.634, 0 failed
progress: 17.0 s, 54719.8 tps, lat 4.675 ms stddev 4.614, 0 failed
progress: 18.0 s, 54420.2 tps, lat 4.702 ms stddev 4.712, 0 failed
progress: 19.0 s, 53334.7 tps, lat 4.800 ms stddev 4.799, 0 failed
progress: 20.0 s, 54757.1 tps, lat 4.675 ms stddev 4.604, 0 failed
progress: 21.0 s, 54895.1 tps, lat 4.662 ms stddev 4.693, 0 failed
progress: 22.0 s, 54364.1 tps, lat 4.708 ms stddev 4.699, 0 failed
progress: 23.0 s, 54619.1 tps, lat 4.690 ms stddev 4.644, 0 failed
progress: 24.0 s, 54712.9 tps, lat 4.676 ms stddev 4.619, 0 failed
progress: 25.0 s, 53794.0 tps, lat 4.754 ms stddev 4.738, 0 failed
progress: 26.0 s, 54534.9 tps, lat 4.701 ms stddev 4.686, 0 failed
progress: 27.0 s, 54843.1 tps, lat 4.664 ms stddev 4.635, 0 failed
progress: 28.0 s, 54149.9 tps, lat 4.730 ms stddev 4.694, 0 failed
progress: 29.0 s, 54571.1 tps, lat 4.693 ms stddev 4.641, 0 failed
progress: 30.0 s, 54439.8 tps, lat 4.701 ms stddev 4.670, 0 failed
progress: 31.0 s, 54509.3 tps, lat 4.693 ms stddev 4.665, 0 failed
progress: 32.0 s, 55196.8 tps, lat 4.641 ms stddev 4.558, 0 failed
progress: 33.0 s, 54684.1 tps, lat 4.680 ms stddev 4.689, 0 failed
progress: 34.0 s, 54619.7 tps, lat 4.688 ms stddev 4.695, 0 failed
progress: 35.0 s, 54590.4 tps, lat 4.688 ms stddev 4.626, 0 failed
progress: 36.0 s, 54802.7 tps, lat 4.669 ms stddev 4.625, 0 failed
progress: 37.0 s, 55278.9 tps, lat 4.631 ms stddev 4.560, 0 failed
progress: 38.0 s, 54691.3 tps, lat 4.683 ms stddev 4.621, 0 failed
progress: 39.0 s, 54229.8 tps, lat 4.717 ms stddev 4.715, 0 failed
progress: 40.0 s, 54290.3 tps, lat 4.720 ms stddev 4.697, 0 failed
progress: 41.0 s, 54941.8 tps, lat 4.653 ms stddev 4.606, 0 failed
progress: 42.0 s, 54942.3 tps, lat 4.663 ms stddev 4.691, 0 failed
progress: 43.0 s, 54570.8 tps, lat 4.691 ms stddev 4.660, 0 failed
progress: 44.0 s, 54431.0 tps, lat 4.702 ms stddev 4.651, 0 failed
progress: 45.0 s, 54913.0 tps, lat 4.663 ms stddev 4.636, 0 failed
progress: 46.0 s, 54607.9 tps, lat 4.686 ms stddev 4.696, 0 failed
progress: 47.0 s, 54886.3 tps, lat 4.665 ms stddev 4.638, 0 failed
progress: 48.0 s, 55108.8 tps, lat 4.646 ms stddev 4.570, 0 failed
progress: 49.0 s, 54830.1 tps, lat 4.664 ms stddev 4.674, 0 failed
progress: 50.0 s, 54275.3 tps, lat 4.719 ms stddev 4.686, 0 failed
progress: 51.0 s, 54809.7 tps, lat 4.674 ms stddev 4.663, 0 failed
progress: 52.0 s, 54725.0 tps, lat 4.672 ms stddev 4.664, 0 failed
progress: 53.0 s, 54758.8 tps, lat 4.676 ms stddev 4.675, 0 failed
progress: 54.0 s, 54370.9 tps, lat 4.708 ms stddev 4.718, 0 failed
progress: 55.0 s, 54761.3 tps, lat 4.677 ms stddev 4.582, 0 failed
progress: 56.0 s, 54892.9 tps, lat 4.664 ms stddev 4.645, 0 failed
progress: 57.0 s, 54946.1 tps, lat 4.656 ms stddev 4.613, 0 failed
progress: 58.0 s, 54520.9 tps, lat 4.697 ms stddev 4.669, 0 failed
progress: 59.0 s, 54606.1 tps, lat 4.690 ms stddev 4.635, 0 failed
transaction type: star-1-left.sql
scaling factor: 1
query mode: prepared
number of clients: 256
number of threads: 256
maximum number of tries: 1
duration: 60 s
number of transactions actually processed: 3264117
number of failed transactions: 0 (0.000%)
latency average = 4.695 ms
latency stddev = 4.728 ms
initial connection time = 152.191 ms
tps = 54483.056202 (without initial connection time)
