pgbench (18devel, server 9.5.25)
progress: 1.0 s, 128612.4 tps, lat 0.246 ms stddev 0.235, 0 failed
progress: 2.0 s, 134521.5 tps, lat 0.238 ms stddev 0.066, 0 failed
progress: 3.0 s, 132496.0 tps, lat 0.241 ms stddev 0.073, 0 failed
progress: 4.0 s, 132648.9 tps, lat 0.241 ms stddev 0.074, 0 failed
progress: 5.0 s, 132783.1 tps, lat 0.241 ms stddev 0.068, 0 failed
progress: 6.0 s, 133012.0 tps, lat 0.240 ms stddev 0.074, 0 failed
progress: 7.0 s, 133688.1 tps, lat 0.239 ms stddev 0.071, 0 failed
progress: 8.0 s, 133363.9 tps, lat 0.240 ms stddev 0.073, 0 failed
progress: 9.0 s, 134118.6 tps, lat 0.238 ms stddev 0.069, 0 failed
progress: 10.0 s, 133504.0 tps, lat 0.239 ms stddev 0.070, 0 failed
progress: 11.0 s, 134585.7 tps, lat 0.238 ms stddev 0.066, 0 failed
progress: 12.0 s, 133692.7 tps, lat 0.239 ms stddev 0.077, 0 failed
progress: 13.0 s, 132955.0 tps, lat 0.240 ms stddev 0.078, 0 failed
progress: 14.0 s, 132779.6 tps, lat 0.241 ms stddev 0.073, 0 failed
progress: 15.0 s, 133247.0 tps, lat 0.240 ms stddev 0.075, 0 failed
progress: 16.0 s, 132526.9 tps, lat 0.241 ms stddev 0.074, 0 failed
progress: 17.0 s, 133110.5 tps, lat 0.240 ms stddev 0.078, 0 failed
progress: 18.0 s, 133294.5 tps, lat 0.240 ms stddev 0.075, 0 failed
progress: 19.0 s, 133961.9 tps, lat 0.239 ms stddev 0.075, 0 failed
progress: 20.0 s, 131621.1 tps, lat 0.243 ms stddev 0.071, 0 failed
progress: 21.0 s, 134322.5 tps, lat 0.238 ms stddev 0.070, 0 failed
progress: 22.0 s, 133498.3 tps, lat 0.240 ms stddev 0.079, 0 failed
progress: 23.0 s, 133239.2 tps, lat 0.240 ms stddev 0.072, 0 failed
progress: 24.0 s, 134041.9 tps, lat 0.239 ms stddev 0.068, 0 failed
progress: 25.0 s, 133328.5 tps, lat 0.240 ms stddev 0.071, 0 failed
progress: 26.0 s, 134014.9 tps, lat 0.239 ms stddev 0.068, 0 failed
progress: 27.0 s, 133065.9 tps, lat 0.240 ms stddev 0.071, 0 failed
progress: 28.0 s, 134016.9 tps, lat 0.239 ms stddev 0.076, 0 failed
progress: 29.0 s, 134295.1 tps, lat 0.238 ms stddev 0.069, 0 failed
progress: 30.0 s, 130717.9 tps, lat 0.245 ms stddev 0.074, 0 failed
progress: 31.0 s, 130148.7 tps, lat 0.246 ms stddev 0.074, 0 failed
progress: 32.0 s, 129794.2 tps, lat 0.246 ms stddev 0.074, 0 failed
progress: 33.0 s, 131495.7 tps, lat 0.243 ms stddev 0.080, 0 failed
progress: 34.0 s, 131887.0 tps, lat 0.242 ms stddev 0.078, 0 failed
progress: 35.0 s, 132940.0 tps, lat 0.241 ms stddev 0.072, 0 failed
progress: 36.0 s, 131769.6 tps, lat 0.243 ms stddev 0.071, 0 failed
progress: 37.0 s, 131259.4 tps, lat 0.244 ms stddev 0.072, 0 failed
progress: 38.0 s, 132414.2 tps, lat 0.241 ms stddev 0.073, 0 failed
progress: 39.0 s, 131865.4 tps, lat 0.242 ms stddev 0.079, 0 failed
progress: 40.0 s, 131551.6 tps, lat 0.243 ms stddev 0.071, 0 failed
progress: 41.0 s, 131855.2 tps, lat 0.243 ms stddev 0.073, 0 failed
progress: 42.0 s, 132187.7 tps, lat 0.242 ms stddev 0.074, 0 failed
progress: 43.0 s, 131461.0 tps, lat 0.243 ms stddev 0.074, 0 failed
progress: 44.0 s, 131775.1 tps, lat 0.243 ms stddev 0.071, 0 failed
progress: 45.0 s, 131905.1 tps, lat 0.242 ms stddev 0.074, 0 failed
progress: 46.0 s, 130346.3 tps, lat 0.245 ms stddev 0.075, 0 failed
progress: 47.0 s, 131350.7 tps, lat 0.243 ms stddev 0.070, 0 failed
progress: 48.0 s, 130259.6 tps, lat 0.245 ms stddev 0.075, 0 failed
progress: 49.0 s, 130743.5 tps, lat 0.245 ms stddev 0.078, 0 failed
progress: 50.0 s, 130390.5 tps, lat 0.245 ms stddev 0.081, 0 failed
progress: 51.0 s, 130914.0 tps, lat 0.244 ms stddev 0.071, 0 failed
progress: 52.0 s, 131898.0 tps, lat 0.242 ms stddev 0.072, 0 failed
progress: 53.0 s, 131741.3 tps, lat 0.243 ms stddev 0.075, 0 failed
progress: 54.0 s, 130854.1 tps, lat 0.244 ms stddev 0.072, 0 failed
progress: 55.0 s, 131005.7 tps, lat 0.244 ms stddev 0.075, 0 failed
progress: 56.0 s, 129988.9 tps, lat 0.246 ms stddev 0.082, 0 failed
progress: 57.0 s, 131783.0 tps, lat 0.243 ms stddev 0.073, 0 failed
progress: 58.0 s, 131903.5 tps, lat 0.242 ms stddev 0.071, 0 failed
progress: 59.0 s, 130528.3 tps, lat 0.245 ms stddev 0.073, 0 failed
transaction type: star-1-left.sql
scaling factor: 1
query mode: prepared
number of clients: 32
number of threads: 32
maximum number of tries: 1
duration: 60 s
number of transactions actually processed: 7933417
number of failed transactions: 0 (0.000%)
latency average = 0.242 ms
latency stddev = 0.079 ms
initial connection time = 21.859 ms
tps = 132269.822925 (without initial connection time)
