pgbench (18devel, server 9.5.25)
progress: 1.0 s, 73677.9 tps, lat 0.856 ms stddev 0.973, 0 failed
progress: 2.0 s, 75877.5 tps, lat 0.843 ms stddev 0.779, 0 failed
progress: 3.0 s, 76130.3 tps, lat 0.840 ms stddev 0.781, 0 failed
progress: 4.0 s, 77825.2 tps, lat 0.822 ms stddev 0.751, 0 failed
progress: 5.0 s, 76200.9 tps, lat 0.840 ms stddev 0.780, 0 failed
progress: 6.0 s, 76434.7 tps, lat 0.837 ms stddev 0.779, 0 failed
progress: 7.0 s, 76380.8 tps, lat 0.837 ms stddev 0.773, 0 failed
progress: 8.0 s, 78186.5 tps, lat 0.818 ms stddev 0.746, 0 failed
progress: 9.0 s, 76428.1 tps, lat 0.837 ms stddev 0.777, 0 failed
progress: 10.0 s, 75416.7 tps, lat 0.848 ms stddev 0.794, 0 failed
progress: 11.0 s, 76754.3 tps, lat 0.834 ms stddev 0.770, 0 failed
progress: 12.0 s, 78482.7 tps, lat 0.815 ms stddev 0.737, 0 failed
progress: 13.0 s, 76386.3 tps, lat 0.838 ms stddev 0.776, 0 failed
progress: 14.0 s, 76710.9 tps, lat 0.834 ms stddev 0.775, 0 failed
progress: 15.0 s, 75393.0 tps, lat 0.849 ms stddev 0.797, 0 failed
progress: 16.0 s, 77316.1 tps, lat 0.827 ms stddev 0.762, 0 failed
progress: 17.0 s, 76000.1 tps, lat 0.842 ms stddev 0.781, 0 failed
progress: 18.0 s, 75430.8 tps, lat 0.848 ms stddev 0.787, 0 failed
progress: 19.0 s, 76949.8 tps, lat 0.831 ms stddev 0.772, 0 failed
progress: 20.0 s, 78278.0 tps, lat 0.817 ms stddev 0.740, 0 failed
progress: 21.0 s, 75499.2 tps, lat 0.847 ms stddev 0.795, 0 failed
progress: 22.0 s, 75984.1 tps, lat 0.842 ms stddev 0.783, 0 failed
progress: 23.0 s, 76449.9 tps, lat 0.837 ms stddev 0.773, 0 failed
progress: 24.0 s, 77822.0 tps, lat 0.822 ms stddev 0.750, 0 failed
progress: 25.0 s, 75848.1 tps, lat 0.844 ms stddev 0.790, 0 failed
progress: 26.0 s, 76321.6 tps, lat 0.838 ms stddev 0.783, 0 failed
progress: 27.0 s, 76021.2 tps, lat 0.842 ms stddev 0.787, 0 failed
progress: 28.0 s, 79015.8 tps, lat 0.810 ms stddev 0.739, 0 failed
progress: 29.0 s, 75846.2 tps, lat 0.844 ms stddev 0.787, 0 failed
progress: 30.0 s, 76295.0 tps, lat 0.838 ms stddev 0.782, 0 failed
progress: 31.0 s, 75920.2 tps, lat 0.843 ms stddev 0.783, 0 failed
progress: 32.0 s, 77617.9 tps, lat 0.824 ms stddev 0.754, 0 failed
progress: 33.0 s, 76053.7 tps, lat 0.841 ms stddev 0.783, 0 failed
progress: 34.0 s, 76279.4 tps, lat 0.839 ms stddev 0.779, 0 failed
progress: 35.0 s, 76383.1 tps, lat 0.838 ms stddev 0.783, 0 failed
progress: 36.0 s, 78246.6 tps, lat 0.818 ms stddev 0.749, 0 failed
progress: 37.0 s, 75990.1 tps, lat 0.842 ms stddev 0.788, 0 failed
progress: 38.0 s, 75465.1 tps, lat 0.848 ms stddev 0.798, 0 failed
progress: 39.0 s, 76444.1 tps, lat 0.837 ms stddev 0.772, 0 failed
progress: 40.0 s, 77749.0 tps, lat 0.823 ms stddev 0.749, 0 failed
progress: 41.0 s, 75635.7 tps, lat 0.846 ms stddev 0.796, 0 failed
progress: 42.0 s, 75991.2 tps, lat 0.842 ms stddev 0.779, 0 failed
progress: 43.0 s, 75981.1 tps, lat 0.842 ms stddev 0.784, 0 failed
progress: 44.0 s, 77975.0 tps, lat 0.820 ms stddev 0.749, 0 failed
progress: 45.0 s, 76040.0 tps, lat 0.841 ms stddev 0.783, 0 failed
progress: 46.0 s, 76256.5 tps, lat 0.839 ms stddev 0.781, 0 failed
progress: 47.0 s, 76526.2 tps, lat 0.836 ms stddev 0.778, 0 failed
progress: 48.0 s, 77336.8 tps, lat 0.828 ms stddev 0.758, 0 failed
progress: 49.0 s, 75832.5 tps, lat 0.843 ms stddev 0.796, 0 failed
progress: 50.0 s, 76258.7 tps, lat 0.839 ms stddev 0.784, 0 failed
progress: 51.0 s, 76217.0 tps, lat 0.840 ms stddev 0.778, 0 failed
progress: 52.0 s, 77759.0 tps, lat 0.823 ms stddev 0.759, 0 failed
progress: 53.0 s, 76331.2 tps, lat 0.838 ms stddev 0.785, 0 failed
progress: 54.0 s, 76034.9 tps, lat 0.841 ms stddev 0.780, 0 failed
progress: 55.0 s, 76104.9 tps, lat 0.841 ms stddev 0.777, 0 failed
progress: 56.0 s, 77969.9 tps, lat 0.821 ms stddev 0.746, 0 failed
progress: 57.0 s, 76401.3 tps, lat 0.837 ms stddev 0.780, 0 failed
progress: 58.0 s, 75551.1 tps, lat 0.847 ms stddev 0.791, 0 failed
progress: 59.0 s, 75762.0 tps, lat 0.845 ms stddev 0.798, 0 failed
transaction type: star-1-left.sql
scaling factor: 1
query mode: prepared
number of clients: 64
number of threads: 64
maximum number of tries: 1
duration: 60 s
number of transactions actually processed: 4589247
number of failed transactions: 0 (0.000%)
latency average = 0.836 ms
latency stddev = 0.778 ms
initial connection time = 39.556 ms
tps = 76534.175390 (without initial connection time)
