pgbench (18devel)
starting vacuum...end.
progress: 1.0 s, 6071.0 tps, lat 0.164 ms stddev 0.023, 0 failed
progress: 2.0 s, 6321.9 tps, lat 0.158 ms stddev 0.013, 0 failed
progress: 3.0 s, 6497.1 tps, lat 0.154 ms stddev 0.017, 0 failed
progress: 4.0 s, 6670.0 tps, lat 0.150 ms stddev 0.009, 0 failed
progress: 5.0 s, 6709.0 tps, lat 0.149 ms stddev 0.010, 0 failed
progress: 6.0 s, 6704.0 tps, lat 0.149 ms stddev 0.009, 0 failed
progress: 7.0 s, 6796.0 tps, lat 0.147 ms stddev 0.010, 0 failed
progress: 8.0 s, 6756.0 tps, lat 0.148 ms stddev 0.010, 0 failed
progress: 9.0 s, 6822.9 tps, lat 0.146 ms stddev 0.009, 0 failed
progress: 10.0 s, 6672.9 tps, lat 0.150 ms stddev 0.013, 0 failed
progress: 11.0 s, 6348.2 tps, lat 0.157 ms stddev 0.014, 0 failed
progress: 12.0 s, 6371.0 tps, lat 0.157 ms stddev 0.014, 0 failed
progress: 13.0 s, 6424.7 tps, lat 0.156 ms stddev 0.014, 0 failed
progress: 14.0 s, 6423.3 tps, lat 0.156 ms stddev 0.014, 0 failed
progress: 15.0 s, 6513.0 tps, lat 0.153 ms stddev 0.014, 0 failed
progress: 16.0 s, 6537.0 tps, lat 0.153 ms stddev 0.014, 0 failed
progress: 17.0 s, 6509.9 tps, lat 0.154 ms stddev 0.014, 0 failed
progress: 18.0 s, 6557.9 tps, lat 0.152 ms stddev 0.014, 0 failed
progress: 19.0 s, 6535.9 tps, lat 0.153 ms stddev 0.014, 0 failed
progress: 20.0 s, 6613.3 tps, lat 0.151 ms stddev 0.018, 0 failed
progress: 21.0 s, 6702.0 tps, lat 0.149 ms stddev 0.014, 0 failed
progress: 22.0 s, 6784.9 tps, lat 0.147 ms stddev 0.013, 0 failed
progress: 23.0 s, 6666.2 tps, lat 0.150 ms stddev 0.014, 0 failed
progress: 24.0 s, 6766.9 tps, lat 0.148 ms stddev 0.013, 0 failed
progress: 25.0 s, 6866.9 tps, lat 0.146 ms stddev 0.013, 0 failed
progress: 26.0 s, 6953.1 tps, lat 0.144 ms stddev 0.012, 0 failed
progress: 27.0 s, 6830.9 tps, lat 0.146 ms stddev 0.012, 0 failed
progress: 28.0 s, 6960.1 tps, lat 0.144 ms stddev 0.019, 0 failed
progress: 29.0 s, 6438.0 tps, lat 0.155 ms stddev 0.040, 0 failed
progress: 30.0 s, 7191.0 tps, lat 0.139 ms stddev 0.015, 0 failed
progress: 31.0 s, 7517.0 tps, lat 0.133 ms stddev 0.063, 0 failed
progress: 32.0 s, 7569.9 tps, lat 0.132 ms stddev 0.009, 0 failed
progress: 33.0 s, 7465.1 tps, lat 0.134 ms stddev 0.009, 0 failed
progress: 34.0 s, 7500.9 tps, lat 0.133 ms stddev 0.009, 0 failed
progress: 35.0 s, 7520.1 tps, lat 0.133 ms stddev 0.009, 0 failed
progress: 36.0 s, 7579.0 tps, lat 0.132 ms stddev 0.007, 0 failed
progress: 37.0 s, 7571.0 tps, lat 0.132 ms stddev 0.008, 0 failed
progress: 38.0 s, 7674.9 tps, lat 0.130 ms stddev 0.007, 0 failed
progress: 39.0 s, 7282.0 tps, lat 0.137 ms stddev 0.008, 0 failed
progress: 40.0 s, 7492.1 tps, lat 0.133 ms stddev 0.007, 0 failed
progress: 41.0 s, 7472.0 tps, lat 0.134 ms stddev 0.007, 0 failed
progress: 42.0 s, 7641.0 tps, lat 0.131 ms stddev 0.007, 0 failed
progress: 43.0 s, 7375.9 tps, lat 0.135 ms stddev 0.007, 0 failed
progress: 44.0 s, 7449.2 tps, lat 0.134 ms stddev 0.008, 0 failed
progress: 45.0 s, 7421.0 tps, lat 0.135 ms stddev 0.007, 0 failed
progress: 46.0 s, 7571.9 tps, lat 0.132 ms stddev 0.007, 0 failed
progress: 47.0 s, 7310.1 tps, lat 0.137 ms stddev 0.006, 0 failed
progress: 48.0 s, 7468.0 tps, lat 0.134 ms stddev 0.008, 0 failed
progress: 49.0 s, 7375.1 tps, lat 0.136 ms stddev 0.007, 0 failed
progress: 50.0 s, 7509.1 tps, lat 0.133 ms stddev 0.008, 0 failed
progress: 51.0 s, 7513.7 tps, lat 0.133 ms stddev 0.014, 0 failed
progress: 52.0 s, 7335.2 tps, lat 0.136 ms stddev 0.007, 0 failed
progress: 53.0 s, 7395.1 tps, lat 0.135 ms stddev 0.007, 0 failed
progress: 54.0 s, 7327.9 tps, lat 0.136 ms stddev 0.007, 0 failed
progress: 55.0 s, 7345.1 tps, lat 0.136 ms stddev 0.014, 0 failed
progress: 56.0 s, 7304.9 tps, lat 0.137 ms stddev 0.007, 0 failed
progress: 57.0 s, 7319.0 tps, lat 0.137 ms stddev 0.007, 0 failed
progress: 58.0 s, 7389.8 tps, lat 0.135 ms stddev 0.007, 0 failed
progress: 59.0 s, 7391.2 tps, lat 0.135 ms stddev 0.007, 0 failed
progress: 60.0 s, 7360.8 tps, lat 0.136 ms stddev 0.007, 0 failed
transaction type: <builtin: simple update>
scaling factor: 100
query mode: prepared
number of clients: 1
number of threads: 1
maximum number of tries: 1
duration: 60 s
number of transactions actually processed: 422464
number of failed transactions: 0 (0.000%)
latency average = 0.142 ms
latency stddev = 0.017 ms
initial connection time = 2.353 ms
tps = 7041.324731 (without initial connection time)
