pgbench (18devel)
starting vacuum...end.
progress: 1.0 s, 41312.6 tps, lat 3.004 ms stddev 2.384, 0 failed
progress: 2.0 s, 59189.8 tps, lat 2.162 ms stddev 0.704, 0 failed
progress: 3.0 s, 72984.9 tps, lat 1.754 ms stddev 0.893, 0 failed
progress: 4.0 s, 126314.6 tps, lat 1.013 ms stddev 0.450, 0 failed
progress: 5.0 s, 178932.4 tps, lat 0.715 ms stddev 0.271, 0 failed
progress: 6.0 s, 187604.6 tps, lat 0.682 ms stddev 0.187, 0 failed
progress: 7.0 s, 189871.4 tps, lat 0.674 ms stddev 0.195, 0 failed
progress: 8.0 s, 190491.1 tps, lat 0.672 ms stddev 0.174, 0 failed
progress: 9.0 s, 188975.8 tps, lat 0.677 ms stddev 0.178, 0 failed
progress: 10.0 s, 189509.6 tps, lat 0.676 ms stddev 0.279, 0 failed
progress: 11.0 s, 187914.9 tps, lat 0.681 ms stddev 0.258, 0 failed
progress: 12.0 s, 187592.2 tps, lat 0.682 ms stddev 0.221, 0 failed
progress: 13.0 s, 188788.7 tps, lat 0.678 ms stddev 0.246, 0 failed
progress: 14.0 s, 189911.7 tps, lat 0.674 ms stddev 0.180, 0 failed
progress: 15.0 s, 189649.5 tps, lat 0.675 ms stddev 0.211, 0 failed
progress: 16.0 s, 188428.4 tps, lat 0.679 ms stddev 0.258, 0 failed
progress: 17.0 s, 187539.1 tps, lat 0.682 ms stddev 0.222, 0 failed
progress: 18.0 s, 187706.6 tps, lat 0.681 ms stddev 0.247, 0 failed
progress: 19.0 s, 187400.0 tps, lat 0.683 ms stddev 0.209, 0 failed
progress: 20.0 s, 186000.3 tps, lat 0.687 ms stddev 0.227, 0 failed
progress: 21.0 s, 180055.4 tps, lat 0.711 ms stddev 0.300, 0 failed
progress: 22.0 s, 183758.8 tps, lat 0.696 ms stddev 0.243, 0 failed
progress: 23.0 s, 189884.9 tps, lat 0.674 ms stddev 0.314, 0 failed
progress: 24.0 s, 189278.1 tps, lat 0.676 ms stddev 0.219, 0 failed
progress: 25.0 s, 187759.9 tps, lat 0.681 ms stddev 0.222, 0 failed
progress: 26.0 s, 189249.9 tps, lat 0.676 ms stddev 0.264, 0 failed
progress: 27.0 s, 190262.2 tps, lat 0.672 ms stddev 0.254, 0 failed
progress: 28.0 s, 189682.9 tps, lat 0.674 ms stddev 0.193, 0 failed
progress: 29.0 s, 189290.8 tps, lat 0.676 ms stddev 0.297, 0 failed
progress: 30.0 s, 190815.8 tps, lat 0.671 ms stddev 0.184, 0 failed
progress: 31.0 s, 187727.3 tps, lat 0.682 ms stddev 0.269, 0 failed
progress: 32.0 s, 190203.5 tps, lat 0.673 ms stddev 0.193, 0 failed
progress: 33.0 s, 189813.9 tps, lat 0.674 ms stddev 0.282, 0 failed
progress: 34.0 s, 191183.9 tps, lat 0.669 ms stddev 0.176, 0 failed
progress: 35.0 s, 188114.7 tps, lat 0.680 ms stddev 0.260, 0 failed
progress: 36.0 s, 172121.6 tps, lat 0.743 ms stddev 2.727, 0 failed
progress: 37.0 s, 192271.3 tps, lat 0.665 ms stddev 0.179, 0 failed
progress: 38.0 s, 190704.6 tps, lat 0.671 ms stddev 0.239, 0 failed
progress: 39.0 s, 188347.3 tps, lat 0.679 ms stddev 0.225, 0 failed
progress: 40.0 s, 190574.0 tps, lat 0.671 ms stddev 0.282, 0 failed
progress: 41.0 s, 188905.4 tps, lat 0.677 ms stddev 0.231, 0 failed
progress: 42.0 s, 189362.3 tps, lat 0.676 ms stddev 0.221, 0 failed
progress: 43.0 s, 189775.9 tps, lat 0.674 ms stddev 0.217, 0 failed
progress: 44.0 s, 188441.2 tps, lat 0.679 ms stddev 0.242, 0 failed
progress: 45.0 s, 189409.2 tps, lat 0.675 ms stddev 0.250, 0 failed
progress: 46.0 s, 189306.1 tps, lat 0.676 ms stddev 0.213, 0 failed
progress: 47.0 s, 189920.8 tps, lat 0.674 ms stddev 0.295, 0 failed
progress: 48.0 s, 187722.4 tps, lat 0.682 ms stddev 0.211, 0 failed
progress: 49.0 s, 187988.6 tps, lat 0.680 ms stddev 0.272, 0 failed
progress: 50.0 s, 189309.8 tps, lat 0.676 ms stddev 0.224, 0 failed
progress: 51.0 s, 188934.4 tps, lat 0.677 ms stddev 0.269, 0 failed
progress: 52.0 s, 189926.4 tps, lat 0.674 ms stddev 0.183, 0 failed
progress: 53.0 s, 189079.0 tps, lat 0.677 ms stddev 0.256, 0 failed
progress: 54.0 s, 178889.1 tps, lat 0.715 ms stddev 1.506, 0 failed
progress: 55.0 s, 160019.0 tps, lat 0.800 ms stddev 2.602, 0 failed
progress: 56.0 s, 157352.2 tps, lat 0.813 ms stddev 2.920, 0 failed
progress: 57.0 s, 159264.9 tps, lat 0.803 ms stddev 2.790, 0 failed
progress: 58.0 s, 171347.7 tps, lat 0.747 ms stddev 2.049, 0 failed
progress: 59.0 s, 159576.6 tps, lat 0.802 ms stddev 2.700, 0 failed
transaction type: <builtin: simple update>
scaling factor: 100
query mode: prepared
number of clients: 128
number of threads: 128
maximum number of tries: 1
duration: 60 s
number of transactions actually processed: 10620574
number of failed transactions: 0 (0.000%)
latency average = 0.722 ms
latency stddev = 1.013 ms
initial connection time = 37.013 ms
tps = 177076.829300 (without initial connection time)
