pgbench (18devel)
starting vacuum...end.
progress: 1.0 s, 67747.1 tps, lat 0.929 ms stddev 0.310, 0 failed
progress: 2.0 s, 92635.8 tps, lat 0.691 ms stddev 0.214, 0 failed
progress: 3.0 s, 118362.4 tps, lat 0.540 ms stddev 0.173, 0 failed
progress: 4.0 s, 146781.6 tps, lat 0.436 ms stddev 0.152, 0 failed
progress: 5.0 s, 162991.9 tps, lat 0.392 ms stddev 0.117, 0 failed
progress: 6.0 s, 169202.8 tps, lat 0.378 ms stddev 0.123, 0 failed
progress: 7.0 s, 170806.3 tps, lat 0.374 ms stddev 0.110, 0 failed
progress: 8.0 s, 171221.5 tps, lat 0.373 ms stddev 0.085, 0 failed
progress: 9.0 s, 171618.7 tps, lat 0.373 ms stddev 0.126, 0 failed
progress: 10.0 s, 171721.4 tps, lat 0.372 ms stddev 0.116, 0 failed
progress: 11.0 s, 164397.4 tps, lat 0.389 ms stddev 0.131, 0 failed
progress: 12.0 s, 172251.4 tps, lat 0.371 ms stddev 0.069, 0 failed
progress: 13.0 s, 171814.1 tps, lat 0.372 ms stddev 0.132, 0 failed
progress: 14.0 s, 175074.8 tps, lat 0.365 ms stddev 0.064, 0 failed
progress: 15.0 s, 173355.7 tps, lat 0.369 ms stddev 0.117, 0 failed
progress: 16.0 s, 174164.3 tps, lat 0.367 ms stddev 0.066, 0 failed
progress: 17.0 s, 173552.0 tps, lat 0.369 ms stddev 0.087, 0 failed
progress: 18.0 s, 173832.9 tps, lat 0.368 ms stddev 0.075, 0 failed
progress: 19.0 s, 173398.5 tps, lat 0.369 ms stddev 0.077, 0 failed
progress: 20.0 s, 174029.2 tps, lat 0.367 ms stddev 0.069, 0 failed
progress: 21.0 s, 174490.3 tps, lat 0.367 ms stddev 0.087, 0 failed
progress: 22.0 s, 174287.0 tps, lat 0.367 ms stddev 0.087, 0 failed
progress: 23.0 s, 173682.9 tps, lat 0.368 ms stddev 0.067, 0 failed
progress: 24.0 s, 174023.2 tps, lat 0.367 ms stddev 0.072, 0 failed
progress: 25.0 s, 171200.8 tps, lat 0.374 ms stddev 0.146, 0 failed
progress: 26.0 s, 173534.5 tps, lat 0.369 ms stddev 0.062, 0 failed
progress: 27.0 s, 173103.1 tps, lat 0.369 ms stddev 0.094, 0 failed
progress: 28.0 s, 173516.9 tps, lat 0.369 ms stddev 0.063, 0 failed
progress: 29.0 s, 173676.1 tps, lat 0.368 ms stddev 0.072, 0 failed
progress: 30.0 s, 173220.6 tps, lat 0.369 ms stddev 0.076, 0 failed
progress: 31.0 s, 171467.9 tps, lat 0.373 ms stddev 0.108, 0 failed
progress: 32.0 s, 173132.7 tps, lat 0.369 ms stddev 0.066, 0 failed
progress: 33.0 s, 172548.8 tps, lat 0.371 ms stddev 0.088, 0 failed
progress: 34.0 s, 173297.4 tps, lat 0.369 ms stddev 0.066, 0 failed
progress: 35.0 s, 167150.8 tps, lat 0.383 ms stddev 0.580, 0 failed
progress: 36.0 s, 172065.7 tps, lat 0.372 ms stddev 0.087, 0 failed
progress: 37.0 s, 172187.5 tps, lat 0.371 ms stddev 0.070, 0 failed
progress: 38.0 s, 171625.9 tps, lat 0.373 ms stddev 0.116, 0 failed
progress: 39.0 s, 172457.1 tps, lat 0.371 ms stddev 0.113, 0 failed
progress: 40.0 s, 171832.4 tps, lat 0.372 ms stddev 0.085, 0 failed
progress: 41.0 s, 171969.2 tps, lat 0.372 ms stddev 0.075, 0 failed
progress: 42.0 s, 172060.5 tps, lat 0.372 ms stddev 0.074, 0 failed
progress: 43.0 s, 170163.0 tps, lat 0.376 ms stddev 0.138, 0 failed
progress: 44.0 s, 172574.6 tps, lat 0.370 ms stddev 0.068, 0 failed
progress: 45.0 s, 171454.2 tps, lat 0.373 ms stddev 0.076, 0 failed
progress: 46.0 s, 172479.0 tps, lat 0.371 ms stddev 0.068, 0 failed
progress: 47.0 s, 171101.1 tps, lat 0.374 ms stddev 0.143, 0 failed
progress: 48.0 s, 171890.4 tps, lat 0.372 ms stddev 0.062, 0 failed
progress: 49.0 s, 170706.8 tps, lat 0.375 ms stddev 0.119, 0 failed
progress: 50.0 s, 171989.6 tps, lat 0.372 ms stddev 0.087, 0 failed
progress: 51.0 s, 171222.8 tps, lat 0.374 ms stddev 0.091, 0 failed
progress: 52.0 s, 172200.6 tps, lat 0.371 ms stddev 0.056, 0 failed
progress: 53.0 s, 171937.2 tps, lat 0.372 ms stddev 0.078, 0 failed
progress: 54.0 s, 172298.2 tps, lat 0.371 ms stddev 0.060, 0 failed
progress: 55.0 s, 171697.3 tps, lat 0.372 ms stddev 0.081, 0 failed
progress: 56.0 s, 171640.5 tps, lat 0.373 ms stddev 0.068, 0 failed
progress: 57.0 s, 170526.9 tps, lat 0.375 ms stddev 0.121, 0 failed
progress: 58.0 s, 171586.3 tps, lat 0.373 ms stddev 0.104, 0 failed
progress: 59.0 s, 172590.0 tps, lat 0.371 ms stddev 0.071, 0 failed
transaction type: <builtin: simple update>
scaling factor: 100
query mode: prepared
number of clients: 64
number of threads: 64
maximum number of tries: 1
duration: 60 s
number of transactions actually processed: 10051902
number of failed transactions: 0 (0.000%)
latency average = 0.382 ms
latency stddev = 0.148 ms
initial connection time = 20.179 ms
tps = 167580.351369 (without initial connection time)
