pgbench (18devel, server 8.3.23)
progress: 1.0 s, 2951.6 tps, lat 41.224 ms stddev 34.126, 0 failed
progress: 2.0 s, 3046.0 tps, lat 41.914 ms stddev 16.399, 0 failed
progress: 3.0 s, 3123.6 tps, lat 41.141 ms stddev 16.257, 0 failed
progress: 4.0 s, 3099.2 tps, lat 41.353 ms stddev 16.043, 0 failed
progress: 5.0 s, 3051.0 tps, lat 41.867 ms stddev 16.257, 0 failed
progress: 6.0 s, 3115.0 tps, lat 40.949 ms stddev 17.335, 0 failed
progress: 7.0 s, 3183.2 tps, lat 40.334 ms stddev 16.994, 0 failed
progress: 8.0 s, 3160.3 tps, lat 40.437 ms stddev 17.592, 0 failed
progress: 9.0 s, 3187.7 tps, lat 40.609 ms stddev 17.016, 0 failed
progress: 10.0 s, 3153.2 tps, lat 40.028 ms stddev 17.409, 0 failed
progress: 11.0 s, 3076.5 tps, lat 41.756 ms stddev 17.321, 0 failed
progress: 12.0 s, 3162.9 tps, lat 40.431 ms stddev 17.139, 0 failed
progress: 13.0 s, 3302.1 tps, lat 38.615 ms stddev 17.691, 0 failed
progress: 14.0 s, 3155.8 tps, lat 40.828 ms stddev 17.053, 0 failed
progress: 15.0 s, 3167.0 tps, lat 40.376 ms stddev 17.099, 0 failed
progress: 16.0 s, 3017.0 tps, lat 42.284 ms stddev 18.003, 0 failed
progress: 17.0 s, 3017.7 tps, lat 42.422 ms stddev 18.390, 0 failed
progress: 18.0 s, 3080.7 tps, lat 41.659 ms stddev 17.334, 0 failed
progress: 19.0 s, 3066.2 tps, lat 41.539 ms stddev 17.037, 0 failed
progress: 20.0 s, 3125.4 tps, lat 41.115 ms stddev 17.068, 0 failed
progress: 21.0 s, 3121.2 tps, lat 41.007 ms stddev 17.178, 0 failed
progress: 22.0 s, 3113.6 tps, lat 41.070 ms stddev 17.647, 0 failed
progress: 23.0 s, 3054.9 tps, lat 42.030 ms stddev 17.702, 0 failed
progress: 24.0 s, 3116.6 tps, lat 41.027 ms stddev 17.039, 0 failed
progress: 25.0 s, 3174.8 tps, lat 40.241 ms stddev 17.224, 0 failed
progress: 26.0 s, 3129.8 tps, lat 40.962 ms stddev 17.084, 0 failed
progress: 27.0 s, 3210.4 tps, lat 39.880 ms stddev 17.017, 0 failed
progress: 28.0 s, 3061.7 tps, lat 41.822 ms stddev 17.577, 0 failed
progress: 29.0 s, 3135.1 tps, lat 40.625 ms stddev 17.076, 0 failed
progress: 30.0 s, 3059.6 tps, lat 41.890 ms stddev 17.299, 0 failed
progress: 31.0 s, 3087.1 tps, lat 41.597 ms stddev 17.265, 0 failed
progress: 32.0 s, 3274.4 tps, lat 39.075 ms stddev 17.622, 0 failed
progress: 33.0 s, 3163.8 tps, lat 40.607 ms stddev 17.114, 0 failed
progress: 34.0 s, 3197.7 tps, lat 39.858 ms stddev 17.634, 0 failed
progress: 35.0 s, 3062.3 tps, lat 41.814 ms stddev 17.059, 0 failed
progress: 36.0 s, 3117.3 tps, lat 40.995 ms stddev 16.849, 0 failed
progress: 37.0 s, 3107.1 tps, lat 41.124 ms stddev 16.872, 0 failed
progress: 38.0 s, 3139.2 tps, lat 40.792 ms stddev 17.691, 0 failed
progress: 39.0 s, 3183.9 tps, lat 40.270 ms stddev 17.031, 0 failed
progress: 40.0 s, 3104.3 tps, lat 41.289 ms stddev 16.903, 0 failed
progress: 41.0 s, 3153.7 tps, lat 40.781 ms stddev 16.886, 0 failed
progress: 42.0 s, 3250.3 tps, lat 39.163 ms stddev 17.139, 0 failed
progress: 43.0 s, 3121.7 tps, lat 41.055 ms stddev 16.858, 0 failed
progress: 44.0 s, 3084.0 tps, lat 41.398 ms stddev 17.265, 0 failed
progress: 45.0 s, 3206.1 tps, lat 39.978 ms stddev 17.760, 0 failed
progress: 46.0 s, 3188.2 tps, lat 39.981 ms stddev 18.191, 0 failed
progress: 47.0 s, 2942.4 tps, lat 43.579 ms stddev 18.972, 0 failed
progress: 48.0 s, 3106.3 tps, lat 41.245 ms stddev 17.355, 0 failed
progress: 49.0 s, 3178.9 tps, lat 40.194 ms stddev 17.156, 0 failed
progress: 50.0 s, 3094.1 tps, lat 41.452 ms stddev 17.392, 0 failed
progress: 51.0 s, 3141.9 tps, lat 40.677 ms stddev 17.188, 0 failed
progress: 52.0 s, 3115.2 tps, lat 41.164 ms stddev 17.634, 0 failed
progress: 53.0 s, 3120.3 tps, lat 40.915 ms stddev 17.257, 0 failed
progress: 54.0 s, 3224.0 tps, lat 39.752 ms stddev 17.903, 0 failed
progress: 55.0 s, 3135.6 tps, lat 40.948 ms stddev 17.862, 0 failed
progress: 56.0 s, 3098.2 tps, lat 41.114 ms stddev 17.095, 0 failed
progress: 57.0 s, 3102.2 tps, lat 41.395 ms stddev 17.541, 0 failed
progress: 58.0 s, 3138.9 tps, lat 40.794 ms stddev 16.671, 0 failed
progress: 59.0 s, 3104.7 tps, lat 41.158 ms stddev 16.819, 0 failed
transaction type: star-1.sql
scaling factor: 1
query mode: simple
number of clients: 128
number of threads: 128
maximum number of tries: 1
duration: 60 s
number of transactions actually processed: 187487
number of failed transactions: 0 (0.000%)
latency average = 40.919 ms
latency stddev = 17.676 ms
initial connection time = 75.829 ms
tps = 3127.327153 (without initial connection time)
