LOG:  database system was shut down at 2024-10-15 22:17:50 CEST
LOG:  database system is ready to accept connections
LOG:  autovacuum launcher started
ERROR:  syntax error at or near "on" at character 14
STATEMENT:  create index on t (id);
ERROR:  syntax error at or near "on" at character 14
STATEMENT:  create index on d1 (id);
ERROR:  syntax error at or near "on" at character 14
STATEMENT:  create index on d2 (id);
ERROR:  syntax error at or near "on" at character 14
STATEMENT:  create index on d3 (id);
ERROR:  syntax error at or near "on" at character 14
STATEMENT:  create index on d4 (id);
ERROR:  syntax error at or near "on" at character 14
STATEMENT:  create index on d5 (id);
ERROR:  syntax error at or near "on" at character 14
STATEMENT:  create index on d6 (id);
ERROR:  syntax error at or near "on" at character 14
STATEMENT:  create index on d7 (id);
ERROR:  syntax error at or near "on" at character 14
STATEMENT:  create index on d8 (id);
ERROR:  syntax error at or near "on" at character 14
STATEMENT:  create index on d9 (id);
ERROR:  syntax error at or near "on" at character 14
STATEMENT:  create index on d10 (id);
ERROR:  syntax error at or near "on" at character 14
STATEMENT:  create index on t (id1);
ERROR:  syntax error at or near "on" at character 14
STATEMENT:  create index on t (id2);
ERROR:  syntax error at or near "on" at character 14
STATEMENT:  create index on t (id3);
ERROR:  syntax error at or near "on" at character 14
STATEMENT:  create index on t (id4);
ERROR:  syntax error at or near "on" at character 14
STATEMENT:  create index on t (id5);
ERROR:  syntax error at or near "on" at character 14
STATEMENT:  create index on t (id6);
ERROR:  syntax error at or near "on" at character 14
STATEMENT:  create index on t (id7);
ERROR:  syntax error at or near "on" at character 14
STATEMENT:  create index on t (id8);
ERROR:  syntax error at or near "on" at character 14
STATEMENT:  create index on t (id9);
ERROR:  syntax error at or near "on" at character 14
STATEMENT:  create index on t (id10);
LOG:  received fast shutdown request
LOG:  aborting any active transactions
FATAL:  terminating connection due to administrator command
STATEMENT:  select * from t
	  join d1 on (t.id1 = d1.id)
	  join d2 on (t.id1 = d2.id)
	  join d3 on (t.id1 = d3.id)
	  join d4 on (t.id1 = d4.id)
	  join d5 on (t.id1 = d5.id)
	  join d6 on (t.id1 = d6.id)
	  join d7 on (t.id1 = d7.id)
	  join d8 on (t.id1 = d8.id)
	  join d9 on (t.id1 = d9.id)
	  join d10 on (t.id1 = d10.id)
	where t.id = 152852
	
LOG:  autovacuum launcher shutting down
LOG:  shutting down
LOG:  database system is shut down
