pgbench (18devel, server 9.2.24)
progress: 1.0 s, 8028.7 tps, lat 15.516 ms stddev 18.838, 0 failed
progress: 2.0 s, 6419.5 tps, lat 19.816 ms stddev 13.109, 0 failed
progress: 3.0 s, 6161.0 tps, lat 20.682 ms stddev 12.877, 0 failed
progress: 4.0 s, 5878.7 tps, lat 21.805 ms stddev 12.931, 0 failed
progress: 5.0 s, 6882.3 tps, lat 18.584 ms stddev 14.361, 0 failed
progress: 6.0 s, 7564.8 tps, lat 16.880 ms stddev 13.299, 0 failed
progress: 7.0 s, 7269.7 tps, lat 17.598 ms stddev 14.147, 0 failed
progress: 8.0 s, 7872.6 tps, lat 16.258 ms stddev 14.083, 0 failed
progress: 9.0 s, 9373.8 tps, lat 13.695 ms stddev 12.980, 0 failed
progress: 10.0 s, 9606.7 tps, lat 13.412 ms stddev 12.180, 0 failed
progress: 11.0 s, 9205.5 tps, lat 13.867 ms stddev 12.296, 0 failed
progress: 12.0 s, 7495.1 tps, lat 17.175 ms stddev 13.071, 0 failed
progress: 13.0 s, 7008.4 tps, lat 18.059 ms stddev 13.823, 0 failed
progress: 14.0 s, 7305.2 tps, lat 17.477 ms stddev 13.890, 0 failed
progress: 15.0 s, 8302.4 tps, lat 15.460 ms stddev 13.333, 0 failed
progress: 16.0 s, 7613.0 tps, lat 17.008 ms stddev 13.635, 0 failed
progress: 17.0 s, 8175.4 tps, lat 15.422 ms stddev 12.333, 0 failed
progress: 18.0 s, 7682.2 tps, lat 16.700 ms stddev 14.060, 0 failed
progress: 19.0 s, 8221.5 tps, lat 15.591 ms stddev 12.988, 0 failed
progress: 20.0 s, 8646.4 tps, lat 14.821 ms stddev 12.371, 0 failed
progress: 21.0 s, 8429.1 tps, lat 15.102 ms stddev 14.299, 0 failed
progress: 22.0 s, 8508.4 tps, lat 15.081 ms stddev 12.916, 0 failed
progress: 23.0 s, 8721.1 tps, lat 14.692 ms stddev 13.235, 0 failed
progress: 24.0 s, 10147.5 tps, lat 12.672 ms stddev 12.444, 0 failed
progress: 25.0 s, 7465.1 tps, lat 17.264 ms stddev 13.833, 0 failed
progress: 26.0 s, 9512.0 tps, lat 13.251 ms stddev 12.485, 0 failed
progress: 27.0 s, 8007.4 tps, lat 16.041 ms stddev 13.496, 0 failed
progress: 28.0 s, 9049.2 tps, lat 14.168 ms stddev 12.018, 0 failed
progress: 29.0 s, 9056.7 tps, lat 14.157 ms stddev 12.727, 0 failed
progress: 30.0 s, 9402.6 tps, lat 13.718 ms stddev 12.833, 0 failed
progress: 31.0 s, 7501.8 tps, lat 16.911 ms stddev 13.317, 0 failed
progress: 32.0 s, 7724.2 tps, lat 16.630 ms stddev 13.105, 0 failed
progress: 33.0 s, 6743.9 tps, lat 19.085 ms stddev 13.858, 0 failed
progress: 34.0 s, 8154.7 tps, lat 15.561 ms stddev 12.913, 0 failed
progress: 35.0 s, 6545.0 tps, lat 19.550 ms stddev 13.917, 0 failed
progress: 36.0 s, 7289.4 tps, lat 17.543 ms stddev 14.058, 0 failed
progress: 37.0 s, 7265.8 tps, lat 17.552 ms stddev 12.762, 0 failed
progress: 38.0 s, 6792.8 tps, lat 18.846 ms stddev 14.876, 0 failed
progress: 39.0 s, 8743.3 tps, lat 14.625 ms stddev 13.225, 0 failed
progress: 40.0 s, 6886.2 tps, lat 18.591 ms stddev 14.476, 0 failed
progress: 41.0 s, 8000.6 tps, lat 16.022 ms stddev 12.687, 0 failed
progress: 42.0 s, 8711.3 tps, lat 14.718 ms stddev 13.306, 0 failed
progress: 43.0 s, 8540.7 tps, lat 14.997 ms stddev 12.627, 0 failed
progress: 44.0 s, 8270.4 tps, lat 15.466 ms stddev 12.540, 0 failed
progress: 45.0 s, 7091.6 tps, lat 18.114 ms stddev 14.581, 0 failed
progress: 46.0 s, 8252.7 tps, lat 15.417 ms stddev 13.469, 0 failed
progress: 47.0 s, 7431.0 tps, lat 17.270 ms stddev 13.061, 0 failed
progress: 48.0 s, 7893.8 tps, lat 16.166 ms stddev 13.534, 0 failed
progress: 49.0 s, 6537.1 tps, lat 19.786 ms stddev 14.232, 0 failed
progress: 50.0 s, 8532.3 tps, lat 14.863 ms stddev 12.413, 0 failed
progress: 51.0 s, 6813.4 tps, lat 18.797 ms stddev 13.511, 0 failed
progress: 52.0 s, 11590.4 tps, lat 11.164 ms stddev 11.054, 0 failed
progress: 53.0 s, 7909.0 tps, lat 16.013 ms stddev 14.436, 0 failed
progress: 54.0 s, 6317.0 tps, lat 20.179 ms stddev 13.306, 0 failed
progress: 55.0 s, 9538.0 tps, lat 13.485 ms stddev 12.783, 0 failed
progress: 56.0 s, 9458.6 tps, lat 13.510 ms stddev 12.462, 0 failed
progress: 57.0 s, 6125.3 tps, lat 20.930 ms stddev 13.524, 0 failed
progress: 58.0 s, 8303.8 tps, lat 15.457 ms stddev 13.675, 0 failed
progress: 59.0 s, 7351.8 tps, lat 17.308 ms stddev 13.856, 0 failed
transaction type: star-1.sql
scaling factor: 1
query mode: simple
number of clients: 128
number of threads: 128
maximum number of tries: 1
duration: 60 s
number of transactions actually processed: 479850
number of failed transactions: 0 (0.000%)
latency average = 15.986 ms
latency stddev = 13.490 ms
initial connection time = 74.806 ms
tps = 8005.185111 (without initial connection time)
