pgbench (18devel, server 9.2.24)
progress: 1.0 s, 6968.9 tps, lat 34.487 ms stddev 75.412, 0 failed
progress: 2.0 s, 7685.4 tps, lat 32.179 ms stddev 42.504, 0 failed
progress: 3.0 s, 7339.7 tps, lat 34.575 ms stddev 45.124, 0 failed
progress: 4.0 s, 7049.6 tps, lat 36.605 ms stddev 48.783, 0 failed
progress: 5.0 s, 6508.8 tps, lat 39.424 ms stddev 50.298, 0 failed
progress: 6.0 s, 7859.2 tps, lat 32.780 ms stddev 43.108, 0 failed
progress: 7.0 s, 7091.0 tps, lat 36.096 ms stddev 46.710, 0 failed
progress: 8.0 s, 10999.6 tps, lat 23.048 ms stddev 32.917, 0 failed
progress: 9.0 s, 9209.1 tps, lat 28.256 ms stddev 38.740, 0 failed
progress: 10.0 s, 9505.9 tps, lat 26.203 ms stddev 36.591, 0 failed
progress: 11.0 s, 9318.5 tps, lat 27.508 ms stddev 37.303, 0 failed
progress: 12.0 s, 9989.0 tps, lat 26.287 ms stddev 37.016, 0 failed
progress: 13.0 s, 6525.5 tps, lat 37.972 ms stddev 45.910, 0 failed
progress: 14.0 s, 7925.9 tps, lat 33.189 ms stddev 45.968, 0 failed
progress: 15.0 s, 6867.9 tps, lat 36.982 ms stddev 48.489, 0 failed
progress: 16.0 s, 8487.1 tps, lat 30.590 ms stddev 41.329, 0 failed
progress: 17.0 s, 7176.0 tps, lat 35.094 ms stddev 44.453, 0 failed
progress: 18.0 s, 9990.6 tps, lat 25.347 ms stddev 36.959, 0 failed
progress: 19.0 s, 6704.1 tps, lat 39.370 ms stddev 51.037, 0 failed
progress: 20.0 s, 6930.7 tps, lat 36.678 ms stddev 46.636, 0 failed
progress: 21.0 s, 11974.0 tps, lat 21.199 ms stddev 30.415, 0 failed
progress: 22.0 s, 6598.8 tps, lat 38.063 ms stddev 48.784, 0 failed
progress: 23.0 s, 9291.1 tps, lat 28.301 ms stddev 39.467, 0 failed
progress: 24.0 s, 6315.0 tps, lat 40.632 ms stddev 51.861, 0 failed
progress: 25.0 s, 7604.4 tps, lat 32.675 ms stddev 44.054, 0 failed
progress: 26.0 s, 9356.2 tps, lat 27.778 ms stddev 41.818, 0 failed
progress: 27.0 s, 7907.0 tps, lat 33.516 ms stddev 45.946, 0 failed
progress: 28.0 s, 7702.5 tps, lat 33.004 ms stddev 44.623, 0 failed
progress: 29.0 s, 8355.7 tps, lat 29.846 ms stddev 41.464, 0 failed
progress: 30.0 s, 8059.1 tps, lat 31.458 ms stddev 41.341, 0 failed
progress: 31.0 s, 8947.3 tps, lat 28.509 ms stddev 38.402, 0 failed
progress: 32.0 s, 8456.7 tps, lat 30.961 ms stddev 44.017, 0 failed
progress: 33.0 s, 7093.7 tps, lat 36.275 ms stddev 48.194, 0 failed
progress: 34.0 s, 11414.4 tps, lat 22.084 ms stddev 30.197, 0 failed
progress: 35.0 s, 8506.9 tps, lat 30.720 ms stddev 42.135, 0 failed
progress: 36.0 s, 7394.0 tps, lat 33.899 ms stddev 43.963, 0 failed
progress: 37.0 s, 9082.5 tps, lat 27.909 ms stddev 38.790, 0 failed
progress: 38.0 s, 8538.3 tps, lat 30.319 ms stddev 39.992, 0 failed
progress: 39.0 s, 8800.7 tps, lat 30.072 ms stddev 41.744, 0 failed
progress: 40.0 s, 7486.7 tps, lat 33.454 ms stddev 43.330, 0 failed
progress: 41.0 s, 9453.5 tps, lat 26.575 ms stddev 36.089, 0 failed
progress: 42.0 s, 6194.9 tps, lat 41.194 ms stddev 49.098, 0 failed
progress: 43.0 s, 9906.9 tps, lat 26.327 ms stddev 37.556, 0 failed
progress: 44.0 s, 8325.7 tps, lat 30.199 ms stddev 40.387, 0 failed
progress: 45.0 s, 8900.8 tps, lat 29.177 ms stddev 41.162, 0 failed
progress: 46.0 s, 8446.7 tps, lat 30.135 ms stddev 40.728, 0 failed
progress: 47.0 s, 11017.6 tps, lat 23.299 ms stddev 35.235, 0 failed
progress: 48.0 s, 8113.2 tps, lat 32.086 ms stddev 42.534, 0 failed
progress: 49.0 s, 6448.2 tps, lat 38.535 ms stddev 47.934, 0 failed
progress: 50.0 s, 7543.8 tps, lat 33.868 ms stddev 44.060, 0 failed
progress: 51.0 s, 9482.2 tps, lat 26.621 ms stddev 37.514, 0 failed
progress: 52.0 s, 8466.9 tps, lat 31.182 ms stddev 44.008, 0 failed
progress: 53.0 s, 8961.4 tps, lat 28.539 ms stddev 38.456, 0 failed
progress: 54.0 s, 7623.5 tps, lat 34.443 ms stddev 44.460, 0 failed
progress: 55.0 s, 7718.0 tps, lat 33.187 ms stddev 45.342, 0 failed
progress: 56.0 s, 7281.6 tps, lat 33.478 ms stddev 42.803, 0 failed
progress: 57.0 s, 7431.3 tps, lat 34.683 ms stddev 46.810, 0 failed
progress: 58.0 s, 8842.7 tps, lat 29.198 ms stddev 37.519, 0 failed
progress: 59.0 s, 9706.5 tps, lat 27.141 ms stddev 37.360, 0 failed
transaction type: star-1.sql
scaling factor: 1
query mode: simple
number of clients: 256
number of threads: 256
maximum number of tries: 1
duration: 60 s
number of transactions actually processed: 496227
number of failed transactions: 0 (0.000%)
latency average = 30.885 ms
latency stddev = 42.720 ms
initial connection time = 145.361 ms
tps = 8286.332967 (without initial connection time)
