pgbench (18devel)
progress: 1.0 s, 10694.4 tps, lat 1.485 ms stddev 0.150, 0 failed
progress: 2.0 s, 10826.0 tps, lat 1.478 ms stddev 0.029, 0 failed
progress: 3.0 s, 10851.6 tps, lat 1.474 ms stddev 0.029, 0 failed
progress: 4.0 s, 10906.4 tps, lat 1.466 ms stddev 0.030, 0 failed
progress: 5.0 s, 10752.9 tps, lat 1.487 ms stddev 0.156, 0 failed
progress: 6.0 s, 10947.1 tps, lat 1.461 ms stddev 0.030, 0 failed
progress: 7.0 s, 10771.6 tps, lat 1.485 ms stddev 0.162, 0 failed
progress: 8.0 s, 10880.0 tps, lat 1.470 ms stddev 0.112, 0 failed
progress: 9.0 s, 10983.4 tps, lat 1.456 ms stddev 0.031, 0 failed
progress: 10.0 s, 10978.6 tps, lat 1.457 ms stddev 0.031, 0 failed
progress: 11.0 s, 10985.4 tps, lat 1.456 ms stddev 0.031, 0 failed
progress: 12.0 s, 10960.0 tps, lat 1.459 ms stddev 0.030, 0 failed
progress: 13.0 s, 10938.0 tps, lat 1.463 ms stddev 0.029, 0 failed
progress: 14.0 s, 10950.6 tps, lat 1.461 ms stddev 0.029, 0 failed
progress: 15.0 s, 10962.8 tps, lat 1.458 ms stddev 0.030, 0 failed
progress: 16.0 s, 10984.1 tps, lat 1.457 ms stddev 0.031, 0 failed
progress: 17.0 s, 10979.4 tps, lat 1.457 ms stddev 0.029, 0 failed
progress: 18.0 s, 10941.0 tps, lat 1.462 ms stddev 0.030, 0 failed
progress: 19.0 s, 10964.3 tps, lat 1.459 ms stddev 0.030, 0 failed
progress: 20.0 s, 10954.7 tps, lat 1.460 ms stddev 0.030, 0 failed
progress: 21.0 s, 10908.0 tps, lat 1.466 ms stddev 0.031, 0 failed
progress: 22.0 s, 10951.0 tps, lat 1.461 ms stddev 0.030, 0 failed
progress: 23.0 s, 10938.0 tps, lat 1.462 ms stddev 0.029, 0 failed
progress: 24.0 s, 10979.0 tps, lat 1.457 ms stddev 0.030, 0 failed
progress: 25.0 s, 10961.0 tps, lat 1.459 ms stddev 0.031, 0 failed
progress: 26.0 s, 10948.1 tps, lat 1.461 ms stddev 0.031, 0 failed
progress: 27.0 s, 10951.0 tps, lat 1.461 ms stddev 0.029, 0 failed
progress: 28.0 s, 11003.0 tps, lat 1.454 ms stddev 0.028, 0 failed
progress: 29.0 s, 10998.5 tps, lat 1.454 ms stddev 0.027, 0 failed
progress: 30.0 s, 10982.5 tps, lat 1.457 ms stddev 0.029, 0 failed
progress: 31.0 s, 10968.0 tps, lat 1.458 ms stddev 0.031, 0 failed
progress: 32.0 s, 10968.0 tps, lat 1.458 ms stddev 0.030, 0 failed
progress: 33.0 s, 10947.6 tps, lat 1.461 ms stddev 0.030, 0 failed
progress: 34.0 s, 11020.4 tps, lat 1.451 ms stddev 0.028, 0 failed
progress: 35.0 s, 10978.6 tps, lat 1.457 ms stddev 0.029, 0 failed
progress: 36.0 s, 11019.0 tps, lat 1.452 ms stddev 0.030, 0 failed
progress: 37.0 s, 11023.4 tps, lat 1.451 ms stddev 0.027, 0 failed
progress: 38.0 s, 11017.6 tps, lat 1.452 ms stddev 0.027, 0 failed
progress: 39.0 s, 10996.4 tps, lat 1.454 ms stddev 0.030, 0 failed
progress: 40.0 s, 10999.6 tps, lat 1.454 ms stddev 0.029, 0 failed
progress: 41.0 s, 10960.4 tps, lat 1.459 ms stddev 0.028, 0 failed
progress: 42.0 s, 10951.0 tps, lat 1.460 ms stddev 0.030, 0 failed
progress: 43.0 s, 10952.6 tps, lat 1.460 ms stddev 0.033, 0 failed
progress: 44.0 s, 10943.3 tps, lat 1.462 ms stddev 0.033, 0 failed
progress: 45.0 s, 10954.1 tps, lat 1.460 ms stddev 0.028, 0 failed
progress: 46.0 s, 10996.6 tps, lat 1.455 ms stddev 0.031, 0 failed
progress: 47.0 s, 10945.4 tps, lat 1.461 ms stddev 0.029, 0 failed
progress: 48.0 s, 10972.0 tps, lat 1.458 ms stddev 0.029, 0 failed
progress: 49.0 s, 10983.6 tps, lat 1.456 ms stddev 0.029, 0 failed
progress: 50.0 s, 10960.4 tps, lat 1.459 ms stddev 0.029, 0 failed
progress: 51.0 s, 10959.6 tps, lat 1.460 ms stddev 0.029, 0 failed
progress: 52.0 s, 10950.4 tps, lat 1.461 ms stddev 0.030, 0 failed
progress: 53.0 s, 10956.5 tps, lat 1.459 ms stddev 0.029, 0 failed
progress: 54.0 s, 10950.1 tps, lat 1.461 ms stddev 0.030, 0 failed
progress: 55.0 s, 10976.0 tps, lat 1.457 ms stddev 0.030, 0 failed
progress: 56.0 s, 10957.8 tps, lat 1.460 ms stddev 0.031, 0 failed
progress: 57.0 s, 10941.1 tps, lat 1.462 ms stddev 0.032, 0 failed
progress: 58.0 s, 10952.0 tps, lat 1.460 ms stddev 0.032, 0 failed
progress: 59.0 s, 10797.0 tps, lat 1.482 ms stddev 0.142, 0 failed
transaction type: star-1.sql
scaling factor: 1
query mode: simple
number of clients: 16
number of threads: 16
maximum number of tries: 1
duration: 60 s
number of transactions actually processed: 656764
number of failed transactions: 0 (0.000%)
latency average = 1.461 ms
latency stddev = 0.051 ms
initial connection time = 12.311 ms
tps = 10948.004098 (without initial connection time)
