pgbench (18devel, server 13.16)
progress: 1.0 s, 13479.7 tps, lat 2.349 ms stddev 0.562, 0 failed
progress: 2.0 s, 13869.5 tps, lat 2.307 ms stddev 0.173, 0 failed
progress: 3.0 s, 13966.9 tps, lat 2.291 ms stddev 0.032, 0 failed
progress: 4.0 s, 13972.0 tps, lat 2.289 ms stddev 0.039, 0 failed
progress: 5.0 s, 13923.0 tps, lat 2.299 ms stddev 0.139, 0 failed
progress: 6.0 s, 13876.0 tps, lat 2.306 ms stddev 0.179, 0 failed
progress: 7.0 s, 13829.0 tps, lat 2.314 ms stddev 0.224, 0 failed
progress: 8.0 s, 13973.6 tps, lat 2.289 ms stddev 0.033, 0 failed
progress: 9.0 s, 13986.0 tps, lat 2.288 ms stddev 0.045, 0 failed
progress: 10.0 s, 13923.4 tps, lat 2.298 ms stddev 0.157, 0 failed
progress: 11.0 s, 13970.4 tps, lat 2.290 ms stddev 0.106, 0 failed
progress: 12.0 s, 14005.3 tps, lat 2.284 ms stddev 0.033, 0 failed
progress: 13.0 s, 14003.9 tps, lat 2.285 ms stddev 0.030, 0 failed
progress: 14.0 s, 13961.0 tps, lat 2.292 ms stddev 0.113, 0 failed
progress: 15.0 s, 13958.0 tps, lat 2.292 ms stddev 0.128, 0 failed
progress: 16.0 s, 13935.4 tps, lat 2.295 ms stddev 0.151, 0 failed
progress: 17.0 s, 13987.0 tps, lat 2.288 ms stddev 0.088, 0 failed
progress: 18.0 s, 13950.0 tps, lat 2.293 ms stddev 0.138, 0 failed
progress: 19.0 s, 14000.0 tps, lat 2.286 ms stddev 0.031, 0 failed
progress: 20.0 s, 13997.0 tps, lat 2.286 ms stddev 0.034, 0 failed
progress: 21.0 s, 14009.1 tps, lat 2.283 ms stddev 0.030, 0 failed
progress: 22.0 s, 14023.5 tps, lat 2.281 ms stddev 0.030, 0 failed
progress: 23.0 s, 14030.0 tps, lat 2.281 ms stddev 0.029, 0 failed
progress: 24.0 s, 13983.4 tps, lat 2.288 ms stddev 0.121, 0 failed
progress: 25.0 s, 13992.0 tps, lat 2.286 ms stddev 0.104, 0 failed
progress: 26.0 s, 13968.0 tps, lat 2.291 ms stddev 0.144, 0 failed
progress: 27.0 s, 13997.0 tps, lat 2.286 ms stddev 0.093, 0 failed
progress: 28.0 s, 13947.0 tps, lat 2.294 ms stddev 0.158, 0 failed
progress: 29.0 s, 13988.0 tps, lat 2.287 ms stddev 0.116, 0 failed
progress: 30.0 s, 13953.3 tps, lat 2.293 ms stddev 0.156, 0 failed
progress: 31.0 s, 13970.7 tps, lat 2.290 ms stddev 0.138, 0 failed
progress: 32.0 s, 13999.0 tps, lat 2.286 ms stddev 0.115, 0 failed
progress: 33.0 s, 14030.0 tps, lat 2.280 ms stddev 0.031, 0 failed
progress: 34.0 s, 14037.1 tps, lat 2.279 ms stddev 0.030, 0 failed
progress: 35.0 s, 14031.0 tps, lat 2.281 ms stddev 0.032, 0 failed
progress: 36.0 s, 14027.5 tps, lat 2.280 ms stddev 0.049, 0 failed
progress: 37.0 s, 14031.4 tps, lat 2.280 ms stddev 0.028, 0 failed
progress: 38.0 s, 14029.6 tps, lat 2.281 ms stddev 0.029, 0 failed
progress: 39.0 s, 13983.5 tps, lat 2.288 ms stddev 0.119, 0 failed
progress: 40.0 s, 13974.5 tps, lat 2.290 ms stddev 0.143, 0 failed
progress: 41.0 s, 14017.0 tps, lat 2.282 ms stddev 0.063, 0 failed
progress: 42.0 s, 14048.0 tps, lat 2.278 ms stddev 0.028, 0 failed
progress: 43.0 s, 13976.0 tps, lat 2.289 ms stddev 0.138, 0 failed
progress: 44.0 s, 13967.5 tps, lat 2.291 ms stddev 0.152, 0 failed
progress: 45.0 s, 13911.0 tps, lat 2.300 ms stddev 0.197, 0 failed
progress: 46.0 s, 14036.5 tps, lat 2.279 ms stddev 0.030, 0 failed
progress: 47.0 s, 13903.5 tps, lat 2.301 ms stddev 0.196, 0 failed
progress: 48.0 s, 13967.5 tps, lat 2.290 ms stddev 0.115, 0 failed
progress: 49.0 s, 13949.4 tps, lat 2.294 ms stddev 0.151, 0 failed
progress: 50.0 s, 14026.1 tps, lat 2.280 ms stddev 0.030, 0 failed
progress: 51.0 s, 14030.0 tps, lat 2.281 ms stddev 0.032, 0 failed
progress: 52.0 s, 13973.5 tps, lat 2.289 ms stddev 0.126, 0 failed
progress: 53.0 s, 13923.5 tps, lat 2.298 ms stddev 0.182, 0 failed
progress: 54.0 s, 13981.5 tps, lat 2.288 ms stddev 0.124, 0 failed
progress: 55.0 s, 14025.0 tps, lat 2.281 ms stddev 0.026, 0 failed
progress: 56.0 s, 14020.5 tps, lat 2.282 ms stddev 0.027, 0 failed
progress: 57.0 s, 13948.6 tps, lat 2.293 ms stddev 0.149, 0 failed
progress: 58.0 s, 13947.0 tps, lat 2.294 ms stddev 0.145, 0 failed
progress: 59.0 s, 13993.0 tps, lat 2.286 ms stddev 0.079, 0 failed
transaction type: star-1-left.sql
scaling factor: 1
query mode: simple
number of clients: 32
number of threads: 32
maximum number of tries: 1
duration: 60 s
number of transactions actually processed: 838075
number of failed transactions: 0 (0.000%)
latency average = 2.290 ms
latency stddev = 0.132 ms
initial connection time = 22.862 ms
tps = 13972.634760 (without initial connection time)
