pgbench (18devel, server 9.3.25)
progress: 1.0 s, 58232.6 tps, lat 1.081 ms stddev 2.981, 0 failed
progress: 2.0 s, 67063.2 tps, lat 0.954 ms stddev 0.911, 0 failed
progress: 3.0 s, 67290.7 tps, lat 0.950 ms stddev 0.907, 0 failed
progress: 4.0 s, 68889.8 tps, lat 0.929 ms stddev 0.879, 0 failed
progress: 5.0 s, 66808.6 tps, lat 0.958 ms stddev 0.919, 0 failed
progress: 6.0 s, 66686.8 tps, lat 0.959 ms stddev 0.928, 0 failed
progress: 7.0 s, 67585.2 tps, lat 0.947 ms stddev 0.903, 0 failed
progress: 8.0 s, 68436.8 tps, lat 0.935 ms stddev 0.890, 0 failed
progress: 9.0 s, 66460.9 tps, lat 0.963 ms stddev 0.939, 0 failed
progress: 10.0 s, 67341.3 tps, lat 0.950 ms stddev 0.919, 0 failed
progress: 11.0 s, 66658.1 tps, lat 0.960 ms stddev 0.936, 0 failed
progress: 12.0 s, 69749.9 tps, lat 0.917 ms stddev 0.866, 0 failed
progress: 13.0 s, 67347.0 tps, lat 0.950 ms stddev 0.916, 0 failed
progress: 14.0 s, 67112.9 tps, lat 0.953 ms stddev 0.920, 0 failed
progress: 15.0 s, 67726.8 tps, lat 0.945 ms stddev 0.910, 0 failed
progress: 16.0 s, 68199.9 tps, lat 0.938 ms stddev 0.896, 0 failed
progress: 17.0 s, 66595.5 tps, lat 0.961 ms stddev 0.940, 0 failed
progress: 18.0 s, 66697.9 tps, lat 0.959 ms stddev 0.932, 0 failed
progress: 19.0 s, 67144.9 tps, lat 0.953 ms stddev 0.920, 0 failed
progress: 20.0 s, 68303.9 tps, lat 0.937 ms stddev 0.896, 0 failed
progress: 21.0 s, 66494.1 tps, lat 0.962 ms stddev 0.935, 0 failed
progress: 22.0 s, 66623.0 tps, lat 0.960 ms stddev 0.938, 0 failed
progress: 23.0 s, 66719.9 tps, lat 0.959 ms stddev 0.930, 0 failed
progress: 24.0 s, 68383.2 tps, lat 0.935 ms stddev 0.885, 0 failed
progress: 25.0 s, 66753.9 tps, lat 0.959 ms stddev 0.935, 0 failed
progress: 26.0 s, 66706.0 tps, lat 0.959 ms stddev 0.930, 0 failed
progress: 27.0 s, 66549.8 tps, lat 0.961 ms stddev 0.939, 0 failed
progress: 28.0 s, 68942.2 tps, lat 0.928 ms stddev 0.886, 0 failed
progress: 29.0 s, 66503.9 tps, lat 0.962 ms stddev 0.938, 0 failed
progress: 30.0 s, 67215.6 tps, lat 0.952 ms stddev 0.930, 0 failed
progress: 31.0 s, 67058.5 tps, lat 0.954 ms stddev 0.923, 0 failed
progress: 32.0 s, 68829.1 tps, lat 0.930 ms stddev 0.888, 0 failed
progress: 33.0 s, 66646.1 tps, lat 0.960 ms stddev 0.934, 0 failed
progress: 34.0 s, 66575.9 tps, lat 0.961 ms stddev 0.934, 0 failed
progress: 35.0 s, 66999.0 tps, lat 0.955 ms stddev 0.925, 0 failed
progress: 36.0 s, 69238.9 tps, lat 0.924 ms stddev 0.882, 0 failed
progress: 37.0 s, 66839.1 tps, lat 0.957 ms stddev 0.936, 0 failed
progress: 38.0 s, 66391.3 tps, lat 0.964 ms stddev 0.931, 0 failed
progress: 39.0 s, 67603.8 tps, lat 0.946 ms stddev 0.917, 0 failed
progress: 40.0 s, 68604.7 tps, lat 0.933 ms stddev 0.894, 0 failed
progress: 41.0 s, 67137.3 tps, lat 0.953 ms stddev 0.928, 0 failed
progress: 42.0 s, 66982.0 tps, lat 0.955 ms stddev 0.927, 0 failed
progress: 43.0 s, 66944.7 tps, lat 0.956 ms stddev 0.925, 0 failed
progress: 44.0 s, 68883.3 tps, lat 0.929 ms stddev 0.892, 0 failed
progress: 45.0 s, 67044.9 tps, lat 0.954 ms stddev 0.929, 0 failed
progress: 46.0 s, 66403.0 tps, lat 0.964 ms stddev 0.931, 0 failed
progress: 47.0 s, 67620.5 tps, lat 0.946 ms stddev 0.920, 0 failed
progress: 48.0 s, 68969.1 tps, lat 0.928 ms stddev 0.884, 0 failed
progress: 49.0 s, 66754.5 tps, lat 0.958 ms stddev 0.936, 0 failed
progress: 50.0 s, 67144.0 tps, lat 0.953 ms stddev 0.924, 0 failed
progress: 51.0 s, 67425.6 tps, lat 0.949 ms stddev 0.919, 0 failed
progress: 52.0 s, 68441.2 tps, lat 0.935 ms stddev 0.898, 0 failed
progress: 53.0 s, 66785.9 tps, lat 0.958 ms stddev 0.936, 0 failed
progress: 54.0 s, 66995.9 tps, lat 0.955 ms stddev 0.924, 0 failed
progress: 55.0 s, 67514.1 tps, lat 0.947 ms stddev 0.916, 0 failed
progress: 56.0 s, 68776.3 tps, lat 0.930 ms stddev 0.890, 0 failed
progress: 57.0 s, 67085.8 tps, lat 0.954 ms stddev 0.926, 0 failed
progress: 58.0 s, 67294.0 tps, lat 0.951 ms stddev 0.925, 0 failed
progress: 59.0 s, 67147.0 tps, lat 0.953 ms stddev 0.923, 0 failed
transaction type: star-1.sql
scaling factor: 1
query mode: prepared
number of clients: 64
number of threads: 64
maximum number of tries: 1
duration: 60 s
number of transactions actually processed: 4034893
number of failed transactions: 0 (0.000%)
latency average = 0.951 ms
latency stddev = 0.978 ms
initial connection time = 41.064 ms
tps = 67290.464985 (without initial connection time)
