pgbench (18devel, server 13.16)
progress: 1.0 s, 26328.4 tps, lat 9.166 ms stddev 38.028, 0 failed
progress: 2.0 s, 78250.8 tps, lat 3.269 ms stddev 3.653, 0 failed
progress: 3.0 s, 78811.2 tps, lat 3.252 ms stddev 3.636, 0 failed
progress: 4.0 s, 80124.1 tps, lat 3.194 ms stddev 3.551, 0 failed
progress: 5.0 s, 79288.9 tps, lat 3.229 ms stddev 3.641, 0 failed
progress: 6.0 s, 79542.1 tps, lat 3.218 ms stddev 3.621, 0 failed
progress: 7.0 s, 79398.1 tps, lat 3.223 ms stddev 3.628, 0 failed
progress: 8.0 s, 81291.8 tps, lat 3.149 ms stddev 3.507, 0 failed
progress: 9.0 s, 78471.2 tps, lat 3.261 ms stddev 3.688, 0 failed
progress: 10.0 s, 78210.7 tps, lat 3.273 ms stddev 3.708, 0 failed
progress: 11.0 s, 78914.0 tps, lat 3.246 ms stddev 3.651, 0 failed
progress: 12.0 s, 80975.3 tps, lat 3.160 ms stddev 3.493, 0 failed
progress: 13.0 s, 78242.8 tps, lat 3.272 ms stddev 3.640, 0 failed
progress: 14.0 s, 78799.3 tps, lat 3.249 ms stddev 3.657, 0 failed
progress: 15.0 s, 79416.8 tps, lat 3.223 ms stddev 3.631, 0 failed
progress: 16.0 s, 79826.0 tps, lat 3.206 ms stddev 3.582, 0 failed
progress: 17.0 s, 78048.2 tps, lat 3.281 ms stddev 3.719, 0 failed
progress: 18.0 s, 78846.9 tps, lat 3.246 ms stddev 3.675, 0 failed
progress: 19.0 s, 79131.8 tps, lat 3.234 ms stddev 3.649, 0 failed
progress: 20.0 s, 80984.0 tps, lat 3.161 ms stddev 3.546, 0 failed
progress: 21.0 s, 78642.2 tps, lat 3.256 ms stddev 3.655, 0 failed
progress: 22.0 s, 79724.0 tps, lat 3.211 ms stddev 3.605, 0 failed
progress: 23.0 s, 79266.1 tps, lat 3.229 ms stddev 3.667, 0 failed
progress: 24.0 s, 80085.9 tps, lat 3.196 ms stddev 3.566, 0 failed
progress: 25.0 s, 78781.0 tps, lat 3.250 ms stddev 3.685, 0 failed
progress: 26.0 s, 79191.2 tps, lat 3.232 ms stddev 3.674, 0 failed
progress: 27.0 s, 79656.4 tps, lat 3.214 ms stddev 3.630, 0 failed
progress: 28.0 s, 80335.2 tps, lat 3.187 ms stddev 3.562, 0 failed
progress: 29.0 s, 78284.3 tps, lat 3.269 ms stddev 3.693, 0 failed
progress: 30.0 s, 77917.0 tps, lat 3.284 ms stddev 3.703, 0 failed
progress: 31.0 s, 78700.8 tps, lat 3.255 ms stddev 3.686, 0 failed
progress: 32.0 s, 80019.2 tps, lat 3.197 ms stddev 3.577, 0 failed
progress: 33.0 s, 79107.8 tps, lat 3.235 ms stddev 3.682, 0 failed
progress: 34.0 s, 79066.3 tps, lat 3.238 ms stddev 3.673, 0 failed
progress: 35.0 s, 79836.9 tps, lat 3.206 ms stddev 3.622, 0 failed
progress: 36.0 s, 80691.4 tps, lat 3.173 ms stddev 3.556, 0 failed
progress: 37.0 s, 79322.5 tps, lat 3.226 ms stddev 3.662, 0 failed
progress: 38.0 s, 78298.9 tps, lat 3.271 ms stddev 3.705, 0 failed
progress: 39.0 s, 79567.7 tps, lat 3.218 ms stddev 3.620, 0 failed
progress: 40.0 s, 80470.2 tps, lat 3.181 ms stddev 3.564, 0 failed
progress: 41.0 s, 79483.1 tps, lat 3.219 ms stddev 3.661, 0 failed
progress: 42.0 s, 79305.1 tps, lat 3.228 ms stddev 3.646, 0 failed
progress: 43.0 s, 79766.1 tps, lat 3.209 ms stddev 3.633, 0 failed
progress: 44.0 s, 80134.7 tps, lat 3.195 ms stddev 3.584, 0 failed
progress: 45.0 s, 78448.2 tps, lat 3.262 ms stddev 3.699, 0 failed
progress: 46.0 s, 78599.1 tps, lat 3.256 ms stddev 3.700, 0 failed
progress: 47.0 s, 79250.4 tps, lat 3.231 ms stddev 3.629, 0 failed
progress: 48.0 s, 80498.3 tps, lat 3.179 ms stddev 3.573, 0 failed
progress: 49.0 s, 78970.1 tps, lat 3.241 ms stddev 3.707, 0 failed
progress: 50.0 s, 79422.6 tps, lat 3.223 ms stddev 3.644, 0 failed
progress: 51.0 s, 79028.5 tps, lat 3.240 ms stddev 3.647, 0 failed
progress: 52.0 s, 80006.8 tps, lat 3.198 ms stddev 3.586, 0 failed
progress: 53.0 s, 78285.2 tps, lat 3.271 ms stddev 3.703, 0 failed
progress: 54.0 s, 78955.8 tps, lat 3.243 ms stddev 3.671, 0 failed
progress: 55.0 s, 79090.7 tps, lat 3.238 ms stddev 3.657, 0 failed
progress: 56.0 s, 81144.5 tps, lat 3.152 ms stddev 3.542, 0 failed
progress: 57.0 s, 79409.8 tps, lat 3.225 ms stddev 3.682, 0 failed
progress: 58.0 s, 78269.8 tps, lat 3.271 ms stddev 3.708, 0 failed
progress: 59.0 s, 79191.4 tps, lat 3.234 ms stddev 3.645, 0 failed
transaction type: star-1.sql
scaling factor: 1
query mode: prepared
number of clients: 256
number of threads: 256
maximum number of tries: 1
duration: 60 s
number of transactions actually processed: 4699660
number of failed transactions: 0 (0.000%)
latency average = 3.261 ms
latency stddev = 4.638 ms
initial connection time = 156.093 ms
tps = 78440.086999 (without initial connection time)
