pgbench (18devel, server 8.0.26)
progress: 1.0 s, 1572.9 tps, lat 0.632 ms stddev 0.058, 0 failed
progress: 2.0 s, 1611.9 tps, lat 0.620 ms stddev 0.017, 0 failed
progress: 3.0 s, 1600.1 tps, lat 0.624 ms stddev 0.013, 0 failed
progress: 4.0 s, 1613.8 tps, lat 0.619 ms stddev 0.016, 0 failed
progress: 5.0 s, 1653.1 tps, lat 0.604 ms stddev 0.021, 0 failed
progress: 6.0 s, 1623.0 tps, lat 0.616 ms stddev 0.019, 0 failed
progress: 7.0 s, 1613.0 tps, lat 0.620 ms stddev 0.014, 0 failed
progress: 8.0 s, 1620.0 tps, lat 0.617 ms stddev 0.013, 0 failed
progress: 9.0 s, 1673.0 tps, lat 0.597 ms stddev 0.013, 0 failed
progress: 10.0 s, 1622.0 tps, lat 0.616 ms stddev 0.015, 0 failed
progress: 11.0 s, 1620.0 tps, lat 0.617 ms stddev 0.056, 0 failed
progress: 12.0 s, 1649.0 tps, lat 0.606 ms stddev 0.018, 0 failed
progress: 13.0 s, 1615.0 tps, lat 0.619 ms stddev 0.015, 0 failed
progress: 14.0 s, 1619.0 tps, lat 0.617 ms stddev 0.013, 0 failed
progress: 15.0 s, 1623.0 tps, lat 0.616 ms stddev 0.020, 0 failed
progress: 16.0 s, 1613.9 tps, lat 0.619 ms stddev 0.012, 0 failed
progress: 17.0 s, 1622.0 tps, lat 0.616 ms stddev 0.010, 0 failed
progress: 18.0 s, 1648.0 tps, lat 0.606 ms stddev 0.011, 0 failed
progress: 19.0 s, 1652.0 tps, lat 0.605 ms stddev 0.009, 0 failed
progress: 20.0 s, 1648.0 tps, lat 0.606 ms stddev 0.017, 0 failed
progress: 21.0 s, 1679.0 tps, lat 0.595 ms stddev 0.047, 0 failed
progress: 22.0 s, 1668.0 tps, lat 0.599 ms stddev 0.017, 0 failed
progress: 23.0 s, 1610.0 tps, lat 0.621 ms stddev 0.012, 0 failed
progress: 24.0 s, 1634.0 tps, lat 0.612 ms stddev 0.017, 0 failed
progress: 25.0 s, 1630.0 tps, lat 0.613 ms stddev 0.021, 0 failed
progress: 26.0 s, 1620.0 tps, lat 0.617 ms stddev 0.016, 0 failed
progress: 27.0 s, 1625.0 tps, lat 0.615 ms stddev 0.013, 0 failed
progress: 28.0 s, 1632.0 tps, lat 0.613 ms stddev 0.012, 0 failed
progress: 29.0 s, 1648.0 tps, lat 0.606 ms stddev 0.022, 0 failed
progress: 30.0 s, 1689.1 tps, lat 0.592 ms stddev 0.010, 0 failed
progress: 31.0 s, 1668.9 tps, lat 0.598 ms stddev 0.050, 0 failed
progress: 32.0 s, 1619.0 tps, lat 0.617 ms stddev 0.011, 0 failed
progress: 33.0 s, 1626.1 tps, lat 0.615 ms stddev 0.010, 0 failed
progress: 34.0 s, 1650.0 tps, lat 0.606 ms stddev 0.017, 0 failed
progress: 35.0 s, 1647.9 tps, lat 0.606 ms stddev 0.012, 0 failed
progress: 36.0 s, 1681.0 tps, lat 0.594 ms stddev 0.011, 0 failed
progress: 37.0 s, 1682.0 tps, lat 0.594 ms stddev 0.014, 0 failed
progress: 38.0 s, 1682.0 tps, lat 0.594 ms stddev 0.014, 0 failed
progress: 39.0 s, 1663.0 tps, lat 0.601 ms stddev 0.024, 0 failed
progress: 40.0 s, 1618.0 tps, lat 0.618 ms stddev 0.014, 0 failed
progress: 41.0 s, 1672.0 tps, lat 0.597 ms stddev 0.051, 0 failed
progress: 42.0 s, 1687.0 tps, lat 0.593 ms stddev 0.010, 0 failed
progress: 43.0 s, 1679.0 tps, lat 0.595 ms stddev 0.019, 0 failed
progress: 44.0 s, 1688.0 tps, lat 0.592 ms stddev 0.010, 0 failed
progress: 45.0 s, 1660.0 tps, lat 0.602 ms stddev 0.019, 0 failed
progress: 46.0 s, 1639.0 tps, lat 0.610 ms stddev 0.014, 0 failed
progress: 47.0 s, 1626.0 tps, lat 0.614 ms stddev 0.014, 0 failed
progress: 48.0 s, 1618.1 tps, lat 0.618 ms stddev 0.018, 0 failed
progress: 49.0 s, 1624.0 tps, lat 0.615 ms stddev 0.010, 0 failed
progress: 50.0 s, 1654.0 tps, lat 0.604 ms stddev 0.009, 0 failed
progress: 51.0 s, 1651.0 tps, lat 0.605 ms stddev 0.049, 0 failed
progress: 52.0 s, 1649.0 tps, lat 0.606 ms stddev 0.017, 0 failed
progress: 53.0 s, 1654.0 tps, lat 0.604 ms stddev 0.010, 0 failed
progress: 54.0 s, 1654.0 tps, lat 0.604 ms stddev 0.009, 0 failed
progress: 55.0 s, 1650.0 tps, lat 0.606 ms stddev 0.011, 0 failed
progress: 56.0 s, 1648.0 tps, lat 0.606 ms stddev 0.013, 0 failed
progress: 57.0 s, 1652.0 tps, lat 0.605 ms stddev 0.019, 0 failed
progress: 58.0 s, 1629.0 tps, lat 0.613 ms stddev 0.014, 0 failed
progress: 59.0 s, 1633.0 tps, lat 0.612 ms stddev 0.012, 0 failed
progress: 60.0 s, 1647.1 tps, lat 0.607 ms stddev 0.017, 0 failed
transaction type: star-1-left.sql
scaling factor: 1
query mode: simple
number of clients: 1
number of threads: 1
maximum number of tries: 1
duration: 60 s
number of transactions actually processed: 98501
number of failed transactions: 0 (0.000%)
latency average = 0.609 ms
latency stddev = 0.024 ms
initial connection time = 4.836 ms
tps = 1641.800585 (without initial connection time)
