pgbench (18devel, server 8.0.26)
progress: 1.0 s, 0.0 tps, lat 0.000 ms stddev 0.000, 0 failed
progress: 2.0 s, 16.0 tps, lat 103.282 ms stddev 290.088, 0 failed
progress: 3.0 s, 2034.0 tps, lat 82.948 ms stddev 337.775, 0 failed
progress: 4.0 s, 2608.1 tps, lat 24.766 ms stddev 22.180, 0 failed
progress: 5.0 s, 2735.0 tps, lat 23.340 ms stddev 19.976, 0 failed
progress: 6.0 s, 3940.7 tps, lat 16.148 ms stddev 15.844, 0 failed
progress: 7.0 s, 3258.2 tps, lat 19.685 ms stddev 18.468, 0 failed
progress: 8.0 s, 1873.9 tps, lat 33.478 ms stddev 21.788, 0 failed
progress: 9.0 s, 2294.1 tps, lat 28.611 ms stddev 20.929, 0 failed
progress: 10.0 s, 2800.9 tps, lat 22.566 ms stddev 19.657, 0 failed
progress: 11.0 s, 2541.9 tps, lat 25.121 ms stddev 24.395, 0 failed
progress: 12.0 s, 2724.1 tps, lat 23.190 ms stddev 19.305, 0 failed
progress: 13.0 s, 2387.9 tps, lat 27.019 ms stddev 22.639, 0 failed
progress: 14.0 s, 3485.2 tps, lat 18.674 ms stddev 18.326, 0 failed
progress: 15.0 s, 3567.8 tps, lat 17.567 ms stddev 17.237, 0 failed
progress: 16.0 s, 2625.1 tps, lat 24.812 ms stddev 19.248, 0 failed
progress: 17.0 s, 2270.0 tps, lat 28.145 ms stddev 21.265, 0 failed
progress: 18.0 s, 2942.0 tps, lat 21.915 ms stddev 19.142, 0 failed
progress: 19.0 s, 3148.0 tps, lat 19.888 ms stddev 19.663, 0 failed
progress: 20.0 s, 3129.1 tps, lat 20.787 ms stddev 20.461, 0 failed
progress: 21.0 s, 2628.9 tps, lat 23.980 ms stddev 18.934, 0 failed
progress: 22.0 s, 3726.1 tps, lat 17.377 ms stddev 16.220, 0 failed
progress: 23.0 s, 3412.8 tps, lat 18.800 ms stddev 19.303, 0 failed
progress: 24.0 s, 2166.0 tps, lat 29.790 ms stddev 25.058, 0 failed
progress: 25.0 s, 4161.1 tps, lat 15.327 ms stddev 15.653, 0 failed
progress: 26.0 s, 2833.0 tps, lat 22.180 ms stddev 18.804, 0 failed
progress: 27.0 s, 2852.0 tps, lat 22.054 ms stddev 21.125, 0 failed
progress: 28.0 s, 2689.0 tps, lat 24.280 ms stddev 21.921, 0 failed
progress: 29.0 s, 3180.2 tps, lat 20.476 ms stddev 20.214, 0 failed
progress: 30.0 s, 2729.9 tps, lat 23.403 ms stddev 19.061, 0 failed
progress: 31.0 s, 3861.9 tps, lat 16.112 ms stddev 15.763, 0 failed
progress: 32.0 s, 2955.0 tps, lat 22.285 ms stddev 19.066, 0 failed
progress: 33.0 s, 3147.0 tps, lat 20.315 ms stddev 19.513, 0 failed
progress: 34.0 s, 2792.0 tps, lat 21.967 ms stddev 18.387, 0 failed
progress: 35.0 s, 2400.0 tps, lat 27.338 ms stddev 23.350, 0 failed
progress: 36.0 s, 2694.9 tps, lat 23.358 ms stddev 21.738, 0 failed
progress: 37.0 s, 4061.1 tps, lat 16.046 ms stddev 15.262, 0 failed
progress: 38.0 s, 3700.9 tps, lat 17.262 ms stddev 17.534, 0 failed
progress: 39.0 s, 4903.1 tps, lat 13.282 ms stddev 14.159, 0 failed
progress: 40.0 s, 4024.0 tps, lat 15.702 ms stddev 15.326, 0 failed
progress: 41.0 s, 3319.9 tps, lat 18.895 ms stddev 18.343, 0 failed
progress: 42.0 s, 3175.1 tps, lat 20.799 ms stddev 19.911, 0 failed
progress: 43.0 s, 3910.1 tps, lat 16.070 ms stddev 15.933, 0 failed
progress: 44.0 s, 3089.0 tps, lat 21.165 ms stddev 21.200, 0 failed
progress: 45.0 s, 3558.8 tps, lat 17.389 ms stddev 18.313, 0 failed
progress: 46.0 s, 3173.0 tps, lat 20.412 ms stddev 18.359, 0 failed
progress: 47.0 s, 2621.9 tps, lat 24.194 ms stddev 20.640, 0 failed
progress: 48.0 s, 2512.1 tps, lat 25.449 ms stddev 22.026, 0 failed
progress: 49.0 s, 3366.0 tps, lat 19.299 ms stddev 17.466, 0 failed
progress: 50.0 s, 2766.0 tps, lat 23.239 ms stddev 19.907, 0 failed
progress: 51.0 s, 2582.0 tps, lat 24.922 ms stddev 19.599, 0 failed
progress: 52.0 s, 2895.2 tps, lat 22.175 ms stddev 19.589, 0 failed
progress: 53.0 s, 2464.9 tps, lat 25.467 ms stddev 23.210, 0 failed
progress: 54.0 s, 2851.0 tps, lat 22.666 ms stddev 18.022, 0 failed
progress: 55.0 s, 3918.2 tps, lat 16.532 ms stddev 15.279, 0 failed
progress: 56.0 s, 4270.8 tps, lat 14.631 ms stddev 14.856, 0 failed
progress: 57.0 s, 3691.1 tps, lat 17.618 ms stddev 17.482, 0 failed
progress: 58.0 s, 3746.1 tps, lat 17.058 ms stddev 17.065, 0 failed
progress: 59.0 s, 2924.8 tps, lat 21.618 ms stddev 20.166, 0 failed
transaction type: star-1-left.sql
scaling factor: 1
query mode: simple
number of clients: 64
number of threads: 64
maximum number of tries: 1
duration: 60 s
number of transactions actually processed: 179240
number of failed transactions: 0 (0.000%)
latency average = 21.300 ms
latency stddev = 41.430 ms
initial connection time = 350.254 ms
tps = 3004.262654 (without initial connection time)
