pgbench (18devel, server 10.23)
progress: 1.0 s, 8950.5 tps, lat 1.776 ms stddev 0.240, 0 failed
progress: 2.0 s, 9115.0 tps, lat 1.755 ms stddev 0.029, 0 failed
progress: 3.0 s, 9156.0 tps, lat 1.746 ms stddev 0.039, 0 failed
progress: 4.0 s, 9093.0 tps, lat 1.759 ms stddev 0.046, 0 failed
progress: 5.0 s, 9080.0 tps, lat 1.762 ms stddev 0.052, 0 failed
progress: 6.0 s, 9086.0 tps, lat 1.760 ms stddev 0.032, 0 failed
progress: 7.0 s, 9079.0 tps, lat 1.762 ms stddev 0.029, 0 failed
progress: 8.0 s, 9065.0 tps, lat 1.764 ms stddev 0.029, 0 failed
progress: 9.0 s, 9083.0 tps, lat 1.761 ms stddev 0.044, 0 failed
progress: 10.0 s, 9077.0 tps, lat 1.762 ms stddev 0.033, 0 failed
progress: 11.0 s, 9050.9 tps, lat 1.768 ms stddev 0.121, 0 failed
progress: 12.0 s, 9052.1 tps, lat 1.767 ms stddev 0.116, 0 failed
progress: 13.0 s, 9060.0 tps, lat 1.766 ms stddev 0.033, 0 failed
progress: 14.0 s, 9100.0 tps, lat 1.758 ms stddev 0.032, 0 failed
progress: 15.0 s, 9088.0 tps, lat 1.760 ms stddev 0.033, 0 failed
progress: 16.0 s, 9116.0 tps, lat 1.755 ms stddev 0.032, 0 failed
progress: 17.0 s, 9084.0 tps, lat 1.760 ms stddev 0.032, 0 failed
progress: 18.0 s, 9155.6 tps, lat 1.747 ms stddev 0.031, 0 failed
progress: 19.0 s, 9124.1 tps, lat 1.753 ms stddev 0.029, 0 failed
progress: 20.0 s, 9083.3 tps, lat 1.761 ms stddev 0.031, 0 failed
progress: 21.0 s, 9140.0 tps, lat 1.751 ms stddev 0.032, 0 failed
progress: 22.0 s, 9121.9 tps, lat 1.753 ms stddev 0.030, 0 failed
progress: 23.0 s, 9155.0 tps, lat 1.747 ms stddev 0.032, 0 failed
progress: 24.0 s, 9114.0 tps, lat 1.755 ms stddev 0.029, 0 failed
progress: 25.0 s, 9123.0 tps, lat 1.753 ms stddev 0.031, 0 failed
progress: 26.0 s, 9131.1 tps, lat 1.752 ms stddev 0.031, 0 failed
progress: 27.0 s, 9026.9 tps, lat 1.772 ms stddev 0.163, 0 failed
progress: 28.0 s, 9105.0 tps, lat 1.757 ms stddev 0.034, 0 failed
progress: 29.0 s, 9144.0 tps, lat 1.749 ms stddev 0.028, 0 failed
progress: 30.0 s, 9152.0 tps, lat 1.748 ms stddev 0.029, 0 failed
progress: 31.0 s, 9128.0 tps, lat 1.752 ms stddev 0.030, 0 failed
progress: 32.0 s, 9109.0 tps, lat 1.756 ms stddev 0.031, 0 failed
progress: 33.0 s, 9140.0 tps, lat 1.750 ms stddev 0.030, 0 failed
progress: 34.0 s, 9139.0 tps, lat 1.750 ms stddev 0.029, 0 failed
progress: 35.0 s, 9117.0 tps, lat 1.755 ms stddev 0.030, 0 failed
progress: 36.0 s, 9140.0 tps, lat 1.751 ms stddev 0.030, 0 failed
progress: 37.0 s, 9105.0 tps, lat 1.756 ms stddev 0.029, 0 failed
progress: 38.0 s, 9144.0 tps, lat 1.749 ms stddev 0.032, 0 failed
progress: 39.0 s, 9133.0 tps, lat 1.752 ms stddev 0.030, 0 failed
progress: 40.0 s, 9117.1 tps, lat 1.754 ms stddev 0.033, 0 failed
progress: 41.0 s, 9115.0 tps, lat 1.754 ms stddev 0.030, 0 failed
progress: 42.0 s, 9105.0 tps, lat 1.757 ms stddev 0.028, 0 failed
progress: 43.0 s, 9131.0 tps, lat 1.752 ms stddev 0.030, 0 failed
progress: 44.0 s, 9149.0 tps, lat 1.749 ms stddev 0.029, 0 failed
progress: 45.0 s, 9119.0 tps, lat 1.754 ms stddev 0.027, 0 failed
progress: 46.0 s, 9126.0 tps, lat 1.753 ms stddev 0.029, 0 failed
progress: 47.0 s, 9118.0 tps, lat 1.754 ms stddev 0.029, 0 failed
progress: 48.0 s, 9107.0 tps, lat 1.756 ms stddev 0.029, 0 failed
progress: 49.0 s, 9120.0 tps, lat 1.753 ms stddev 0.030, 0 failed
progress: 50.0 s, 9130.0 tps, lat 1.753 ms stddev 0.030, 0 failed
progress: 51.0 s, 9121.0 tps, lat 1.753 ms stddev 0.028, 0 failed
progress: 52.0 s, 9116.0 tps, lat 1.756 ms stddev 0.030, 0 failed
progress: 53.0 s, 9138.0 tps, lat 1.751 ms stddev 0.029, 0 failed
progress: 54.0 s, 9118.0 tps, lat 1.753 ms stddev 0.033, 0 failed
progress: 55.0 s, 9106.0 tps, lat 1.757 ms stddev 0.032, 0 failed
progress: 56.0 s, 9124.0 tps, lat 1.754 ms stddev 0.030, 0 failed
progress: 57.0 s, 9120.0 tps, lat 1.753 ms stddev 0.029, 0 failed
progress: 58.0 s, 9139.0 tps, lat 1.751 ms stddev 0.028, 0 failed
progress: 59.0 s, 9109.0 tps, lat 1.755 ms stddev 0.028, 0 failed
transaction type: star-1.sql
scaling factor: 1
query mode: simple
number of clients: 16
number of threads: 16
maximum number of tries: 1
duration: 60 s
number of transactions actually processed: 546588
number of failed transactions: 0 (0.000%)
latency average = 1.756 ms
latency stddev = 0.053 ms
initial connection time = 11.869 ms
tps = 9111.304428 (without initial connection time)
