pgbench (18devel, server 10.23)
progress: 1.0 s, 17911.0 tps, lat 1.767 ms stddev 0.462, 0 failed
progress: 2.0 s, 18524.0 tps, lat 1.728 ms stddev 0.149, 0 failed
progress: 3.0 s, 18630.0 tps, lat 1.717 ms stddev 0.111, 0 failed
progress: 4.0 s, 18488.9 tps, lat 1.730 ms stddev 0.176, 0 failed
progress: 5.0 s, 18661.0 tps, lat 1.714 ms stddev 0.106, 0 failed
progress: 6.0 s, 18576.1 tps, lat 1.722 ms stddev 0.150, 0 failed
progress: 7.0 s, 18685.9 tps, lat 1.712 ms stddev 0.103, 0 failed
progress: 8.0 s, 18528.5 tps, lat 1.726 ms stddev 0.172, 0 failed
progress: 9.0 s, 18633.5 tps, lat 1.717 ms stddev 0.132, 0 failed
progress: 10.0 s, 18766.1 tps, lat 1.705 ms stddev 0.025, 0 failed
progress: 11.0 s, 18699.9 tps, lat 1.711 ms stddev 0.105, 0 failed
progress: 12.0 s, 18610.1 tps, lat 1.719 ms stddev 0.147, 0 failed
progress: 13.0 s, 18703.9 tps, lat 1.710 ms stddev 0.103, 0 failed
progress: 14.0 s, 18710.0 tps, lat 1.710 ms stddev 0.105, 0 failed
progress: 15.0 s, 18806.0 tps, lat 1.701 ms stddev 0.023, 0 failed
progress: 16.0 s, 18801.0 tps, lat 1.701 ms stddev 0.023, 0 failed
progress: 17.0 s, 18642.0 tps, lat 1.716 ms stddev 0.139, 0 failed
progress: 18.0 s, 18649.0 tps, lat 1.715 ms stddev 0.137, 0 failed
progress: 19.0 s, 18715.0 tps, lat 1.709 ms stddev 0.109, 0 failed
progress: 20.0 s, 18709.1 tps, lat 1.710 ms stddev 0.104, 0 failed
progress: 21.0 s, 18705.9 tps, lat 1.710 ms stddev 0.106, 0 failed
progress: 22.0 s, 18731.1 tps, lat 1.708 ms stddev 0.095, 0 failed
progress: 23.0 s, 18770.9 tps, lat 1.704 ms stddev 0.067, 0 failed
progress: 24.0 s, 18780.0 tps, lat 1.703 ms stddev 0.026, 0 failed
progress: 25.0 s, 18727.0 tps, lat 1.709 ms stddev 0.088, 0 failed
progress: 26.0 s, 18619.0 tps, lat 1.718 ms stddev 0.145, 0 failed
progress: 27.0 s, 18707.0 tps, lat 1.710 ms stddev 0.110, 0 failed
progress: 28.0 s, 18782.0 tps, lat 1.703 ms stddev 0.045, 0 failed
progress: 29.0 s, 18740.0 tps, lat 1.707 ms stddev 0.090, 0 failed
progress: 30.0 s, 18797.0 tps, lat 1.702 ms stddev 0.022, 0 failed
progress: 31.0 s, 18802.0 tps, lat 1.702 ms stddev 0.022, 0 failed
progress: 32.0 s, 18808.0 tps, lat 1.701 ms stddev 0.023, 0 failed
progress: 33.0 s, 18805.0 tps, lat 1.701 ms stddev 0.022, 0 failed
progress: 34.0 s, 18734.0 tps, lat 1.708 ms stddev 0.091, 0 failed
progress: 35.0 s, 18754.0 tps, lat 1.706 ms stddev 0.088, 0 failed
progress: 36.0 s, 18744.0 tps, lat 1.707 ms stddev 0.098, 0 failed
progress: 37.0 s, 18802.1 tps, lat 1.701 ms stddev 0.024, 0 failed
progress: 38.0 s, 18711.0 tps, lat 1.709 ms stddev 0.113, 0 failed
progress: 39.0 s, 18737.9 tps, lat 1.708 ms stddev 0.103, 0 failed
progress: 40.0 s, 18759.0 tps, lat 1.705 ms stddev 0.073, 0 failed
progress: 41.0 s, 18805.0 tps, lat 1.702 ms stddev 0.024, 0 failed
progress: 42.0 s, 18813.9 tps, lat 1.700 ms stddev 0.023, 0 failed
progress: 43.0 s, 18827.0 tps, lat 1.699 ms stddev 0.021, 0 failed
progress: 44.0 s, 18834.0 tps, lat 1.699 ms stddev 0.024, 0 failed
progress: 45.0 s, 18840.1 tps, lat 1.698 ms stddev 0.022, 0 failed
progress: 46.0 s, 18828.0 tps, lat 1.699 ms stddev 0.024, 0 failed
progress: 47.0 s, 18824.5 tps, lat 1.699 ms stddev 0.023, 0 failed
progress: 48.0 s, 18804.7 tps, lat 1.701 ms stddev 0.021, 0 failed
progress: 49.0 s, 18709.3 tps, lat 1.710 ms stddev 0.112, 0 failed
progress: 50.0 s, 18782.0 tps, lat 1.703 ms stddev 0.025, 0 failed
progress: 51.0 s, 18765.0 tps, lat 1.705 ms stddev 0.024, 0 failed
progress: 52.0 s, 18711.0 tps, lat 1.710 ms stddev 0.111, 0 failed
progress: 53.0 s, 18805.7 tps, lat 1.701 ms stddev 0.022, 0 failed
progress: 54.0 s, 18799.0 tps, lat 1.702 ms stddev 0.022, 0 failed
progress: 55.0 s, 18808.3 tps, lat 1.701 ms stddev 0.021, 0 failed
progress: 56.0 s, 18742.0 tps, lat 1.707 ms stddev 0.099, 0 failed
progress: 57.0 s, 18806.7 tps, lat 1.701 ms stddev 0.036, 0 failed
progress: 58.0 s, 18804.3 tps, lat 1.701 ms stddev 0.021, 0 failed
progress: 59.0 s, 18623.0 tps, lat 1.718 ms stddev 0.147, 0 failed
transaction type: star-1.sql
scaling factor: 1
query mode: simple
number of clients: 32
number of threads: 32
maximum number of tries: 1
duration: 60 s
number of transactions actually processed: 1122762
number of failed transactions: 0 (0.000%)
latency average = 1.709 ms
latency stddev = 0.108 ms
initial connection time = 22.828 ms
tps = 18719.182765 (without initial connection time)
