pgbench (18devel, server 10.23)
progress: 1.0 s, 8172.8 tps, lat 0.122 ms stddev 0.051, 0 failed
progress: 2.0 s, 8485.0 tps, lat 0.118 ms stddev 0.007, 0 failed
progress: 3.0 s, 8558.0 tps, lat 0.117 ms stddev 0.008, 0 failed
progress: 4.0 s, 8528.1 tps, lat 0.117 ms stddev 0.008, 0 failed
progress: 5.0 s, 8566.7 tps, lat 0.117 ms stddev 0.007, 0 failed
progress: 6.0 s, 8587.1 tps, lat 0.116 ms stddev 0.006, 0 failed
progress: 7.0 s, 8534.2 tps, lat 0.117 ms stddev 0.007, 0 failed
progress: 8.0 s, 8540.8 tps, lat 0.117 ms stddev 0.007, 0 failed
progress: 9.0 s, 8544.0 tps, lat 0.117 ms stddev 0.007, 0 failed
progress: 10.0 s, 8565.9 tps, lat 0.117 ms stddev 0.007, 0 failed
progress: 11.0 s, 8791.0 tps, lat 0.114 ms stddev 0.007, 0 failed
progress: 12.0 s, 8705.0 tps, lat 0.115 ms stddev 0.007, 0 failed
progress: 13.0 s, 8623.0 tps, lat 0.116 ms stddev 0.007, 0 failed
progress: 14.0 s, 8763.0 tps, lat 0.114 ms stddev 0.006, 0 failed
progress: 15.0 s, 8633.4 tps, lat 0.116 ms stddev 0.006, 0 failed
progress: 16.0 s, 8632.7 tps, lat 0.116 ms stddev 0.007, 0 failed
progress: 17.0 s, 8683.0 tps, lat 0.115 ms stddev 0.006, 0 failed
progress: 18.0 s, 8508.9 tps, lat 0.117 ms stddev 0.012, 0 failed
progress: 19.0 s, 8502.2 tps, lat 0.118 ms stddev 0.006, 0 failed
progress: 20.0 s, 8569.1 tps, lat 0.117 ms stddev 0.008, 0 failed
progress: 21.0 s, 8701.9 tps, lat 0.115 ms stddev 0.007, 0 failed
progress: 22.0 s, 8710.9 tps, lat 0.115 ms stddev 0.006, 0 failed
progress: 23.0 s, 8739.1 tps, lat 0.114 ms stddev 0.007, 0 failed
progress: 24.0 s, 8732.1 tps, lat 0.114 ms stddev 0.007, 0 failed
progress: 25.0 s, 8721.9 tps, lat 0.115 ms stddev 0.006, 0 failed
progress: 26.0 s, 8736.3 tps, lat 0.114 ms stddev 0.006, 0 failed
progress: 27.0 s, 8712.7 tps, lat 0.115 ms stddev 0.006, 0 failed
progress: 28.0 s, 8736.9 tps, lat 0.114 ms stddev 0.007, 0 failed
progress: 29.0 s, 8775.0 tps, lat 0.114 ms stddev 0.006, 0 failed
progress: 30.0 s, 8692.0 tps, lat 0.115 ms stddev 0.007, 0 failed
progress: 31.0 s, 8716.0 tps, lat 0.115 ms stddev 0.006, 0 failed
progress: 32.0 s, 8662.1 tps, lat 0.115 ms stddev 0.007, 0 failed
progress: 33.0 s, 8730.9 tps, lat 0.114 ms stddev 0.007, 0 failed
progress: 34.0 s, 8707.3 tps, lat 0.115 ms stddev 0.007, 0 failed
progress: 35.0 s, 8716.7 tps, lat 0.115 ms stddev 0.007, 0 failed
progress: 36.0 s, 8700.0 tps, lat 0.115 ms stddev 0.007, 0 failed
progress: 37.0 s, 8714.2 tps, lat 0.115 ms stddev 0.007, 0 failed
progress: 38.0 s, 8708.8 tps, lat 0.115 ms stddev 0.007, 0 failed
progress: 39.0 s, 8693.0 tps, lat 0.115 ms stddev 0.007, 0 failed
progress: 40.0 s, 8691.0 tps, lat 0.115 ms stddev 0.007, 0 failed
progress: 41.0 s, 8695.0 tps, lat 0.115 ms stddev 0.007, 0 failed
progress: 42.0 s, 8726.0 tps, lat 0.115 ms stddev 0.006, 0 failed
progress: 43.0 s, 8674.0 tps, lat 0.115 ms stddev 0.007, 0 failed
progress: 44.0 s, 8679.2 tps, lat 0.115 ms stddev 0.007, 0 failed
progress: 45.0 s, 8725.8 tps, lat 0.115 ms stddev 0.007, 0 failed
progress: 46.0 s, 8717.3 tps, lat 0.115 ms stddev 0.006, 0 failed
progress: 47.0 s, 8751.7 tps, lat 0.114 ms stddev 0.007, 0 failed
progress: 48.0 s, 8681.0 tps, lat 0.115 ms stddev 0.007, 0 failed
progress: 49.0 s, 8700.9 tps, lat 0.115 ms stddev 0.007, 0 failed
progress: 50.0 s, 8711.0 tps, lat 0.115 ms stddev 0.007, 0 failed
progress: 51.0 s, 8700.0 tps, lat 0.115 ms stddev 0.008, 0 failed
progress: 52.0 s, 8650.3 tps, lat 0.116 ms stddev 0.007, 0 failed
progress: 53.0 s, 8717.7 tps, lat 0.115 ms stddev 0.007, 0 failed
progress: 54.0 s, 8668.4 tps, lat 0.115 ms stddev 0.007, 0 failed
progress: 55.0 s, 8715.6 tps, lat 0.115 ms stddev 0.007, 0 failed
progress: 56.0 s, 8690.5 tps, lat 0.115 ms stddev 0.007, 0 failed
progress: 57.0 s, 8715.5 tps, lat 0.115 ms stddev 0.007, 0 failed
progress: 58.0 s, 8728.2 tps, lat 0.115 ms stddev 0.007, 0 failed
progress: 59.0 s, 8762.9 tps, lat 0.114 ms stddev 0.007, 0 failed
progress: 60.0 s, 8673.2 tps, lat 0.115 ms stddev 0.007, 0 failed
transaction type: star-1.sql
scaling factor: 1
query mode: prepared
number of clients: 1
number of threads: 1
maximum number of tries: 1
duration: 60 s
number of transactions actually processed: 519877
number of failed transactions: 0 (0.000%)
latency average = 0.115 ms
latency stddev = 0.009 ms
initial connection time = 1.847 ms
tps = 8664.874158 (without initial connection time)
