pgbench (18devel, server 11.22)
progress: 1.0 s, 12572.2 tps, lat 2.520 ms stddev 0.546, 0 failed
progress: 2.0 s, 12929.0 tps, lat 2.475 ms stddev 0.142, 0 failed
progress: 3.0 s, 12726.0 tps, lat 2.514 ms stddev 0.333, 0 failed
progress: 4.0 s, 13034.6 tps, lat 2.454 ms stddev 0.041, 0 failed
progress: 5.0 s, 12999.4 tps, lat 2.462 ms stddev 0.122, 0 failed
progress: 6.0 s, 13046.0 tps, lat 2.452 ms stddev 0.031, 0 failed
progress: 7.0 s, 12998.7 tps, lat 2.461 ms stddev 0.142, 0 failed
progress: 8.0 s, 13065.4 tps, lat 2.449 ms stddev 0.031, 0 failed
progress: 9.0 s, 13056.5 tps, lat 2.450 ms stddev 0.032, 0 failed
progress: 10.0 s, 13002.5 tps, lat 2.461 ms stddev 0.146, 0 failed
progress: 11.0 s, 13059.6 tps, lat 2.449 ms stddev 0.033, 0 failed
progress: 12.0 s, 12946.4 tps, lat 2.471 ms stddev 0.211, 0 failed
progress: 13.0 s, 13066.6 tps, lat 2.450 ms stddev 0.035, 0 failed
progress: 14.0 s, 13061.0 tps, lat 2.449 ms stddev 0.035, 0 failed
progress: 15.0 s, 12975.4 tps, lat 2.465 ms stddev 0.184, 0 failed
progress: 16.0 s, 13040.9 tps, lat 2.454 ms stddev 0.081, 0 failed
progress: 17.0 s, 13056.0 tps, lat 2.450 ms stddev 0.034, 0 failed
progress: 18.0 s, 13007.0 tps, lat 2.460 ms stddev 0.154, 0 failed
progress: 19.0 s, 13072.0 tps, lat 2.448 ms stddev 0.033, 0 failed
progress: 20.0 s, 13067.6 tps, lat 2.448 ms stddev 0.075, 0 failed
progress: 21.0 s, 13007.4 tps, lat 2.460 ms stddev 0.160, 0 failed
progress: 22.0 s, 13068.0 tps, lat 2.448 ms stddev 0.033, 0 failed
progress: 23.0 s, 13080.0 tps, lat 2.446 ms stddev 0.033, 0 failed
progress: 24.0 s, 13083.0 tps, lat 2.446 ms stddev 0.034, 0 failed
progress: 25.0 s, 13073.6 tps, lat 2.447 ms stddev 0.035, 0 failed
progress: 26.0 s, 13033.0 tps, lat 2.456 ms stddev 0.143, 0 failed
progress: 27.0 s, 12978.4 tps, lat 2.464 ms stddev 0.185, 0 failed
progress: 28.0 s, 13074.0 tps, lat 2.447 ms stddev 0.033, 0 failed
progress: 29.0 s, 13082.0 tps, lat 2.447 ms stddev 0.032, 0 failed
progress: 30.0 s, 13050.0 tps, lat 2.451 ms stddev 0.101, 0 failed
progress: 31.0 s, 13033.0 tps, lat 2.455 ms stddev 0.125, 0 failed
progress: 32.0 s, 13075.0 tps, lat 2.447 ms stddev 0.032, 0 failed
progress: 33.0 s, 13066.0 tps, lat 2.448 ms stddev 0.046, 0 failed
progress: 34.0 s, 13017.0 tps, lat 2.459 ms stddev 0.156, 0 failed
progress: 35.0 s, 13066.0 tps, lat 2.448 ms stddev 0.035, 0 failed
progress: 36.0 s, 12994.0 tps, lat 2.462 ms stddev 0.184, 0 failed
progress: 37.0 s, 13075.0 tps, lat 2.447 ms stddev 0.029, 0 failed
progress: 38.0 s, 13084.0 tps, lat 2.445 ms stddev 0.032, 0 failed
progress: 39.0 s, 13032.0 tps, lat 2.454 ms stddev 0.135, 0 failed
progress: 40.0 s, 13075.0 tps, lat 2.447 ms stddev 0.034, 0 failed
progress: 41.0 s, 13076.0 tps, lat 2.447 ms stddev 0.048, 0 failed
progress: 42.0 s, 13023.3 tps, lat 2.457 ms stddev 0.150, 0 failed
progress: 43.0 s, 13085.7 tps, lat 2.445 ms stddev 0.030, 0 failed
progress: 44.0 s, 13028.0 tps, lat 2.455 ms stddev 0.144, 0 failed
progress: 45.0 s, 13080.0 tps, lat 2.446 ms stddev 0.034, 0 failed
progress: 46.0 s, 13066.0 tps, lat 2.448 ms stddev 0.047, 0 failed
progress: 47.0 s, 13043.0 tps, lat 2.454 ms stddev 0.125, 0 failed
progress: 48.0 s, 13084.0 tps, lat 2.445 ms stddev 0.028, 0 failed
progress: 49.0 s, 13088.9 tps, lat 2.445 ms stddev 0.031, 0 failed
progress: 50.0 s, 13073.0 tps, lat 2.447 ms stddev 0.029, 0 failed
progress: 51.0 s, 13052.0 tps, lat 2.451 ms stddev 0.116, 0 failed
progress: 52.0 s, 13011.0 tps, lat 2.459 ms stddev 0.168, 0 failed
progress: 53.0 s, 13034.6 tps, lat 2.455 ms stddev 0.133, 0 failed
progress: 54.0 s, 13026.1 tps, lat 2.455 ms stddev 0.117, 0 failed
progress: 55.0 s, 13062.0 tps, lat 2.450 ms stddev 0.028, 0 failed
progress: 56.0 s, 12968.3 tps, lat 2.467 ms stddev 0.196, 0 failed
progress: 57.0 s, 12984.0 tps, lat 2.464 ms stddev 0.182, 0 failed
progress: 58.0 s, 13013.1 tps, lat 2.459 ms stddev 0.129, 0 failed
progress: 59.0 s, 12936.0 tps, lat 2.473 ms stddev 0.220, 0 failed
transaction type: star-1-left.sql
scaling factor: 1
query mode: simple
number of clients: 32
number of threads: 32
maximum number of tries: 1
duration: 60 s
number of transactions actually processed: 781401
number of failed transactions: 0 (0.000%)
latency average = 2.456 ms
latency stddev = 0.137 ms
initial connection time = 20.856 ms
tps = 13027.261435 (without initial connection time)
