pgbench (18devel, server 11.22)
progress: 1.0 s, 16648.9 tps, lat 3.778 ms stddev 1.540, 0 failed
progress: 2.0 s, 16556.1 tps, lat 3.867 ms stddev 1.089, 0 failed
progress: 3.0 s, 16572.1 tps, lat 3.861 ms stddev 1.085, 0 failed
progress: 4.0 s, 16484.0 tps, lat 3.881 ms stddev 1.066, 0 failed
progress: 5.0 s, 16522.9 tps, lat 3.873 ms stddev 1.064, 0 failed
progress: 6.0 s, 16655.0 tps, lat 3.843 ms stddev 1.083, 0 failed
progress: 7.0 s, 16609.1 tps, lat 3.851 ms stddev 1.073, 0 failed
progress: 8.0 s, 16506.8 tps, lat 3.878 ms stddev 1.074, 0 failed
progress: 9.0 s, 16491.1 tps, lat 3.881 ms stddev 1.072, 0 failed
progress: 10.0 s, 16772.0 tps, lat 3.815 ms stddev 1.090, 0 failed
progress: 11.0 s, 16439.0 tps, lat 3.893 ms stddev 1.072, 0 failed
progress: 12.0 s, 16575.0 tps, lat 3.861 ms stddev 1.076, 0 failed
progress: 13.0 s, 16520.0 tps, lat 3.874 ms stddev 1.078, 0 failed
progress: 14.0 s, 16606.0 tps, lat 3.852 ms stddev 1.085, 0 failed
progress: 15.0 s, 16452.9 tps, lat 3.891 ms stddev 1.068, 0 failed
progress: 16.0 s, 16470.0 tps, lat 3.885 ms stddev 1.068, 0 failed
progress: 17.0 s, 16546.4 tps, lat 3.867 ms stddev 1.073, 0 failed
progress: 18.0 s, 16534.6 tps, lat 3.871 ms stddev 1.080, 0 failed
progress: 19.0 s, 16657.0 tps, lat 3.842 ms stddev 1.081, 0 failed
progress: 20.0 s, 16652.0 tps, lat 3.842 ms stddev 1.085, 0 failed
progress: 21.0 s, 16662.0 tps, lat 3.841 ms stddev 1.071, 0 failed
progress: 22.0 s, 16634.1 tps, lat 3.847 ms stddev 1.078, 0 failed
progress: 23.0 s, 16416.9 tps, lat 3.898 ms stddev 1.062, 0 failed
progress: 24.0 s, 16493.0 tps, lat 3.880 ms stddev 1.067, 0 failed
progress: 25.0 s, 16631.1 tps, lat 3.848 ms stddev 1.083, 0 failed
progress: 26.0 s, 16690.9 tps, lat 3.834 ms stddev 1.076, 0 failed
progress: 27.0 s, 16653.1 tps, lat 3.842 ms stddev 1.079, 0 failed
progress: 28.0 s, 16403.9 tps, lat 3.901 ms stddev 1.062, 0 failed
progress: 29.0 s, 16601.0 tps, lat 3.855 ms stddev 1.069, 0 failed
progress: 30.0 s, 16570.1 tps, lat 3.863 ms stddev 1.066, 0 failed
progress: 31.0 s, 16529.8 tps, lat 3.871 ms stddev 1.071, 0 failed
progress: 32.0 s, 16492.0 tps, lat 3.880 ms stddev 1.068, 0 failed
progress: 33.0 s, 16617.0 tps, lat 3.852 ms stddev 1.081, 0 failed
progress: 34.0 s, 16588.0 tps, lat 3.858 ms stddev 1.080, 0 failed
progress: 35.0 s, 16461.1 tps, lat 3.885 ms stddev 1.068, 0 failed
progress: 36.0 s, 16599.1 tps, lat 3.857 ms stddev 1.080, 0 failed
progress: 37.0 s, 16392.8 tps, lat 3.903 ms stddev 1.070, 0 failed
progress: 38.0 s, 16610.9 tps, lat 3.853 ms stddev 1.077, 0 failed
progress: 39.0 s, 16688.1 tps, lat 3.833 ms stddev 1.082, 0 failed
progress: 40.0 s, 16568.9 tps, lat 3.863 ms stddev 1.070, 0 failed
progress: 41.0 s, 16509.0 tps, lat 3.877 ms stddev 1.076, 0 failed
progress: 42.0 s, 16587.1 tps, lat 3.857 ms stddev 1.089, 0 failed
progress: 43.0 s, 16492.1 tps, lat 3.881 ms stddev 1.074, 0 failed
progress: 44.0 s, 16425.0 tps, lat 3.896 ms stddev 1.063, 0 failed
progress: 45.0 s, 16533.0 tps, lat 3.868 ms stddev 1.074, 0 failed
progress: 46.0 s, 16543.9 tps, lat 3.869 ms stddev 1.078, 0 failed
progress: 47.0 s, 16633.0 tps, lat 3.848 ms stddev 1.087, 0 failed
progress: 48.0 s, 16511.0 tps, lat 3.875 ms stddev 1.077, 0 failed
progress: 49.0 s, 16664.7 tps, lat 3.838 ms stddev 1.080, 0 failed
progress: 50.0 s, 16479.3 tps, lat 3.883 ms stddev 1.058, 0 failed
progress: 51.0 s, 16608.7 tps, lat 3.856 ms stddev 1.075, 0 failed
progress: 52.0 s, 16677.3 tps, lat 3.837 ms stddev 1.077, 0 failed
progress: 53.0 s, 16642.9 tps, lat 3.844 ms stddev 1.079, 0 failed
progress: 54.0 s, 16591.0 tps, lat 3.857 ms stddev 1.079, 0 failed
progress: 55.0 s, 16649.0 tps, lat 3.845 ms stddev 1.087, 0 failed
progress: 56.0 s, 16638.9 tps, lat 3.846 ms stddev 1.075, 0 failed
progress: 57.0 s, 16613.1 tps, lat 3.851 ms stddev 1.081, 0 failed
progress: 58.0 s, 16590.0 tps, lat 3.857 ms stddev 1.079, 0 failed
progress: 59.0 s, 16520.1 tps, lat 3.874 ms stddev 1.076, 0 failed
transaction type: star-1-left.sql
scaling factor: 1
query mode: simple
number of clients: 64
number of threads: 64
maximum number of tries: 1
duration: 60 s
number of transactions actually processed: 993694
number of failed transactions: 0 (0.000%)
latency average = 3.861 ms
latency stddev = 1.085 ms
initial connection time = 39.931 ms
tps = 16571.074321 (without initial connection time)
