pgbench (18devel, server 9.6.24)
progress: 1.0 s, 22234.1 tps, lat 10.843 ms stddev 16.136, 0 failed
progress: 2.0 s, 25109.5 tps, lat 10.206 ms stddev 12.180, 0 failed
progress: 3.0 s, 24418.6 tps, lat 10.468 ms stddev 12.660, 0 failed
progress: 4.0 s, 23980.8 tps, lat 10.679 ms stddev 12.625, 0 failed
progress: 5.0 s, 24054.8 tps, lat 10.641 ms stddev 12.469, 0 failed
progress: 6.0 s, 24098.0 tps, lat 10.627 ms stddev 12.606, 0 failed
progress: 7.0 s, 23958.8 tps, lat 10.689 ms stddev 13.259, 0 failed
progress: 8.0 s, 24095.9 tps, lat 10.605 ms stddev 13.307, 0 failed
progress: 9.0 s, 24120.1 tps, lat 10.625 ms stddev 13.229, 0 failed
progress: 10.0 s, 24019.0 tps, lat 10.652 ms stddev 13.546, 0 failed
progress: 11.0 s, 24075.0 tps, lat 10.639 ms stddev 13.167, 0 failed
progress: 12.0 s, 24142.1 tps, lat 10.585 ms stddev 13.462, 0 failed
progress: 13.0 s, 24110.8 tps, lat 10.632 ms stddev 13.310, 0 failed
progress: 14.0 s, 24126.2 tps, lat 10.587 ms stddev 13.097, 0 failed
progress: 15.0 s, 24089.4 tps, lat 10.661 ms stddev 13.399, 0 failed
progress: 16.0 s, 24102.5 tps, lat 10.597 ms stddev 13.503, 0 failed
progress: 17.0 s, 24084.0 tps, lat 10.632 ms stddev 13.314, 0 failed
progress: 18.0 s, 24051.1 tps, lat 10.641 ms stddev 13.187, 0 failed
progress: 19.0 s, 24090.4 tps, lat 10.632 ms stddev 13.052, 0 failed
progress: 20.0 s, 24068.6 tps, lat 10.646 ms stddev 13.256, 0 failed
progress: 21.0 s, 24049.6 tps, lat 10.636 ms stddev 13.250, 0 failed
progress: 22.0 s, 24124.5 tps, lat 10.609 ms stddev 13.203, 0 failed
progress: 23.0 s, 24031.0 tps, lat 10.644 ms stddev 13.109, 0 failed
progress: 24.0 s, 24073.9 tps, lat 10.641 ms stddev 13.501, 0 failed
progress: 25.0 s, 24102.5 tps, lat 10.638 ms stddev 13.099, 0 failed
progress: 26.0 s, 24073.6 tps, lat 10.618 ms stddev 13.233, 0 failed
progress: 27.0 s, 24001.6 tps, lat 10.689 ms stddev 12.970, 0 failed
progress: 28.0 s, 24125.3 tps, lat 10.599 ms stddev 13.295, 0 failed
progress: 29.0 s, 24035.1 tps, lat 10.655 ms stddev 13.128, 0 failed
progress: 30.0 s, 24076.7 tps, lat 10.636 ms stddev 13.001, 0 failed
progress: 31.0 s, 24024.2 tps, lat 10.626 ms stddev 13.094, 0 failed
progress: 32.0 s, 24073.2 tps, lat 10.649 ms stddev 13.160, 0 failed
progress: 33.0 s, 24115.0 tps, lat 10.610 ms stddev 13.399, 0 failed
progress: 34.0 s, 24032.2 tps, lat 10.661 ms stddev 13.346, 0 failed
progress: 35.0 s, 24022.6 tps, lat 10.652 ms stddev 13.353, 0 failed
progress: 36.0 s, 24049.8 tps, lat 10.655 ms stddev 13.257, 0 failed
progress: 37.0 s, 24010.4 tps, lat 10.654 ms stddev 13.112, 0 failed
progress: 38.0 s, 24029.1 tps, lat 10.653 ms stddev 13.143, 0 failed
progress: 39.0 s, 24098.6 tps, lat 10.620 ms stddev 13.369, 0 failed
progress: 40.0 s, 24023.2 tps, lat 10.663 ms stddev 13.409, 0 failed
progress: 41.0 s, 24094.6 tps, lat 10.611 ms stddev 13.068, 0 failed
progress: 42.0 s, 24088.5 tps, lat 10.646 ms stddev 13.327, 0 failed
progress: 43.0 s, 24105.0 tps, lat 10.579 ms stddev 13.216, 0 failed
progress: 44.0 s, 23990.0 tps, lat 10.692 ms stddev 13.284, 0 failed
progress: 45.0 s, 24070.9 tps, lat 10.622 ms stddev 13.352, 0 failed
progress: 46.0 s, 24022.7 tps, lat 10.685 ms stddev 13.185, 0 failed
progress: 47.0 s, 24051.5 tps, lat 10.628 ms stddev 13.248, 0 failed
progress: 48.0 s, 24065.0 tps, lat 10.638 ms stddev 13.276, 0 failed
progress: 49.0 s, 24011.7 tps, lat 10.631 ms stddev 13.259, 0 failed
progress: 50.0 s, 24072.1 tps, lat 10.663 ms stddev 13.299, 0 failed
progress: 51.0 s, 24064.5 tps, lat 10.638 ms stddev 13.323, 0 failed
progress: 52.0 s, 24089.5 tps, lat 10.622 ms stddev 13.423, 0 failed
progress: 53.0 s, 24079.1 tps, lat 10.656 ms stddev 13.355, 0 failed
progress: 54.0 s, 24070.9 tps, lat 10.620 ms stddev 13.225, 0 failed
progress: 55.0 s, 24042.9 tps, lat 10.670 ms stddev 13.289, 0 failed
progress: 56.0 s, 24068.2 tps, lat 10.594 ms stddev 13.245, 0 failed
progress: 57.0 s, 24014.0 tps, lat 10.664 ms stddev 13.150, 0 failed
progress: 58.0 s, 24060.0 tps, lat 10.658 ms stddev 13.209, 0 failed
progress: 59.0 s, 24022.3 tps, lat 10.653 ms stddev 13.516, 0 failed
transaction type: star-1.sql
scaling factor: 1
query mode: simple
number of clients: 256
number of threads: 256
maximum number of tries: 1
duration: 60 s
number of transactions actually processed: 1441130
number of failed transactions: 0 (0.000%)
latency average = 10.637 ms
latency stddev = 13.254 ms
initial connection time = 144.027 ms
tps = 24049.649352 (without initial connection time)
