pgbench (18devel, server 9.6.24)
progress: 1.0 s, 7806.6 tps, lat 0.128 ms stddev 0.049, 0 failed
progress: 2.0 s, 8155.0 tps, lat 0.123 ms stddev 0.007, 0 failed
progress: 3.0 s, 8219.3 tps, lat 0.122 ms stddev 0.007, 0 failed
progress: 4.0 s, 8115.1 tps, lat 0.123 ms stddev 0.007, 0 failed
progress: 5.0 s, 8217.0 tps, lat 0.122 ms stddev 0.006, 0 failed
progress: 6.0 s, 8328.6 tps, lat 0.120 ms stddev 0.007, 0 failed
progress: 7.0 s, 8143.3 tps, lat 0.123 ms stddev 0.006, 0 failed
progress: 8.0 s, 8227.9 tps, lat 0.121 ms stddev 0.006, 0 failed
progress: 9.0 s, 8259.8 tps, lat 0.121 ms stddev 0.006, 0 failed
progress: 10.0 s, 8438.0 tps, lat 0.118 ms stddev 0.006, 0 failed
progress: 11.0 s, 8451.0 tps, lat 0.118 ms stddev 0.006, 0 failed
progress: 12.0 s, 8453.0 tps, lat 0.118 ms stddev 0.006, 0 failed
progress: 13.0 s, 8445.2 tps, lat 0.118 ms stddev 0.006, 0 failed
progress: 14.0 s, 8450.8 tps, lat 0.118 ms stddev 0.006, 0 failed
progress: 15.0 s, 8456.0 tps, lat 0.118 ms stddev 0.006, 0 failed
progress: 16.0 s, 8390.0 tps, lat 0.119 ms stddev 0.007, 0 failed
progress: 17.0 s, 8157.0 tps, lat 0.123 ms stddev 0.006, 0 failed
progress: 18.0 s, 8102.2 tps, lat 0.123 ms stddev 0.007, 0 failed
progress: 19.0 s, 8226.2 tps, lat 0.121 ms stddev 0.006, 0 failed
progress: 20.0 s, 8252.6 tps, lat 0.121 ms stddev 0.006, 0 failed
progress: 21.0 s, 8238.2 tps, lat 0.121 ms stddev 0.006, 0 failed
progress: 22.0 s, 8245.0 tps, lat 0.121 ms stddev 0.006, 0 failed
progress: 23.0 s, 8189.8 tps, lat 0.122 ms stddev 0.006, 0 failed
progress: 24.0 s, 8246.0 tps, lat 0.121 ms stddev 0.006, 0 failed
progress: 25.0 s, 8226.0 tps, lat 0.121 ms stddev 0.007, 0 failed
progress: 26.0 s, 8364.0 tps, lat 0.119 ms stddev 0.007, 0 failed
progress: 27.0 s, 8161.2 tps, lat 0.122 ms stddev 0.007, 0 failed
progress: 28.0 s, 8246.8 tps, lat 0.121 ms stddev 0.007, 0 failed
progress: 29.0 s, 8208.4 tps, lat 0.122 ms stddev 0.006, 0 failed
progress: 30.0 s, 8220.7 tps, lat 0.122 ms stddev 0.007, 0 failed
progress: 31.0 s, 8240.3 tps, lat 0.121 ms stddev 0.006, 0 failed
progress: 32.0 s, 8190.6 tps, lat 0.122 ms stddev 0.006, 0 failed
progress: 33.0 s, 8238.2 tps, lat 0.121 ms stddev 0.006, 0 failed
progress: 34.0 s, 8236.1 tps, lat 0.121 ms stddev 0.006, 0 failed
progress: 35.0 s, 8252.8 tps, lat 0.121 ms stddev 0.006, 0 failed
progress: 36.0 s, 8247.0 tps, lat 0.121 ms stddev 0.006, 0 failed
progress: 37.0 s, 8256.0 tps, lat 0.121 ms stddev 0.006, 0 failed
progress: 38.0 s, 8233.2 tps, lat 0.121 ms stddev 0.007, 0 failed
progress: 39.0 s, 8198.7 tps, lat 0.122 ms stddev 0.006, 0 failed
progress: 40.0 s, 8276.0 tps, lat 0.121 ms stddev 0.006, 0 failed
progress: 41.0 s, 8279.4 tps, lat 0.121 ms stddev 0.006, 0 failed
progress: 42.0 s, 8443.6 tps, lat 0.118 ms stddev 0.006, 0 failed
progress: 43.0 s, 8211.0 tps, lat 0.122 ms stddev 0.007, 0 failed
progress: 44.0 s, 8236.0 tps, lat 0.121 ms stddev 0.006, 0 failed
progress: 45.0 s, 8115.1 tps, lat 0.123 ms stddev 0.007, 0 failed
progress: 46.0 s, 8224.9 tps, lat 0.121 ms stddev 0.006, 0 failed
progress: 47.0 s, 8202.0 tps, lat 0.122 ms stddev 0.007, 0 failed
progress: 48.0 s, 8180.0 tps, lat 0.122 ms stddev 0.007, 0 failed
progress: 49.0 s, 8237.4 tps, lat 0.121 ms stddev 0.006, 0 failed
progress: 50.0 s, 8231.7 tps, lat 0.121 ms stddev 0.007, 0 failed
progress: 51.0 s, 8261.1 tps, lat 0.121 ms stddev 0.006, 0 failed
progress: 52.0 s, 8140.8 tps, lat 0.123 ms stddev 0.007, 0 failed
progress: 53.0 s, 8246.0 tps, lat 0.121 ms stddev 0.006, 0 failed
progress: 54.0 s, 8141.0 tps, lat 0.123 ms stddev 0.007, 0 failed
progress: 55.0 s, 8163.0 tps, lat 0.122 ms stddev 0.007, 0 failed
progress: 56.0 s, 8215.0 tps, lat 0.122 ms stddev 0.006, 0 failed
progress: 57.0 s, 8246.1 tps, lat 0.121 ms stddev 0.006, 0 failed
progress: 58.0 s, 8252.9 tps, lat 0.121 ms stddev 0.007, 0 failed
progress: 59.0 s, 8240.0 tps, lat 0.121 ms stddev 0.006, 0 failed
progress: 60.0 s, 8215.1 tps, lat 0.122 ms stddev 0.008, 0 failed
transaction type: star-1.sql
scaling factor: 1
query mode: prepared
number of clients: 1
number of threads: 1
maximum number of tries: 1
duration: 60 s
number of transactions actually processed: 494493
number of failed transactions: 0 (0.000%)
latency average = 0.121 ms
latency stddev = 0.009 ms
initial connection time = 1.934 ms
tps = 8241.803435 (without initial connection time)
