pgbench (18devel, server 9.6.24)
progress: 1.0 s, 94163.4 tps, lat 0.169 ms stddev 0.102, 0 failed
progress: 2.0 s, 96578.0 tps, lat 0.166 ms stddev 0.019, 0 failed
progress: 3.0 s, 95795.5 tps, lat 0.167 ms stddev 0.018, 0 failed
progress: 4.0 s, 96345.0 tps, lat 0.166 ms stddev 0.014, 0 failed
progress: 5.0 s, 95472.1 tps, lat 0.167 ms stddev 0.014, 0 failed
progress: 6.0 s, 96108.9 tps, lat 0.166 ms stddev 0.013, 0 failed
progress: 7.0 s, 96327.0 tps, lat 0.166 ms stddev 0.013, 0 failed
progress: 8.0 s, 96458.0 tps, lat 0.166 ms stddev 0.013, 0 failed
progress: 9.0 s, 96623.0 tps, lat 0.165 ms stddev 0.013, 0 failed
progress: 10.0 s, 96767.0 tps, lat 0.165 ms stddev 0.013, 0 failed
progress: 11.0 s, 97046.4 tps, lat 0.165 ms stddev 0.013, 0 failed
progress: 12.0 s, 96258.8 tps, lat 0.166 ms stddev 0.018, 0 failed
progress: 13.0 s, 97643.0 tps, lat 0.164 ms stddev 0.015, 0 failed
progress: 14.0 s, 96165.9 tps, lat 0.166 ms stddev 0.014, 0 failed
progress: 15.0 s, 96508.0 tps, lat 0.166 ms stddev 0.013, 0 failed
progress: 16.0 s, 96913.2 tps, lat 0.165 ms stddev 0.013, 0 failed
progress: 17.0 s, 95741.5 tps, lat 0.167 ms stddev 0.017, 0 failed
progress: 18.0 s, 97278.3 tps, lat 0.164 ms stddev 0.013, 0 failed
progress: 19.0 s, 97736.0 tps, lat 0.164 ms stddev 0.012, 0 failed
progress: 20.0 s, 96829.7 tps, lat 0.165 ms stddev 0.013, 0 failed
progress: 21.0 s, 97313.3 tps, lat 0.164 ms stddev 0.013, 0 failed
progress: 22.0 s, 98065.0 tps, lat 0.163 ms stddev 0.012, 0 failed
progress: 23.0 s, 97728.7 tps, lat 0.164 ms stddev 0.012, 0 failed
progress: 24.0 s, 97856.4 tps, lat 0.163 ms stddev 0.012, 0 failed
progress: 25.0 s, 98225.8 tps, lat 0.163 ms stddev 0.013, 0 failed
progress: 26.0 s, 98345.5 tps, lat 0.163 ms stddev 0.012, 0 failed
progress: 27.0 s, 98256.7 tps, lat 0.163 ms stddev 0.012, 0 failed
progress: 28.0 s, 97464.2 tps, lat 0.164 ms stddev 0.016, 0 failed
progress: 29.0 s, 98639.7 tps, lat 0.162 ms stddev 0.012, 0 failed
progress: 30.0 s, 98359.0 tps, lat 0.163 ms stddev 0.012, 0 failed
progress: 31.0 s, 98173.5 tps, lat 0.163 ms stddev 0.012, 0 failed
progress: 32.0 s, 98129.2 tps, lat 0.163 ms stddev 0.012, 0 failed
progress: 33.0 s, 97961.4 tps, lat 0.163 ms stddev 0.012, 0 failed
progress: 34.0 s, 97916.7 tps, lat 0.163 ms stddev 0.013, 0 failed
progress: 35.0 s, 98006.2 tps, lat 0.163 ms stddev 0.012, 0 failed
progress: 36.0 s, 97958.0 tps, lat 0.163 ms stddev 0.012, 0 failed
progress: 37.0 s, 97725.5 tps, lat 0.164 ms stddev 0.012, 0 failed
progress: 38.0 s, 98113.5 tps, lat 0.163 ms stddev 0.012, 0 failed
progress: 39.0 s, 98121.1 tps, lat 0.163 ms stddev 0.012, 0 failed
progress: 40.0 s, 98150.9 tps, lat 0.163 ms stddev 0.012, 0 failed
progress: 41.0 s, 97535.0 tps, lat 0.164 ms stddev 0.015, 0 failed
progress: 42.0 s, 98084.0 tps, lat 0.163 ms stddev 0.012, 0 failed
progress: 43.0 s, 97178.1 tps, lat 0.165 ms stddev 0.018, 0 failed
progress: 44.0 s, 97306.9 tps, lat 0.164 ms stddev 0.013, 0 failed
progress: 45.0 s, 97317.0 tps, lat 0.164 ms stddev 0.015, 0 failed
progress: 46.0 s, 97670.1 tps, lat 0.164 ms stddev 0.013, 0 failed
progress: 47.0 s, 97780.0 tps, lat 0.164 ms stddev 0.016, 0 failed
progress: 48.0 s, 98745.9 tps, lat 0.162 ms stddev 0.011, 0 failed
progress: 49.0 s, 98442.1 tps, lat 0.162 ms stddev 0.012, 0 failed
progress: 50.0 s, 97868.1 tps, lat 0.163 ms stddev 0.012, 0 failed
progress: 51.0 s, 97324.8 tps, lat 0.164 ms stddev 0.013, 0 failed
progress: 52.0 s, 96878.1 tps, lat 0.165 ms stddev 0.013, 0 failed
progress: 53.0 s, 96815.0 tps, lat 0.165 ms stddev 0.013, 0 failed
progress: 54.0 s, 96938.4 tps, lat 0.165 ms stddev 0.012, 0 failed
progress: 55.0 s, 96768.6 tps, lat 0.165 ms stddev 0.012, 0 failed
progress: 56.0 s, 96838.9 tps, lat 0.165 ms stddev 0.013, 0 failed
progress: 57.0 s, 96988.0 tps, lat 0.165 ms stddev 0.013, 0 failed
progress: 58.0 s, 97035.6 tps, lat 0.165 ms stddev 0.013, 0 failed
progress: 59.0 s, 96672.7 tps, lat 0.165 ms stddev 0.013, 0 failed
transaction type: star-1.sql
scaling factor: 1
query mode: prepared
number of clients: 16
number of threads: 16
maximum number of tries: 1
duration: 60 s
number of transactions actually processed: 5835649
number of failed transactions: 0 (0.000%)
latency average = 0.164 ms
latency stddev = 0.019 ms
initial connection time = 11.611 ms
tps = 97279.121355 (without initial connection time)
