pgbench (18devel, server 8.3.23)
progress: 1.0 s, 7229.6 tps, lat 8.674 ms stddev 8.324, 0 failed
progress: 2.0 s, 11213.6 tps, lat 5.708 ms stddev 4.447, 0 failed
progress: 3.0 s, 7384.9 tps, lat 8.656 ms stddev 3.298, 0 failed
progress: 4.0 s, 9967.5 tps, lat 6.452 ms stddev 4.390, 0 failed
progress: 5.0 s, 8243.7 tps, lat 7.736 ms stddev 3.951, 0 failed
progress: 6.0 s, 7491.2 tps, lat 8.544 ms stddev 3.436, 0 failed
progress: 7.0 s, 7441.6 tps, lat 8.595 ms stddev 3.356, 0 failed
progress: 8.0 s, 8944.3 tps, lat 7.152 ms stddev 4.136, 0 failed
progress: 9.0 s, 7455.9 tps, lat 8.578 ms stddev 3.215, 0 failed
progress: 10.0 s, 7565.2 tps, lat 8.463 ms stddev 3.392, 0 failed
progress: 11.0 s, 7416.8 tps, lat 8.632 ms stddev 3.314, 0 failed
progress: 12.0 s, 7694.1 tps, lat 8.319 ms stddev 3.409, 0 failed
progress: 13.0 s, 14427.9 tps, lat 4.431 ms stddev 4.217, 0 failed
progress: 14.0 s, 7688.2 tps, lat 8.334 ms stddev 3.459, 0 failed
progress: 15.0 s, 9755.8 tps, lat 6.553 ms stddev 4.364, 0 failed
progress: 16.0 s, 7115.1 tps, lat 8.999 ms stddev 3.541, 0 failed
progress: 17.0 s, 7120.7 tps, lat 8.984 ms stddev 3.565, 0 failed
progress: 18.0 s, 7550.0 tps, lat 8.479 ms stddev 3.398, 0 failed
progress: 19.0 s, 7440.7 tps, lat 8.597 ms stddev 3.249, 0 failed
progress: 20.0 s, 7426.1 tps, lat 8.620 ms stddev 3.231, 0 failed
progress: 21.0 s, 8673.5 tps, lat 7.410 ms stddev 4.016, 0 failed
progress: 22.0 s, 14778.3 tps, lat 4.309 ms stddev 4.179, 0 failed
progress: 23.0 s, 7534.1 tps, lat 8.499 ms stddev 3.321, 0 failed
progress: 24.0 s, 8198.9 tps, lat 7.807 ms stddev 3.781, 0 failed
progress: 25.0 s, 7680.1 tps, lat 8.339 ms stddev 3.393, 0 failed
progress: 26.0 s, 7554.0 tps, lat 8.464 ms stddev 3.432, 0 failed
progress: 27.0 s, 10280.7 tps, lat 6.227 ms stddev 4.356, 0 failed
progress: 28.0 s, 9189.2 tps, lat 6.962 ms stddev 4.217, 0 failed
progress: 29.0 s, 7500.7 tps, lat 8.532 ms stddev 3.237, 0 failed
progress: 30.0 s, 7466.1 tps, lat 8.577 ms stddev 3.252, 0 failed
progress: 31.0 s, 8518.2 tps, lat 7.512 ms stddev 4.047, 0 failed
progress: 32.0 s, 7469.9 tps, lat 8.568 ms stddev 3.096, 0 failed
progress: 33.0 s, 7454.3 tps, lat 8.576 ms stddev 3.337, 0 failed
progress: 34.0 s, 7485.9 tps, lat 8.551 ms stddev 3.298, 0 failed
progress: 35.0 s, 7789.9 tps, lat 8.211 ms stddev 3.723, 0 failed
progress: 36.0 s, 11003.0 tps, lat 5.824 ms stddev 4.500, 0 failed
progress: 37.0 s, 7443.2 tps, lat 8.600 ms stddev 3.212, 0 failed
progress: 38.0 s, 7552.8 tps, lat 8.465 ms stddev 3.339, 0 failed
progress: 39.0 s, 11745.4 tps, lat 5.456 ms stddev 4.359, 0 failed
progress: 40.0 s, 7859.5 tps, lat 8.133 ms stddev 3.621, 0 failed
progress: 41.0 s, 7547.5 tps, lat 8.486 ms stddev 3.479, 0 failed
progress: 42.0 s, 7471.7 tps, lat 8.558 ms stddev 3.158, 0 failed
progress: 43.0 s, 7602.1 tps, lat 8.428 ms stddev 3.114, 0 failed
progress: 44.0 s, 7435.2 tps, lat 8.595 ms stddev 3.223, 0 failed
progress: 45.0 s, 7971.4 tps, lat 8.030 ms stddev 3.684, 0 failed
progress: 46.0 s, 11140.7 tps, lat 5.769 ms stddev 4.693, 0 failed
progress: 47.0 s, 8348.0 tps, lat 7.636 ms stddev 3.846, 0 failed
progress: 48.0 s, 7660.9 tps, lat 8.354 ms stddev 3.334, 0 failed
progress: 49.0 s, 7722.8 tps, lat 8.283 ms stddev 3.329, 0 failed
progress: 50.0 s, 7542.2 tps, lat 8.490 ms stddev 3.300, 0 failed
progress: 51.0 s, 7532.9 tps, lat 8.492 ms stddev 3.315, 0 failed
progress: 52.0 s, 7559.2 tps, lat 8.471 ms stddev 3.210, 0 failed
progress: 53.0 s, 7541.0 tps, lat 8.489 ms stddev 3.372, 0 failed
progress: 54.0 s, 7591.6 tps, lat 8.418 ms stddev 3.391, 0 failed
progress: 55.0 s, 7575.4 tps, lat 8.461 ms stddev 3.275, 0 failed
progress: 56.0 s, 7643.7 tps, lat 8.366 ms stddev 3.276, 0 failed
progress: 57.0 s, 11254.1 tps, lat 5.686 ms stddev 4.402, 0 failed
progress: 58.0 s, 24254.4 tps, lat 2.639 ms stddev 3.314, 0 failed
progress: 59.0 s, 7538.5 tps, lat 8.490 ms stddev 3.359, 0 failed
transaction type: star-1.sql
scaling factor: 1
query mode: prepared
number of clients: 64
number of threads: 64
maximum number of tries: 1
duration: 60 s
number of transactions actually processed: 516114
number of failed transactions: 0 (0.000%)
latency average = 7.435 ms
latency stddev = 4.135 ms
initial connection time = 39.281 ms
tps = 8606.871903 (without initial connection time)
