pgbench (18devel, server 9.2.24)
progress: 1.0 s, 17427.8 tps, lat 1.820 ms stddev 0.609, 0 failed
progress: 2.0 s, 18038.6 tps, lat 1.773 ms stddev 0.158, 0 failed
progress: 3.0 s, 18141.6 tps, lat 1.763 ms stddev 0.108, 0 failed
progress: 4.0 s, 18093.0 tps, lat 1.768 ms stddev 0.153, 0 failed
progress: 5.0 s, 18206.0 tps, lat 1.757 ms stddev 0.100, 0 failed
progress: 6.0 s, 18211.5 tps, lat 1.756 ms stddev 0.089, 0 failed
progress: 7.0 s, 18225.0 tps, lat 1.756 ms stddev 0.108, 0 failed
progress: 8.0 s, 18075.6 tps, lat 1.770 ms stddev 0.170, 0 failed
progress: 9.0 s, 18157.1 tps, lat 1.762 ms stddev 0.146, 0 failed
progress: 10.0 s, 18292.9 tps, lat 1.749 ms stddev 0.042, 0 failed
progress: 11.0 s, 18301.1 tps, lat 1.748 ms stddev 0.042, 0 failed
progress: 12.0 s, 18134.0 tps, lat 1.764 ms stddev 0.153, 0 failed
progress: 13.0 s, 18231.9 tps, lat 1.755 ms stddev 0.112, 0 failed
progress: 14.0 s, 18050.0 tps, lat 1.772 ms stddev 0.180, 0 failed
progress: 15.0 s, 18264.9 tps, lat 1.752 ms stddev 0.079, 0 failed
progress: 16.0 s, 18280.0 tps, lat 1.749 ms stddev 0.043, 0 failed
progress: 17.0 s, 18039.1 tps, lat 1.774 ms stddev 0.178, 0 failed
progress: 18.0 s, 18188.0 tps, lat 1.759 ms stddev 0.123, 0 failed
progress: 19.0 s, 18209.0 tps, lat 1.756 ms stddev 0.106, 0 failed
progress: 20.0 s, 18290.9 tps, lat 1.749 ms stddev 0.043, 0 failed
progress: 21.0 s, 18319.1 tps, lat 1.747 ms stddev 0.041, 0 failed
progress: 22.0 s, 18296.0 tps, lat 1.749 ms stddev 0.041, 0 failed
progress: 23.0 s, 18293.9 tps, lat 1.748 ms stddev 0.041, 0 failed
progress: 24.0 s, 18326.7 tps, lat 1.746 ms stddev 0.042, 0 failed
progress: 25.0 s, 18326.3 tps, lat 1.745 ms stddev 0.040, 0 failed
progress: 26.0 s, 18319.9 tps, lat 1.746 ms stddev 0.040, 0 failed
progress: 27.0 s, 18167.1 tps, lat 1.761 ms stddev 0.129, 0 failed
progress: 28.0 s, 18285.0 tps, lat 1.749 ms stddev 0.054, 0 failed
progress: 29.0 s, 18211.9 tps, lat 1.757 ms stddev 0.106, 0 failed
progress: 30.0 s, 18307.0 tps, lat 1.748 ms stddev 0.042, 0 failed
progress: 31.0 s, 18143.1 tps, lat 1.763 ms stddev 0.139, 0 failed
progress: 32.0 s, 18280.9 tps, lat 1.750 ms stddev 0.041, 0 failed
progress: 33.0 s, 18319.1 tps, lat 1.747 ms stddev 0.042, 0 failed
progress: 34.0 s, 18321.9 tps, lat 1.746 ms stddev 0.041, 0 failed
progress: 35.0 s, 18229.1 tps, lat 1.755 ms stddev 0.101, 0 failed
progress: 36.0 s, 18260.0 tps, lat 1.752 ms stddev 0.091, 0 failed
progress: 37.0 s, 18140.9 tps, lat 1.764 ms stddev 0.155, 0 failed
progress: 38.0 s, 18211.1 tps, lat 1.756 ms stddev 0.114, 0 failed
progress: 39.0 s, 18277.0 tps, lat 1.751 ms stddev 0.097, 0 failed
progress: 40.0 s, 18312.0 tps, lat 1.747 ms stddev 0.042, 0 failed
progress: 41.0 s, 18288.9 tps, lat 1.749 ms stddev 0.075, 0 failed
progress: 42.0 s, 18331.1 tps, lat 1.745 ms stddev 0.043, 0 failed
progress: 43.0 s, 18330.9 tps, lat 1.745 ms stddev 0.042, 0 failed
progress: 44.0 s, 18324.0 tps, lat 1.746 ms stddev 0.044, 0 failed
progress: 45.0 s, 18309.0 tps, lat 1.747 ms stddev 0.066, 0 failed
progress: 46.0 s, 18268.0 tps, lat 1.751 ms stddev 0.101, 0 failed
progress: 47.0 s, 18283.0 tps, lat 1.750 ms stddev 0.099, 0 failed
progress: 48.0 s, 18202.0 tps, lat 1.758 ms stddev 0.146, 0 failed
progress: 49.0 s, 18302.1 tps, lat 1.748 ms stddev 0.077, 0 failed
progress: 50.0 s, 18324.9 tps, lat 1.746 ms stddev 0.073, 0 failed
progress: 51.0 s, 18244.0 tps, lat 1.753 ms stddev 0.116, 0 failed
progress: 52.0 s, 18359.1 tps, lat 1.742 ms stddev 0.041, 0 failed
progress: 53.0 s, 18353.0 tps, lat 1.743 ms stddev 0.041, 0 failed
progress: 54.0 s, 18346.0 tps, lat 1.744 ms stddev 0.043, 0 failed
progress: 55.0 s, 18324.9 tps, lat 1.746 ms stddev 0.045, 0 failed
progress: 56.0 s, 18278.1 tps, lat 1.751 ms stddev 0.104, 0 failed
progress: 57.0 s, 18352.0 tps, lat 1.743 ms stddev 0.042, 0 failed
progress: 58.0 s, 18348.9 tps, lat 1.744 ms stddev 0.042, 0 failed
progress: 59.0 s, 18377.4 tps, lat 1.740 ms stddev 0.042, 0 failed
transaction type: star-1.sql
scaling factor: 1
query mode: simple
number of clients: 32
number of threads: 32
maximum number of tries: 1
duration: 60 s
number of transactions actually processed: 1094324
number of failed transactions: 0 (0.000%)
latency average = 1.753 ms
latency stddev = 0.121 ms
initial connection time = 19.148 ms
tps = 18243.936504 (without initial connection time)
