pgbench (18devel)
progress: 1.0 s, 276209.9 tps, lat 0.872 ms stddev 4.801, 0 failed
progress: 2.0 s, 303423.0 tps, lat 0.843 ms stddev 0.371, 0 failed
progress: 3.0 s, 296280.1 tps, lat 0.864 ms stddev 0.377, 0 failed
progress: 4.0 s, 296445.7 tps, lat 0.863 ms stddev 0.356, 0 failed
progress: 5.0 s, 297344.0 tps, lat 0.861 ms stddev 0.337, 0 failed
progress: 6.0 s, 297721.1 tps, lat 0.860 ms stddev 0.326, 0 failed
progress: 7.0 s, 299642.7 tps, lat 0.854 ms stddev 0.340, 0 failed
progress: 8.0 s, 298467.3 tps, lat 0.857 ms stddev 0.324, 0 failed
progress: 9.0 s, 299604.9 tps, lat 0.854 ms stddev 0.332, 0 failed
progress: 10.0 s, 300353.5 tps, lat 0.852 ms stddev 0.340, 0 failed
progress: 11.0 s, 301834.7 tps, lat 0.848 ms stddev 0.350, 0 failed
progress: 12.0 s, 301533.8 tps, lat 0.849 ms stddev 0.344, 0 failed
progress: 13.0 s, 301068.4 tps, lat 0.850 ms stddev 0.337, 0 failed
progress: 14.0 s, 300267.0 tps, lat 0.852 ms stddev 0.329, 0 failed
progress: 15.0 s, 300869.5 tps, lat 0.851 ms stddev 0.334, 0 failed
progress: 16.0 s, 300657.5 tps, lat 0.851 ms stddev 0.331, 0 failed
progress: 17.0 s, 300382.0 tps, lat 0.852 ms stddev 0.326, 0 failed
progress: 18.0 s, 300619.4 tps, lat 0.851 ms stddev 0.337, 0 failed
progress: 19.0 s, 302642.2 tps, lat 0.846 ms stddev 0.356, 0 failed
progress: 20.0 s, 302063.3 tps, lat 0.847 ms stddev 0.347, 0 failed
progress: 21.0 s, 301408.8 tps, lat 0.849 ms stddev 0.340, 0 failed
progress: 22.0 s, 300455.9 tps, lat 0.852 ms stddev 0.331, 0 failed
progress: 23.0 s, 300126.9 tps, lat 0.853 ms stddev 0.332, 0 failed
progress: 24.0 s, 300226.1 tps, lat 0.852 ms stddev 0.334, 0 failed
progress: 25.0 s, 300281.7 tps, lat 0.852 ms stddev 0.333, 0 failed
progress: 26.0 s, 298970.2 tps, lat 0.856 ms stddev 0.321, 0 failed
progress: 27.0 s, 299697.0 tps, lat 0.854 ms stddev 0.328, 0 failed
progress: 28.0 s, 299572.6 tps, lat 0.854 ms stddev 0.325, 0 failed
progress: 29.0 s, 299393.7 tps, lat 0.855 ms stddev 0.325, 0 failed
progress: 30.0 s, 299338.0 tps, lat 0.855 ms stddev 0.326, 0 failed
progress: 31.0 s, 299272.9 tps, lat 0.855 ms stddev 0.326, 0 failed
progress: 32.0 s, 298961.1 tps, lat 0.856 ms stddev 0.320, 0 failed
progress: 33.0 s, 299493.0 tps, lat 0.854 ms stddev 0.324, 0 failed
progress: 34.0 s, 299244.7 tps, lat 0.855 ms stddev 0.320, 0 failed
progress: 35.0 s, 299241.8 tps, lat 0.855 ms stddev 0.319, 0 failed
progress: 36.0 s, 299402.4 tps, lat 0.855 ms stddev 0.319, 0 failed
progress: 37.0 s, 299518.9 tps, lat 0.854 ms stddev 0.320, 0 failed
progress: 38.0 s, 299461.6 tps, lat 0.854 ms stddev 0.319, 0 failed
progress: 39.0 s, 299353.0 tps, lat 0.855 ms stddev 0.326, 0 failed
progress: 40.0 s, 300378.6 tps, lat 0.852 ms stddev 0.332, 0 failed
progress: 41.0 s, 299716.7 tps, lat 0.854 ms stddev 0.324, 0 failed
progress: 42.0 s, 299416.5 tps, lat 0.855 ms stddev 0.317, 0 failed
progress: 43.0 s, 298856.2 tps, lat 0.856 ms stddev 0.313, 0 failed
progress: 44.0 s, 299481.6 tps, lat 0.854 ms stddev 0.322, 0 failed
progress: 45.0 s, 299111.1 tps, lat 0.856 ms stddev 0.319, 0 failed
progress: 46.0 s, 298609.6 tps, lat 0.857 ms stddev 0.314, 0 failed
progress: 47.0 s, 298096.1 tps, lat 0.858 ms stddev 0.308, 0 failed
progress: 48.0 s, 298090.2 tps, lat 0.858 ms stddev 0.306, 0 failed
progress: 49.0 s, 298329.0 tps, lat 0.858 ms stddev 0.309, 0 failed
progress: 50.0 s, 298462.3 tps, lat 0.857 ms stddev 0.309, 0 failed
progress: 51.0 s, 298362.8 tps, lat 0.858 ms stddev 0.309, 0 failed
progress: 52.0 s, 298081.9 tps, lat 0.858 ms stddev 0.308, 0 failed
progress: 53.0 s, 297598.7 tps, lat 0.860 ms stddev 0.302, 0 failed
progress: 54.0 s, 297329.3 tps, lat 0.861 ms stddev 0.306, 0 failed
progress: 55.0 s, 297315.4 tps, lat 0.861 ms stddev 0.303, 0 failed
progress: 56.0 s, 296867.9 tps, lat 0.862 ms stddev 0.296, 0 failed
progress: 57.0 s, 296456.7 tps, lat 0.863 ms stddev 0.294, 0 failed
progress: 58.0 s, 297244.1 tps, lat 0.861 ms stddev 0.303, 0 failed
progress: 59.0 s, 296902.1 tps, lat 0.862 ms stddev 0.298, 0 failed
transaction type: star-1.sql
scaling factor: 1
query mode: prepared
number of clients: 256
number of threads: 256
maximum number of tries: 1
duration: 60 s
number of transactions actually processed: 17900886
number of failed transactions: 0 (0.000%)
latency average = 0.855 ms
latency stddev = 0.679 ms
initial connection time = 163.364 ms
tps = 298857.951666 (without initial connection time)
