pgbench (18devel)
progress: 1.0 s, 226310.2 tps, lat 0.140 ms stddev 0.080, 0 failed
progress: 2.0 s, 239819.9 tps, lat 0.133 ms stddev 0.011, 0 failed
progress: 3.0 s, 235927.3 tps, lat 0.135 ms stddev 0.016, 0 failed
progress: 4.0 s, 235579.2 tps, lat 0.136 ms stddev 0.015, 0 failed
progress: 5.0 s, 235598.4 tps, lat 0.136 ms stddev 0.015, 0 failed
progress: 6.0 s, 237907.6 tps, lat 0.134 ms stddev 0.013, 0 failed
progress: 7.0 s, 237454.9 tps, lat 0.135 ms stddev 0.016, 0 failed
progress: 8.0 s, 238636.7 tps, lat 0.134 ms stddev 0.012, 0 failed
progress: 9.0 s, 236451.3 tps, lat 0.135 ms stddev 0.014, 0 failed
progress: 10.0 s, 238339.6 tps, lat 0.134 ms stddev 0.012, 0 failed
progress: 11.0 s, 235964.8 tps, lat 0.135 ms stddev 0.014, 0 failed
progress: 12.0 s, 238468.0 tps, lat 0.134 ms stddev 0.011, 0 failed
progress: 13.0 s, 239653.8 tps, lat 0.133 ms stddev 0.011, 0 failed
progress: 14.0 s, 236718.2 tps, lat 0.135 ms stddev 0.013, 0 failed
progress: 15.0 s, 239072.2 tps, lat 0.134 ms stddev 0.012, 0 failed
progress: 16.0 s, 238825.2 tps, lat 0.134 ms stddev 0.011, 0 failed
progress: 17.0 s, 237942.6 tps, lat 0.134 ms stddev 0.012, 0 failed
progress: 18.0 s, 240145.6 tps, lat 0.133 ms stddev 0.011, 0 failed
progress: 19.0 s, 237644.7 tps, lat 0.134 ms stddev 0.012, 0 failed
progress: 20.0 s, 240550.3 tps, lat 0.133 ms stddev 0.010, 0 failed
progress: 21.0 s, 235753.1 tps, lat 0.136 ms stddev 0.012, 0 failed
progress: 22.0 s, 237609.2 tps, lat 0.135 ms stddev 0.010, 0 failed
progress: 23.0 s, 237679.0 tps, lat 0.134 ms stddev 0.013, 0 failed
progress: 24.0 s, 239083.8 tps, lat 0.134 ms stddev 0.012, 0 failed
progress: 25.0 s, 240143.4 tps, lat 0.133 ms stddev 0.009, 0 failed
progress: 26.0 s, 238239.8 tps, lat 0.134 ms stddev 0.010, 0 failed
progress: 27.0 s, 237027.0 tps, lat 0.135 ms stddev 0.013, 0 failed
progress: 28.0 s, 239264.4 tps, lat 0.134 ms stddev 0.010, 0 failed
progress: 29.0 s, 238426.4 tps, lat 0.134 ms stddev 0.011, 0 failed
progress: 30.0 s, 237857.6 tps, lat 0.134 ms stddev 0.011, 0 failed
progress: 31.0 s, 238893.9 tps, lat 0.134 ms stddev 0.011, 0 failed
progress: 32.0 s, 238681.8 tps, lat 0.134 ms stddev 0.011, 0 failed
progress: 33.0 s, 240659.7 tps, lat 0.133 ms stddev 0.011, 0 failed
progress: 34.0 s, 241279.8 tps, lat 0.132 ms stddev 0.008, 0 failed
progress: 35.0 s, 242450.2 tps, lat 0.132 ms stddev 0.007, 0 failed
progress: 36.0 s, 237775.2 tps, lat 0.134 ms stddev 0.013, 0 failed
progress: 37.0 s, 239790.6 tps, lat 0.133 ms stddev 0.010, 0 failed
progress: 38.0 s, 240016.4 tps, lat 0.133 ms stddev 0.009, 0 failed
progress: 39.0 s, 238544.0 tps, lat 0.134 ms stddev 0.011, 0 failed
progress: 40.0 s, 235973.7 tps, lat 0.135 ms stddev 0.014, 0 failed
progress: 41.0 s, 235953.8 tps, lat 0.135 ms stddev 0.012, 0 failed
progress: 42.0 s, 236912.6 tps, lat 0.135 ms stddev 0.014, 0 failed
progress: 43.0 s, 238087.7 tps, lat 0.134 ms stddev 0.012, 0 failed
progress: 44.0 s, 238703.0 tps, lat 0.134 ms stddev 0.014, 0 failed
progress: 45.0 s, 239221.1 tps, lat 0.134 ms stddev 0.012, 0 failed
progress: 46.0 s, 238887.6 tps, lat 0.134 ms stddev 0.011, 0 failed
progress: 47.0 s, 239390.1 tps, lat 0.134 ms stddev 0.013, 0 failed
progress: 48.0 s, 238734.2 tps, lat 0.134 ms stddev 0.012, 0 failed
progress: 49.0 s, 242059.0 tps, lat 0.132 ms stddev 0.008, 0 failed
progress: 50.0 s, 239446.9 tps, lat 0.133 ms stddev 0.012, 0 failed
progress: 51.0 s, 241769.7 tps, lat 0.132 ms stddev 0.009, 0 failed
progress: 52.0 s, 241276.6 tps, lat 0.132 ms stddev 0.009, 0 failed
progress: 53.0 s, 237833.5 tps, lat 0.134 ms stddev 0.013, 0 failed
progress: 54.0 s, 241549.0 tps, lat 0.132 ms stddev 0.012, 0 failed
progress: 55.0 s, 238987.5 tps, lat 0.134 ms stddev 0.013, 0 failed
progress: 56.0 s, 240335.9 tps, lat 0.133 ms stddev 0.012, 0 failed
progress: 57.0 s, 242541.7 tps, lat 0.132 ms stddev 0.008, 0 failed
progress: 58.0 s, 237309.8 tps, lat 0.135 ms stddev 0.011, 0 failed
progress: 59.0 s, 237856.2 tps, lat 0.134 ms stddev 0.013, 0 failed
transaction type: star-1.sql
scaling factor: 1
query mode: prepared
number of clients: 32
number of threads: 32
maximum number of tries: 1
duration: 60 s
number of transactions actually processed: 14307419
number of failed transactions: 0 (0.000%)
latency average = 0.134 ms
latency stddev = 0.015 ms
initial connection time = 22.428 ms
tps = 238543.682035 (without initial connection time)
