pgbench (18devel, server 9.6.24)
progress: 1.0 s, 17462.0 tps, lat 3.609 ms stddev 1.583, 0 failed
progress: 2.0 s, 18146.8 tps, lat 3.524 ms stddev 1.007, 0 failed
progress: 3.0 s, 17563.2 tps, lat 3.643 ms stddev 1.033, 0 failed
progress: 4.0 s, 17499.4 tps, lat 3.658 ms stddev 1.054, 0 failed
progress: 5.0 s, 17433.6 tps, lat 3.670 ms stddev 1.052, 0 failed
progress: 6.0 s, 17381.9 tps, lat 3.681 ms stddev 1.043, 0 failed
progress: 7.0 s, 17444.0 tps, lat 3.670 ms stddev 1.051, 0 failed
progress: 8.0 s, 17243.0 tps, lat 3.710 ms stddev 1.043, 0 failed
progress: 9.0 s, 17558.0 tps, lat 3.645 ms stddev 1.063, 0 failed
progress: 10.0 s, 17306.9 tps, lat 3.698 ms stddev 1.047, 0 failed
progress: 11.0 s, 17379.1 tps, lat 3.681 ms stddev 1.047, 0 failed
progress: 12.0 s, 17598.0 tps, lat 3.637 ms stddev 1.062, 0 failed
progress: 13.0 s, 17457.0 tps, lat 3.666 ms stddev 1.052, 0 failed
progress: 14.0 s, 17446.9 tps, lat 3.667 ms stddev 1.055, 0 failed
progress: 15.0 s, 17369.1 tps, lat 3.686 ms stddev 1.050, 0 failed
progress: 16.0 s, 17454.0 tps, lat 3.666 ms stddev 1.053, 0 failed
progress: 17.0 s, 17626.0 tps, lat 3.630 ms stddev 1.061, 0 failed
progress: 18.0 s, 17312.0 tps, lat 3.697 ms stddev 1.046, 0 failed
progress: 19.0 s, 17225.0 tps, lat 3.715 ms stddev 1.061, 0 failed
progress: 20.0 s, 17314.0 tps, lat 3.697 ms stddev 1.061, 0 failed
progress: 21.0 s, 17182.0 tps, lat 3.724 ms stddev 1.043, 0 failed
progress: 22.0 s, 17391.2 tps, lat 3.679 ms stddev 1.059, 0 failed
progress: 23.0 s, 17324.4 tps, lat 3.693 ms stddev 1.054, 0 failed
progress: 24.0 s, 17227.6 tps, lat 3.717 ms stddev 1.050, 0 failed
progress: 25.0 s, 17226.6 tps, lat 3.714 ms stddev 1.045, 0 failed
progress: 26.0 s, 17480.3 tps, lat 3.660 ms stddev 1.065, 0 failed
progress: 27.0 s, 17358.7 tps, lat 3.686 ms stddev 1.055, 0 failed
progress: 28.0 s, 17299.4 tps, lat 3.701 ms stddev 1.057, 0 failed
progress: 29.0 s, 17240.9 tps, lat 3.712 ms stddev 1.054, 0 failed
progress: 30.0 s, 17219.0 tps, lat 3.717 ms stddev 1.056, 0 failed
progress: 31.0 s, 17277.0 tps, lat 3.703 ms stddev 1.058, 0 failed
progress: 32.0 s, 17511.1 tps, lat 3.654 ms stddev 1.072, 0 failed
progress: 33.0 s, 17409.0 tps, lat 3.676 ms stddev 1.062, 0 failed
progress: 34.0 s, 17313.9 tps, lat 3.696 ms stddev 1.054, 0 failed
progress: 35.0 s, 17313.0 tps, lat 3.697 ms stddev 1.054, 0 failed
progress: 36.0 s, 17413.0 tps, lat 3.675 ms stddev 1.063, 0 failed
progress: 37.0 s, 17189.0 tps, lat 3.723 ms stddev 1.052, 0 failed
progress: 38.0 s, 17321.0 tps, lat 3.694 ms stddev 1.056, 0 failed
progress: 39.0 s, 17234.4 tps, lat 3.714 ms stddev 1.051, 0 failed
progress: 40.0 s, 17276.7 tps, lat 3.703 ms stddev 1.053, 0 failed
progress: 41.0 s, 17388.4 tps, lat 3.680 ms stddev 1.063, 0 failed
progress: 42.0 s, 17220.7 tps, lat 3.716 ms stddev 1.053, 0 failed
progress: 43.0 s, 17596.9 tps, lat 3.637 ms stddev 1.075, 0 failed
progress: 44.0 s, 17378.9 tps, lat 3.683 ms stddev 1.071, 0 failed
progress: 45.0 s, 17197.1 tps, lat 3.721 ms stddev 1.059, 0 failed
progress: 46.0 s, 17342.4 tps, lat 3.691 ms stddev 1.063, 0 failed
progress: 47.0 s, 17332.6 tps, lat 3.692 ms stddev 1.061, 0 failed
progress: 48.0 s, 17410.0 tps, lat 3.673 ms stddev 1.073, 0 failed
progress: 49.0 s, 17335.1 tps, lat 3.691 ms stddev 1.060, 0 failed
progress: 50.0 s, 17333.9 tps, lat 3.694 ms stddev 1.057, 0 failed
progress: 51.0 s, 17322.0 tps, lat 3.694 ms stddev 1.065, 0 failed
progress: 52.0 s, 17163.1 tps, lat 3.729 ms stddev 1.059, 0 failed
progress: 53.0 s, 17433.8 tps, lat 3.670 ms stddev 1.075, 0 failed
progress: 54.0 s, 17415.2 tps, lat 3.675 ms stddev 1.069, 0 failed
progress: 55.0 s, 17373.9 tps, lat 3.683 ms stddev 1.067, 0 failed
progress: 56.0 s, 17393.1 tps, lat 3.680 ms stddev 1.066, 0 failed
progress: 57.0 s, 17372.0 tps, lat 3.682 ms stddev 1.065, 0 failed
progress: 58.0 s, 17585.9 tps, lat 3.639 ms stddev 1.068, 0 failed
progress: 59.0 s, 17294.0 tps, lat 3.700 ms stddev 1.067, 0 failed
transaction type: star-1-left.sql
scaling factor: 1
query mode: simple
number of clients: 64
number of threads: 64
maximum number of tries: 1
duration: 60 s
number of transactions actually processed: 1042227
number of failed transactions: 0 (0.000%)
latency average = 3.682 ms
latency stddev = 1.068 ms
initial connection time = 39.905 ms
tps = 17380.454769 (without initial connection time)
