set max_parallel_maintenance_workers = 4;
ERROR:  unrecognized configuration parameter "max_parallel_maintenance_workers"
set max_parallel_workers_per_gather = 4;
SET
Timing is on.
Timing is on.
BEGIN;
BEGIN
Time: 0.120 ms
CREATE TABLE PART (
	P_PARTKEY		SERIAL,
	P_NAME			VARCHAR(55),
	P_MFGR			CHAR(25),
	P_BRAND			CHAR(10),
	P_TYPE			VARCHAR(25),
	P_SIZE			INTEGER,
	P_CONTAINER		CHAR(10),
	P_RETAILPRICE	DECIMAL,
	P_COMMENT		VARCHAR(23)
);
CREATE TABLE
Time: 4.353 ms
CREATE TABLE SUPPLIER (
	S_SUPPKEY		SERIAL,
	S_NAME			CHAR(25),
	S_ADDRESS		VARCHAR(40),
	S_NATIONKEY		INTEGER NOT NULL, -- references N_NATIONKEY
	S_PHONE			CHAR(15),
	S_ACCTBAL		DECIMAL,
	S_COMMENT		VARCHAR(101)
);
CREATE TABLE
Time: 2.388 ms
CREATE TABLE PARTSUPP (
	PS_PARTKEY		INTEGER NOT NULL, -- references P_PARTKEY
	PS_SUPPKEY		INTEGER NOT NULL, -- references S_SUPPKEY
	PS_AVAILQTY		INTEGER,
	PS_SUPPLYCOST	DECIMAL,
	PS_COMMENT		VARCHAR(199)
);
CREATE TABLE
Time: 1.439 ms
CREATE TABLE CUSTOMER (
	C_CUSTKEY		SERIAL,
	C_NAME			VARCHAR(25),
	C_ADDRESS		VARCHAR(40),
	C_NATIONKEY		INTEGER NOT NULL, -- references N_NATIONKEY
	C_PHONE			CHAR(15),
	C_ACCTBAL		DECIMAL,
	C_MKTSEGMENT	CHAR(10),
	C_COMMENT		VARCHAR(117)
);
CREATE TABLE
Time: 1.979 ms
CREATE TABLE ORDERS (
	O_ORDERKEY		SERIAL,
	O_CUSTKEY		INTEGER NOT NULL, -- references C_CUSTKEY
	O_ORDERSTATUS	CHAR(1),
	O_TOTALPRICE	DECIMAL,
	O_ORDERDATE		DATE,
	O_ORDERPRIORITY	CHAR(15),
	O_CLERK			CHAR(15),
	O_SHIPPRIORITY	INTEGER,
	O_COMMENT		VARCHAR(79)
);
CREATE TABLE
Time: 1.882 ms
CREATE TABLE LINEITEM (
	L_ORDERKEY		INTEGER NOT NULL, -- references O_ORDERKEY
	L_PARTKEY		INTEGER NOT NULL, -- references P_PARTKEY (compound fk to PARTSUPP)
	L_SUPPKEY		INTEGER NOT NULL, -- references S_SUPPKEY (compound fk to PARTSUPP)
	L_LINENUMBER	INTEGER,
	L_QUANTITY		DECIMAL,
	L_EXTENDEDPRICE	DECIMAL,
	L_DISCOUNT		DECIMAL,
	L_TAX			DECIMAL,
	L_RETURNFLAG	CHAR(1),
	L_LINESTATUS	CHAR(1),
	L_SHIPDATE		DATE,
	L_COMMITDATE	DATE,
	L_RECEIPTDATE	DATE,
	L_SHIPINSTRUCT	CHAR(25),
	L_SHIPMODE		CHAR(10),
	L_COMMENT		VARCHAR(44)
);
CREATE TABLE
Time: 1.602 ms
CREATE TABLE NATION (
	N_NATIONKEY		SERIAL,
	N_NAME			CHAR(25),
	N_REGIONKEY		INTEGER NOT NULL,  -- references R_REGIONKEY
	N_COMMENT		VARCHAR(152)
);
CREATE TABLE
Time: 0.660 ms
CREATE TABLE REGION (
	R_REGIONKEY	SERIAL,
	R_NAME		CHAR(25),
	R_COMMENT	VARCHAR(152)
);
CREATE TABLE
Time: 0.724 ms
COPY part FROM '/mnt/data/tpch/1/part.csv' WITH (FORMAT csv, DELIMITER '|');
COPY 200000
Time: 410.399 ms
COPY region FROM '/mnt/data/tpch/1/region.csv' WITH (FORMAT csv, DELIMITER '|');
COPY 5
Time: 0.536 ms
COPY nation FROM '/mnt/data/tpch/1/nation.csv' WITH (FORMAT csv, DELIMITER '|');
COPY 25
Time: 0.486 ms
COPY supplier FROM '/mnt/data/tpch/1/supplier.csv' WITH (FORMAT csv, DELIMITER '|');
COPY 10000
Time: 20.471 ms
COPY customer FROM '/mnt/data/tpch/1/customer.csv' WITH (FORMAT csv, DELIMITER '|');
COPY 150000
Time: 392.153 ms
COPY partsupp FROM '/mnt/data/tpch/1/partsupp.csv' WITH (FORMAT csv, DELIMITER '|');
COPY 800000
Time: 1717.259 ms (00:01.717)
COPY orders FROM '/mnt/data/tpch/1/orders.csv' WITH (FORMAT csv, DELIMITER '|');
COPY 1500000
Time: 3415.720 ms (00:03.416)
COPY lineitem FROM '/mnt/data/tpch/1/lineitem.csv' WITH (FORMAT csv, DELIMITER '|');
COPY 6001215
Time: 19895.774 ms (00:19.896)
ALTER TABLE lineitem ALTER l_orderkey SET (n_distinct = -0.25);
ALTER TABLE
Time: 0.236 ms
COMMIT;
COMMIT
Time: 6.861 ms
VACUUM ANALYZE;
VACUUM
Time: 2902.280 ms (00:02.902)
ALTER TABLE PART ADD PRIMARY KEY (P_PARTKEY);
ALTER TABLE
Time: 64.880 ms
ALTER TABLE SUPPLIER ADD PRIMARY KEY (S_SUPPKEY);
ALTER TABLE
Time: 5.943 ms
ALTER TABLE PARTSUPP ADD PRIMARY KEY (PS_PARTKEY, PS_SUPPKEY);
ALTER TABLE
Time: 434.075 ms
ALTER TABLE CUSTOMER ADD PRIMARY KEY (C_CUSTKEY);
ALTER TABLE
Time: 50.398 ms
ALTER TABLE ORDERS ADD PRIMARY KEY (O_ORDERKEY);
ALTER TABLE
Time: 667.571 ms
ALTER TABLE LINEITEM ADD PRIMARY KEY (L_ORDERKEY, L_LINENUMBER);
ALTER TABLE
Time: 2940.620 ms (00:02.941)
ALTER TABLE NATION ADD PRIMARY KEY (N_NATIONKEY);
ALTER TABLE
Time: 2.338 ms
ALTER TABLE REGION ADD PRIMARY KEY (R_REGIONKEY);
ALTER TABLE
Time: 2.181 ms
CREATE INDEX IDX_SUPPLIER_NATION_KEY ON SUPPLIER (S_NATIONKEY);
CREATE INDEX
Time: 7.836 ms
CREATE INDEX IDX_PARTSUPP_PARTKEY ON PARTSUPP (PS_PARTKEY);
CREATE INDEX
Time: 241.429 ms
CREATE INDEX IDX_PARTSUPP_SUPPKEY ON PARTSUPP (PS_SUPPKEY);
CREATE INDEX
Time: 473.905 ms
CREATE INDEX IDX_CUSTOMER_NATIONKEY ON CUSTOMER (C_NATIONKEY);
CREATE INDEX
Time: 82.018 ms
CREATE INDEX IDX_ORDERS_CUSTKEY ON ORDERS (O_CUSTKEY);
CREATE INDEX
Time: 975.210 ms
CREATE INDEX IDX_LINEITEM_ORDERKEY ON LINEITEM (L_ORDERKEY);
CREATE INDEX
Time: 2339.336 ms (00:02.339)
CREATE INDEX IDX_LINEITEM_PART_SUPP ON LINEITEM (L_PARTKEY,L_SUPPKEY);
CREATE INDEX
Time: 4572.370 ms (00:04.572)
CREATE INDEX IDX_NATION_REGIONKEY ON NATION (N_REGIONKEY);
CREATE INDEX
Time: 1.977 ms
CREATE INDEX IDX_LINEITEM_SHIPDATE ON LINEITEM (L_SHIPDATE, L_DISCOUNT, L_QUANTITY);
CREATE INDEX
Time: 11488.645 ms (00:11.489)
CREATE INDEX IDX_ORDERS_ORDERDATE ON ORDERS (O_ORDERDATE);
CREATE INDEX
Time: 1018.951 ms (00:01.019)
VACUUM FREEZE;
VACUUM
Time: 3150.563 ms (00:03.151)
VACUUM ANALYZE;
VACUUM
Time: 1684.016 ms (00:01.684)
