set max_parallel_maintenance_workers = 4;
ERROR:  unrecognized configuration parameter "max_parallel_maintenance_workers"
set max_parallel_workers_per_gather = 4;
SET
Timing is on.
Timing is on.
BEGIN;
BEGIN
Time: 0.128 ms
CREATE TABLE PART (
	P_PARTKEY		SERIAL,
	P_NAME			VARCHAR(55),
	P_MFGR			CHAR(25),
	P_BRAND			CHAR(10),
	P_TYPE			VARCHAR(25),
	P_SIZE			INTEGER,
	P_CONTAINER		CHAR(10),
	P_RETAILPRICE	DECIMAL,
	P_COMMENT		VARCHAR(23)
);
CREATE TABLE
Time: 5.191 ms
CREATE TABLE SUPPLIER (
	S_SUPPKEY		SERIAL,
	S_NAME			CHAR(25),
	S_ADDRESS		VARCHAR(40),
	S_NATIONKEY		INTEGER NOT NULL, -- references N_NATIONKEY
	S_PHONE			CHAR(15),
	S_ACCTBAL		DECIMAL,
	S_COMMENT		VARCHAR(101)
);
CREATE TABLE
Time: 2.463 ms
CREATE TABLE PARTSUPP (
	PS_PARTKEY		INTEGER NOT NULL, -- references P_PARTKEY
	PS_SUPPKEY		INTEGER NOT NULL, -- references S_SUPPKEY
	PS_AVAILQTY		INTEGER,
	PS_SUPPLYCOST	DECIMAL,
	PS_COMMENT		VARCHAR(199)
);
CREATE TABLE
Time: 1.963 ms
CREATE TABLE CUSTOMER (
	C_CUSTKEY		SERIAL,
	C_NAME			VARCHAR(25),
	C_ADDRESS		VARCHAR(40),
	C_NATIONKEY		INTEGER NOT NULL, -- references N_NATIONKEY
	C_PHONE			CHAR(15),
	C_ACCTBAL		DECIMAL,
	C_MKTSEGMENT	CHAR(10),
	C_COMMENT		VARCHAR(117)
);
CREATE TABLE
Time: 2.453 ms
CREATE TABLE ORDERS (
	O_ORDERKEY		SERIAL,
	O_CUSTKEY		INTEGER NOT NULL, -- references C_CUSTKEY
	O_ORDERSTATUS	CHAR(1),
	O_TOTALPRICE	DECIMAL,
	O_ORDERDATE		DATE,
	O_ORDERPRIORITY	CHAR(15),
	O_CLERK			CHAR(15),
	O_SHIPPRIORITY	INTEGER,
	O_COMMENT		VARCHAR(79)
);
CREATE TABLE
Time: 2.080 ms
CREATE TABLE LINEITEM (
	L_ORDERKEY		INTEGER NOT NULL, -- references O_ORDERKEY
	L_PARTKEY		INTEGER NOT NULL, -- references P_PARTKEY (compound fk to PARTSUPP)
	L_SUPPKEY		INTEGER NOT NULL, -- references S_SUPPKEY (compound fk to PARTSUPP)
	L_LINENUMBER	INTEGER,
	L_QUANTITY		DECIMAL,
	L_EXTENDEDPRICE	DECIMAL,
	L_DISCOUNT		DECIMAL,
	L_TAX			DECIMAL,
	L_RETURNFLAG	CHAR(1),
	L_LINESTATUS	CHAR(1),
	L_SHIPDATE		DATE,
	L_COMMITDATE	DATE,
	L_RECEIPTDATE	DATE,
	L_SHIPINSTRUCT	CHAR(25),
	L_SHIPMODE		CHAR(10),
	L_COMMENT		VARCHAR(44)
);
CREATE TABLE
Time: 2.066 ms
CREATE TABLE NATION (
	N_NATIONKEY		SERIAL,
	N_NAME			CHAR(25),
	N_REGIONKEY		INTEGER NOT NULL,  -- references R_REGIONKEY
	N_COMMENT		VARCHAR(152)
);
CREATE TABLE
Time: 0.744 ms
CREATE TABLE REGION (
	R_REGIONKEY	SERIAL,
	R_NAME		CHAR(25),
	R_COMMENT	VARCHAR(152)
);
CREATE TABLE
Time: 0.837 ms
COPY part FROM '/mnt/data/tpch/10/part.csv' WITH (FORMAT csv, DELIMITER '|');
COPY 2000000
Time: 4484.705 ms (00:04.485)
COPY region FROM '/mnt/data/tpch/10/region.csv' WITH (FORMAT csv, DELIMITER '|');
COPY 5
Time: 0.618 ms
COPY nation FROM '/mnt/data/tpch/10/nation.csv' WITH (FORMAT csv, DELIMITER '|');
COPY 25
Time: 0.585 ms
COPY supplier FROM '/mnt/data/tpch/10/supplier.csv' WITH (FORMAT csv, DELIMITER '|');
COPY 100000
Time: 232.584 ms
COPY customer FROM '/mnt/data/tpch/10/customer.csv' WITH (FORMAT csv, DELIMITER '|');
COPY 1500000
Time: 3774.709 ms (00:03.775)
COPY partsupp FROM '/mnt/data/tpch/10/partsupp.csv' WITH (FORMAT csv, DELIMITER '|');
COPY 8000000
Time: 17959.767 ms (00:17.960)
COPY orders FROM '/mnt/data/tpch/10/orders.csv' WITH (FORMAT csv, DELIMITER '|');
COPY 15000000
Time: 36683.602 ms (00:36.684)
COPY lineitem FROM '/mnt/data/tpch/10/lineitem.csv' WITH (FORMAT csv, DELIMITER '|');
COPY 59986052
Time: 207114.670 ms (03:27.115)
ALTER TABLE lineitem ALTER l_orderkey SET (n_distinct = -0.25);
ALTER TABLE
Time: 0.251 ms
COMMIT;
COMMIT
Time: 4.035 ms
VACUUM ANALYZE;
VACUUM
Time: 30420.710 ms (00:30.421)
ALTER TABLE PART ADD PRIMARY KEY (P_PARTKEY);
ALTER TABLE
Time: 1175.176 ms (00:01.175)
ALTER TABLE SUPPLIER ADD PRIMARY KEY (S_SUPPKEY);
ALTER TABLE
Time: 40.315 ms
ALTER TABLE PARTSUPP ADD PRIMARY KEY (PS_PARTKEY, PS_SUPPKEY);
ALTER TABLE
Time: 5223.445 ms (00:05.223)
ALTER TABLE CUSTOMER ADD PRIMARY KEY (C_CUSTKEY);
ALTER TABLE
Time: 822.071 ms
ALTER TABLE ORDERS ADD PRIMARY KEY (O_ORDERKEY);
ALTER TABLE
Time: 6730.841 ms (00:06.731)
ALTER TABLE LINEITEM ADD PRIMARY KEY (L_ORDERKEY, L_LINENUMBER);
ALTER TABLE
Time: 36808.585 ms (00:36.809)
ALTER TABLE NATION ADD PRIMARY KEY (N_NATIONKEY);
ALTER TABLE
Time: 2.767 ms
ALTER TABLE REGION ADD PRIMARY KEY (R_REGIONKEY);
ALTER TABLE
Time: 2.656 ms
CREATE INDEX IDX_SUPPLIER_NATION_KEY ON SUPPLIER (S_NATIONKEY);
CREATE INDEX
Time: 55.294 ms
CREATE INDEX IDX_PARTSUPP_PARTKEY ON PARTSUPP (PS_PARTKEY);
CREATE INDEX
Time: 3676.663 ms (00:03.677)
CREATE INDEX IDX_PARTSUPP_SUPPKEY ON PARTSUPP (PS_SUPPKEY);
CREATE INDEX
Time: 5006.421 ms (00:05.006)
CREATE INDEX IDX_CUSTOMER_NATIONKEY ON CUSTOMER (C_NATIONKEY);
CREATE INDEX
Time: 1124.203 ms (00:01.124)
CREATE INDEX IDX_ORDERS_CUSTKEY ON ORDERS (O_CUSTKEY);
CREATE INDEX
Time: 11050.879 ms (00:11.051)
CREATE INDEX IDX_LINEITEM_ORDERKEY ON LINEITEM (L_ORDERKEY);
CREATE INDEX
Time: 27190.305 ms (00:27.190)
CREATE INDEX IDX_LINEITEM_PART_SUPP ON LINEITEM (L_PARTKEY,L_SUPPKEY);
CREATE INDEX
Time: 49058.918 ms (00:49.059)
CREATE INDEX IDX_NATION_REGIONKEY ON NATION (N_REGIONKEY);
CREATE INDEX
Time: 4.408 ms
CREATE INDEX IDX_LINEITEM_SHIPDATE ON LINEITEM (L_SHIPDATE, L_DISCOUNT, L_QUANTITY);
CREATE INDEX
Time: 153712.208 ms (02:33.712)
CREATE INDEX IDX_ORDERS_ORDERDATE ON ORDERS (O_ORDERDATE);
CREATE INDEX
Time: 11452.642 ms (00:11.453)
VACUUM FREEZE;
VACUUM
Time: 67480.666 ms (01:07.481)
VACUUM ANALYZE;
VACUUM
Time: 15966.353 ms (00:15.966)
