2024-10-13 10:10:02.310 CEST [2478302] LOG:  starting PostgreSQL 13.16 on x86_64-pc-linux-gnu, compiled by gcc (Debian 12.2.0-14) 12.2.0, 64-bit
2024-10-13 10:10:02.311 CEST [2478302] LOG:  listening on IPv6 address "::1", port 5432
2024-10-13 10:10:02.311 CEST [2478302] LOG:  listening on IPv4 address "127.0.0.1", port 5432
2024-10-13 10:10:02.314 CEST [2478302] LOG:  listening on Unix socket "/tmp/.s.PGSQL.5432"
2024-10-13 10:10:02.316 CEST [2478303] LOG:  database system was shut down at 2024-10-13 10:10:02 CEST
2024-10-13 10:10:02.319 CEST [2478302] LOG:  database system is ready to accept connections
2024-10-13 10:14:34.399 CEST [2478326] ERROR:  canceling autovacuum task
2024-10-13 10:14:34.399 CEST [2478326] CONTEXT:  while scanning block 5253 of relation "public.customer"
	automatic vacuum of table "test.public.customer"
2024-10-13 10:14:36.135 CEST [2478326] ERROR:  canceling autovacuum task
2024-10-13 10:14:36.135 CEST [2478326] CONTEXT:  while scanning block 5044 of relation "public.orders"
	automatic vacuum of table "test.public.orders"
2024-10-13 10:14:40.916 CEST [2478326] ERROR:  canceling autovacuum task
2024-10-13 10:14:40.916 CEST [2478326] CONTEXT:  while scanning block 14045 of relation "public.lineitem"
	automatic vacuum of table "test.public.lineitem"
2024-10-13 10:19:38.201 CEST [2478302] LOG:  received fast shutdown request
2024-10-13 10:19:38.202 CEST [2478302] LOG:  aborting any active transactions
2024-10-13 10:19:38.203 CEST [2478302] LOG:  background worker "logical replication launcher" (PID 2478309) exited with exit code 1
2024-10-13 10:19:38.213 CEST [2478304] LOG:  shutting down
2024-10-13 10:19:41.457 CEST [2478302] LOG:  database system is shut down
