2024-10-12 05:52:00.248 CEST [2443005] LOG:  starting PostgreSQL 13.16 on x86_64-pc-linux-gnu, compiled by gcc (Debian 12.2.0-14) 12.2.0, 64-bit
2024-10-12 05:52:00.249 CEST [2443005] LOG:  listening on IPv6 address "::1", port 5432
2024-10-12 05:52:00.249 CEST [2443005] LOG:  listening on IPv4 address "127.0.0.1", port 5432
2024-10-12 05:52:00.251 CEST [2443005] LOG:  listening on Unix socket "/tmp/.s.PGSQL.5432"
2024-10-12 05:52:00.254 CEST [2443006] LOG:  database system was shut down at 2024-10-12 05:51:59 CEST
2024-10-12 05:52:00.256 CEST [2443005] LOG:  database system is ready to accept connections
2024-10-12 05:56:31.746 CEST [2443034] ERROR:  canceling autovacuum task
2024-10-12 05:56:31.746 CEST [2443034] CONTEXT:  while scanning block 3616 of relation "public.partsupp"
	automatic vacuum of table "test.public.partsupp"
2024-10-12 05:56:35.243 CEST [2443034] ERROR:  canceling autovacuum task
2024-10-12 05:56:35.243 CEST [2443034] CONTEXT:  while scanning block 10320 of relation "public.customer"
	automatic vacuum of table "test.public.customer"
2024-10-12 05:56:36.992 CEST [2443034] ERROR:  canceling autovacuum task
2024-10-12 05:56:36.992 CEST [2443034] CONTEXT:  while scanning block 5058 of relation "public.orders"
	automatic vacuum of table "test.public.orders"
2024-10-12 05:56:41.699 CEST [2443034] ERROR:  canceling autovacuum task
2024-10-12 05:56:41.699 CEST [2443034] CONTEXT:  while scanning block 13806 of relation "public.lineitem"
	automatic vacuum of table "test.public.lineitem"
2024-10-12 06:03:15.554 CEST [2443005] LOG:  received fast shutdown request
2024-10-12 06:03:15.555 CEST [2443005] LOG:  aborting any active transactions
2024-10-12 06:03:15.556 CEST [2443005] LOG:  background worker "logical replication launcher" (PID 2443012) exited with exit code 1
2024-10-12 06:03:15.564 CEST [2443007] LOG:  shutting down
2024-10-12 06:03:19.226 CEST [2443005] LOG:  database system is shut down
