pgbench (18devel, server 9.3.25)
progress: 1.0 s, 8143.5 tps, lat 0.122 ms stddev 0.051, 0 failed
progress: 2.0 s, 8519.4 tps, lat 0.117 ms stddev 0.006, 0 failed
progress: 3.0 s, 8507.7 tps, lat 0.117 ms stddev 0.005, 0 failed
progress: 4.0 s, 8464.9 tps, lat 0.118 ms stddev 0.005, 0 failed
progress: 5.0 s, 8474.0 tps, lat 0.118 ms stddev 0.005, 0 failed
progress: 6.0 s, 8462.0 tps, lat 0.118 ms stddev 0.005, 0 failed
progress: 7.0 s, 8339.2 tps, lat 0.120 ms stddev 0.004, 0 failed
progress: 8.0 s, 8530.0 tps, lat 0.117 ms stddev 0.005, 0 failed
progress: 9.0 s, 8551.1 tps, lat 0.117 ms stddev 0.004, 0 failed
progress: 10.0 s, 8480.1 tps, lat 0.118 ms stddev 0.005, 0 failed
progress: 11.0 s, 8331.6 tps, lat 0.120 ms stddev 0.003, 0 failed
progress: 12.0 s, 8583.0 tps, lat 0.116 ms stddev 0.004, 0 failed
progress: 13.0 s, 8346.4 tps, lat 0.120 ms stddev 0.003, 0 failed
progress: 14.0 s, 8514.8 tps, lat 0.117 ms stddev 0.005, 0 failed
progress: 15.0 s, 8524.1 tps, lat 0.117 ms stddev 0.004, 0 failed
progress: 16.0 s, 8622.7 tps, lat 0.116 ms stddev 0.004, 0 failed
progress: 17.0 s, 8390.5 tps, lat 0.119 ms stddev 0.004, 0 failed
progress: 18.0 s, 8482.6 tps, lat 0.118 ms stddev 0.005, 0 failed
progress: 19.0 s, 8347.3 tps, lat 0.120 ms stddev 0.003, 0 failed
progress: 20.0 s, 8465.0 tps, lat 0.118 ms stddev 0.005, 0 failed
progress: 21.0 s, 8377.7 tps, lat 0.119 ms stddev 0.004, 0 failed
progress: 22.0 s, 8389.1 tps, lat 0.119 ms stddev 0.004, 0 failed
progress: 23.0 s, 8455.0 tps, lat 0.118 ms stddev 0.004, 0 failed
progress: 24.0 s, 8631.9 tps, lat 0.116 ms stddev 0.004, 0 failed
progress: 25.0 s, 8390.9 tps, lat 0.119 ms stddev 0.004, 0 failed
progress: 26.0 s, 8431.0 tps, lat 0.119 ms stddev 0.005, 0 failed
progress: 27.0 s, 8353.2 tps, lat 0.120 ms stddev 0.003, 0 failed
progress: 28.0 s, 8512.8 tps, lat 0.117 ms stddev 0.005, 0 failed
progress: 29.0 s, 8638.1 tps, lat 0.116 ms stddev 0.003, 0 failed
progress: 30.0 s, 8503.9 tps, lat 0.118 ms stddev 0.004, 0 failed
progress: 31.0 s, 8319.0 tps, lat 0.120 ms stddev 0.003, 0 failed
progress: 32.0 s, 8371.0 tps, lat 0.119 ms stddev 0.003, 0 failed
progress: 33.0 s, 8371.9 tps, lat 0.119 ms stddev 0.003, 0 failed
progress: 34.0 s, 8533.0 tps, lat 0.117 ms stddev 0.003, 0 failed
progress: 35.0 s, 8566.0 tps, lat 0.117 ms stddev 0.003, 0 failed
progress: 36.0 s, 8438.0 tps, lat 0.118 ms stddev 0.004, 0 failed
progress: 37.0 s, 8401.4 tps, lat 0.119 ms stddev 0.003, 0 failed
progress: 38.0 s, 8475.6 tps, lat 0.118 ms stddev 0.004, 0 failed
progress: 39.0 s, 8557.0 tps, lat 0.117 ms stddev 0.003, 0 failed
progress: 40.0 s, 8639.0 tps, lat 0.116 ms stddev 0.003, 0 failed
progress: 41.0 s, 8414.1 tps, lat 0.119 ms stddev 0.003, 0 failed
progress: 42.0 s, 8521.8 tps, lat 0.117 ms stddev 0.003, 0 failed
progress: 43.0 s, 8558.1 tps, lat 0.117 ms stddev 0.003, 0 failed
progress: 44.0 s, 8425.0 tps, lat 0.119 ms stddev 0.002, 0 failed
progress: 45.0 s, 8362.0 tps, lat 0.120 ms stddev 0.003, 0 failed
progress: 46.0 s, 8502.0 tps, lat 0.118 ms stddev 0.004, 0 failed
progress: 47.0 s, 8362.0 tps, lat 0.120 ms stddev 0.004, 0 failed
progress: 48.0 s, 8497.1 tps, lat 0.118 ms stddev 0.005, 0 failed
progress: 49.0 s, 8706.2 tps, lat 0.115 ms stddev 0.003, 0 failed
progress: 50.0 s, 8759.9 tps, lat 0.114 ms stddev 0.004, 0 failed
progress: 51.0 s, 8623.9 tps, lat 0.116 ms stddev 0.004, 0 failed
progress: 52.0 s, 8564.9 tps, lat 0.117 ms stddev 0.004, 0 failed
progress: 53.0 s, 8395.1 tps, lat 0.119 ms stddev 0.003, 0 failed
progress: 54.0 s, 8507.1 tps, lat 0.117 ms stddev 0.003, 0 failed
progress: 55.0 s, 8582.0 tps, lat 0.116 ms stddev 0.003, 0 failed
progress: 56.0 s, 8569.6 tps, lat 0.117 ms stddev 0.003, 0 failed
progress: 57.0 s, 8637.3 tps, lat 0.116 ms stddev 0.003, 0 failed
progress: 58.0 s, 8853.2 tps, lat 0.113 ms stddev 0.003, 0 failed
progress: 59.0 s, 8862.5 tps, lat 0.113 ms stddev 0.003, 0 failed
progress: 60.0 s, 8849.4 tps, lat 0.113 ms stddev 0.003, 0 failed
transaction type: star-1.sql
scaling factor: 1
query mode: prepared
number of clients: 1
number of threads: 1
maximum number of tries: 1
duration: 60 s
number of transactions actually processed: 509990
number of failed transactions: 0 (0.000%)
latency average = 0.118 ms
latency stddev = 0.008 ms
initial connection time = 2.491 ms
tps = 8500.168807 (without initial connection time)
