pgbench (18devel, server 9.3.25)
progress: 1.0 s, 91572.0 tps, lat 0.173 ms stddev 0.105, 0 failed
progress: 2.0 s, 95482.6 tps, lat 0.167 ms stddev 0.021, 0 failed
progress: 3.0 s, 95555.4 tps, lat 0.167 ms stddev 0.018, 0 failed
progress: 4.0 s, 96176.1 tps, lat 0.166 ms stddev 0.015, 0 failed
progress: 5.0 s, 96534.9 tps, lat 0.166 ms stddev 0.014, 0 failed
progress: 6.0 s, 96421.1 tps, lat 0.166 ms stddev 0.016, 0 failed
progress: 7.0 s, 96506.3 tps, lat 0.166 ms stddev 0.014, 0 failed
progress: 8.0 s, 96206.3 tps, lat 0.166 ms stddev 0.014, 0 failed
progress: 9.0 s, 97537.9 tps, lat 0.164 ms stddev 0.013, 0 failed
progress: 10.0 s, 96782.5 tps, lat 0.165 ms stddev 0.018, 0 failed
progress: 11.0 s, 96995.0 tps, lat 0.165 ms stddev 0.014, 0 failed
progress: 12.0 s, 96496.9 tps, lat 0.166 ms stddev 0.015, 0 failed
progress: 13.0 s, 94880.7 tps, lat 0.168 ms stddev 0.015, 0 failed
progress: 14.0 s, 96156.0 tps, lat 0.166 ms stddev 0.015, 0 failed
progress: 15.0 s, 95920.5 tps, lat 0.167 ms stddev 0.018, 0 failed
progress: 16.0 s, 96571.8 tps, lat 0.166 ms stddev 0.017, 0 failed
progress: 17.0 s, 96846.6 tps, lat 0.165 ms stddev 0.014, 0 failed
progress: 18.0 s, 96632.9 tps, lat 0.165 ms stddev 0.014, 0 failed
progress: 19.0 s, 96887.2 tps, lat 0.165 ms stddev 0.014, 0 failed
progress: 20.0 s, 97488.4 tps, lat 0.164 ms stddev 0.013, 0 failed
progress: 21.0 s, 96488.0 tps, lat 0.166 ms stddev 0.015, 0 failed
progress: 22.0 s, 96924.5 tps, lat 0.165 ms stddev 0.014, 0 failed
progress: 23.0 s, 97057.3 tps, lat 0.165 ms stddev 0.014, 0 failed
progress: 24.0 s, 97695.2 tps, lat 0.164 ms stddev 0.014, 0 failed
progress: 25.0 s, 97754.9 tps, lat 0.164 ms stddev 0.013, 0 failed
progress: 26.0 s, 97937.0 tps, lat 0.163 ms stddev 0.013, 0 failed
progress: 27.0 s, 96640.0 tps, lat 0.165 ms stddev 0.014, 0 failed
progress: 28.0 s, 97670.0 tps, lat 0.164 ms stddev 0.013, 0 failed
progress: 29.0 s, 97775.9 tps, lat 0.164 ms stddev 0.013, 0 failed
progress: 30.0 s, 97808.2 tps, lat 0.163 ms stddev 0.013, 0 failed
progress: 31.0 s, 97974.0 tps, lat 0.163 ms stddev 0.013, 0 failed
progress: 32.0 s, 98089.8 tps, lat 0.163 ms stddev 0.013, 0 failed
progress: 33.0 s, 97881.1 tps, lat 0.163 ms stddev 0.013, 0 failed
progress: 34.0 s, 97560.8 tps, lat 0.164 ms stddev 0.017, 0 failed
progress: 35.0 s, 98217.2 tps, lat 0.163 ms stddev 0.013, 0 failed
progress: 36.0 s, 97923.4 tps, lat 0.163 ms stddev 0.013, 0 failed
progress: 37.0 s, 98114.6 tps, lat 0.163 ms stddev 0.013, 0 failed
progress: 38.0 s, 98139.0 tps, lat 0.163 ms stddev 0.013, 0 failed
progress: 39.0 s, 98063.1 tps, lat 0.163 ms stddev 0.013, 0 failed
progress: 40.0 s, 98088.0 tps, lat 0.163 ms stddev 0.013, 0 failed
progress: 41.0 s, 97612.9 tps, lat 0.164 ms stddev 0.014, 0 failed
progress: 42.0 s, 97478.0 tps, lat 0.164 ms stddev 0.013, 0 failed
progress: 43.0 s, 97512.9 tps, lat 0.164 ms stddev 0.013, 0 failed
progress: 44.0 s, 97496.1 tps, lat 0.164 ms stddev 0.013, 0 failed
progress: 45.0 s, 97348.3 tps, lat 0.164 ms stddev 0.013, 0 failed
progress: 46.0 s, 97369.2 tps, lat 0.164 ms stddev 0.013, 0 failed
progress: 47.0 s, 97230.5 tps, lat 0.164 ms stddev 0.013, 0 failed
progress: 48.0 s, 97446.1 tps, lat 0.164 ms stddev 0.013, 0 failed
progress: 49.0 s, 97574.0 tps, lat 0.164 ms stddev 0.014, 0 failed
progress: 50.0 s, 97996.0 tps, lat 0.163 ms stddev 0.013, 0 failed
progress: 51.0 s, 97756.9 tps, lat 0.164 ms stddev 0.013, 0 failed
progress: 52.0 s, 96974.0 tps, lat 0.165 ms stddev 0.014, 0 failed
progress: 53.0 s, 95725.0 tps, lat 0.167 ms stddev 0.015, 0 failed
progress: 54.0 s, 95975.2 tps, lat 0.167 ms stddev 0.015, 0 failed
progress: 55.0 s, 97230.8 tps, lat 0.164 ms stddev 0.013, 0 failed
progress: 56.0 s, 97011.7 tps, lat 0.165 ms stddev 0.013, 0 failed
progress: 57.0 s, 96330.3 tps, lat 0.166 ms stddev 0.015, 0 failed
progress: 58.0 s, 96820.0 tps, lat 0.165 ms stddev 0.014, 0 failed
progress: 59.0 s, 96785.1 tps, lat 0.165 ms stddev 0.014, 0 failed
transaction type: star-1.sql
scaling factor: 1
query mode: prepared
number of clients: 16
number of threads: 16
maximum number of tries: 1
duration: 60 s
number of transactions actually processed: 5820142
number of failed transactions: 0 (0.000%)
latency average = 0.165 ms
latency stddev = 0.019 ms
initial connection time = 12.096 ms
tps = 97021.386092 (without initial connection time)
