pgbench (18devel, server 9.3.25)
progress: 1.0 s, 47311.1 tps, lat 5.141 ms stddev 12.991, 0 failed
progress: 2.0 s, 60796.2 tps, lat 4.212 ms stddev 4.530, 0 failed
progress: 3.0 s, 59339.0 tps, lat 4.312 ms stddev 4.733, 0 failed
progress: 4.0 s, 59580.9 tps, lat 4.296 ms stddev 4.674, 0 failed
progress: 5.0 s, 60008.1 tps, lat 4.270 ms stddev 4.636, 0 failed
progress: 6.0 s, 61454.1 tps, lat 4.162 ms stddev 4.487, 0 failed
progress: 7.0 s, 59386.0 tps, lat 4.311 ms stddev 4.745, 0 failed
progress: 8.0 s, 59331.7 tps, lat 4.314 ms stddev 4.733, 0 failed
progress: 9.0 s, 59989.1 tps, lat 4.265 ms stddev 4.624, 0 failed
progress: 10.0 s, 60786.0 tps, lat 4.213 ms stddev 4.570, 0 failed
progress: 11.0 s, 59869.4 tps, lat 4.277 ms stddev 4.713, 0 failed
progress: 12.0 s, 59916.7 tps, lat 4.273 ms stddev 4.704, 0 failed
progress: 13.0 s, 59833.1 tps, lat 4.281 ms stddev 4.682, 0 failed
progress: 14.0 s, 60941.9 tps, lat 4.198 ms stddev 4.584, 0 failed
progress: 15.0 s, 60023.2 tps, lat 4.264 ms stddev 4.694, 0 failed
progress: 16.0 s, 60611.1 tps, lat 4.226 ms stddev 4.613, 0 failed
progress: 17.0 s, 60476.8 tps, lat 4.233 ms stddev 4.623, 0 failed
progress: 18.0 s, 60205.1 tps, lat 4.249 ms stddev 4.595, 0 failed
progress: 19.0 s, 59241.9 tps, lat 4.321 ms stddev 4.730, 0 failed
progress: 20.0 s, 59956.2 tps, lat 4.271 ms stddev 4.694, 0 failed
progress: 21.0 s, 60389.8 tps, lat 4.240 ms stddev 4.644, 0 failed
progress: 22.0 s, 60933.8 tps, lat 4.199 ms stddev 4.572, 0 failed
progress: 23.0 s, 59235.2 tps, lat 4.321 ms stddev 4.768, 0 failed
progress: 24.0 s, 60512.0 tps, lat 4.229 ms stddev 4.621, 0 failed
progress: 25.0 s, 60399.9 tps, lat 4.239 ms stddev 4.629, 0 failed
progress: 26.0 s, 61273.0 tps, lat 4.177 ms stddev 4.547, 0 failed
progress: 27.0 s, 59513.5 tps, lat 4.300 ms stddev 4.726, 0 failed
progress: 28.0 s, 58687.5 tps, lat 4.365 ms stddev 4.761, 0 failed
progress: 29.0 s, 59535.9 tps, lat 4.299 ms stddev 4.697, 0 failed
progress: 30.0 s, 61448.1 tps, lat 4.165 ms stddev 4.525, 0 failed
progress: 31.0 s, 60040.6 tps, lat 4.262 ms stddev 4.668, 0 failed
progress: 32.0 s, 60477.2 tps, lat 4.235 ms stddev 4.613, 0 failed
progress: 33.0 s, 60593.1 tps, lat 4.225 ms stddev 4.630, 0 failed
progress: 34.0 s, 60706.9 tps, lat 4.214 ms stddev 4.581, 0 failed
progress: 35.0 s, 59263.1 tps, lat 4.321 ms stddev 4.781, 0 failed
progress: 36.0 s, 60089.9 tps, lat 4.260 ms stddev 4.694, 0 failed
progress: 37.0 s, 59472.3 tps, lat 4.304 ms stddev 4.715, 0 failed
progress: 38.0 s, 60077.0 tps, lat 4.259 ms stddev 4.630, 0 failed
progress: 39.0 s, 59271.9 tps, lat 4.321 ms stddev 4.763, 0 failed
progress: 40.0 s, 59819.0 tps, lat 4.277 ms stddev 4.737, 0 failed
progress: 41.0 s, 60413.8 tps, lat 4.240 ms stddev 4.639, 0 failed
progress: 42.0 s, 61023.1 tps, lat 4.192 ms stddev 4.555, 0 failed
progress: 43.0 s, 60023.9 tps, lat 4.267 ms stddev 4.729, 0 failed
progress: 44.0 s, 59611.2 tps, lat 4.294 ms stddev 4.760, 0 failed
progress: 45.0 s, 60637.1 tps, lat 4.223 ms stddev 4.636, 0 failed
progress: 46.0 s, 61082.0 tps, lat 4.189 ms stddev 4.564, 0 failed
progress: 47.0 s, 59852.1 tps, lat 4.275 ms stddev 4.702, 0 failed
progress: 48.0 s, 59723.7 tps, lat 4.290 ms stddev 4.719, 0 failed
progress: 49.0 s, 60421.2 tps, lat 4.237 ms stddev 4.624, 0 failed
progress: 50.0 s, 60484.0 tps, lat 4.230 ms stddev 4.581, 0 failed
progress: 51.0 s, 59645.1 tps, lat 4.294 ms stddev 4.734, 0 failed
progress: 52.0 s, 59795.8 tps, lat 4.279 ms stddev 4.698, 0 failed
progress: 53.0 s, 60269.2 tps, lat 4.250 ms stddev 4.674, 0 failed
progress: 54.0 s, 60576.0 tps, lat 4.225 ms stddev 4.644, 0 failed
progress: 55.0 s, 59996.8 tps, lat 4.266 ms stddev 4.688, 0 failed
progress: 56.0 s, 59877.1 tps, lat 4.276 ms stddev 4.692, 0 failed
progress: 57.0 s, 59505.9 tps, lat 4.300 ms stddev 4.716, 0 failed
progress: 58.0 s, 61093.2 tps, lat 4.191 ms stddev 4.529, 0 failed
progress: 59.0 s, 59515.9 tps, lat 4.301 ms stddev 4.722, 0 failed
transaction type: star-1.sql
scaling factor: 1
query mode: prepared
number of clients: 256
number of threads: 256
maximum number of tries: 1
duration: 60 s
number of transactions actually processed: 3589289
number of failed transactions: 0 (0.000%)
latency average = 4.271 ms
latency stddev = 4.872 ms
initial connection time = 141.752 ms
tps = 59902.310519 (without initial connection time)
