pgbench (18devel, server 9.3.25)
progress: 1.0 s, 8134.9 tps, lat 0.123 ms stddev 0.048, 0 failed
progress: 2.0 s, 8589.7 tps, lat 0.116 ms stddev 0.005, 0 failed
progress: 3.0 s, 8597.1 tps, lat 0.116 ms stddev 0.005, 0 failed
progress: 4.0 s, 8504.9 tps, lat 0.118 ms stddev 0.006, 0 failed
progress: 5.0 s, 8541.0 tps, lat 0.117 ms stddev 0.005, 0 failed
progress: 6.0 s, 8585.0 tps, lat 0.116 ms stddev 0.005, 0 failed
progress: 7.0 s, 8439.0 tps, lat 0.118 ms stddev 0.005, 0 failed
progress: 8.0 s, 8410.2 tps, lat 0.119 ms stddev 0.005, 0 failed
progress: 9.0 s, 8363.8 tps, lat 0.119 ms stddev 0.006, 0 failed
progress: 10.0 s, 8482.2 tps, lat 0.118 ms stddev 0.006, 0 failed
progress: 11.0 s, 8461.8 tps, lat 0.118 ms stddev 0.004, 0 failed
progress: 12.0 s, 8412.0 tps, lat 0.119 ms stddev 0.006, 0 failed
progress: 13.0 s, 8557.0 tps, lat 0.117 ms stddev 0.005, 0 failed
progress: 14.0 s, 8514.0 tps, lat 0.117 ms stddev 0.006, 0 failed
progress: 15.0 s, 8564.3 tps, lat 0.117 ms stddev 0.005, 0 failed
progress: 16.0 s, 8498.7 tps, lat 0.118 ms stddev 0.007, 0 failed
progress: 17.0 s, 8557.9 tps, lat 0.117 ms stddev 0.005, 0 failed
progress: 18.0 s, 8438.0 tps, lat 0.118 ms stddev 0.005, 0 failed
progress: 19.0 s, 8418.1 tps, lat 0.119 ms stddev 0.006, 0 failed
progress: 20.0 s, 8468.9 tps, lat 0.118 ms stddev 0.005, 0 failed
progress: 21.0 s, 8478.0 tps, lat 0.118 ms stddev 0.006, 0 failed
progress: 22.0 s, 8432.0 tps, lat 0.119 ms stddev 0.006, 0 failed
progress: 23.0 s, 8531.3 tps, lat 0.117 ms stddev 0.005, 0 failed
progress: 24.0 s, 8489.7 tps, lat 0.118 ms stddev 0.008, 0 failed
progress: 25.0 s, 8553.2 tps, lat 0.117 ms stddev 0.005, 0 failed
progress: 26.0 s, 8528.1 tps, lat 0.117 ms stddev 0.006, 0 failed
progress: 27.0 s, 8420.8 tps, lat 0.119 ms stddev 0.006, 0 failed
progress: 28.0 s, 8343.0 tps, lat 0.120 ms stddev 0.006, 0 failed
progress: 29.0 s, 8367.0 tps, lat 0.119 ms stddev 0.006, 0 failed
progress: 30.0 s, 8445.0 tps, lat 0.118 ms stddev 0.006, 0 failed
progress: 31.0 s, 8498.0 tps, lat 0.118 ms stddev 0.005, 0 failed
progress: 32.0 s, 8353.4 tps, lat 0.120 ms stddev 0.006, 0 failed
progress: 33.0 s, 8520.6 tps, lat 0.117 ms stddev 0.005, 0 failed
progress: 34.0 s, 8437.2 tps, lat 0.118 ms stddev 0.006, 0 failed
progress: 35.0 s, 8462.9 tps, lat 0.118 ms stddev 0.005, 0 failed
progress: 36.0 s, 8338.9 tps, lat 0.120 ms stddev 0.005, 0 failed
progress: 37.0 s, 8447.3 tps, lat 0.118 ms stddev 0.005, 0 failed
progress: 38.0 s, 8328.1 tps, lat 0.120 ms stddev 0.005, 0 failed
progress: 39.0 s, 8510.6 tps, lat 0.117 ms stddev 0.005, 0 failed
progress: 40.0 s, 8428.0 tps, lat 0.119 ms stddev 0.006, 0 failed
progress: 41.0 s, 8380.0 tps, lat 0.119 ms stddev 0.005, 0 failed
progress: 42.0 s, 8483.4 tps, lat 0.118 ms stddev 0.005, 0 failed
progress: 43.0 s, 8564.6 tps, lat 0.117 ms stddev 0.005, 0 failed
progress: 44.0 s, 8525.5 tps, lat 0.117 ms stddev 0.005, 0 failed
progress: 45.0 s, 8503.5 tps, lat 0.118 ms stddev 0.004, 0 failed
progress: 46.0 s, 8430.0 tps, lat 0.119 ms stddev 0.007, 0 failed
progress: 47.0 s, 8440.0 tps, lat 0.118 ms stddev 0.005, 0 failed
progress: 48.0 s, 8439.0 tps, lat 0.118 ms stddev 0.006, 0 failed
progress: 49.0 s, 8339.0 tps, lat 0.120 ms stddev 0.005, 0 failed
progress: 50.0 s, 8531.0 tps, lat 0.117 ms stddev 0.005, 0 failed
progress: 51.0 s, 8492.0 tps, lat 0.118 ms stddev 0.005, 0 failed
progress: 52.0 s, 8526.3 tps, lat 0.117 ms stddev 0.006, 0 failed
progress: 53.0 s, 8577.7 tps, lat 0.117 ms stddev 0.004, 0 failed
progress: 54.0 s, 8480.0 tps, lat 0.118 ms stddev 0.006, 0 failed
progress: 55.0 s, 8463.1 tps, lat 0.118 ms stddev 0.005, 0 failed
progress: 56.0 s, 8453.9 tps, lat 0.118 ms stddev 0.005, 0 failed
progress: 57.0 s, 8444.2 tps, lat 0.118 ms stddev 0.005, 0 failed
progress: 58.0 s, 8447.8 tps, lat 0.118 ms stddev 0.006, 0 failed
progress: 59.0 s, 8454.2 tps, lat 0.118 ms stddev 0.006, 0 failed
progress: 60.0 s, 8582.0 tps, lat 0.116 ms stddev 0.005, 0 failed
transaction type: star-1.sql
scaling factor: 1
query mode: prepared
number of clients: 1
number of threads: 1
maximum number of tries: 1
duration: 60 s
number of transactions actually processed: 508010
number of failed transactions: 0 (0.000%)
latency average = 0.118 ms
latency stddev = 0.008 ms
initial connection time = 2.067 ms
tps = 8467.104140 (without initial connection time)
