pgbench (18devel, server 9.3.25)
progress: 1.0 s, 104647.7 tps, lat 0.303 ms stddev 0.252, 0 failed
progress: 2.0 s, 110135.5 tps, lat 0.290 ms stddev 0.105, 0 failed
progress: 3.0 s, 109565.6 tps, lat 0.292 ms stddev 0.107, 0 failed
progress: 4.0 s, 110708.3 tps, lat 0.289 ms stddev 0.106, 0 failed
progress: 5.0 s, 110755.1 tps, lat 0.289 ms stddev 0.106, 0 failed
progress: 6.0 s, 110269.0 tps, lat 0.290 ms stddev 0.106, 0 failed
progress: 7.0 s, 111080.9 tps, lat 0.288 ms stddev 0.105, 0 failed
progress: 8.0 s, 111481.1 tps, lat 0.287 ms stddev 0.104, 0 failed
progress: 9.0 s, 110801.7 tps, lat 0.289 ms stddev 0.105, 0 failed
progress: 10.0 s, 110663.8 tps, lat 0.289 ms stddev 0.106, 0 failed
progress: 11.0 s, 110819.4 tps, lat 0.289 ms stddev 0.105, 0 failed
progress: 12.0 s, 110319.9 tps, lat 0.290 ms stddev 0.105, 0 failed
progress: 13.0 s, 111051.8 tps, lat 0.288 ms stddev 0.104, 0 failed
progress: 14.0 s, 110664.9 tps, lat 0.289 ms stddev 0.106, 0 failed
progress: 15.0 s, 110554.4 tps, lat 0.289 ms stddev 0.106, 0 failed
progress: 16.0 s, 110243.1 tps, lat 0.290 ms stddev 0.106, 0 failed
progress: 17.0 s, 110967.8 tps, lat 0.288 ms stddev 0.105, 0 failed
progress: 18.0 s, 109761.0 tps, lat 0.291 ms stddev 0.107, 0 failed
progress: 19.0 s, 111777.2 tps, lat 0.286 ms stddev 0.103, 0 failed
progress: 20.0 s, 110787.9 tps, lat 0.289 ms stddev 0.105, 0 failed
progress: 21.0 s, 111556.9 tps, lat 0.287 ms stddev 0.105, 0 failed
progress: 22.0 s, 111152.2 tps, lat 0.288 ms stddev 0.106, 0 failed
progress: 23.0 s, 111695.8 tps, lat 0.286 ms stddev 0.104, 0 failed
progress: 24.0 s, 111518.9 tps, lat 0.287 ms stddev 0.104, 0 failed
progress: 25.0 s, 110631.2 tps, lat 0.289 ms stddev 0.106, 0 failed
progress: 26.0 s, 111729.7 tps, lat 0.286 ms stddev 0.103, 0 failed
progress: 27.0 s, 111571.1 tps, lat 0.287 ms stddev 0.103, 0 failed
progress: 28.0 s, 110761.2 tps, lat 0.289 ms stddev 0.105, 0 failed
progress: 29.0 s, 111011.6 tps, lat 0.288 ms stddev 0.107, 0 failed
progress: 30.0 s, 112041.2 tps, lat 0.285 ms stddev 0.105, 0 failed
progress: 31.0 s, 110946.1 tps, lat 0.288 ms stddev 0.106, 0 failed
progress: 32.0 s, 110812.2 tps, lat 0.289 ms stddev 0.104, 0 failed
progress: 33.0 s, 110169.6 tps, lat 0.290 ms stddev 0.106, 0 failed
progress: 34.0 s, 110471.4 tps, lat 0.289 ms stddev 0.106, 0 failed
progress: 35.0 s, 110600.1 tps, lat 0.289 ms stddev 0.106, 0 failed
progress: 36.0 s, 110975.2 tps, lat 0.288 ms stddev 0.105, 0 failed
progress: 37.0 s, 110316.4 tps, lat 0.290 ms stddev 0.107, 0 failed
progress: 38.0 s, 110539.3 tps, lat 0.289 ms stddev 0.106, 0 failed
progress: 39.0 s, 110783.0 tps, lat 0.289 ms stddev 0.105, 0 failed
progress: 40.0 s, 109495.5 tps, lat 0.292 ms stddev 0.108, 0 failed
progress: 41.0 s, 111066.3 tps, lat 0.288 ms stddev 0.106, 0 failed
progress: 42.0 s, 110339.2 tps, lat 0.290 ms stddev 0.107, 0 failed
progress: 43.0 s, 109556.0 tps, lat 0.292 ms stddev 0.108, 0 failed
progress: 44.0 s, 110085.0 tps, lat 0.290 ms stddev 0.106, 0 failed
progress: 45.0 s, 110918.9 tps, lat 0.288 ms stddev 0.105, 0 failed
progress: 46.0 s, 110067.1 tps, lat 0.291 ms stddev 0.107, 0 failed
progress: 47.0 s, 111267.0 tps, lat 0.287 ms stddev 0.105, 0 failed
progress: 48.0 s, 110934.0 tps, lat 0.288 ms stddev 0.104, 0 failed
progress: 49.0 s, 110758.9 tps, lat 0.289 ms stddev 0.107, 0 failed
progress: 50.0 s, 110982.2 tps, lat 0.288 ms stddev 0.107, 0 failed
progress: 51.0 s, 110350.9 tps, lat 0.290 ms stddev 0.106, 0 failed
progress: 52.0 s, 109713.7 tps, lat 0.291 ms stddev 0.107, 0 failed
progress: 53.0 s, 110704.3 tps, lat 0.289 ms stddev 0.106, 0 failed
progress: 54.0 s, 109073.6 tps, lat 0.293 ms stddev 0.109, 0 failed
progress: 55.0 s, 110575.4 tps, lat 0.289 ms stddev 0.106, 0 failed
progress: 56.0 s, 111677.9 tps, lat 0.286 ms stddev 0.104, 0 failed
progress: 57.0 s, 111104.1 tps, lat 0.288 ms stddev 0.104, 0 failed
progress: 58.0 s, 110319.9 tps, lat 0.290 ms stddev 0.105, 0 failed
progress: 59.0 s, 111665.7 tps, lat 0.286 ms stddev 0.104, 0 failed
transaction type: star-1.sql
scaling factor: 1
query mode: prepared
number of clients: 32
number of threads: 32
maximum number of tries: 1
duration: 60 s
number of transactions actually processed: 6637792
number of failed transactions: 0 (0.000%)
latency average = 0.289 ms
latency stddev = 0.109 ms
initial connection time = 20.794 ms
tps = 110666.823852 (without initial connection time)
