pgbench (18devel, server 17.0)
progress: 1.0 s, 28361.2 tps, lat 4.349 ms stddev 3.314, 0 failed
progress: 2.0 s, 30162.0 tps, lat 4.242 ms stddev 2.233, 0 failed
progress: 3.0 s, 29371.6 tps, lat 4.358 ms stddev 2.295, 0 failed
progress: 4.0 s, 29349.1 tps, lat 4.360 ms stddev 2.275, 0 failed
progress: 5.0 s, 29264.2 tps, lat 4.373 ms stddev 2.358, 0 failed
progress: 6.0 s, 29238.2 tps, lat 4.378 ms stddev 2.595, 0 failed
progress: 7.0 s, 29152.8 tps, lat 4.387 ms stddev 2.624, 0 failed
progress: 8.0 s, 29247.0 tps, lat 4.377 ms stddev 2.695, 0 failed
progress: 9.0 s, 29307.9 tps, lat 4.368 ms stddev 2.608, 0 failed
progress: 10.0 s, 29229.2 tps, lat 4.380 ms stddev 2.637, 0 failed
progress: 11.0 s, 29216.9 tps, lat 4.380 ms stddev 2.606, 0 failed
progress: 12.0 s, 29233.1 tps, lat 4.377 ms stddev 2.678, 0 failed
progress: 13.0 s, 29255.0 tps, lat 4.376 ms stddev 2.596, 0 failed
progress: 14.0 s, 29295.9 tps, lat 4.368 ms stddev 2.622, 0 failed
progress: 15.0 s, 29322.9 tps, lat 4.365 ms stddev 2.611, 0 failed
progress: 16.0 s, 29347.1 tps, lat 4.361 ms stddev 2.640, 0 failed
progress: 17.0 s, 29321.0 tps, lat 4.365 ms stddev 2.629, 0 failed
progress: 18.0 s, 29388.0 tps, lat 4.354 ms stddev 2.600, 0 failed
progress: 19.0 s, 29314.1 tps, lat 4.368 ms stddev 2.611, 0 failed
progress: 20.0 s, 29276.0 tps, lat 4.368 ms stddev 2.637, 0 failed
progress: 21.0 s, 29260.5 tps, lat 4.376 ms stddev 2.610, 0 failed
progress: 22.0 s, 29338.6 tps, lat 4.361 ms stddev 2.638, 0 failed
progress: 23.0 s, 29304.1 tps, lat 4.368 ms stddev 2.632, 0 failed
progress: 24.0 s, 29360.8 tps, lat 4.361 ms stddev 2.635, 0 failed
progress: 25.0 s, 29347.1 tps, lat 4.358 ms stddev 2.640, 0 failed
progress: 26.0 s, 29328.0 tps, lat 4.365 ms stddev 2.573, 0 failed
progress: 27.0 s, 29373.0 tps, lat 4.360 ms stddev 2.586, 0 failed
progress: 28.0 s, 29316.8 tps, lat 4.364 ms stddev 2.645, 0 failed
progress: 29.0 s, 29331.0 tps, lat 4.361 ms stddev 2.634, 0 failed
progress: 30.0 s, 29291.3 tps, lat 4.371 ms stddev 2.578, 0 failed
progress: 31.0 s, 29417.9 tps, lat 4.349 ms stddev 2.571, 0 failed
progress: 32.0 s, 29301.9 tps, lat 4.370 ms stddev 2.638, 0 failed
progress: 33.0 s, 29297.3 tps, lat 4.369 ms stddev 2.606, 0 failed
progress: 34.0 s, 29281.8 tps, lat 4.372 ms stddev 2.662, 0 failed
progress: 35.0 s, 29383.5 tps, lat 4.357 ms stddev 2.561, 0 failed
progress: 36.0 s, 29323.9 tps, lat 4.362 ms stddev 2.668, 0 failed
progress: 37.0 s, 29372.6 tps, lat 4.357 ms stddev 2.606, 0 failed
progress: 38.0 s, 29308.9 tps, lat 4.368 ms stddev 2.651, 0 failed
progress: 39.0 s, 29311.0 tps, lat 4.366 ms stddev 2.662, 0 failed
progress: 40.0 s, 29344.0 tps, lat 4.363 ms stddev 2.659, 0 failed
progress: 41.0 s, 29308.4 tps, lat 4.362 ms stddev 2.621, 0 failed
progress: 42.0 s, 29308.8 tps, lat 4.370 ms stddev 2.660, 0 failed
progress: 43.0 s, 29346.0 tps, lat 4.361 ms stddev 2.639, 0 failed
progress: 44.0 s, 29386.0 tps, lat 4.356 ms stddev 2.600, 0 failed
progress: 45.0 s, 29283.9 tps, lat 4.369 ms stddev 2.611, 0 failed
progress: 46.0 s, 29365.9 tps, lat 4.359 ms stddev 2.599, 0 failed
progress: 47.0 s, 29364.2 tps, lat 4.361 ms stddev 2.667, 0 failed
progress: 48.0 s, 29323.0 tps, lat 4.363 ms stddev 2.590, 0 failed
progress: 49.0 s, 29317.9 tps, lat 4.366 ms stddev 2.650, 0 failed
progress: 50.0 s, 29292.3 tps, lat 4.362 ms stddev 2.626, 0 failed
progress: 51.0 s, 29408.7 tps, lat 4.357 ms stddev 2.579, 0 failed
progress: 52.0 s, 29229.0 tps, lat 4.377 ms stddev 2.647, 0 failed
progress: 53.0 s, 29335.1 tps, lat 4.365 ms stddev 2.582, 0 failed
progress: 54.0 s, 29316.8 tps, lat 4.367 ms stddev 2.642, 0 failed
progress: 55.0 s, 29389.1 tps, lat 4.353 ms stddev 2.552, 0 failed
progress: 56.0 s, 29329.9 tps, lat 4.364 ms stddev 2.624, 0 failed
progress: 57.0 s, 29351.3 tps, lat 4.356 ms stddev 2.682, 0 failed
progress: 58.0 s, 29304.0 tps, lat 4.374 ms stddev 2.640, 0 failed
progress: 59.0 s, 29360.8 tps, lat 4.356 ms stddev 2.599, 0 failed
transaction type: star-1.sql
scaling factor: 1
query mode: simple
number of clients: 128
number of threads: 128
maximum number of tries: 1
duration: 60 s
number of transactions actually processed: 1757587
number of failed transactions: 0 (0.000%)
latency average = 4.364 ms
latency stddev = 2.618 ms
initial connection time = 83.288 ms
tps = 29313.310606 (without initial connection time)
