pgbench (18devel, server 17.0)
progress: 1.0 s, 28885.0 tps, lat 2.172 ms stddev 1.051, 0 failed
progress: 2.0 s, 29616.1 tps, lat 2.160 ms stddev 0.551, 0 failed
progress: 3.0 s, 29623.1 tps, lat 2.161 ms stddev 0.548, 0 failed
progress: 4.0 s, 29108.8 tps, lat 2.198 ms stddev 0.540, 0 failed
progress: 5.0 s, 29736.1 tps, lat 2.152 ms stddev 0.552, 0 failed
progress: 6.0 s, 29635.9 tps, lat 2.158 ms stddev 0.551, 0 failed
progress: 7.0 s, 29804.0 tps, lat 2.147 ms stddev 0.555, 0 failed
progress: 8.0 s, 29708.3 tps, lat 2.153 ms stddev 0.550, 0 failed
progress: 9.0 s, 29325.7 tps, lat 2.182 ms stddev 0.538, 0 failed
progress: 10.0 s, 29727.3 tps, lat 2.153 ms stddev 0.552, 0 failed
progress: 11.0 s, 29697.8 tps, lat 2.154 ms stddev 0.549, 0 failed
progress: 12.0 s, 29516.9 tps, lat 2.167 ms stddev 0.544, 0 failed
progress: 13.0 s, 29523.2 tps, lat 2.168 ms stddev 0.548, 0 failed
progress: 14.0 s, 29648.8 tps, lat 2.158 ms stddev 0.545, 0 failed
progress: 15.0 s, 29410.2 tps, lat 2.175 ms stddev 0.541, 0 failed
progress: 16.0 s, 29328.0 tps, lat 2.183 ms stddev 0.542, 0 failed
progress: 17.0 s, 29627.7 tps, lat 2.159 ms stddev 0.550, 0 failed
progress: 18.0 s, 29404.0 tps, lat 2.177 ms stddev 0.544, 0 failed
progress: 19.0 s, 29760.1 tps, lat 2.150 ms stddev 0.554, 0 failed
progress: 20.0 s, 29649.9 tps, lat 2.158 ms stddev 0.546, 0 failed
progress: 21.0 s, 29672.3 tps, lat 2.156 ms stddev 0.550, 0 failed
progress: 22.0 s, 29675.1 tps, lat 2.156 ms stddev 0.547, 0 failed
progress: 23.0 s, 29720.8 tps, lat 2.153 ms stddev 0.548, 0 failed
progress: 24.0 s, 29553.9 tps, lat 2.165 ms stddev 0.546, 0 failed
progress: 25.0 s, 29523.3 tps, lat 2.167 ms stddev 0.544, 0 failed
progress: 26.0 s, 29450.0 tps, lat 2.173 ms stddev 0.543, 0 failed
progress: 27.0 s, 29521.9 tps, lat 2.167 ms stddev 0.546, 0 failed
progress: 28.0 s, 29336.0 tps, lat 2.182 ms stddev 0.544, 0 failed
progress: 29.0 s, 29492.0 tps, lat 2.170 ms stddev 0.546, 0 failed
progress: 30.0 s, 29670.2 tps, lat 2.156 ms stddev 0.551, 0 failed
progress: 31.0 s, 29719.8 tps, lat 2.153 ms stddev 0.550, 0 failed
progress: 32.0 s, 29550.2 tps, lat 2.166 ms stddev 0.546, 0 failed
progress: 33.0 s, 29587.9 tps, lat 2.162 ms stddev 0.550, 0 failed
progress: 34.0 s, 29493.4 tps, lat 2.169 ms stddev 0.544, 0 failed
progress: 35.0 s, 29645.6 tps, lat 2.159 ms stddev 0.547, 0 failed
progress: 36.0 s, 29591.0 tps, lat 2.162 ms stddev 0.548, 0 failed
progress: 37.0 s, 29438.0 tps, lat 2.174 ms stddev 0.544, 0 failed
progress: 38.0 s, 29207.9 tps, lat 2.191 ms stddev 0.537, 0 failed
progress: 39.0 s, 29518.1 tps, lat 2.168 ms stddev 0.547, 0 failed
progress: 40.0 s, 29475.1 tps, lat 2.171 ms stddev 0.547, 0 failed
progress: 41.0 s, 29573.0 tps, lat 2.164 ms stddev 0.544, 0 failed
progress: 42.0 s, 29469.2 tps, lat 2.172 ms stddev 0.545, 0 failed
progress: 43.0 s, 29482.4 tps, lat 2.170 ms stddev 0.544, 0 failed
progress: 44.0 s, 29484.4 tps, lat 2.170 ms stddev 0.543, 0 failed
progress: 45.0 s, 29456.2 tps, lat 2.172 ms stddev 0.543, 0 failed
progress: 46.0 s, 29350.0 tps, lat 2.179 ms stddev 0.542, 0 failed
progress: 47.0 s, 29188.9 tps, lat 2.192 ms stddev 0.539, 0 failed
progress: 48.0 s, 29730.0 tps, lat 2.152 ms stddev 0.553, 0 failed
progress: 49.0 s, 29668.2 tps, lat 2.157 ms stddev 0.549, 0 failed
progress: 50.0 s, 29620.7 tps, lat 2.160 ms stddev 0.550, 0 failed
progress: 51.0 s, 29502.1 tps, lat 2.170 ms stddev 0.546, 0 failed
progress: 52.0 s, 29387.2 tps, lat 2.177 ms stddev 0.542, 0 failed
progress: 53.0 s, 29509.8 tps, lat 2.169 ms stddev 0.547, 0 failed
progress: 54.0 s, 29387.0 tps, lat 2.177 ms stddev 0.543, 0 failed
progress: 55.0 s, 29340.0 tps, lat 2.181 ms stddev 0.541, 0 failed
progress: 56.0 s, 29569.8 tps, lat 2.164 ms stddev 0.545, 0 failed
progress: 57.0 s, 29466.2 tps, lat 2.172 ms stddev 0.544, 0 failed
progress: 58.0 s, 29501.5 tps, lat 2.169 ms stddev 0.543, 0 failed
progress: 59.0 s, 29416.5 tps, lat 2.176 ms stddev 0.541, 0 failed
transaction type: star-1.sql
scaling factor: 1
query mode: simple
number of clients: 64
number of threads: 64
maximum number of tries: 1
duration: 60 s
number of transactions actually processed: 1770711
number of failed transactions: 0 (0.000%)
latency average = 2.167 ms
latency stddev = 0.558 ms
initial connection time = 44.034 ms
tps = 29531.378608 (without initial connection time)
