pgbench (18devel, server 16.4)
progress: 1.0 s, 198590.3 tps, lat 0.623 ms stddev 1.332, 0 failed
progress: 2.0 s, 225486.2 tps, lat 0.567 ms stddev 0.518, 0 failed
progress: 3.0 s, 224828.0 tps, lat 0.569 ms stddev 0.517, 0 failed
progress: 4.0 s, 227033.2 tps, lat 0.564 ms stddev 0.526, 0 failed
progress: 5.0 s, 225319.3 tps, lat 0.568 ms stddev 0.529, 0 failed
progress: 6.0 s, 226655.7 tps, lat 0.564 ms stddev 0.527, 0 failed
progress: 7.0 s, 227693.8 tps, lat 0.562 ms stddev 0.529, 0 failed
progress: 8.0 s, 227252.5 tps, lat 0.563 ms stddev 0.527, 0 failed
progress: 9.0 s, 227063.1 tps, lat 0.564 ms stddev 0.522, 0 failed
progress: 10.0 s, 228224.9 tps, lat 0.561 ms stddev 0.529, 0 failed
progress: 11.0 s, 227591.5 tps, lat 0.562 ms stddev 0.523, 0 failed
progress: 12.0 s, 226430.6 tps, lat 0.565 ms stddev 0.531, 0 failed
progress: 13.0 s, 226774.6 tps, lat 0.564 ms stddev 0.524, 0 failed
progress: 14.0 s, 227497.0 tps, lat 0.562 ms stddev 0.529, 0 failed
progress: 15.0 s, 226360.0 tps, lat 0.565 ms stddev 0.531, 0 failed
progress: 16.0 s, 227618.0 tps, lat 0.562 ms stddev 0.526, 0 failed
progress: 17.0 s, 228169.3 tps, lat 0.561 ms stddev 0.516, 0 failed
progress: 18.0 s, 227699.7 tps, lat 0.562 ms stddev 0.525, 0 failed
progress: 19.0 s, 227934.2 tps, lat 0.561 ms stddev 0.524, 0 failed
progress: 20.0 s, 228230.5 tps, lat 0.561 ms stddev 0.527, 0 failed
progress: 21.0 s, 227285.5 tps, lat 0.563 ms stddev 0.533, 0 failed
progress: 22.0 s, 227688.2 tps, lat 0.561 ms stddev 0.520, 0 failed
progress: 23.0 s, 227485.9 tps, lat 0.563 ms stddev 0.524, 0 failed
progress: 24.0 s, 227699.7 tps, lat 0.562 ms stddev 0.528, 0 failed
progress: 25.0 s, 228023.2 tps, lat 0.561 ms stddev 0.525, 0 failed
progress: 26.0 s, 228147.0 tps, lat 0.561 ms stddev 0.529, 0 failed
progress: 27.0 s, 227668.0 tps, lat 0.562 ms stddev 0.530, 0 failed
progress: 28.0 s, 227113.5 tps, lat 0.563 ms stddev 0.530, 0 failed
progress: 29.0 s, 228248.6 tps, lat 0.561 ms stddev 0.521, 0 failed
progress: 30.0 s, 227842.6 tps, lat 0.562 ms stddev 0.526, 0 failed
progress: 31.0 s, 228034.3 tps, lat 0.561 ms stddev 0.528, 0 failed
progress: 32.0 s, 228050.0 tps, lat 0.561 ms stddev 0.516, 0 failed
progress: 33.0 s, 227261.0 tps, lat 0.563 ms stddev 0.527, 0 failed
progress: 34.0 s, 226992.6 tps, lat 0.564 ms stddev 0.529, 0 failed
progress: 35.0 s, 228134.8 tps, lat 0.561 ms stddev 0.522, 0 failed
progress: 36.0 s, 227227.2 tps, lat 0.563 ms stddev 0.532, 0 failed
progress: 37.0 s, 227933.2 tps, lat 0.561 ms stddev 0.528, 0 failed
progress: 38.0 s, 228356.0 tps, lat 0.560 ms stddev 0.524, 0 failed
progress: 39.0 s, 227611.5 tps, lat 0.562 ms stddev 0.530, 0 failed
progress: 40.0 s, 226715.9 tps, lat 0.564 ms stddev 0.524, 0 failed
progress: 41.0 s, 227786.6 tps, lat 0.562 ms stddev 0.529, 0 failed
progress: 42.0 s, 227592.5 tps, lat 0.562 ms stddev 0.528, 0 failed
progress: 43.0 s, 226746.8 tps, lat 0.564 ms stddev 0.528, 0 failed
progress: 44.0 s, 227585.5 tps, lat 0.562 ms stddev 0.532, 0 failed
progress: 45.0 s, 227712.0 tps, lat 0.562 ms stddev 0.529, 0 failed
progress: 46.0 s, 227578.8 tps, lat 0.562 ms stddev 0.525, 0 failed
progress: 47.0 s, 227532.2 tps, lat 0.562 ms stddev 0.511, 0 failed
progress: 48.0 s, 227091.7 tps, lat 0.563 ms stddev 0.533, 0 failed
progress: 49.0 s, 227141.5 tps, lat 0.563 ms stddev 0.526, 0 failed
progress: 50.0 s, 227543.4 tps, lat 0.562 ms stddev 0.519, 0 failed
progress: 51.0 s, 227473.6 tps, lat 0.562 ms stddev 0.525, 0 failed
progress: 52.0 s, 226778.5 tps, lat 0.564 ms stddev 0.528, 0 failed
progress: 53.0 s, 227545.2 tps, lat 0.562 ms stddev 0.518, 0 failed
progress: 54.0 s, 227910.9 tps, lat 0.561 ms stddev 0.531, 0 failed
progress: 55.0 s, 227703.4 tps, lat 0.562 ms stddev 0.526, 0 failed
progress: 56.0 s, 227613.7 tps, lat 0.562 ms stddev 0.522, 0 failed
progress: 57.0 s, 227723.6 tps, lat 0.562 ms stddev 0.524, 0 failed
progress: 58.0 s, 228131.0 tps, lat 0.561 ms stddev 0.526, 0 failed
progress: 59.0 s, 227563.8 tps, lat 0.562 ms stddev 0.529, 0 failed
transaction type: star-1-left.sql
scaling factor: 1
query mode: prepared
number of clients: 128
number of threads: 128
maximum number of tries: 1
duration: 60 s
number of transactions actually processed: 13604553
number of failed transactions: 0 (0.000%)
latency average = 0.564 ms
latency stddev = 0.548 ms
initial connection time = 81.518 ms
tps = 226933.529694 (without initial connection time)
