pgbench (18devel, server 10.23)
progress: 1.0 s, 1551.9 tps, lat 20.213 ms stddev 6.745, 0 failed
progress: 2.0 s, 1854.9 tps, lat 17.333 ms stddev 2.775, 0 failed
progress: 3.0 s, 1897.1 tps, lat 16.842 ms stddev 0.233, 0 failed
progress: 4.0 s, 1889.9 tps, lat 16.917 ms stddev 1.252, 0 failed
progress: 5.0 s, 1897.1 tps, lat 16.890 ms stddev 1.073, 0 failed
progress: 6.0 s, 1902.0 tps, lat 16.820 ms stddev 0.188, 0 failed
progress: 7.0 s, 1903.0 tps, lat 16.805 ms stddev 0.178, 0 failed
progress: 8.0 s, 1906.9 tps, lat 16.810 ms stddev 0.174, 0 failed
progress: 9.0 s, 1883.1 tps, lat 16.976 ms stddev 1.421, 0 failed
progress: 10.0 s, 1886.9 tps, lat 16.964 ms stddev 1.443, 0 failed
progress: 11.0 s, 1890.0 tps, lat 16.875 ms stddev 0.195, 0 failed
progress: 12.0 s, 1879.0 tps, lat 16.976 ms stddev 1.085, 0 failed
progress: 13.0 s, 1869.1 tps, lat 17.237 ms stddev 2.331, 0 failed
progress: 14.0 s, 1897.0 tps, lat 16.841 ms stddev 0.203, 0 failed
progress: 15.0 s, 1903.9 tps, lat 16.818 ms stddev 0.184, 0 failed
progress: 16.0 s, 1892.0 tps, lat 16.884 ms stddev 0.207, 0 failed
progress: 17.0 s, 1897.0 tps, lat 16.875 ms stddev 0.174, 0 failed
progress: 18.0 s, 1888.1 tps, lat 16.914 ms stddev 0.913, 0 failed
progress: 19.0 s, 1894.0 tps, lat 16.928 ms stddev 1.160, 0 failed
progress: 20.0 s, 1898.0 tps, lat 16.871 ms stddev 0.191, 0 failed
progress: 21.0 s, 1890.0 tps, lat 16.941 ms stddev 1.057, 0 failed
progress: 22.0 s, 1901.0 tps, lat 16.818 ms stddev 0.190, 0 failed
progress: 23.0 s, 1903.0 tps, lat 16.826 ms stddev 0.208, 0 failed
progress: 24.0 s, 1900.0 tps, lat 16.828 ms stddev 0.198, 0 failed
progress: 25.0 s, 1900.0 tps, lat 16.843 ms stddev 0.253, 0 failed
progress: 26.0 s, 1903.9 tps, lat 16.811 ms stddev 0.184, 0 failed
progress: 27.0 s, 1905.0 tps, lat 16.816 ms stddev 0.197, 0 failed
progress: 28.0 s, 1903.1 tps, lat 16.822 ms stddev 0.204, 0 failed
progress: 29.0 s, 1900.0 tps, lat 16.816 ms stddev 0.185, 0 failed
progress: 30.0 s, 1904.0 tps, lat 16.820 ms stddev 0.206, 0 failed
progress: 31.0 s, 1899.0 tps, lat 16.812 ms stddev 0.192, 0 failed
progress: 32.0 s, 1909.0 tps, lat 16.809 ms stddev 0.175, 0 failed
progress: 33.0 s, 1901.0 tps, lat 16.825 ms stddev 0.188, 0 failed
progress: 34.0 s, 1903.0 tps, lat 16.821 ms stddev 0.165, 0 failed
progress: 35.0 s, 1898.0 tps, lat 16.818 ms stddev 0.169, 0 failed
progress: 36.0 s, 1893.0 tps, lat 16.951 ms stddev 1.468, 0 failed
progress: 37.0 s, 1900.0 tps, lat 16.832 ms stddev 0.196, 0 failed
progress: 38.0 s, 1901.0 tps, lat 16.815 ms stddev 0.218, 0 failed
progress: 39.0 s, 1902.0 tps, lat 16.814 ms stddev 0.211, 0 failed
progress: 40.0 s, 1906.0 tps, lat 16.813 ms stddev 0.203, 0 failed
progress: 41.0 s, 1901.0 tps, lat 16.819 ms stddev 0.204, 0 failed
progress: 42.0 s, 1907.0 tps, lat 16.811 ms stddev 0.206, 0 failed
progress: 43.0 s, 1901.0 tps, lat 16.809 ms stddev 0.205, 0 failed
progress: 44.0 s, 1904.0 tps, lat 16.807 ms stddev 0.166, 0 failed
progress: 45.0 s, 1901.0 tps, lat 16.810 ms stddev 0.169, 0 failed
progress: 46.0 s, 1909.0 tps, lat 16.819 ms stddev 0.180, 0 failed
progress: 47.0 s, 1898.9 tps, lat 16.818 ms stddev 0.178, 0 failed
progress: 48.0 s, 1901.1 tps, lat 16.815 ms stddev 0.197, 0 failed
progress: 49.0 s, 1906.9 tps, lat 16.814 ms stddev 0.195, 0 failed
progress: 50.0 s, 1898.0 tps, lat 16.822 ms stddev 0.205, 0 failed
progress: 51.0 s, 1902.1 tps, lat 16.830 ms stddev 0.213, 0 failed
progress: 52.0 s, 1905.9 tps, lat 16.832 ms stddev 0.215, 0 failed
progress: 53.0 s, 1896.1 tps, lat 16.830 ms stddev 0.197, 0 failed
progress: 54.0 s, 1903.9 tps, lat 16.811 ms stddev 0.192, 0 failed
progress: 55.0 s, 1906.1 tps, lat 16.819 ms stddev 0.199, 0 failed
progress: 56.0 s, 1900.0 tps, lat 16.811 ms stddev 0.170, 0 failed
progress: 57.0 s, 1908.0 tps, lat 16.816 ms stddev 0.215, 0 failed
progress: 58.0 s, 1900.0 tps, lat 16.808 ms stddev 0.182, 0 failed
progress: 59.0 s, 1889.0 tps, lat 16.924 ms stddev 1.275, 0 failed
transaction type: star-1.sql
scaling factor: 1
query mode: simple
number of clients: 32
number of threads: 32
maximum number of tries: 1
duration: 60 s
number of transactions actually processed: 113553
number of failed transactions: 0 (0.000%)
latency average = 16.904 ms
latency stddev = 1.131 ms
initial connection time = 21.889 ms
tps = 1892.703877 (without initial connection time)
