pgbench (18devel, server 8.0.26)
progress: 5.5 s, 135.2 tps, lat 611.943 ms stddev 1424.370, 0 failed
progress: 6.0 s, 2751.4 tps, lat 146.452 ms stddev 684.126, 0 failed
progress: 7.0 s, 3499.8 tps, lat 36.209 ms stddev 33.602, 0 failed
progress: 8.0 s, 3411.2 tps, lat 37.928 ms stddev 33.885, 0 failed
progress: 9.0 s, 3743.9 tps, lat 34.055 ms stddev 34.020, 0 failed
progress: 10.0 s, 4305.3 tps, lat 29.619 ms stddev 28.640, 0 failed
progress: 11.0 s, 4181.8 tps, lat 30.583 ms stddev 28.538, 0 failed
progress: 12.0 s, 4299.2 tps, lat 29.608 ms stddev 28.117, 0 failed
progress: 13.0 s, 4052.7 tps, lat 31.817 ms stddev 29.558, 0 failed
progress: 14.0 s, 4181.9 tps, lat 30.032 ms stddev 24.944, 0 failed
progress: 15.0 s, 4025.4 tps, lat 32.902 ms stddev 34.163, 0 failed
progress: 16.0 s, 4684.8 tps, lat 27.109 ms stddev 26.385, 0 failed
progress: 17.0 s, 4517.2 tps, lat 28.625 ms stddev 29.308, 0 failed
progress: 18.0 s, 5472.8 tps, lat 23.579 ms stddev 21.331, 0 failed
progress: 19.0 s, 4166.9 tps, lat 29.626 ms stddev 29.002, 0 failed
progress: 20.0 s, 4183.0 tps, lat 31.184 ms stddev 27.835, 0 failed
progress: 21.0 s, 4068.1 tps, lat 31.410 ms stddev 26.331, 0 failed
progress: 22.0 s, 5250.9 tps, lat 24.800 ms stddev 25.014, 0 failed
progress: 23.0 s, 6119.1 tps, lat 20.416 ms stddev 19.058, 0 failed
progress: 24.0 s, 5381.0 tps, lat 24.179 ms stddev 23.968, 0 failed
progress: 25.0 s, 6379.0 tps, lat 20.141 ms stddev 17.510, 0 failed
progress: 26.0 s, 4582.9 tps, lat 27.395 ms stddev 26.902, 0 failed
progress: 27.0 s, 5316.3 tps, lat 24.770 ms stddev 21.433, 0 failed
progress: 28.0 s, 4734.6 tps, lat 25.786 ms stddev 23.108, 0 failed
progress: 29.0 s, 4726.2 tps, lat 28.236 ms stddev 30.226, 0 failed
progress: 30.0 s, 5821.2 tps, lat 21.903 ms stddev 20.547, 0 failed
progress: 31.0 s, 5678.6 tps, lat 22.600 ms stddev 21.712, 0 failed
progress: 32.0 s, 3587.1 tps, lat 35.330 ms stddev 32.953, 0 failed
progress: 33.0 s, 3927.1 tps, lat 32.129 ms stddev 28.363, 0 failed
progress: 34.0 s, 4265.8 tps, lat 30.168 ms stddev 30.905, 0 failed
progress: 35.0 s, 5381.2 tps, lat 23.968 ms stddev 19.744, 0 failed
progress: 36.0 s, 4181.0 tps, lat 30.897 ms stddev 27.741, 0 failed
progress: 37.0 s, 4512.6 tps, lat 28.352 ms stddev 25.198, 0 failed
progress: 38.0 s, 4179.2 tps, lat 30.171 ms stddev 28.053, 0 failed
progress: 39.0 s, 4610.1 tps, lat 27.590 ms stddev 24.888, 0 failed
progress: 40.0 s, 5658.0 tps, lat 23.194 ms stddev 22.494, 0 failed
progress: 41.0 s, 5195.9 tps, lat 24.678 ms stddev 21.119, 0 failed
progress: 42.0 s, 5723.3 tps, lat 21.770 ms stddev 19.904, 0 failed
progress: 43.0 s, 4051.8 tps, lat 32.204 ms stddev 33.574, 0 failed
progress: 44.0 s, 4433.2 tps, lat 28.985 ms stddev 29.406, 0 failed
progress: 45.0 s, 4045.0 tps, lat 31.634 ms stddev 30.668, 0 failed
progress: 46.0 s, 5074.0 tps, lat 25.229 ms stddev 25.365, 0 failed
progress: 47.0 s, 4110.9 tps, lat 29.960 ms stddev 27.915, 0 failed
progress: 48.0 s, 4819.9 tps, lat 27.284 ms stddev 28.214, 0 failed
progress: 49.0 s, 4365.0 tps, lat 29.296 ms stddev 25.727, 0 failed
progress: 50.0 s, 5810.9 tps, lat 21.493 ms stddev 18.723, 0 failed
progress: 51.0 s, 3486.0 tps, lat 36.380 ms stddev 37.842, 0 failed
progress: 52.0 s, 4573.1 tps, lat 29.306 ms stddev 27.774, 0 failed
progress: 53.0 s, 4103.0 tps, lat 30.722 ms stddev 29.320, 0 failed
progress: 54.0 s, 5242.9 tps, lat 24.429 ms stddev 23.997, 0 failed
progress: 55.0 s, 4487.1 tps, lat 28.464 ms stddev 28.027, 0 failed
progress: 56.0 s, 4938.8 tps, lat 25.399 ms stddev 25.791, 0 failed
progress: 57.0 s, 5037.1 tps, lat 26.082 ms stddev 22.297, 0 failed
progress: 58.0 s, 4895.3 tps, lat 26.211 ms stddev 22.822, 0 failed
progress: 59.0 s, 5211.9 tps, lat 24.662 ms stddev 22.308, 0 failed
transaction type: star-1.sql
scaling factor: 1
query mode: prepared
number of clients: 128
number of threads: 128
maximum number of tries: 1
duration: 60 s
number of transactions actually processed: 253364
number of failed transactions: 0 (0.000%)
latency average = 29.884 ms
latency stddev = 101.564 ms
initial connection time = 858.437 ms
tps = 4282.116367 (without initial connection time)
