pgbench (18devel, server 14.13)
progress: 1.0 s, 27747.6 tps, lat 4.479 ms stddev 3.340, 0 failed
progress: 2.0 s, 28535.5 tps, lat 4.485 ms stddev 2.341, 0 failed
progress: 3.0 s, 28572.7 tps, lat 4.480 ms stddev 2.343, 0 failed
progress: 4.0 s, 28529.3 tps, lat 4.484 ms stddev 2.314, 0 failed
progress: 5.0 s, 28415.1 tps, lat 4.504 ms stddev 2.335, 0 failed
progress: 6.0 s, 28535.1 tps, lat 4.484 ms stddev 2.619, 0 failed
progress: 7.0 s, 28478.9 tps, lat 4.491 ms stddev 2.630, 0 failed
progress: 8.0 s, 28603.8 tps, lat 4.479 ms stddev 2.618, 0 failed
progress: 9.0 s, 28556.2 tps, lat 4.478 ms stddev 2.608, 0 failed
progress: 10.0 s, 28579.9 tps, lat 4.481 ms stddev 2.598, 0 failed
progress: 11.0 s, 28523.0 tps, lat 4.487 ms stddev 2.616, 0 failed
progress: 12.0 s, 28588.7 tps, lat 4.476 ms stddev 2.550, 0 failed
progress: 13.0 s, 28621.4 tps, lat 4.473 ms stddev 2.582, 0 failed
progress: 14.0 s, 28571.9 tps, lat 4.477 ms stddev 2.636, 0 failed
progress: 15.0 s, 28654.3 tps, lat 4.468 ms stddev 2.623, 0 failed
progress: 16.0 s, 28595.0 tps, lat 4.473 ms stddev 2.583, 0 failed
progress: 17.0 s, 28584.8 tps, lat 4.480 ms stddev 2.635, 0 failed
progress: 18.0 s, 28601.0 tps, lat 4.475 ms stddev 2.532, 0 failed
progress: 19.0 s, 28618.6 tps, lat 4.472 ms stddev 2.660, 0 failed
progress: 20.0 s, 28652.0 tps, lat 4.468 ms stddev 2.671, 0 failed
progress: 21.0 s, 28567.5 tps, lat 4.480 ms stddev 2.600, 0 failed
progress: 22.0 s, 28628.0 tps, lat 4.471 ms stddev 2.638, 0 failed
progress: 23.0 s, 28608.0 tps, lat 4.471 ms stddev 2.611, 0 failed
progress: 24.0 s, 28673.0 tps, lat 4.465 ms stddev 2.570, 0 failed
progress: 25.0 s, 28626.4 tps, lat 4.471 ms stddev 2.589, 0 failed
progress: 26.0 s, 28681.7 tps, lat 4.463 ms stddev 2.623, 0 failed
progress: 27.0 s, 28656.9 tps, lat 4.466 ms stddev 2.581, 0 failed
progress: 28.0 s, 28592.9 tps, lat 4.476 ms stddev 2.585, 0 failed
progress: 29.0 s, 28593.2 tps, lat 4.475 ms stddev 2.658, 0 failed
progress: 30.0 s, 28567.2 tps, lat 4.480 ms stddev 2.637, 0 failed
progress: 31.0 s, 28564.8 tps, lat 4.480 ms stddev 2.567, 0 failed
progress: 32.0 s, 28600.1 tps, lat 4.477 ms stddev 2.581, 0 failed
progress: 33.0 s, 28598.9 tps, lat 4.474 ms stddev 2.673, 0 failed
progress: 34.0 s, 28617.5 tps, lat 4.471 ms stddev 2.611, 0 failed
progress: 35.0 s, 28560.3 tps, lat 4.483 ms stddev 2.675, 0 failed
progress: 36.0 s, 28636.1 tps, lat 4.467 ms stddev 2.658, 0 failed
progress: 37.0 s, 28569.1 tps, lat 4.484 ms stddev 2.599, 0 failed
progress: 38.0 s, 28514.9 tps, lat 4.487 ms stddev 2.676, 0 failed
progress: 39.0 s, 28593.9 tps, lat 4.476 ms stddev 2.572, 0 failed
progress: 40.0 s, 28529.6 tps, lat 4.486 ms stddev 2.608, 0 failed
progress: 41.0 s, 28537.4 tps, lat 4.485 ms stddev 2.627, 0 failed
progress: 42.0 s, 28615.1 tps, lat 4.473 ms stddev 2.594, 0 failed
progress: 43.0 s, 28601.1 tps, lat 4.475 ms stddev 2.636, 0 failed
progress: 44.0 s, 28615.8 tps, lat 4.472 ms stddev 2.675, 0 failed
progress: 45.0 s, 28586.2 tps, lat 4.480 ms stddev 2.692, 0 failed
progress: 46.0 s, 28542.5 tps, lat 4.479 ms stddev 2.620, 0 failed
progress: 47.0 s, 28638.4 tps, lat 4.469 ms stddev 2.624, 0 failed
progress: 48.0 s, 28629.1 tps, lat 4.471 ms stddev 2.619, 0 failed
progress: 49.0 s, 28511.3 tps, lat 4.488 ms stddev 2.661, 0 failed
progress: 50.0 s, 28588.6 tps, lat 4.478 ms stddev 2.563, 0 failed
progress: 51.0 s, 28534.7 tps, lat 4.481 ms stddev 2.579, 0 failed
progress: 52.0 s, 28589.3 tps, lat 4.483 ms stddev 2.679, 0 failed
progress: 53.0 s, 28533.5 tps, lat 4.485 ms stddev 2.612, 0 failed
progress: 54.0 s, 28576.5 tps, lat 4.479 ms stddev 2.659, 0 failed
progress: 55.0 s, 28585.1 tps, lat 4.480 ms stddev 2.603, 0 failed
progress: 56.0 s, 28570.9 tps, lat 4.478 ms stddev 2.631, 0 failed
progress: 57.0 s, 28597.5 tps, lat 4.475 ms stddev 2.604, 0 failed
progress: 58.0 s, 28615.6 tps, lat 4.473 ms stddev 2.619, 0 failed
progress: 59.0 s, 28542.9 tps, lat 4.483 ms stddev 2.584, 0 failed
transaction type: star-1.sql
scaling factor: 1
query mode: simple
number of clients: 128
number of threads: 128
maximum number of tries: 1
duration: 60 s
number of transactions actually processed: 1712762
number of failed transactions: 0 (0.000%)
latency average = 4.478 ms
latency stddev = 2.617 ms
initial connection time = 77.544 ms
tps = 28565.682714 (without initial connection time)
