pgbench (18devel, server 14.13)
progress: 1.0 s, 21148.8 tps, lat 1.499 ms stddev 0.452, 0 failed
progress: 2.0 s, 22232.9 tps, lat 1.438 ms stddev 0.105, 0 failed
progress: 3.0 s, 22123.9 tps, lat 1.446 ms stddev 0.154, 0 failed
progress: 4.0 s, 22146.2 tps, lat 1.444 ms stddev 0.146, 0 failed
progress: 5.0 s, 22392.0 tps, lat 1.429 ms stddev 0.079, 0 failed
progress: 6.0 s, 22419.0 tps, lat 1.427 ms stddev 0.076, 0 failed
progress: 7.0 s, 22285.9 tps, lat 1.435 ms stddev 0.116, 0 failed
progress: 8.0 s, 22254.9 tps, lat 1.438 ms stddev 0.128, 0 failed
progress: 9.0 s, 22191.1 tps, lat 1.441 ms stddev 0.143, 0 failed
progress: 10.0 s, 22203.9 tps, lat 1.441 ms stddev 0.144, 0 failed
progress: 11.0 s, 22372.6 tps, lat 1.430 ms stddev 0.100, 0 failed
progress: 12.0 s, 22502.4 tps, lat 1.421 ms stddev 0.029, 0 failed
progress: 13.0 s, 22322.1 tps, lat 1.433 ms stddev 0.109, 0 failed
progress: 14.0 s, 22424.0 tps, lat 1.427 ms stddev 0.083, 0 failed
progress: 15.0 s, 22411.9 tps, lat 1.427 ms stddev 0.092, 0 failed
progress: 16.0 s, 22497.0 tps, lat 1.422 ms stddev 0.026, 0 failed
progress: 17.0 s, 22422.0 tps, lat 1.427 ms stddev 0.081, 0 failed
progress: 18.0 s, 22411.4 tps, lat 1.427 ms stddev 0.090, 0 failed
progress: 19.0 s, 22495.0 tps, lat 1.422 ms stddev 0.072, 0 failed
progress: 20.0 s, 22374.8 tps, lat 1.430 ms stddev 0.122, 0 failed
progress: 21.0 s, 22324.1 tps, lat 1.433 ms stddev 0.124, 0 failed
progress: 22.0 s, 22300.8 tps, lat 1.434 ms stddev 0.130, 0 failed
progress: 23.0 s, 22419.9 tps, lat 1.427 ms stddev 0.104, 0 failed
progress: 24.0 s, 22355.0 tps, lat 1.431 ms stddev 0.119, 0 failed
progress: 25.0 s, 22314.0 tps, lat 1.434 ms stddev 0.116, 0 failed
progress: 26.0 s, 22398.0 tps, lat 1.428 ms stddev 0.088, 0 failed
progress: 27.0 s, 22432.0 tps, lat 1.426 ms stddev 0.094, 0 failed
progress: 28.0 s, 22365.0 tps, lat 1.430 ms stddev 0.106, 0 failed
progress: 29.0 s, 22410.0 tps, lat 1.427 ms stddev 0.083, 0 failed
progress: 30.0 s, 22514.0 tps, lat 1.421 ms stddev 0.024, 0 failed
progress: 31.0 s, 22523.0 tps, lat 1.420 ms stddev 0.026, 0 failed
progress: 32.0 s, 22345.0 tps, lat 1.432 ms stddev 0.115, 0 failed
progress: 33.0 s, 22540.9 tps, lat 1.419 ms stddev 0.023, 0 failed
progress: 34.0 s, 22515.0 tps, lat 1.421 ms stddev 0.023, 0 failed
progress: 35.0 s, 22521.1 tps, lat 1.420 ms stddev 0.024, 0 failed
progress: 36.0 s, 22577.0 tps, lat 1.417 ms stddev 0.022, 0 failed
progress: 37.0 s, 22567.0 tps, lat 1.417 ms stddev 0.023, 0 failed
progress: 38.0 s, 22559.2 tps, lat 1.418 ms stddev 0.023, 0 failed
progress: 39.0 s, 22548.8 tps, lat 1.419 ms stddev 0.024, 0 failed
progress: 40.0 s, 22450.0 tps, lat 1.425 ms stddev 0.088, 0 failed
progress: 41.0 s, 22488.0 tps, lat 1.422 ms stddev 0.084, 0 failed
progress: 42.0 s, 22584.0 tps, lat 1.416 ms stddev 0.023, 0 failed
progress: 43.0 s, 22546.0 tps, lat 1.419 ms stddev 0.062, 0 failed
progress: 44.0 s, 22518.1 tps, lat 1.421 ms stddev 0.069, 0 failed
progress: 45.0 s, 22464.0 tps, lat 1.424 ms stddev 0.075, 0 failed
progress: 46.0 s, 22484.0 tps, lat 1.422 ms stddev 0.059, 0 failed
progress: 47.0 s, 22550.8 tps, lat 1.419 ms stddev 0.024, 0 failed
progress: 48.0 s, 22456.3 tps, lat 1.424 ms stddev 0.077, 0 failed
progress: 49.0 s, 22479.8 tps, lat 1.423 ms stddev 0.076, 0 failed
progress: 50.0 s, 22315.9 tps, lat 1.433 ms stddev 0.124, 0 failed
progress: 51.0 s, 22562.2 tps, lat 1.418 ms stddev 0.026, 0 failed
progress: 52.0 s, 22386.0 tps, lat 1.429 ms stddev 0.119, 0 failed
progress: 53.0 s, 22373.0 tps, lat 1.430 ms stddev 0.122, 0 failed
progress: 54.0 s, 22395.7 tps, lat 1.428 ms stddev 0.116, 0 failed
progress: 55.0 s, 22457.9 tps, lat 1.424 ms stddev 0.089, 0 failed
progress: 56.0 s, 22292.4 tps, lat 1.435 ms stddev 0.131, 0 failed
progress: 57.0 s, 22473.8 tps, lat 1.423 ms stddev 0.069, 0 failed
progress: 58.0 s, 22334.9 tps, lat 1.432 ms stddev 0.118, 0 failed
progress: 59.0 s, 22437.1 tps, lat 1.426 ms stddev 0.088, 0 failed
transaction type: star-1.sql
scaling factor: 1
query mode: simple
number of clients: 32
number of threads: 32
maximum number of tries: 1
duration: 60 s
number of transactions actually processed: 1343536
number of failed transactions: 0 (0.000%)
latency average = 1.428 ms
latency stddev = 0.107 ms
initial connection time = 20.490 ms
tps = 22399.239550 (without initial connection time)
