pgbench (18devel, server 16.4)
progress: 1.0 s, 15032.9 tps, lat 15.578 ms stddev 24.622, 0 failed
progress: 2.0 s, 17196.3 tps, lat 14.889 ms stddev 22.509, 0 failed
progress: 3.0 s, 16445.3 tps, lat 15.663 ms stddev 22.720, 0 failed
progress: 4.0 s, 16428.3 tps, lat 15.453 ms stddev 22.703, 0 failed
progress: 5.0 s, 16504.2 tps, lat 15.516 ms stddev 23.328, 0 failed
progress: 6.0 s, 16518.6 tps, lat 15.444 ms stddev 23.705, 0 failed
progress: 7.0 s, 16503.7 tps, lat 15.552 ms stddev 24.212, 0 failed
progress: 8.0 s, 16552.6 tps, lat 15.439 ms stddev 24.769, 0 failed
progress: 9.0 s, 16556.6 tps, lat 15.514 ms stddev 24.422, 0 failed
progress: 10.0 s, 16592.3 tps, lat 15.427 ms stddev 24.360, 0 failed
progress: 11.0 s, 16607.9 tps, lat 15.384 ms stddev 24.794, 0 failed
progress: 12.0 s, 16622.9 tps, lat 15.428 ms stddev 24.554, 0 failed
progress: 13.0 s, 16632.4 tps, lat 15.394 ms stddev 24.352, 0 failed
progress: 14.0 s, 16643.0 tps, lat 15.370 ms stddev 24.265, 0 failed
progress: 15.0 s, 16640.2 tps, lat 15.355 ms stddev 24.481, 0 failed
progress: 16.0 s, 16613.8 tps, lat 15.354 ms stddev 24.386, 0 failed
progress: 17.0 s, 16597.0 tps, lat 15.429 ms stddev 24.884, 0 failed
progress: 18.0 s, 16602.1 tps, lat 15.482 ms stddev 25.486, 0 failed
progress: 19.0 s, 16599.6 tps, lat 15.389 ms stddev 24.662, 0 failed
progress: 20.0 s, 16552.5 tps, lat 15.424 ms stddev 23.809, 0 failed
progress: 21.0 s, 16603.9 tps, lat 15.435 ms stddev 25.159, 0 failed
progress: 22.0 s, 16600.4 tps, lat 15.461 ms stddev 24.445, 0 failed
progress: 23.0 s, 16557.5 tps, lat 15.555 ms stddev 24.020, 0 failed
progress: 24.0 s, 16564.4 tps, lat 15.440 ms stddev 24.222, 0 failed
progress: 25.0 s, 16583.7 tps, lat 15.348 ms stddev 25.084, 0 failed
progress: 26.0 s, 16568.1 tps, lat 15.472 ms stddev 23.859, 0 failed
progress: 27.0 s, 16585.9 tps, lat 15.421 ms stddev 24.450, 0 failed
progress: 28.0 s, 16582.7 tps, lat 15.493 ms stddev 24.173, 0 failed
progress: 29.0 s, 16609.4 tps, lat 15.366 ms stddev 23.881, 0 failed
progress: 30.0 s, 16588.0 tps, lat 15.421 ms stddev 24.432, 0 failed
progress: 31.0 s, 16579.9 tps, lat 15.406 ms stddev 24.732, 0 failed
progress: 32.0 s, 16595.0 tps, lat 15.479 ms stddev 25.103, 0 failed
progress: 33.0 s, 16570.0 tps, lat 15.442 ms stddev 24.404, 0 failed
progress: 34.0 s, 16579.5 tps, lat 15.470 ms stddev 24.992, 0 failed
progress: 35.0 s, 16583.5 tps, lat 15.345 ms stddev 24.888, 0 failed
progress: 36.0 s, 16576.2 tps, lat 15.472 ms stddev 24.341, 0 failed
progress: 37.0 s, 16569.4 tps, lat 15.481 ms stddev 24.633, 0 failed
progress: 38.0 s, 16534.6 tps, lat 15.447 ms stddev 22.794, 0 failed
progress: 39.0 s, 16591.0 tps, lat 15.437 ms stddev 25.100, 0 failed
progress: 40.0 s, 16555.0 tps, lat 15.491 ms stddev 24.696, 0 failed
progress: 41.0 s, 16576.8 tps, lat 15.526 ms stddev 24.549, 0 failed
progress: 42.0 s, 16568.1 tps, lat 15.339 ms stddev 23.900, 0 failed
progress: 43.0 s, 16603.0 tps, lat 15.430 ms stddev 25.010, 0 failed
progress: 44.0 s, 16575.3 tps, lat 15.429 ms stddev 24.885, 0 failed
progress: 45.0 s, 16548.6 tps, lat 15.462 ms stddev 24.190, 0 failed
progress: 46.0 s, 16572.2 tps, lat 15.438 ms stddev 24.531, 0 failed
progress: 47.0 s, 16581.7 tps, lat 15.470 ms stddev 24.691, 0 failed
progress: 48.0 s, 16546.4 tps, lat 15.501 ms stddev 24.839, 0 failed
progress: 49.0 s, 16572.2 tps, lat 15.423 ms stddev 24.901, 0 failed
progress: 50.0 s, 16569.8 tps, lat 15.461 ms stddev 24.507, 0 failed
progress: 51.0 s, 16569.0 tps, lat 15.428 ms stddev 24.774, 0 failed
progress: 52.0 s, 16556.4 tps, lat 15.472 ms stddev 24.538, 0 failed
progress: 53.0 s, 16579.5 tps, lat 15.443 ms stddev 24.589, 0 failed
progress: 54.0 s, 16588.0 tps, lat 15.409 ms stddev 24.651, 0 failed
progress: 55.0 s, 16537.0 tps, lat 15.490 ms stddev 24.075, 0 failed
progress: 56.0 s, 16545.6 tps, lat 15.521 ms stddev 23.104, 0 failed
progress: 57.0 s, 16566.9 tps, lat 15.372 ms stddev 24.373, 0 failed
progress: 58.0 s, 16565.4 tps, lat 15.555 ms stddev 24.670, 0 failed
progress: 59.0 s, 16580.8 tps, lat 15.421 ms stddev 24.057, 0 failed
transaction type: star-1-left.sql
scaling factor: 1
query mode: simple
number of clients: 256
number of threads: 256
maximum number of tries: 1
duration: 60 s
number of transactions actually processed: 991922
number of failed transactions: 0 (0.000%)
latency average = 15.448 ms
latency stddev = 24.368 ms
initial connection time = 163.582 ms
tps = 16561.042207 (without initial connection time)
