pgbench (18devel, server 16.4)
progress: 1.0 s, 16508.0 tps, lat 3.799 ms stddev 1.557, 0 failed
progress: 2.0 s, 16975.9 tps, lat 3.771 ms stddev 1.086, 0 failed
progress: 3.0 s, 16825.2 tps, lat 3.804 ms stddev 1.069, 0 failed
progress: 4.0 s, 16747.9 tps, lat 3.818 ms stddev 1.066, 0 failed
progress: 5.0 s, 16766.1 tps, lat 3.818 ms stddev 1.068, 0 failed
progress: 6.0 s, 16824.9 tps, lat 3.804 ms stddev 1.069, 0 failed
progress: 7.0 s, 16724.9 tps, lat 3.827 ms stddev 1.059, 0 failed
progress: 8.0 s, 16841.0 tps, lat 3.800 ms stddev 1.061, 0 failed
progress: 9.0 s, 16850.9 tps, lat 3.796 ms stddev 1.066, 0 failed
progress: 10.0 s, 16961.1 tps, lat 3.774 ms stddev 1.079, 0 failed
progress: 11.0 s, 16924.9 tps, lat 3.780 ms stddev 1.074, 0 failed
progress: 12.0 s, 16904.1 tps, lat 3.786 ms stddev 1.072, 0 failed
progress: 13.0 s, 17042.0 tps, lat 3.755 ms stddev 1.080, 0 failed
progress: 14.0 s, 16984.1 tps, lat 3.767 ms stddev 1.079, 0 failed
progress: 15.0 s, 16979.9 tps, lat 3.771 ms stddev 1.069, 0 failed
progress: 16.0 s, 16955.0 tps, lat 3.773 ms stddev 1.076, 0 failed
progress: 17.0 s, 17051.0 tps, lat 3.754 ms stddev 1.077, 0 failed
progress: 18.0 s, 16958.0 tps, lat 3.774 ms stddev 1.073, 0 failed
progress: 19.0 s, 16991.0 tps, lat 3.767 ms stddev 1.075, 0 failed
progress: 20.0 s, 16923.0 tps, lat 3.781 ms stddev 1.068, 0 failed
progress: 21.0 s, 16957.0 tps, lat 3.774 ms stddev 1.073, 0 failed
progress: 22.0 s, 16842.0 tps, lat 3.799 ms stddev 1.071, 0 failed
progress: 23.0 s, 16974.0 tps, lat 3.770 ms stddev 1.079, 0 failed
progress: 24.0 s, 16864.8 tps, lat 3.793 ms stddev 1.071, 0 failed
progress: 25.0 s, 16728.2 tps, lat 3.826 ms stddev 1.064, 0 failed
progress: 26.0 s, 16954.4 tps, lat 3.774 ms stddev 1.079, 0 failed
progress: 27.0 s, 17020.5 tps, lat 3.760 ms stddev 1.082, 0 failed
progress: 28.0 s, 17084.1 tps, lat 3.745 ms stddev 1.085, 0 failed
progress: 29.0 s, 16893.8 tps, lat 3.788 ms stddev 1.075, 0 failed
progress: 30.0 s, 16914.1 tps, lat 3.784 ms stddev 1.081, 0 failed
progress: 31.0 s, 16766.0 tps, lat 3.816 ms stddev 1.074, 0 failed
progress: 32.0 s, 16953.0 tps, lat 3.775 ms stddev 1.077, 0 failed
progress: 33.0 s, 16795.9 tps, lat 3.810 ms stddev 1.074, 0 failed
progress: 34.0 s, 16830.2 tps, lat 3.803 ms stddev 1.069, 0 failed
progress: 35.0 s, 16825.9 tps, lat 3.804 ms stddev 1.069, 0 failed
progress: 36.0 s, 16804.0 tps, lat 3.807 ms stddev 1.067, 0 failed
progress: 37.0 s, 17129.0 tps, lat 3.736 ms stddev 1.084, 0 failed
progress: 38.0 s, 17034.0 tps, lat 3.755 ms stddev 1.088, 0 failed
progress: 39.0 s, 16914.0 tps, lat 3.785 ms stddev 1.073, 0 failed
progress: 40.0 s, 16810.0 tps, lat 3.806 ms stddev 1.068, 0 failed
progress: 41.0 s, 16900.1 tps, lat 3.788 ms stddev 1.074, 0 failed
progress: 42.0 s, 16782.9 tps, lat 3.813 ms stddev 1.069, 0 failed
progress: 43.0 s, 16759.9 tps, lat 3.816 ms stddev 1.070, 0 failed
progress: 44.0 s, 17022.1 tps, lat 3.760 ms stddev 1.079, 0 failed
progress: 45.0 s, 16944.1 tps, lat 3.778 ms stddev 1.074, 0 failed
progress: 46.0 s, 16788.8 tps, lat 3.811 ms stddev 1.069, 0 failed
progress: 47.0 s, 16864.1 tps, lat 3.795 ms stddev 1.071, 0 failed
progress: 48.0 s, 16780.0 tps, lat 3.813 ms stddev 1.068, 0 failed
progress: 49.0 s, 16980.0 tps, lat 3.769 ms stddev 1.077, 0 failed
progress: 50.0 s, 16883.1 tps, lat 3.790 ms stddev 1.069, 0 failed
progress: 51.0 s, 16981.0 tps, lat 3.768 ms stddev 1.078, 0 failed
progress: 52.0 s, 17057.9 tps, lat 3.752 ms stddev 1.081, 0 failed
progress: 53.0 s, 16885.0 tps, lat 3.791 ms stddev 1.078, 0 failed
progress: 54.0 s, 16956.0 tps, lat 3.774 ms stddev 1.078, 0 failed
progress: 55.0 s, 16718.1 tps, lat 3.828 ms stddev 1.052, 0 failed
progress: 56.0 s, 16915.9 tps, lat 3.783 ms stddev 1.070, 0 failed
progress: 57.0 s, 16930.9 tps, lat 3.778 ms stddev 1.078, 0 failed
progress: 58.0 s, 16806.0 tps, lat 3.809 ms stddev 1.067, 0 failed
progress: 59.0 s, 16886.0 tps, lat 3.790 ms stddev 1.079, 0 failed
transaction type: star-1-left.sql
scaling factor: 1
query mode: simple
number of clients: 64
number of threads: 64
maximum number of tries: 1
duration: 60 s
number of transactions actually processed: 1013228
number of failed transactions: 0 (0.000%)
latency average = 3.787 ms
latency stddev = 1.083 ms
initial connection time = 44.460 ms
tps = 16898.012837 (without initial connection time)
