pgbench (18devel, server 8.2.23)
progress: 1.0 s, 3487.5 tps, lat 35.039 ms stddev 33.255, 0 failed
progress: 2.0 s, 3352.7 tps, lat 38.200 ms stddev 12.939, 0 failed
progress: 3.0 s, 3444.4 tps, lat 37.129 ms stddev 13.747, 0 failed
progress: 4.0 s, 3398.3 tps, lat 37.770 ms stddev 13.093, 0 failed
progress: 5.0 s, 3429.9 tps, lat 37.159 ms stddev 14.532, 0 failed
progress: 6.0 s, 3492.0 tps, lat 36.628 ms stddev 15.124, 0 failed
progress: 7.0 s, 3454.7 tps, lat 37.185 ms stddev 14.539, 0 failed
progress: 8.0 s, 3511.1 tps, lat 36.335 ms stddev 14.344, 0 failed
progress: 9.0 s, 3694.9 tps, lat 34.738 ms stddev 16.587, 0 failed
progress: 10.0 s, 3336.3 tps, lat 38.266 ms stddev 14.486, 0 failed
progress: 11.0 s, 3396.2 tps, lat 37.705 ms stddev 14.434, 0 failed
progress: 12.0 s, 3580.0 tps, lat 35.945 ms stddev 14.763, 0 failed
progress: 13.0 s, 3384.9 tps, lat 37.641 ms stddev 14.600, 0 failed
progress: 14.0 s, 3418.1 tps, lat 37.485 ms stddev 14.308, 0 failed
progress: 15.0 s, 3522.8 tps, lat 36.397 ms stddev 14.600, 0 failed
progress: 16.0 s, 3440.1 tps, lat 37.061 ms stddev 14.731, 0 failed
progress: 17.0 s, 3842.8 tps, lat 33.413 ms stddev 16.637, 0 failed
progress: 18.0 s, 3407.7 tps, lat 37.489 ms stddev 14.005, 0 failed
progress: 19.0 s, 3473.1 tps, lat 36.783 ms stddev 14.379, 0 failed
progress: 20.0 s, 3508.4 tps, lat 36.518 ms stddev 14.683, 0 failed
progress: 21.0 s, 3558.3 tps, lat 36.041 ms stddev 14.983, 0 failed
progress: 22.0 s, 3625.8 tps, lat 35.479 ms stddev 15.507, 0 failed
progress: 23.0 s, 3337.8 tps, lat 38.080 ms stddev 14.033, 0 failed
progress: 24.0 s, 3553.4 tps, lat 36.158 ms stddev 14.372, 0 failed
progress: 25.0 s, 3629.4 tps, lat 35.156 ms stddev 14.861, 0 failed
progress: 26.0 s, 3469.0 tps, lat 36.899 ms stddev 14.772, 0 failed
progress: 27.0 s, 3506.2 tps, lat 36.524 ms stddev 14.787, 0 failed
progress: 28.0 s, 3348.9 tps, lat 38.106 ms stddev 14.596, 0 failed
progress: 29.0 s, 3487.1 tps, lat 37.269 ms stddev 14.829, 0 failed
progress: 30.0 s, 3380.7 tps, lat 37.215 ms stddev 14.144, 0 failed
progress: 31.0 s, 3635.3 tps, lat 35.432 ms stddev 15.921, 0 failed
progress: 32.0 s, 3728.0 tps, lat 34.267 ms stddev 16.262, 0 failed
progress: 33.0 s, 3548.7 tps, lat 36.051 ms stddev 14.523, 0 failed
progress: 34.0 s, 3506.8 tps, lat 36.505 ms stddev 14.687, 0 failed
progress: 35.0 s, 3601.4 tps, lat 35.562 ms stddev 15.284, 0 failed
progress: 36.0 s, 3456.8 tps, lat 36.986 ms stddev 14.900, 0 failed
progress: 37.0 s, 3601.1 tps, lat 35.517 ms stddev 15.200, 0 failed
progress: 38.0 s, 3548.6 tps, lat 36.111 ms stddev 15.115, 0 failed
progress: 39.0 s, 3344.3 tps, lat 38.162 ms stddev 14.273, 0 failed
progress: 40.0 s, 3555.1 tps, lat 36.154 ms stddev 14.483, 0 failed
progress: 41.0 s, 3724.6 tps, lat 34.267 ms stddev 15.975, 0 failed
progress: 42.0 s, 3491.4 tps, lat 36.643 ms stddev 14.411, 0 failed
progress: 43.0 s, 3624.8 tps, lat 35.364 ms stddev 16.037, 0 failed
progress: 44.0 s, 3583.0 tps, lat 35.754 ms stddev 14.921, 0 failed
progress: 45.0 s, 3432.4 tps, lat 37.308 ms stddev 14.962, 0 failed
progress: 46.0 s, 3567.1 tps, lat 35.816 ms stddev 15.194, 0 failed
progress: 47.0 s, 3418.9 tps, lat 37.394 ms stddev 14.155, 0 failed
progress: 48.0 s, 3398.2 tps, lat 37.758 ms stddev 13.936, 0 failed
progress: 49.0 s, 3360.5 tps, lat 38.096 ms stddev 14.485, 0 failed
progress: 50.0 s, 3358.8 tps, lat 37.976 ms stddev 14.122, 0 failed
progress: 51.0 s, 3566.0 tps, lat 35.981 ms stddev 14.470, 0 failed
progress: 52.0 s, 3493.9 tps, lat 36.581 ms stddev 14.017, 0 failed
progress: 53.0 s, 3554.5 tps, lat 36.107 ms stddev 14.434, 0 failed
progress: 54.0 s, 3479.6 tps, lat 36.679 ms stddev 14.483, 0 failed
progress: 55.0 s, 3662.3 tps, lat 34.979 ms stddev 15.061, 0 failed
progress: 56.0 s, 3394.0 tps, lat 37.781 ms stddev 14.336, 0 failed
progress: 57.0 s, 3513.8 tps, lat 36.454 ms stddev 14.972, 0 failed
progress: 58.0 s, 3505.7 tps, lat 36.477 ms stddev 14.609, 0 failed
progress: 59.0 s, 3505.4 tps, lat 36.389 ms stddev 14.542, 0 failed
transaction type: star-1.sql
scaling factor: 1
query mode: simple
number of clients: 128
number of threads: 128
maximum number of tries: 1
duration: 60 s
number of transactions actually processed: 210016
number of failed transactions: 0 (0.000%)
latency average = 36.527 ms
latency stddev = 15.264 ms
initial connection time = 76.786 ms
tps = 3503.209713 (without initial connection time)
