pgbench (18devel, server 8.2.23)
progress: 1.0 s, 18711.0 tps, lat 0.850 ms stddev 0.657, 0 failed
progress: 2.0 s, 19557.9 tps, lat 0.818 ms stddev 0.161, 0 failed
progress: 3.0 s, 20124.1 tps, lat 0.795 ms stddev 0.159, 0 failed
progress: 4.0 s, 19935.0 tps, lat 0.802 ms stddev 0.161, 0 failed
progress: 5.0 s, 19889.0 tps, lat 0.804 ms stddev 0.152, 0 failed
progress: 6.0 s, 19765.0 tps, lat 0.809 ms stddev 0.177, 0 failed
progress: 7.0 s, 20036.0 tps, lat 0.798 ms stddev 0.149, 0 failed
progress: 8.0 s, 19957.0 tps, lat 0.801 ms stddev 0.160, 0 failed
progress: 9.0 s, 20173.0 tps, lat 0.793 ms stddev 0.138, 0 failed
progress: 10.0 s, 20236.9 tps, lat 0.790 ms stddev 0.134, 0 failed
progress: 11.0 s, 19988.0 tps, lat 0.800 ms stddev 0.139, 0 failed
progress: 12.0 s, 20103.1 tps, lat 0.796 ms stddev 0.125, 0 failed
progress: 13.0 s, 19879.0 tps, lat 0.804 ms stddev 0.177, 0 failed
progress: 14.0 s, 20067.0 tps, lat 0.797 ms stddev 0.154, 0 failed
progress: 15.0 s, 19451.1 tps, lat 0.822 ms stddev 0.191, 0 failed
progress: 16.0 s, 19471.9 tps, lat 0.821 ms stddev 0.189, 0 failed
progress: 17.0 s, 20095.9 tps, lat 0.796 ms stddev 0.127, 0 failed
progress: 18.0 s, 19612.1 tps, lat 0.815 ms stddev 0.194, 0 failed
progress: 19.0 s, 19422.0 tps, lat 0.823 ms stddev 0.200, 0 failed
progress: 20.0 s, 19844.8 tps, lat 0.806 ms stddev 0.157, 0 failed
progress: 21.0 s, 19732.1 tps, lat 0.810 ms stddev 0.168, 0 failed
progress: 22.0 s, 19983.1 tps, lat 0.800 ms stddev 0.152, 0 failed
progress: 23.0 s, 20324.0 tps, lat 0.787 ms stddev 0.131, 0 failed
progress: 24.0 s, 19891.0 tps, lat 0.804 ms stddev 0.173, 0 failed
progress: 25.0 s, 20045.0 tps, lat 0.798 ms stddev 0.142, 0 failed
progress: 26.0 s, 19295.0 tps, lat 0.829 ms stddev 0.235, 0 failed
progress: 27.0 s, 19434.0 tps, lat 0.823 ms stddev 0.238, 0 failed
progress: 28.0 s, 20088.0 tps, lat 0.796 ms stddev 0.132, 0 failed
progress: 29.0 s, 19756.0 tps, lat 0.809 ms stddev 0.171, 0 failed
progress: 30.0 s, 20181.0 tps, lat 0.792 ms stddev 0.144, 0 failed
progress: 31.0 s, 19992.0 tps, lat 0.799 ms stddev 0.172, 0 failed
progress: 32.0 s, 20553.0 tps, lat 0.779 ms stddev 0.130, 0 failed
progress: 33.0 s, 20038.0 tps, lat 0.798 ms stddev 0.156, 0 failed
progress: 34.0 s, 20162.0 tps, lat 0.793 ms stddev 0.157, 0 failed
progress: 35.0 s, 20174.0 tps, lat 0.793 ms stddev 0.153, 0 failed
progress: 36.0 s, 20217.0 tps, lat 0.791 ms stddev 0.131, 0 failed
progress: 37.0 s, 20179.0 tps, lat 0.792 ms stddev 0.128, 0 failed
progress: 38.0 s, 20072.0 tps, lat 0.797 ms stddev 0.156, 0 failed
progress: 39.0 s, 19692.0 tps, lat 0.812 ms stddev 0.171, 0 failed
progress: 40.0 s, 20081.0 tps, lat 0.796 ms stddev 0.136, 0 failed
progress: 41.0 s, 20606.0 tps, lat 0.776 ms stddev 0.085, 0 failed
progress: 42.0 s, 20174.9 tps, lat 0.793 ms stddev 0.127, 0 failed
progress: 43.0 s, 20260.0 tps, lat 0.789 ms stddev 0.149, 0 failed
progress: 44.0 s, 20163.0 tps, lat 0.793 ms stddev 0.134, 0 failed
progress: 45.0 s, 19990.9 tps, lat 0.800 ms stddev 0.159, 0 failed
progress: 46.0 s, 20053.0 tps, lat 0.797 ms stddev 0.161, 0 failed
progress: 47.0 s, 20400.1 tps, lat 0.784 ms stddev 0.142, 0 failed
progress: 48.0 s, 19710.9 tps, lat 0.811 ms stddev 0.186, 0 failed
progress: 49.0 s, 19804.1 tps, lat 0.807 ms stddev 0.168, 0 failed
progress: 50.0 s, 19839.9 tps, lat 0.806 ms stddev 0.174, 0 failed
progress: 51.0 s, 20023.8 tps, lat 0.799 ms stddev 0.166, 0 failed
progress: 52.0 s, 19923.3 tps, lat 0.803 ms stddev 0.184, 0 failed
progress: 53.0 s, 19594.9 tps, lat 0.816 ms stddev 0.188, 0 failed
progress: 54.0 s, 20054.1 tps, lat 0.797 ms stddev 0.144, 0 failed
progress: 55.0 s, 20393.0 tps, lat 0.784 ms stddev 0.135, 0 failed
progress: 56.0 s, 20216.0 tps, lat 0.791 ms stddev 0.141, 0 failed
progress: 57.0 s, 19916.0 tps, lat 0.803 ms stddev 0.154, 0 failed
progress: 58.0 s, 19974.0 tps, lat 0.801 ms stddev 0.141, 0 failed
progress: 59.0 s, 20116.0 tps, lat 0.795 ms stddev 0.153, 0 failed
transaction type: star-1.sql
scaling factor: 1
query mode: simple
number of clients: 16
number of threads: 16
maximum number of tries: 1
duration: 60 s
number of transactions actually processed: 1197283
number of failed transactions: 0 (0.000%)
latency average = 0.801 ms
latency stddev = 0.178 ms
initial connection time = 11.710 ms
tps = 19958.297851 (without initial connection time)
