pgbench (18devel, server 8.2.23)
progress: 1.0 s, 11118.0 tps, lat 2.850 ms stddev 1.746, 0 failed
progress: 2.0 s, 8970.0 tps, lat 3.564 ms stddev 1.236, 0 failed
progress: 3.0 s, 9397.3 tps, lat 3.406 ms stddev 1.246, 0 failed
progress: 4.0 s, 9243.9 tps, lat 3.463 ms stddev 1.193, 0 failed
progress: 5.0 s, 9897.1 tps, lat 3.234 ms stddev 1.235, 0 failed
progress: 6.0 s, 8869.0 tps, lat 3.605 ms stddev 1.231, 0 failed
progress: 7.0 s, 9016.0 tps, lat 3.548 ms stddev 1.235, 0 failed
progress: 8.0 s, 9223.9 tps, lat 3.467 ms stddev 1.198, 0 failed
progress: 9.0 s, 9996.1 tps, lat 3.201 ms stddev 1.272, 0 failed
progress: 10.0 s, 10441.0 tps, lat 3.064 ms stddev 1.304, 0 failed
progress: 11.0 s, 9837.8 tps, lat 3.255 ms stddev 1.256, 0 failed
progress: 12.0 s, 9838.2 tps, lat 3.250 ms stddev 1.247, 0 failed
progress: 13.0 s, 9759.1 tps, lat 3.279 ms stddev 1.273, 0 failed
progress: 14.0 s, 9584.0 tps, lat 3.336 ms stddev 1.225, 0 failed
progress: 15.0 s, 9163.8 tps, lat 3.495 ms stddev 1.203, 0 failed
progress: 16.0 s, 8253.1 tps, lat 3.877 ms stddev 1.127, 0 failed
progress: 17.0 s, 8404.1 tps, lat 3.807 ms stddev 1.226, 0 failed
progress: 18.0 s, 8623.8 tps, lat 3.709 ms stddev 1.242, 0 failed
progress: 19.0 s, 8707.0 tps, lat 3.678 ms stddev 1.109, 0 failed
progress: 20.0 s, 8691.3 tps, lat 3.685 ms stddev 1.154, 0 failed
progress: 21.0 s, 8806.7 tps, lat 3.627 ms stddev 1.201, 0 failed
progress: 22.0 s, 8742.3 tps, lat 3.660 ms stddev 1.191, 0 failed
progress: 23.0 s, 8628.9 tps, lat 3.709 ms stddev 1.155, 0 failed
progress: 24.0 s, 8535.8 tps, lat 3.748 ms stddev 1.162, 0 failed
progress: 25.0 s, 8918.2 tps, lat 3.587 ms stddev 1.261, 0 failed
progress: 26.0 s, 8926.1 tps, lat 3.585 ms stddev 1.256, 0 failed
progress: 27.0 s, 8738.7 tps, lat 3.660 ms stddev 1.144, 0 failed
progress: 28.0 s, 8649.0 tps, lat 3.702 ms stddev 1.140, 0 failed
progress: 29.0 s, 8601.0 tps, lat 3.717 ms stddev 1.138, 0 failed
progress: 30.0 s, 9354.3 tps, lat 3.421 ms stddev 1.194, 0 failed
progress: 31.0 s, 9402.7 tps, lat 3.402 ms stddev 1.196, 0 failed
progress: 32.0 s, 9023.3 tps, lat 3.552 ms stddev 1.154, 0 failed
progress: 33.0 s, 9090.0 tps, lat 3.513 ms stddev 1.186, 0 failed
progress: 34.0 s, 9330.6 tps, lat 3.431 ms stddev 1.196, 0 failed
progress: 35.0 s, 9290.1 tps, lat 3.443 ms stddev 1.136, 0 failed
progress: 36.0 s, 8805.0 tps, lat 3.633 ms stddev 1.003, 0 failed
progress: 37.0 s, 9275.0 tps, lat 3.448 ms stddev 1.163, 0 failed
progress: 38.0 s, 9383.2 tps, lat 3.410 ms stddev 1.185, 0 failed
progress: 39.0 s, 9488.8 tps, lat 3.373 ms stddev 1.233, 0 failed
progress: 40.0 s, 8956.0 tps, lat 3.573 ms stddev 1.247, 0 failed
progress: 41.0 s, 8665.0 tps, lat 3.692 ms stddev 1.199, 0 failed
progress: 42.0 s, 8673.0 tps, lat 3.689 ms stddev 1.169, 0 failed
progress: 43.0 s, 8974.1 tps, lat 3.570 ms stddev 1.187, 0 failed
progress: 44.0 s, 9184.0 tps, lat 3.481 ms stddev 1.240, 0 failed
progress: 45.0 s, 8577.1 tps, lat 3.729 ms stddev 1.156, 0 failed
progress: 46.0 s, 8565.9 tps, lat 3.738 ms stddev 1.153, 0 failed
progress: 47.0 s, 8969.0 tps, lat 3.565 ms stddev 1.256, 0 failed
progress: 48.0 s, 9257.2 tps, lat 3.455 ms stddev 1.357, 0 failed
progress: 49.0 s, 8404.0 tps, lat 3.807 ms stddev 1.303, 0 failed
progress: 50.0 s, 8387.7 tps, lat 3.817 ms stddev 1.272, 0 failed
progress: 51.0 s, 8199.0 tps, lat 3.905 ms stddev 1.226, 0 failed
progress: 52.0 s, 8143.0 tps, lat 3.922 ms stddev 1.204, 0 failed
progress: 53.0 s, 8647.2 tps, lat 3.700 ms stddev 1.304, 0 failed
progress: 54.0 s, 8449.8 tps, lat 3.790 ms stddev 1.224, 0 failed
progress: 55.0 s, 8424.0 tps, lat 3.797 ms stddev 1.192, 0 failed
progress: 56.0 s, 8716.1 tps, lat 3.670 ms stddev 1.281, 0 failed
progress: 57.0 s, 8675.9 tps, lat 3.689 ms stddev 1.194, 0 failed
progress: 58.0 s, 8954.0 tps, lat 3.573 ms stddev 1.096, 0 failed
progress: 59.0 s, 8995.0 tps, lat 3.556 ms stddev 1.093, 0 failed
transaction type: star-1.sql
scaling factor: 1
query mode: simple
number of clients: 32
number of threads: 32
maximum number of tries: 1
duration: 60 s
number of transactions actually processed: 541155
number of failed transactions: 0 (0.000%)
latency average = 3.546 ms
latency stddev = 1.238 ms
initial connection time = 21.911 ms
tps = 9022.223123 (without initial connection time)
