pgbench (18devel, server 13.16)
progress: 1.0 s, 9454.7 tps, lat 0.105 ms stddev 0.056, 0 failed
progress: 2.0 s, 9875.8 tps, lat 0.101 ms stddev 0.004, 0 failed
progress: 3.0 s, 9947.0 tps, lat 0.100 ms stddev 0.004, 0 failed
progress: 4.0 s, 9930.0 tps, lat 0.101 ms stddev 0.004, 0 failed
progress: 5.0 s, 9958.2 tps, lat 0.100 ms stddev 0.004, 0 failed
progress: 6.0 s, 9948.0 tps, lat 0.100 ms stddev 0.004, 0 failed
progress: 7.0 s, 9970.9 tps, lat 0.100 ms stddev 0.004, 0 failed
progress: 8.0 s, 9974.5 tps, lat 0.100 ms stddev 0.003, 0 failed
progress: 9.0 s, 9896.5 tps, lat 0.101 ms stddev 0.005, 0 failed
progress: 10.0 s, 9958.3 tps, lat 0.100 ms stddev 0.003, 0 failed
progress: 11.0 s, 9965.8 tps, lat 0.100 ms stddev 0.004, 0 failed
progress: 12.0 s, 9973.0 tps, lat 0.100 ms stddev 0.003, 0 failed
progress: 13.0 s, 9953.0 tps, lat 0.100 ms stddev 0.004, 0 failed
progress: 14.0 s, 9997.0 tps, lat 0.100 ms stddev 0.003, 0 failed
progress: 15.0 s, 9991.0 tps, lat 0.100 ms stddev 0.003, 0 failed
progress: 16.0 s, 10038.0 tps, lat 0.100 ms stddev 0.004, 0 failed
progress: 17.0 s, 9956.0 tps, lat 0.100 ms stddev 0.003, 0 failed
progress: 18.0 s, 9960.0 tps, lat 0.100 ms stddev 0.003, 0 failed
progress: 19.0 s, 9970.4 tps, lat 0.100 ms stddev 0.004, 0 failed
progress: 20.0 s, 9977.6 tps, lat 0.100 ms stddev 0.003, 0 failed
progress: 21.0 s, 10008.1 tps, lat 0.100 ms stddev 0.004, 0 failed
progress: 22.0 s, 10000.9 tps, lat 0.100 ms stddev 0.003, 0 failed
progress: 23.0 s, 9998.2 tps, lat 0.100 ms stddev 0.003, 0 failed
progress: 24.0 s, 9910.1 tps, lat 0.101 ms stddev 0.005, 0 failed
progress: 25.0 s, 9994.1 tps, lat 0.100 ms stddev 0.003, 0 failed
progress: 26.0 s, 9975.2 tps, lat 0.100 ms stddev 0.004, 0 failed
progress: 27.0 s, 9965.5 tps, lat 0.100 ms stddev 0.004, 0 failed
progress: 28.0 s, 9967.0 tps, lat 0.100 ms stddev 0.004, 0 failed
progress: 29.0 s, 9927.1 tps, lat 0.101 ms stddev 0.004, 0 failed
progress: 30.0 s, 9951.9 tps, lat 0.100 ms stddev 0.003, 0 failed
progress: 31.0 s, 9985.3 tps, lat 0.100 ms stddev 0.004, 0 failed
progress: 32.0 s, 9960.7 tps, lat 0.100 ms stddev 0.003, 0 failed
progress: 33.0 s, 9988.9 tps, lat 0.100 ms stddev 0.003, 0 failed
progress: 34.0 s, 9961.1 tps, lat 0.100 ms stddev 0.003, 0 failed
progress: 35.0 s, 10025.2 tps, lat 0.100 ms stddev 0.003, 0 failed
progress: 36.0 s, 9966.8 tps, lat 0.100 ms stddev 0.003, 0 failed
progress: 37.0 s, 9970.0 tps, lat 0.100 ms stddev 0.003, 0 failed
progress: 38.0 s, 9968.1 tps, lat 0.100 ms stddev 0.003, 0 failed
progress: 39.0 s, 9925.9 tps, lat 0.101 ms stddev 0.004, 0 failed
progress: 40.0 s, 9954.1 tps, lat 0.100 ms stddev 0.003, 0 failed
progress: 41.0 s, 9982.9 tps, lat 0.100 ms stddev 0.003, 0 failed
progress: 42.0 s, 10025.0 tps, lat 0.100 ms stddev 0.004, 0 failed
progress: 43.0 s, 9992.0 tps, lat 0.100 ms stddev 0.003, 0 failed
progress: 44.0 s, 9946.0 tps, lat 0.100 ms stddev 0.003, 0 failed
progress: 45.0 s, 9980.0 tps, lat 0.100 ms stddev 0.003, 0 failed
progress: 46.0 s, 9939.0 tps, lat 0.101 ms stddev 0.004, 0 failed
progress: 47.0 s, 9973.4 tps, lat 0.100 ms stddev 0.003, 0 failed
progress: 48.0 s, 9972.0 tps, lat 0.100 ms stddev 0.003, 0 failed
progress: 49.0 s, 9946.9 tps, lat 0.100 ms stddev 0.004, 0 failed
progress: 50.0 s, 9967.6 tps, lat 0.100 ms stddev 0.003, 0 failed
progress: 51.0 s, 9977.1 tps, lat 0.100 ms stddev 0.003, 0 failed
progress: 52.0 s, 10029.9 tps, lat 0.100 ms stddev 0.004, 0 failed
progress: 53.0 s, 9967.0 tps, lat 0.100 ms stddev 0.003, 0 failed
progress: 54.0 s, 9969.0 tps, lat 0.100 ms stddev 0.003, 0 failed
progress: 55.0 s, 10012.0 tps, lat 0.100 ms stddev 0.004, 0 failed
progress: 56.0 s, 9975.1 tps, lat 0.100 ms stddev 0.004, 0 failed
progress: 57.0 s, 9965.9 tps, lat 0.100 ms stddev 0.004, 0 failed
progress: 58.0 s, 9984.5 tps, lat 0.100 ms stddev 0.004, 0 failed
progress: 59.0 s, 9923.5 tps, lat 0.101 ms stddev 0.004, 0 failed
progress: 60.0 s, 9931.5 tps, lat 0.101 ms stddev 0.004, 0 failed
transaction type: star-1.sql
scaling factor: 1
query mode: prepared
number of clients: 1
number of threads: 1
maximum number of tries: 1
duration: 60 s
number of transactions actually processed: 597561
number of failed transactions: 0 (0.000%)
latency average = 0.100 ms
latency stddev = 0.008 ms
initial connection time = 2.106 ms
tps = 9959.675847 (without initial connection time)
