pgbench (18devel, server 13.16)
progress: 1.0 s, 81154.0 tps, lat 1.536 ms stddev 2.235, 0 failed
progress: 2.0 s, 88193.2 tps, lat 1.451 ms stddev 1.560, 0 failed
progress: 3.0 s, 86863.7 tps, lat 1.473 ms stddev 1.604, 0 failed
progress: 4.0 s, 86484.0 tps, lat 1.479 ms stddev 1.612, 0 failed
progress: 5.0 s, 87641.1 tps, lat 1.461 ms stddev 1.584, 0 failed
progress: 6.0 s, 88733.7 tps, lat 1.442 ms stddev 1.548, 0 failed
progress: 7.0 s, 87609.3 tps, lat 1.460 ms stddev 1.592, 0 failed
progress: 8.0 s, 86590.3 tps, lat 1.478 ms stddev 1.616, 0 failed
progress: 9.0 s, 86120.9 tps, lat 1.486 ms stddev 1.624, 0 failed
progress: 10.0 s, 89291.7 tps, lat 1.433 ms stddev 1.540, 0 failed
progress: 11.0 s, 87083.0 tps, lat 1.469 ms stddev 1.613, 0 failed
progress: 12.0 s, 86947.1 tps, lat 1.472 ms stddev 1.612, 0 failed
progress: 13.0 s, 86759.3 tps, lat 1.475 ms stddev 1.618, 0 failed
progress: 14.0 s, 88988.9 tps, lat 1.439 ms stddev 1.557, 0 failed
progress: 15.0 s, 86993.8 tps, lat 1.471 ms stddev 1.624, 0 failed
progress: 16.0 s, 87021.1 tps, lat 1.471 ms stddev 1.622, 0 failed
progress: 17.0 s, 87388.8 tps, lat 1.464 ms stddev 1.606, 0 failed
progress: 18.0 s, 88560.3 tps, lat 1.445 ms stddev 1.561, 0 failed
progress: 19.0 s, 86926.5 tps, lat 1.472 ms stddev 1.612, 0 failed
progress: 20.0 s, 86351.5 tps, lat 1.482 ms stddev 1.628, 0 failed
progress: 21.0 s, 86916.7 tps, lat 1.472 ms stddev 1.615, 0 failed
progress: 22.0 s, 89366.8 tps, lat 1.432 ms stddev 1.545, 0 failed
progress: 23.0 s, 87530.4 tps, lat 1.462 ms stddev 1.601, 0 failed
progress: 24.0 s, 86563.9 tps, lat 1.479 ms stddev 1.620, 0 failed
progress: 25.0 s, 87192.1 tps, lat 1.467 ms stddev 1.610, 0 failed
progress: 26.0 s, 88000.7 tps, lat 1.455 ms stddev 1.572, 0 failed
progress: 27.0 s, 87094.3 tps, lat 1.469 ms stddev 1.604, 0 failed
progress: 28.0 s, 87335.2 tps, lat 1.465 ms stddev 1.606, 0 failed
progress: 29.0 s, 87723.9 tps, lat 1.460 ms stddev 1.603, 0 failed
progress: 30.0 s, 88912.7 tps, lat 1.439 ms stddev 1.551, 0 failed
progress: 31.0 s, 87392.3 tps, lat 1.464 ms stddev 1.600, 0 failed
progress: 32.0 s, 86376.7 tps, lat 1.482 ms stddev 1.629, 0 failed
progress: 33.0 s, 87310.2 tps, lat 1.466 ms stddev 1.609, 0 failed
progress: 34.0 s, 89056.0 tps, lat 1.438 ms stddev 1.559, 0 failed
progress: 35.0 s, 88165.6 tps, lat 1.451 ms stddev 1.578, 0 failed
progress: 36.0 s, 86873.5 tps, lat 1.473 ms stddev 1.609, 0 failed
progress: 37.0 s, 86331.0 tps, lat 1.482 ms stddev 1.632, 0 failed
progress: 38.0 s, 88913.6 tps, lat 1.440 ms stddev 1.553, 0 failed
progress: 39.0 s, 87471.2 tps, lat 1.463 ms stddev 1.608, 0 failed
progress: 40.0 s, 87193.3 tps, lat 1.468 ms stddev 1.617, 0 failed
progress: 41.0 s, 87557.0 tps, lat 1.461 ms stddev 1.594, 0 failed
progress: 42.0 s, 88727.6 tps, lat 1.443 ms stddev 1.565, 0 failed
progress: 43.0 s, 87036.3 tps, lat 1.470 ms stddev 1.614, 0 failed
progress: 44.0 s, 86139.7 tps, lat 1.485 ms stddev 1.636, 0 failed
progress: 45.0 s, 86738.7 tps, lat 1.476 ms stddev 1.624, 0 failed
progress: 46.0 s, 88893.5 tps, lat 1.440 ms stddev 1.557, 0 failed
progress: 47.0 s, 87221.9 tps, lat 1.467 ms stddev 1.609, 0 failed
progress: 48.0 s, 86565.9 tps, lat 1.479 ms stddev 1.627, 0 failed
progress: 49.0 s, 86531.0 tps, lat 1.479 ms stddev 1.619, 0 failed
progress: 50.0 s, 88125.1 tps, lat 1.452 ms stddev 1.576, 0 failed
progress: 51.0 s, 87086.6 tps, lat 1.470 ms stddev 1.617, 0 failed
progress: 52.0 s, 87277.6 tps, lat 1.466 ms stddev 1.611, 0 failed
progress: 53.0 s, 86752.7 tps, lat 1.475 ms stddev 1.634, 0 failed
progress: 54.0 s, 88188.0 tps, lat 1.452 ms stddev 1.567, 0 failed
progress: 55.0 s, 87019.7 tps, lat 1.471 ms stddev 1.608, 0 failed
progress: 56.0 s, 87230.3 tps, lat 1.467 ms stddev 1.601, 0 failed
progress: 57.0 s, 86526.0 tps, lat 1.479 ms stddev 1.629, 0 failed
progress: 58.0 s, 88962.1 tps, lat 1.439 ms stddev 1.549, 0 failed
progress: 59.0 s, 87304.2 tps, lat 1.465 ms stddev 1.610, 0 failed
transaction type: star-1.sql
scaling factor: 1
query mode: prepared
number of clients: 128
number of threads: 128
maximum number of tries: 1
duration: 60 s
number of transactions actually processed: 5237388
number of failed transactions: 0 (0.000%)
latency average = 1.465 ms
latency stddev = 1.611 ms
initial connection time = 74.601 ms
tps = 87356.587023 (without initial connection time)
