pgbench (18devel, server 13.16)
progress: 1.0 s, 111065.0 tps, lat 0.143 ms stddev 0.101, 0 failed
progress: 2.0 s, 114141.1 tps, lat 0.140 ms stddev 0.013, 0 failed
progress: 3.0 s, 115265.3 tps, lat 0.139 ms stddev 0.012, 0 failed
progress: 4.0 s, 114294.2 tps, lat 0.140 ms stddev 0.011, 0 failed
progress: 5.0 s, 115647.2 tps, lat 0.138 ms stddev 0.010, 0 failed
progress: 6.0 s, 116470.4 tps, lat 0.137 ms stddev 0.009, 0 failed
progress: 7.0 s, 117648.7 tps, lat 0.136 ms stddev 0.010, 0 failed
progress: 8.0 s, 117493.7 tps, lat 0.136 ms stddev 0.010, 0 failed
progress: 9.0 s, 116258.2 tps, lat 0.137 ms stddev 0.014, 0 failed
progress: 10.0 s, 117039.0 tps, lat 0.137 ms stddev 0.010, 0 failed
progress: 11.0 s, 117430.0 tps, lat 0.136 ms stddev 0.009, 0 failed
progress: 12.0 s, 116551.0 tps, lat 0.137 ms stddev 0.013, 0 failed
progress: 13.0 s, 116905.0 tps, lat 0.137 ms stddev 0.010, 0 failed
progress: 14.0 s, 117237.1 tps, lat 0.136 ms stddev 0.009, 0 failed
progress: 15.0 s, 116926.8 tps, lat 0.137 ms stddev 0.010, 0 failed
progress: 16.0 s, 116623.5 tps, lat 0.137 ms stddev 0.010, 0 failed
progress: 17.0 s, 117294.2 tps, lat 0.136 ms stddev 0.009, 0 failed
progress: 18.0 s, 116707.1 tps, lat 0.137 ms stddev 0.010, 0 failed
progress: 19.0 s, 115723.7 tps, lat 0.138 ms stddev 0.011, 0 failed
progress: 20.0 s, 116394.3 tps, lat 0.137 ms stddev 0.010, 0 failed
progress: 21.0 s, 117588.5 tps, lat 0.136 ms stddev 0.009, 0 failed
progress: 22.0 s, 116510.0 tps, lat 0.137 ms stddev 0.010, 0 failed
progress: 23.0 s, 115884.8 tps, lat 0.138 ms stddev 0.010, 0 failed
progress: 24.0 s, 114782.6 tps, lat 0.139 ms stddev 0.017, 0 failed
progress: 25.0 s, 114840.3 tps, lat 0.139 ms stddev 0.011, 0 failed
progress: 26.0 s, 113386.8 tps, lat 0.141 ms stddev 0.021, 0 failed
progress: 27.0 s, 115522.4 tps, lat 0.138 ms stddev 0.011, 0 failed
progress: 28.0 s, 115790.5 tps, lat 0.138 ms stddev 0.011, 0 failed
progress: 29.0 s, 115677.8 tps, lat 0.138 ms stddev 0.010, 0 failed
progress: 30.0 s, 116088.7 tps, lat 0.138 ms stddev 0.010, 0 failed
progress: 31.0 s, 116563.1 tps, lat 0.137 ms stddev 0.016, 0 failed
progress: 32.0 s, 116284.4 tps, lat 0.137 ms stddev 0.009, 0 failed
progress: 33.0 s, 116617.3 tps, lat 0.137 ms stddev 0.009, 0 failed
progress: 34.0 s, 116661.6 tps, lat 0.137 ms stddev 0.009, 0 failed
progress: 35.0 s, 116588.0 tps, lat 0.137 ms stddev 0.009, 0 failed
progress: 36.0 s, 115750.0 tps, lat 0.138 ms stddev 0.009, 0 failed
progress: 37.0 s, 115806.2 tps, lat 0.138 ms stddev 0.009, 0 failed
progress: 38.0 s, 115985.8 tps, lat 0.138 ms stddev 0.009, 0 failed
progress: 39.0 s, 116047.0 tps, lat 0.138 ms stddev 0.009, 0 failed
progress: 40.0 s, 117111.8 tps, lat 0.136 ms stddev 0.009, 0 failed
progress: 41.0 s, 115635.9 tps, lat 0.138 ms stddev 0.010, 0 failed
progress: 42.0 s, 115503.9 tps, lat 0.138 ms stddev 0.011, 0 failed
progress: 43.0 s, 114804.0 tps, lat 0.139 ms stddev 0.011, 0 failed
progress: 44.0 s, 114558.0 tps, lat 0.139 ms stddev 0.010, 0 failed
progress: 45.0 s, 113902.9 tps, lat 0.140 ms stddev 0.013, 0 failed
progress: 46.0 s, 113134.5 tps, lat 0.141 ms stddev 0.010, 0 failed
progress: 47.0 s, 113774.0 tps, lat 0.140 ms stddev 0.010, 0 failed
progress: 48.0 s, 113325.7 tps, lat 0.141 ms stddev 0.010, 0 failed
progress: 49.0 s, 114543.0 tps, lat 0.139 ms stddev 0.010, 0 failed
progress: 50.0 s, 116042.5 tps, lat 0.138 ms stddev 0.016, 0 failed
progress: 51.0 s, 115793.9 tps, lat 0.138 ms stddev 0.010, 0 failed
progress: 52.0 s, 114741.7 tps, lat 0.139 ms stddev 0.011, 0 failed
progress: 53.0 s, 117402.1 tps, lat 0.136 ms stddev 0.009, 0 failed
progress: 54.0 s, 117508.7 tps, lat 0.136 ms stddev 0.016, 0 failed
progress: 55.0 s, 116051.6 tps, lat 0.138 ms stddev 0.013, 0 failed
progress: 56.0 s, 117751.9 tps, lat 0.136 ms stddev 0.009, 0 failed
progress: 57.0 s, 115583.9 tps, lat 0.138 ms stddev 0.010, 0 failed
progress: 58.0 s, 115536.9 tps, lat 0.138 ms stddev 0.010, 0 failed
progress: 59.0 s, 115385.4 tps, lat 0.138 ms stddev 0.011, 0 failed
transaction type: star-1.sql
scaling factor: 1
query mode: prepared
number of clients: 16
number of threads: 16
maximum number of tries: 1
duration: 60 s
number of transactions actually processed: 6948832
number of failed transactions: 0 (0.000%)
latency average = 0.138 ms
latency stddev = 0.017 ms
initial connection time = 11.961 ms
tps = 115836.367881 (without initial connection time)
