pgbench (18devel, server 13.16)
progress: 1.0 s, 85650.1 tps, lat 0.735 ms stddev 0.885, 0 failed
progress: 2.0 s, 91376.0 tps, lat 0.700 ms stddev 0.668, 0 failed
progress: 3.0 s, 90152.0 tps, lat 0.710 ms stddev 0.688, 0 failed
progress: 4.0 s, 88565.2 tps, lat 0.722 ms stddev 0.714, 0 failed
progress: 5.0 s, 89095.8 tps, lat 0.718 ms stddev 0.705, 0 failed
progress: 6.0 s, 91399.9 tps, lat 0.700 ms stddev 0.678, 0 failed
progress: 7.0 s, 89740.3 tps, lat 0.713 ms stddev 0.695, 0 failed
progress: 8.0 s, 88851.9 tps, lat 0.720 ms stddev 0.711, 0 failed
progress: 9.0 s, 89370.0 tps, lat 0.716 ms stddev 0.704, 0 failed
progress: 10.0 s, 91324.2 tps, lat 0.700 ms stddev 0.679, 0 failed
progress: 11.0 s, 89971.7 tps, lat 0.711 ms stddev 0.697, 0 failed
progress: 12.0 s, 88791.9 tps, lat 0.721 ms stddev 0.715, 0 failed
progress: 13.0 s, 89031.2 tps, lat 0.719 ms stddev 0.711, 0 failed
progress: 14.0 s, 91807.1 tps, lat 0.697 ms stddev 0.676, 0 failed
progress: 15.0 s, 88549.8 tps, lat 0.722 ms stddev 0.716, 0 failed
progress: 16.0 s, 89027.9 tps, lat 0.719 ms stddev 0.707, 0 failed
progress: 17.0 s, 88280.3 tps, lat 0.725 ms stddev 0.719, 0 failed
progress: 18.0 s, 90802.9 tps, lat 0.705 ms stddev 0.685, 0 failed
progress: 19.0 s, 89080.1 tps, lat 0.718 ms stddev 0.710, 0 failed
progress: 20.0 s, 88749.7 tps, lat 0.721 ms stddev 0.712, 0 failed
progress: 21.0 s, 89303.9 tps, lat 0.716 ms stddev 0.708, 0 failed
progress: 22.0 s, 91406.0 tps, lat 0.700 ms stddev 0.676, 0 failed
progress: 23.0 s, 89785.2 tps, lat 0.712 ms stddev 0.700, 0 failed
progress: 24.0 s, 88697.9 tps, lat 0.721 ms stddev 0.714, 0 failed
progress: 25.0 s, 88439.8 tps, lat 0.724 ms stddev 0.720, 0 failed
progress: 26.0 s, 91250.2 tps, lat 0.701 ms stddev 0.680, 0 failed
progress: 27.0 s, 89966.1 tps, lat 0.711 ms stddev 0.699, 0 failed
progress: 28.0 s, 88944.3 tps, lat 0.719 ms stddev 0.710, 0 failed
progress: 29.0 s, 88327.0 tps, lat 0.724 ms stddev 0.714, 0 failed
progress: 30.0 s, 91353.8 tps, lat 0.701 ms stddev 0.679, 0 failed
progress: 31.0 s, 88543.6 tps, lat 0.723 ms stddev 0.716, 0 failed
progress: 32.0 s, 88909.3 tps, lat 0.720 ms stddev 0.712, 0 failed
progress: 33.0 s, 89179.3 tps, lat 0.717 ms stddev 0.709, 0 failed
progress: 34.0 s, 91900.6 tps, lat 0.696 ms stddev 0.671, 0 failed
progress: 35.0 s, 89277.4 tps, lat 0.717 ms stddev 0.706, 0 failed
progress: 36.0 s, 88134.6 tps, lat 0.726 ms stddev 0.721, 0 failed
progress: 37.0 s, 88399.3 tps, lat 0.724 ms stddev 0.719, 0 failed
progress: 38.0 s, 91738.7 tps, lat 0.698 ms stddev 0.674, 0 failed
progress: 39.0 s, 89300.9 tps, lat 0.717 ms stddev 0.705, 0 failed
progress: 40.0 s, 88611.4 tps, lat 0.722 ms stddev 0.715, 0 failed
progress: 41.0 s, 88994.0 tps, lat 0.719 ms stddev 0.712, 0 failed
progress: 42.0 s, 92091.1 tps, lat 0.695 ms stddev 0.672, 0 failed
progress: 43.0 s, 88935.8 tps, lat 0.719 ms stddev 0.713, 0 failed
progress: 44.0 s, 88661.8 tps, lat 0.722 ms stddev 0.712, 0 failed
progress: 45.0 s, 88859.3 tps, lat 0.720 ms stddev 0.712, 0 failed
progress: 46.0 s, 91437.8 tps, lat 0.700 ms stddev 0.677, 0 failed
progress: 47.0 s, 89252.1 tps, lat 0.717 ms stddev 0.709, 0 failed
progress: 48.0 s, 87701.7 tps, lat 0.730 ms stddev 0.725, 0 failed
progress: 49.0 s, 88312.0 tps, lat 0.725 ms stddev 0.720, 0 failed
progress: 50.0 s, 90856.0 tps, lat 0.704 ms stddev 0.686, 0 failed
progress: 51.0 s, 89727.9 tps, lat 0.713 ms stddev 0.696, 0 failed
progress: 52.0 s, 88858.4 tps, lat 0.720 ms stddev 0.712, 0 failed
progress: 53.0 s, 88957.9 tps, lat 0.719 ms stddev 0.709, 0 failed
progress: 54.0 s, 91332.2 tps, lat 0.701 ms stddev 0.678, 0 failed
progress: 55.0 s, 89374.0 tps, lat 0.716 ms stddev 0.703, 0 failed
progress: 56.0 s, 88781.6 tps, lat 0.721 ms stddev 0.712, 0 failed
progress: 57.0 s, 88471.8 tps, lat 0.723 ms stddev 0.717, 0 failed
progress: 58.0 s, 91230.9 tps, lat 0.701 ms stddev 0.681, 0 failed
progress: 59.0 s, 89568.3 tps, lat 0.714 ms stddev 0.705, 0 failed
transaction type: star-1.sql
scaling factor: 1
query mode: prepared
number of clients: 64
number of threads: 64
maximum number of tries: 1
duration: 60 s
number of transactions actually processed: 5370076
number of failed transactions: 0 (0.000%)
latency average = 0.714 ms
latency stddev = 0.705 ms
initial connection time = 40.214 ms
tps = 89556.986038 (without initial connection time)
