pgbench (18devel, server 8.3.23)
progress: 1.0 s, 5785.7 tps, lat 21.070 ms stddev 27.575, 0 failed
progress: 2.0 s, 3635.6 tps, lat 35.154 ms stddev 19.793, 0 failed
progress: 3.0 s, 2953.2 tps, lat 43.272 ms stddev 15.166, 0 failed
progress: 4.0 s, 5051.3 tps, lat 25.392 ms stddev 20.339, 0 failed
progress: 5.0 s, 3002.8 tps, lat 42.723 ms stddev 15.071, 0 failed
progress: 6.0 s, 5833.0 tps, lat 21.912 ms stddev 20.330, 0 failed
progress: 7.0 s, 4114.0 tps, lat 31.058 ms stddev 20.459, 0 failed
progress: 8.0 s, 2999.5 tps, lat 42.746 ms stddev 15.438, 0 failed
progress: 9.0 s, 6250.0 tps, lat 20.447 ms stddev 19.579, 0 failed
progress: 10.0 s, 3967.2 tps, lat 32.852 ms stddev 20.706, 0 failed
progress: 11.0 s, 4510.0 tps, lat 28.432 ms stddev 21.048, 0 failed
progress: 12.0 s, 3976.3 tps, lat 32.182 ms stddev 20.649, 0 failed
progress: 13.0 s, 4772.4 tps, lat 26.210 ms stddev 20.479, 0 failed
progress: 14.0 s, 2977.5 tps, lat 43.034 ms stddev 15.894, 0 failed
progress: 15.0 s, 2959.4 tps, lat 43.242 ms stddev 15.926, 0 failed
progress: 16.0 s, 3432.9 tps, lat 37.319 ms stddev 18.603, 0 failed
progress: 17.0 s, 4060.0 tps, lat 31.408 ms stddev 20.103, 0 failed
progress: 18.0 s, 5680.5 tps, lat 22.597 ms stddev 20.361, 0 failed
progress: 19.0 s, 3570.0 tps, lat 35.990 ms stddev 18.601, 0 failed
progress: 20.0 s, 3826.3 tps, lat 33.375 ms stddev 20.041, 0 failed
progress: 21.0 s, 3478.2 tps, lat 36.823 ms stddev 18.094, 0 failed
progress: 22.0 s, 5552.4 tps, lat 22.968 ms stddev 19.707, 0 failed
progress: 23.0 s, 3707.6 tps, lat 34.699 ms stddev 19.562, 0 failed
progress: 24.0 s, 5617.2 tps, lat 22.844 ms stddev 19.555, 0 failed
progress: 25.0 s, 3002.7 tps, lat 42.459 ms stddev 15.049, 0 failed
progress: 26.0 s, 5253.0 tps, lat 24.380 ms stddev 20.078, 0 failed
progress: 27.0 s, 7052.1 tps, lat 18.504 ms stddev 18.710, 0 failed
progress: 28.0 s, 6707.9 tps, lat 19.082 ms stddev 18.805, 0 failed
progress: 29.0 s, 5396.9 tps, lat 23.133 ms stddev 20.271, 0 failed
progress: 30.0 s, 4716.0 tps, lat 27.314 ms stddev 20.431, 0 failed
progress: 31.0 s, 3755.9 tps, lat 34.702 ms stddev 19.931, 0 failed
progress: 32.0 s, 7564.9 tps, lat 16.920 ms stddev 17.496, 0 failed
progress: 33.0 s, 4837.6 tps, lat 25.882 ms stddev 20.301, 0 failed
progress: 34.0 s, 6898.1 tps, lat 18.612 ms stddev 18.562, 0 failed
progress: 35.0 s, 4921.7 tps, lat 25.970 ms stddev 20.349, 0 failed
progress: 36.0 s, 3013.7 tps, lat 42.506 ms stddev 14.887, 0 failed
progress: 37.0 s, 3048.8 tps, lat 41.887 ms stddev 15.535, 0 failed
progress: 38.0 s, 3768.0 tps, lat 34.036 ms stddev 19.502, 0 failed
progress: 39.0 s, 3488.4 tps, lat 36.645 ms stddev 18.507, 0 failed
progress: 40.0 s, 4377.3 tps, lat 29.833 ms stddev 20.550, 0 failed
progress: 41.0 s, 4910.0 tps, lat 25.697 ms stddev 20.436, 0 failed
progress: 42.0 s, 4848.5 tps, lat 26.268 ms stddev 20.769, 0 failed
progress: 43.0 s, 5049.3 tps, lat 25.288 ms stddev 20.141, 0 failed
progress: 44.0 s, 5198.1 tps, lat 24.783 ms stddev 20.362, 0 failed
progress: 45.0 s, 3361.1 tps, lat 38.627 ms stddev 18.406, 0 failed
progress: 46.0 s, 3685.2 tps, lat 34.085 ms stddev 19.477, 0 failed
progress: 47.0 s, 3603.8 tps, lat 36.220 ms stddev 18.942, 0 failed
progress: 48.0 s, 3146.9 tps, lat 39.916 ms stddev 17.610, 0 failed
progress: 49.0 s, 3074.0 tps, lat 41.525 ms stddev 14.987, 0 failed
progress: 50.0 s, 4377.5 tps, lat 29.241 ms stddev 21.204, 0 failed
progress: 51.0 s, 5514.5 tps, lat 23.251 ms stddev 20.264, 0 failed
progress: 52.0 s, 4303.5 tps, lat 30.262 ms stddev 20.689, 0 failed
progress: 53.0 s, 3405.8 tps, lat 36.894 ms stddev 18.072, 0 failed
progress: 54.0 s, 2968.7 tps, lat 43.074 ms stddev 14.761, 0 failed
progress: 55.0 s, 3148.9 tps, lat 40.881 ms stddev 15.721, 0 failed
progress: 56.0 s, 4313.9 tps, lat 29.535 ms stddev 21.025, 0 failed
progress: 57.0 s, 5314.1 tps, lat 24.573 ms stddev 20.712, 0 failed
progress: 58.0 s, 4374.3 tps, lat 28.641 ms stddev 20.574, 0 failed
progress: 59.0 s, 3626.2 tps, lat 35.320 ms stddev 18.885, 0 failed
transaction type: star-1-left.sql
scaling factor: 1
query mode: simple
number of clients: 128
number of threads: 128
maximum number of tries: 1
duration: 60 s
number of transactions actually processed: 262742
number of failed transactions: 0 (0.000%)
latency average = 29.198 ms
latency stddev = 20.925 ms
initial connection time = 74.334 ms
tps = 4382.541631 (without initial connection time)
