pgbench (18devel, server 8.3.23)
progress: 1.0 s, 3450.6 tps, lat 66.315 ms stddev 103.004, 0 failed
progress: 2.0 s, 8653.0 tps, lat 29.346 ms stddev 39.961, 0 failed
progress: 3.0 s, 2983.7 tps, lat 85.903 ms stddev 60.384, 0 failed
progress: 4.0 s, 4303.1 tps, lat 59.303 ms stddev 62.635, 0 failed
progress: 5.0 s, 2968.0 tps, lat 85.755 ms stddev 76.907, 0 failed
progress: 6.0 s, 5440.8 tps, lat 47.397 ms stddev 61.779, 0 failed
progress: 7.0 s, 5885.6 tps, lat 44.737 ms stddev 59.895, 0 failed
progress: 8.0 s, 3519.0 tps, lat 69.632 ms stddev 65.100, 0 failed
progress: 9.0 s, 3130.6 tps, lat 82.351 ms stddev 73.858, 0 failed
progress: 10.0 s, 3842.1 tps, lat 66.124 ms stddev 69.306, 0 failed
progress: 11.0 s, 3294.6 tps, lat 79.439 ms stddev 72.927, 0 failed
progress: 12.0 s, 3004.5 tps, lat 84.848 ms stddev 76.759, 0 failed
progress: 13.0 s, 8660.0 tps, lat 30.386 ms stddev 42.527, 0 failed
progress: 14.0 s, 3080.5 tps, lat 79.966 ms stddev 74.746, 0 failed
progress: 15.0 s, 3009.1 tps, lat 84.796 ms stddev 80.758, 0 failed
progress: 16.0 s, 7764.3 tps, lat 35.099 ms stddev 44.947, 0 failed
progress: 17.0 s, 6459.4 tps, lat 36.705 ms stddev 48.415, 0 failed
progress: 18.0 s, 4959.6 tps, lat 52.088 ms stddev 65.807, 0 failed
progress: 19.0 s, 6819.9 tps, lat 37.965 ms stddev 49.011, 0 failed
progress: 20.0 s, 2990.6 tps, lat 84.025 ms stddev 75.705, 0 failed
progress: 21.0 s, 7493.8 tps, lat 34.620 ms stddev 52.386, 0 failed
progress: 22.0 s, 3040.6 tps, lat 84.788 ms stddev 75.373, 0 failed
progress: 23.0 s, 5097.6 tps, lat 49.258 ms stddev 61.103, 0 failed
progress: 24.0 s, 3032.0 tps, lat 85.316 ms stddev 79.004, 0 failed
progress: 25.0 s, 2968.2 tps, lat 85.231 ms stddev 77.796, 0 failed
progress: 26.0 s, 3034.0 tps, lat 84.343 ms stddev 80.013, 0 failed
progress: 27.0 s, 3673.5 tps, lat 70.453 ms stddev 71.748, 0 failed
progress: 28.0 s, 5061.2 tps, lat 51.002 ms stddev 59.398, 0 failed
progress: 29.0 s, 5140.3 tps, lat 49.622 ms stddev 63.839, 0 failed
progress: 30.0 s, 3000.4 tps, lat 85.255 ms stddev 71.706, 0 failed
progress: 31.0 s, 3870.7 tps, lat 65.875 ms stddev 64.540, 0 failed
progress: 32.0 s, 3039.8 tps, lat 83.332 ms stddev 69.920, 0 failed
progress: 33.0 s, 5581.8 tps, lat 45.905 ms stddev 60.329, 0 failed
progress: 34.0 s, 5926.1 tps, lat 43.644 ms stddev 56.406, 0 failed
progress: 35.0 s, 3033.7 tps, lat 84.797 ms stddev 70.873, 0 failed
progress: 36.0 s, 6028.9 tps, lat 42.924 ms stddev 57.123, 0 failed
progress: 37.0 s, 3782.3 tps, lat 70.106 ms stddev 62.336, 0 failed
progress: 38.0 s, 7632.5 tps, lat 31.960 ms stddev 43.022, 0 failed
progress: 39.0 s, 5487.1 tps, lat 47.530 ms stddev 61.659, 0 failed
progress: 40.0 s, 4690.1 tps, lat 53.022 ms stddev 58.499, 0 failed
progress: 41.0 s, 4323.5 tps, lat 60.623 ms stddev 71.275, 0 failed
progress: 42.0 s, 2974.0 tps, lat 84.898 ms stddev 73.942, 0 failed
progress: 43.0 s, 4447.4 tps, lat 57.176 ms stddev 61.240, 0 failed
progress: 44.0 s, 3001.5 tps, lat 85.463 ms stddev 79.289, 0 failed
progress: 45.0 s, 3374.6 tps, lat 74.705 ms stddev 73.906, 0 failed
progress: 46.0 s, 2867.2 tps, lat 91.304 ms stddev 73.371, 0 failed
progress: 47.0 s, 3753.1 tps, lat 67.719 ms stddev 63.561, 0 failed
progress: 48.0 s, 3054.7 tps, lat 83.916 ms stddev 70.931, 0 failed
progress: 49.0 s, 3478.1 tps, lat 75.910 ms stddev 77.126, 0 failed
progress: 50.0 s, 6883.4 tps, lat 36.653 ms stddev 50.397, 0 failed
progress: 51.0 s, 4460.1 tps, lat 57.194 ms stddev 54.733, 0 failed
progress: 52.0 s, 2927.0 tps, lat 86.505 ms stddev 70.038, 0 failed
progress: 53.0 s, 2992.0 tps, lat 84.682 ms stddev 76.690, 0 failed
progress: 54.0 s, 3014.3 tps, lat 85.499 ms stddev 77.600, 0 failed
progress: 55.0 s, 3537.3 tps, lat 73.519 ms stddev 66.246, 0 failed
progress: 56.0 s, 3008.4 tps, lat 84.022 ms stddev 74.531, 0 failed
progress: 57.0 s, 2980.0 tps, lat 85.314 ms stddev 75.209, 0 failed
progress: 58.0 s, 5718.3 tps, lat 46.792 ms stddev 59.045, 0 failed
progress: 59.0 s, 3181.3 tps, lat 81.176 ms stddev 74.088, 0 failed
transaction type: star-1-left.sql
scaling factor: 1
query mode: simple
number of clients: 256
number of threads: 256
maximum number of tries: 1
duration: 60 s
number of transactions actually processed: 260231
number of failed transactions: 0 (0.000%)
latency average = 58.891 ms
latency stddev = 66.907 ms
initial connection time = 147.292 ms
tps = 4345.681531 (without initial connection time)
