pgbench (18devel, server 8.3.23)
progress: 1.0 s, 8185.2 tps, lat 7.625 ms stddev 8.384, 0 failed
progress: 2.0 s, 4123.0 tps, lat 15.501 ms stddev 3.161, 0 failed
progress: 3.0 s, 4159.9 tps, lat 15.386 ms stddev 3.238, 0 failed
progress: 4.0 s, 4144.3 tps, lat 15.459 ms stddev 3.151, 0 failed
progress: 5.0 s, 4102.7 tps, lat 15.590 ms stddev 3.277, 0 failed
progress: 6.0 s, 4140.2 tps, lat 15.478 ms stddev 3.094, 0 failed
progress: 7.0 s, 4199.9 tps, lat 15.222 ms stddev 3.111, 0 failed
progress: 8.0 s, 4227.9 tps, lat 15.138 ms stddev 3.080, 0 failed
progress: 9.0 s, 4106.1 tps, lat 15.560 ms stddev 3.037, 0 failed
progress: 10.0 s, 4158.0 tps, lat 15.426 ms stddev 3.327, 0 failed
progress: 11.0 s, 4361.0 tps, lat 14.674 ms stddev 3.547, 0 failed
progress: 12.0 s, 4148.9 tps, lat 15.401 ms stddev 3.144, 0 failed
progress: 13.0 s, 4149.1 tps, lat 15.434 ms stddev 3.137, 0 failed
progress: 14.0 s, 4136.1 tps, lat 15.469 ms stddev 3.172, 0 failed
progress: 15.0 s, 4256.6 tps, lat 15.042 ms stddev 3.736, 0 failed
progress: 16.0 s, 4010.3 tps, lat 15.966 ms stddev 3.456, 0 failed
progress: 17.0 s, 3896.0 tps, lat 16.392 ms stddev 3.437, 0 failed
progress: 18.0 s, 4091.1 tps, lat 15.666 ms stddev 3.252, 0 failed
progress: 19.0 s, 4209.8 tps, lat 15.232 ms stddev 3.491, 0 failed
progress: 20.0 s, 4138.1 tps, lat 15.432 ms stddev 3.247, 0 failed
progress: 21.0 s, 4127.8 tps, lat 15.521 ms stddev 3.316, 0 failed
progress: 22.0 s, 4059.0 tps, lat 15.773 ms stddev 3.209, 0 failed
progress: 23.0 s, 4018.3 tps, lat 15.911 ms stddev 3.233, 0 failed
progress: 24.0 s, 4210.0 tps, lat 15.199 ms stddev 3.215, 0 failed
progress: 25.0 s, 4142.8 tps, lat 15.458 ms stddev 3.333, 0 failed
progress: 26.0 s, 4205.0 tps, lat 15.219 ms stddev 3.232, 0 failed
progress: 27.0 s, 4103.1 tps, lat 15.601 ms stddev 3.234, 0 failed
progress: 28.0 s, 4084.0 tps, lat 15.661 ms stddev 3.227, 0 failed
progress: 29.0 s, 4209.0 tps, lat 15.211 ms stddev 3.384, 0 failed
progress: 30.0 s, 4215.0 tps, lat 15.178 ms stddev 3.150, 0 failed
progress: 31.0 s, 4305.9 tps, lat 14.878 ms stddev 3.526, 0 failed
progress: 32.0 s, 4119.1 tps, lat 15.512 ms stddev 3.253, 0 failed
progress: 33.0 s, 4154.2 tps, lat 15.427 ms stddev 3.120, 0 failed
progress: 34.0 s, 4296.8 tps, lat 14.900 ms stddev 3.657, 0 failed
progress: 35.0 s, 4240.2 tps, lat 15.081 ms stddev 3.108, 0 failed
progress: 36.0 s, 4176.8 tps, lat 15.348 ms stddev 3.274, 0 failed
progress: 37.0 s, 4163.8 tps, lat 15.331 ms stddev 3.115, 0 failed
progress: 38.0 s, 4136.4 tps, lat 15.468 ms stddev 3.121, 0 failed
progress: 39.0 s, 4111.9 tps, lat 15.569 ms stddev 3.167, 0 failed
progress: 40.0 s, 4157.0 tps, lat 15.397 ms stddev 3.295, 0 failed
progress: 41.0 s, 4223.9 tps, lat 15.162 ms stddev 3.415, 0 failed
progress: 42.0 s, 4114.2 tps, lat 15.527 ms stddev 3.180, 0 failed
progress: 43.0 s, 4085.9 tps, lat 15.693 ms stddev 3.148, 0 failed
progress: 44.0 s, 4120.9 tps, lat 15.530 ms stddev 3.163, 0 failed
progress: 45.0 s, 4208.1 tps, lat 15.183 ms stddev 2.915, 0 failed
progress: 46.0 s, 3978.0 tps, lat 16.092 ms stddev 3.348, 0 failed
progress: 47.0 s, 4284.9 tps, lat 14.931 ms stddev 4.250, 0 failed
progress: 48.0 s, 4159.0 tps, lat 15.405 ms stddev 3.177, 0 failed
progress: 49.0 s, 4157.1 tps, lat 15.412 ms stddev 3.088, 0 failed
progress: 50.0 s, 4095.0 tps, lat 15.591 ms stddev 3.044, 0 failed
progress: 51.0 s, 4199.9 tps, lat 15.238 ms stddev 3.039, 0 failed
progress: 52.0 s, 4082.0 tps, lat 15.681 ms stddev 3.188, 0 failed
progress: 53.0 s, 4168.9 tps, lat 15.367 ms stddev 3.101, 0 failed
progress: 54.0 s, 4178.0 tps, lat 15.310 ms stddev 2.973, 0 failed
progress: 55.0 s, 4151.1 tps, lat 15.408 ms stddev 3.104, 0 failed
progress: 56.0 s, 4106.8 tps, lat 15.587 ms stddev 3.098, 0 failed
progress: 57.0 s, 4015.2 tps, lat 15.946 ms stddev 3.120, 0 failed
progress: 58.0 s, 4174.8 tps, lat 15.344 ms stddev 3.014, 0 failed
progress: 59.0 s, 4181.2 tps, lat 15.297 ms stddev 3.203, 0 failed
transaction type: star-1-left.sql
scaling factor: 1
query mode: simple
number of clients: 64
number of threads: 64
maximum number of tries: 1
duration: 60 s
number of transactions actually processed: 252895
number of failed transactions: 0 (0.000%)
latency average = 15.171 ms
latency stddev = 3.804 ms
initial connection time = 54.866 ms
tps = 4218.013954 (without initial connection time)
