pgbench (18devel, server 9.1.24)
progress: 1.0 s, 2983.6 tps, lat 41.028 ms stddev 46.163, 0 failed
progress: 2.0 s, 3332.0 tps, lat 38.408 ms stddev 14.577, 0 failed
progress: 3.0 s, 3656.0 tps, lat 35.308 ms stddev 14.810, 0 failed
progress: 4.0 s, 3436.1 tps, lat 36.920 ms stddev 14.405, 0 failed
progress: 5.0 s, 3634.7 tps, lat 35.073 ms stddev 15.925, 0 failed
progress: 6.0 s, 3474.9 tps, lat 37.015 ms stddev 15.386, 0 failed
progress: 7.0 s, 3518.9 tps, lat 36.293 ms stddev 15.619, 0 failed
progress: 8.0 s, 3424.9 tps, lat 37.371 ms stddev 15.763, 0 failed
progress: 9.0 s, 3434.2 tps, lat 37.216 ms stddev 14.844, 0 failed
progress: 10.0 s, 3531.2 tps, lat 36.247 ms stddev 14.404, 0 failed
progress: 11.0 s, 3447.4 tps, lat 37.224 ms stddev 15.069, 0 failed
progress: 12.0 s, 3496.0 tps, lat 36.558 ms stddev 15.452, 0 failed
progress: 13.0 s, 3434.9 tps, lat 37.399 ms stddev 15.479, 0 failed
progress: 14.0 s, 4148.2 tps, lat 30.794 ms stddev 15.689, 0 failed
progress: 15.0 s, 3531.0 tps, lat 36.335 ms stddev 14.645, 0 failed
progress: 16.0 s, 3416.1 tps, lat 37.273 ms stddev 15.064, 0 failed
progress: 17.0 s, 3605.9 tps, lat 35.632 ms stddev 15.356, 0 failed
progress: 18.0 s, 3419.0 tps, lat 37.426 ms stddev 15.365, 0 failed
progress: 19.0 s, 3396.0 tps, lat 37.538 ms stddev 15.414, 0 failed
progress: 20.0 s, 3672.9 tps, lat 34.974 ms stddev 14.728, 0 failed
progress: 21.0 s, 3557.1 tps, lat 35.926 ms stddev 15.349, 0 failed
progress: 22.0 s, 3432.2 tps, lat 37.336 ms stddev 14.908, 0 failed
progress: 23.0 s, 3454.4 tps, lat 37.035 ms stddev 15.252, 0 failed
progress: 24.0 s, 3661.2 tps, lat 34.887 ms stddev 15.479, 0 failed
progress: 25.0 s, 3730.5 tps, lat 34.445 ms stddev 15.752, 0 failed
progress: 26.0 s, 3432.8 tps, lat 37.226 ms stddev 15.193, 0 failed
progress: 27.0 s, 3446.9 tps, lat 37.179 ms stddev 15.600, 0 failed
progress: 28.0 s, 3409.9 tps, lat 37.464 ms stddev 14.875, 0 failed
progress: 29.0 s, 3828.1 tps, lat 33.429 ms stddev 15.274, 0 failed
progress: 30.0 s, 3625.2 tps, lat 35.339 ms stddev 15.309, 0 failed
progress: 31.0 s, 3419.3 tps, lat 37.438 ms stddev 15.301, 0 failed
progress: 32.0 s, 3399.6 tps, lat 37.657 ms stddev 15.104, 0 failed
progress: 33.0 s, 3434.3 tps, lat 37.289 ms stddev 14.884, 0 failed
progress: 34.0 s, 3523.4 tps, lat 36.361 ms stddev 15.209, 0 failed
progress: 35.0 s, 3479.0 tps, lat 36.674 ms stddev 15.265, 0 failed
progress: 36.0 s, 3454.1 tps, lat 37.084 ms stddev 15.312, 0 failed
progress: 37.0 s, 4240.9 tps, lat 30.147 ms stddev 16.362, 0 failed
progress: 38.0 s, 3519.8 tps, lat 36.435 ms stddev 15.479, 0 failed
progress: 39.0 s, 3590.8 tps, lat 35.591 ms stddev 15.034, 0 failed
progress: 40.0 s, 3445.3 tps, lat 37.257 ms stddev 15.097, 0 failed
progress: 41.0 s, 4042.5 tps, lat 31.662 ms stddev 16.324, 0 failed
progress: 42.0 s, 3455.3 tps, lat 36.980 ms stddev 14.958, 0 failed
progress: 43.0 s, 3438.7 tps, lat 37.242 ms stddev 14.955, 0 failed
progress: 44.0 s, 3654.3 tps, lat 35.040 ms stddev 15.273, 0 failed
progress: 45.0 s, 3469.5 tps, lat 36.894 ms stddev 15.104, 0 failed
progress: 46.0 s, 3678.6 tps, lat 34.813 ms stddev 15.507, 0 failed
progress: 47.0 s, 3467.7 tps, lat 36.896 ms stddev 14.581, 0 failed
progress: 48.0 s, 3470.9 tps, lat 36.814 ms stddev 14.726, 0 failed
progress: 49.0 s, 3633.4 tps, lat 35.281 ms stddev 15.224, 0 failed
progress: 50.0 s, 3620.7 tps, lat 35.199 ms stddev 14.863, 0 failed
progress: 51.0 s, 3529.4 tps, lat 36.445 ms stddev 14.880, 0 failed
progress: 52.0 s, 3578.4 tps, lat 35.784 ms stddev 15.632, 0 failed
progress: 53.0 s, 3427.7 tps, lat 37.152 ms stddev 15.089, 0 failed
progress: 54.0 s, 3449.8 tps, lat 37.251 ms stddev 15.490, 0 failed
progress: 55.0 s, 3431.2 tps, lat 37.252 ms stddev 14.731, 0 failed
progress: 56.0 s, 3448.6 tps, lat 37.069 ms stddev 14.944, 0 failed
progress: 57.0 s, 3578.2 tps, lat 35.970 ms stddev 15.452, 0 failed
progress: 58.0 s, 3490.9 tps, lat 36.496 ms stddev 14.723, 0 failed
progress: 59.0 s, 3772.3 tps, lat 33.911 ms stddev 15.446, 0 failed
transaction type: star-1.sql
scaling factor: 1
query mode: simple
number of clients: 128
number of threads: 128
maximum number of tries: 1
duration: 60 s
number of transactions actually processed: 212124
number of failed transactions: 0 (0.000%)
latency average = 36.166 ms
latency stddev = 16.177 ms
initial connection time = 74.465 ms
tps = 3538.644347 (without initial connection time)
