pgbench (18devel, server 9.1.24)
progress: 1.0 s, 2880.7 tps, lat 73.867 ms stddev 143.422, 0 failed
progress: 2.0 s, 3525.9 tps, lat 77.621 ms stddev 88.872, 0 failed
progress: 3.0 s, 3632.6 tps, lat 70.490 ms stddev 55.109, 0 failed
progress: 4.0 s, 3300.9 tps, lat 77.699 ms stddev 58.707, 0 failed
progress: 5.0 s, 3475.4 tps, lat 73.594 ms stddev 55.476, 0 failed
progress: 6.0 s, 3435.6 tps, lat 75.554 ms stddev 57.074, 0 failed
progress: 7.0 s, 3475.4 tps, lat 72.935 ms stddev 57.032, 0 failed
progress: 8.0 s, 3557.4 tps, lat 71.477 ms stddev 56.550, 0 failed
progress: 9.0 s, 3567.2 tps, lat 72.199 ms stddev 55.158, 0 failed
progress: 10.0 s, 3509.9 tps, lat 72.748 ms stddev 55.970, 0 failed
progress: 11.0 s, 4668.7 tps, lat 54.777 ms stddev 49.453, 0 failed
progress: 12.0 s, 3473.0 tps, lat 73.559 ms stddev 58.398, 0 failed
progress: 13.0 s, 4415.1 tps, lat 58.114 ms stddev 49.984, 0 failed
progress: 14.0 s, 3517.7 tps, lat 72.676 ms stddev 56.782, 0 failed
progress: 15.0 s, 3499.3 tps, lat 73.643 ms stddev 57.258, 0 failed
progress: 16.0 s, 4134.1 tps, lat 61.366 ms stddev 53.363, 0 failed
progress: 17.0 s, 3493.7 tps, lat 73.109 ms stddev 56.726, 0 failed
progress: 18.0 s, 3447.4 tps, lat 74.469 ms stddev 59.349, 0 failed
progress: 19.0 s, 3574.8 tps, lat 72.153 ms stddev 55.819, 0 failed
progress: 20.0 s, 3498.5 tps, lat 72.969 ms stddev 56.752, 0 failed
progress: 21.0 s, 3503.2 tps, lat 73.030 ms stddev 55.436, 0 failed
progress: 22.0 s, 3783.8 tps, lat 67.804 ms stddev 52.483, 0 failed
progress: 23.0 s, 3985.9 tps, lat 64.173 ms stddev 55.755, 0 failed
progress: 24.0 s, 3703.5 tps, lat 69.727 ms stddev 55.475, 0 failed
progress: 25.0 s, 3445.9 tps, lat 73.606 ms stddev 58.356, 0 failed
progress: 26.0 s, 3513.8 tps, lat 73.106 ms stddev 56.525, 0 failed
progress: 27.0 s, 3577.4 tps, lat 71.262 ms stddev 55.917, 0 failed
progress: 28.0 s, 3446.7 tps, lat 73.752 ms stddev 58.569, 0 failed
progress: 29.0 s, 3740.2 tps, lat 68.872 ms stddev 57.319, 0 failed
progress: 30.0 s, 3486.5 tps, lat 73.633 ms stddev 57.923, 0 failed
progress: 31.0 s, 3442.6 tps, lat 73.867 ms stddev 58.178, 0 failed
progress: 32.0 s, 3485.8 tps, lat 73.365 ms stddev 59.427, 0 failed
progress: 33.0 s, 3681.6 tps, lat 69.680 ms stddev 54.641, 0 failed
progress: 34.0 s, 3456.2 tps, lat 73.995 ms stddev 59.415, 0 failed
progress: 35.0 s, 3560.8 tps, lat 71.748 ms stddev 56.225, 0 failed
progress: 36.0 s, 3488.6 tps, lat 73.997 ms stddev 57.456, 0 failed
progress: 37.0 s, 3455.4 tps, lat 73.875 ms stddev 57.831, 0 failed
progress: 38.0 s, 3552.0 tps, lat 71.941 ms stddev 55.373, 0 failed
progress: 39.0 s, 3448.5 tps, lat 74.103 ms stddev 57.980, 0 failed
progress: 40.0 s, 3489.2 tps, lat 73.836 ms stddev 59.013, 0 failed
progress: 41.0 s, 3608.8 tps, lat 70.907 ms stddev 57.291, 0 failed
progress: 42.0 s, 3780.5 tps, lat 67.518 ms stddev 55.211, 0 failed
progress: 43.0 s, 3534.2 tps, lat 71.868 ms stddev 55.109, 0 failed
progress: 44.0 s, 3613.1 tps, lat 71.658 ms stddev 56.309, 0 failed
progress: 45.0 s, 3487.0 tps, lat 72.744 ms stddev 57.290, 0 failed
progress: 46.0 s, 3435.6 tps, lat 75.224 ms stddev 59.531, 0 failed
progress: 47.0 s, 3973.7 tps, lat 64.511 ms stddev 53.108, 0 failed
progress: 48.0 s, 3534.8 tps, lat 72.272 ms stddev 55.677, 0 failed
progress: 49.0 s, 3702.9 tps, lat 68.601 ms stddev 53.890, 0 failed
progress: 50.0 s, 3612.7 tps, lat 70.973 ms stddev 55.979, 0 failed
progress: 51.0 s, 3564.4 tps, lat 71.784 ms stddev 55.728, 0 failed
progress: 52.0 s, 3425.7 tps, lat 75.206 ms stddev 58.592, 0 failed
progress: 53.0 s, 3522.1 tps, lat 72.085 ms stddev 57.760, 0 failed
progress: 54.0 s, 3510.3 tps, lat 73.499 ms stddev 56.367, 0 failed
progress: 55.0 s, 3695.3 tps, lat 69.348 ms stddev 54.273, 0 failed
progress: 56.0 s, 3507.1 tps, lat 72.567 ms stddev 56.481, 0 failed
progress: 57.0 s, 3484.8 tps, lat 73.599 ms stddev 57.845, 0 failed
progress: 58.0 s, 3930.7 tps, lat 66.176 ms stddev 57.938, 0 failed
progress: 59.0 s, 3871.8 tps, lat 65.218 ms stddev 52.206, 0 failed
transaction type: star-1.sql
scaling factor: 1
query mode: simple
number of clients: 256
number of threads: 256
maximum number of tries: 1
duration: 60 s
number of transactions actually processed: 215626
number of failed transactions: 0 (0.000%)
latency average = 71.081 ms
latency stddev = 59.111 ms
initial connection time = 140.960 ms
tps = 3600.672937 (without initial connection time)
