pgbench (18devel, server 9.1.24)
progress: 1.0 s, 3765.7 tps, lat 16.635 ms stddev 11.042, 0 failed
progress: 2.0 s, 4113.1 tps, lat 15.557 ms stddev 4.011, 0 failed
progress: 3.0 s, 4208.7 tps, lat 15.207 ms stddev 4.391, 0 failed
progress: 4.0 s, 4147.1 tps, lat 15.466 ms stddev 4.369, 0 failed
progress: 5.0 s, 4204.0 tps, lat 15.216 ms stddev 4.163, 0 failed
progress: 6.0 s, 4213.2 tps, lat 15.157 ms stddev 4.347, 0 failed
progress: 7.0 s, 4218.8 tps, lat 15.181 ms stddev 4.374, 0 failed
progress: 8.0 s, 4248.0 tps, lat 15.070 ms stddev 4.232, 0 failed
progress: 9.0 s, 4206.9 tps, lat 15.195 ms stddev 4.323, 0 failed
progress: 10.0 s, 4251.3 tps, lat 15.059 ms stddev 4.130, 0 failed
progress: 11.0 s, 4141.7 tps, lat 15.449 ms stddev 4.245, 0 failed
progress: 12.0 s, 4192.0 tps, lat 15.289 ms stddev 4.076, 0 failed
progress: 13.0 s, 4164.1 tps, lat 15.363 ms stddev 4.002, 0 failed
progress: 14.0 s, 4140.0 tps, lat 15.456 ms stddev 4.164, 0 failed
progress: 15.0 s, 4133.2 tps, lat 15.476 ms stddev 4.128, 0 failed
progress: 16.0 s, 4219.9 tps, lat 15.171 ms stddev 4.139, 0 failed
progress: 17.0 s, 4273.9 tps, lat 14.994 ms stddev 4.193, 0 failed
progress: 18.0 s, 4260.1 tps, lat 15.001 ms stddev 4.282, 0 failed
progress: 19.0 s, 4204.8 tps, lat 15.196 ms stddev 4.153, 0 failed
progress: 20.0 s, 4238.2 tps, lat 15.139 ms stddev 4.646, 0 failed
progress: 21.0 s, 4220.2 tps, lat 15.155 ms stddev 4.396, 0 failed
progress: 22.0 s, 4220.8 tps, lat 15.159 ms stddev 4.043, 0 failed
progress: 23.0 s, 4159.2 tps, lat 15.383 ms stddev 4.257, 0 failed
progress: 24.0 s, 4188.9 tps, lat 15.269 ms stddev 4.156, 0 failed
progress: 25.0 s, 4196.1 tps, lat 15.246 ms stddev 4.083, 0 failed
progress: 26.0 s, 4200.9 tps, lat 15.237 ms stddev 4.032, 0 failed
progress: 27.0 s, 4259.9 tps, lat 15.034 ms stddev 4.064, 0 failed
progress: 28.0 s, 4233.0 tps, lat 15.117 ms stddev 4.076, 0 failed
progress: 29.0 s, 4220.1 tps, lat 15.173 ms stddev 4.394, 0 failed
progress: 30.0 s, 4261.8 tps, lat 15.035 ms stddev 4.333, 0 failed
progress: 31.0 s, 4144.0 tps, lat 15.416 ms stddev 4.120, 0 failed
progress: 32.0 s, 4347.0 tps, lat 14.738 ms stddev 4.900, 0 failed
progress: 33.0 s, 4280.0 tps, lat 14.945 ms stddev 3.919, 0 failed
progress: 34.0 s, 4211.1 tps, lat 15.195 ms stddev 4.212, 0 failed
progress: 35.0 s, 4280.2 tps, lat 14.956 ms stddev 4.056, 0 failed
progress: 36.0 s, 4276.5 tps, lat 14.966 ms stddev 3.940, 0 failed
progress: 37.0 s, 4311.2 tps, lat 14.836 ms stddev 4.002, 0 failed
progress: 38.0 s, 4304.0 tps, lat 14.910 ms stddev 4.005, 0 failed
progress: 39.0 s, 4230.1 tps, lat 15.101 ms stddev 3.904, 0 failed
progress: 40.0 s, 4251.9 tps, lat 15.039 ms stddev 4.074, 0 failed
progress: 41.0 s, 4233.1 tps, lat 15.125 ms stddev 4.117, 0 failed
progress: 42.0 s, 4357.9 tps, lat 14.684 ms stddev 3.923, 0 failed
progress: 43.0 s, 4246.3 tps, lat 15.094 ms stddev 3.970, 0 failed
progress: 44.0 s, 4149.9 tps, lat 15.398 ms stddev 4.146, 0 failed
progress: 45.0 s, 4142.9 tps, lat 15.480 ms stddev 4.170, 0 failed
progress: 46.0 s, 5111.3 tps, lat 12.488 ms stddev 5.395, 0 failed
progress: 47.0 s, 4775.9 tps, lat 13.414 ms stddev 5.145, 0 failed
progress: 48.0 s, 4309.9 tps, lat 14.845 ms stddev 4.603, 0 failed
progress: 49.0 s, 4277.9 tps, lat 14.965 ms stddev 4.440, 0 failed
progress: 50.0 s, 4189.3 tps, lat 15.262 ms stddev 4.416, 0 failed
progress: 51.0 s, 4244.9 tps, lat 15.078 ms stddev 4.045, 0 failed
progress: 52.0 s, 4216.8 tps, lat 15.163 ms stddev 4.038, 0 failed
progress: 53.0 s, 4163.1 tps, lat 15.388 ms stddev 4.174, 0 failed
progress: 54.0 s, 4272.0 tps, lat 14.981 ms stddev 4.052, 0 failed
progress: 55.0 s, 4218.1 tps, lat 15.185 ms stddev 4.181, 0 failed
progress: 56.0 s, 4272.9 tps, lat 14.963 ms stddev 4.040, 0 failed
progress: 57.0 s, 4239.3 tps, lat 15.117 ms stddev 4.359, 0 failed
progress: 58.0 s, 4307.8 tps, lat 14.836 ms stddev 4.304, 0 failed
progress: 59.0 s, 4311.0 tps, lat 14.856 ms stddev 4.437, 0 failed
transaction type: star-1.sql
scaling factor: 1
query mode: simple
number of clients: 64
number of threads: 64
maximum number of tries: 1
duration: 60 s
number of transactions actually processed: 254648
number of failed transactions: 0 (0.000%)
latency average = 15.070 ms
latency stddev = 4.452 ms
initial connection time = 38.060 ms
tps = 4246.332297 (without initial connection time)
