pgbench (18devel, server 9.4.26)
progress: 1.0 s, 8209.0 tps, lat 0.121 ms stddev 0.069, 0 failed
progress: 2.0 s, 8680.5 tps, lat 0.115 ms stddev 0.007, 0 failed
progress: 3.0 s, 8711.0 tps, lat 0.115 ms stddev 0.007, 0 failed
progress: 4.0 s, 8606.4 tps, lat 0.116 ms stddev 0.006, 0 failed
progress: 5.0 s, 8756.1 tps, lat 0.114 ms stddev 0.007, 0 failed
progress: 6.0 s, 8787.6 tps, lat 0.114 ms stddev 0.007, 0 failed
progress: 7.0 s, 8763.4 tps, lat 0.114 ms stddev 0.007, 0 failed
progress: 8.0 s, 9011.6 tps, lat 0.111 ms stddev 0.008, 0 failed
progress: 9.0 s, 8837.0 tps, lat 0.113 ms stddev 0.007, 0 failed
progress: 10.0 s, 8806.0 tps, lat 0.114 ms stddev 0.007, 0 failed
progress: 11.0 s, 8788.0 tps, lat 0.114 ms stddev 0.007, 0 failed
progress: 12.0 s, 8777.4 tps, lat 0.114 ms stddev 0.007, 0 failed
progress: 13.0 s, 8783.6 tps, lat 0.114 ms stddev 0.007, 0 failed
progress: 14.0 s, 8780.2 tps, lat 0.114 ms stddev 0.007, 0 failed
progress: 15.0 s, 8755.8 tps, lat 0.114 ms stddev 0.007, 0 failed
progress: 16.0 s, 8732.0 tps, lat 0.114 ms stddev 0.007, 0 failed
progress: 17.0 s, 8808.0 tps, lat 0.113 ms stddev 0.007, 0 failed
progress: 18.0 s, 8885.1 tps, lat 0.112 ms stddev 0.007, 0 failed
progress: 19.0 s, 8747.1 tps, lat 0.114 ms stddev 0.007, 0 failed
progress: 20.0 s, 8673.1 tps, lat 0.115 ms stddev 0.007, 0 failed
progress: 21.0 s, 8673.8 tps, lat 0.115 ms stddev 0.007, 0 failed
progress: 22.0 s, 8786.8 tps, lat 0.114 ms stddev 0.007, 0 failed
progress: 23.0 s, 8711.9 tps, lat 0.115 ms stddev 0.007, 0 failed
progress: 24.0 s, 8843.1 tps, lat 0.113 ms stddev 0.007, 0 failed
progress: 25.0 s, 8954.4 tps, lat 0.112 ms stddev 0.007, 0 failed
progress: 26.0 s, 9076.8 tps, lat 0.110 ms stddev 0.007, 0 failed
progress: 27.0 s, 8918.8 tps, lat 0.112 ms stddev 0.007, 0 failed
progress: 28.0 s, 8684.0 tps, lat 0.115 ms stddev 0.007, 0 failed
progress: 29.0 s, 8747.0 tps, lat 0.114 ms stddev 0.007, 0 failed
progress: 30.0 s, 8847.1 tps, lat 0.113 ms stddev 0.007, 0 failed
progress: 31.0 s, 8704.0 tps, lat 0.115 ms stddev 0.007, 0 failed
progress: 32.0 s, 8798.0 tps, lat 0.114 ms stddev 0.007, 0 failed
progress: 33.0 s, 8672.9 tps, lat 0.115 ms stddev 0.008, 0 failed
progress: 34.0 s, 8990.0 tps, lat 0.111 ms stddev 0.007, 0 failed
progress: 35.0 s, 8941.4 tps, lat 0.112 ms stddev 0.007, 0 failed
progress: 36.0 s, 8630.8 tps, lat 0.116 ms stddev 0.007, 0 failed
progress: 37.0 s, 8725.7 tps, lat 0.115 ms stddev 0.007, 0 failed
progress: 38.0 s, 8774.0 tps, lat 0.114 ms stddev 0.007, 0 failed
progress: 39.0 s, 8777.0 tps, lat 0.114 ms stddev 0.006, 0 failed
progress: 40.0 s, 8714.3 tps, lat 0.115 ms stddev 0.007, 0 failed
progress: 41.0 s, 8852.7 tps, lat 0.113 ms stddev 0.038, 0 failed
progress: 42.0 s, 8770.5 tps, lat 0.114 ms stddev 0.007, 0 failed
progress: 43.0 s, 8793.7 tps, lat 0.114 ms stddev 0.007, 0 failed
progress: 44.0 s, 8794.8 tps, lat 0.114 ms stddev 0.007, 0 failed
progress: 45.0 s, 8738.1 tps, lat 0.114 ms stddev 0.007, 0 failed
progress: 46.0 s, 8764.9 tps, lat 0.114 ms stddev 0.008, 0 failed
progress: 47.0 s, 8953.1 tps, lat 0.112 ms stddev 0.006, 0 failed
progress: 48.0 s, 8883.9 tps, lat 0.112 ms stddev 0.007, 0 failed
progress: 49.0 s, 8724.3 tps, lat 0.115 ms stddev 0.007, 0 failed
progress: 50.0 s, 8803.8 tps, lat 0.114 ms stddev 0.007, 0 failed
progress: 51.0 s, 8738.0 tps, lat 0.114 ms stddev 0.007, 0 failed
progress: 52.0 s, 8776.9 tps, lat 0.114 ms stddev 0.007, 0 failed
progress: 53.0 s, 8811.2 tps, lat 0.113 ms stddev 0.007, 0 failed
progress: 54.0 s, 8897.0 tps, lat 0.112 ms stddev 0.007, 0 failed
progress: 55.0 s, 9077.8 tps, lat 0.110 ms stddev 0.006, 0 failed
progress: 56.0 s, 8889.1 tps, lat 0.112 ms stddev 0.006, 0 failed
progress: 57.0 s, 8627.2 tps, lat 0.116 ms stddev 0.006, 0 failed
progress: 58.0 s, 8744.7 tps, lat 0.114 ms stddev 0.007, 0 failed
progress: 59.0 s, 8734.0 tps, lat 0.114 ms stddev 0.007, 0 failed
progress: 60.0 s, 8767.4 tps, lat 0.114 ms stddev 0.007, 0 failed
transaction type: star-1-left.sql
scaling factor: 1
query mode: prepared
number of clients: 1
number of threads: 1
maximum number of tries: 1
duration: 60 s
number of transactions actually processed: 527015
number of failed transactions: 0 (0.000%)
latency average = 0.114 ms
latency stddev = 0.012 ms
initial connection time = 2.271 ms
tps = 8783.899407 (without initial connection time)
