pgbench (18devel, server 9.4.26)
progress: 1.0 s, 101920.0 tps, lat 0.311 ms stddev 0.283, 0 failed
progress: 2.0 s, 107349.4 tps, lat 0.298 ms stddev 0.119, 0 failed
progress: 3.0 s, 106947.1 tps, lat 0.299 ms stddev 0.123, 0 failed
progress: 4.0 s, 105985.0 tps, lat 0.302 ms stddev 0.131, 0 failed
progress: 5.0 s, 106852.1 tps, lat 0.299 ms stddev 0.127, 0 failed
progress: 6.0 s, 106915.5 tps, lat 0.299 ms stddev 0.124, 0 failed
progress: 7.0 s, 107370.4 tps, lat 0.298 ms stddev 0.118, 0 failed
progress: 8.0 s, 106767.0 tps, lat 0.300 ms stddev 0.129, 0 failed
progress: 9.0 s, 107938.9 tps, lat 0.296 ms stddev 0.114, 0 failed
progress: 10.0 s, 105554.8 tps, lat 0.303 ms stddev 0.130, 0 failed
progress: 11.0 s, 107293.6 tps, lat 0.298 ms stddev 0.128, 0 failed
progress: 12.0 s, 108981.8 tps, lat 0.293 ms stddev 0.120, 0 failed
progress: 13.0 s, 109057.1 tps, lat 0.293 ms stddev 0.116, 0 failed
progress: 14.0 s, 107506.9 tps, lat 0.297 ms stddev 0.118, 0 failed
progress: 15.0 s, 108361.9 tps, lat 0.295 ms stddev 0.125, 0 failed
progress: 16.0 s, 108510.9 tps, lat 0.295 ms stddev 0.121, 0 failed
progress: 17.0 s, 109571.3 tps, lat 0.292 ms stddev 0.117, 0 failed
progress: 18.0 s, 107483.9 tps, lat 0.298 ms stddev 0.117, 0 failed
progress: 19.0 s, 108683.6 tps, lat 0.294 ms stddev 0.115, 0 failed
progress: 20.0 s, 109781.0 tps, lat 0.291 ms stddev 0.114, 0 failed
progress: 21.0 s, 110051.3 tps, lat 0.291 ms stddev 0.114, 0 failed
progress: 22.0 s, 108566.7 tps, lat 0.295 ms stddev 0.116, 0 failed
progress: 23.0 s, 106960.2 tps, lat 0.299 ms stddev 0.120, 0 failed
progress: 24.0 s, 107630.9 tps, lat 0.297 ms stddev 0.134, 0 failed
progress: 25.0 s, 107753.3 tps, lat 0.297 ms stddev 0.118, 0 failed
progress: 26.0 s, 107087.7 tps, lat 0.299 ms stddev 0.121, 0 failed
progress: 27.0 s, 109583.7 tps, lat 0.292 ms stddev 0.112, 0 failed
progress: 28.0 s, 106698.7 tps, lat 0.300 ms stddev 0.126, 0 failed
progress: 29.0 s, 108030.9 tps, lat 0.296 ms stddev 0.121, 0 failed
progress: 30.0 s, 106401.9 tps, lat 0.301 ms stddev 0.123, 0 failed
progress: 31.0 s, 107216.2 tps, lat 0.298 ms stddev 0.126, 0 failed
progress: 32.0 s, 109534.5 tps, lat 0.292 ms stddev 0.118, 0 failed
progress: 33.0 s, 109817.7 tps, lat 0.291 ms stddev 0.117, 0 failed
progress: 34.0 s, 108643.0 tps, lat 0.294 ms stddev 0.117, 0 failed
progress: 35.0 s, 108172.0 tps, lat 0.296 ms stddev 0.128, 0 failed
progress: 36.0 s, 108510.3 tps, lat 0.295 ms stddev 0.115, 0 failed
progress: 37.0 s, 108240.1 tps, lat 0.295 ms stddev 0.117, 0 failed
progress: 38.0 s, 106882.2 tps, lat 0.299 ms stddev 0.123, 0 failed
progress: 39.0 s, 108298.4 tps, lat 0.295 ms stddev 0.116, 0 failed
progress: 40.0 s, 107072.1 tps, lat 0.299 ms stddev 0.125, 0 failed
progress: 41.0 s, 107504.9 tps, lat 0.297 ms stddev 0.131, 0 failed
progress: 42.0 s, 108249.0 tps, lat 0.295 ms stddev 0.116, 0 failed
progress: 43.0 s, 108439.1 tps, lat 0.295 ms stddev 0.117, 0 failed
progress: 44.0 s, 108704.0 tps, lat 0.294 ms stddev 0.119, 0 failed
progress: 45.0 s, 108821.5 tps, lat 0.294 ms stddev 0.124, 0 failed
progress: 46.0 s, 107071.9 tps, lat 0.299 ms stddev 0.123, 0 failed
progress: 47.0 s, 108538.2 tps, lat 0.295 ms stddev 0.118, 0 failed
progress: 48.0 s, 108466.1 tps, lat 0.295 ms stddev 0.117, 0 failed
progress: 49.0 s, 107899.9 tps, lat 0.296 ms stddev 0.120, 0 failed
progress: 50.0 s, 108243.5 tps, lat 0.295 ms stddev 0.116, 0 failed
progress: 51.0 s, 108184.8 tps, lat 0.296 ms stddev 0.119, 0 failed
progress: 52.0 s, 109345.1 tps, lat 0.292 ms stddev 0.119, 0 failed
progress: 53.0 s, 108684.0 tps, lat 0.294 ms stddev 0.124, 0 failed
progress: 54.0 s, 105670.6 tps, lat 0.303 ms stddev 0.125, 0 failed
progress: 55.0 s, 107188.1 tps, lat 0.298 ms stddev 0.128, 0 failed
progress: 56.0 s, 107415.1 tps, lat 0.298 ms stddev 0.128, 0 failed
progress: 57.0 s, 108794.0 tps, lat 0.294 ms stddev 0.116, 0 failed
progress: 58.0 s, 108053.2 tps, lat 0.296 ms stddev 0.116, 0 failed
progress: 59.0 s, 106928.1 tps, lat 0.299 ms stddev 0.129, 0 failed
transaction type: star-1-left.sql
scaling factor: 1
query mode: prepared
number of clients: 32
number of threads: 32
maximum number of tries: 1
duration: 60 s
number of transactions actually processed: 6467065
number of failed transactions: 0 (0.000%)
latency average = 0.297 ms
latency stddev = 0.125 ms
initial connection time = 22.676 ms
tps = 107823.901779 (without initial connection time)
