pgbench (18devel, server 11.22)
progress: 1.0 s, 9179.5 tps, lat 0.109 ms stddev 0.064, 0 failed
progress: 2.0 s, 9554.2 tps, lat 0.105 ms stddev 0.006, 0 failed
progress: 3.0 s, 9511.8 tps, lat 0.105 ms stddev 0.006, 0 failed
progress: 4.0 s, 9467.3 tps, lat 0.106 ms stddev 0.006, 0 failed
progress: 5.0 s, 9443.2 tps, lat 0.106 ms stddev 0.006, 0 failed
progress: 6.0 s, 9719.5 tps, lat 0.103 ms stddev 0.006, 0 failed
progress: 7.0 s, 9803.0 tps, lat 0.102 ms stddev 0.005, 0 failed
progress: 8.0 s, 9572.1 tps, lat 0.104 ms stddev 0.006, 0 failed
progress: 9.0 s, 9557.1 tps, lat 0.105 ms stddev 0.006, 0 failed
progress: 10.0 s, 9812.1 tps, lat 0.102 ms stddev 0.005, 0 failed
progress: 11.0 s, 9554.0 tps, lat 0.105 ms stddev 0.006, 0 failed
progress: 12.0 s, 9716.7 tps, lat 0.103 ms stddev 0.006, 0 failed
progress: 13.0 s, 9831.1 tps, lat 0.102 ms stddev 0.005, 0 failed
progress: 14.0 s, 9829.9 tps, lat 0.102 ms stddev 0.005, 0 failed
progress: 15.0 s, 9815.0 tps, lat 0.102 ms stddev 0.005, 0 failed
progress: 16.0 s, 9449.0 tps, lat 0.106 ms stddev 0.006, 0 failed
progress: 17.0 s, 9643.3 tps, lat 0.104 ms stddev 0.006, 0 failed
progress: 18.0 s, 9817.7 tps, lat 0.102 ms stddev 0.005, 0 failed
progress: 19.0 s, 9793.0 tps, lat 0.102 ms stddev 0.006, 0 failed
progress: 20.0 s, 9828.0 tps, lat 0.102 ms stddev 0.005, 0 failed
progress: 21.0 s, 9472.2 tps, lat 0.106 ms stddev 0.006, 0 failed
progress: 22.0 s, 9480.8 tps, lat 0.105 ms stddev 0.005, 0 failed
progress: 23.0 s, 9746.2 tps, lat 0.103 ms stddev 0.005, 0 failed
progress: 24.0 s, 9735.0 tps, lat 0.103 ms stddev 0.005, 0 failed
progress: 25.0 s, 9759.8 tps, lat 0.102 ms stddev 0.005, 0 failed
progress: 26.0 s, 9735.0 tps, lat 0.103 ms stddev 0.005, 0 failed
progress: 27.0 s, 9752.4 tps, lat 0.102 ms stddev 0.005, 0 failed
progress: 28.0 s, 9739.1 tps, lat 0.103 ms stddev 0.005, 0 failed
progress: 29.0 s, 9736.8 tps, lat 0.103 ms stddev 0.006, 0 failed
progress: 30.0 s, 9760.6 tps, lat 0.102 ms stddev 0.005, 0 failed
progress: 31.0 s, 9576.0 tps, lat 0.104 ms stddev 0.006, 0 failed
progress: 32.0 s, 9739.0 tps, lat 0.103 ms stddev 0.006, 0 failed
progress: 33.0 s, 9530.0 tps, lat 0.105 ms stddev 0.005, 0 failed
progress: 34.0 s, 9467.0 tps, lat 0.106 ms stddev 0.006, 0 failed
progress: 35.0 s, 9751.2 tps, lat 0.103 ms stddev 0.005, 0 failed
progress: 36.0 s, 9779.3 tps, lat 0.102 ms stddev 0.005, 0 failed
progress: 37.0 s, 9760.6 tps, lat 0.102 ms stddev 0.005, 0 failed
progress: 38.0 s, 9791.1 tps, lat 0.102 ms stddev 0.005, 0 failed
progress: 39.0 s, 9753.8 tps, lat 0.102 ms stddev 0.006, 0 failed
progress: 40.0 s, 9818.4 tps, lat 0.102 ms stddev 0.005, 0 failed
progress: 41.0 s, 9659.0 tps, lat 0.103 ms stddev 0.006, 0 failed
progress: 42.0 s, 9811.6 tps, lat 0.102 ms stddev 0.005, 0 failed
progress: 43.0 s, 9803.0 tps, lat 0.102 ms stddev 0.005, 0 failed
progress: 44.0 s, 9441.0 tps, lat 0.106 ms stddev 0.006, 0 failed
progress: 45.0 s, 9410.1 tps, lat 0.106 ms stddev 0.007, 0 failed
progress: 46.0 s, 9783.0 tps, lat 0.102 ms stddev 0.005, 0 failed
progress: 47.0 s, 9637.3 tps, lat 0.104 ms stddev 0.006, 0 failed
progress: 48.0 s, 9721.9 tps, lat 0.103 ms stddev 0.005, 0 failed
progress: 49.0 s, 9548.9 tps, lat 0.105 ms stddev 0.007, 0 failed
progress: 50.0 s, 9412.8 tps, lat 0.106 ms stddev 0.006, 0 failed
progress: 51.0 s, 9510.0 tps, lat 0.105 ms stddev 0.006, 0 failed
progress: 52.0 s, 9524.2 tps, lat 0.105 ms stddev 0.006, 0 failed
progress: 53.0 s, 9807.8 tps, lat 0.102 ms stddev 0.005, 0 failed
progress: 54.0 s, 9550.0 tps, lat 0.105 ms stddev 0.006, 0 failed
progress: 55.0 s, 9702.0 tps, lat 0.103 ms stddev 0.006, 0 failed
progress: 56.0 s, 9486.4 tps, lat 0.105 ms stddev 0.005, 0 failed
progress: 57.0 s, 9497.0 tps, lat 0.105 ms stddev 0.005, 0 failed
progress: 58.0 s, 9442.6 tps, lat 0.106 ms stddev 0.005, 0 failed
progress: 59.0 s, 9757.2 tps, lat 0.102 ms stddev 0.006, 0 failed
progress: 60.0 s, 9788.2 tps, lat 0.102 ms stddev 0.005, 0 failed
transaction type: star-1-left.sql
scaling factor: 1
query mode: prepared
number of clients: 1
number of threads: 1
maximum number of tries: 1
duration: 60 s
number of transactions actually processed: 579077
number of failed transactions: 0 (0.000%)
latency average = 0.104 ms
latency stddev = 0.010 ms
initial connection time = 2.260 ms
tps = 9651.636422 (without initial connection time)
