pgbench (18devel, server 11.22)
progress: 1.0 s, 137755.4 tps, lat 0.230 ms stddev 0.231, 0 failed
progress: 2.0 s, 142377.1 tps, lat 0.225 ms stddev 0.078, 0 failed
progress: 3.0 s, 144205.4 tps, lat 0.222 ms stddev 0.077, 0 failed
progress: 4.0 s, 142336.9 tps, lat 0.225 ms stddev 0.080, 0 failed
progress: 5.0 s, 143148.7 tps, lat 0.223 ms stddev 0.078, 0 failed
progress: 6.0 s, 142563.7 tps, lat 0.224 ms stddev 0.079, 0 failed
progress: 7.0 s, 142947.3 tps, lat 0.224 ms stddev 0.078, 0 failed
progress: 8.0 s, 143554.9 tps, lat 0.223 ms stddev 0.078, 0 failed
progress: 9.0 s, 144630.0 tps, lat 0.221 ms stddev 0.077, 0 failed
progress: 10.0 s, 143539.6 tps, lat 0.223 ms stddev 0.078, 0 failed
progress: 11.0 s, 143030.3 tps, lat 0.224 ms stddev 0.078, 0 failed
progress: 12.0 s, 144475.4 tps, lat 0.221 ms stddev 0.077, 0 failed
progress: 13.0 s, 142864.1 tps, lat 0.224 ms stddev 0.080, 0 failed
progress: 14.0 s, 143962.3 tps, lat 0.222 ms stddev 0.077, 0 failed
progress: 15.0 s, 143225.6 tps, lat 0.223 ms stddev 0.080, 0 failed
progress: 16.0 s, 143763.3 tps, lat 0.222 ms stddev 0.078, 0 failed
progress: 17.0 s, 143777.4 tps, lat 0.222 ms stddev 0.077, 0 failed
progress: 18.0 s, 144409.0 tps, lat 0.221 ms stddev 0.077, 0 failed
progress: 19.0 s, 144245.7 tps, lat 0.222 ms stddev 0.077, 0 failed
progress: 20.0 s, 143792.9 tps, lat 0.222 ms stddev 0.077, 0 failed
progress: 21.0 s, 144193.0 tps, lat 0.222 ms stddev 0.077, 0 failed
progress: 22.0 s, 144041.4 tps, lat 0.222 ms stddev 0.078, 0 failed
progress: 23.0 s, 143721.0 tps, lat 0.222 ms stddev 0.078, 0 failed
progress: 24.0 s, 144349.7 tps, lat 0.221 ms stddev 0.078, 0 failed
progress: 25.0 s, 144651.3 tps, lat 0.221 ms stddev 0.077, 0 failed
progress: 26.0 s, 145523.0 tps, lat 0.220 ms stddev 0.076, 0 failed
progress: 27.0 s, 144810.3 tps, lat 0.221 ms stddev 0.076, 0 failed
progress: 28.0 s, 144515.3 tps, lat 0.221 ms stddev 0.076, 0 failed
progress: 29.0 s, 145413.3 tps, lat 0.220 ms stddev 0.076, 0 failed
progress: 30.0 s, 145157.3 tps, lat 0.220 ms stddev 0.076, 0 failed
progress: 31.0 s, 145201.6 tps, lat 0.220 ms stddev 0.076, 0 failed
progress: 32.0 s, 143658.7 tps, lat 0.223 ms stddev 0.078, 0 failed
progress: 33.0 s, 145250.6 tps, lat 0.220 ms stddev 0.081, 0 failed
progress: 34.0 s, 142992.0 tps, lat 0.224 ms stddev 0.079, 0 failed
progress: 35.0 s, 144422.0 tps, lat 0.221 ms stddev 0.075, 0 failed
progress: 36.0 s, 144542.0 tps, lat 0.221 ms stddev 0.078, 0 failed
progress: 37.0 s, 144126.5 tps, lat 0.222 ms stddev 0.077, 0 failed
progress: 38.0 s, 143153.8 tps, lat 0.223 ms stddev 0.078, 0 failed
progress: 39.0 s, 143918.0 tps, lat 0.222 ms stddev 0.078, 0 failed
progress: 40.0 s, 143130.2 tps, lat 0.223 ms stddev 0.079, 0 failed
progress: 41.0 s, 142788.6 tps, lat 0.224 ms stddev 0.079, 0 failed
progress: 42.0 s, 144257.3 tps, lat 0.222 ms stddev 0.077, 0 failed
progress: 43.0 s, 144304.0 tps, lat 0.222 ms stddev 0.080, 0 failed
progress: 44.0 s, 142982.3 tps, lat 0.224 ms stddev 0.079, 0 failed
progress: 45.0 s, 144296.4 tps, lat 0.222 ms stddev 0.077, 0 failed
progress: 46.0 s, 143055.0 tps, lat 0.223 ms stddev 0.079, 0 failed
progress: 47.0 s, 143576.7 tps, lat 0.223 ms stddev 0.078, 0 failed
progress: 48.0 s, 144631.8 tps, lat 0.221 ms stddev 0.076, 0 failed
progress: 49.0 s, 142065.3 tps, lat 0.225 ms stddev 0.078, 0 failed
progress: 50.0 s, 143099.0 tps, lat 0.223 ms stddev 0.078, 0 failed
progress: 51.0 s, 142966.7 tps, lat 0.224 ms stddev 0.079, 0 failed
progress: 52.0 s, 143176.2 tps, lat 0.223 ms stddev 0.078, 0 failed
progress: 53.0 s, 143608.4 tps, lat 0.223 ms stddev 0.077, 0 failed
progress: 54.0 s, 142563.1 tps, lat 0.224 ms stddev 0.079, 0 failed
progress: 55.0 s, 144088.6 tps, lat 0.222 ms stddev 0.077, 0 failed
progress: 56.0 s, 144753.5 tps, lat 0.221 ms stddev 0.077, 0 failed
progress: 57.0 s, 142161.0 tps, lat 0.225 ms stddev 0.079, 0 failed
progress: 58.0 s, 144322.7 tps, lat 0.222 ms stddev 0.076, 0 failed
progress: 59.0 s, 144604.4 tps, lat 0.221 ms stddev 0.077, 0 failed
transaction type: star-1-left.sql
scaling factor: 1
query mode: prepared
number of clients: 32
number of threads: 32
maximum number of tries: 1
duration: 60 s
number of transactions actually processed: 8621932
number of failed transactions: 0 (0.000%)
latency average = 0.222 ms
latency stddev = 0.082 ms
initial connection time = 21.455 ms
tps = 143748.536578 (without initial connection time)
