pgbench (18devel, server 9.0.23)
progress: 1.0 s, 5715.4 tps, lat 2.777 ms stddev 0.682, 0 failed
progress: 2.0 s, 5827.2 tps, lat 2.745 ms stddev 0.245, 0 failed
progress: 3.0 s, 5821.0 tps, lat 2.750 ms stddev 0.149, 0 failed
progress: 4.0 s, 5835.0 tps, lat 2.739 ms stddev 0.160, 0 failed
progress: 5.0 s, 5813.0 tps, lat 2.752 ms stddev 0.142, 0 failed
progress: 6.0 s, 5824.0 tps, lat 2.747 ms stddev 0.110, 0 failed
progress: 7.0 s, 5842.0 tps, lat 2.739 ms stddev 0.135, 0 failed
progress: 8.0 s, 5821.9 tps, lat 2.745 ms stddev 0.118, 0 failed
progress: 9.0 s, 5850.1 tps, lat 2.735 ms stddev 0.118, 0 failed
progress: 10.0 s, 5821.0 tps, lat 2.748 ms stddev 0.105, 0 failed
progress: 11.0 s, 5813.0 tps, lat 2.753 ms stddev 0.123, 0 failed
progress: 12.0 s, 5811.0 tps, lat 2.754 ms stddev 0.140, 0 failed
progress: 13.0 s, 5827.0 tps, lat 2.745 ms stddev 0.118, 0 failed
progress: 14.0 s, 5832.0 tps, lat 2.743 ms stddev 0.135, 0 failed
progress: 15.0 s, 5820.0 tps, lat 2.747 ms stddev 0.136, 0 failed
progress: 16.0 s, 5818.0 tps, lat 2.750 ms stddev 0.108, 0 failed
progress: 17.0 s, 5832.0 tps, lat 2.743 ms stddev 0.114, 0 failed
progress: 18.0 s, 5840.0 tps, lat 2.740 ms stddev 0.126, 0 failed
progress: 19.0 s, 5834.0 tps, lat 2.742 ms stddev 0.107, 0 failed
progress: 20.0 s, 5824.0 tps, lat 2.745 ms stddev 0.109, 0 failed
progress: 21.0 s, 5806.0 tps, lat 2.756 ms stddev 0.154, 0 failed
progress: 22.0 s, 5822.0 tps, lat 2.748 ms stddev 0.121, 0 failed
progress: 23.0 s, 5847.0 tps, lat 2.736 ms stddev 0.110, 0 failed
progress: 24.0 s, 5831.0 tps, lat 2.743 ms stddev 0.132, 0 failed
progress: 25.0 s, 5811.0 tps, lat 2.753 ms stddev 0.155, 0 failed
progress: 26.0 s, 5821.0 tps, lat 2.748 ms stddev 0.104, 0 failed
progress: 27.0 s, 5823.0 tps, lat 2.748 ms stddev 0.113, 0 failed
progress: 28.0 s, 5817.0 tps, lat 2.749 ms stddev 0.125, 0 failed
progress: 29.0 s, 5840.0 tps, lat 2.740 ms stddev 0.128, 0 failed
progress: 30.0 s, 5827.0 tps, lat 2.746 ms stddev 0.121, 0 failed
progress: 31.0 s, 5825.0 tps, lat 2.745 ms stddev 0.129, 0 failed
progress: 32.0 s, 5811.0 tps, lat 2.752 ms stddev 0.150, 0 failed
progress: 33.0 s, 5819.0 tps, lat 2.750 ms stddev 0.132, 0 failed
progress: 34.0 s, 5824.0 tps, lat 2.747 ms stddev 0.118, 0 failed
progress: 35.0 s, 5839.0 tps, lat 2.739 ms stddev 0.113, 0 failed
progress: 36.0 s, 5824.0 tps, lat 2.748 ms stddev 0.123, 0 failed
progress: 37.0 s, 5840.9 tps, lat 2.739 ms stddev 0.109, 0 failed
progress: 38.0 s, 5834.1 tps, lat 2.742 ms stddev 0.179, 0 failed
progress: 39.0 s, 5834.9 tps, lat 2.742 ms stddev 0.111, 0 failed
progress: 40.0 s, 5825.1 tps, lat 2.747 ms stddev 0.135, 0 failed
progress: 41.0 s, 5816.0 tps, lat 2.749 ms stddev 0.116, 0 failed
progress: 42.0 s, 5830.0 tps, lat 2.744 ms stddev 0.137, 0 failed
progress: 43.0 s, 5825.0 tps, lat 2.748 ms stddev 0.123, 0 failed
progress: 44.0 s, 5840.0 tps, lat 2.739 ms stddev 0.122, 0 failed
progress: 45.0 s, 5827.0 tps, lat 2.745 ms stddev 0.105, 0 failed
progress: 46.0 s, 5833.0 tps, lat 2.742 ms stddev 0.145, 0 failed
progress: 47.0 s, 5851.0 tps, lat 2.734 ms stddev 0.117, 0 failed
progress: 48.0 s, 5829.0 tps, lat 2.743 ms stddev 0.117, 0 failed
progress: 49.0 s, 5827.8 tps, lat 2.746 ms stddev 0.122, 0 failed
progress: 50.0 s, 5848.3 tps, lat 2.736 ms stddev 0.101, 0 failed
progress: 51.0 s, 5826.8 tps, lat 2.747 ms stddev 0.141, 0 failed
progress: 52.0 s, 5833.2 tps, lat 2.743 ms stddev 0.136, 0 failed
progress: 53.0 s, 5868.8 tps, lat 2.724 ms stddev 0.114, 0 failed
progress: 54.0 s, 5834.0 tps, lat 2.743 ms stddev 0.125, 0 failed
progress: 55.0 s, 5835.0 tps, lat 2.740 ms stddev 0.129, 0 failed
progress: 56.0 s, 5870.0 tps, lat 2.725 ms stddev 0.088, 0 failed
progress: 57.0 s, 5859.0 tps, lat 2.731 ms stddev 0.109, 0 failed
progress: 58.0 s, 5820.0 tps, lat 2.745 ms stddev 0.120, 0 failed
progress: 59.0 s, 5839.0 tps, lat 2.742 ms stddev 0.112, 0 failed
transaction type: star-1-left.sql
scaling factor: 1
query mode: simple
number of clients: 16
number of threads: 16
maximum number of tries: 1
duration: 60 s
number of transactions actually processed: 349660
number of failed transactions: 0 (0.000%)
latency average = 2.744 ms
latency stddev = 0.155 ms
initial connection time = 13.854 ms
tps = 5828.749065 (without initial connection time)
