pgbench (18devel, server 8.2.23)
progress: 1.0 s, 7553.5 tps, lat 2.105 ms stddev 0.557, 0 failed
progress: 2.0 s, 7778.0 tps, lat 2.057 ms stddev 0.218, 0 failed
progress: 3.0 s, 7797.0 tps, lat 2.051 ms stddev 0.115, 0 failed
progress: 4.0 s, 7793.0 tps, lat 2.053 ms stddev 0.107, 0 failed
progress: 5.0 s, 7798.0 tps, lat 2.052 ms stddev 0.109, 0 failed
progress: 6.0 s, 7789.0 tps, lat 2.054 ms stddev 0.181, 0 failed
progress: 7.0 s, 7778.0 tps, lat 2.056 ms stddev 0.129, 0 failed
progress: 8.0 s, 7814.7 tps, lat 2.046 ms stddev 0.117, 0 failed
progress: 9.0 s, 7782.3 tps, lat 2.057 ms stddev 0.171, 0 failed
progress: 10.0 s, 7792.6 tps, lat 2.052 ms stddev 0.111, 0 failed
progress: 11.0 s, 7770.0 tps, lat 2.058 ms stddev 0.152, 0 failed
progress: 12.0 s, 7790.0 tps, lat 2.054 ms stddev 0.109, 0 failed
progress: 13.0 s, 7817.3 tps, lat 2.047 ms stddev 0.103, 0 failed
progress: 14.0 s, 7778.6 tps, lat 2.056 ms stddev 0.125, 0 failed
progress: 15.0 s, 7753.0 tps, lat 2.063 ms stddev 0.168, 0 failed
progress: 16.0 s, 7771.0 tps, lat 2.058 ms stddev 0.120, 0 failed
progress: 17.0 s, 7804.0 tps, lat 2.050 ms stddev 0.122, 0 failed
progress: 18.0 s, 7767.9 tps, lat 2.060 ms stddev 0.147, 0 failed
progress: 19.0 s, 7729.1 tps, lat 2.070 ms stddev 0.195, 0 failed
progress: 20.0 s, 7811.0 tps, lat 2.047 ms stddev 0.129, 0 failed
progress: 21.0 s, 7797.0 tps, lat 2.053 ms stddev 0.151, 0 failed
progress: 22.0 s, 7823.3 tps, lat 2.044 ms stddev 0.149, 0 failed
progress: 23.0 s, 7785.7 tps, lat 2.054 ms stddev 0.143, 0 failed
progress: 24.0 s, 7787.4 tps, lat 2.054 ms stddev 0.126, 0 failed
progress: 25.0 s, 7815.6 tps, lat 2.047 ms stddev 0.130, 0 failed
progress: 26.0 s, 7759.0 tps, lat 2.062 ms stddev 0.215, 0 failed
progress: 27.0 s, 7823.0 tps, lat 2.045 ms stddev 0.134, 0 failed
progress: 28.0 s, 7805.0 tps, lat 2.049 ms stddev 0.133, 0 failed
progress: 29.0 s, 7757.1 tps, lat 2.062 ms stddev 0.177, 0 failed
progress: 30.0 s, 7815.3 tps, lat 2.047 ms stddev 0.111, 0 failed
progress: 31.0 s, 7776.7 tps, lat 2.056 ms stddev 0.135, 0 failed
progress: 32.0 s, 7739.0 tps, lat 2.067 ms stddev 0.178, 0 failed
progress: 33.0 s, 7799.0 tps, lat 2.051 ms stddev 0.132, 0 failed
progress: 34.0 s, 7806.3 tps, lat 2.050 ms stddev 0.124, 0 failed
progress: 35.0 s, 7811.0 tps, lat 2.048 ms stddev 0.143, 0 failed
progress: 36.0 s, 7767.7 tps, lat 2.059 ms stddev 0.165, 0 failed
progress: 37.0 s, 7781.0 tps, lat 2.056 ms stddev 0.155, 0 failed
progress: 38.0 s, 7800.0 tps, lat 2.050 ms stddev 0.141, 0 failed
progress: 39.0 s, 7811.0 tps, lat 2.048 ms stddev 0.119, 0 failed
progress: 40.0 s, 7786.2 tps, lat 2.054 ms stddev 0.141, 0 failed
progress: 41.0 s, 7818.0 tps, lat 2.046 ms stddev 0.141, 0 failed
progress: 42.0 s, 7727.0 tps, lat 2.070 ms stddev 0.199, 0 failed
progress: 43.0 s, 7745.6 tps, lat 2.066 ms stddev 0.197, 0 failed
progress: 44.0 s, 7785.2 tps, lat 2.055 ms stddev 0.140, 0 failed
progress: 45.0 s, 7793.7 tps, lat 2.053 ms stddev 0.128, 0 failed
progress: 46.0 s, 7791.6 tps, lat 2.053 ms stddev 0.128, 0 failed
progress: 47.0 s, 7806.8 tps, lat 2.049 ms stddev 0.119, 0 failed
progress: 48.0 s, 7759.2 tps, lat 2.062 ms stddev 0.182, 0 failed
progress: 49.0 s, 7763.7 tps, lat 2.059 ms stddev 0.136, 0 failed
progress: 50.0 s, 7819.3 tps, lat 2.046 ms stddev 0.132, 0 failed
progress: 51.0 s, 7841.7 tps, lat 2.040 ms stddev 0.116, 0 failed
progress: 52.0 s, 7767.3 tps, lat 2.060 ms stddev 0.172, 0 failed
progress: 53.0 s, 7788.0 tps, lat 2.054 ms stddev 0.117, 0 failed
progress: 54.0 s, 7804.0 tps, lat 2.050 ms stddev 0.147, 0 failed
progress: 55.0 s, 7795.7 tps, lat 2.051 ms stddev 0.139, 0 failed
progress: 56.0 s, 7834.0 tps, lat 2.042 ms stddev 0.117, 0 failed
progress: 57.0 s, 7854.4 tps, lat 2.037 ms stddev 0.077, 0 failed
progress: 58.0 s, 7824.0 tps, lat 2.044 ms stddev 0.117, 0 failed
progress: 59.0 s, 7813.7 tps, lat 2.047 ms stddev 0.128, 0 failed
transaction type: star-1-left.sql
scaling factor: 1
query mode: simple
number of clients: 16
number of threads: 16
maximum number of tries: 1
duration: 60 s
number of transactions actually processed: 467197
number of failed transactions: 0 (0.000%)
latency average = 2.054 ms
latency stddev = 0.159 ms
initial connection time = 11.516 ms
tps = 7787.839357 (without initial connection time)
