pgbench (18devel, server 12.20)
progress: 1.0 s, 26567.3 tps, lat 2.372 ms stddev 0.986, 0 failed
progress: 2.0 s, 27080.2 tps, lat 2.363 ms stddev 0.570, 0 failed
progress: 3.0 s, 26688.9 tps, lat 2.398 ms stddev 0.591, 0 failed
progress: 4.0 s, 26656.9 tps, lat 2.400 ms stddev 0.603, 0 failed
progress: 5.0 s, 26503.2 tps, lat 2.414 ms stddev 0.597, 0 failed
progress: 6.0 s, 26532.8 tps, lat 2.412 ms stddev 0.594, 0 failed
progress: 7.0 s, 26412.9 tps, lat 2.423 ms stddev 0.593, 0 failed
progress: 8.0 s, 26591.1 tps, lat 2.406 ms stddev 0.596, 0 failed
progress: 9.0 s, 26565.1 tps, lat 2.409 ms stddev 0.595, 0 failed
progress: 10.0 s, 26621.0 tps, lat 2.404 ms stddev 0.594, 0 failed
progress: 11.0 s, 26592.0 tps, lat 2.406 ms stddev 0.600, 0 failed
progress: 12.0 s, 26686.8 tps, lat 2.397 ms stddev 0.596, 0 failed
progress: 13.0 s, 26463.1 tps, lat 2.418 ms stddev 0.595, 0 failed
progress: 14.0 s, 26746.2 tps, lat 2.392 ms stddev 0.602, 0 failed
progress: 15.0 s, 26832.0 tps, lat 2.385 ms stddev 0.605, 0 failed
progress: 16.0 s, 26732.9 tps, lat 2.394 ms stddev 0.599, 0 failed
progress: 17.0 s, 26477.0 tps, lat 2.417 ms stddev 0.593, 0 failed
progress: 18.0 s, 26693.2 tps, lat 2.397 ms stddev 0.601, 0 failed
progress: 19.0 s, 26357.8 tps, lat 2.427 ms stddev 0.594, 0 failed
progress: 20.0 s, 26631.1 tps, lat 2.403 ms stddev 0.597, 0 failed
progress: 21.0 s, 26577.0 tps, lat 2.408 ms stddev 0.598, 0 failed
progress: 22.0 s, 26591.4 tps, lat 2.407 ms stddev 0.598, 0 failed
progress: 23.0 s, 26681.5 tps, lat 2.398 ms stddev 0.599, 0 failed
progress: 24.0 s, 26705.2 tps, lat 2.396 ms stddev 0.599, 0 failed
progress: 25.0 s, 26398.0 tps, lat 2.424 ms stddev 0.591, 0 failed
progress: 26.0 s, 26777.0 tps, lat 2.390 ms stddev 0.605, 0 failed
progress: 27.0 s, 26775.8 tps, lat 2.389 ms stddev 0.602, 0 failed
progress: 28.0 s, 26713.1 tps, lat 2.396 ms stddev 0.604, 0 failed
progress: 29.0 s, 26671.0 tps, lat 2.399 ms stddev 0.605, 0 failed
progress: 30.0 s, 26781.0 tps, lat 2.389 ms stddev 0.604, 0 failed
progress: 31.0 s, 26715.9 tps, lat 2.396 ms stddev 0.601, 0 failed
progress: 32.0 s, 26603.2 tps, lat 2.405 ms stddev 0.602, 0 failed
progress: 33.0 s, 26566.8 tps, lat 2.408 ms stddev 0.598, 0 failed
progress: 34.0 s, 26839.2 tps, lat 2.384 ms stddev 0.604, 0 failed
progress: 35.0 s, 26517.9 tps, lat 2.413 ms stddev 0.596, 0 failed
progress: 36.0 s, 26746.9 tps, lat 2.392 ms stddev 0.602, 0 failed
progress: 37.0 s, 26607.1 tps, lat 2.405 ms stddev 0.605, 0 failed
progress: 38.0 s, 26388.0 tps, lat 2.425 ms stddev 0.597, 0 failed
progress: 39.0 s, 26626.9 tps, lat 2.403 ms stddev 0.602, 0 failed
progress: 40.0 s, 26618.1 tps, lat 2.404 ms stddev 0.603, 0 failed
progress: 41.0 s, 26386.0 tps, lat 2.426 ms stddev 0.596, 0 failed
progress: 42.0 s, 26577.0 tps, lat 2.408 ms stddev 0.601, 0 failed
progress: 43.0 s, 26613.9 tps, lat 2.404 ms stddev 0.600, 0 failed
progress: 44.0 s, 26569.1 tps, lat 2.408 ms stddev 0.597, 0 failed
progress: 45.0 s, 26470.2 tps, lat 2.418 ms stddev 0.599, 0 failed
progress: 46.0 s, 26377.8 tps, lat 2.426 ms stddev 0.592, 0 failed
progress: 47.0 s, 26635.2 tps, lat 2.403 ms stddev 0.605, 0 failed
progress: 48.0 s, 26397.9 tps, lat 2.424 ms stddev 0.591, 0 failed
progress: 49.0 s, 26599.0 tps, lat 2.405 ms stddev 0.602, 0 failed
progress: 50.0 s, 26615.9 tps, lat 2.404 ms stddev 0.605, 0 failed
progress: 51.0 s, 26746.2 tps, lat 2.393 ms stddev 0.605, 0 failed
progress: 52.0 s, 26458.0 tps, lat 2.419 ms stddev 0.598, 0 failed
progress: 53.0 s, 26670.8 tps, lat 2.399 ms stddev 0.604, 0 failed
progress: 54.0 s, 26735.0 tps, lat 2.393 ms stddev 0.610, 0 failed
progress: 55.0 s, 26656.1 tps, lat 2.401 ms stddev 0.605, 0 failed
progress: 56.0 s, 26347.9 tps, lat 2.429 ms stddev 0.596, 0 failed
progress: 57.0 s, 26620.1 tps, lat 2.404 ms stddev 0.606, 0 failed
progress: 58.0 s, 26584.8 tps, lat 2.407 ms stddev 0.599, 0 failed
progress: 59.0 s, 26524.2 tps, lat 2.413 ms stddev 0.601, 0 failed
transaction type: star-1.sql
scaling factor: 1
query mode: simple
number of clients: 64
number of threads: 64
maximum number of tries: 1
duration: 60 s
number of transactions actually processed: 1595867
number of failed transactions: 0 (0.000%)
latency average = 2.404 ms
latency stddev = 0.608 ms
initial connection time = 38.478 ms
tps = 26612.908780 (without initial connection time)
