pgbench (18devel, server 8.2.23)
progress: 1.0 s, 45657.5 tps, lat 0.348 ms stddev 0.592, 0 failed
progress: 2.0 s, 47381.0 tps, lat 0.337 ms stddev 0.086, 0 failed
progress: 3.0 s, 47389.9 tps, lat 0.337 ms stddev 0.073, 0 failed
progress: 4.0 s, 43503.9 tps, lat 0.367 ms stddev 0.206, 0 failed
progress: 5.0 s, 46067.2 tps, lat 0.347 ms stddev 0.114, 0 failed
progress: 6.0 s, 46306.0 tps, lat 0.345 ms stddev 0.126, 0 failed
progress: 7.0 s, 46533.0 tps, lat 0.344 ms stddev 0.115, 0 failed
progress: 8.0 s, 46093.2 tps, lat 0.347 ms stddev 0.124, 0 failed
progress: 9.0 s, 38770.1 tps, lat 0.412 ms stddev 0.302, 0 failed
progress: 10.0 s, 42541.1 tps, lat 0.376 ms stddev 0.203, 0 failed
progress: 11.0 s, 46493.5 tps, lat 0.344 ms stddev 0.074, 0 failed
progress: 12.0 s, 44073.0 tps, lat 0.363 ms stddev 0.164, 0 failed
progress: 13.0 s, 45015.1 tps, lat 0.355 ms stddev 0.128, 0 failed
progress: 14.0 s, 46167.0 tps, lat 0.346 ms stddev 0.117, 0 failed
progress: 15.0 s, 46943.1 tps, lat 0.341 ms stddev 0.075, 0 failed
progress: 16.0 s, 46257.0 tps, lat 0.346 ms stddev 0.097, 0 failed
progress: 17.0 s, 46146.0 tps, lat 0.346 ms stddev 0.093, 0 failed
progress: 18.0 s, 46219.0 tps, lat 0.346 ms stddev 0.093, 0 failed
progress: 19.0 s, 46657.0 tps, lat 0.343 ms stddev 0.083, 0 failed
progress: 20.0 s, 46555.0 tps, lat 0.343 ms stddev 0.093, 0 failed
progress: 21.0 s, 46922.9 tps, lat 0.341 ms stddev 0.071, 0 failed
progress: 22.0 s, 45987.6 tps, lat 0.348 ms stddev 0.079, 0 failed
progress: 23.0 s, 45699.0 tps, lat 0.350 ms stddev 0.120, 0 failed
progress: 24.0 s, 44707.5 tps, lat 0.358 ms stddev 0.164, 0 failed
progress: 25.0 s, 45116.0 tps, lat 0.354 ms stddev 0.146, 0 failed
progress: 26.0 s, 43985.0 tps, lat 0.363 ms stddev 0.184, 0 failed
progress: 27.0 s, 44185.0 tps, lat 0.362 ms stddev 0.188, 0 failed
progress: 28.0 s, 41972.8 tps, lat 0.381 ms stddev 0.236, 0 failed
progress: 29.0 s, 43733.0 tps, lat 0.366 ms stddev 0.192, 0 failed
progress: 30.0 s, 44718.4 tps, lat 0.358 ms stddev 0.176, 0 failed
progress: 31.0 s, 44789.7 tps, lat 0.357 ms stddev 0.163, 0 failed
progress: 32.0 s, 45072.0 tps, lat 0.355 ms stddev 0.150, 0 failed
progress: 33.0 s, 45358.1 tps, lat 0.353 ms stddev 0.154, 0 failed
progress: 34.0 s, 46952.5 tps, lat 0.340 ms stddev 0.093, 0 failed
progress: 35.0 s, 46368.5 tps, lat 0.345 ms stddev 0.114, 0 failed
progress: 36.0 s, 46307.0 tps, lat 0.345 ms stddev 0.107, 0 failed
progress: 37.0 s, 46282.0 tps, lat 0.345 ms stddev 0.099, 0 failed
progress: 38.0 s, 46319.0 tps, lat 0.345 ms stddev 0.109, 0 failed
progress: 39.0 s, 45800.7 tps, lat 0.349 ms stddev 0.116, 0 failed
progress: 40.0 s, 45877.0 tps, lat 0.348 ms stddev 0.121, 0 failed
progress: 41.0 s, 42330.5 tps, lat 0.378 ms stddev 0.215, 0 failed
progress: 42.0 s, 44972.7 tps, lat 0.355 ms stddev 0.159, 0 failed
progress: 43.0 s, 46347.9 tps, lat 0.345 ms stddev 0.100, 0 failed
progress: 44.0 s, 45133.1 tps, lat 0.354 ms stddev 0.150, 0 failed
progress: 45.0 s, 45186.9 tps, lat 0.354 ms stddev 0.182, 0 failed
progress: 46.0 s, 45001.0 tps, lat 0.355 ms stddev 0.191, 0 failed
progress: 47.0 s, 46315.2 tps, lat 0.345 ms stddev 0.112, 0 failed
progress: 48.0 s, 46426.0 tps, lat 0.344 ms stddev 0.093, 0 failed
progress: 49.0 s, 46663.0 tps, lat 0.343 ms stddev 0.095, 0 failed
progress: 50.0 s, 47475.2 tps, lat 0.337 ms stddev 0.071, 0 failed
progress: 51.0 s, 47373.7 tps, lat 0.337 ms stddev 0.081, 0 failed
progress: 52.0 s, 47020.0 tps, lat 0.340 ms stddev 0.073, 0 failed
progress: 53.0 s, 46550.0 tps, lat 0.343 ms stddev 0.086, 0 failed
progress: 54.0 s, 47029.0 tps, lat 0.340 ms stddev 0.075, 0 failed
progress: 55.0 s, 46391.0 tps, lat 0.345 ms stddev 0.081, 0 failed
progress: 56.0 s, 46432.0 tps, lat 0.344 ms stddev 0.077, 0 failed
progress: 57.0 s, 46573.0 tps, lat 0.343 ms stddev 0.084, 0 failed
progress: 58.0 s, 46773.0 tps, lat 0.342 ms stddev 0.103, 0 failed
progress: 59.0 s, 46156.5 tps, lat 0.346 ms stddev 0.093, 0 failed
transaction type: star-1.sql
scaling factor: 1
query mode: prepared
number of clients: 16
number of threads: 16
maximum number of tries: 1
duration: 60 s
number of transactions actually processed: 2739487
number of failed transactions: 0 (0.000%)
latency average = 0.350 ms
latency stddev = 0.152 ms
initial connection time = 11.520 ms
tps = 45666.559652 (without initial connection time)
