pgbench (18devel, server 8.2.23)
progress: 1.0 s, 7126.2 tps, lat 33.278 ms stddev 74.940, 0 failed
progress: 2.0 s, 14598.9 tps, lat 17.937 ms stddev 21.843, 0 failed
progress: 3.0 s, 40843.0 tps, lat 6.263 ms stddev 5.643, 0 failed
progress: 4.0 s, 32517.0 tps, lat 7.876 ms stddev 10.287, 0 failed
progress: 5.0 s, 18911.9 tps, lat 13.536 ms stddev 18.170, 0 failed
progress: 6.0 s, 40871.2 tps, lat 6.259 ms stddev 5.605, 0 failed
progress: 7.0 s, 36110.9 tps, lat 7.091 ms stddev 8.344, 0 failed
progress: 8.0 s, 38022.9 tps, lat 6.734 ms stddev 6.341, 0 failed
progress: 9.0 s, 27086.1 tps, lat 9.452 ms stddev 13.508, 0 failed
progress: 10.0 s, 40873.9 tps, lat 6.263 ms stddev 5.717, 0 failed
progress: 11.0 s, 35996.1 tps, lat 7.112 ms stddev 8.387, 0 failed
progress: 12.0 s, 41034.9 tps, lat 6.237 ms stddev 5.631, 0 failed
progress: 13.0 s, 11343.1 tps, lat 22.072 ms stddev 23.723, 0 failed
progress: 14.0 s, 6248.0 tps, lat 40.994 ms stddev 24.859, 0 failed
progress: 15.0 s, 33536.9 tps, lat 7.802 ms stddev 10.107, 0 failed
progress: 16.0 s, 28326.0 tps, lat 9.032 ms stddev 12.778, 0 failed
progress: 17.0 s, 41578.1 tps, lat 6.155 ms stddev 5.362, 0 failed
progress: 18.0 s, 40719.9 tps, lat 6.285 ms stddev 5.722, 0 failed
progress: 19.0 s, 40870.1 tps, lat 6.267 ms stddev 5.699, 0 failed
progress: 20.0 s, 40796.0 tps, lat 6.275 ms stddev 5.687, 0 failed
progress: 21.0 s, 40084.9 tps, lat 6.384 ms stddev 5.982, 0 failed
progress: 22.0 s, 40697.0 tps, lat 6.290 ms stddev 5.808, 0 failed
progress: 23.0 s, 40736.0 tps, lat 6.288 ms stddev 5.796, 0 failed
progress: 24.0 s, 40869.9 tps, lat 6.261 ms stddev 5.738, 0 failed
progress: 25.0 s, 29638.0 tps, lat 8.634 ms stddev 11.961, 0 failed
progress: 26.0 s, 40749.9 tps, lat 6.283 ms stddev 5.766, 0 failed
progress: 27.0 s, 40751.0 tps, lat 6.284 ms stddev 5.788, 0 failed
progress: 28.0 s, 20036.0 tps, lat 12.773 ms stddev 16.830, 0 failed
progress: 29.0 s, 27095.1 tps, lat 9.238 ms stddev 12.520, 0 failed
progress: 30.0 s, 26213.7 tps, lat 9.977 ms stddev 14.637, 0 failed
progress: 31.0 s, 41052.9 tps, lat 6.237 ms stddev 5.647, 0 failed
progress: 32.0 s, 40678.1 tps, lat 6.295 ms stddev 5.699, 0 failed
progress: 33.0 s, 13169.2 tps, lat 19.054 ms stddev 22.622, 0 failed
progress: 34.0 s, 6349.9 tps, lat 40.223 ms stddev 23.448, 0 failed
progress: 35.0 s, 6424.8 tps, lat 39.963 ms stddev 25.531, 0 failed
progress: 36.0 s, 14926.9 tps, lat 17.473 ms stddev 21.781, 0 failed
progress: 37.0 s, 41230.0 tps, lat 6.205 ms stddev 5.500, 0 failed
progress: 38.0 s, 40690.1 tps, lat 6.296 ms stddev 5.795, 0 failed
progress: 39.0 s, 40832.0 tps, lat 6.267 ms stddev 5.828, 0 failed
progress: 40.0 s, 37522.8 tps, lat 6.686 ms stddev 6.966, 0 failed
progress: 41.0 s, 6420.9 tps, lat 39.876 ms stddev 22.890, 0 failed
progress: 42.0 s, 8506.4 tps, lat 30.029 ms stddev 25.845, 0 failed
progress: 43.0 s, 18227.5 tps, lat 14.051 ms stddev 19.300, 0 failed
progress: 44.0 s, 23505.4 tps, lat 11.132 ms stddev 15.914, 0 failed
progress: 45.0 s, 14147.1 tps, lat 17.701 ms stddev 21.803, 0 failed
progress: 46.0 s, 30767.9 tps, lat 8.498 ms stddev 11.454, 0 failed
progress: 47.0 s, 40549.0 tps, lat 6.312 ms stddev 5.864, 0 failed
progress: 48.0 s, 26483.8 tps, lat 9.425 ms stddev 13.302, 0 failed
progress: 49.0 s, 6400.1 tps, lat 40.146 ms stddev 21.478, 0 failed
progress: 50.0 s, 7070.2 tps, lat 37.025 ms stddev 24.592, 0 failed
progress: 51.0 s, 35347.1 tps, lat 7.237 ms stddev 8.689, 0 failed
progress: 52.0 s, 40760.9 tps, lat 6.278 ms stddev 5.754, 0 failed
progress: 53.0 s, 15094.6 tps, lat 16.581 ms stddev 20.553, 0 failed
progress: 54.0 s, 6447.3 tps, lat 39.797 ms stddev 24.471, 0 failed
progress: 55.0 s, 30405.6 tps, lat 8.438 ms stddev 10.977, 0 failed
progress: 56.0 s, 6403.2 tps, lat 39.830 ms stddev 22.212, 0 failed
progress: 57.0 s, 28882.5 tps, lat 8.870 ms stddev 11.777, 0 failed
progress: 58.0 s, 8104.7 tps, lat 31.532 ms stddev 24.081, 0 failed
progress: 59.0 s, 37719.1 tps, lat 6.781 ms stddev 7.403, 0 failed
transaction type: star-1.sql
scaling factor: 1
query mode: prepared
number of clients: 256
number of threads: 256
maximum number of tries: 1
duration: 60 s
number of transactions actually processed: 1644609
number of failed transactions: 0 (0.000%)
latency average = 9.318 ms
latency stddev = 13.924 ms
initial connection time = 147.071 ms
tps = 27454.026109 (without initial connection time)
