pgbench (18devel, server 8.2.23)
progress: 1.0 s, 3839.2 tps, lat 31.792 ms stddev 31.076, 0 failed
progress: 2.0 s, 3893.2 tps, lat 32.875 ms stddev 18.793, 0 failed
progress: 3.0 s, 3011.1 tps, lat 42.311 ms stddev 12.992, 0 failed
progress: 4.0 s, 3018.8 tps, lat 42.433 ms stddev 13.160, 0 failed
progress: 5.0 s, 3771.6 tps, lat 34.042 ms stddev 18.302, 0 failed
progress: 6.0 s, 3066.4 tps, lat 41.693 ms stddev 13.761, 0 failed
progress: 7.0 s, 3571.5 tps, lat 35.792 ms stddev 17.266, 0 failed
progress: 8.0 s, 5250.5 tps, lat 24.412 ms stddev 19.847, 0 failed
progress: 9.0 s, 3086.4 tps, lat 41.436 ms stddev 14.021, 0 failed
progress: 10.0 s, 3107.6 tps, lat 41.229 ms stddev 14.022, 0 failed
progress: 11.0 s, 3125.8 tps, lat 41.087 ms stddev 13.838, 0 failed
progress: 12.0 s, 5014.0 tps, lat 25.409 ms stddev 19.883, 0 failed
progress: 13.0 s, 5176.2 tps, lat 24.877 ms stddev 19.731, 0 failed
progress: 14.0 s, 5262.5 tps, lat 24.170 ms stddev 19.371, 0 failed
progress: 15.0 s, 4220.6 tps, lat 30.964 ms stddev 19.430, 0 failed
progress: 16.0 s, 5969.8 tps, lat 20.981 ms stddev 19.012, 0 failed
progress: 17.0 s, 3125.8 tps, lat 41.008 ms stddev 12.963, 0 failed
progress: 18.0 s, 3871.5 tps, lat 33.161 ms stddev 18.523, 0 failed
progress: 19.0 s, 7578.8 tps, lat 16.989 ms stddev 17.046, 0 failed
progress: 20.0 s, 3307.8 tps, lat 38.213 ms stddev 15.386, 0 failed
progress: 21.0 s, 3119.0 tps, lat 41.211 ms stddev 13.477, 0 failed
progress: 22.0 s, 3088.0 tps, lat 41.394 ms stddev 13.520, 0 failed
progress: 23.0 s, 3290.9 tps, lat 38.855 ms stddev 16.707, 0 failed
progress: 24.0 s, 3910.6 tps, lat 32.754 ms stddev 18.481, 0 failed
progress: 25.0 s, 5271.9 tps, lat 24.332 ms stddev 19.515, 0 failed
progress: 26.0 s, 5492.9 tps, lat 23.288 ms stddev 19.681, 0 failed
progress: 27.0 s, 6045.2 tps, lat 21.187 ms stddev 19.213, 0 failed
progress: 28.0 s, 3252.8 tps, lat 39.284 ms stddev 15.149, 0 failed
progress: 29.0 s, 3326.3 tps, lat 38.496 ms stddev 15.915, 0 failed
progress: 30.0 s, 3012.9 tps, lat 42.475 ms stddev 13.201, 0 failed
progress: 31.0 s, 3037.1 tps, lat 42.006 ms stddev 13.773, 0 failed
progress: 32.0 s, 4046.0 tps, lat 31.676 ms stddev 18.995, 0 failed
progress: 33.0 s, 3820.0 tps, lat 33.640 ms stddev 19.037, 0 failed
progress: 34.0 s, 3046.9 tps, lat 41.868 ms stddev 14.184, 0 failed
progress: 35.0 s, 5151.1 tps, lat 24.974 ms stddev 19.676, 0 failed
progress: 36.0 s, 3181.9 tps, lat 40.050 ms stddev 14.293, 0 failed
progress: 37.0 s, 3468.3 tps, lat 37.036 ms stddev 16.479, 0 failed
progress: 38.0 s, 3223.7 tps, lat 39.590 ms stddev 14.438, 0 failed
progress: 39.0 s, 4007.7 tps, lat 32.561 ms stddev 19.055, 0 failed
progress: 40.0 s, 4130.9 tps, lat 30.467 ms stddev 19.275, 0 failed
progress: 41.0 s, 3493.6 tps, lat 36.555 ms stddev 17.367, 0 failed
progress: 42.0 s, 4151.1 tps, lat 30.742 ms stddev 19.300, 0 failed
progress: 43.0 s, 3738.0 tps, lat 34.370 ms stddev 18.591, 0 failed
progress: 44.0 s, 4476.8 tps, lat 28.562 ms stddev 18.971, 0 failed
progress: 45.0 s, 3078.2 tps, lat 41.545 ms stddev 13.711, 0 failed
progress: 46.0 s, 3567.7 tps, lat 35.871 ms stddev 17.135, 0 failed
progress: 47.0 s, 3700.5 tps, lat 34.633 ms stddev 17.844, 0 failed
progress: 48.0 s, 3144.5 tps, lat 40.662 ms stddev 14.883, 0 failed
progress: 49.0 s, 4304.6 tps, lat 29.641 ms stddev 19.369, 0 failed
progress: 50.0 s, 3100.4 tps, lat 41.573 ms stddev 13.844, 0 failed
progress: 51.0 s, 3170.8 tps, lat 40.347 ms stddev 14.859, 0 failed
progress: 52.0 s, 4032.6 tps, lat 31.753 ms stddev 18.193, 0 failed
progress: 53.0 s, 3185.3 tps, lat 40.066 ms stddev 13.693, 0 failed
progress: 54.0 s, 3336.8 tps, lat 38.381 ms stddev 15.556, 0 failed
progress: 55.0 s, 6002.6 tps, lat 21.414 ms stddev 18.553, 0 failed
progress: 56.0 s, 4559.9 tps, lat 27.962 ms stddev 19.942, 0 failed
progress: 57.0 s, 3071.5 tps, lat 41.630 ms stddev 13.563, 0 failed
progress: 58.0 s, 3584.9 tps, lat 35.691 ms stddev 17.192, 0 failed
progress: 59.0 s, 6391.9 tps, lat 20.023 ms stddev 18.357, 0 failed
transaction type: star-1-left.sql
scaling factor: 1
query mode: simple
number of clients: 128
number of threads: 128
maximum number of tries: 1
duration: 60 s
number of transactions actually processed: 237908
number of failed transactions: 0 (0.000%)
latency average = 32.247 ms
latency stddev = 19.261 ms
initial connection time = 76.040 ms
tps = 3968.128080 (without initial connection time)
