pgbench (18devel, server 9.0.23)
progress: 1.0 s, 8331.9 tps, lat 0.120 ms stddev 0.032, 0 failed
progress: 2.0 s, 8365.6 tps, lat 0.119 ms stddev 0.008, 0 failed
progress: 3.0 s, 8423.4 tps, lat 0.119 ms stddev 0.007, 0 failed
progress: 4.0 s, 8397.7 tps, lat 0.119 ms stddev 0.007, 0 failed
progress: 5.0 s, 8416.9 tps, lat 0.119 ms stddev 0.007, 0 failed
progress: 6.0 s, 8533.0 tps, lat 0.117 ms stddev 0.008, 0 failed
progress: 7.0 s, 8561.3 tps, lat 0.117 ms stddev 0.007, 0 failed
progress: 8.0 s, 8651.7 tps, lat 0.115 ms stddev 0.006, 0 failed
progress: 9.0 s, 8592.3 tps, lat 0.116 ms stddev 0.007, 0 failed
progress: 10.0 s, 8606.0 tps, lat 0.116 ms stddev 0.007, 0 failed
progress: 11.0 s, 8543.0 tps, lat 0.117 ms stddev 0.007, 0 failed
progress: 12.0 s, 8568.7 tps, lat 0.117 ms stddev 0.007, 0 failed
progress: 13.0 s, 8611.2 tps, lat 0.116 ms stddev 0.007, 0 failed
progress: 14.0 s, 8643.9 tps, lat 0.116 ms stddev 0.007, 0 failed
progress: 15.0 s, 8557.9 tps, lat 0.117 ms stddev 0.006, 0 failed
progress: 16.0 s, 8582.5 tps, lat 0.116 ms stddev 0.007, 0 failed
progress: 17.0 s, 8723.9 tps, lat 0.115 ms stddev 0.006, 0 failed
progress: 18.0 s, 8698.6 tps, lat 0.115 ms stddev 0.007, 0 failed
progress: 19.0 s, 8628.1 tps, lat 0.116 ms stddev 0.006, 0 failed
progress: 20.0 s, 8630.3 tps, lat 0.116 ms stddev 0.007, 0 failed
progress: 21.0 s, 8686.8 tps, lat 0.115 ms stddev 0.007, 0 failed
progress: 22.0 s, 8657.8 tps, lat 0.115 ms stddev 0.007, 0 failed
progress: 23.0 s, 8634.0 tps, lat 0.116 ms stddev 0.006, 0 failed
progress: 24.0 s, 8636.1 tps, lat 0.116 ms stddev 0.006, 0 failed
progress: 25.0 s, 8631.1 tps, lat 0.116 ms stddev 0.006, 0 failed
progress: 26.0 s, 8591.8 tps, lat 0.116 ms stddev 0.007, 0 failed
progress: 27.0 s, 8574.0 tps, lat 0.117 ms stddev 0.006, 0 failed
progress: 28.0 s, 8653.0 tps, lat 0.115 ms stddev 0.006, 0 failed
progress: 29.0 s, 8625.4 tps, lat 0.116 ms stddev 0.006, 0 failed
progress: 30.0 s, 8745.6 tps, lat 0.114 ms stddev 0.006, 0 failed
progress: 31.0 s, 8596.1 tps, lat 0.116 ms stddev 0.006, 0 failed
progress: 32.0 s, 8562.9 tps, lat 0.117 ms stddev 0.006, 0 failed
progress: 33.0 s, 8687.2 tps, lat 0.115 ms stddev 0.006, 0 failed
progress: 34.0 s, 8748.9 tps, lat 0.114 ms stddev 0.007, 0 failed
progress: 35.0 s, 8647.0 tps, lat 0.116 ms stddev 0.006, 0 failed
progress: 36.0 s, 8622.9 tps, lat 0.116 ms stddev 0.007, 0 failed
progress: 37.0 s, 8620.9 tps, lat 0.116 ms stddev 0.006, 0 failed
progress: 38.0 s, 8596.0 tps, lat 0.116 ms stddev 0.007, 0 failed
progress: 39.0 s, 8664.0 tps, lat 0.115 ms stddev 0.006, 0 failed
progress: 40.0 s, 8744.1 tps, lat 0.114 ms stddev 0.006, 0 failed
progress: 41.0 s, 8742.9 tps, lat 0.114 ms stddev 0.006, 0 failed
progress: 42.0 s, 8916.1 tps, lat 0.112 ms stddev 0.006, 0 failed
progress: 43.0 s, 8726.8 tps, lat 0.115 ms stddev 0.007, 0 failed
progress: 44.0 s, 8744.0 tps, lat 0.114 ms stddev 0.006, 0 failed
progress: 45.0 s, 8669.0 tps, lat 0.115 ms stddev 0.007, 0 failed
progress: 46.0 s, 8658.0 tps, lat 0.115 ms stddev 0.007, 0 failed
progress: 47.0 s, 8687.1 tps, lat 0.115 ms stddev 0.006, 0 failed
progress: 48.0 s, 8688.9 tps, lat 0.115 ms stddev 0.007, 0 failed
progress: 49.0 s, 8760.0 tps, lat 0.114 ms stddev 0.006, 0 failed
progress: 50.0 s, 8659.0 tps, lat 0.115 ms stddev 0.007, 0 failed
progress: 51.0 s, 8657.1 tps, lat 0.115 ms stddev 0.006, 0 failed
progress: 52.0 s, 8632.3 tps, lat 0.116 ms stddev 0.006, 0 failed
progress: 53.0 s, 8692.1 tps, lat 0.115 ms stddev 0.006, 0 failed
progress: 54.0 s, 8649.9 tps, lat 0.116 ms stddev 0.007, 0 failed
progress: 55.0 s, 8648.7 tps, lat 0.116 ms stddev 0.006, 0 failed
progress: 56.0 s, 8605.4 tps, lat 0.116 ms stddev 0.007, 0 failed
progress: 57.0 s, 8743.7 tps, lat 0.114 ms stddev 0.006, 0 failed
progress: 58.0 s, 8627.1 tps, lat 0.116 ms stddev 0.007, 0 failed
progress: 59.0 s, 8706.1 tps, lat 0.115 ms stddev 0.006, 0 failed
progress: 60.0 s, 8612.7 tps, lat 0.116 ms stddev 0.006, 0 failed
transaction type: star-1.sql
scaling factor: 1
query mode: prepared
number of clients: 1
number of threads: 1
maximum number of tries: 1
duration: 60 s
number of transactions actually processed: 517822
number of failed transactions: 0 (0.000%)
latency average = 0.116 ms
latency stddev = 0.008 ms
initial connection time = 2.035 ms
tps = 8630.646156 (without initial connection time)
