pgbench (18devel, server 9.0.23)
progress: 1.0 s, 1740.9 tps, lat 35.563 ms stddev 17.076, 0 failed
progress: 2.0 s, 1964.0 tps, lat 32.626 ms stddev 10.538, 0 failed
progress: 3.0 s, 1924.0 tps, lat 33.218 ms stddev 10.744, 0 failed
progress: 4.0 s, 1882.0 tps, lat 33.965 ms stddev 10.779, 0 failed
progress: 5.0 s, 1903.0 tps, lat 33.772 ms stddev 10.766, 0 failed
progress: 6.0 s, 1893.0 tps, lat 33.692 ms stddev 10.734, 0 failed
progress: 7.0 s, 1889.0 tps, lat 33.974 ms stddev 10.672, 0 failed
progress: 8.0 s, 1875.0 tps, lat 34.051 ms stddev 10.698, 0 failed
progress: 9.0 s, 1878.0 tps, lat 34.073 ms stddev 10.660, 0 failed
progress: 10.0 s, 1899.0 tps, lat 33.759 ms stddev 10.681, 0 failed
progress: 11.0 s, 1895.0 tps, lat 33.689 ms stddev 10.675, 0 failed
progress: 12.0 s, 1910.0 tps, lat 33.682 ms stddev 10.634, 0 failed
progress: 13.0 s, 1893.0 tps, lat 33.800 ms stddev 10.623, 0 failed
progress: 14.0 s, 1884.0 tps, lat 33.740 ms stddev 10.609, 0 failed
progress: 15.0 s, 1900.0 tps, lat 33.810 ms stddev 10.623, 0 failed
progress: 16.0 s, 1888.0 tps, lat 33.872 ms stddev 10.625, 0 failed
progress: 17.0 s, 1900.0 tps, lat 33.752 ms stddev 10.650, 0 failed
progress: 18.0 s, 1879.0 tps, lat 33.954 ms stddev 10.661, 0 failed
progress: 19.0 s, 1895.0 tps, lat 33.880 ms stddev 10.696, 0 failed
progress: 20.0 s, 1894.0 tps, lat 33.744 ms stddev 10.708, 0 failed
progress: 21.0 s, 1896.0 tps, lat 33.767 ms stddev 10.720, 0 failed
progress: 22.0 s, 1883.0 tps, lat 33.941 ms stddev 10.736, 0 failed
progress: 23.0 s, 1889.0 tps, lat 33.862 ms stddev 10.703, 0 failed
progress: 24.0 s, 1886.0 tps, lat 33.926 ms stddev 10.739, 0 failed
progress: 25.0 s, 1893.0 tps, lat 33.917 ms stddev 10.714, 0 failed
progress: 26.0 s, 1880.0 tps, lat 33.941 ms stddev 10.721, 0 failed
progress: 27.0 s, 1892.0 tps, lat 33.898 ms stddev 10.804, 0 failed
progress: 28.0 s, 1886.0 tps, lat 33.865 ms stddev 10.772, 0 failed
progress: 29.0 s, 1884.0 tps, lat 33.965 ms stddev 10.772, 0 failed
progress: 30.0 s, 1896.0 tps, lat 33.845 ms stddev 10.765, 0 failed
progress: 31.0 s, 1891.0 tps, lat 33.820 ms stddev 10.731, 0 failed
progress: 32.0 s, 1891.0 tps, lat 33.850 ms stddev 10.738, 0 failed
progress: 33.0 s, 1891.0 tps, lat 33.848 ms stddev 10.750, 0 failed
progress: 34.0 s, 1884.0 tps, lat 33.872 ms stddev 10.754, 0 failed
progress: 35.0 s, 1872.0 tps, lat 34.036 ms stddev 10.742, 0 failed
progress: 36.0 s, 1888.0 tps, lat 34.042 ms stddev 10.770, 0 failed
progress: 37.0 s, 1886.0 tps, lat 33.982 ms stddev 10.786, 0 failed
progress: 38.0 s, 1885.0 tps, lat 34.025 ms stddev 10.734, 0 failed
progress: 39.0 s, 1876.0 tps, lat 34.099 ms stddev 10.738, 0 failed
progress: 40.0 s, 1877.0 tps, lat 34.030 ms stddev 10.750, 0 failed
progress: 41.0 s, 1890.0 tps, lat 33.971 ms stddev 10.781, 0 failed
progress: 42.0 s, 1878.0 tps, lat 33.933 ms stddev 10.739, 0 failed
progress: 43.0 s, 1889.0 tps, lat 33.958 ms stddev 10.735, 0 failed
progress: 44.0 s, 1879.0 tps, lat 34.009 ms stddev 10.712, 0 failed
progress: 45.0 s, 1886.0 tps, lat 34.006 ms stddev 10.699, 0 failed
progress: 46.0 s, 1883.0 tps, lat 33.927 ms stddev 10.690, 0 failed
progress: 47.0 s, 1885.0 tps, lat 33.955 ms stddev 10.708, 0 failed
progress: 48.0 s, 1885.0 tps, lat 33.950 ms stddev 10.733, 0 failed
progress: 49.0 s, 1878.0 tps, lat 34.139 ms stddev 10.761, 0 failed
progress: 50.0 s, 1871.0 tps, lat 34.171 ms stddev 10.753, 0 failed
progress: 51.0 s, 1868.0 tps, lat 34.183 ms stddev 10.730, 0 failed
progress: 52.0 s, 1885.0 tps, lat 34.017 ms stddev 10.791, 0 failed
progress: 53.0 s, 1880.0 tps, lat 33.993 ms stddev 10.761, 0 failed
progress: 54.0 s, 1875.0 tps, lat 34.116 ms stddev 10.739, 0 failed
progress: 55.0 s, 1874.0 tps, lat 34.206 ms stddev 10.725, 0 failed
progress: 56.0 s, 1880.0 tps, lat 34.127 ms stddev 10.733, 0 failed
progress: 57.0 s, 1876.0 tps, lat 34.018 ms stddev 10.776, 0 failed
progress: 58.0 s, 1878.0 tps, lat 34.146 ms stddev 10.784, 0 failed
progress: 59.0 s, 1869.0 tps, lat 34.106 ms stddev 10.777, 0 failed
transaction type: star-1.sql
scaling factor: 1
query mode: simple
number of clients: 64
number of threads: 64
maximum number of tries: 1
duration: 60 s
number of transactions actually processed: 113101
number of failed transactions: 0 (0.000%)
latency average = 33.934 ms
latency stddev = 10.852 ms
initial connection time = 45.634 ms
tps = 1885.131723 (without initial connection time)
