pgbench (18devel)
progress: 1.0 s, 273113.5 tps, lat 0.881 ms stddev 5.709, 0 failed
progress: 2.0 s, 312072.1 tps, lat 0.820 ms stddev 0.412, 0 failed
progress: 3.0 s, 312224.8 tps, lat 0.820 ms stddev 0.383, 0 failed
progress: 4.0 s, 312813.4 tps, lat 0.818 ms stddev 0.368, 0 failed
progress: 5.0 s, 313978.1 tps, lat 0.815 ms stddev 0.346, 0 failed
progress: 6.0 s, 315519.0 tps, lat 0.811 ms stddev 0.333, 0 failed
progress: 7.0 s, 316392.7 tps, lat 0.809 ms stddev 0.336, 0 failed
progress: 8.0 s, 316667.5 tps, lat 0.808 ms stddev 0.332, 0 failed
progress: 9.0 s, 316351.8 tps, lat 0.809 ms stddev 0.321, 0 failed
progress: 10.0 s, 316116.0 tps, lat 0.809 ms stddev 0.314, 0 failed
progress: 11.0 s, 315494.0 tps, lat 0.811 ms stddev 0.304, 0 failed
progress: 12.0 s, 314852.8 tps, lat 0.813 ms stddev 0.296, 0 failed
progress: 13.0 s, 314552.8 tps, lat 0.813 ms stddev 0.289, 0 failed
progress: 14.0 s, 314529.1 tps, lat 0.813 ms stddev 0.292, 0 failed
progress: 15.0 s, 319413.4 tps, lat 0.801 ms stddev 0.338, 0 failed
progress: 16.0 s, 317517.7 tps, lat 0.806 ms stddev 0.319, 0 failed
progress: 17.0 s, 317516.9 tps, lat 0.806 ms stddev 0.314, 0 failed
progress: 18.0 s, 316666.6 tps, lat 0.808 ms stddev 0.305, 0 failed
progress: 19.0 s, 316864.4 tps, lat 0.808 ms stddev 0.305, 0 failed
progress: 20.0 s, 316325.3 tps, lat 0.809 ms stddev 0.304, 0 failed
progress: 21.0 s, 316902.1 tps, lat 0.808 ms stddev 0.319, 0 failed
progress: 22.0 s, 315625.0 tps, lat 0.811 ms stddev 0.298, 0 failed
progress: 23.0 s, 315726.3 tps, lat 0.810 ms stddev 0.295, 0 failed
progress: 24.0 s, 314912.0 tps, lat 0.813 ms stddev 0.284, 0 failed
progress: 25.0 s, 314393.6 tps, lat 0.814 ms stddev 0.274, 0 failed
progress: 26.0 s, 314237.3 tps, lat 0.814 ms stddev 0.278, 0 failed
progress: 27.0 s, 314337.4 tps, lat 0.814 ms stddev 0.277, 0 failed
progress: 28.0 s, 313945.9 tps, lat 0.815 ms stddev 0.275, 0 failed
progress: 29.0 s, 314047.0 tps, lat 0.815 ms stddev 0.275, 0 failed
progress: 30.0 s, 314050.4 tps, lat 0.815 ms stddev 0.276, 0 failed
progress: 31.0 s, 314642.9 tps, lat 0.813 ms stddev 0.283, 0 failed
progress: 32.0 s, 314268.4 tps, lat 0.814 ms stddev 0.277, 0 failed
progress: 33.0 s, 313997.5 tps, lat 0.815 ms stddev 0.271, 0 failed
progress: 34.0 s, 313702.7 tps, lat 0.816 ms stddev 0.268, 0 failed
progress: 35.0 s, 313745.6 tps, lat 0.816 ms stddev 0.265, 0 failed
progress: 36.0 s, 313432.3 tps, lat 0.816 ms stddev 0.268, 0 failed
progress: 37.0 s, 313490.1 tps, lat 0.816 ms stddev 0.266, 0 failed
progress: 38.0 s, 313351.7 tps, lat 0.817 ms stddev 0.264, 0 failed
progress: 39.0 s, 313470.5 tps, lat 0.816 ms stddev 0.264, 0 failed
progress: 40.0 s, 313352.9 tps, lat 0.817 ms stddev 0.264, 0 failed
progress: 41.0 s, 313908.2 tps, lat 0.815 ms stddev 0.271, 0 failed
progress: 42.0 s, 313926.7 tps, lat 0.815 ms stddev 0.271, 0 failed
progress: 43.0 s, 313985.8 tps, lat 0.815 ms stddev 0.271, 0 failed
progress: 44.0 s, 314188.8 tps, lat 0.814 ms stddev 0.274, 0 failed
progress: 45.0 s, 314585.4 tps, lat 0.813 ms stddev 0.276, 0 failed
progress: 46.0 s, 314634.7 tps, lat 0.813 ms stddev 0.280, 0 failed
progress: 47.0 s, 314133.1 tps, lat 0.815 ms stddev 0.275, 0 failed
progress: 48.0 s, 313852.4 tps, lat 0.815 ms stddev 0.269, 0 failed
progress: 49.0 s, 313758.6 tps, lat 0.816 ms stddev 0.265, 0 failed
progress: 50.0 s, 313687.5 tps, lat 0.816 ms stddev 0.264, 0 failed
progress: 51.0 s, 314053.9 tps, lat 0.815 ms stddev 0.268, 0 failed
progress: 52.0 s, 313630.6 tps, lat 0.816 ms stddev 0.266, 0 failed
progress: 53.0 s, 313414.1 tps, lat 0.816 ms stddev 0.264, 0 failed
progress: 54.0 s, 313396.6 tps, lat 0.816 ms stddev 0.264, 0 failed
progress: 55.0 s, 313519.3 tps, lat 0.816 ms stddev 0.264, 0 failed
progress: 56.0 s, 314307.6 tps, lat 0.814 ms stddev 0.275, 0 failed
progress: 57.0 s, 314886.7 tps, lat 0.813 ms stddev 0.281, 0 failed
progress: 58.0 s, 314776.0 tps, lat 0.813 ms stddev 0.280, 0 failed
progress: 59.0 s, 314380.0 tps, lat 0.814 ms stddev 0.272, 0 failed
transaction type: star-1-left.sql
scaling factor: 1
query mode: prepared
number of clients: 256
number of threads: 256
maximum number of tries: 1
duration: 60 s
number of transactions actually processed: 18804313
number of failed transactions: 0 (0.000%)
latency average = 0.814 ms
latency stddev = 0.748 ms
initial connection time = 157.780 ms
tps = 313886.126833 (without initial connection time)
