pgbench (18devel, server 14.13)
progress: 1.0 s, 156204.2 tps, lat 1.552 ms stddev 4.438, 0 failed
progress: 2.0 s, 197389.2 tps, lat 1.297 ms stddev 1.581, 0 failed
progress: 3.0 s, 197386.4 tps, lat 1.297 ms stddev 1.570, 0 failed
progress: 4.0 s, 195227.9 tps, lat 1.311 ms stddev 1.563, 0 failed
progress: 5.0 s, 197827.8 tps, lat 1.294 ms stddev 1.573, 0 failed
progress: 6.0 s, 193748.6 tps, lat 1.321 ms stddev 1.618, 0 failed
progress: 7.0 s, 196545.2 tps, lat 1.302 ms stddev 1.599, 0 failed
progress: 8.0 s, 195027.7 tps, lat 1.312 ms stddev 1.616, 0 failed
progress: 9.0 s, 196791.8 tps, lat 1.301 ms stddev 1.613, 0 failed
progress: 10.0 s, 197297.0 tps, lat 1.297 ms stddev 1.588, 0 failed
progress: 11.0 s, 194632.2 tps, lat 1.315 ms stddev 1.604, 0 failed
progress: 12.0 s, 196959.0 tps, lat 1.300 ms stddev 1.608, 0 failed
progress: 13.0 s, 197474.4 tps, lat 1.296 ms stddev 1.604, 0 failed
progress: 14.0 s, 198116.2 tps, lat 1.292 ms stddev 1.611, 0 failed
progress: 15.0 s, 198022.6 tps, lat 1.293 ms stddev 1.607, 0 failed
progress: 16.0 s, 197925.0 tps, lat 1.293 ms stddev 1.597, 0 failed
progress: 17.0 s, 195474.2 tps, lat 1.309 ms stddev 1.619, 0 failed
progress: 18.0 s, 197326.4 tps, lat 1.297 ms stddev 1.604, 0 failed
progress: 19.0 s, 197245.2 tps, lat 1.298 ms stddev 1.599, 0 failed
progress: 20.0 s, 197303.0 tps, lat 1.297 ms stddev 1.597, 0 failed
progress: 21.0 s, 197935.0 tps, lat 1.293 ms stddev 1.579, 0 failed
progress: 22.0 s, 196678.6 tps, lat 1.301 ms stddev 1.595, 0 failed
progress: 23.0 s, 196138.6 tps, lat 1.305 ms stddev 1.581, 0 failed
progress: 24.0 s, 196590.8 tps, lat 1.302 ms stddev 1.593, 0 failed
progress: 25.0 s, 198464.4 tps, lat 1.290 ms stddev 1.593, 0 failed
progress: 26.0 s, 200088.2 tps, lat 1.279 ms stddev 1.555, 0 failed
progress: 27.0 s, 201610.6 tps, lat 1.269 ms stddev 1.565, 0 failed
progress: 28.0 s, 197969.8 tps, lat 1.293 ms stddev 1.601, 0 failed
progress: 29.0 s, 197933.0 tps, lat 1.293 ms stddev 1.596, 0 failed
progress: 30.0 s, 198689.2 tps, lat 1.288 ms stddev 1.603, 0 failed
progress: 31.0 s, 196337.6 tps, lat 1.304 ms stddev 1.582, 0 failed
progress: 32.0 s, 196334.2 tps, lat 1.304 ms stddev 1.593, 0 failed
progress: 33.0 s, 196728.2 tps, lat 1.301 ms stddev 1.587, 0 failed
progress: 34.0 s, 196643.9 tps, lat 1.302 ms stddev 1.594, 0 failed
progress: 35.0 s, 197449.5 tps, lat 1.296 ms stddev 1.588, 0 failed
progress: 36.0 s, 196862.2 tps, lat 1.300 ms stddev 1.595, 0 failed
progress: 37.0 s, 196679.2 tps, lat 1.301 ms stddev 1.597, 0 failed
progress: 38.0 s, 197031.6 tps, lat 1.299 ms stddev 1.598, 0 failed
progress: 39.0 s, 198375.2 tps, lat 1.290 ms stddev 1.598, 0 failed
progress: 40.0 s, 197537.6 tps, lat 1.296 ms stddev 1.600, 0 failed
progress: 41.0 s, 198682.0 tps, lat 1.288 ms stddev 1.602, 0 failed
progress: 42.0 s, 198758.0 tps, lat 1.288 ms stddev 1.593, 0 failed
progress: 43.0 s, 198935.4 tps, lat 1.287 ms stddev 1.597, 0 failed
progress: 44.0 s, 198297.6 tps, lat 1.291 ms stddev 1.593, 0 failed
progress: 45.0 s, 197846.4 tps, lat 1.294 ms stddev 1.600, 0 failed
progress: 46.0 s, 198478.0 tps, lat 1.290 ms stddev 1.599, 0 failed
progress: 47.0 s, 198823.0 tps, lat 1.287 ms stddev 1.600, 0 failed
progress: 48.0 s, 199256.2 tps, lat 1.285 ms stddev 1.591, 0 failed
progress: 49.0 s, 197515.0 tps, lat 1.296 ms stddev 1.584, 0 failed
progress: 50.0 s, 197149.0 tps, lat 1.298 ms stddev 1.592, 0 failed
progress: 51.0 s, 198502.6 tps, lat 1.289 ms stddev 1.601, 0 failed
progress: 52.0 s, 197989.0 tps, lat 1.293 ms stddev 1.594, 0 failed
progress: 53.0 s, 195976.4 tps, lat 1.306 ms stddev 1.598, 0 failed
progress: 54.0 s, 196565.0 tps, lat 1.302 ms stddev 1.592, 0 failed
progress: 55.0 s, 197589.2 tps, lat 1.295 ms stddev 1.588, 0 failed
progress: 56.0 s, 197333.6 tps, lat 1.297 ms stddev 1.587, 0 failed
progress: 57.0 s, 196718.0 tps, lat 1.301 ms stddev 1.582, 0 failed
progress: 58.0 s, 198344.8 tps, lat 1.291 ms stddev 1.606, 0 failed
progress: 59.0 s, 199047.6 tps, lat 1.286 ms stddev 1.594, 0 failed
transaction type: star-1-left.sql
scaling factor: 1
query mode: prepared
number of clients: 256
number of threads: 256
maximum number of tries: 1
duration: 60 s
number of transactions actually processed: 11786481
number of failed transactions: 0 (0.000%)
latency average = 1.300 ms
latency stddev = 1.672 ms
initial connection time = 151.317 ms
tps = 196717.978099 (without initial connection time)
