pgbench (18devel, server 9.2.24)
progress: 1.0 s, 61311.4 tps, lat 1.029 ms stddev 2.171, 0 failed
progress: 2.0 s, 67959.9 tps, lat 0.942 ms stddev 0.888, 0 failed
progress: 3.0 s, 65776.2 tps, lat 0.973 ms stddev 0.946, 0 failed
progress: 4.0 s, 66843.8 tps, lat 0.957 ms stddev 0.921, 0 failed
progress: 5.0 s, 66339.9 tps, lat 0.964 ms stddev 0.928, 0 failed
progress: 6.0 s, 68765.3 tps, lat 0.931 ms stddev 0.876, 0 failed
progress: 7.0 s, 65938.1 tps, lat 0.970 ms stddev 0.943, 0 failed
progress: 8.0 s, 65875.1 tps, lat 0.971 ms stddev 0.949, 0 failed
progress: 9.0 s, 66277.0 tps, lat 0.965 ms stddev 0.936, 0 failed
progress: 10.0 s, 68734.0 tps, lat 0.931 ms stddev 0.877, 0 failed
progress: 11.0 s, 65830.9 tps, lat 0.972 ms stddev 0.955, 0 failed
progress: 12.0 s, 66225.7 tps, lat 0.966 ms stddev 0.944, 0 failed
progress: 13.0 s, 65962.9 tps, lat 0.970 ms stddev 0.941, 0 failed
progress: 14.0 s, 67886.1 tps, lat 0.942 ms stddev 0.901, 0 failed
progress: 15.0 s, 65994.4 tps, lat 0.970 ms stddev 0.941, 0 failed
progress: 16.0 s, 65851.7 tps, lat 0.972 ms stddev 0.947, 0 failed
progress: 17.0 s, 65844.2 tps, lat 0.972 ms stddev 0.945, 0 failed
progress: 18.0 s, 68016.1 tps, lat 0.941 ms stddev 0.898, 0 failed
progress: 19.0 s, 66074.9 tps, lat 0.968 ms stddev 0.945, 0 failed
progress: 20.0 s, 66369.0 tps, lat 0.964 ms stddev 0.935, 0 failed
progress: 21.0 s, 66060.9 tps, lat 0.968 ms stddev 0.945, 0 failed
progress: 22.0 s, 67432.9 tps, lat 0.949 ms stddev 0.908, 0 failed
progress: 23.0 s, 66194.2 tps, lat 0.966 ms stddev 0.942, 0 failed
progress: 24.0 s, 66168.7 tps, lat 0.967 ms stddev 0.942, 0 failed
progress: 25.0 s, 66447.4 tps, lat 0.963 ms stddev 0.929, 0 failed
progress: 26.0 s, 68497.7 tps, lat 0.934 ms stddev 0.880, 0 failed
progress: 27.0 s, 66388.9 tps, lat 0.964 ms stddev 0.930, 0 failed
progress: 28.0 s, 66619.4 tps, lat 0.961 ms stddev 0.932, 0 failed
progress: 29.0 s, 66614.6 tps, lat 0.960 ms stddev 0.927, 0 failed
progress: 30.0 s, 67832.4 tps, lat 0.943 ms stddev 0.897, 0 failed
progress: 31.0 s, 65951.9 tps, lat 0.970 ms stddev 0.948, 0 failed
progress: 32.0 s, 68935.1 tps, lat 0.928 ms stddev 0.883, 0 failed
progress: 33.0 s, 66554.1 tps, lat 0.962 ms stddev 0.936, 0 failed
progress: 34.0 s, 68109.9 tps, lat 0.939 ms stddev 0.902, 0 failed
progress: 35.0 s, 66575.0 tps, lat 0.961 ms stddev 0.932, 0 failed
progress: 36.0 s, 66403.8 tps, lat 0.963 ms stddev 0.946, 0 failed
progress: 37.0 s, 66383.2 tps, lat 0.963 ms stddev 0.941, 0 failed
progress: 38.0 s, 67319.9 tps, lat 0.951 ms stddev 0.915, 0 failed
progress: 39.0 s, 66340.0 tps, lat 0.965 ms stddev 0.947, 0 failed
progress: 40.0 s, 66534.2 tps, lat 0.962 ms stddev 0.932, 0 failed
progress: 41.0 s, 66648.7 tps, lat 0.960 ms stddev 0.931, 0 failed
progress: 42.0 s, 68564.3 tps, lat 0.933 ms stddev 0.891, 0 failed
progress: 43.0 s, 66344.5 tps, lat 0.965 ms stddev 0.939, 0 failed
progress: 44.0 s, 66572.2 tps, lat 0.961 ms stddev 0.934, 0 failed
progress: 45.0 s, 66351.1 tps, lat 0.964 ms stddev 0.935, 0 failed
progress: 46.0 s, 66600.1 tps, lat 0.961 ms stddev 0.930, 0 failed
progress: 47.0 s, 65979.9 tps, lat 0.970 ms stddev 0.947, 0 failed
progress: 48.0 s, 66599.9 tps, lat 0.961 ms stddev 0.930, 0 failed
progress: 49.0 s, 65921.0 tps, lat 0.970 ms stddev 0.945, 0 failed
progress: 50.0 s, 67426.2 tps, lat 0.949 ms stddev 0.914, 0 failed
progress: 51.0 s, 65370.1 tps, lat 0.979 ms stddev 0.951, 0 failed
progress: 52.0 s, 65748.9 tps, lat 0.973 ms stddev 0.947, 0 failed
progress: 53.0 s, 66274.0 tps, lat 0.966 ms stddev 0.935, 0 failed
progress: 54.0 s, 67435.7 tps, lat 0.949 ms stddev 0.908, 0 failed
progress: 55.0 s, 65226.1 tps, lat 0.981 ms stddev 0.960, 0 failed
progress: 56.0 s, 66016.2 tps, lat 0.969 ms stddev 0.944, 0 failed
progress: 57.0 s, 65644.9 tps, lat 0.975 ms stddev 0.960, 0 failed
progress: 58.0 s, 67136.8 tps, lat 0.953 ms stddev 0.912, 0 failed
progress: 59.0 s, 64955.3 tps, lat 0.985 ms stddev 0.974, 0 failed
transaction type: star-1.sql
scaling factor: 1
query mode: prepared
number of clients: 64
number of threads: 64
maximum number of tries: 1
duration: 60 s
number of transactions actually processed: 3990034
number of failed transactions: 0 (0.000%)
latency average = 0.962 ms
latency stddev = 0.961 ms
initial connection time = 38.283 ms
tps = 66540.104797 (without initial connection time)
