pgbench (18devel, server 8.2.23)
progress: 1.0 s, 11405.8 tps, lat 20.800 ms stddev 56.857, 0 failed
progress: 2.0 s, 11807.0 tps, lat 21.564 ms stddev 22.657, 0 failed
progress: 3.0 s, 6609.4 tps, lat 39.606 ms stddev 24.552, 0 failed
progress: 4.0 s, 42070.0 tps, lat 6.098 ms stddev 5.545, 0 failed
progress: 5.0 s, 41013.4 tps, lat 6.128 ms stddev 5.642, 0 failed
progress: 6.0 s, 6605.3 tps, lat 38.604 ms stddev 23.416, 0 failed
progress: 7.0 s, 27677.8 tps, lat 9.455 ms stddev 13.007, 0 failed
progress: 8.0 s, 12061.1 tps, lat 21.215 ms stddev 23.374, 0 failed
progress: 9.0 s, 42452.8 tps, lat 6.032 ms stddev 5.536, 0 failed
progress: 10.0 s, 13321.0 tps, lat 19.210 ms stddev 21.011, 0 failed
progress: 11.0 s, 39959.5 tps, lat 6.258 ms stddev 6.261, 0 failed
progress: 12.0 s, 24059.4 tps, lat 10.889 ms stddev 15.669, 0 failed
progress: 13.0 s, 42181.0 tps, lat 6.070 ms stddev 5.560, 0 failed
progress: 14.0 s, 26728.0 tps, lat 9.589 ms stddev 13.289, 0 failed
progress: 15.0 s, 42814.8 tps, lat 5.968 ms stddev 5.351, 0 failed
progress: 16.0 s, 42963.1 tps, lat 5.959 ms stddev 5.393, 0 failed
progress: 17.0 s, 36803.0 tps, lat 6.960 ms stddev 8.557, 0 failed
progress: 18.0 s, 25026.9 tps, lat 10.219 ms stddev 14.720, 0 failed
progress: 19.0 s, 42305.2 tps, lat 6.056 ms stddev 5.605, 0 failed
progress: 20.0 s, 38076.2 tps, lat 6.584 ms stddev 7.195, 0 failed
progress: 21.0 s, 13066.5 tps, lat 19.579 ms stddev 21.989, 0 failed
progress: 22.0 s, 41247.3 tps, lat 6.336 ms stddev 6.379, 0 failed
progress: 23.0 s, 42038.0 tps, lat 6.089 ms stddev 5.672, 0 failed
progress: 24.0 s, 40912.6 tps, lat 6.175 ms stddev 5.836, 0 failed
progress: 25.0 s, 29667.5 tps, lat 8.743 ms stddev 12.271, 0 failed
progress: 26.0 s, 31398.8 tps, lat 8.112 ms stddev 10.847, 0 failed
progress: 27.0 s, 41999.2 tps, lat 6.120 ms stddev 5.782, 0 failed
progress: 28.0 s, 42379.0 tps, lat 6.045 ms stddev 5.589, 0 failed
progress: 29.0 s, 42336.0 tps, lat 6.051 ms stddev 5.546, 0 failed
progress: 30.0 s, 41998.8 tps, lat 6.004 ms stddev 5.379, 0 failed
progress: 31.0 s, 6638.3 tps, lat 38.227 ms stddev 22.409, 0 failed
progress: 32.0 s, 22076.3 tps, lat 11.866 ms stddev 16.898, 0 failed
progress: 33.0 s, 42190.9 tps, lat 6.069 ms stddev 5.631, 0 failed
progress: 34.0 s, 42806.0 tps, lat 5.976 ms stddev 5.375, 0 failed
progress: 35.0 s, 41803.0 tps, lat 6.123 ms stddev 5.685, 0 failed
progress: 36.0 s, 42111.8 tps, lat 6.081 ms stddev 5.606, 0 failed
progress: 37.0 s, 42497.1 tps, lat 6.022 ms stddev 5.573, 0 failed
progress: 38.0 s, 18479.7 tps, lat 13.596 ms stddev 17.679, 0 failed
progress: 39.0 s, 37024.7 tps, lat 7.039 ms stddev 8.619, 0 failed
progress: 40.0 s, 42256.8 tps, lat 6.059 ms stddev 5.608, 0 failed
progress: 41.0 s, 42314.0 tps, lat 6.052 ms stddev 5.554, 0 failed
progress: 42.0 s, 36959.1 tps, lat 6.927 ms stddev 8.315, 0 failed
progress: 43.0 s, 42356.0 tps, lat 6.044 ms stddev 5.548, 0 failed
progress: 44.0 s, 42217.9 tps, lat 6.065 ms stddev 5.598, 0 failed
progress: 45.0 s, 42395.1 tps, lat 6.036 ms stddev 5.586, 0 failed
progress: 46.0 s, 42781.0 tps, lat 5.979 ms stddev 5.398, 0 failed
progress: 47.0 s, 40723.0 tps, lat 6.290 ms stddev 6.105, 0 failed
progress: 48.0 s, 42135.1 tps, lat 6.075 ms stddev 5.634, 0 failed
progress: 49.0 s, 42381.9 tps, lat 6.041 ms stddev 5.553, 0 failed
progress: 50.0 s, 17161.0 tps, lat 14.917 ms stddev 19.356, 0 failed
progress: 51.0 s, 42211.7 tps, lat 6.063 ms stddev 5.622, 0 failed
progress: 52.0 s, 42292.2 tps, lat 6.051 ms stddev 5.654, 0 failed
progress: 53.0 s, 31057.7 tps, lat 8.099 ms stddev 10.749, 0 failed
progress: 54.0 s, 24808.4 tps, lat 10.492 ms stddev 14.938, 0 failed
progress: 55.0 s, 42042.1 tps, lat 6.093 ms stddev 5.687, 0 failed
progress: 56.0 s, 7249.3 tps, lat 34.536 ms stddev 22.934, 0 failed
progress: 57.0 s, 24931.5 tps, lat 10.502 ms stddev 14.353, 0 failed
progress: 58.0 s, 17251.1 tps, lat 14.500 ms stddev 19.066, 0 failed
progress: 59.0 s, 29484.1 tps, lat 8.699 ms stddev 12.282, 0 failed
transaction type: star-1.sql
scaling factor: 1
query mode: prepared
number of clients: 256
number of threads: 256
maximum number of tries: 1
duration: 60 s
number of transactions actually processed: 1940807
number of failed transactions: 0 (0.000%)
latency average = 7.895 ms
latency stddev = 11.395 ms
initial connection time = 151.190 ms
tps = 32412.763295 (without initial connection time)
