pgbench (18devel, server 14.13)
progress: 1.0 s, 12203.9 tps, lat 2.591 ms stddev 0.950, 0 failed
progress: 2.0 s, 13710.5 tps, lat 2.333 ms stddev 0.168, 0 failed
progress: 3.0 s, 13795.5 tps, lat 2.319 ms stddev 0.092, 0 failed
progress: 4.0 s, 13739.5 tps, lat 2.329 ms stddev 0.185, 0 failed
progress: 5.0 s, 13790.5 tps, lat 2.319 ms stddev 0.143, 0 failed
progress: 6.0 s, 13857.5 tps, lat 2.309 ms stddev 0.027, 0 failed
progress: 7.0 s, 13825.5 tps, lat 2.314 ms stddev 0.140, 0 failed
progress: 8.0 s, 13886.5 tps, lat 2.304 ms stddev 0.026, 0 failed
progress: 9.0 s, 13885.6 tps, lat 2.304 ms stddev 0.027, 0 failed
progress: 10.0 s, 13823.5 tps, lat 2.314 ms stddev 0.137, 0 failed
progress: 11.0 s, 13776.0 tps, lat 2.322 ms stddev 0.185, 0 failed
progress: 12.0 s, 13774.6 tps, lat 2.323 ms stddev 0.201, 0 failed
progress: 13.0 s, 13782.5 tps, lat 2.321 ms stddev 0.188, 0 failed
progress: 14.0 s, 13786.7 tps, lat 2.320 ms stddev 0.173, 0 failed
progress: 15.0 s, 13884.7 tps, lat 2.304 ms stddev 0.029, 0 failed
progress: 16.0 s, 13894.5 tps, lat 2.302 ms stddev 0.026, 0 failed
progress: 17.0 s, 13894.7 tps, lat 2.302 ms stddev 0.026, 0 failed
progress: 18.0 s, 13891.8 tps, lat 2.303 ms stddev 0.027, 0 failed
progress: 19.0 s, 13877.1 tps, lat 2.305 ms stddev 0.076, 0 failed
progress: 20.0 s, 13898.6 tps, lat 2.303 ms stddev 0.026, 0 failed
progress: 21.0 s, 13846.8 tps, lat 2.310 ms stddev 0.130, 0 failed
progress: 22.0 s, 13829.1 tps, lat 2.313 ms stddev 0.153, 0 failed
progress: 23.0 s, 13899.5 tps, lat 2.302 ms stddev 0.027, 0 failed
progress: 24.0 s, 13803.0 tps, lat 2.317 ms stddev 0.174, 0 failed
progress: 25.0 s, 13909.5 tps, lat 2.301 ms stddev 0.026, 0 failed
progress: 26.0 s, 13898.0 tps, lat 2.302 ms stddev 0.026, 0 failed
progress: 27.0 s, 13908.9 tps, lat 2.300 ms stddev 0.026, 0 failed
progress: 28.0 s, 13913.1 tps, lat 2.299 ms stddev 0.028, 0 failed
progress: 29.0 s, 13899.9 tps, lat 2.302 ms stddev 0.030, 0 failed
progress: 30.0 s, 13775.0 tps, lat 2.323 ms stddev 0.203, 0 failed
progress: 31.0 s, 13907.6 tps, lat 2.300 ms stddev 0.024, 0 failed
progress: 32.0 s, 13868.5 tps, lat 2.307 ms stddev 0.141, 0 failed
progress: 33.0 s, 13821.5 tps, lat 2.315 ms stddev 0.180, 0 failed
progress: 34.0 s, 13912.8 tps, lat 2.299 ms stddev 0.027, 0 failed
progress: 35.0 s, 13878.4 tps, lat 2.305 ms stddev 0.109, 0 failed
progress: 36.0 s, 13786.3 tps, lat 2.320 ms stddev 0.209, 0 failed
progress: 37.0 s, 13914.0 tps, lat 2.299 ms stddev 0.022, 0 failed
progress: 38.0 s, 13862.5 tps, lat 2.308 ms stddev 0.143, 0 failed
progress: 39.0 s, 13925.5 tps, lat 2.298 ms stddev 0.027, 0 failed
progress: 40.0 s, 13923.0 tps, lat 2.298 ms stddev 0.028, 0 failed
progress: 41.0 s, 13914.0 tps, lat 2.298 ms stddev 0.028, 0 failed
progress: 42.0 s, 13928.0 tps, lat 2.297 ms stddev 0.025, 0 failed
progress: 43.0 s, 13918.5 tps, lat 2.299 ms stddev 0.027, 0 failed
progress: 44.0 s, 13805.5 tps, lat 2.317 ms stddev 0.191, 0 failed
progress: 45.0 s, 13856.0 tps, lat 2.308 ms stddev 0.139, 0 failed
progress: 46.0 s, 13870.0 tps, lat 2.307 ms stddev 0.137, 0 failed
progress: 47.0 s, 13932.3 tps, lat 2.297 ms stddev 0.024, 0 failed
progress: 48.0 s, 13913.2 tps, lat 2.298 ms stddev 0.072, 0 failed
progress: 49.0 s, 13885.0 tps, lat 2.305 ms stddev 0.140, 0 failed
progress: 50.0 s, 13922.9 tps, lat 2.298 ms stddev 0.027, 0 failed
progress: 51.0 s, 13836.5 tps, lat 2.313 ms stddev 0.177, 0 failed
progress: 52.0 s, 13918.0 tps, lat 2.298 ms stddev 0.028, 0 failed
progress: 53.0 s, 13922.5 tps, lat 2.298 ms stddev 0.029, 0 failed
progress: 54.0 s, 13869.6 tps, lat 2.307 ms stddev 0.123, 0 failed
progress: 55.0 s, 13776.6 tps, lat 2.322 ms stddev 0.205, 0 failed
progress: 56.0 s, 13852.0 tps, lat 2.310 ms stddev 0.141, 0 failed
progress: 57.0 s, 13914.5 tps, lat 2.299 ms stddev 0.030, 0 failed
progress: 58.0 s, 13857.5 tps, lat 2.309 ms stddev 0.144, 0 failed
progress: 59.0 s, 13916.5 tps, lat 2.298 ms stddev 0.027, 0 failed
transaction type: star-1-left.sql
scaling factor: 1
query mode: simple
number of clients: 32
number of threads: 32
maximum number of tries: 1
duration: 60 s
number of transactions actually processed: 829959
number of failed transactions: 0 (0.000%)
latency average = 2.312 ms
latency stddev = 0.165 ms
initial connection time = 29.227 ms
tps = 13838.755659 (without initial connection time)
