pgbench (18devel, server 17.0)
progress: 1.0 s, 10657.4 tps, lat 1.490 ms stddev 0.272, 0 failed
progress: 2.0 s, 10855.0 tps, lat 1.473 ms stddev 0.031, 0 failed
progress: 3.0 s, 10713.0 tps, lat 1.493 ms stddev 0.170, 0 failed
progress: 4.0 s, 10842.0 tps, lat 1.476 ms stddev 0.040, 0 failed
progress: 5.0 s, 10854.9 tps, lat 1.473 ms stddev 0.030, 0 failed
progress: 6.0 s, 10878.0 tps, lat 1.470 ms stddev 0.032, 0 failed
progress: 7.0 s, 10898.0 tps, lat 1.467 ms stddev 0.040, 0 failed
progress: 8.0 s, 10908.0 tps, lat 1.467 ms stddev 0.030, 0 failed
progress: 9.0 s, 10911.0 tps, lat 1.466 ms stddev 0.029, 0 failed
progress: 10.0 s, 10900.0 tps, lat 1.467 ms stddev 0.030, 0 failed
progress: 11.0 s, 10885.0 tps, lat 1.470 ms stddev 0.030, 0 failed
progress: 12.0 s, 10878.0 tps, lat 1.470 ms stddev 0.031, 0 failed
progress: 13.0 s, 10878.0 tps, lat 1.470 ms stddev 0.033, 0 failed
progress: 14.0 s, 10901.0 tps, lat 1.468 ms stddev 0.032, 0 failed
progress: 15.0 s, 10886.0 tps, lat 1.469 ms stddev 0.032, 0 failed
progress: 16.0 s, 10927.0 tps, lat 1.464 ms stddev 0.029, 0 failed
progress: 17.0 s, 10916.0 tps, lat 1.466 ms stddev 0.029, 0 failed
progress: 18.0 s, 10956.0 tps, lat 1.460 ms stddev 0.031, 0 failed
progress: 19.0 s, 10898.0 tps, lat 1.468 ms stddev 0.029, 0 failed
progress: 20.0 s, 10905.0 tps, lat 1.467 ms stddev 0.030, 0 failed
progress: 21.0 s, 10946.0 tps, lat 1.461 ms stddev 0.030, 0 failed
progress: 22.0 s, 10896.0 tps, lat 1.468 ms stddev 0.029, 0 failed
progress: 23.0 s, 10930.1 tps, lat 1.463 ms stddev 0.031, 0 failed
progress: 24.0 s, 10936.9 tps, lat 1.462 ms stddev 0.029, 0 failed
progress: 25.0 s, 10924.1 tps, lat 1.464 ms stddev 0.028, 0 failed
progress: 26.0 s, 10809.9 tps, lat 1.480 ms stddev 0.125, 0 failed
progress: 27.0 s, 10944.0 tps, lat 1.462 ms stddev 0.027, 0 failed
progress: 28.0 s, 10964.0 tps, lat 1.459 ms stddev 0.028, 0 failed
progress: 29.0 s, 10929.0 tps, lat 1.464 ms stddev 0.029, 0 failed
progress: 30.0 s, 10961.0 tps, lat 1.459 ms stddev 0.027, 0 failed
progress: 31.0 s, 10928.9 tps, lat 1.464 ms stddev 0.029, 0 failed
progress: 32.0 s, 10922.1 tps, lat 1.464 ms stddev 0.027, 0 failed
progress: 33.0 s, 10904.0 tps, lat 1.467 ms stddev 0.033, 0 failed
progress: 34.0 s, 10899.4 tps, lat 1.468 ms stddev 0.029, 0 failed
progress: 35.0 s, 10923.5 tps, lat 1.464 ms stddev 0.030, 0 failed
progress: 36.0 s, 10901.1 tps, lat 1.468 ms stddev 0.029, 0 failed
progress: 37.0 s, 10912.0 tps, lat 1.466 ms stddev 0.029, 0 failed
progress: 38.0 s, 10890.9 tps, lat 1.469 ms stddev 0.027, 0 failed
progress: 39.0 s, 10902.0 tps, lat 1.467 ms stddev 0.028, 0 failed
progress: 40.0 s, 10915.1 tps, lat 1.465 ms stddev 0.027, 0 failed
progress: 41.0 s, 10901.0 tps, lat 1.468 ms stddev 0.084, 0 failed
progress: 42.0 s, 10884.0 tps, lat 1.470 ms stddev 0.091, 0 failed
progress: 43.0 s, 10918.0 tps, lat 1.465 ms stddev 0.030, 0 failed
progress: 44.0 s, 10923.0 tps, lat 1.464 ms stddev 0.030, 0 failed
progress: 45.0 s, 10920.9 tps, lat 1.464 ms stddev 0.027, 0 failed
progress: 46.0 s, 10914.1 tps, lat 1.466 ms stddev 0.030, 0 failed
progress: 47.0 s, 10902.0 tps, lat 1.467 ms stddev 0.038, 0 failed
progress: 48.0 s, 10902.0 tps, lat 1.467 ms stddev 0.056, 0 failed
progress: 49.0 s, 10836.0 tps, lat 1.476 ms stddev 0.134, 0 failed
progress: 50.0 s, 10922.0 tps, lat 1.465 ms stddev 0.028, 0 failed
progress: 51.0 s, 10946.0 tps, lat 1.461 ms stddev 0.029, 0 failed
progress: 52.0 s, 10926.9 tps, lat 1.464 ms stddev 0.028, 0 failed
progress: 53.0 s, 10936.0 tps, lat 1.463 ms stddev 0.028, 0 failed
progress: 54.0 s, 10948.0 tps, lat 1.461 ms stddev 0.031, 0 failed
progress: 55.0 s, 10959.0 tps, lat 1.460 ms stddev 0.026, 0 failed
progress: 56.0 s, 10955.0 tps, lat 1.460 ms stddev 0.026, 0 failed
progress: 57.0 s, 10937.0 tps, lat 1.463 ms stddev 0.027, 0 failed
progress: 58.0 s, 10910.0 tps, lat 1.466 ms stddev 0.031, 0 failed
progress: 59.0 s, 10922.0 tps, lat 1.464 ms stddev 0.028, 0 failed
transaction type: star-1.sql
scaling factor: 1
query mode: simple
number of clients: 16
number of threads: 16
maximum number of tries: 1
duration: 60 s
number of transactions actually processed: 653996
number of failed transactions: 0 (0.000%)
latency average = 1.467 ms
latency stddev = 0.060 ms
initial connection time = 13.238 ms
tps = 10902.071956 (without initial connection time)
