pgbench (18devel, server 11.22)
progress: 1.0 s, 107448.1 tps, lat 0.148 ms stddev 0.137, 0 failed
progress: 2.0 s, 115898.8 tps, lat 0.138 ms stddev 0.009, 0 failed
progress: 3.0 s, 116453.6 tps, lat 0.137 ms stddev 0.008, 0 failed
progress: 4.0 s, 116076.3 tps, lat 0.138 ms stddev 0.010, 0 failed
progress: 5.0 s, 115230.8 tps, lat 0.139 ms stddev 0.014, 0 failed
progress: 6.0 s, 117165.9 tps, lat 0.136 ms stddev 0.010, 0 failed
progress: 7.0 s, 116850.2 tps, lat 0.137 ms stddev 0.010, 0 failed
progress: 8.0 s, 117001.2 tps, lat 0.137 ms stddev 0.011, 0 failed
progress: 9.0 s, 116503.1 tps, lat 0.137 ms stddev 0.011, 0 failed
progress: 10.0 s, 115583.0 tps, lat 0.138 ms stddev 0.011, 0 failed
progress: 11.0 s, 116163.1 tps, lat 0.138 ms stddev 0.010, 0 failed
progress: 12.0 s, 116097.1 tps, lat 0.138 ms stddev 0.011, 0 failed
progress: 13.0 s, 116002.9 tps, lat 0.138 ms stddev 0.012, 0 failed
progress: 14.0 s, 116097.8 tps, lat 0.138 ms stddev 0.011, 0 failed
progress: 15.0 s, 116337.4 tps, lat 0.137 ms stddev 0.012, 0 failed
progress: 16.0 s, 116985.3 tps, lat 0.137 ms stddev 0.017, 0 failed
progress: 17.0 s, 116334.4 tps, lat 0.137 ms stddev 0.011, 0 failed
progress: 18.0 s, 116000.1 tps, lat 0.138 ms stddev 0.011, 0 failed
progress: 19.0 s, 115915.9 tps, lat 0.138 ms stddev 0.011, 0 failed
progress: 20.0 s, 116992.4 tps, lat 0.137 ms stddev 0.011, 0 failed
progress: 21.0 s, 118180.3 tps, lat 0.135 ms stddev 0.009, 0 failed
progress: 22.0 s, 118525.1 tps, lat 0.135 ms stddev 0.009, 0 failed
progress: 23.0 s, 116973.3 tps, lat 0.137 ms stddev 0.010, 0 failed
progress: 24.0 s, 117391.9 tps, lat 0.136 ms stddev 0.016, 0 failed
progress: 25.0 s, 117375.1 tps, lat 0.136 ms stddev 0.010, 0 failed
progress: 26.0 s, 116363.0 tps, lat 0.137 ms stddev 0.013, 0 failed
progress: 27.0 s, 117612.1 tps, lat 0.136 ms stddev 0.010, 0 failed
progress: 28.0 s, 118357.3 tps, lat 0.135 ms stddev 0.009, 0 failed
progress: 29.0 s, 118805.9 tps, lat 0.135 ms stddev 0.009, 0 failed
progress: 30.0 s, 118643.7 tps, lat 0.135 ms stddev 0.008, 0 failed
progress: 31.0 s, 118637.8 tps, lat 0.135 ms stddev 0.009, 0 failed
progress: 32.0 s, 118716.0 tps, lat 0.135 ms stddev 0.009, 0 failed
progress: 33.0 s, 118086.2 tps, lat 0.135 ms stddev 0.009, 0 failed
progress: 34.0 s, 118140.0 tps, lat 0.135 ms stddev 0.009, 0 failed
progress: 35.0 s, 118073.1 tps, lat 0.135 ms stddev 0.009, 0 failed
progress: 36.0 s, 118207.0 tps, lat 0.135 ms stddev 0.009, 0 failed
progress: 37.0 s, 118095.7 tps, lat 0.135 ms stddev 0.009, 0 failed
progress: 38.0 s, 118233.5 tps, lat 0.135 ms stddev 0.009, 0 failed
progress: 39.0 s, 118483.7 tps, lat 0.135 ms stddev 0.009, 0 failed
progress: 40.0 s, 118128.1 tps, lat 0.135 ms stddev 0.012, 0 failed
progress: 41.0 s, 119319.9 tps, lat 0.134 ms stddev 0.008, 0 failed
progress: 42.0 s, 119194.1 tps, lat 0.134 ms stddev 0.008, 0 failed
progress: 43.0 s, 119102.3 tps, lat 0.134 ms stddev 0.015, 0 failed
progress: 44.0 s, 119065.5 tps, lat 0.134 ms stddev 0.008, 0 failed
progress: 45.0 s, 118831.9 tps, lat 0.135 ms stddev 0.008, 0 failed
progress: 46.0 s, 116934.2 tps, lat 0.137 ms stddev 0.011, 0 failed
progress: 47.0 s, 116077.0 tps, lat 0.138 ms stddev 0.011, 0 failed
progress: 48.0 s, 117472.3 tps, lat 0.136 ms stddev 0.010, 0 failed
progress: 49.0 s, 117657.6 tps, lat 0.136 ms stddev 0.013, 0 failed
progress: 50.0 s, 117493.2 tps, lat 0.136 ms stddev 0.009, 0 failed
progress: 51.0 s, 117335.5 tps, lat 0.136 ms stddev 0.009, 0 failed
progress: 52.0 s, 117823.8 tps, lat 0.136 ms stddev 0.009, 0 failed
progress: 53.0 s, 118246.7 tps, lat 0.135 ms stddev 0.009, 0 failed
progress: 54.0 s, 117966.0 tps, lat 0.136 ms stddev 0.009, 0 failed
progress: 55.0 s, 117841.3 tps, lat 0.136 ms stddev 0.009, 0 failed
progress: 56.0 s, 117829.6 tps, lat 0.136 ms stddev 0.009, 0 failed
progress: 57.0 s, 117863.3 tps, lat 0.136 ms stddev 0.009, 0 failed
progress: 58.0 s, 117890.9 tps, lat 0.136 ms stddev 0.009, 0 failed
progress: 59.0 s, 117288.9 tps, lat 0.136 ms stddev 0.009, 0 failed
transaction type: star-1-left.sql
scaling factor: 1
query mode: prepared
number of clients: 16
number of threads: 16
maximum number of tries: 1
duration: 60 s
number of transactions actually processed: 7035201
number of failed transactions: 0 (0.000%)
latency average = 0.136 ms
latency stddev = 0.020 ms
initial connection time = 12.621 ms
tps = 117277.251104 (without initial connection time)
