pgbench (18devel, server 16.4)
progress: 1.0 s, 28919.7 tps, lat 4.265 ms stddev 3.368, 0 failed
progress: 2.0 s, 30043.3 tps, lat 4.261 ms stddev 2.224, 0 failed
progress: 3.0 s, 30086.4 tps, lat 4.253 ms stddev 2.222, 0 failed
progress: 4.0 s, 30106.9 tps, lat 4.252 ms stddev 2.245, 0 failed
progress: 5.0 s, 30026.9 tps, lat 4.259 ms stddev 2.279, 0 failed
progress: 6.0 s, 29978.0 tps, lat 4.271 ms stddev 2.584, 0 failed
progress: 7.0 s, 29932.1 tps, lat 4.274 ms stddev 2.537, 0 failed
progress: 8.0 s, 30029.9 tps, lat 4.264 ms stddev 2.527, 0 failed
progress: 9.0 s, 30053.1 tps, lat 4.258 ms stddev 2.544, 0 failed
progress: 10.0 s, 29991.9 tps, lat 4.270 ms stddev 2.523, 0 failed
progress: 11.0 s, 30035.3 tps, lat 4.257 ms stddev 2.491, 0 failed
progress: 12.0 s, 30041.5 tps, lat 4.262 ms stddev 2.595, 0 failed
progress: 13.0 s, 30047.2 tps, lat 4.257 ms stddev 2.584, 0 failed
progress: 14.0 s, 30036.0 tps, lat 4.261 ms stddev 2.526, 0 failed
progress: 15.0 s, 30009.9 tps, lat 4.266 ms stddev 2.584, 0 failed
progress: 16.0 s, 30085.0 tps, lat 4.256 ms stddev 2.529, 0 failed
progress: 17.0 s, 29992.1 tps, lat 4.266 ms stddev 2.532, 0 failed
progress: 18.0 s, 30033.1 tps, lat 4.260 ms stddev 2.550, 0 failed
progress: 19.0 s, 30106.8 tps, lat 4.254 ms stddev 2.529, 0 failed
progress: 20.0 s, 30091.0 tps, lat 4.254 ms stddev 2.544, 0 failed
progress: 21.0 s, 30086.2 tps, lat 4.252 ms stddev 2.523, 0 failed
progress: 22.0 s, 30090.7 tps, lat 4.253 ms stddev 2.528, 0 failed
progress: 23.0 s, 30098.2 tps, lat 4.253 ms stddev 2.529, 0 failed
progress: 24.0 s, 30012.7 tps, lat 4.264 ms stddev 2.583, 0 failed
progress: 25.0 s, 30036.0 tps, lat 4.260 ms stddev 2.558, 0 failed
progress: 26.0 s, 30064.2 tps, lat 4.259 ms stddev 2.524, 0 failed
progress: 27.0 s, 30050.0 tps, lat 4.259 ms stddev 2.527, 0 failed
progress: 28.0 s, 30086.9 tps, lat 4.253 ms stddev 2.565, 0 failed
progress: 29.0 s, 30090.1 tps, lat 4.254 ms stddev 2.560, 0 failed
progress: 30.0 s, 30123.0 tps, lat 4.249 ms stddev 2.511, 0 failed
progress: 31.0 s, 30070.9 tps, lat 4.256 ms stddev 2.507, 0 failed
progress: 32.0 s, 30091.1 tps, lat 4.253 ms stddev 2.510, 0 failed
progress: 33.0 s, 30109.8 tps, lat 4.250 ms stddev 2.511, 0 failed
progress: 34.0 s, 30101.2 tps, lat 4.251 ms stddev 2.551, 0 failed
progress: 35.0 s, 30108.7 tps, lat 4.252 ms stddev 2.558, 0 failed
progress: 36.0 s, 30113.4 tps, lat 4.250 ms stddev 2.553, 0 failed
progress: 37.0 s, 30108.1 tps, lat 4.252 ms stddev 2.497, 0 failed
progress: 38.0 s, 30123.9 tps, lat 4.248 ms stddev 2.470, 0 failed
progress: 39.0 s, 30205.2 tps, lat 4.237 ms stddev 2.540, 0 failed
progress: 40.0 s, 30133.8 tps, lat 4.249 ms stddev 2.510, 0 failed
progress: 41.0 s, 30030.8 tps, lat 4.261 ms stddev 2.505, 0 failed
progress: 42.0 s, 30022.2 tps, lat 4.262 ms stddev 2.548, 0 failed
progress: 43.0 s, 30085.9 tps, lat 4.254 ms stddev 2.543, 0 failed
progress: 44.0 s, 30070.9 tps, lat 4.259 ms stddev 2.587, 0 failed
progress: 45.0 s, 30152.1 tps, lat 4.240 ms stddev 2.513, 0 failed
progress: 46.0 s, 30108.0 tps, lat 4.253 ms stddev 2.519, 0 failed
progress: 47.0 s, 30130.0 tps, lat 4.247 ms stddev 2.555, 0 failed
progress: 48.0 s, 30166.1 tps, lat 4.246 ms stddev 2.518, 0 failed
progress: 49.0 s, 30109.8 tps, lat 4.249 ms stddev 2.523, 0 failed
progress: 50.0 s, 30088.0 tps, lat 4.252 ms stddev 2.541, 0 failed
progress: 51.0 s, 30159.2 tps, lat 4.246 ms stddev 2.526, 0 failed
progress: 52.0 s, 30136.8 tps, lat 4.244 ms stddev 2.528, 0 failed
progress: 53.0 s, 30065.0 tps, lat 4.257 ms stddev 2.551, 0 failed
progress: 54.0 s, 30113.9 tps, lat 4.252 ms stddev 2.506, 0 failed
progress: 55.0 s, 30093.2 tps, lat 4.251 ms stddev 2.581, 0 failed
progress: 56.0 s, 30123.8 tps, lat 4.250 ms stddev 2.552, 0 failed
progress: 57.0 s, 30095.1 tps, lat 4.253 ms stddev 2.586, 0 failed
progress: 58.0 s, 30152.3 tps, lat 4.246 ms stddev 2.554, 0 failed
progress: 59.0 s, 30090.2 tps, lat 4.254 ms stddev 2.510, 0 failed
transaction type: star-1.sql
scaling factor: 1
query mode: simple
number of clients: 128
number of threads: 128
maximum number of tries: 1
duration: 60 s
number of transactions actually processed: 1802275
number of failed transactions: 0 (0.000%)
latency average = 4.256 ms
latency stddev = 2.538 ms
initial connection time = 83.096 ms
tps = 30062.512813 (without initial connection time)
