pgbench (18devel, server 16.4)
progress: 1.0 s, 22234.6 tps, lat 1.423 ms stddev 0.408, 0 failed
progress: 2.0 s, 22847.9 tps, lat 1.400 ms stddev 0.070, 0 failed
progress: 3.0 s, 22730.5 tps, lat 1.407 ms stddev 0.116, 0 failed
progress: 4.0 s, 22877.6 tps, lat 1.399 ms stddev 0.072, 0 failed
progress: 5.0 s, 22972.0 tps, lat 1.392 ms stddev 0.021, 0 failed
progress: 6.0 s, 22732.1 tps, lat 1.407 ms stddev 0.126, 0 failed
progress: 7.0 s, 22988.0 tps, lat 1.391 ms stddev 0.023, 0 failed
progress: 8.0 s, 22853.0 tps, lat 1.400 ms stddev 0.102, 0 failed
progress: 9.0 s, 22906.1 tps, lat 1.396 ms stddev 0.085, 0 failed
progress: 10.0 s, 22938.0 tps, lat 1.395 ms stddev 0.079, 0 failed
progress: 11.0 s, 23058.0 tps, lat 1.387 ms stddev 0.019, 0 failed
progress: 12.0 s, 23080.1 tps, lat 1.386 ms stddev 0.023, 0 failed
progress: 13.0 s, 23060.8 tps, lat 1.387 ms stddev 0.023, 0 failed
progress: 14.0 s, 23067.1 tps, lat 1.387 ms stddev 0.023, 0 failed
progress: 15.0 s, 23037.2 tps, lat 1.388 ms stddev 0.023, 0 failed
progress: 16.0 s, 23070.8 tps, lat 1.386 ms stddev 0.023, 0 failed
progress: 17.0 s, 22904.0 tps, lat 1.397 ms stddev 0.109, 0 failed
progress: 18.0 s, 23069.8 tps, lat 1.387 ms stddev 0.036, 0 failed
progress: 19.0 s, 23051.0 tps, lat 1.388 ms stddev 0.024, 0 failed
progress: 20.0 s, 23043.0 tps, lat 1.388 ms stddev 0.054, 0 failed
progress: 21.0 s, 22915.0 tps, lat 1.396 ms stddev 0.099, 0 failed
progress: 22.0 s, 22973.1 tps, lat 1.392 ms stddev 0.085, 0 failed
progress: 23.0 s, 22991.9 tps, lat 1.391 ms stddev 0.090, 0 failed
progress: 24.0 s, 23072.0 tps, lat 1.387 ms stddev 0.059, 0 failed
progress: 25.0 s, 22978.0 tps, lat 1.392 ms stddev 0.091, 0 failed
progress: 26.0 s, 23128.0 tps, lat 1.383 ms stddev 0.022, 0 failed
progress: 27.0 s, 23064.0 tps, lat 1.387 ms stddev 0.076, 0 failed
progress: 28.0 s, 22868.0 tps, lat 1.399 ms stddev 0.135, 0 failed
progress: 29.0 s, 23128.0 tps, lat 1.383 ms stddev 0.024, 0 failed
progress: 30.0 s, 23122.0 tps, lat 1.384 ms stddev 0.024, 0 failed
progress: 31.0 s, 23051.0 tps, lat 1.387 ms stddev 0.079, 0 failed
progress: 32.0 s, 23058.0 tps, lat 1.387 ms stddev 0.076, 0 failed
progress: 33.0 s, 23087.0 tps, lat 1.386 ms stddev 0.064, 0 failed
progress: 34.0 s, 23143.0 tps, lat 1.382 ms stddev 0.024, 0 failed
progress: 35.0 s, 23049.0 tps, lat 1.388 ms stddev 0.082, 0 failed
progress: 36.0 s, 23150.0 tps, lat 1.382 ms stddev 0.022, 0 failed
progress: 37.0 s, 23135.0 tps, lat 1.382 ms stddev 0.022, 0 failed
progress: 38.0 s, 23141.4 tps, lat 1.382 ms stddev 0.022, 0 failed
progress: 39.0 s, 23031.8 tps, lat 1.389 ms stddev 0.079, 0 failed
progress: 40.0 s, 22862.0 tps, lat 1.399 ms stddev 0.132, 0 failed
progress: 41.0 s, 23062.9 tps, lat 1.387 ms stddev 0.063, 0 failed
progress: 42.0 s, 22960.0 tps, lat 1.393 ms stddev 0.102, 0 failed
progress: 43.0 s, 23140.8 tps, lat 1.382 ms stddev 0.022, 0 failed
progress: 44.0 s, 23088.2 tps, lat 1.386 ms stddev 0.056, 0 failed
progress: 45.0 s, 23104.1 tps, lat 1.384 ms stddev 0.028, 0 failed
progress: 46.0 s, 23050.1 tps, lat 1.388 ms stddev 0.076, 0 failed
progress: 47.0 s, 23105.9 tps, lat 1.384 ms stddev 0.025, 0 failed
progress: 48.0 s, 23136.8 tps, lat 1.383 ms stddev 0.021, 0 failed
progress: 49.0 s, 23078.0 tps, lat 1.386 ms stddev 0.051, 0 failed
progress: 50.0 s, 22932.9 tps, lat 1.395 ms stddev 0.109, 0 failed
progress: 51.0 s, 22941.9 tps, lat 1.394 ms stddev 0.102, 0 failed
progress: 52.0 s, 23053.2 tps, lat 1.388 ms stddev 0.055, 0 failed
progress: 53.0 s, 22980.9 tps, lat 1.392 ms stddev 0.094, 0 failed
progress: 54.0 s, 23121.3 tps, lat 1.383 ms stddev 0.026, 0 failed
progress: 55.0 s, 22931.7 tps, lat 1.395 ms stddev 0.113, 0 failed
progress: 56.0 s, 22958.0 tps, lat 1.393 ms stddev 0.101, 0 failed
progress: 57.0 s, 23094.3 tps, lat 1.385 ms stddev 0.027, 0 failed
progress: 58.0 s, 23093.0 tps, lat 1.385 ms stddev 0.025, 0 failed
progress: 59.0 s, 23128.9 tps, lat 1.383 ms stddev 0.023, 0 failed
transaction type: star-1.sql
scaling factor: 1
query mode: simple
number of clients: 32
number of threads: 32
maximum number of tries: 1
duration: 60 s
number of transactions actually processed: 1380157
number of failed transactions: 0 (0.000%)
latency average = 1.390 ms
latency stddev = 0.087 ms
initial connection time = 19.934 ms
tps = 23009.609671 (without initial connection time)
