pgbench (18devel, server 15.8)
progress: 1.0 s, 118351.0 tps, lat 0.134 ms stddev 0.119, 0 failed
progress: 2.0 s, 125470.5 tps, lat 0.127 ms stddev 0.008, 0 failed
progress: 3.0 s, 125147.0 tps, lat 0.128 ms stddev 0.013, 0 failed
progress: 4.0 s, 126652.0 tps, lat 0.126 ms stddev 0.005, 0 failed
progress: 5.0 s, 126821.0 tps, lat 0.126 ms stddev 0.006, 0 failed
progress: 6.0 s, 126508.4 tps, lat 0.126 ms stddev 0.007, 0 failed
progress: 7.0 s, 127385.1 tps, lat 0.125 ms stddev 0.006, 0 failed
progress: 8.0 s, 127349.5 tps, lat 0.126 ms stddev 0.006, 0 failed
progress: 9.0 s, 127805.0 tps, lat 0.125 ms stddev 0.006, 0 failed
progress: 10.0 s, 128118.7 tps, lat 0.125 ms stddev 0.007, 0 failed
progress: 11.0 s, 128120.3 tps, lat 0.125 ms stddev 0.007, 0 failed
progress: 12.0 s, 127540.7 tps, lat 0.125 ms stddev 0.006, 0 failed
progress: 13.0 s, 127787.8 tps, lat 0.125 ms stddev 0.006, 0 failed
progress: 14.0 s, 128314.3 tps, lat 0.125 ms stddev 0.005, 0 failed
progress: 15.0 s, 126979.2 tps, lat 0.126 ms stddev 0.006, 0 failed
progress: 16.0 s, 126616.5 tps, lat 0.126 ms stddev 0.007, 0 failed
progress: 17.0 s, 127565.5 tps, lat 0.125 ms stddev 0.005, 0 failed
progress: 18.0 s, 128161.0 tps, lat 0.125 ms stddev 0.008, 0 failed
progress: 19.0 s, 127774.9 tps, lat 0.125 ms stddev 0.010, 0 failed
progress: 20.0 s, 127868.0 tps, lat 0.125 ms stddev 0.006, 0 failed
progress: 21.0 s, 127630.0 tps, lat 0.125 ms stddev 0.006, 0 failed
progress: 22.0 s, 127603.3 tps, lat 0.125 ms stddev 0.006, 0 failed
progress: 23.0 s, 127074.9 tps, lat 0.126 ms stddev 0.007, 0 failed
progress: 24.0 s, 127359.0 tps, lat 0.126 ms stddev 0.006, 0 failed
progress: 25.0 s, 127697.0 tps, lat 0.125 ms stddev 0.006, 0 failed
progress: 26.0 s, 126249.0 tps, lat 0.127 ms stddev 0.011, 0 failed
progress: 27.0 s, 125959.0 tps, lat 0.127 ms stddev 0.007, 0 failed
progress: 28.0 s, 125016.2 tps, lat 0.128 ms stddev 0.008, 0 failed
progress: 29.0 s, 125711.2 tps, lat 0.127 ms stddev 0.007, 0 failed
progress: 30.0 s, 126483.5 tps, lat 0.126 ms stddev 0.010, 0 failed
progress: 31.0 s, 126635.5 tps, lat 0.126 ms stddev 0.007, 0 failed
progress: 32.0 s, 125960.3 tps, lat 0.127 ms stddev 0.014, 0 failed
progress: 33.0 s, 125594.1 tps, lat 0.127 ms stddev 0.008, 0 failed
progress: 34.0 s, 126211.0 tps, lat 0.127 ms stddev 0.014, 0 failed
progress: 35.0 s, 127089.1 tps, lat 0.126 ms stddev 0.007, 0 failed
progress: 36.0 s, 127418.9 tps, lat 0.125 ms stddev 0.007, 0 failed
progress: 37.0 s, 127629.0 tps, lat 0.125 ms stddev 0.005, 0 failed
progress: 38.0 s, 127677.0 tps, lat 0.125 ms stddev 0.006, 0 failed
progress: 39.0 s, 127324.2 tps, lat 0.126 ms stddev 0.006, 0 failed
progress: 40.0 s, 127682.2 tps, lat 0.125 ms stddev 0.006, 0 failed
progress: 41.0 s, 125375.6 tps, lat 0.127 ms stddev 0.012, 0 failed
progress: 42.0 s, 127824.6 tps, lat 0.125 ms stddev 0.006, 0 failed
progress: 43.0 s, 128042.4 tps, lat 0.125 ms stddev 0.007, 0 failed
progress: 44.0 s, 128366.1 tps, lat 0.125 ms stddev 0.006, 0 failed
progress: 45.0 s, 128280.3 tps, lat 0.125 ms stddev 0.005, 0 failed
progress: 46.0 s, 128008.6 tps, lat 0.125 ms stddev 0.006, 0 failed
progress: 47.0 s, 127578.9 tps, lat 0.125 ms stddev 0.006, 0 failed
progress: 48.0 s, 128033.8 tps, lat 0.125 ms stddev 0.006, 0 failed
progress: 49.0 s, 128409.5 tps, lat 0.125 ms stddev 0.005, 0 failed
progress: 50.0 s, 128915.8 tps, lat 0.124 ms stddev 0.005, 0 failed
progress: 51.0 s, 128621.2 tps, lat 0.124 ms stddev 0.005, 0 failed
progress: 52.0 s, 128306.0 tps, lat 0.125 ms stddev 0.005, 0 failed
progress: 53.0 s, 128683.4 tps, lat 0.124 ms stddev 0.005, 0 failed
progress: 54.0 s, 128270.6 tps, lat 0.125 ms stddev 0.006, 0 failed
progress: 55.0 s, 128531.1 tps, lat 0.124 ms stddev 0.006, 0 failed
progress: 56.0 s, 126560.8 tps, lat 0.126 ms stddev 0.011, 0 failed
progress: 57.0 s, 127468.4 tps, lat 0.125 ms stddev 0.006, 0 failed
progress: 58.0 s, 127784.4 tps, lat 0.125 ms stddev 0.006, 0 failed
progress: 59.0 s, 127026.4 tps, lat 0.126 ms stddev 0.007, 0 failed
transaction type: star-1-left.sql
scaling factor: 1
query mode: prepared
number of clients: 16
number of threads: 16
maximum number of tries: 1
duration: 60 s
number of transactions actually processed: 7628482
number of failed transactions: 0 (0.000%)
latency average = 0.126 ms
latency stddev = 0.016 ms
initial connection time = 13.567 ms
tps = 127169.350282 (without initial connection time)
