pgbench (18devel, server 13.16)
progress: 1.0 s, 2300.9 tps, lat 27.043 ms stddev 9.755, 0 failed
progress: 2.0 s, 2449.0 tps, lat 26.074 ms stddev 8.564, 0 failed
progress: 3.0 s, 2393.0 tps, lat 26.775 ms stddev 8.784, 0 failed
progress: 4.0 s, 2358.0 tps, lat 27.128 ms stddev 8.826, 0 failed
progress: 5.0 s, 2351.0 tps, lat 27.158 ms stddev 8.813, 0 failed
progress: 6.0 s, 2371.0 tps, lat 27.171 ms stddev 8.836, 0 failed
progress: 7.0 s, 2362.0 tps, lat 27.053 ms stddev 8.858, 0 failed
progress: 8.0 s, 2335.0 tps, lat 27.255 ms stddev 8.818, 0 failed
progress: 9.0 s, 2361.0 tps, lat 27.170 ms stddev 8.854, 0 failed
progress: 10.0 s, 2359.0 tps, lat 27.151 ms stddev 8.829, 0 failed
progress: 11.0 s, 2342.0 tps, lat 27.306 ms stddev 8.787, 0 failed
progress: 12.0 s, 2347.0 tps, lat 27.234 ms stddev 8.806, 0 failed
progress: 13.0 s, 2353.0 tps, lat 27.197 ms stddev 8.832, 0 failed
progress: 14.0 s, 2347.0 tps, lat 27.351 ms stddev 8.793, 0 failed
progress: 15.0 s, 2356.0 tps, lat 27.137 ms stddev 8.856, 0 failed
progress: 16.0 s, 2349.0 tps, lat 27.130 ms stddev 8.833, 0 failed
progress: 17.0 s, 2356.0 tps, lat 27.286 ms stddev 8.790, 0 failed
progress: 18.0 s, 2357.0 tps, lat 27.184 ms stddev 8.825, 0 failed
progress: 19.0 s, 2365.0 tps, lat 27.049 ms stddev 8.810, 0 failed
progress: 20.0 s, 2360.0 tps, lat 27.110 ms stddev 8.797, 0 failed
progress: 21.0 s, 2346.0 tps, lat 27.264 ms stddev 8.795, 0 failed
progress: 22.0 s, 2346.0 tps, lat 27.289 ms stddev 8.816, 0 failed
progress: 23.0 s, 2340.0 tps, lat 27.298 ms stddev 8.808, 0 failed
progress: 24.0 s, 2336.0 tps, lat 27.361 ms stddev 8.856, 0 failed
progress: 25.0 s, 2352.0 tps, lat 27.225 ms stddev 8.834, 0 failed
progress: 26.0 s, 2364.0 tps, lat 27.201 ms stddev 8.845, 0 failed
progress: 27.0 s, 2359.0 tps, lat 27.053 ms stddev 8.836, 0 failed
progress: 28.0 s, 2360.0 tps, lat 27.074 ms stddev 8.827, 0 failed
progress: 29.0 s, 2367.0 tps, lat 27.089 ms stddev 8.817, 0 failed
progress: 30.0 s, 2359.0 tps, lat 27.190 ms stddev 8.767, 0 failed
progress: 31.0 s, 2364.0 tps, lat 27.030 ms stddev 8.794, 0 failed
progress: 32.0 s, 2362.0 tps, lat 27.064 ms stddev 8.830, 0 failed
progress: 33.0 s, 2353.0 tps, lat 27.170 ms stddev 8.831, 0 failed
progress: 34.0 s, 2360.0 tps, lat 27.190 ms stddev 8.796, 0 failed
progress: 35.0 s, 2368.0 tps, lat 27.065 ms stddev 8.779, 0 failed
progress: 36.0 s, 2344.0 tps, lat 27.175 ms stddev 8.715, 0 failed
progress: 37.0 s, 2355.0 tps, lat 27.198 ms stddev 8.729, 0 failed
progress: 38.0 s, 2364.0 tps, lat 27.095 ms stddev 8.773, 0 failed
progress: 39.0 s, 2354.0 tps, lat 27.191 ms stddev 8.774, 0 failed
progress: 40.0 s, 2362.0 tps, lat 27.072 ms stddev 8.821, 0 failed
progress: 41.0 s, 2366.0 tps, lat 27.120 ms stddev 8.796, 0 failed
progress: 42.0 s, 2352.0 tps, lat 27.140 ms stddev 8.794, 0 failed
progress: 43.0 s, 2365.0 tps, lat 27.121 ms stddev 8.815, 0 failed
progress: 44.0 s, 2356.0 tps, lat 27.094 ms stddev 8.822, 0 failed
progress: 45.0 s, 2354.0 tps, lat 27.163 ms stddev 8.824, 0 failed
progress: 46.0 s, 2351.0 tps, lat 27.194 ms stddev 8.854, 0 failed
progress: 47.0 s, 2365.0 tps, lat 27.143 ms stddev 8.862, 0 failed
progress: 48.0 s, 2348.0 tps, lat 27.260 ms stddev 8.852, 0 failed
progress: 49.0 s, 2340.0 tps, lat 27.271 ms stddev 8.807, 0 failed
progress: 50.0 s, 2362.0 tps, lat 27.227 ms stddev 8.806, 0 failed
progress: 51.0 s, 2341.2 tps, lat 27.316 ms stddev 8.787, 0 failed
progress: 52.0 s, 2342.8 tps, lat 27.299 ms stddev 8.816, 0 failed
progress: 53.0 s, 2346.0 tps, lat 27.243 ms stddev 8.829, 0 failed
progress: 54.0 s, 2354.0 tps, lat 27.221 ms stddev 8.805, 0 failed
progress: 55.0 s, 2338.0 tps, lat 27.299 ms stddev 8.813, 0 failed
progress: 56.0 s, 2337.0 tps, lat 27.438 ms stddev 8.763, 0 failed
progress: 57.0 s, 2353.0 tps, lat 27.228 ms stddev 8.811, 0 failed
progress: 58.0 s, 2359.0 tps, lat 27.098 ms stddev 8.796, 0 failed
progress: 59.0 s, 2350.0 tps, lat 27.294 ms stddev 8.769, 0 failed
transaction type: star-1.sql
scaling factor: 1
query mode: simple
number of clients: 64
number of threads: 64
maximum number of tries: 1
duration: 60 s
number of transactions actually processed: 141321
number of failed transactions: 0 (0.000%)
latency average = 27.160 ms
latency stddev = 8.823 ms
initial connection time = 39.661 ms
tps = 2355.578452 (without initial connection time)
