pgbench (18devel, server 8.3.23)
progress: 1.0 s, 51151.7 tps, lat 0.311 ms stddev 0.264, 0 failed
progress: 2.0 s, 52176.0 tps, lat 0.306 ms stddev 0.064, 0 failed
progress: 3.0 s, 51779.3 tps, lat 0.309 ms stddev 0.064, 0 failed
progress: 4.0 s, 51665.1 tps, lat 0.309 ms stddev 0.067, 0 failed
progress: 5.0 s, 51690.7 tps, lat 0.309 ms stddev 0.061, 0 failed
progress: 6.0 s, 52201.3 tps, lat 0.306 ms stddev 0.058, 0 failed
progress: 7.0 s, 51886.0 tps, lat 0.308 ms stddev 0.064, 0 failed
progress: 8.0 s, 52138.8 tps, lat 0.307 ms stddev 0.059, 0 failed
progress: 9.0 s, 51808.2 tps, lat 0.309 ms stddev 0.060, 0 failed
progress: 10.0 s, 52027.0 tps, lat 0.307 ms stddev 0.061, 0 failed
progress: 11.0 s, 51887.8 tps, lat 0.308 ms stddev 0.062, 0 failed
progress: 12.0 s, 51782.3 tps, lat 0.309 ms stddev 0.064, 0 failed
progress: 13.0 s, 52123.9 tps, lat 0.307 ms stddev 0.065, 0 failed
progress: 14.0 s, 51742.0 tps, lat 0.309 ms stddev 0.064, 0 failed
progress: 15.0 s, 51606.0 tps, lat 0.310 ms stddev 0.069, 0 failed
progress: 16.0 s, 51550.0 tps, lat 0.310 ms stddev 0.067, 0 failed
progress: 17.0 s, 51592.0 tps, lat 0.310 ms stddev 0.069, 0 failed
progress: 18.0 s, 51736.7 tps, lat 0.309 ms stddev 0.059, 0 failed
progress: 19.0 s, 51469.3 tps, lat 0.311 ms stddev 0.060, 0 failed
progress: 20.0 s, 51563.1 tps, lat 0.310 ms stddev 0.063, 0 failed
progress: 21.0 s, 51367.9 tps, lat 0.311 ms stddev 0.063, 0 failed
progress: 22.0 s, 51675.1 tps, lat 0.309 ms stddev 0.065, 0 failed
progress: 23.0 s, 51556.0 tps, lat 0.310 ms stddev 0.066, 0 failed
progress: 24.0 s, 51601.0 tps, lat 0.310 ms stddev 0.059, 0 failed
progress: 25.0 s, 51485.9 tps, lat 0.310 ms stddev 0.064, 0 failed
progress: 26.0 s, 51640.6 tps, lat 0.310 ms stddev 0.070, 0 failed
progress: 27.0 s, 51502.5 tps, lat 0.310 ms stddev 0.062, 0 failed
progress: 28.0 s, 51398.0 tps, lat 0.311 ms stddev 0.062, 0 failed
progress: 29.0 s, 51290.0 tps, lat 0.312 ms stddev 0.061, 0 failed
progress: 30.0 s, 51285.1 tps, lat 0.312 ms stddev 0.063, 0 failed
progress: 31.0 s, 51100.9 tps, lat 0.313 ms stddev 0.064, 0 failed
progress: 32.0 s, 51236.5 tps, lat 0.312 ms stddev 0.059, 0 failed
progress: 33.0 s, 51278.5 tps, lat 0.312 ms stddev 0.064, 0 failed
progress: 34.0 s, 51429.9 tps, lat 0.311 ms stddev 0.061, 0 failed
progress: 35.0 s, 51402.1 tps, lat 0.311 ms stddev 0.067, 0 failed
progress: 36.0 s, 51815.9 tps, lat 0.308 ms stddev 0.061, 0 failed
progress: 37.0 s, 51687.0 tps, lat 0.309 ms stddev 0.064, 0 failed
progress: 38.0 s, 51569.1 tps, lat 0.310 ms stddev 0.060, 0 failed
progress: 39.0 s, 51285.0 tps, lat 0.312 ms stddev 0.065, 0 failed
progress: 40.0 s, 51554.0 tps, lat 0.310 ms stddev 0.059, 0 failed
progress: 41.0 s, 51307.8 tps, lat 0.312 ms stddev 0.062, 0 failed
progress: 42.0 s, 51624.1 tps, lat 0.310 ms stddev 0.073, 0 failed
progress: 43.0 s, 51502.9 tps, lat 0.310 ms stddev 0.063, 0 failed
progress: 44.0 s, 51329.9 tps, lat 0.311 ms stddev 0.061, 0 failed
progress: 45.0 s, 51504.1 tps, lat 0.310 ms stddev 0.067, 0 failed
progress: 46.0 s, 51458.5 tps, lat 0.311 ms stddev 0.060, 0 failed
progress: 47.0 s, 51457.5 tps, lat 0.311 ms stddev 0.063, 0 failed
progress: 48.0 s, 51496.0 tps, lat 0.310 ms stddev 0.059, 0 failed
progress: 49.0 s, 51446.2 tps, lat 0.311 ms stddev 0.065, 0 failed
progress: 50.0 s, 51699.0 tps, lat 0.309 ms stddev 0.061, 0 failed
progress: 51.0 s, 52002.0 tps, lat 0.307 ms stddev 0.059, 0 failed
progress: 52.0 s, 51683.0 tps, lat 0.309 ms stddev 0.061, 0 failed
progress: 53.0 s, 51579.1 tps, lat 0.310 ms stddev 0.064, 0 failed
progress: 54.0 s, 51422.0 tps, lat 0.311 ms stddev 0.064, 0 failed
progress: 55.0 s, 51149.4 tps, lat 0.313 ms stddev 0.061, 0 failed
progress: 56.0 s, 51203.5 tps, lat 0.312 ms stddev 0.061, 0 failed
progress: 57.0 s, 51189.1 tps, lat 0.312 ms stddev 0.062, 0 failed
progress: 58.0 s, 51308.9 tps, lat 0.312 ms stddev 0.066, 0 failed
progress: 59.0 s, 50892.0 tps, lat 0.314 ms stddev 0.064, 0 failed
transaction type: star-1.sql
scaling factor: 1
query mode: prepared
number of clients: 16
number of threads: 16
maximum number of tries: 1
duration: 60 s
number of transactions actually processed: 3092653
number of failed transactions: 0 (0.000%)
latency average = 0.310 ms
latency stddev = 0.071 ms
initial connection time = 12.771 ms
tps = 51554.824931 (without initial connection time)
