pgbench (18devel, server 8.2.23)
progress: 1.0 s, 8928.9 tps, lat 0.112 ms stddev 0.034, 0 failed
progress: 2.0 s, 9074.8 tps, lat 0.110 ms stddev 0.004, 0 failed
progress: 3.0 s, 9276.8 tps, lat 0.108 ms stddev 0.005, 0 failed
progress: 4.0 s, 9363.2 tps, lat 0.107 ms stddev 0.004, 0 failed
progress: 5.0 s, 9336.3 tps, lat 0.107 ms stddev 0.004, 0 failed
progress: 6.0 s, 9335.5 tps, lat 0.107 ms stddev 0.004, 0 failed
progress: 7.0 s, 9370.0 tps, lat 0.107 ms stddev 0.004, 0 failed
progress: 8.0 s, 9259.4 tps, lat 0.108 ms stddev 0.004, 0 failed
progress: 9.0 s, 9310.6 tps, lat 0.107 ms stddev 0.005, 0 failed
progress: 10.0 s, 9275.0 tps, lat 0.108 ms stddev 0.004, 0 failed
progress: 11.0 s, 9424.0 tps, lat 0.106 ms stddev 0.004, 0 failed
progress: 12.0 s, 9288.0 tps, lat 0.108 ms stddev 0.004, 0 failed
progress: 13.0 s, 9489.0 tps, lat 0.105 ms stddev 0.003, 0 failed
progress: 14.0 s, 9205.0 tps, lat 0.109 ms stddev 0.004, 0 failed
progress: 15.0 s, 9435.0 tps, lat 0.106 ms stddev 0.003, 0 failed
progress: 16.0 s, 9470.1 tps, lat 0.106 ms stddev 0.006, 0 failed
progress: 17.0 s, 9408.9 tps, lat 0.106 ms stddev 0.004, 0 failed
progress: 18.0 s, 9311.2 tps, lat 0.107 ms stddev 0.003, 0 failed
progress: 19.0 s, 9315.8 tps, lat 0.107 ms stddev 0.004, 0 failed
progress: 20.0 s, 9491.3 tps, lat 0.105 ms stddev 0.002, 0 failed
progress: 21.0 s, 9299.7 tps, lat 0.107 ms stddev 0.004, 0 failed
progress: 22.0 s, 9210.0 tps, lat 0.109 ms stddev 0.003, 0 failed
progress: 23.0 s, 9468.1 tps, lat 0.106 ms stddev 0.003, 0 failed
progress: 24.0 s, 9297.9 tps, lat 0.107 ms stddev 0.004, 0 failed
progress: 25.0 s, 9308.5 tps, lat 0.107 ms stddev 0.003, 0 failed
progress: 26.0 s, 9263.5 tps, lat 0.108 ms stddev 0.003, 0 failed
progress: 27.0 s, 9461.0 tps, lat 0.106 ms stddev 0.003, 0 failed
progress: 28.0 s, 9230.0 tps, lat 0.108 ms stddev 0.003, 0 failed
progress: 29.0 s, 9304.3 tps, lat 0.107 ms stddev 0.003, 0 failed
progress: 30.0 s, 9252.7 tps, lat 0.108 ms stddev 0.003, 0 failed
progress: 31.0 s, 9453.4 tps, lat 0.106 ms stddev 0.005, 0 failed
progress: 32.0 s, 9259.0 tps, lat 0.108 ms stddev 0.006, 0 failed
progress: 33.0 s, 9330.5 tps, lat 0.107 ms stddev 0.003, 0 failed
progress: 34.0 s, 9347.2 tps, lat 0.107 ms stddev 0.003, 0 failed
progress: 35.0 s, 9399.9 tps, lat 0.106 ms stddev 0.005, 0 failed
progress: 36.0 s, 9331.3 tps, lat 0.107 ms stddev 0.003, 0 failed
progress: 37.0 s, 9294.1 tps, lat 0.108 ms stddev 0.004, 0 failed
progress: 38.0 s, 9230.5 tps, lat 0.108 ms stddev 0.005, 0 failed
progress: 39.0 s, 9468.4 tps, lat 0.106 ms stddev 0.003, 0 failed
progress: 40.0 s, 9318.6 tps, lat 0.107 ms stddev 0.003, 0 failed
progress: 41.0 s, 9289.0 tps, lat 0.108 ms stddev 0.003, 0 failed
progress: 42.0 s, 9244.0 tps, lat 0.108 ms stddev 0.005, 0 failed
progress: 43.0 s, 9752.5 tps, lat 0.102 ms stddev 0.002, 0 failed
progress: 44.0 s, 9284.0 tps, lat 0.108 ms stddev 0.005, 0 failed
progress: 45.0 s, 9301.7 tps, lat 0.107 ms stddev 0.005, 0 failed
progress: 46.0 s, 9277.1 tps, lat 0.108 ms stddev 0.003, 0 failed
progress: 47.0 s, 9368.8 tps, lat 0.107 ms stddev 0.004, 0 failed
progress: 48.0 s, 9217.2 tps, lat 0.108 ms stddev 0.003, 0 failed
progress: 49.0 s, 9310.7 tps, lat 0.107 ms stddev 0.005, 0 failed
progress: 50.0 s, 9266.0 tps, lat 0.108 ms stddev 0.003, 0 failed
progress: 51.0 s, 9757.0 tps, lat 0.102 ms stddev 0.003, 0 failed
progress: 52.0 s, 9320.3 tps, lat 0.107 ms stddev 0.008, 0 failed
progress: 53.0 s, 9228.7 tps, lat 0.108 ms stddev 0.003, 0 failed
progress: 54.0 s, 9211.5 tps, lat 0.109 ms stddev 0.002, 0 failed
progress: 55.0 s, 9447.5 tps, lat 0.106 ms stddev 0.003, 0 failed
progress: 56.0 s, 9266.3 tps, lat 0.108 ms stddev 0.005, 0 failed
progress: 57.0 s, 9434.7 tps, lat 0.106 ms stddev 0.003, 0 failed
progress: 58.0 s, 9315.0 tps, lat 0.107 ms stddev 0.003, 0 failed
progress: 59.0 s, 9512.0 tps, lat 0.105 ms stddev 0.004, 0 failed
progress: 60.0 s, 9514.4 tps, lat 0.105 ms stddev 0.003, 0 failed
transaction type: star-1-left.sql
scaling factor: 1
query mode: prepared
number of clients: 1
number of threads: 1
maximum number of tries: 1
duration: 60 s
number of transactions actually processed: 560217
number of failed transactions: 0 (0.000%)
latency average = 0.107 ms
latency stddev = 0.006 ms
initial connection time = 1.970 ms
tps = 9337.249259 (without initial connection time)
