pgbench (18devel, server 8.2.23)
progress: 1.0 s, 46581.5 tps, lat 0.341 ms stddev 0.239, 0 failed
progress: 2.0 s, 47220.1 tps, lat 0.339 ms stddev 0.077, 0 failed
progress: 3.0 s, 46784.6 tps, lat 0.342 ms stddev 0.109, 0 failed
progress: 4.0 s, 47371.1 tps, lat 0.337 ms stddev 0.093, 0 failed
progress: 5.0 s, 47658.0 tps, lat 0.335 ms stddev 0.072, 0 failed
progress: 6.0 s, 47497.1 tps, lat 0.337 ms stddev 0.069, 0 failed
progress: 7.0 s, 47805.0 tps, lat 0.334 ms stddev 0.069, 0 failed
progress: 8.0 s, 48260.0 tps, lat 0.331 ms stddev 0.078, 0 failed
progress: 9.0 s, 47409.0 tps, lat 0.337 ms stddev 0.112, 0 failed
progress: 10.0 s, 45759.0 tps, lat 0.349 ms stddev 0.161, 0 failed
progress: 11.0 s, 45148.8 tps, lat 0.354 ms stddev 0.168, 0 failed
progress: 12.0 s, 47681.1 tps, lat 0.335 ms stddev 0.072, 0 failed
progress: 13.0 s, 47398.0 tps, lat 0.337 ms stddev 0.074, 0 failed
progress: 14.0 s, 47116.0 tps, lat 0.339 ms stddev 0.085, 0 failed
progress: 15.0 s, 45285.0 tps, lat 0.353 ms stddev 0.163, 0 failed
progress: 16.0 s, 44699.6 tps, lat 0.358 ms stddev 0.164, 0 failed
progress: 17.0 s, 45238.4 tps, lat 0.353 ms stddev 0.154, 0 failed
progress: 18.0 s, 46371.0 tps, lat 0.345 ms stddev 0.128, 0 failed
progress: 19.0 s, 47318.0 tps, lat 0.338 ms stddev 0.091, 0 failed
progress: 20.0 s, 47250.0 tps, lat 0.338 ms stddev 0.103, 0 failed
progress: 21.0 s, 47083.5 tps, lat 0.340 ms stddev 0.108, 0 failed
progress: 22.0 s, 47434.2 tps, lat 0.337 ms stddev 0.082, 0 failed
progress: 23.0 s, 47697.8 tps, lat 0.335 ms stddev 0.076, 0 failed
progress: 24.0 s, 47802.1 tps, lat 0.334 ms stddev 0.077, 0 failed
progress: 25.0 s, 47629.1 tps, lat 0.336 ms stddev 0.082, 0 failed
progress: 26.0 s, 47842.5 tps, lat 0.334 ms stddev 0.089, 0 failed
progress: 27.0 s, 47742.6 tps, lat 0.335 ms stddev 0.072, 0 failed
progress: 28.0 s, 47657.0 tps, lat 0.335 ms stddev 0.077, 0 failed
progress: 29.0 s, 47333.2 tps, lat 0.338 ms stddev 0.096, 0 failed
progress: 30.0 s, 47710.7 tps, lat 0.335 ms stddev 0.071, 0 failed
progress: 31.0 s, 46484.0 tps, lat 0.344 ms stddev 0.124, 0 failed
progress: 32.0 s, 45660.0 tps, lat 0.350 ms stddev 0.152, 0 failed
progress: 33.0 s, 47315.0 tps, lat 0.338 ms stddev 0.103, 0 failed
progress: 34.0 s, 46655.9 tps, lat 0.343 ms stddev 0.124, 0 failed
progress: 35.0 s, 46977.0 tps, lat 0.340 ms stddev 0.116, 0 failed
progress: 36.0 s, 47616.1 tps, lat 0.336 ms stddev 0.085, 0 failed
progress: 37.0 s, 47697.0 tps, lat 0.335 ms stddev 0.075, 0 failed
progress: 38.0 s, 47024.0 tps, lat 0.340 ms stddev 0.091, 0 failed
progress: 39.0 s, 47207.4 tps, lat 0.339 ms stddev 0.087, 0 failed
progress: 40.0 s, 47105.8 tps, lat 0.339 ms stddev 0.078, 0 failed
progress: 41.0 s, 46919.0 tps, lat 0.341 ms stddev 0.087, 0 failed
progress: 42.0 s, 47148.0 tps, lat 0.339 ms stddev 0.089, 0 failed
progress: 43.0 s, 47459.0 tps, lat 0.337 ms stddev 0.077, 0 failed
progress: 44.0 s, 47338.0 tps, lat 0.338 ms stddev 0.077, 0 failed
progress: 45.0 s, 47427.0 tps, lat 0.337 ms stddev 0.085, 0 failed
progress: 46.0 s, 46922.4 tps, lat 0.341 ms stddev 0.093, 0 failed
progress: 47.0 s, 46439.6 tps, lat 0.344 ms stddev 0.125, 0 failed
progress: 48.0 s, 46961.0 tps, lat 0.340 ms stddev 0.108, 0 failed
progress: 49.0 s, 46633.9 tps, lat 0.343 ms stddev 0.113, 0 failed
progress: 50.0 s, 47086.0 tps, lat 0.340 ms stddev 0.093, 0 failed
progress: 51.0 s, 47135.0 tps, lat 0.339 ms stddev 0.088, 0 failed
progress: 52.0 s, 47456.0 tps, lat 0.337 ms stddev 0.077, 0 failed
progress: 53.0 s, 47454.0 tps, lat 0.337 ms stddev 0.068, 0 failed
progress: 54.0 s, 47321.0 tps, lat 0.338 ms stddev 0.075, 0 failed
progress: 55.0 s, 47929.0 tps, lat 0.334 ms stddev 0.073, 0 failed
progress: 56.0 s, 47698.0 tps, lat 0.335 ms stddev 0.074, 0 failed
progress: 57.0 s, 47433.9 tps, lat 0.337 ms stddev 0.100, 0 failed
progress: 58.0 s, 47152.2 tps, lat 0.339 ms stddev 0.088, 0 failed
progress: 59.0 s, 46994.9 tps, lat 0.340 ms stddev 0.091, 0 failed
transaction type: star-1-left.sql
scaling factor: 1
query mode: prepared
number of clients: 16
number of threads: 16
maximum number of tries: 1
duration: 60 s
number of transactions actually processed: 2825749
number of failed transactions: 0 (0.000%)
latency average = 0.339 ms
latency stddev = 0.103 ms
initial connection time = 12.014 ms
tps = 47104.936182 (without initial connection time)
