pgbench (18devel, server 12.20)
progress: 1.0 s, 74.0 tps, lat 13.308 ms stddev 0.572, 0 failed
progress: 2.0 s, 76.0 tps, lat 13.206 ms stddev 0.179, 0 failed
progress: 3.0 s, 76.0 tps, lat 13.229 ms stddev 0.266, 0 failed
progress: 4.0 s, 76.0 tps, lat 13.179 ms stddev 0.083, 0 failed
progress: 5.0 s, 75.0 tps, lat 13.241 ms stddev 0.289, 0 failed
progress: 6.0 s, 76.0 tps, lat 13.182 ms stddev 0.091, 0 failed
progress: 7.0 s, 76.0 tps, lat 13.188 ms stddev 0.157, 0 failed
progress: 8.0 s, 76.0 tps, lat 13.189 ms stddev 0.153, 0 failed
progress: 9.0 s, 76.0 tps, lat 13.181 ms stddev 0.158, 0 failed
progress: 10.0 s, 75.0 tps, lat 13.211 ms stddev 0.233, 0 failed
progress: 11.0 s, 76.0 tps, lat 13.221 ms stddev 0.241, 0 failed
progress: 12.0 s, 76.0 tps, lat 13.197 ms stddev 0.188, 0 failed
progress: 13.0 s, 75.0 tps, lat 13.194 ms stddev 0.173, 0 failed
progress: 14.0 s, 76.0 tps, lat 13.197 ms stddev 0.219, 0 failed
progress: 15.0 s, 76.0 tps, lat 13.183 ms stddev 0.142, 0 failed
progress: 16.0 s, 76.0 tps, lat 13.216 ms stddev 0.219, 0 failed
progress: 17.0 s, 76.0 tps, lat 13.191 ms stddev 0.178, 0 failed
progress: 18.0 s, 75.0 tps, lat 13.223 ms stddev 0.258, 0 failed
progress: 19.0 s, 76.0 tps, lat 13.218 ms stddev 0.242, 0 failed
progress: 20.0 s, 76.0 tps, lat 13.190 ms stddev 0.177, 0 failed
progress: 21.0 s, 75.0 tps, lat 13.207 ms stddev 0.148, 0 failed
progress: 22.0 s, 76.0 tps, lat 13.233 ms stddev 0.292, 0 failed
progress: 23.0 s, 76.0 tps, lat 13.203 ms stddev 0.177, 0 failed
progress: 24.0 s, 75.0 tps, lat 13.181 ms stddev 0.153, 0 failed
progress: 25.0 s, 76.0 tps, lat 13.248 ms stddev 0.305, 0 failed
progress: 26.0 s, 76.0 tps, lat 13.187 ms stddev 0.134, 0 failed
progress: 27.0 s, 75.0 tps, lat 13.216 ms stddev 0.241, 0 failed
progress: 28.0 s, 76.0 tps, lat 13.163 ms stddev 0.017, 0 failed
progress: 29.0 s, 76.0 tps, lat 13.190 ms stddev 0.136, 0 failed
progress: 30.0 s, 76.0 tps, lat 13.185 ms stddev 0.150, 0 failed
progress: 31.0 s, 76.0 tps, lat 13.225 ms stddev 0.251, 0 failed
progress: 32.0 s, 75.0 tps, lat 13.202 ms stddev 0.192, 0 failed
progress: 33.0 s, 76.0 tps, lat 13.157 ms stddev 0.017, 0 failed
progress: 34.0 s, 76.0 tps, lat 13.174 ms stddev 0.120, 0 failed
progress: 35.0 s, 76.0 tps, lat 13.253 ms stddev 0.307, 0 failed
progress: 36.0 s, 76.0 tps, lat 13.162 ms stddev 0.020, 0 failed
progress: 37.0 s, 76.0 tps, lat 13.181 ms stddev 0.114, 0 failed
progress: 38.0 s, 76.0 tps, lat 13.161 ms stddev 0.017, 0 failed
progress: 39.0 s, 75.0 tps, lat 13.197 ms stddev 0.180, 0 failed
progress: 40.0 s, 76.0 tps, lat 13.224 ms stddev 0.271, 0 failed
progress: 41.0 s, 76.0 tps, lat 13.195 ms stddev 0.222, 0 failed
progress: 42.0 s, 74.0 tps, lat 13.405 ms stddev 0.353, 0 failed
progress: 43.0 s, 75.0 tps, lat 13.373 ms stddev 0.276, 0 failed
progress: 44.0 s, 75.0 tps, lat 13.310 ms stddev 0.238, 0 failed
progress: 45.0 s, 75.0 tps, lat 13.299 ms stddev 0.212, 0 failed
progress: 46.0 s, 76.0 tps, lat 13.282 ms stddev 0.153, 0 failed
progress: 47.0 s, 75.0 tps, lat 13.354 ms stddev 0.294, 0 failed
progress: 48.0 s, 75.0 tps, lat 13.278 ms stddev 0.161, 0 failed
progress: 49.0 s, 75.0 tps, lat 13.330 ms stddev 0.295, 0 failed
progress: 50.0 s, 75.0 tps, lat 13.357 ms stddev 0.355, 0 failed
progress: 51.0 s, 75.0 tps, lat 13.334 ms stddev 0.269, 0 failed
progress: 52.0 s, 75.0 tps, lat 13.298 ms stddev 0.222, 0 failed
progress: 53.0 s, 75.0 tps, lat 13.314 ms stddev 0.209, 0 failed
progress: 54.0 s, 75.0 tps, lat 13.294 ms stddev 0.199, 0 failed
progress: 55.0 s, 76.0 tps, lat 13.296 ms stddev 0.199, 0 failed
progress: 56.0 s, 75.0 tps, lat 13.317 ms stddev 0.258, 0 failed
progress: 57.0 s, 75.0 tps, lat 13.338 ms stddev 0.290, 0 failed
progress: 58.0 s, 75.0 tps, lat 13.299 ms stddev 0.207, 0 failed
progress: 59.0 s, 75.0 tps, lat 13.324 ms stddev 0.232, 0 failed
progress: 60.0 s, 75.0 tps, lat 13.306 ms stddev 0.199, 0 failed
transaction type: star-1.sql
scaling factor: 1
query mode: simple
number of clients: 1
number of threads: 1
maximum number of tries: 1
duration: 60 s
number of transactions actually processed: 4532
number of failed transactions: 0 (0.000%)
latency average = 13.240 ms
latency stddev = 0.232 ms
initial connection time = 2.158 ms
tps = 75.528022 (without initial connection time)
