pgbench (18devel, server 12.20)
progress: 1.0 s, 1994.6 tps, lat 98.469 ms stddev 131.033, 0 failed
progress: 2.0 s, 2254.8 tps, lat 125.824 ms stddev 134.252, 0 failed
progress: 3.0 s, 2234.0 tps, lat 115.270 ms stddev 60.708, 0 failed
progress: 4.0 s, 2218.9 tps, lat 115.604 ms stddev 40.743, 0 failed
progress: 5.0 s, 2235.1 tps, lat 114.683 ms stddev 35.477, 0 failed
progress: 6.0 s, 2256.0 tps, lat 114.141 ms stddev 34.321, 0 failed
progress: 7.0 s, 2241.0 tps, lat 113.621 ms stddev 25.653, 0 failed
progress: 8.0 s, 2268.1 tps, lat 114.025 ms stddev 36.170, 0 failed
progress: 9.0 s, 2234.0 tps, lat 113.123 ms stddev 30.053, 0 failed
progress: 10.0 s, 2266.8 tps, lat 114.003 ms stddev 39.841, 0 failed
progress: 11.0 s, 2247.1 tps, lat 113.244 ms stddev 40.883, 0 failed
progress: 12.0 s, 2240.1 tps, lat 113.996 ms stddev 33.400, 0 failed
progress: 13.0 s, 2243.0 tps, lat 114.264 ms stddev 30.815, 0 failed
progress: 14.0 s, 2263.0 tps, lat 112.640 ms stddev 45.179, 0 failed
progress: 15.0 s, 2249.1 tps, lat 115.698 ms stddev 30.647, 0 failed
progress: 16.0 s, 2247.0 tps, lat 112.415 ms stddev 35.421, 0 failed
progress: 17.0 s, 2219.0 tps, lat 115.654 ms stddev 40.806, 0 failed
progress: 18.0 s, 2249.2 tps, lat 113.341 ms stddev 33.565, 0 failed
progress: 19.0 s, 2232.9 tps, lat 115.074 ms stddev 50.959, 0 failed
progress: 20.0 s, 2236.8 tps, lat 115.503 ms stddev 31.685, 0 failed
progress: 21.0 s, 2227.0 tps, lat 114.200 ms stddev 26.997, 0 failed
progress: 22.0 s, 2237.2 tps, lat 114.985 ms stddev 35.562, 0 failed
progress: 23.0 s, 2222.6 tps, lat 114.520 ms stddev 32.531, 0 failed
progress: 24.0 s, 2241.0 tps, lat 114.780 ms stddev 39.848, 0 failed
progress: 25.0 s, 2225.0 tps, lat 114.596 ms stddev 34.280, 0 failed
progress: 26.0 s, 2218.3 tps, lat 114.521 ms stddev 39.054, 0 failed
progress: 27.0 s, 2231.7 tps, lat 115.772 ms stddev 37.020, 0 failed
progress: 28.0 s, 2210.9 tps, lat 115.011 ms stddev 33.991, 0 failed
progress: 29.0 s, 2235.5 tps, lat 112.727 ms stddev 47.193, 0 failed
progress: 30.0 s, 2220.6 tps, lat 117.090 ms stddev 43.045, 0 failed
progress: 31.0 s, 2212.0 tps, lat 116.608 ms stddev 30.392, 0 failed
progress: 32.0 s, 2202.9 tps, lat 115.883 ms stddev 29.573, 0 failed
progress: 33.0 s, 2226.1 tps, lat 114.946 ms stddev 40.676, 0 failed
progress: 34.0 s, 2190.0 tps, lat 116.565 ms stddev 42.290, 0 failed
progress: 35.0 s, 2197.0 tps, lat 116.579 ms stddev 42.375, 0 failed
progress: 36.0 s, 2206.0 tps, lat 116.602 ms stddev 31.535, 0 failed
progress: 37.0 s, 2208.0 tps, lat 115.738 ms stddev 30.101, 0 failed
progress: 38.0 s, 2205.0 tps, lat 115.898 ms stddev 50.107, 0 failed
progress: 39.0 s, 2232.9 tps, lat 114.961 ms stddev 30.225, 0 failed
progress: 40.0 s, 2208.0 tps, lat 115.793 ms stddev 39.817, 0 failed
progress: 41.0 s, 2204.0 tps, lat 115.258 ms stddev 32.660, 0 failed
progress: 42.0 s, 2201.6 tps, lat 115.501 ms stddev 37.849, 0 failed
progress: 43.0 s, 2256.4 tps, lat 113.536 ms stddev 50.607, 0 failed
progress: 44.0 s, 2214.3 tps, lat 116.696 ms stddev 42.184, 0 failed
progress: 45.0 s, 2235.8 tps, lat 114.462 ms stddev 37.042, 0 failed
progress: 46.0 s, 2226.0 tps, lat 115.400 ms stddev 53.365, 0 failed
progress: 47.0 s, 2229.9 tps, lat 115.619 ms stddev 35.461, 0 failed
progress: 48.0 s, 2227.1 tps, lat 114.811 ms stddev 34.383, 0 failed
progress: 49.0 s, 2212.7 tps, lat 115.387 ms stddev 29.578, 0 failed
progress: 50.0 s, 2215.5 tps, lat 114.335 ms stddev 34.446, 0 failed
progress: 51.0 s, 2229.8 tps, lat 116.213 ms stddev 46.468, 0 failed
progress: 52.0 s, 2221.0 tps, lat 114.758 ms stddev 31.646, 0 failed
progress: 53.0 s, 2198.9 tps, lat 114.789 ms stddev 41.619, 0 failed
progress: 54.0 s, 2248.1 tps, lat 116.252 ms stddev 42.999, 0 failed
progress: 55.0 s, 2202.8 tps, lat 115.584 ms stddev 31.508, 0 failed
progress: 56.0 s, 2217.2 tps, lat 115.200 ms stddev 29.840, 0 failed
progress: 57.0 s, 2218.0 tps, lat 115.937 ms stddev 33.384, 0 failed
progress: 58.0 s, 2209.8 tps, lat 114.962 ms stddev 29.693, 0 failed
progress: 59.0 s, 2207.1 tps, lat 116.163 ms stddev 27.622, 0 failed
transaction type: star-1.sql
scaling factor: 1
query mode: simple
number of clients: 256
number of threads: 256
maximum number of tries: 1
duration: 60 s
number of transactions actually processed: 133418
number of failed transactions: 0 (0.000%)
latency average = 114.915 ms
latency stddev = 44.160 ms
initial connection time = 152.067 ms
tps = 2226.336737 (without initial connection time)
