pgbench (18devel)
progress: 1.0 s, 124712.3 tps, lat 0.127 ms stddev 0.097, 0 failed
progress: 2.0 s, 131062.5 tps, lat 0.122 ms stddev 0.005, 0 failed
progress: 3.0 s, 128590.4 tps, lat 0.124 ms stddev 0.011, 0 failed
progress: 4.0 s, 129785.1 tps, lat 0.123 ms stddev 0.008, 0 failed
progress: 5.0 s, 132386.5 tps, lat 0.121 ms stddev 0.006, 0 failed
progress: 6.0 s, 131274.9 tps, lat 0.122 ms stddev 0.009, 0 failed
progress: 7.0 s, 131535.8 tps, lat 0.122 ms stddev 0.006, 0 failed
progress: 8.0 s, 131823.0 tps, lat 0.121 ms stddev 0.007, 0 failed
progress: 9.0 s, 132306.7 tps, lat 0.121 ms stddev 0.005, 0 failed
progress: 10.0 s, 132141.2 tps, lat 0.121 ms stddev 0.007, 0 failed
progress: 11.0 s, 132063.2 tps, lat 0.121 ms stddev 0.006, 0 failed
progress: 12.0 s, 133664.0 tps, lat 0.120 ms stddev 0.004, 0 failed
progress: 13.0 s, 132518.3 tps, lat 0.121 ms stddev 0.005, 0 failed
progress: 14.0 s, 132315.4 tps, lat 0.121 ms stddev 0.004, 0 failed
progress: 15.0 s, 133513.0 tps, lat 0.120 ms stddev 0.003, 0 failed
progress: 16.0 s, 133652.0 tps, lat 0.120 ms stddev 0.005, 0 failed
progress: 17.0 s, 133784.0 tps, lat 0.120 ms stddev 0.003, 0 failed
progress: 18.0 s, 133384.1 tps, lat 0.120 ms stddev 0.004, 0 failed
progress: 19.0 s, 132578.6 tps, lat 0.121 ms stddev 0.004, 0 failed
progress: 20.0 s, 133428.7 tps, lat 0.120 ms stddev 0.003, 0 failed
progress: 21.0 s, 133219.9 tps, lat 0.120 ms stddev 0.004, 0 failed
progress: 22.0 s, 133193.9 tps, lat 0.120 ms stddev 0.004, 0 failed
progress: 23.0 s, 133572.4 tps, lat 0.120 ms stddev 0.003, 0 failed
progress: 24.0 s, 133064.6 tps, lat 0.120 ms stddev 0.008, 0 failed
progress: 25.0 s, 132164.9 tps, lat 0.121 ms stddev 0.006, 0 failed
progress: 26.0 s, 131609.5 tps, lat 0.121 ms stddev 0.005, 0 failed
progress: 27.0 s, 132440.2 tps, lat 0.121 ms stddev 0.007, 0 failed
progress: 28.0 s, 132481.4 tps, lat 0.121 ms stddev 0.008, 0 failed
progress: 29.0 s, 133114.0 tps, lat 0.120 ms stddev 0.004, 0 failed
progress: 30.0 s, 133102.0 tps, lat 0.120 ms stddev 0.003, 0 failed
progress: 31.0 s, 133266.3 tps, lat 0.120 ms stddev 0.003, 0 failed
progress: 32.0 s, 133455.7 tps, lat 0.120 ms stddev 0.003, 0 failed
progress: 33.0 s, 133414.0 tps, lat 0.120 ms stddev 0.003, 0 failed
progress: 34.0 s, 133478.9 tps, lat 0.120 ms stddev 0.003, 0 failed
progress: 35.0 s, 133494.1 tps, lat 0.120 ms stddev 0.003, 0 failed
progress: 36.0 s, 132949.4 tps, lat 0.120 ms stddev 0.005, 0 failed
progress: 37.0 s, 131907.5 tps, lat 0.121 ms stddev 0.008, 0 failed
progress: 38.0 s, 131317.9 tps, lat 0.122 ms stddev 0.009, 0 failed
progress: 39.0 s, 130573.1 tps, lat 0.122 ms stddev 0.009, 0 failed
progress: 40.0 s, 132265.1 tps, lat 0.121 ms stddev 0.004, 0 failed
progress: 41.0 s, 132582.9 tps, lat 0.121 ms stddev 0.004, 0 failed
progress: 42.0 s, 132365.7 tps, lat 0.121 ms stddev 0.004, 0 failed
progress: 43.0 s, 132782.3 tps, lat 0.120 ms stddev 0.004, 0 failed
progress: 44.0 s, 131242.0 tps, lat 0.122 ms stddev 0.010, 0 failed
progress: 45.0 s, 133293.9 tps, lat 0.120 ms stddev 0.003, 0 failed
progress: 46.0 s, 132652.7 tps, lat 0.121 ms stddev 0.004, 0 failed
progress: 47.0 s, 132977.3 tps, lat 0.120 ms stddev 0.003, 0 failed
progress: 48.0 s, 133478.1 tps, lat 0.120 ms stddev 0.004, 0 failed
progress: 49.0 s, 132772.0 tps, lat 0.120 ms stddev 0.007, 0 failed
progress: 50.0 s, 133336.0 tps, lat 0.120 ms stddev 0.003, 0 failed
progress: 51.0 s, 133387.9 tps, lat 0.120 ms stddev 0.003, 0 failed
progress: 52.0 s, 133611.7 tps, lat 0.120 ms stddev 0.003, 0 failed
progress: 53.0 s, 133319.9 tps, lat 0.120 ms stddev 0.004, 0 failed
progress: 54.0 s, 133292.9 tps, lat 0.120 ms stddev 0.003, 0 failed
progress: 55.0 s, 133023.5 tps, lat 0.120 ms stddev 0.003, 0 failed
progress: 56.0 s, 133132.1 tps, lat 0.120 ms stddev 0.003, 0 failed
progress: 57.0 s, 133337.9 tps, lat 0.120 ms stddev 0.003, 0 failed
progress: 58.0 s, 132975.0 tps, lat 0.120 ms stddev 0.004, 0 failed
progress: 59.0 s, 132750.1 tps, lat 0.120 ms stddev 0.004, 0 failed
transaction type: star-1-left.sql
scaling factor: 1
query mode: prepared
number of clients: 16
number of threads: 16
maximum number of tries: 1
duration: 60 s
number of transactions actually processed: 7947983
number of failed transactions: 0 (0.000%)
latency average = 0.121 ms
latency stddev = 0.013 ms
initial connection time = 12.090 ms
tps = 132492.327539 (without initial connection time)
