pgbench (18devel)
progress: 1.0 s, 283777.4 tps, lat 0.847 ms stddev 6.534, 0 failed
progress: 2.0 s, 325659.3 tps, lat 0.786 ms stddev 0.361, 0 failed
progress: 3.0 s, 321650.2 tps, lat 0.795 ms stddev 0.368, 0 failed
progress: 4.0 s, 318918.2 tps, lat 0.802 ms stddev 0.356, 0 failed
progress: 5.0 s, 319688.0 tps, lat 0.800 ms stddev 0.330, 0 failed
progress: 6.0 s, 320051.1 tps, lat 0.800 ms stddev 0.319, 0 failed
progress: 7.0 s, 320854.2 tps, lat 0.798 ms stddev 0.324, 0 failed
progress: 8.0 s, 320784.0 tps, lat 0.798 ms stddev 0.316, 0 failed
progress: 9.0 s, 321118.3 tps, lat 0.797 ms stddev 0.316, 0 failed
progress: 10.0 s, 321165.1 tps, lat 0.797 ms stddev 0.316, 0 failed
progress: 11.0 s, 321771.7 tps, lat 0.795 ms stddev 0.317, 0 failed
progress: 12.0 s, 320654.0 tps, lat 0.798 ms stddev 0.307, 0 failed
progress: 13.0 s, 319848.0 tps, lat 0.800 ms stddev 0.295, 0 failed
progress: 14.0 s, 322274.6 tps, lat 0.794 ms stddev 0.325, 0 failed
progress: 15.0 s, 323254.5 tps, lat 0.792 ms stddev 0.329, 0 failed
progress: 16.0 s, 322923.8 tps, lat 0.792 ms stddev 0.325, 0 failed
progress: 17.0 s, 322899.4 tps, lat 0.793 ms stddev 0.325, 0 failed
progress: 18.0 s, 322225.0 tps, lat 0.794 ms stddev 0.319, 0 failed
progress: 19.0 s, 322965.7 tps, lat 0.792 ms stddev 0.324, 0 failed
progress: 20.0 s, 321559.1 tps, lat 0.796 ms stddev 0.307, 0 failed
progress: 21.0 s, 321533.5 tps, lat 0.796 ms stddev 0.306, 0 failed
progress: 22.0 s, 320084.0 tps, lat 0.799 ms stddev 0.293, 0 failed
progress: 23.0 s, 318155.7 tps, lat 0.804 ms stddev 0.278, 0 failed
progress: 24.0 s, 317145.8 tps, lat 0.807 ms stddev 0.270, 0 failed
progress: 25.0 s, 318663.2 tps, lat 0.803 ms stddev 0.293, 0 failed
progress: 26.0 s, 319449.0 tps, lat 0.801 ms stddev 0.296, 0 failed
progress: 27.0 s, 318728.1 tps, lat 0.803 ms stddev 0.287, 0 failed
progress: 28.0 s, 318253.6 tps, lat 0.804 ms stddev 0.283, 0 failed
progress: 29.0 s, 317514.2 tps, lat 0.806 ms stddev 0.276, 0 failed
progress: 30.0 s, 318155.5 tps, lat 0.804 ms stddev 0.288, 0 failed
progress: 31.0 s, 317943.7 tps, lat 0.805 ms stddev 0.283, 0 failed
progress: 32.0 s, 316556.3 tps, lat 0.808 ms stddev 0.273, 0 failed
progress: 33.0 s, 316418.4 tps, lat 0.809 ms stddev 0.270, 0 failed
progress: 34.0 s, 316206.3 tps, lat 0.809 ms stddev 0.271, 0 failed
progress: 35.0 s, 316463.7 tps, lat 0.809 ms stddev 0.271, 0 failed
progress: 36.0 s, 316488.9 tps, lat 0.809 ms stddev 0.272, 0 failed
progress: 37.0 s, 317155.4 tps, lat 0.807 ms stddev 0.279, 0 failed
progress: 38.0 s, 317007.4 tps, lat 0.807 ms stddev 0.282, 0 failed
progress: 39.0 s, 316626.2 tps, lat 0.808 ms stddev 0.276, 0 failed
progress: 40.0 s, 316850.7 tps, lat 0.808 ms stddev 0.282, 0 failed
progress: 41.0 s, 317246.8 tps, lat 0.807 ms stddev 0.284, 0 failed
progress: 42.0 s, 316120.7 tps, lat 0.810 ms stddev 0.273, 0 failed
progress: 43.0 s, 316027.2 tps, lat 0.810 ms stddev 0.273, 0 failed
progress: 44.0 s, 315875.7 tps, lat 0.810 ms stddev 0.271, 0 failed
progress: 45.0 s, 315970.3 tps, lat 0.810 ms stddev 0.270, 0 failed
progress: 46.0 s, 315949.0 tps, lat 0.810 ms stddev 0.271, 0 failed
progress: 47.0 s, 315830.7 tps, lat 0.810 ms stddev 0.272, 0 failed
progress: 48.0 s, 316054.3 tps, lat 0.810 ms stddev 0.280, 0 failed
progress: 49.0 s, 316195.6 tps, lat 0.809 ms stddev 0.281, 0 failed
progress: 50.0 s, 315853.7 tps, lat 0.810 ms stddev 0.273, 0 failed
progress: 51.0 s, 316638.3 tps, lat 0.808 ms stddev 0.282, 0 failed
progress: 52.0 s, 315793.0 tps, lat 0.810 ms stddev 0.272, 0 failed
progress: 53.0 s, 315801.2 tps, lat 0.810 ms stddev 0.273, 0 failed
progress: 54.0 s, 315842.2 tps, lat 0.810 ms stddev 0.274, 0 failed
progress: 55.0 s, 315904.7 tps, lat 0.810 ms stddev 0.271, 0 failed
progress: 56.0 s, 315768.0 tps, lat 0.810 ms stddev 0.272, 0 failed
progress: 57.0 s, 315904.6 tps, lat 0.810 ms stddev 0.270, 0 failed
progress: 58.0 s, 316058.3 tps, lat 0.810 ms stddev 0.275, 0 failed
progress: 59.0 s, 315829.7 tps, lat 0.810 ms stddev 0.269, 0 failed
transaction type: star-1-left.sql
scaling factor: 1
query mode: prepared
number of clients: 256
number of threads: 256
maximum number of tries: 1
duration: 60 s
number of transactions actually processed: 19038139
number of failed transactions: 0 (0.000%)
latency average = 0.804 ms
latency stddev = 0.850 ms
initial connection time = 159.136 ms
tps = 317828.651508 (without initial connection time)
