pgbench (18devel)
progress: 1.0 s, 309260.6 tps, lat 0.203 ms stddev 0.209, 0 failed
progress: 2.0 s, 317825.6 tps, lat 0.201 ms stddev 0.055, 0 failed
progress: 3.0 s, 318633.4 tps, lat 0.201 ms stddev 0.075, 0 failed
progress: 4.0 s, 320401.4 tps, lat 0.200 ms stddev 0.037, 0 failed
progress: 5.0 s, 320832.4 tps, lat 0.199 ms stddev 0.032, 0 failed
progress: 6.0 s, 321138.6 tps, lat 0.199 ms stddev 0.030, 0 failed
progress: 7.0 s, 321230.3 tps, lat 0.199 ms stddev 0.031, 0 failed
progress: 8.0 s, 321595.4 tps, lat 0.199 ms stddev 0.026, 0 failed
progress: 9.0 s, 321313.3 tps, lat 0.199 ms stddev 0.026, 0 failed
progress: 10.0 s, 321512.7 tps, lat 0.199 ms stddev 0.027, 0 failed
progress: 11.0 s, 321512.3 tps, lat 0.199 ms stddev 0.025, 0 failed
progress: 12.0 s, 321296.7 tps, lat 0.199 ms stddev 0.027, 0 failed
progress: 13.0 s, 321449.5 tps, lat 0.199 ms stddev 0.026, 0 failed
progress: 14.0 s, 321397.0 tps, lat 0.199 ms stddev 0.026, 0 failed
progress: 15.0 s, 321212.6 tps, lat 0.199 ms stddev 0.026, 0 failed
progress: 16.0 s, 321517.3 tps, lat 0.199 ms stddev 0.025, 0 failed
progress: 17.0 s, 321497.7 tps, lat 0.199 ms stddev 0.027, 0 failed
progress: 18.0 s, 321461.0 tps, lat 0.199 ms stddev 0.026, 0 failed
progress: 19.0 s, 321674.0 tps, lat 0.199 ms stddev 0.025, 0 failed
progress: 20.0 s, 321562.6 tps, lat 0.199 ms stddev 0.026, 0 failed
progress: 21.0 s, 321449.0 tps, lat 0.199 ms stddev 0.025, 0 failed
progress: 22.0 s, 321482.7 tps, lat 0.199 ms stddev 0.025, 0 failed
progress: 23.0 s, 321575.6 tps, lat 0.199 ms stddev 0.025, 0 failed
progress: 24.0 s, 321436.4 tps, lat 0.199 ms stddev 0.026, 0 failed
progress: 25.0 s, 321350.0 tps, lat 0.199 ms stddev 0.025, 0 failed
progress: 26.0 s, 321377.0 tps, lat 0.199 ms stddev 0.026, 0 failed
progress: 27.0 s, 321420.4 tps, lat 0.199 ms stddev 0.026, 0 failed
progress: 28.0 s, 321586.1 tps, lat 0.199 ms stddev 0.025, 0 failed
progress: 29.0 s, 321199.2 tps, lat 0.199 ms stddev 0.025, 0 failed
progress: 30.0 s, 321071.3 tps, lat 0.199 ms stddev 0.026, 0 failed
progress: 31.0 s, 321482.8 tps, lat 0.199 ms stddev 0.025, 0 failed
progress: 32.0 s, 321281.3 tps, lat 0.199 ms stddev 0.026, 0 failed
progress: 33.0 s, 321446.4 tps, lat 0.199 ms stddev 0.026, 0 failed
progress: 34.0 s, 320971.9 tps, lat 0.199 ms stddev 0.026, 0 failed
progress: 35.0 s, 321163.3 tps, lat 0.199 ms stddev 0.025, 0 failed
progress: 36.0 s, 321289.4 tps, lat 0.199 ms stddev 0.025, 0 failed
progress: 37.0 s, 321742.1 tps, lat 0.199 ms stddev 0.025, 0 failed
progress: 38.0 s, 321039.9 tps, lat 0.199 ms stddev 0.026, 0 failed
progress: 39.0 s, 321237.3 tps, lat 0.199 ms stddev 0.025, 0 failed
progress: 40.0 s, 321625.2 tps, lat 0.199 ms stddev 0.025, 0 failed
progress: 41.0 s, 321496.9 tps, lat 0.199 ms stddev 0.025, 0 failed
progress: 42.0 s, 321285.3 tps, lat 0.199 ms stddev 0.026, 0 failed
progress: 43.0 s, 321364.4 tps, lat 0.199 ms stddev 0.027, 0 failed
progress: 44.0 s, 321533.9 tps, lat 0.199 ms stddev 0.026, 0 failed
progress: 45.0 s, 321366.7 tps, lat 0.199 ms stddev 0.025, 0 failed
progress: 46.0 s, 321434.8 tps, lat 0.199 ms stddev 0.025, 0 failed
progress: 47.0 s, 321533.2 tps, lat 0.199 ms stddev 0.027, 0 failed
progress: 48.0 s, 321383.2 tps, lat 0.199 ms stddev 0.025, 0 failed
progress: 49.0 s, 321272.1 tps, lat 0.199 ms stddev 0.025, 0 failed
progress: 50.0 s, 321573.5 tps, lat 0.199 ms stddev 0.025, 0 failed
progress: 51.0 s, 321420.8 tps, lat 0.199 ms stddev 0.026, 0 failed
progress: 52.0 s, 321576.3 tps, lat 0.199 ms stddev 0.025, 0 failed
progress: 53.0 s, 320892.7 tps, lat 0.199 ms stddev 0.025, 0 failed
progress: 54.0 s, 321312.5 tps, lat 0.199 ms stddev 0.025, 0 failed
progress: 55.0 s, 321320.2 tps, lat 0.199 ms stddev 0.025, 0 failed
progress: 56.0 s, 321360.3 tps, lat 0.199 ms stddev 0.027, 0 failed
progress: 57.0 s, 321260.6 tps, lat 0.199 ms stddev 0.026, 0 failed
progress: 58.0 s, 321227.0 tps, lat 0.199 ms stddev 0.026, 0 failed
progress: 59.0 s, 321215.5 tps, lat 0.199 ms stddev 0.026, 0 failed
transaction type: star-1-left.sql
scaling factor: 1
query mode: prepared
number of clients: 64
number of threads: 64
maximum number of tries: 1
duration: 60 s
number of transactions actually processed: 19255558
number of failed transactions: 0 (0.000%)
latency average = 0.199 ms
latency stddev = 0.039 ms
initial connection time = 37.500 ms
tps = 321103.601179 (without initial connection time)
