pgbench (18devel, server 10.23)
progress: 1.0 s, 48923.2 tps, lat 2.540 ms stddev 8.723, 0 failed
progress: 2.0 s, 68139.9 tps, lat 1.879 ms stddev 1.917, 0 failed
progress: 3.0 s, 69336.1 tps, lat 1.846 ms stddev 1.848, 0 failed
progress: 4.0 s, 68206.7 tps, lat 1.877 ms stddev 1.935, 0 failed
progress: 5.0 s, 68262.8 tps, lat 1.874 ms stddev 1.910, 0 failed
progress: 6.0 s, 68043.5 tps, lat 1.881 ms stddev 1.935, 0 failed
progress: 7.0 s, 69034.1 tps, lat 1.855 ms stddev 1.872, 0 failed
progress: 8.0 s, 68154.0 tps, lat 1.877 ms stddev 1.904, 0 failed
progress: 9.0 s, 68312.7 tps, lat 1.874 ms stddev 1.914, 0 failed
progress: 10.0 s, 68279.1 tps, lat 1.875 ms stddev 1.923, 0 failed
progress: 11.0 s, 68918.8 tps, lat 1.857 ms stddev 1.885, 0 failed
progress: 12.0 s, 68289.3 tps, lat 1.874 ms stddev 1.921, 0 failed
progress: 13.0 s, 67810.9 tps, lat 1.887 ms stddev 1.937, 0 failed
progress: 14.0 s, 68357.0 tps, lat 1.871 ms stddev 1.919, 0 failed
progress: 15.0 s, 69313.9 tps, lat 1.847 ms stddev 1.866, 0 failed
progress: 16.0 s, 68031.0 tps, lat 1.881 ms stddev 1.941, 0 failed
progress: 17.0 s, 67904.9 tps, lat 1.885 ms stddev 1.930, 0 failed
progress: 18.0 s, 68177.2 tps, lat 1.877 ms stddev 1.930, 0 failed
progress: 19.0 s, 69020.9 tps, lat 1.854 ms stddev 1.884, 0 failed
progress: 20.0 s, 68283.9 tps, lat 1.874 ms stddev 1.945, 0 failed
progress: 21.0 s, 68311.2 tps, lat 1.874 ms stddev 1.931, 0 failed
progress: 22.0 s, 68081.9 tps, lat 1.879 ms stddev 1.939, 0 failed
progress: 23.0 s, 69091.9 tps, lat 1.853 ms stddev 1.896, 0 failed
progress: 24.0 s, 67978.3 tps, lat 1.882 ms stddev 1.950, 0 failed
progress: 25.0 s, 68599.0 tps, lat 1.866 ms stddev 1.907, 0 failed
progress: 26.0 s, 68596.8 tps, lat 1.866 ms stddev 1.929, 0 failed
progress: 27.0 s, 68930.8 tps, lat 1.856 ms stddev 1.895, 0 failed
progress: 28.0 s, 68131.4 tps, lat 1.878 ms stddev 1.925, 0 failed
progress: 29.0 s, 67931.0 tps, lat 1.885 ms stddev 1.957, 0 failed
progress: 30.0 s, 68321.7 tps, lat 1.873 ms stddev 1.915, 0 failed
progress: 31.0 s, 68752.7 tps, lat 1.861 ms stddev 1.909, 0 failed
progress: 32.0 s, 68008.4 tps, lat 1.882 ms stddev 1.935, 0 failed
progress: 33.0 s, 68352.9 tps, lat 1.873 ms stddev 1.932, 0 failed
progress: 34.0 s, 68404.4 tps, lat 1.871 ms stddev 1.929, 0 failed
progress: 35.0 s, 69039.6 tps, lat 1.854 ms stddev 1.890, 0 failed
progress: 36.0 s, 68110.9 tps, lat 1.879 ms stddev 1.948, 0 failed
progress: 37.0 s, 68128.1 tps, lat 1.878 ms stddev 1.942, 0 failed
progress: 38.0 s, 68691.2 tps, lat 1.863 ms stddev 1.915, 0 failed
progress: 39.0 s, 69259.6 tps, lat 1.848 ms stddev 1.874, 0 failed
progress: 40.0 s, 68185.4 tps, lat 1.877 ms stddev 1.930, 0 failed
progress: 41.0 s, 68171.0 tps, lat 1.877 ms stddev 1.950, 0 failed
progress: 42.0 s, 68466.0 tps, lat 1.870 ms stddev 1.918, 0 failed
progress: 43.0 s, 69212.7 tps, lat 1.849 ms stddev 1.892, 0 failed
progress: 44.0 s, 69025.3 tps, lat 1.854 ms stddev 1.889, 0 failed
progress: 45.0 s, 68053.8 tps, lat 1.880 ms stddev 1.934, 0 failed
progress: 46.0 s, 68337.1 tps, lat 1.873 ms stddev 1.930, 0 failed
progress: 47.0 s, 68832.0 tps, lat 1.860 ms stddev 1.895, 0 failed
progress: 48.0 s, 67860.1 tps, lat 1.886 ms stddev 1.955, 0 failed
progress: 49.0 s, 68511.1 tps, lat 1.868 ms stddev 1.919, 0 failed
progress: 50.0 s, 68545.9 tps, lat 1.867 ms stddev 1.915, 0 failed
progress: 51.0 s, 69020.8 tps, lat 1.854 ms stddev 1.879, 0 failed
progress: 52.0 s, 68409.1 tps, lat 1.870 ms stddev 1.932, 0 failed
progress: 53.0 s, 67939.3 tps, lat 1.884 ms stddev 1.954, 0 failed
progress: 54.0 s, 68647.3 tps, lat 1.865 ms stddev 1.905, 0 failed
progress: 55.0 s, 69419.3 tps, lat 1.843 ms stddev 1.878, 0 failed
progress: 56.0 s, 68181.3 tps, lat 1.877 ms stddev 1.925, 0 failed
progress: 57.0 s, 68096.7 tps, lat 1.880 ms stddev 1.944, 0 failed
progress: 58.0 s, 68577.2 tps, lat 1.866 ms stddev 1.911, 0 failed
progress: 59.0 s, 68817.2 tps, lat 1.860 ms stddev 1.896, 0 failed
transaction type: star-1.sql
scaling factor: 1
query mode: prepared
number of clients: 128
number of threads: 128
maximum number of tries: 1
duration: 60 s
number of transactions actually processed: 4084966
number of failed transactions: 0 (0.000%)
latency average = 1.878 ms
latency stddev = 2.134 ms
initial connection time = 74.773 ms
tps = 68125.654037 (without initial connection time)
