pgbench (18devel, server 10.23)
progress: 1.0 s, 89345.4 tps, lat 0.178 ms stddev 0.580, 0 failed
progress: 2.0 s, 101868.5 tps, lat 0.157 ms stddev 0.015, 0 failed
progress: 3.0 s, 101696.4 tps, lat 0.157 ms stddev 0.019, 0 failed
progress: 4.0 s, 104528.3 tps, lat 0.153 ms stddev 0.009, 0 failed
progress: 5.0 s, 103712.9 tps, lat 0.154 ms stddev 0.015, 0 failed
progress: 6.0 s, 104763.1 tps, lat 0.153 ms stddev 0.014, 0 failed
progress: 7.0 s, 107094.7 tps, lat 0.149 ms stddev 0.008, 0 failed
progress: 8.0 s, 106952.0 tps, lat 0.149 ms stddev 0.008, 0 failed
progress: 9.0 s, 105995.6 tps, lat 0.151 ms stddev 0.019, 0 failed
progress: 10.0 s, 105914.5 tps, lat 0.151 ms stddev 0.009, 0 failed
progress: 11.0 s, 104559.2 tps, lat 0.153 ms stddev 0.009, 0 failed
progress: 12.0 s, 105324.8 tps, lat 0.152 ms stddev 0.011, 0 failed
progress: 13.0 s, 106073.0 tps, lat 0.151 ms stddev 0.009, 0 failed
progress: 14.0 s, 107106.7 tps, lat 0.149 ms stddev 0.008, 0 failed
progress: 15.0 s, 106879.1 tps, lat 0.150 ms stddev 0.015, 0 failed
progress: 16.0 s, 107195.3 tps, lat 0.149 ms stddev 0.008, 0 failed
progress: 17.0 s, 105288.0 tps, lat 0.152 ms stddev 0.009, 0 failed
progress: 18.0 s, 106373.9 tps, lat 0.150 ms stddev 0.008, 0 failed
progress: 19.0 s, 107418.0 tps, lat 0.149 ms stddev 0.007, 0 failed
progress: 20.0 s, 106746.1 tps, lat 0.150 ms stddev 0.008, 0 failed
progress: 21.0 s, 106711.0 tps, lat 0.150 ms stddev 0.007, 0 failed
progress: 22.0 s, 106756.0 tps, lat 0.150 ms stddev 0.008, 0 failed
progress: 23.0 s, 106810.3 tps, lat 0.150 ms stddev 0.007, 0 failed
progress: 24.0 s, 107391.7 tps, lat 0.149 ms stddev 0.007, 0 failed
progress: 25.0 s, 107449.0 tps, lat 0.149 ms stddev 0.007, 0 failed
progress: 26.0 s, 107125.8 tps, lat 0.149 ms stddev 0.007, 0 failed
progress: 27.0 s, 107009.1 tps, lat 0.149 ms stddev 0.008, 0 failed
progress: 28.0 s, 107181.8 tps, lat 0.149 ms stddev 0.008, 0 failed
progress: 29.0 s, 107461.0 tps, lat 0.149 ms stddev 0.007, 0 failed
progress: 30.0 s, 107487.2 tps, lat 0.149 ms stddev 0.008, 0 failed
progress: 31.0 s, 107279.9 tps, lat 0.149 ms stddev 0.007, 0 failed
progress: 32.0 s, 107423.4 tps, lat 0.149 ms stddev 0.007, 0 failed
progress: 33.0 s, 107292.1 tps, lat 0.149 ms stddev 0.007, 0 failed
progress: 34.0 s, 107278.5 tps, lat 0.149 ms stddev 0.007, 0 failed
progress: 35.0 s, 106962.1 tps, lat 0.149 ms stddev 0.016, 0 failed
progress: 36.0 s, 107082.7 tps, lat 0.149 ms stddev 0.007, 0 failed
progress: 37.0 s, 106818.3 tps, lat 0.150 ms stddev 0.008, 0 failed
progress: 38.0 s, 106674.9 tps, lat 0.150 ms stddev 0.008, 0 failed
progress: 39.0 s, 106097.1 tps, lat 0.151 ms stddev 0.009, 0 failed
progress: 40.0 s, 106222.9 tps, lat 0.151 ms stddev 0.008, 0 failed
progress: 41.0 s, 107230.0 tps, lat 0.149 ms stddev 0.007, 0 failed
progress: 42.0 s, 106666.2 tps, lat 0.150 ms stddev 0.008, 0 failed
progress: 43.0 s, 105679.3 tps, lat 0.151 ms stddev 0.013, 0 failed
progress: 44.0 s, 106049.1 tps, lat 0.151 ms stddev 0.008, 0 failed
progress: 45.0 s, 106339.4 tps, lat 0.150 ms stddev 0.008, 0 failed
progress: 46.0 s, 106533.0 tps, lat 0.150 ms stddev 0.007, 0 failed
progress: 47.0 s, 105546.1 tps, lat 0.151 ms stddev 0.009, 0 failed
progress: 48.0 s, 106870.9 tps, lat 0.150 ms stddev 0.008, 0 failed
progress: 49.0 s, 106777.1 tps, lat 0.150 ms stddev 0.008, 0 failed
progress: 50.0 s, 106190.0 tps, lat 0.151 ms stddev 0.008, 0 failed
progress: 51.0 s, 105656.9 tps, lat 0.151 ms stddev 0.008, 0 failed
progress: 52.0 s, 105885.0 tps, lat 0.151 ms stddev 0.008, 0 failed
progress: 53.0 s, 106289.9 tps, lat 0.150 ms stddev 0.008, 0 failed
progress: 54.0 s, 106383.1 tps, lat 0.150 ms stddev 0.008, 0 failed
progress: 55.0 s, 106555.0 tps, lat 0.150 ms stddev 0.008, 0 failed
progress: 56.0 s, 106786.0 tps, lat 0.150 ms stddev 0.008, 0 failed
progress: 57.0 s, 106626.5 tps, lat 0.150 ms stddev 0.008, 0 failed
progress: 58.0 s, 106468.6 tps, lat 0.150 ms stddev 0.008, 0 failed
progress: 59.0 s, 106499.0 tps, lat 0.150 ms stddev 0.008, 0 failed
transaction type: star-1.sql
scaling factor: 1
query mode: prepared
number of clients: 16
number of threads: 16
maximum number of tries: 1
duration: 60 s
number of transactions actually processed: 6361979
number of failed transactions: 0 (0.000%)
latency average = 0.151 ms
latency stddev = 0.069 ms
initial connection time = 11.516 ms
tps = 106052.730352 (without initial connection time)
