pgbench (18devel, server 15.8)
progress: 1.0 s, 1901.8 tps, lat 63.306 ms stddev 38.509, 0 failed
progress: 2.0 s, 2095.0 tps, lat 60.992 ms stddev 21.888, 0 failed
progress: 3.0 s, 2043.2 tps, lat 62.669 ms stddev 21.656, 0 failed
progress: 4.0 s, 2038.8 tps, lat 62.705 ms stddev 20.625, 0 failed
progress: 5.0 s, 2042.0 tps, lat 62.680 ms stddev 20.012, 0 failed
progress: 6.0 s, 2051.0 tps, lat 62.625 ms stddev 20.380, 0 failed
progress: 7.0 s, 2044.0 tps, lat 62.491 ms stddev 20.577, 0 failed
progress: 8.0 s, 2045.0 tps, lat 62.735 ms stddev 21.035, 0 failed
progress: 9.0 s, 2035.0 tps, lat 62.726 ms stddev 20.069, 0 failed
progress: 10.0 s, 2044.0 tps, lat 62.719 ms stddev 20.612, 0 failed
progress: 11.0 s, 2044.0 tps, lat 62.737 ms stddev 19.677, 0 failed
progress: 12.0 s, 2029.0 tps, lat 62.665 ms stddev 19.656, 0 failed
progress: 13.0 s, 2051.0 tps, lat 62.644 ms stddev 19.310, 0 failed
progress: 14.0 s, 2044.0 tps, lat 62.804 ms stddev 20.102, 0 failed
progress: 15.0 s, 2029.0 tps, lat 62.716 ms stddev 20.786, 0 failed
progress: 16.0 s, 2044.0 tps, lat 62.797 ms stddev 19.691, 0 failed
progress: 17.0 s, 2042.0 tps, lat 62.932 ms stddev 20.462, 0 failed
progress: 18.0 s, 2030.0 tps, lat 62.789 ms stddev 20.405, 0 failed
progress: 19.0 s, 2038.0 tps, lat 62.806 ms stddev 19.984, 0 failed
progress: 20.0 s, 2033.2 tps, lat 63.029 ms stddev 19.772, 0 failed
progress: 21.0 s, 2028.8 tps, lat 62.847 ms stddev 20.803, 0 failed
progress: 22.0 s, 2041.2 tps, lat 62.873 ms stddev 19.901, 0 failed
progress: 23.0 s, 2028.8 tps, lat 63.065 ms stddev 20.650, 0 failed
progress: 24.0 s, 2040.0 tps, lat 62.989 ms stddev 20.344, 0 failed
progress: 25.0 s, 2029.0 tps, lat 62.922 ms stddev 20.619, 0 failed
progress: 26.0 s, 2027.2 tps, lat 62.998 ms stddev 19.758, 0 failed
progress: 27.0 s, 2036.9 tps, lat 63.074 ms stddev 20.075, 0 failed
progress: 28.0 s, 2032.0 tps, lat 63.001 ms stddev 20.657, 0 failed
progress: 29.0 s, 2019.0 tps, lat 63.286 ms stddev 19.564, 0 failed
progress: 30.0 s, 2010.0 tps, lat 63.238 ms stddev 19.478, 0 failed
progress: 31.0 s, 2029.0 tps, lat 63.237 ms stddev 20.238, 0 failed
progress: 32.0 s, 2033.0 tps, lat 63.287 ms stddev 20.228, 0 failed
progress: 33.0 s, 2024.0 tps, lat 63.149 ms stddev 19.872, 0 failed
progress: 34.0 s, 2031.0 tps, lat 63.100 ms stddev 19.545, 0 failed
progress: 35.0 s, 2025.0 tps, lat 63.255 ms stddev 19.048, 0 failed
progress: 36.0 s, 2024.1 tps, lat 62.966 ms stddev 19.927, 0 failed
progress: 37.0 s, 2032.0 tps, lat 63.059 ms stddev 20.071, 0 failed
progress: 38.0 s, 2032.0 tps, lat 63.043 ms stddev 19.277, 0 failed
progress: 39.0 s, 2033.0 tps, lat 63.047 ms stddev 20.367, 0 failed
progress: 40.0 s, 2032.0 tps, lat 62.952 ms stddev 19.697, 0 failed
progress: 41.0 s, 2028.0 tps, lat 62.862 ms stddev 20.050, 0 failed
progress: 42.0 s, 2044.0 tps, lat 63.234 ms stddev 20.721, 0 failed
progress: 43.0 s, 2026.0 tps, lat 63.001 ms stddev 19.811, 0 failed
progress: 44.0 s, 2026.0 tps, lat 62.977 ms stddev 20.363, 0 failed
progress: 45.0 s, 2029.0 tps, lat 63.298 ms stddev 19.206, 0 failed
progress: 46.0 s, 2031.2 tps, lat 63.103 ms stddev 18.613, 0 failed
progress: 47.0 s, 2025.8 tps, lat 62.914 ms stddev 20.896, 0 failed
progress: 48.0 s, 2027.0 tps, lat 63.255 ms stddev 20.254, 0 failed
progress: 49.0 s, 2020.0 tps, lat 63.098 ms stddev 20.140, 0 failed
progress: 50.0 s, 2038.9 tps, lat 63.010 ms stddev 19.722, 0 failed
progress: 51.0 s, 2026.1 tps, lat 63.098 ms stddev 19.760, 0 failed
progress: 52.0 s, 2031.0 tps, lat 63.111 ms stddev 20.012, 0 failed
progress: 53.0 s, 2026.0 tps, lat 63.053 ms stddev 19.856, 0 failed
progress: 54.0 s, 2031.0 tps, lat 63.105 ms stddev 19.864, 0 failed
progress: 55.0 s, 2022.4 tps, lat 63.138 ms stddev 20.143, 0 failed
progress: 56.0 s, 2036.8 tps, lat 63.159 ms stddev 20.641, 0 failed
progress: 57.0 s, 2019.7 tps, lat 63.136 ms stddev 20.867, 0 failed
progress: 58.0 s, 2022.9 tps, lat 63.162 ms stddev 20.980, 0 failed
progress: 59.0 s, 2039.1 tps, lat 63.088 ms stddev 21.681, 0 failed
transaction type: star-1.sql
scaling factor: 1
query mode: simple
number of clients: 128
number of threads: 128
maximum number of tries: 1
duration: 60 s
number of transactions actually processed: 121911
number of failed transactions: 0 (0.000%)
latency average = 62.943 ms
latency stddev = 20.611 ms
initial connection time = 77.727 ms
tps = 2032.716005 (without initial connection time)
