pgbench (18devel, server 15.8)
progress: 1.0 s, 1684.0 tps, lat 116.807 ms stddev 152.467, 0 failed
progress: 2.0 s, 1939.2 tps, lat 144.315 ms stddev 134.002, 0 failed
progress: 3.0 s, 1888.0 tps, lat 131.497 ms stddev 49.597, 0 failed
progress: 4.0 s, 1989.9 tps, lat 134.448 ms stddev 95.073, 0 failed
progress: 5.0 s, 1951.1 tps, lat 130.974 ms stddev 35.765, 0 failed
progress: 6.0 s, 1969.1 tps, lat 129.772 ms stddev 37.428, 0 failed
progress: 7.0 s, 1978.0 tps, lat 130.774 ms stddev 47.789, 0 failed
progress: 8.0 s, 1990.0 tps, lat 129.153 ms stddev 33.390, 0 failed
progress: 9.0 s, 1979.0 tps, lat 128.554 ms stddev 50.075, 0 failed
progress: 10.0 s, 1966.8 tps, lat 129.654 ms stddev 35.482, 0 failed
progress: 11.0 s, 1979.2 tps, lat 129.027 ms stddev 40.434, 0 failed
progress: 12.0 s, 1961.8 tps, lat 130.897 ms stddev 32.434, 0 failed
progress: 13.0 s, 1973.1 tps, lat 128.413 ms stddev 46.568, 0 failed
progress: 14.0 s, 1987.0 tps, lat 130.150 ms stddev 48.479, 0 failed
progress: 15.0 s, 1982.0 tps, lat 129.755 ms stddev 39.540, 0 failed
progress: 16.0 s, 1990.4 tps, lat 129.267 ms stddev 40.519, 0 failed
progress: 17.0 s, 1957.5 tps, lat 130.655 ms stddev 45.624, 0 failed
progress: 18.0 s, 1955.9 tps, lat 129.932 ms stddev 33.229, 0 failed
progress: 19.0 s, 1975.1 tps, lat 129.580 ms stddev 41.610, 0 failed
progress: 20.0 s, 1982.0 tps, lat 127.496 ms stddev 46.230, 0 failed
progress: 21.0 s, 1949.0 tps, lat 132.692 ms stddev 43.471, 0 failed
progress: 22.0 s, 1967.4 tps, lat 129.619 ms stddev 43.466, 0 failed
progress: 23.0 s, 1973.6 tps, lat 130.407 ms stddev 50.724, 0 failed
progress: 24.0 s, 1939.9 tps, lat 131.036 ms stddev 48.028, 0 failed
progress: 25.0 s, 1950.2 tps, lat 131.519 ms stddev 46.064, 0 failed
progress: 26.0 s, 1952.0 tps, lat 132.210 ms stddev 51.174, 0 failed
progress: 27.0 s, 1942.9 tps, lat 131.404 ms stddev 33.004, 0 failed
progress: 28.0 s, 1929.1 tps, lat 133.457 ms stddev 40.200, 0 failed
progress: 29.0 s, 1917.6 tps, lat 132.894 ms stddev 48.161, 0 failed
progress: 30.0 s, 1905.4 tps, lat 133.757 ms stddev 38.241, 0 failed
progress: 31.0 s, 1918.7 tps, lat 134.234 ms stddev 43.798, 0 failed
progress: 32.0 s, 1917.2 tps, lat 131.099 ms stddev 36.212, 0 failed
progress: 33.0 s, 1905.0 tps, lat 136.832 ms stddev 39.737, 0 failed
progress: 34.0 s, 1887.0 tps, lat 134.708 ms stddev 33.243, 0 failed
progress: 35.0 s, 1910.0 tps, lat 135.073 ms stddev 32.942, 0 failed
progress: 36.0 s, 1895.9 tps, lat 134.550 ms stddev 34.063, 0 failed
progress: 37.0 s, 1911.7 tps, lat 133.545 ms stddev 40.390, 0 failed
progress: 38.0 s, 1920.4 tps, lat 133.711 ms stddev 36.996, 0 failed
progress: 39.0 s, 1936.0 tps, lat 131.493 ms stddev 37.030, 0 failed
progress: 40.0 s, 1938.9 tps, lat 132.566 ms stddev 48.195, 0 failed
progress: 41.0 s, 1936.1 tps, lat 132.459 ms stddev 28.763, 0 failed
progress: 42.0 s, 1961.0 tps, lat 130.139 ms stddev 43.513, 0 failed
progress: 43.0 s, 1963.0 tps, lat 130.303 ms stddev 42.396, 0 failed
progress: 44.0 s, 1958.9 tps, lat 131.791 ms stddev 38.459, 0 failed
progress: 45.0 s, 1970.1 tps, lat 129.246 ms stddev 59.498, 0 failed
progress: 46.0 s, 1947.0 tps, lat 131.430 ms stddev 38.294, 0 failed
progress: 47.0 s, 1956.9 tps, lat 130.380 ms stddev 35.205, 0 failed
progress: 48.0 s, 1957.1 tps, lat 130.907 ms stddev 39.436, 0 failed
progress: 49.0 s, 1974.9 tps, lat 129.495 ms stddev 45.429, 0 failed
progress: 50.0 s, 1948.1 tps, lat 132.409 ms stddev 43.386, 0 failed
progress: 51.0 s, 1947.0 tps, lat 131.396 ms stddev 30.482, 0 failed
progress: 52.0 s, 1965.9 tps, lat 129.432 ms stddev 34.205, 0 failed
progress: 53.0 s, 1969.1 tps, lat 129.700 ms stddev 59.788, 0 failed
progress: 54.0 s, 1965.0 tps, lat 131.009 ms stddev 47.778, 0 failed
progress: 55.0 s, 1974.9 tps, lat 126.377 ms stddev 63.653, 0 failed
progress: 56.0 s, 1950.1 tps, lat 134.751 ms stddev 66.287, 0 failed
progress: 57.0 s, 1970.0 tps, lat 128.616 ms stddev 54.855, 0 failed
progress: 58.0 s, 1945.0 tps, lat 133.414 ms stddev 35.287, 0 failed
progress: 59.0 s, 1942.9 tps, lat 131.597 ms stddev 31.795, 0 failed
transaction type: star-1.sql
scaling factor: 1
query mode: simple
number of clients: 256
number of threads: 256
maximum number of tries: 1
duration: 60 s
number of transactions actually processed: 116844
number of failed transactions: 0 (0.000%)
latency average = 131.207 ms
latency stddev = 50.619 ms
initial connection time = 155.856 ms
tps = 1949.533342 (without initial connection time)
