pgbench (18devel, server 14.13)
progress: 1.0 s, 113766.1 tps, lat 0.140 ms stddev 0.098, 0 failed
progress: 2.0 s, 118607.1 tps, lat 0.135 ms stddev 0.011, 0 failed
progress: 3.0 s, 117015.1 tps, lat 0.137 ms stddev 0.009, 0 failed
progress: 4.0 s, 115771.6 tps, lat 0.138 ms stddev 0.010, 0 failed
progress: 5.0 s, 116646.9 tps, lat 0.137 ms stddev 0.009, 0 failed
progress: 6.0 s, 119114.6 tps, lat 0.134 ms stddev 0.006, 0 failed
progress: 7.0 s, 119801.4 tps, lat 0.133 ms stddev 0.005, 0 failed
progress: 8.0 s, 119766.2 tps, lat 0.133 ms stddev 0.005, 0 failed
progress: 9.0 s, 119480.1 tps, lat 0.134 ms stddev 0.007, 0 failed
progress: 10.0 s, 118197.6 tps, lat 0.135 ms stddev 0.007, 0 failed
progress: 11.0 s, 118517.3 tps, lat 0.135 ms stddev 0.007, 0 failed
progress: 12.0 s, 118544.3 tps, lat 0.135 ms stddev 0.007, 0 failed
progress: 13.0 s, 118449.9 tps, lat 0.135 ms stddev 0.007, 0 failed
progress: 14.0 s, 118540.0 tps, lat 0.135 ms stddev 0.008, 0 failed
progress: 15.0 s, 118482.0 tps, lat 0.135 ms stddev 0.009, 0 failed
progress: 16.0 s, 118597.6 tps, lat 0.135 ms stddev 0.007, 0 failed
progress: 17.0 s, 118814.1 tps, lat 0.135 ms stddev 0.007, 0 failed
progress: 18.0 s, 118801.0 tps, lat 0.135 ms stddev 0.007, 0 failed
progress: 19.0 s, 118632.8 tps, lat 0.135 ms stddev 0.007, 0 failed
progress: 20.0 s, 118548.1 tps, lat 0.135 ms stddev 0.007, 0 failed
progress: 21.0 s, 118578.1 tps, lat 0.135 ms stddev 0.008, 0 failed
progress: 22.0 s, 118541.9 tps, lat 0.135 ms stddev 0.010, 0 failed
progress: 23.0 s, 119947.9 tps, lat 0.133 ms stddev 0.014, 0 failed
progress: 24.0 s, 119965.5 tps, lat 0.133 ms stddev 0.014, 0 failed
progress: 25.0 s, 119991.6 tps, lat 0.133 ms stddev 0.005, 0 failed
progress: 26.0 s, 119899.7 tps, lat 0.133 ms stddev 0.006, 0 failed
progress: 27.0 s, 119488.5 tps, lat 0.134 ms stddev 0.006, 0 failed
progress: 28.0 s, 119320.4 tps, lat 0.134 ms stddev 0.014, 0 failed
progress: 29.0 s, 119585.5 tps, lat 0.134 ms stddev 0.006, 0 failed
progress: 30.0 s, 118961.9 tps, lat 0.134 ms stddev 0.007, 0 failed
progress: 31.0 s, 118048.0 tps, lat 0.135 ms stddev 0.007, 0 failed
progress: 32.0 s, 117628.2 tps, lat 0.136 ms stddev 0.006, 0 failed
progress: 33.0 s, 117489.8 tps, lat 0.136 ms stddev 0.007, 0 failed
progress: 34.0 s, 118542.0 tps, lat 0.135 ms stddev 0.006, 0 failed
progress: 35.0 s, 118288.0 tps, lat 0.135 ms stddev 0.007, 0 failed
progress: 36.0 s, 119255.5 tps, lat 0.134 ms stddev 0.006, 0 failed
progress: 37.0 s, 118522.5 tps, lat 0.135 ms stddev 0.006, 0 failed
progress: 38.0 s, 119227.0 tps, lat 0.134 ms stddev 0.006, 0 failed
progress: 39.0 s, 119754.7 tps, lat 0.133 ms stddev 0.005, 0 failed
progress: 40.0 s, 116730.4 tps, lat 0.137 ms stddev 0.014, 0 failed
progress: 41.0 s, 118500.0 tps, lat 0.135 ms stddev 0.006, 0 failed
progress: 42.0 s, 118696.9 tps, lat 0.135 ms stddev 0.006, 0 failed
progress: 43.0 s, 118452.1 tps, lat 0.135 ms stddev 0.007, 0 failed
progress: 44.0 s, 117633.6 tps, lat 0.136 ms stddev 0.011, 0 failed
progress: 45.0 s, 118704.3 tps, lat 0.135 ms stddev 0.006, 0 failed
progress: 46.0 s, 118686.3 tps, lat 0.135 ms stddev 0.006, 0 failed
progress: 47.0 s, 117961.0 tps, lat 0.135 ms stddev 0.007, 0 failed
progress: 48.0 s, 118435.1 tps, lat 0.135 ms stddev 0.007, 0 failed
progress: 49.0 s, 118026.5 tps, lat 0.135 ms stddev 0.007, 0 failed
progress: 50.0 s, 119208.0 tps, lat 0.134 ms stddev 0.006, 0 failed
progress: 51.0 s, 119251.1 tps, lat 0.134 ms stddev 0.006, 0 failed
progress: 52.0 s, 119002.9 tps, lat 0.134 ms stddev 0.006, 0 failed
progress: 53.0 s, 117793.0 tps, lat 0.136 ms stddev 0.011, 0 failed
progress: 54.0 s, 118111.1 tps, lat 0.135 ms stddev 0.009, 0 failed
progress: 55.0 s, 118486.9 tps, lat 0.135 ms stddev 0.006, 0 failed
progress: 56.0 s, 118843.1 tps, lat 0.135 ms stddev 0.006, 0 failed
progress: 57.0 s, 118845.0 tps, lat 0.134 ms stddev 0.006, 0 failed
progress: 58.0 s, 117998.9 tps, lat 0.135 ms stddev 0.011, 0 failed
progress: 59.0 s, 119085.1 tps, lat 0.134 ms stddev 0.006, 0 failed
transaction type: star-1.sql
scaling factor: 1
query mode: prepared
number of clients: 16
number of threads: 16
maximum number of tries: 1
duration: 60 s
number of transactions actually processed: 7111568
number of failed transactions: 0 (0.000%)
latency average = 0.135 ms
latency stddev = 0.015 ms
initial connection time = 11.516 ms
tps = 118548.268271 (without initial connection time)
