pgbench (18devel, server 14.13)
progress: 1.0 s, 193632.4 tps, lat 0.164 ms stddev 0.155, 0 failed
progress: 2.0 s, 206623.0 tps, lat 0.155 ms stddev 0.019, 0 failed
progress: 3.0 s, 207829.0 tps, lat 0.154 ms stddev 0.019, 0 failed
progress: 4.0 s, 209216.0 tps, lat 0.153 ms stddev 0.017, 0 failed
progress: 5.0 s, 209216.0 tps, lat 0.153 ms stddev 0.017, 0 failed
progress: 6.0 s, 211051.2 tps, lat 0.151 ms stddev 0.018, 0 failed
progress: 7.0 s, 210929.8 tps, lat 0.152 ms stddev 0.016, 0 failed
progress: 8.0 s, 208969.2 tps, lat 0.153 ms stddev 0.018, 0 failed
progress: 9.0 s, 211894.8 tps, lat 0.151 ms stddev 0.018, 0 failed
progress: 10.0 s, 210091.0 tps, lat 0.152 ms stddev 0.018, 0 failed
progress: 11.0 s, 210022.2 tps, lat 0.152 ms stddev 0.020, 0 failed
progress: 12.0 s, 212171.7 tps, lat 0.151 ms stddev 0.017, 0 failed
progress: 13.0 s, 212332.0 tps, lat 0.151 ms stddev 0.016, 0 failed
progress: 14.0 s, 210820.6 tps, lat 0.152 ms stddev 0.017, 0 failed
progress: 15.0 s, 211924.4 tps, lat 0.151 ms stddev 0.019, 0 failed
progress: 16.0 s, 211936.0 tps, lat 0.151 ms stddev 0.015, 0 failed
progress: 17.0 s, 213522.6 tps, lat 0.150 ms stddev 0.012, 0 failed
progress: 18.0 s, 210394.7 tps, lat 0.152 ms stddev 0.017, 0 failed
progress: 19.0 s, 208840.8 tps, lat 0.153 ms stddev 0.018, 0 failed
progress: 20.0 s, 213269.1 tps, lat 0.150 ms stddev 0.016, 0 failed
progress: 21.0 s, 213435.9 tps, lat 0.150 ms stddev 0.020, 0 failed
progress: 22.0 s, 213335.4 tps, lat 0.150 ms stddev 0.014, 0 failed
progress: 23.0 s, 209866.1 tps, lat 0.152 ms stddev 0.018, 0 failed
progress: 24.0 s, 211511.3 tps, lat 0.151 ms stddev 0.017, 0 failed
progress: 25.0 s, 212429.2 tps, lat 0.150 ms stddev 0.015, 0 failed
progress: 26.0 s, 208764.8 tps, lat 0.153 ms stddev 0.021, 0 failed
progress: 27.0 s, 211563.4 tps, lat 0.151 ms stddev 0.015, 0 failed
progress: 28.0 s, 212018.2 tps, lat 0.151 ms stddev 0.013, 0 failed
progress: 29.0 s, 212449.6 tps, lat 0.150 ms stddev 0.014, 0 failed
progress: 30.0 s, 208819.2 tps, lat 0.153 ms stddev 0.017, 0 failed
progress: 31.0 s, 211227.0 tps, lat 0.151 ms stddev 0.013, 0 failed
progress: 32.0 s, 211932.6 tps, lat 0.151 ms stddev 0.017, 0 failed
progress: 33.0 s, 211620.7 tps, lat 0.151 ms stddev 0.016, 0 failed
progress: 34.0 s, 210544.4 tps, lat 0.152 ms stddev 0.015, 0 failed
progress: 35.0 s, 212365.1 tps, lat 0.151 ms stddev 0.014, 0 failed
progress: 36.0 s, 210524.9 tps, lat 0.152 ms stddev 0.014, 0 failed
progress: 37.0 s, 210725.1 tps, lat 0.152 ms stddev 0.016, 0 failed
progress: 38.0 s, 210049.1 tps, lat 0.152 ms stddev 0.018, 0 failed
progress: 39.0 s, 213552.9 tps, lat 0.150 ms stddev 0.016, 0 failed
progress: 40.0 s, 210180.2 tps, lat 0.152 ms stddev 0.016, 0 failed
progress: 41.0 s, 210147.8 tps, lat 0.152 ms stddev 0.016, 0 failed
progress: 42.0 s, 213311.1 tps, lat 0.150 ms stddev 0.015, 0 failed
progress: 43.0 s, 213967.7 tps, lat 0.149 ms stddev 0.013, 0 failed
progress: 44.0 s, 212240.3 tps, lat 0.151 ms stddev 0.021, 0 failed
progress: 45.0 s, 213871.9 tps, lat 0.149 ms stddev 0.014, 0 failed
progress: 46.0 s, 210787.3 tps, lat 0.152 ms stddev 0.018, 0 failed
progress: 47.0 s, 209247.0 tps, lat 0.153 ms stddev 0.024, 0 failed
progress: 48.0 s, 208306.6 tps, lat 0.153 ms stddev 0.020, 0 failed
progress: 49.0 s, 212315.1 tps, lat 0.151 ms stddev 0.014, 0 failed
progress: 50.0 s, 211478.9 tps, lat 0.151 ms stddev 0.022, 0 failed
progress: 51.0 s, 213542.1 tps, lat 0.150 ms stddev 0.015, 0 failed
progress: 52.0 s, 208007.8 tps, lat 0.154 ms stddev 0.017, 0 failed
progress: 53.0 s, 212455.6 tps, lat 0.150 ms stddev 0.014, 0 failed
progress: 54.0 s, 209215.4 tps, lat 0.153 ms stddev 0.018, 0 failed
progress: 55.0 s, 211367.1 tps, lat 0.151 ms stddev 0.014, 0 failed
progress: 56.0 s, 210007.1 tps, lat 0.152 ms stddev 0.021, 0 failed
progress: 57.0 s, 209882.0 tps, lat 0.152 ms stddev 0.020, 0 failed
progress: 58.0 s, 210421.8 tps, lat 0.152 ms stddev 0.015, 0 failed
progress: 59.0 s, 211380.2 tps, lat 0.151 ms stddev 0.014, 0 failed
transaction type: star-1.sql
scaling factor: 1
query mode: prepared
number of clients: 32
number of threads: 32
maximum number of tries: 1
duration: 60 s
number of transactions actually processed: 12640373
number of failed transactions: 0 (0.000%)
latency average = 0.152 ms
latency stddev = 0.026 ms
initial connection time = 20.662 ms
tps = 210743.113476 (without initial connection time)
