set max_parallel_maintenance_workers = 0;
ERROR:  unrecognized configuration parameter "max_parallel_maintenance_workers"
Timing is on.
Timing is on.
BEGIN;
BEGIN
Time: 0.097 ms
CREATE TABLE PART (
	P_PARTKEY		SERIAL,
	P_NAME			VARCHAR(55),
	P_MFGR			CHAR(25),
	P_BRAND			CHAR(10),
	P_TYPE			VARCHAR(25),
	P_SIZE			INTEGER,
	P_CONTAINER		CHAR(10),
	P_RETAILPRICE	DECIMAL,
	P_COMMENT		VARCHAR(23)
);
psql:load-1-old.sql:16: NOTICE:  CREATE TABLE will create implicit sequence "part_p_partkey_seq" for serial column "part.p_partkey"
CREATE TABLE
Time: 4.323 ms
CREATE TABLE SUPPLIER (
	S_SUPPKEY		SERIAL,
	S_NAME			CHAR(25),
	S_ADDRESS		VARCHAR(40),
	S_NATIONKEY		INTEGER NOT NULL, -- references N_NATIONKEY
	S_PHONE			CHAR(15),
	S_ACCTBAL		DECIMAL,
	S_COMMENT		VARCHAR(101)
);
psql:load-1-old.sql:26: NOTICE:  CREATE TABLE will create implicit sequence "supplier_s_suppkey_seq" for serial column "supplier.s_suppkey"
CREATE TABLE
Time: 2.200 ms
CREATE TABLE PARTSUPP (
	PS_PARTKEY		INTEGER NOT NULL, -- references P_PARTKEY
	PS_SUPPKEY		INTEGER NOT NULL, -- references S_SUPPKEY
	PS_AVAILQTY		INTEGER,
	PS_SUPPLYCOST	DECIMAL,
	PS_COMMENT		VARCHAR(199)
);
CREATE TABLE
Time: 1.837 ms
CREATE TABLE CUSTOMER (
	C_CUSTKEY		SERIAL,
	C_NAME			VARCHAR(25),
	C_ADDRESS		VARCHAR(40),
	C_NATIONKEY		INTEGER NOT NULL, -- references N_NATIONKEY
	C_PHONE			CHAR(15),
	C_ACCTBAL		DECIMAL,
	C_MKTSEGMENT	CHAR(10),
	C_COMMENT		VARCHAR(117)
);
psql:load-1-old.sql:45: NOTICE:  CREATE TABLE will create implicit sequence "customer_c_custkey_seq" for serial column "customer.c_custkey"
CREATE TABLE
Time: 2.122 ms
CREATE TABLE ORDERS (
	O_ORDERKEY		SERIAL,
	O_CUSTKEY		INTEGER NOT NULL, -- references C_CUSTKEY
	O_ORDERSTATUS	CHAR(1),
	O_TOTALPRICE	DECIMAL,
	O_ORDERDATE		DATE,
	O_ORDERPRIORITY	CHAR(15),
	O_CLERK			CHAR(15),
	O_SHIPPRIORITY	INTEGER,
	O_COMMENT		VARCHAR(79)
);
psql:load-1-old.sql:57: NOTICE:  CREATE TABLE will create implicit sequence "orders_o_orderkey_seq" for serial column "orders.o_orderkey"
CREATE TABLE
Time: 2.216 ms
CREATE TABLE LINEITEM (
	L_ORDERKEY		INTEGER NOT NULL, -- references O_ORDERKEY
	L_PARTKEY		INTEGER NOT NULL, -- references P_PARTKEY (compound fk to PARTSUPP)
	L_SUPPKEY		INTEGER NOT NULL, -- references S_SUPPKEY (compound fk to PARTSUPP)
	L_LINENUMBER	INTEGER,
	L_QUANTITY		DECIMAL,
	L_EXTENDEDPRICE	DECIMAL,
	L_DISCOUNT		DECIMAL,
	L_TAX			DECIMAL,
	L_RETURNFLAG	CHAR(1),
	L_LINESTATUS	CHAR(1),
	L_SHIPDATE		DATE,
	L_COMMITDATE	DATE,
	L_RECEIPTDATE	DATE,
	L_SHIPINSTRUCT	CHAR(25),
	L_SHIPMODE		CHAR(10),
	L_COMMENT		VARCHAR(44)
);
CREATE TABLE
Time: 1.864 ms
CREATE TABLE NATION (
	N_NATIONKEY		SERIAL,
	N_NAME			CHAR(25),
	N_REGIONKEY		INTEGER NOT NULL,  -- references R_REGIONKEY
	N_COMMENT		VARCHAR(152)
);
psql:load-1-old.sql:83: NOTICE:  CREATE TABLE will create implicit sequence "nation_n_nationkey_seq" for serial column "nation.n_nationkey"
CREATE TABLE
Time: 0.706 ms
CREATE TABLE REGION (
	R_REGIONKEY	SERIAL,
	R_NAME		CHAR(25),
	R_COMMENT	VARCHAR(152)
);
psql:load-1-old.sql:89: NOTICE:  CREATE TABLE will create implicit sequence "region_r_regionkey_seq" for serial column "region.r_regionkey"
CREATE TABLE
Time: 0.743 ms
COPY part FROM '/mnt/data/tpch/1/part.csv' WITH DELIMITER '|' CSV;
COPY 200000
Time: 423.882 ms
COPY region FROM '/mnt/data/tpch/1/region.csv' WITH DELIMITER '|' CSV;
COPY 5
Time: 4.056 ms
COPY nation FROM '/mnt/data/tpch/1/nation.csv' WITH DELIMITER '|' CSV;
COPY 25
Time: 4.200 ms
COPY supplier FROM '/mnt/data/tpch/1/supplier.csv' WITH DELIMITER '|' CSV;
COPY 10000
Time: 30.113 ms
COPY customer FROM '/mnt/data/tpch/1/customer.csv' WITH DELIMITER '|' CSV;
COPY 150000
Time: 354.416 ms
COPY partsupp FROM '/mnt/data/tpch/1/partsupp.csv' WITH DELIMITER '|' CSV;
COPY 800000
Time: 1531.548 ms (00:01.532)
COPY orders FROM '/mnt/data/tpch/1/orders.csv' WITH DELIMITER '|' CSV;
COPY 1500000
Time: 3336.404 ms (00:03.336)
COPY lineitem FROM '/mnt/data/tpch/1/lineitem.csv' WITH DELIMITER '|' CSV;
COPY 6001215
Time: 19075.509 ms (00:19.076)
COMMIT;
COMMIT
Time: 0.648 ms
VACUUM ANALYZE;
VACUUM
Time: 3707.673 ms (00:03.708)
ALTER TABLE PART ADD PRIMARY KEY (P_PARTKEY);
psql:load-1-old.sql:128: NOTICE:  ALTER TABLE / ADD PRIMARY KEY will create implicit index "part_pkey" for table "part"
ALTER TABLE
Time: 63.415 ms
ALTER TABLE SUPPLIER ADD PRIMARY KEY (S_SUPPKEY);
psql:load-1-old.sql:129: NOTICE:  ALTER TABLE / ADD PRIMARY KEY will create implicit index "supplier_pkey" for table "supplier"
ALTER TABLE
Time: 5.311 ms
ALTER TABLE PARTSUPP ADD PRIMARY KEY (PS_PARTKEY, PS_SUPPKEY);
psql:load-1-old.sql:130: NOTICE:  ALTER TABLE / ADD PRIMARY KEY will create implicit index "partsupp_pkey" for table "partsupp"
ALTER TABLE
Time: 686.103 ms
ALTER TABLE CUSTOMER ADD PRIMARY KEY (C_CUSTKEY);
psql:load-1-old.sql:131: NOTICE:  ALTER TABLE / ADD PRIMARY KEY will create implicit index "customer_pkey" for table "customer"
ALTER TABLE
Time: 47.951 ms
ALTER TABLE ORDERS ADD PRIMARY KEY (O_ORDERKEY);
psql:load-1-old.sql:132: NOTICE:  ALTER TABLE / ADD PRIMARY KEY will create implicit index "orders_pkey" for table "orders"
ALTER TABLE
Time: 1186.536 ms (00:01.187)
ALTER TABLE LINEITEM ADD PRIMARY KEY (L_ORDERKEY, L_LINENUMBER);
psql:load-1-old.sql:133: NOTICE:  ALTER TABLE / ADD PRIMARY KEY will create implicit index "lineitem_pkey" for table "lineitem"
ALTER TABLE
Time: 5286.790 ms (00:05.287)
ALTER TABLE NATION ADD PRIMARY KEY (N_NATIONKEY);
psql:load-1-old.sql:134: NOTICE:  ALTER TABLE / ADD PRIMARY KEY will create implicit index "nation_pkey" for table "nation"
ALTER TABLE
Time: 2.125 ms
ALTER TABLE REGION ADD PRIMARY KEY (R_REGIONKEY);
psql:load-1-old.sql:135: NOTICE:  ALTER TABLE / ADD PRIMARY KEY will create implicit index "region_pkey" for table "region"
ALTER TABLE
Time: 1.808 ms
CREATE INDEX IDX_SUPPLIER_NATION_KEY ON SUPPLIER (S_NATIONKEY);
CREATE INDEX
Time: 7.792 ms
CREATE INDEX IDX_PARTSUPP_PARTKEY ON PARTSUPP (PS_PARTKEY);
CREATE INDEX
Time: 561.732 ms
CREATE INDEX IDX_PARTSUPP_SUPPKEY ON PARTSUPP (PS_SUPPKEY);
CREATE INDEX
Time: 725.344 ms
CREATE INDEX IDX_CUSTOMER_NATIONKEY ON CUSTOMER (C_NATIONKEY);
CREATE INDEX
Time: 90.617 ms
CREATE INDEX IDX_ORDERS_CUSTKEY ON ORDERS (O_CUSTKEY);
CREATE INDEX
Time: 1397.067 ms (00:01.397)
CREATE INDEX IDX_LINEITEM_ORDERKEY ON LINEITEM (L_ORDERKEY);
CREATE INDEX
Time: 4528.958 ms (00:04.529)
CREATE INDEX IDX_LINEITEM_PART_SUPP ON LINEITEM (L_PARTKEY,L_SUPPKEY);
CREATE INDEX
Time: 6985.861 ms (00:06.986)
CREATE INDEX IDX_NATION_REGIONKEY ON NATION (N_REGIONKEY);
CREATE INDEX
Time: 2.032 ms
CREATE INDEX IDX_LINEITEM_SHIPDATE ON LINEITEM (L_SHIPDATE, L_DISCOUNT, L_QUANTITY);
CREATE INDEX
Time: 15403.205 ms (00:15.403)
CREATE INDEX IDX_ORDERS_ORDERDATE ON ORDERS (O_ORDERDATE);
CREATE INDEX
Time: 1446.037 ms (00:01.446)
VACUUM FREEZE;
VACUUM
Time: 13032.856 ms (00:13.033)
VACUUM ANALYZE;
VACUUM
Time: 2612.405 ms (00:02.612)
