pgbench (18devel)
progress: 1.0 s, 2082.8 tps, lat 57.488 ms stddev 30.504, 0 failed
progress: 2.0 s, 2276.0 tps, lat 56.378 ms stddev 19.821, 0 failed
progress: 3.0 s, 2206.0 tps, lat 57.684 ms stddev 20.340, 0 failed
progress: 4.0 s, 2194.0 tps, lat 58.569 ms stddev 19.975, 0 failed
progress: 5.0 s, 2192.0 tps, lat 58.382 ms stddev 20.019, 0 failed
progress: 6.0 s, 2196.0 tps, lat 58.498 ms stddev 20.186, 0 failed
progress: 7.0 s, 2177.0 tps, lat 58.504 ms stddev 19.274, 0 failed
progress: 8.0 s, 2186.0 tps, lat 58.458 ms stddev 19.488, 0 failed
progress: 9.0 s, 2197.0 tps, lat 58.514 ms stddev 18.940, 0 failed
progress: 10.0 s, 2189.0 tps, lat 58.506 ms stddev 19.143, 0 failed
progress: 11.0 s, 2184.0 tps, lat 58.466 ms stddev 18.753, 0 failed
progress: 12.0 s, 2187.0 tps, lat 58.535 ms stddev 18.297, 0 failed
progress: 13.0 s, 2187.0 tps, lat 58.544 ms stddev 18.839, 0 failed
progress: 14.0 s, 2185.0 tps, lat 58.619 ms stddev 18.429, 0 failed
progress: 15.0 s, 2185.0 tps, lat 58.625 ms stddev 18.300, 0 failed
progress: 16.0 s, 2183.0 tps, lat 58.716 ms stddev 18.482, 0 failed
progress: 17.0 s, 2174.9 tps, lat 58.699 ms stddev 18.786, 0 failed
progress: 18.0 s, 2184.9 tps, lat 58.725 ms stddev 18.198, 0 failed
progress: 19.0 s, 2185.2 tps, lat 58.697 ms stddev 18.388, 0 failed
progress: 20.0 s, 2173.8 tps, lat 58.661 ms stddev 17.947, 0 failed
progress: 21.0 s, 2184.2 tps, lat 58.687 ms stddev 17.396, 0 failed
progress: 22.0 s, 2182.0 tps, lat 58.653 ms stddev 17.686, 0 failed
progress: 23.0 s, 2181.4 tps, lat 58.649 ms stddev 17.316, 0 failed
progress: 24.0 s, 2178.3 tps, lat 58.822 ms stddev 17.071, 0 failed
progress: 25.0 s, 2178.2 tps, lat 58.708 ms stddev 17.291, 0 failed
progress: 26.0 s, 2180.8 tps, lat 58.677 ms stddev 17.442, 0 failed
progress: 27.0 s, 2183.0 tps, lat 58.644 ms stddev 17.976, 0 failed
progress: 28.0 s, 2184.3 tps, lat 58.661 ms stddev 17.923, 0 failed
progress: 29.0 s, 2180.0 tps, lat 58.727 ms stddev 18.050, 0 failed
progress: 30.0 s, 2178.0 tps, lat 58.683 ms stddev 17.563, 0 failed
progress: 31.0 s, 2181.0 tps, lat 58.724 ms stddev 17.717, 0 failed
progress: 32.0 s, 2181.8 tps, lat 58.667 ms stddev 17.497, 0 failed
progress: 33.0 s, 2180.2 tps, lat 58.660 ms stddev 17.288, 0 failed
progress: 34.0 s, 2177.8 tps, lat 58.782 ms stddev 17.542, 0 failed
progress: 35.0 s, 2181.3 tps, lat 58.751 ms stddev 17.427, 0 failed
progress: 36.0 s, 2178.8 tps, lat 58.682 ms stddev 17.264, 0 failed
progress: 37.0 s, 2173.2 tps, lat 58.819 ms stddev 16.838, 0 failed
progress: 38.0 s, 2182.1 tps, lat 58.781 ms stddev 16.659, 0 failed
progress: 39.0 s, 2178.0 tps, lat 58.760 ms stddev 17.073, 0 failed
progress: 40.0 s, 2168.8 tps, lat 58.826 ms stddev 16.817, 0 failed
progress: 41.0 s, 2176.2 tps, lat 58.728 ms stddev 16.996, 0 failed
progress: 42.0 s, 2182.0 tps, lat 58.739 ms stddev 17.316, 0 failed
progress: 43.0 s, 2181.0 tps, lat 58.815 ms stddev 16.980, 0 failed
progress: 44.0 s, 2179.0 tps, lat 58.793 ms stddev 17.224, 0 failed
progress: 45.0 s, 2169.8 tps, lat 58.938 ms stddev 16.966, 0 failed
progress: 46.0 s, 2180.0 tps, lat 58.877 ms stddev 17.134, 0 failed
progress: 47.0 s, 2170.2 tps, lat 58.830 ms stddev 17.174, 0 failed
progress: 48.0 s, 2176.8 tps, lat 58.855 ms stddev 16.854, 0 failed
progress: 49.0 s, 2173.2 tps, lat 58.867 ms stddev 16.735, 0 failed
progress: 50.0 s, 2177.9 tps, lat 58.833 ms stddev 16.831, 0 failed
progress: 51.0 s, 2172.1 tps, lat 58.919 ms stddev 16.832, 0 failed
progress: 52.0 s, 2172.0 tps, lat 58.799 ms stddev 16.310, 0 failed
progress: 53.0 s, 2175.8 tps, lat 59.010 ms stddev 15.954, 0 failed
progress: 54.0 s, 2170.0 tps, lat 58.924 ms stddev 16.668, 0 failed
progress: 55.0 s, 2167.0 tps, lat 58.945 ms stddev 17.192, 0 failed
progress: 56.0 s, 2174.0 tps, lat 58.991 ms stddev 16.823, 0 failed
progress: 57.0 s, 2168.2 tps, lat 58.954 ms stddev 16.555, 0 failed
progress: 58.0 s, 2169.0 tps, lat 58.965 ms stddev 16.389, 0 failed
progress: 59.0 s, 2176.0 tps, lat 58.961 ms stddev 16.613, 0 failed
transaction type: star-1.sql
scaling factor: 1
query mode: simple
number of clients: 128
number of threads: 128
maximum number of tries: 1
duration: 60 s
number of transactions actually processed: 130815
number of failed transactions: 0 (0.000%)
latency average = 58.652 ms
latency stddev = 18.034 ms
initial connection time = 81.255 ms
tps = 2181.464203 (without initial connection time)
