pgbench (18devel, server 11.22)
progress: 1.0 s, 7978.9 tps, lat 0.125 ms stddev 0.393, 0 failed
progress: 2.0 s, 9117.7 tps, lat 0.110 ms stddev 0.004, 0 failed
progress: 3.0 s, 9142.4 tps, lat 0.109 ms stddev 0.004, 0 failed
progress: 4.0 s, 9247.6 tps, lat 0.108 ms stddev 0.004, 0 failed
progress: 5.0 s, 9397.9 tps, lat 0.106 ms stddev 0.005, 0 failed
progress: 6.0 s, 9134.5 tps, lat 0.109 ms stddev 0.005, 0 failed
progress: 7.0 s, 8950.7 tps, lat 0.112 ms stddev 0.005, 0 failed
progress: 8.0 s, 9042.9 tps, lat 0.111 ms stddev 0.005, 0 failed
progress: 9.0 s, 9185.4 tps, lat 0.109 ms stddev 0.005, 0 failed
progress: 10.0 s, 9073.9 tps, lat 0.110 ms stddev 0.004, 0 failed
progress: 11.0 s, 9251.0 tps, lat 0.108 ms stddev 0.003, 0 failed
progress: 12.0 s, 9508.0 tps, lat 0.105 ms stddev 0.004, 0 failed
progress: 13.0 s, 9203.6 tps, lat 0.109 ms stddev 0.004, 0 failed
progress: 14.0 s, 9233.0 tps, lat 0.108 ms stddev 0.002, 0 failed
progress: 15.0 s, 9194.2 tps, lat 0.109 ms stddev 0.003, 0 failed
progress: 16.0 s, 9512.8 tps, lat 0.105 ms stddev 0.002, 0 failed
progress: 17.0 s, 9540.1 tps, lat 0.105 ms stddev 0.003, 0 failed
progress: 18.0 s, 9271.9 tps, lat 0.108 ms stddev 0.005, 0 failed
progress: 19.0 s, 9166.0 tps, lat 0.109 ms stddev 0.004, 0 failed
progress: 20.0 s, 9284.4 tps, lat 0.108 ms stddev 0.004, 0 failed
progress: 21.0 s, 9236.9 tps, lat 0.108 ms stddev 0.003, 0 failed
progress: 22.0 s, 9219.1 tps, lat 0.108 ms stddev 0.003, 0 failed
progress: 23.0 s, 9220.9 tps, lat 0.108 ms stddev 0.003, 0 failed
progress: 24.0 s, 9243.1 tps, lat 0.108 ms stddev 0.003, 0 failed
progress: 25.0 s, 9144.6 tps, lat 0.109 ms stddev 0.004, 0 failed
progress: 26.0 s, 9189.0 tps, lat 0.109 ms stddev 0.003, 0 failed
progress: 27.0 s, 9169.0 tps, lat 0.109 ms stddev 0.003, 0 failed
progress: 28.0 s, 9213.4 tps, lat 0.108 ms stddev 0.003, 0 failed
progress: 29.0 s, 9266.1 tps, lat 0.108 ms stddev 0.003, 0 failed
progress: 30.0 s, 9177.6 tps, lat 0.109 ms stddev 0.004, 0 failed
progress: 31.0 s, 9134.0 tps, lat 0.109 ms stddev 0.003, 0 failed
progress: 32.0 s, 9234.0 tps, lat 0.108 ms stddev 0.004, 0 failed
progress: 33.0 s, 9228.2 tps, lat 0.108 ms stddev 0.003, 0 failed
progress: 34.0 s, 9277.9 tps, lat 0.108 ms stddev 0.002, 0 failed
progress: 35.0 s, 9148.0 tps, lat 0.109 ms stddev 0.004, 0 failed
progress: 36.0 s, 9207.0 tps, lat 0.109 ms stddev 0.003, 0 failed
progress: 37.0 s, 9137.0 tps, lat 0.109 ms stddev 0.004, 0 failed
progress: 38.0 s, 9136.1 tps, lat 0.109 ms stddev 0.003, 0 failed
progress: 39.0 s, 9272.2 tps, lat 0.108 ms stddev 0.002, 0 failed
progress: 40.0 s, 9187.2 tps, lat 0.109 ms stddev 0.005, 0 failed
progress: 41.0 s, 9268.6 tps, lat 0.108 ms stddev 0.003, 0 failed
progress: 42.0 s, 9162.0 tps, lat 0.109 ms stddev 0.004, 0 failed
progress: 43.0 s, 9266.0 tps, lat 0.108 ms stddev 0.003, 0 failed
progress: 44.0 s, 9207.5 tps, lat 0.109 ms stddev 0.005, 0 failed
progress: 45.0 s, 9016.5 tps, lat 0.111 ms stddev 0.004, 0 failed
progress: 46.0 s, 9202.2 tps, lat 0.109 ms stddev 0.004, 0 failed
progress: 47.0 s, 9228.2 tps, lat 0.108 ms stddev 0.004, 0 failed
progress: 48.0 s, 9241.5 tps, lat 0.108 ms stddev 0.004, 0 failed
progress: 49.0 s, 9177.4 tps, lat 0.109 ms stddev 0.003, 0 failed
progress: 50.0 s, 9167.0 tps, lat 0.109 ms stddev 0.003, 0 failed
progress: 51.0 s, 9074.5 tps, lat 0.110 ms stddev 0.004, 0 failed
progress: 52.0 s, 9248.2 tps, lat 0.108 ms stddev 0.004, 0 failed
progress: 53.0 s, 9260.1 tps, lat 0.108 ms stddev 0.003, 0 failed
progress: 54.0 s, 9188.6 tps, lat 0.109 ms stddev 0.003, 0 failed
progress: 55.0 s, 9190.0 tps, lat 0.109 ms stddev 0.003, 0 failed
progress: 56.0 s, 9221.1 tps, lat 0.108 ms stddev 0.003, 0 failed
progress: 57.0 s, 9145.2 tps, lat 0.109 ms stddev 0.004, 0 failed
progress: 58.0 s, 9246.6 tps, lat 0.108 ms stddev 0.003, 0 failed
progress: 59.0 s, 9201.0 tps, lat 0.109 ms stddev 0.003, 0 failed
progress: 60.0 s, 9225.4 tps, lat 0.108 ms stddev 0.003, 0 failed
transaction type: star-1.sql
scaling factor: 1
query mode: prepared
number of clients: 1
number of threads: 1
maximum number of tries: 1
duration: 60 s
number of transactions actually processed: 551417
number of failed transactions: 0 (0.000%)
latency average = 0.109 ms
latency stddev = 0.047 ms
initial connection time = 1.870 ms
tps = 9190.562267 (without initial connection time)
