pgbench (18devel, server 11.22)
progress: 1.0 s, 97368.7 tps, lat 0.163 ms stddev 0.659, 0 failed
progress: 2.0 s, 112314.3 tps, lat 0.142 ms stddev 0.011, 0 failed
progress: 3.0 s, 112179.3 tps, lat 0.143 ms stddev 0.014, 0 failed
progress: 4.0 s, 114733.8 tps, lat 0.139 ms stddev 0.009, 0 failed
progress: 5.0 s, 114789.8 tps, lat 0.139 ms stddev 0.009, 0 failed
progress: 6.0 s, 114563.6 tps, lat 0.140 ms stddev 0.010, 0 failed
progress: 7.0 s, 114116.0 tps, lat 0.140 ms stddev 0.012, 0 failed
progress: 8.0 s, 115490.8 tps, lat 0.138 ms stddev 0.010, 0 failed
progress: 9.0 s, 115984.3 tps, lat 0.138 ms stddev 0.009, 0 failed
progress: 10.0 s, 114508.7 tps, lat 0.140 ms stddev 0.017, 0 failed
progress: 11.0 s, 114526.1 tps, lat 0.140 ms stddev 0.009, 0 failed
progress: 12.0 s, 115447.0 tps, lat 0.138 ms stddev 0.010, 0 failed
progress: 13.0 s, 114264.1 tps, lat 0.140 ms stddev 0.010, 0 failed
progress: 14.0 s, 114647.7 tps, lat 0.139 ms stddev 0.009, 0 failed
progress: 15.0 s, 115128.1 tps, lat 0.139 ms stddev 0.010, 0 failed
progress: 16.0 s, 115528.2 tps, lat 0.138 ms stddev 0.008, 0 failed
progress: 17.0 s, 114906.7 tps, lat 0.139 ms stddev 0.009, 0 failed
progress: 18.0 s, 115038.3 tps, lat 0.139 ms stddev 0.009, 0 failed
progress: 19.0 s, 115162.4 tps, lat 0.139 ms stddev 0.008, 0 failed
progress: 20.0 s, 115564.4 tps, lat 0.138 ms stddev 0.009, 0 failed
progress: 21.0 s, 115417.3 tps, lat 0.139 ms stddev 0.009, 0 failed
progress: 22.0 s, 115799.8 tps, lat 0.138 ms stddev 0.009, 0 failed
progress: 23.0 s, 115932.8 tps, lat 0.138 ms stddev 0.008, 0 failed
progress: 24.0 s, 116010.3 tps, lat 0.138 ms stddev 0.008, 0 failed
progress: 25.0 s, 115433.0 tps, lat 0.138 ms stddev 0.009, 0 failed
progress: 26.0 s, 115305.2 tps, lat 0.139 ms stddev 0.009, 0 failed
progress: 27.0 s, 115413.6 tps, lat 0.139 ms stddev 0.009, 0 failed
progress: 28.0 s, 115868.3 tps, lat 0.138 ms stddev 0.009, 0 failed
progress: 29.0 s, 116086.0 tps, lat 0.138 ms stddev 0.009, 0 failed
progress: 30.0 s, 116160.9 tps, lat 0.138 ms stddev 0.009, 0 failed
progress: 31.0 s, 114393.0 tps, lat 0.140 ms stddev 0.013, 0 failed
progress: 32.0 s, 115795.2 tps, lat 0.138 ms stddev 0.011, 0 failed
progress: 33.0 s, 115680.8 tps, lat 0.138 ms stddev 0.008, 0 failed
progress: 34.0 s, 115570.0 tps, lat 0.138 ms stddev 0.008, 0 failed
progress: 35.0 s, 115450.1 tps, lat 0.138 ms stddev 0.008, 0 failed
progress: 36.0 s, 115907.5 tps, lat 0.138 ms stddev 0.015, 0 failed
progress: 37.0 s, 116458.0 tps, lat 0.137 ms stddev 0.008, 0 failed
progress: 38.0 s, 115941.0 tps, lat 0.138 ms stddev 0.009, 0 failed
progress: 39.0 s, 115577.4 tps, lat 0.138 ms stddev 0.009, 0 failed
progress: 40.0 s, 116016.7 tps, lat 0.138 ms stddev 0.016, 0 failed
progress: 41.0 s, 116325.2 tps, lat 0.137 ms stddev 0.008, 0 failed
progress: 42.0 s, 115780.1 tps, lat 0.138 ms stddev 0.008, 0 failed
progress: 43.0 s, 115683.9 tps, lat 0.138 ms stddev 0.008, 0 failed
progress: 44.0 s, 116014.1 tps, lat 0.138 ms stddev 0.008, 0 failed
progress: 45.0 s, 115579.9 tps, lat 0.138 ms stddev 0.009, 0 failed
progress: 46.0 s, 115285.0 tps, lat 0.139 ms stddev 0.009, 0 failed
progress: 47.0 s, 115555.9 tps, lat 0.138 ms stddev 0.010, 0 failed
progress: 48.0 s, 114711.0 tps, lat 0.139 ms stddev 0.009, 0 failed
progress: 49.0 s, 115782.1 tps, lat 0.138 ms stddev 0.008, 0 failed
progress: 50.0 s, 115574.1 tps, lat 0.138 ms stddev 0.008, 0 failed
progress: 51.0 s, 115301.9 tps, lat 0.139 ms stddev 0.008, 0 failed
progress: 52.0 s, 116239.1 tps, lat 0.138 ms stddev 0.008, 0 failed
progress: 53.0 s, 116031.7 tps, lat 0.138 ms stddev 0.008, 0 failed
progress: 54.0 s, 114953.3 tps, lat 0.139 ms stddev 0.009, 0 failed
progress: 55.0 s, 112730.0 tps, lat 0.142 ms stddev 0.010, 0 failed
progress: 56.0 s, 115185.4 tps, lat 0.139 ms stddev 0.009, 0 failed
progress: 57.0 s, 115992.5 tps, lat 0.138 ms stddev 0.008, 0 failed
progress: 58.0 s, 114552.8 tps, lat 0.140 ms stddev 0.012, 0 failed
progress: 59.0 s, 116143.2 tps, lat 0.138 ms stddev 0.008, 0 failed
transaction type: star-1.sql
scaling factor: 1
query mode: prepared
number of clients: 16
number of threads: 16
maximum number of tries: 1
duration: 60 s
number of transactions actually processed: 6899152
number of failed transactions: 0 (0.000%)
latency average = 0.139 ms
latency stddev = 0.079 ms
initial connection time = 11.596 ms
tps = 115007.465069 (without initial connection time)
