pgbench (18devel, server 8.3.23)
progress: 1.0 s, 1976.9 tps, lat 0.505 ms stddev 0.054, 0 failed
progress: 2.0 s, 1984.1 tps, lat 0.504 ms stddev 0.022, 0 failed
progress: 3.0 s, 1995.9 tps, lat 0.501 ms stddev 0.018, 0 failed
progress: 4.0 s, 1988.0 tps, lat 0.503 ms stddev 0.021, 0 failed
progress: 5.0 s, 1995.1 tps, lat 0.501 ms stddev 0.017, 0 failed
progress: 6.0 s, 1992.9 tps, lat 0.501 ms stddev 0.019, 0 failed
progress: 7.0 s, 1992.0 tps, lat 0.502 ms stddev 0.018, 0 failed
progress: 8.0 s, 1988.0 tps, lat 0.503 ms stddev 0.019, 0 failed
progress: 9.0 s, 1988.1 tps, lat 0.503 ms stddev 0.019, 0 failed
progress: 10.0 s, 1987.9 tps, lat 0.503 ms stddev 0.017, 0 failed
progress: 11.0 s, 2003.0 tps, lat 0.499 ms stddev 0.019, 0 failed
progress: 12.0 s, 1995.0 tps, lat 0.501 ms stddev 0.022, 0 failed
progress: 13.0 s, 1993.0 tps, lat 0.501 ms stddev 0.020, 0 failed
progress: 14.0 s, 1986.0 tps, lat 0.503 ms stddev 0.020, 0 failed
progress: 15.0 s, 1993.0 tps, lat 0.501 ms stddev 0.018, 0 failed
progress: 16.0 s, 1986.0 tps, lat 0.503 ms stddev 0.019, 0 failed
progress: 17.0 s, 1995.1 tps, lat 0.501 ms stddev 0.016, 0 failed
progress: 18.0 s, 1990.9 tps, lat 0.502 ms stddev 0.018, 0 failed
progress: 19.0 s, 2012.0 tps, lat 0.497 ms stddev 0.020, 0 failed
progress: 20.0 s, 1997.0 tps, lat 0.500 ms stddev 0.017, 0 failed
progress: 21.0 s, 1997.0 tps, lat 0.500 ms stddev 0.015, 0 failed
progress: 22.0 s, 1997.0 tps, lat 0.500 ms stddev 0.018, 0 failed
progress: 23.0 s, 2013.0 tps, lat 0.496 ms stddev 0.018, 0 failed
progress: 24.0 s, 2005.0 tps, lat 0.498 ms stddev 0.019, 0 failed
progress: 25.0 s, 2002.0 tps, lat 0.499 ms stddev 0.013, 0 failed
progress: 26.0 s, 1992.0 tps, lat 0.502 ms stddev 0.020, 0 failed
progress: 27.0 s, 2000.0 tps, lat 0.500 ms stddev 0.018, 0 failed
progress: 28.0 s, 2009.0 tps, lat 0.497 ms stddev 0.018, 0 failed
progress: 29.0 s, 2001.0 tps, lat 0.499 ms stddev 0.012, 0 failed
progress: 30.0 s, 1996.0 tps, lat 0.501 ms stddev 0.018, 0 failed
progress: 31.0 s, 2000.0 tps, lat 0.500 ms stddev 0.018, 0 failed
progress: 32.0 s, 2001.1 tps, lat 0.499 ms stddev 0.018, 0 failed
progress: 33.0 s, 1996.9 tps, lat 0.500 ms stddev 0.014, 0 failed
progress: 34.0 s, 2022.0 tps, lat 0.494 ms stddev 0.020, 0 failed
progress: 35.0 s, 2056.0 tps, lat 0.486 ms stddev 0.019, 0 failed
progress: 36.0 s, 2042.0 tps, lat 0.489 ms stddev 0.022, 0 failed
progress: 37.0 s, 2018.0 tps, lat 0.495 ms stddev 0.017, 0 failed
progress: 38.0 s, 2015.0 tps, lat 0.496 ms stddev 0.018, 0 failed
progress: 39.0 s, 2040.0 tps, lat 0.490 ms stddev 0.020, 0 failed
progress: 40.0 s, 2054.0 tps, lat 0.486 ms stddev 0.020, 0 failed
progress: 41.0 s, 2058.0 tps, lat 0.486 ms stddev 0.020, 0 failed
progress: 42.0 s, 2015.0 tps, lat 0.496 ms stddev 0.018, 0 failed
progress: 43.0 s, 2063.0 tps, lat 0.484 ms stddev 0.020, 0 failed
progress: 44.0 s, 2022.0 tps, lat 0.494 ms stddev 0.018, 0 failed
progress: 45.0 s, 2040.0 tps, lat 0.490 ms stddev 0.019, 0 failed
progress: 46.0 s, 2033.0 tps, lat 0.492 ms stddev 0.019, 0 failed
progress: 47.0 s, 2057.0 tps, lat 0.486 ms stddev 0.019, 0 failed
progress: 48.0 s, 2048.0 tps, lat 0.488 ms stddev 0.021, 0 failed
progress: 49.0 s, 2038.0 tps, lat 0.490 ms stddev 0.019, 0 failed
progress: 50.0 s, 2033.0 tps, lat 0.492 ms stddev 0.020, 0 failed
progress: 51.0 s, 2063.0 tps, lat 0.484 ms stddev 0.019, 0 failed
progress: 52.0 s, 2057.0 tps, lat 0.486 ms stddev 0.020, 0 failed
progress: 53.0 s, 2047.0 tps, lat 0.488 ms stddev 0.021, 0 failed
progress: 54.0 s, 2057.0 tps, lat 0.486 ms stddev 0.020, 0 failed
progress: 55.0 s, 2064.0 tps, lat 0.484 ms stddev 0.019, 0 failed
progress: 56.0 s, 2026.0 tps, lat 0.493 ms stddev 0.022, 0 failed
progress: 57.0 s, 2015.0 tps, lat 0.496 ms stddev 0.019, 0 failed
progress: 58.0 s, 2018.0 tps, lat 0.495 ms stddev 0.021, 0 failed
progress: 59.0 s, 2019.0 tps, lat 0.495 ms stddev 0.018, 0 failed
progress: 60.0 s, 2018.1 tps, lat 0.495 ms stddev 0.020, 0 failed
transaction type: star-1.sql
scaling factor: 1
query mode: simple
number of clients: 1
number of threads: 1
maximum number of tries: 1
duration: 60 s
number of transactions actually processed: 120889
number of failed transactions: 0 (0.000%)
latency average = 0.496 ms
latency stddev = 0.021 ms
initial connection time = 1.552 ms
tps = 2014.857065 (without initial connection time)
