pgbench (18devel, server 8.3.23)
progress: 1.0 s, 3866.4 tps, lat 16.167 ms stddev 10.370, 0 failed
progress: 2.0 s, 4053.2 tps, lat 15.810 ms stddev 4.936, 0 failed
progress: 3.0 s, 4097.0 tps, lat 15.616 ms stddev 4.910, 0 failed
progress: 4.0 s, 4020.1 tps, lat 15.903 ms stddev 4.972, 0 failed
progress: 5.0 s, 4117.0 tps, lat 15.574 ms stddev 4.978, 0 failed
progress: 6.0 s, 4036.9 tps, lat 15.837 ms stddev 4.764, 0 failed
progress: 7.0 s, 4092.2 tps, lat 15.643 ms stddev 4.783, 0 failed
progress: 8.0 s, 4026.7 tps, lat 15.883 ms stddev 5.059, 0 failed
progress: 9.0 s, 4003.4 tps, lat 15.978 ms stddev 5.038, 0 failed
progress: 10.0 s, 4034.8 tps, lat 15.860 ms stddev 5.076, 0 failed
progress: 11.0 s, 4045.0 tps, lat 15.839 ms stddev 5.055, 0 failed
progress: 12.0 s, 3990.0 tps, lat 16.032 ms stddev 4.920, 0 failed
progress: 13.0 s, 4008.1 tps, lat 15.980 ms stddev 5.182, 0 failed
progress: 14.0 s, 4042.0 tps, lat 15.824 ms stddev 4.971, 0 failed
progress: 15.0 s, 3940.0 tps, lat 16.217 ms stddev 5.269, 0 failed
progress: 16.0 s, 3839.1 tps, lat 16.693 ms stddev 5.376, 0 failed
progress: 17.0 s, 3823.9 tps, lat 16.724 ms stddev 5.710, 0 failed
progress: 18.0 s, 3856.9 tps, lat 16.599 ms stddev 5.675, 0 failed
progress: 19.0 s, 3859.1 tps, lat 16.589 ms stddev 5.430, 0 failed
progress: 20.0 s, 3822.0 tps, lat 16.750 ms stddev 5.669, 0 failed
progress: 21.0 s, 3842.0 tps, lat 16.662 ms stddev 5.458, 0 failed
progress: 22.0 s, 3833.8 tps, lat 16.677 ms stddev 5.337, 0 failed
progress: 23.0 s, 3782.0 tps, lat 16.915 ms stddev 5.608, 0 failed
progress: 24.0 s, 3852.2 tps, lat 16.636 ms stddev 5.308, 0 failed
progress: 25.0 s, 3854.8 tps, lat 16.604 ms stddev 5.442, 0 failed
progress: 26.0 s, 4110.1 tps, lat 15.548 ms stddev 5.353, 0 failed
progress: 27.0 s, 4020.1 tps, lat 15.934 ms stddev 4.968, 0 failed
progress: 28.0 s, 4061.0 tps, lat 15.738 ms stddev 5.146, 0 failed
progress: 29.0 s, 4115.8 tps, lat 15.563 ms stddev 4.985, 0 failed
progress: 30.0 s, 4049.2 tps, lat 15.820 ms stddev 4.835, 0 failed
progress: 31.0 s, 4082.1 tps, lat 15.668 ms stddev 5.128, 0 failed
progress: 32.0 s, 3978.8 tps, lat 16.046 ms stddev 5.134, 0 failed
progress: 33.0 s, 3945.8 tps, lat 16.243 ms stddev 4.834, 0 failed
progress: 34.0 s, 4005.4 tps, lat 15.983 ms stddev 4.825, 0 failed
progress: 35.0 s, 4037.7 tps, lat 15.856 ms stddev 5.008, 0 failed
progress: 36.0 s, 4045.1 tps, lat 15.823 ms stddev 5.032, 0 failed
progress: 37.0 s, 4073.2 tps, lat 15.683 ms stddev 4.836, 0 failed
progress: 38.0 s, 4062.8 tps, lat 15.785 ms stddev 5.216, 0 failed
progress: 39.0 s, 4089.0 tps, lat 15.647 ms stddev 4.804, 0 failed
progress: 40.0 s, 4029.1 tps, lat 15.880 ms stddev 5.265, 0 failed
progress: 41.0 s, 4061.9 tps, lat 15.762 ms stddev 5.041, 0 failed
progress: 42.0 s, 4047.0 tps, lat 15.806 ms stddev 5.101, 0 failed
progress: 43.0 s, 4062.2 tps, lat 15.747 ms stddev 4.988, 0 failed
progress: 44.0 s, 4081.8 tps, lat 15.681 ms stddev 5.028, 0 failed
progress: 45.0 s, 4010.9 tps, lat 15.938 ms stddev 4.992, 0 failed
progress: 46.0 s, 3890.2 tps, lat 16.468 ms stddev 5.590, 0 failed
progress: 47.0 s, 4127.8 tps, lat 15.499 ms stddev 5.502, 0 failed
progress: 48.0 s, 4085.7 tps, lat 15.688 ms stddev 4.752, 0 failed
progress: 49.0 s, 4075.5 tps, lat 15.680 ms stddev 4.860, 0 failed
progress: 50.0 s, 4116.1 tps, lat 15.541 ms stddev 4.886, 0 failed
progress: 51.0 s, 4038.8 tps, lat 15.873 ms stddev 4.871, 0 failed
progress: 52.0 s, 4030.0 tps, lat 15.870 ms stddev 4.712, 0 failed
progress: 53.0 s, 4007.9 tps, lat 15.944 ms stddev 4.685, 0 failed
progress: 54.0 s, 4034.2 tps, lat 15.874 ms stddev 5.116, 0 failed
progress: 55.0 s, 4063.0 tps, lat 15.759 ms stddev 5.056, 0 failed
progress: 56.0 s, 4047.0 tps, lat 15.830 ms stddev 4.966, 0 failed
progress: 57.0 s, 4085.0 tps, lat 15.668 ms stddev 5.134, 0 failed
progress: 58.0 s, 4074.0 tps, lat 15.679 ms stddev 5.120, 0 failed
progress: 59.0 s, 4022.1 tps, lat 15.933 ms stddev 4.779, 0 failed
transaction type: star-1.sql
scaling factor: 1
query mode: simple
number of clients: 64
number of threads: 64
maximum number of tries: 1
duration: 60 s
number of transactions actually processed: 240346
number of failed transactions: 0 (0.000%)
latency average = 15.967 ms
latency stddev = 5.237 ms
initial connection time = 39.575 ms
tps = 4007.913105 (without initial connection time)
