pgbench (18devel, server 9.0.23)
progress: 1.0 s, 60.0 tps, lat 16.487 ms stddev 0.720, 0 failed
progress: 2.0 s, 61.0 tps, lat 16.333 ms stddev 0.299, 0 failed
progress: 3.0 s, 62.0 tps, lat 16.301 ms stddev 0.060, 0 failed
progress: 4.0 s, 61.0 tps, lat 16.283 ms stddev 0.025, 0 failed
progress: 5.0 s, 61.0 tps, lat 16.291 ms stddev 0.046, 0 failed
progress: 6.0 s, 62.0 tps, lat 16.314 ms stddev 0.278, 0 failed
progress: 7.0 s, 61.0 tps, lat 16.308 ms stddev 0.296, 0 failed
progress: 8.0 s, 61.0 tps, lat 16.318 ms stddev 0.262, 0 failed
progress: 9.0 s, 62.0 tps, lat 16.298 ms stddev 0.056, 0 failed
progress: 10.0 s, 61.0 tps, lat 16.309 ms stddev 0.279, 0 failed
progress: 11.0 s, 61.0 tps, lat 16.268 ms stddev 0.016, 0 failed
progress: 12.0 s, 62.0 tps, lat 16.313 ms stddev 0.292, 0 failed
progress: 13.0 s, 61.0 tps, lat 16.307 ms stddev 0.145, 0 failed
progress: 14.0 s, 61.0 tps, lat 16.278 ms stddev 0.075, 0 failed
progress: 15.0 s, 62.0 tps, lat 16.304 ms stddev 0.085, 0 failed
progress: 16.0 s, 61.0 tps, lat 16.277 ms stddev 0.030, 0 failed
progress: 17.0 s, 62.0 tps, lat 16.282 ms stddev 0.042, 0 failed
progress: 18.0 s, 61.0 tps, lat 16.274 ms stddev 0.027, 0 failed
progress: 19.0 s, 61.0 tps, lat 16.323 ms stddev 0.127, 0 failed
progress: 20.0 s, 62.0 tps, lat 16.272 ms stddev 0.025, 0 failed
progress: 21.0 s, 61.0 tps, lat 16.280 ms stddev 0.042, 0 failed
progress: 22.0 s, 62.0 tps, lat 16.274 ms stddev 0.030, 0 failed
progress: 23.0 s, 61.0 tps, lat 16.312 ms stddev 0.296, 0 failed
progress: 24.0 s, 61.0 tps, lat 16.275 ms stddev 0.030, 0 failed
progress: 25.0 s, 62.0 tps, lat 16.280 ms stddev 0.048, 0 failed
progress: 26.0 s, 61.0 tps, lat 16.271 ms stddev 0.030, 0 failed
progress: 27.0 s, 62.0 tps, lat 16.272 ms stddev 0.019, 0 failed
progress: 28.0 s, 61.0 tps, lat 16.273 ms stddev 0.026, 0 failed
progress: 29.0 s, 62.0 tps, lat 16.317 ms stddev 0.104, 0 failed
progress: 30.0 s, 61.0 tps, lat 16.301 ms stddev 0.106, 0 failed
progress: 31.0 s, 61.0 tps, lat 16.271 ms stddev 0.022, 0 failed
progress: 32.0 s, 62.0 tps, lat 16.275 ms stddev 0.026, 0 failed
progress: 33.0 s, 61.0 tps, lat 16.278 ms stddev 0.046, 0 failed
progress: 34.0 s, 62.0 tps, lat 16.274 ms stddev 0.028, 0 failed
progress: 35.0 s, 61.0 tps, lat 16.273 ms stddev 0.019, 0 failed
progress: 36.0 s, 61.0 tps, lat 16.330 ms stddev 0.282, 0 failed
progress: 37.0 s, 62.0 tps, lat 16.316 ms stddev 0.299, 0 failed
progress: 38.0 s, 61.0 tps, lat 16.306 ms stddev 0.096, 0 failed
progress: 39.0 s, 61.0 tps, lat 16.291 ms stddev 0.143, 0 failed
progress: 40.0 s, 62.0 tps, lat 16.300 ms stddev 0.095, 0 failed
progress: 41.0 s, 61.0 tps, lat 16.302 ms stddev 0.094, 0 failed
progress: 42.0 s, 61.0 tps, lat 16.349 ms stddev 0.284, 0 failed
progress: 43.0 s, 62.0 tps, lat 16.280 ms stddev 0.058, 0 failed
progress: 44.0 s, 61.0 tps, lat 16.381 ms stddev 0.432, 0 failed
progress: 45.0 s, 61.0 tps, lat 16.298 ms stddev 0.091, 0 failed
progress: 46.0 s, 61.0 tps, lat 16.272 ms stddev 0.032, 0 failed
progress: 47.0 s, 62.0 tps, lat 16.265 ms stddev 0.017, 0 failed
progress: 48.0 s, 61.0 tps, lat 16.318 ms stddev 0.279, 0 failed
progress: 49.0 s, 62.0 tps, lat 16.273 ms stddev 0.046, 0 failed
progress: 50.0 s, 61.0 tps, lat 16.273 ms stddev 0.026, 0 failed
progress: 51.0 s, 62.0 tps, lat 16.271 ms stddev 0.021, 0 failed
progress: 52.0 s, 61.0 tps, lat 16.268 ms stddev 0.023, 0 failed
progress: 53.0 s, 62.0 tps, lat 16.274 ms stddev 0.035, 0 failed
progress: 54.0 s, 61.0 tps, lat 16.270 ms stddev 0.027, 0 failed
progress: 55.0 s, 61.0 tps, lat 16.270 ms stddev 0.019, 0 failed
progress: 56.0 s, 62.0 tps, lat 16.271 ms stddev 0.023, 0 failed
progress: 57.0 s, 61.0 tps, lat 16.279 ms stddev 0.048, 0 failed
progress: 58.0 s, 62.0 tps, lat 16.303 ms stddev 0.269, 0 failed
progress: 59.0 s, 61.0 tps, lat 16.270 ms stddev 0.020, 0 failed
progress: 60.0 s, 62.0 tps, lat 16.270 ms stddev 0.026, 0 failed
transaction type: star-1.sql
scaling factor: 1
query mode: simple
number of clients: 1
number of threads: 1
maximum number of tries: 1
duration: 60 s
number of transactions actually processed: 3683
number of failed transactions: 0 (0.000%)
latency average = 16.294 ms
latency stddev = 0.178 ms
initial connection time = 1.669 ms
tps = 61.369544 (without initial connection time)
