pgbench (18devel, server 11.22)
progress: 1.0 s, 48671.2 tps, lat 2.552 ms stddev 8.736, 0 failed
progress: 2.0 s, 67530.9 tps, lat 1.895 ms stddev 1.991, 0 failed
progress: 3.0 s, 67859.9 tps, lat 1.886 ms stddev 1.965, 0 failed
progress: 4.0 s, 67689.2 tps, lat 1.890 ms stddev 1.978, 0 failed
progress: 5.0 s, 67688.9 tps, lat 1.891 ms stddev 1.978, 0 failed
progress: 6.0 s, 67942.1 tps, lat 1.884 ms stddev 1.984, 0 failed
progress: 7.0 s, 68100.9 tps, lat 1.879 ms stddev 1.957, 0 failed
progress: 8.0 s, 67530.1 tps, lat 1.895 ms stddev 2.000, 0 failed
progress: 9.0 s, 67715.0 tps, lat 1.890 ms stddev 1.986, 0 failed
progress: 10.0 s, 67944.0 tps, lat 1.883 ms stddev 1.983, 0 failed
progress: 11.0 s, 68208.1 tps, lat 1.876 ms stddev 1.972, 0 failed
progress: 12.0 s, 67626.9 tps, lat 1.894 ms stddev 1.985, 0 failed
progress: 13.0 s, 67907.1 tps, lat 1.884 ms stddev 1.981, 0 failed
progress: 14.0 s, 67805.9 tps, lat 1.887 ms stddev 1.992, 0 failed
progress: 15.0 s, 68739.1 tps, lat 1.862 ms stddev 1.945, 0 failed
progress: 16.0 s, 67486.1 tps, lat 1.897 ms stddev 2.018, 0 failed
progress: 17.0 s, 68020.9 tps, lat 1.881 ms stddev 1.992, 0 failed
progress: 18.0 s, 67824.8 tps, lat 1.887 ms stddev 1.987, 0 failed
progress: 19.0 s, 68576.3 tps, lat 1.866 ms stddev 1.957, 0 failed
progress: 20.0 s, 67320.2 tps, lat 1.901 ms stddev 2.017, 0 failed
progress: 21.0 s, 68115.7 tps, lat 1.878 ms stddev 1.992, 0 failed
progress: 22.0 s, 68090.2 tps, lat 1.881 ms stddev 1.984, 0 failed
progress: 23.0 s, 68607.0 tps, lat 1.865 ms stddev 1.960, 0 failed
progress: 24.0 s, 68016.0 tps, lat 1.881 ms stddev 1.994, 0 failed
progress: 25.0 s, 67762.9 tps, lat 1.889 ms stddev 2.006, 0 failed
progress: 26.0 s, 67669.1 tps, lat 1.892 ms stddev 2.000, 0 failed
progress: 27.0 s, 68809.0 tps, lat 1.859 ms stddev 1.943, 0 failed
progress: 28.0 s, 67920.1 tps, lat 1.885 ms stddev 1.994, 0 failed
progress: 29.0 s, 67758.9 tps, lat 1.888 ms stddev 1.988, 0 failed
progress: 30.0 s, 67867.1 tps, lat 1.887 ms stddev 1.980, 0 failed
progress: 31.0 s, 68306.0 tps, lat 1.873 ms stddev 1.955, 0 failed
progress: 32.0 s, 68268.5 tps, lat 1.874 ms stddev 1.971, 0 failed
progress: 33.0 s, 68080.5 tps, lat 1.880 ms stddev 1.972, 0 failed
progress: 34.0 s, 68229.8 tps, lat 1.875 ms stddev 1.984, 0 failed
progress: 35.0 s, 68382.3 tps, lat 1.871 ms stddev 1.965, 0 failed
progress: 36.0 s, 67806.4 tps, lat 1.888 ms stddev 1.989, 0 failed
progress: 37.0 s, 67962.4 tps, lat 1.883 ms stddev 1.990, 0 failed
progress: 38.0 s, 67813.9 tps, lat 1.888 ms stddev 1.981, 0 failed
progress: 39.0 s, 68634.2 tps, lat 1.864 ms stddev 1.959, 0 failed
progress: 40.0 s, 68107.0 tps, lat 1.879 ms stddev 2.001, 0 failed
progress: 41.0 s, 68488.0 tps, lat 1.868 ms stddev 1.963, 0 failed
progress: 42.0 s, 67977.8 tps, lat 1.883 ms stddev 1.989, 0 failed
progress: 43.0 s, 68621.0 tps, lat 1.865 ms stddev 1.947, 0 failed
progress: 44.0 s, 67902.9 tps, lat 1.885 ms stddev 1.995, 0 failed
progress: 45.0 s, 67793.3 tps, lat 1.888 ms stddev 2.001, 0 failed
progress: 46.0 s, 67387.0 tps, lat 1.899 ms stddev 2.007, 0 failed
progress: 47.0 s, 68419.0 tps, lat 1.870 ms stddev 1.965, 0 failed
progress: 48.0 s, 68326.9 tps, lat 1.873 ms stddev 1.981, 0 failed
progress: 49.0 s, 67846.5 tps, lat 1.887 ms stddev 1.990, 0 failed
progress: 50.0 s, 67484.4 tps, lat 1.896 ms stddev 1.997, 0 failed
progress: 51.0 s, 68284.4 tps, lat 1.874 ms stddev 1.966, 0 failed
progress: 52.0 s, 67986.9 tps, lat 1.883 ms stddev 1.980, 0 failed
progress: 53.0 s, 67850.0 tps, lat 1.886 ms stddev 1.987, 0 failed
progress: 54.0 s, 67862.9 tps, lat 1.886 ms stddev 2.002, 0 failed
progress: 55.0 s, 68534.1 tps, lat 1.867 ms stddev 1.963, 0 failed
progress: 56.0 s, 68019.9 tps, lat 1.883 ms stddev 1.991, 0 failed
progress: 57.0 s, 67704.3 tps, lat 1.890 ms stddev 1.988, 0 failed
progress: 58.0 s, 68042.8 tps, lat 1.881 ms stddev 1.997, 0 failed
progress: 59.0 s, 67937.8 tps, lat 1.884 ms stddev 1.965, 0 failed
transaction type: star-1.sql
scaling factor: 1
query mode: prepared
number of clients: 128
number of threads: 128
maximum number of tries: 1
duration: 60 s
number of transactions actually processed: 4057627
number of failed transactions: 0 (0.000%)
latency average = 1.890 ms
latency stddev = 2.192 ms
initial connection time = 78.635 ms
tps = 67682.024837 (without initial connection time)
