pgbench (18devel, server 11.22)
progress: 1.0 s, 96425.7 tps, lat 0.165 ms stddev 0.650, 0 failed
progress: 2.0 s, 112828.0 tps, lat 0.142 ms stddev 0.009, 0 failed
progress: 3.0 s, 112379.4 tps, lat 0.142 ms stddev 0.014, 0 failed
progress: 4.0 s, 114436.6 tps, lat 0.140 ms stddev 0.010, 0 failed
progress: 5.0 s, 114149.4 tps, lat 0.140 ms stddev 0.010, 0 failed
progress: 6.0 s, 114110.4 tps, lat 0.140 ms stddev 0.010, 0 failed
progress: 7.0 s, 113830.3 tps, lat 0.140 ms stddev 0.010, 0 failed
progress: 8.0 s, 113809.5 tps, lat 0.140 ms stddev 0.010, 0 failed
progress: 9.0 s, 114025.5 tps, lat 0.140 ms stddev 0.009, 0 failed
progress: 10.0 s, 112754.9 tps, lat 0.142 ms stddev 0.011, 0 failed
progress: 11.0 s, 114185.0 tps, lat 0.140 ms stddev 0.010, 0 failed
progress: 12.0 s, 115499.8 tps, lat 0.138 ms stddev 0.010, 0 failed
progress: 13.0 s, 113902.1 tps, lat 0.140 ms stddev 0.010, 0 failed
progress: 14.0 s, 113322.1 tps, lat 0.141 ms stddev 0.012, 0 failed
progress: 15.0 s, 111513.5 tps, lat 0.143 ms stddev 0.016, 0 failed
progress: 16.0 s, 115219.9 tps, lat 0.139 ms stddev 0.009, 0 failed
progress: 17.0 s, 114152.0 tps, lat 0.140 ms stddev 0.010, 0 failed
progress: 18.0 s, 114609.6 tps, lat 0.139 ms stddev 0.009, 0 failed
progress: 19.0 s, 115000.0 tps, lat 0.139 ms stddev 0.009, 0 failed
progress: 20.0 s, 115689.8 tps, lat 0.138 ms stddev 0.009, 0 failed
progress: 21.0 s, 116103.0 tps, lat 0.138 ms stddev 0.008, 0 failed
progress: 22.0 s, 116068.5 tps, lat 0.138 ms stddev 0.009, 0 failed
progress: 23.0 s, 116266.6 tps, lat 0.138 ms stddev 0.008, 0 failed
progress: 24.0 s, 114619.4 tps, lat 0.139 ms stddev 0.012, 0 failed
progress: 25.0 s, 114089.3 tps, lat 0.140 ms stddev 0.010, 0 failed
progress: 26.0 s, 113921.4 tps, lat 0.140 ms stddev 0.010, 0 failed
progress: 27.0 s, 114564.8 tps, lat 0.140 ms stddev 0.010, 0 failed
progress: 28.0 s, 114794.4 tps, lat 0.139 ms stddev 0.010, 0 failed
progress: 29.0 s, 113483.9 tps, lat 0.141 ms stddev 0.010, 0 failed
progress: 30.0 s, 113113.7 tps, lat 0.141 ms stddev 0.010, 0 failed
progress: 31.0 s, 112412.4 tps, lat 0.142 ms stddev 0.011, 0 failed
progress: 32.0 s, 112927.1 tps, lat 0.142 ms stddev 0.010, 0 failed
progress: 33.0 s, 113476.0 tps, lat 0.141 ms stddev 0.010, 0 failed
progress: 34.0 s, 113823.9 tps, lat 0.140 ms stddev 0.012, 0 failed
progress: 35.0 s, 113402.1 tps, lat 0.141 ms stddev 0.013, 0 failed
progress: 36.0 s, 114715.9 tps, lat 0.139 ms stddev 0.010, 0 failed
progress: 37.0 s, 114126.0 tps, lat 0.140 ms stddev 0.010, 0 failed
progress: 38.0 s, 112899.3 tps, lat 0.142 ms stddev 0.010, 0 failed
progress: 39.0 s, 113145.7 tps, lat 0.141 ms stddev 0.011, 0 failed
progress: 40.0 s, 113293.8 tps, lat 0.141 ms stddev 0.011, 0 failed
progress: 41.0 s, 112880.1 tps, lat 0.142 ms stddev 0.011, 0 failed
progress: 42.0 s, 112165.3 tps, lat 0.143 ms stddev 0.011, 0 failed
progress: 43.0 s, 112721.8 tps, lat 0.142 ms stddev 0.011, 0 failed
progress: 44.0 s, 113352.6 tps, lat 0.141 ms stddev 0.010, 0 failed
progress: 45.0 s, 112546.7 tps, lat 0.142 ms stddev 0.014, 0 failed
progress: 46.0 s, 111786.8 tps, lat 0.143 ms stddev 0.017, 0 failed
progress: 47.0 s, 112426.7 tps, lat 0.142 ms stddev 0.011, 0 failed
progress: 48.0 s, 113304.4 tps, lat 0.141 ms stddev 0.010, 0 failed
progress: 49.0 s, 113708.5 tps, lat 0.141 ms stddev 0.010, 0 failed
progress: 50.0 s, 113963.8 tps, lat 0.140 ms stddev 0.010, 0 failed
progress: 51.0 s, 113904.0 tps, lat 0.140 ms stddev 0.010, 0 failed
progress: 52.0 s, 114541.9 tps, lat 0.140 ms stddev 0.010, 0 failed
progress: 53.0 s, 112244.2 tps, lat 0.142 ms stddev 0.015, 0 failed
progress: 54.0 s, 113707.0 tps, lat 0.141 ms stddev 0.011, 0 failed
progress: 55.0 s, 113768.0 tps, lat 0.141 ms stddev 0.010, 0 failed
progress: 56.0 s, 114164.5 tps, lat 0.140 ms stddev 0.010, 0 failed
progress: 57.0 s, 114034.2 tps, lat 0.140 ms stddev 0.010, 0 failed
progress: 58.0 s, 113967.3 tps, lat 0.140 ms stddev 0.010, 0 failed
progress: 59.0 s, 113886.6 tps, lat 0.140 ms stddev 0.010, 0 failed
transaction type: star-1.sql
scaling factor: 1
query mode: prepared
number of clients: 16
number of threads: 16
maximum number of tries: 1
duration: 60 s
number of transactions actually processed: 6810661
number of failed transactions: 0 (0.000%)
latency average = 0.141 ms
latency stddev = 0.078 ms
initial connection time = 11.362 ms
tps = 113531.808125 (without initial connection time)
