pgbench (18devel, server 11.22)
progress: 1.0 s, 67324.1 tps, lat 0.936 ms stddev 2.720, 0 failed
progress: 2.0 s, 77367.2 tps, lat 0.827 ms stddev 0.791, 0 failed
progress: 3.0 s, 77692.0 tps, lat 0.823 ms stddev 0.789, 0 failed
progress: 4.0 s, 76685.8 tps, lat 0.834 ms stddev 0.807, 0 failed
progress: 5.0 s, 76131.9 tps, lat 0.840 ms stddev 0.815, 0 failed
progress: 6.0 s, 77991.2 tps, lat 0.821 ms stddev 0.787, 0 failed
progress: 7.0 s, 77483.0 tps, lat 0.826 ms stddev 0.797, 0 failed
progress: 8.0 s, 76507.8 tps, lat 0.836 ms stddev 0.815, 0 failed
progress: 9.0 s, 76930.8 tps, lat 0.832 ms stddev 0.807, 0 failed
progress: 10.0 s, 78327.9 tps, lat 0.817 ms stddev 0.780, 0 failed
progress: 11.0 s, 78283.1 tps, lat 0.817 ms stddev 0.786, 0 failed
progress: 12.0 s, 77348.5 tps, lat 0.827 ms stddev 0.805, 0 failed
progress: 13.0 s, 77180.5 tps, lat 0.829 ms stddev 0.805, 0 failed
progress: 14.0 s, 77439.1 tps, lat 0.826 ms stddev 0.794, 0 failed
progress: 15.0 s, 78270.9 tps, lat 0.818 ms stddev 0.785, 0 failed
progress: 16.0 s, 77364.1 tps, lat 0.827 ms stddev 0.801, 0 failed
progress: 17.0 s, 77238.7 tps, lat 0.828 ms stddev 0.809, 0 failed
progress: 18.0 s, 78976.2 tps, lat 0.810 ms stddev 0.770, 0 failed
progress: 19.0 s, 78134.2 tps, lat 0.819 ms stddev 0.790, 0 failed
progress: 20.0 s, 77128.5 tps, lat 0.829 ms stddev 0.803, 0 failed
progress: 21.0 s, 76587.2 tps, lat 0.835 ms stddev 0.814, 0 failed
progress: 22.0 s, 77796.1 tps, lat 0.823 ms stddev 0.799, 0 failed
progress: 23.0 s, 77697.2 tps, lat 0.823 ms stddev 0.797, 0 failed
progress: 24.0 s, 76826.7 tps, lat 0.833 ms stddev 0.817, 0 failed
progress: 25.0 s, 77015.3 tps, lat 0.831 ms stddev 0.807, 0 failed
progress: 26.0 s, 78059.1 tps, lat 0.820 ms stddev 0.788, 0 failed
progress: 27.0 s, 78589.7 tps, lat 0.814 ms stddev 0.783, 0 failed
progress: 28.0 s, 77084.9 tps, lat 0.830 ms stddev 0.803, 0 failed
progress: 29.0 s, 76633.3 tps, lat 0.835 ms stddev 0.817, 0 failed
progress: 30.0 s, 77710.9 tps, lat 0.824 ms stddev 0.797, 0 failed
progress: 31.0 s, 77599.0 tps, lat 0.824 ms stddev 0.800, 0 failed
progress: 32.0 s, 76853.0 tps, lat 0.833 ms stddev 0.806, 0 failed
progress: 33.0 s, 77402.0 tps, lat 0.827 ms stddev 0.802, 0 failed
progress: 34.0 s, 78723.6 tps, lat 0.813 ms stddev 0.775, 0 failed
progress: 35.0 s, 77881.5 tps, lat 0.821 ms stddev 0.790, 0 failed
progress: 36.0 s, 76791.4 tps, lat 0.833 ms stddev 0.805, 0 failed
progress: 37.0 s, 78027.4 tps, lat 0.820 ms stddev 0.790, 0 failed
progress: 38.0 s, 78188.8 tps, lat 0.818 ms stddev 0.785, 0 failed
progress: 39.0 s, 77605.3 tps, lat 0.824 ms stddev 0.798, 0 failed
progress: 40.0 s, 76895.6 tps, lat 0.832 ms stddev 0.811, 0 failed
progress: 41.0 s, 77113.2 tps, lat 0.830 ms stddev 0.800, 0 failed
progress: 42.0 s, 77901.3 tps, lat 0.821 ms stddev 0.792, 0 failed
progress: 43.0 s, 77622.9 tps, lat 0.824 ms stddev 0.797, 0 failed
progress: 44.0 s, 76696.8 tps, lat 0.834 ms stddev 0.808, 0 failed
progress: 45.0 s, 77236.2 tps, lat 0.829 ms stddev 0.804, 0 failed
progress: 46.0 s, 78409.8 tps, lat 0.816 ms stddev 0.783, 0 failed
progress: 47.0 s, 78129.5 tps, lat 0.819 ms stddev 0.785, 0 failed
progress: 48.0 s, 76694.3 tps, lat 0.834 ms stddev 0.815, 0 failed
progress: 49.0 s, 76792.2 tps, lat 0.833 ms stddev 0.810, 0 failed
progress: 50.0 s, 77788.0 tps, lat 0.822 ms stddev 0.791, 0 failed
progress: 51.0 s, 77529.8 tps, lat 0.825 ms stddev 0.796, 0 failed
progress: 52.0 s, 77127.2 tps, lat 0.830 ms stddev 0.808, 0 failed
progress: 53.0 s, 76911.9 tps, lat 0.832 ms stddev 0.810, 0 failed
progress: 54.0 s, 77313.1 tps, lat 0.827 ms stddev 0.798, 0 failed
progress: 55.0 s, 77918.7 tps, lat 0.821 ms stddev 0.791, 0 failed
progress: 56.0 s, 76908.2 tps, lat 0.832 ms stddev 0.811, 0 failed
progress: 57.0 s, 76506.0 tps, lat 0.836 ms stddev 0.816, 0 failed
progress: 58.0 s, 78105.1 tps, lat 0.819 ms stddev 0.790, 0 failed
progress: 59.0 s, 77855.9 tps, lat 0.822 ms stddev 0.798, 0 failed
transaction type: star-1.sql
scaling factor: 1
query mode: prepared
number of clients: 64
number of threads: 64
maximum number of tries: 1
duration: 60 s
number of transactions actually processed: 4635389
number of failed transactions: 0 (0.000%)
latency average = 0.828 ms
latency stddev = 0.858 ms
initial connection time = 42.331 ms
tps = 77307.258741 (without initial connection time)
