pgbench (18devel, server 8.2.23)
progress: 1.0 s, 12979.3 tps, lat 9.591 ms stddev 22.096, 0 failed
progress: 2.0 s, 43009.9 tps, lat 2.978 ms stddev 2.631, 0 failed
progress: 3.0 s, 39042.1 tps, lat 3.277 ms stddev 3.637, 0 failed
progress: 4.0 s, 43156.0 tps, lat 2.965 ms stddev 2.718, 0 failed
progress: 5.0 s, 35571.5 tps, lat 3.599 ms stddev 4.287, 0 failed
progress: 6.0 s, 42743.3 tps, lat 2.995 ms stddev 2.691, 0 failed
progress: 7.0 s, 29111.1 tps, lat 4.395 ms stddev 5.867, 0 failed
progress: 8.0 s, 24901.4 tps, lat 5.096 ms stddev 6.555, 0 failed
progress: 9.0 s, 18559.2 tps, lat 6.958 ms stddev 8.352, 0 failed
progress: 10.0 s, 39193.0 tps, lat 3.265 ms stddev 3.526, 0 failed
progress: 11.0 s, 14662.0 tps, lat 8.730 ms stddev 9.272, 0 failed
progress: 12.0 s, 42655.0 tps, lat 3.000 ms stddev 2.756, 0 failed
progress: 13.0 s, 42769.4 tps, lat 2.992 ms stddev 2.728, 0 failed
progress: 14.0 s, 43131.7 tps, lat 2.970 ms stddev 2.638, 0 failed
progress: 15.0 s, 8631.4 tps, lat 14.715 ms stddev 10.469, 0 failed
progress: 16.0 s, 6425.0 tps, lat 19.892 ms stddev 7.377, 0 failed
progress: 17.0 s, 12598.2 tps, lat 10.154 ms stddev 9.835, 0 failed
progress: 18.0 s, 8443.7 tps, lat 15.171 ms stddev 9.943, 0 failed
progress: 19.0 s, 39089.2 tps, lat 3.300 ms stddev 3.715, 0 failed
progress: 20.0 s, 41812.4 tps, lat 3.032 ms stddev 2.883, 0 failed
progress: 21.0 s, 11118.3 tps, lat 11.623 ms stddev 10.078, 0 failed
progress: 22.0 s, 43461.1 tps, lat 2.941 ms stddev 2.634, 0 failed
progress: 23.0 s, 10429.0 tps, lat 12.185 ms stddev 10.158, 0 failed
progress: 24.0 s, 17920.6 tps, lat 7.205 ms stddev 8.536, 0 failed
progress: 25.0 s, 39006.0 tps, lat 3.247 ms stddev 3.545, 0 failed
progress: 26.0 s, 6409.2 tps, lat 19.982 ms stddev 7.625, 0 failed
progress: 27.0 s, 31761.9 tps, lat 4.069 ms stddev 5.200, 0 failed
progress: 28.0 s, 42491.2 tps, lat 3.012 ms stddev 2.771, 0 failed
progress: 29.0 s, 42712.0 tps, lat 2.997 ms stddev 2.711, 0 failed
progress: 30.0 s, 42890.5 tps, lat 2.984 ms stddev 2.713, 0 failed
progress: 31.0 s, 43146.5 tps, lat 2.966 ms stddev 2.628, 0 failed
progress: 32.0 s, 25574.0 tps, lat 5.004 ms stddev 6.496, 0 failed
progress: 33.0 s, 20105.0 tps, lat 6.368 ms stddev 7.829, 0 failed
progress: 34.0 s, 43457.1 tps, lat 2.945 ms stddev 2.659, 0 failed
progress: 35.0 s, 43319.0 tps, lat 2.955 ms stddev 2.646, 0 failed
progress: 36.0 s, 40797.0 tps, lat 3.136 ms stddev 3.215, 0 failed
progress: 37.0 s, 43189.9 tps, lat 2.966 ms stddev 2.710, 0 failed
progress: 38.0 s, 42193.7 tps, lat 3.006 ms stddev 2.784, 0 failed
progress: 39.0 s, 24245.6 tps, lat 5.325 ms stddev 6.907, 0 failed
progress: 40.0 s, 42614.1 tps, lat 3.003 ms stddev 2.735, 0 failed
progress: 41.0 s, 42614.9 tps, lat 3.004 ms stddev 2.746, 0 failed
progress: 42.0 s, 42883.1 tps, lat 2.986 ms stddev 2.691, 0 failed
progress: 43.0 s, 36255.9 tps, lat 3.529 ms stddev 4.252, 0 failed
progress: 44.0 s, 43168.0 tps, lat 2.964 ms stddev 2.729, 0 failed
progress: 45.0 s, 34096.0 tps, lat 3.724 ms stddev 4.638, 0 failed
progress: 46.0 s, 6460.2 tps, lat 19.806 ms stddev 7.444, 0 failed
progress: 47.0 s, 33564.4 tps, lat 3.845 ms stddev 4.872, 0 failed
progress: 48.0 s, 42919.8 tps, lat 2.982 ms stddev 2.771, 0 failed
progress: 49.0 s, 40379.3 tps, lat 3.142 ms stddev 3.262, 0 failed
progress: 50.0 s, 6445.2 tps, lat 19.887 ms stddev 7.504, 0 failed
progress: 51.0 s, 6412.4 tps, lat 19.906 ms stddev 7.566, 0 failed
progress: 52.0 s, 6453.0 tps, lat 19.881 ms stddev 7.432, 0 failed
progress: 53.0 s, 24858.6 tps, lat 5.188 ms stddev 6.789, 0 failed
progress: 54.0 s, 42833.0 tps, lat 2.990 ms stddev 2.708, 0 failed
progress: 55.0 s, 43101.1 tps, lat 2.968 ms stddev 2.635, 0 failed
progress: 56.0 s, 42687.7 tps, lat 2.997 ms stddev 2.739, 0 failed
progress: 57.0 s, 24922.1 tps, lat 5.096 ms stddev 6.591, 0 failed
progress: 58.0 s, 26221.9 tps, lat 4.922 ms stddev 6.528, 0 failed
progress: 59.0 s, 43251.3 tps, lat 2.959 ms stddev 2.655, 0 failed
transaction type: star-1.sql
scaling factor: 1
query mode: prepared
number of clients: 128
number of threads: 128
maximum number of tries: 1
duration: 60 s
number of transactions actually processed: 1858294
number of failed transactions: 0 (0.000%)
latency average = 4.128 ms
latency stddev = 5.598 ms
initial connection time = 76.334 ms
tps = 30996.558158 (without initial connection time)
