pgbench (18devel, server 8.2.23)
progress: 1.0 s, 22981.9 tps, lat 1.379 ms stddev 1.849, 0 failed
progress: 2.0 s, 18079.5 tps, lat 1.770 ms stddev 0.926, 0 failed
progress: 3.0 s, 15896.3 tps, lat 2.012 ms stddev 0.945, 0 failed
progress: 4.0 s, 18337.9 tps, lat 1.745 ms stddev 0.938, 0 failed
progress: 5.0 s, 16485.4 tps, lat 1.941 ms stddev 0.849, 0 failed
progress: 6.0 s, 17327.0 tps, lat 1.846 ms stddev 0.892, 0 failed
progress: 7.0 s, 13969.0 tps, lat 2.290 ms stddev 0.681, 0 failed
progress: 8.0 s, 14592.0 tps, lat 2.193 ms stddev 0.769, 0 failed
progress: 9.0 s, 13578.3 tps, lat 2.356 ms stddev 0.717, 0 failed
progress: 10.0 s, 13314.9 tps, lat 2.403 ms stddev 0.676, 0 failed
progress: 11.0 s, 14908.8 tps, lat 2.146 ms stddev 0.810, 0 failed
progress: 12.0 s, 14518.0 tps, lat 2.203 ms stddev 0.756, 0 failed
progress: 13.0 s, 14542.5 tps, lat 2.201 ms stddev 0.798, 0 failed
progress: 14.0 s, 12785.8 tps, lat 2.502 ms stddev 0.592, 0 failed
progress: 15.0 s, 12777.7 tps, lat 2.504 ms stddev 0.638, 0 failed
progress: 16.0 s, 13140.0 tps, lat 2.436 ms stddev 0.684, 0 failed
progress: 17.0 s, 13971.5 tps, lat 2.289 ms stddev 0.775, 0 failed
progress: 18.0 s, 13418.0 tps, lat 2.387 ms stddev 0.748, 0 failed
progress: 19.0 s, 14589.5 tps, lat 2.191 ms stddev 0.727, 0 failed
progress: 20.0 s, 14365.5 tps, lat 2.227 ms stddev 0.705, 0 failed
progress: 21.0 s, 13058.5 tps, lat 2.450 ms stddev 0.626, 0 failed
progress: 22.0 s, 14637.5 tps, lat 2.185 ms stddev 0.837, 0 failed
progress: 23.0 s, 16392.3 tps, lat 1.952 ms stddev 0.889, 0 failed
progress: 24.0 s, 16054.4 tps, lat 1.993 ms stddev 0.847, 0 failed
progress: 25.0 s, 15859.2 tps, lat 2.016 ms stddev 0.849, 0 failed
progress: 26.0 s, 15183.0 tps, lat 2.106 ms stddev 0.824, 0 failed
progress: 27.0 s, 16475.6 tps, lat 1.943 ms stddev 0.931, 0 failed
progress: 28.0 s, 14897.1 tps, lat 2.147 ms stddev 0.878, 0 failed
progress: 29.0 s, 13333.0 tps, lat 2.401 ms stddev 0.706, 0 failed
progress: 30.0 s, 14013.1 tps, lat 2.282 ms stddev 0.777, 0 failed
progress: 31.0 s, 14235.7 tps, lat 2.248 ms stddev 0.782, 0 failed
progress: 32.0 s, 14404.8 tps, lat 2.221 ms stddev 0.815, 0 failed
progress: 33.0 s, 12873.3 tps, lat 2.485 ms stddev 0.607, 0 failed
progress: 34.0 s, 13370.0 tps, lat 2.393 ms stddev 0.695, 0 failed
progress: 35.0 s, 13216.4 tps, lat 2.421 ms stddev 0.657, 0 failed
progress: 36.0 s, 13995.4 tps, lat 2.286 ms stddev 0.771, 0 failed
progress: 37.0 s, 13206.1 tps, lat 2.422 ms stddev 0.719, 0 failed
progress: 38.0 s, 13082.0 tps, lat 2.446 ms stddev 0.668, 0 failed
progress: 39.0 s, 12980.0 tps, lat 2.465 ms stddev 0.629, 0 failed
progress: 40.0 s, 14228.0 tps, lat 2.248 ms stddev 0.831, 0 failed
progress: 41.0 s, 13621.0 tps, lat 2.349 ms stddev 0.774, 0 failed
progress: 42.0 s, 13056.0 tps, lat 2.451 ms stddev 0.668, 0 failed
progress: 43.0 s, 12774.0 tps, lat 2.505 ms stddev 0.625, 0 failed
progress: 44.0 s, 13498.2 tps, lat 2.369 ms stddev 0.690, 0 failed
progress: 45.0 s, 13670.2 tps, lat 2.342 ms stddev 0.732, 0 failed
progress: 46.0 s, 14083.5 tps, lat 2.270 ms stddev 0.821, 0 failed
progress: 47.0 s, 13289.0 tps, lat 2.409 ms stddev 0.684, 0 failed
progress: 48.0 s, 13265.4 tps, lat 2.412 ms stddev 0.657, 0 failed
progress: 49.0 s, 14080.5 tps, lat 2.272 ms stddev 0.782, 0 failed
progress: 50.0 s, 13497.8 tps, lat 2.371 ms stddev 0.694, 0 failed
progress: 51.0 s, 13672.7 tps, lat 2.340 ms stddev 0.737, 0 failed
progress: 52.0 s, 14169.5 tps, lat 2.257 ms stddev 0.793, 0 failed
progress: 53.0 s, 13260.5 tps, lat 2.413 ms stddev 0.672, 0 failed
progress: 54.0 s, 12980.0 tps, lat 2.465 ms stddev 0.694, 0 failed
progress: 55.0 s, 12616.6 tps, lat 2.536 ms stddev 0.615, 0 failed
progress: 56.0 s, 13182.5 tps, lat 2.427 ms stddev 0.708, 0 failed
progress: 57.0 s, 12841.4 tps, lat 2.491 ms stddev 0.650, 0 failed
progress: 58.0 s, 13322.2 tps, lat 2.402 ms stddev 0.722, 0 failed
progress: 59.0 s, 12944.0 tps, lat 2.473 ms stddev 0.653, 0 failed
transaction type: star-1.sql
scaling factor: 1
query mode: prepared
number of clients: 32
number of threads: 32
maximum number of tries: 1
duration: 60 s
number of transactions actually processed: 856098
number of failed transactions: 0 (0.000%)
latency average = 2.242 ms
latency stddev = 0.845 ms
initial connection time = 20.782 ms
tps = 14272.931090 (without initial connection time)
