pgbench (18devel, server 9.6.24)
progress: 1.0 s, 22089.7 tps, lat 10.857 ms stddev 16.252, 0 failed
progress: 2.0 s, 25074.4 tps, lat 10.203 ms stddev 11.741, 0 failed
progress: 3.0 s, 24476.9 tps, lat 10.449 ms stddev 12.199, 0 failed
progress: 4.0 s, 24020.9 tps, lat 10.667 ms stddev 12.477, 0 failed
progress: 5.0 s, 24146.1 tps, lat 10.602 ms stddev 12.394, 0 failed
progress: 6.0 s, 24204.1 tps, lat 10.565 ms stddev 12.419, 0 failed
progress: 7.0 s, 24044.0 tps, lat 10.626 ms stddev 12.937, 0 failed
progress: 8.0 s, 24094.1 tps, lat 10.644 ms stddev 13.116, 0 failed
progress: 9.0 s, 24049.0 tps, lat 10.639 ms stddev 13.305, 0 failed
progress: 10.0 s, 24080.8 tps, lat 10.646 ms stddev 12.947, 0 failed
progress: 11.0 s, 24111.4 tps, lat 10.609 ms stddev 13.094, 0 failed
progress: 12.0 s, 24196.8 tps, lat 10.573 ms stddev 13.139, 0 failed
progress: 13.0 s, 24139.0 tps, lat 10.597 ms stddev 12.946, 0 failed
progress: 14.0 s, 24146.0 tps, lat 10.607 ms stddev 13.124, 0 failed
progress: 15.0 s, 24154.1 tps, lat 10.586 ms stddev 13.042, 0 failed
progress: 16.0 s, 24108.8 tps, lat 10.631 ms stddev 13.010, 0 failed
progress: 17.0 s, 24146.1 tps, lat 10.605 ms stddev 13.095, 0 failed
progress: 18.0 s, 24130.0 tps, lat 10.587 ms stddev 12.999, 0 failed
progress: 19.0 s, 24163.0 tps, lat 10.600 ms stddev 13.154, 0 failed
progress: 20.0 s, 24134.0 tps, lat 10.633 ms stddev 13.013, 0 failed
progress: 21.0 s, 24122.3 tps, lat 10.607 ms stddev 13.001, 0 failed
progress: 22.0 s, 24142.7 tps, lat 10.595 ms stddev 13.014, 0 failed
progress: 23.0 s, 24105.5 tps, lat 10.629 ms stddev 13.099, 0 failed
progress: 24.0 s, 24084.4 tps, lat 10.631 ms stddev 13.198, 0 failed
progress: 25.0 s, 24070.3 tps, lat 10.628 ms stddev 13.153, 0 failed
progress: 26.0 s, 24124.7 tps, lat 10.612 ms stddev 12.885, 0 failed
progress: 27.0 s, 24083.1 tps, lat 10.647 ms stddev 13.060, 0 failed
progress: 28.0 s, 24087.1 tps, lat 10.609 ms stddev 13.116, 0 failed
progress: 29.0 s, 24099.0 tps, lat 10.654 ms stddev 13.169, 0 failed
progress: 30.0 s, 24137.6 tps, lat 10.558 ms stddev 13.041, 0 failed
progress: 31.0 s, 24070.3 tps, lat 10.625 ms stddev 13.254, 0 failed
progress: 32.0 s, 24089.0 tps, lat 10.643 ms stddev 13.257, 0 failed
progress: 33.0 s, 24088.3 tps, lat 10.632 ms stddev 13.065, 0 failed
progress: 34.0 s, 24036.4 tps, lat 10.652 ms stddev 12.832, 0 failed
progress: 35.0 s, 24036.6 tps, lat 10.636 ms stddev 13.067, 0 failed
progress: 36.0 s, 23933.5 tps, lat 10.704 ms stddev 12.973, 0 failed
progress: 37.0 s, 24025.2 tps, lat 10.652 ms stddev 13.082, 0 failed
progress: 38.0 s, 24043.9 tps, lat 10.639 ms stddev 12.902, 0 failed
progress: 39.0 s, 24083.4 tps, lat 10.633 ms stddev 13.204, 0 failed
progress: 40.0 s, 24043.7 tps, lat 10.675 ms stddev 13.106, 0 failed
progress: 41.0 s, 24022.1 tps, lat 10.663 ms stddev 13.291, 0 failed
progress: 42.0 s, 24109.9 tps, lat 10.587 ms stddev 13.085, 0 failed
progress: 43.0 s, 23958.9 tps, lat 10.694 ms stddev 13.289, 0 failed
progress: 44.0 s, 24023.0 tps, lat 10.662 ms stddev 13.127, 0 failed
progress: 45.0 s, 24040.3 tps, lat 10.653 ms stddev 13.107, 0 failed
progress: 46.0 s, 24016.8 tps, lat 10.654 ms stddev 12.894, 0 failed
progress: 47.0 s, 24074.4 tps, lat 10.625 ms stddev 13.269, 0 failed
progress: 48.0 s, 24055.8 tps, lat 10.642 ms stddev 13.145, 0 failed
progress: 49.0 s, 24010.8 tps, lat 10.673 ms stddev 13.382, 0 failed
progress: 50.0 s, 24040.2 tps, lat 10.644 ms stddev 12.987, 0 failed
progress: 51.0 s, 24020.6 tps, lat 10.655 ms stddev 13.086, 0 failed
progress: 52.0 s, 24032.2 tps, lat 10.645 ms stddev 12.971, 0 failed
progress: 53.0 s, 23999.8 tps, lat 10.665 ms stddev 13.285, 0 failed
progress: 54.0 s, 24158.2 tps, lat 10.593 ms stddev 13.265, 0 failed
progress: 55.0 s, 24005.0 tps, lat 10.645 ms stddev 13.034, 0 failed
progress: 56.0 s, 24041.0 tps, lat 10.677 ms stddev 13.304, 0 failed
progress: 57.0 s, 24037.0 tps, lat 10.648 ms stddev 13.207, 0 failed
progress: 58.0 s, 24077.1 tps, lat 10.621 ms stddev 13.138, 0 failed
progress: 59.0 s, 24047.8 tps, lat 10.646 ms stddev 13.129, 0 failed
transaction type: star-1.sql
scaling factor: 1
query mode: simple
number of clients: 256
number of threads: 256
maximum number of tries: 1
duration: 60 s
number of transactions actually processed: 1441818
number of failed transactions: 0 (0.000%)
latency average = 10.630 ms
latency stddev = 13.093 ms
initial connection time = 153.059 ms
tps = 24067.434045 (without initial connection time)
