pgbench (18devel, server 9.6.24)
progress: 1.0 s, 18329.3 tps, lat 1.730 ms stddev 0.396, 0 failed
progress: 2.0 s, 18957.6 tps, lat 1.687 ms stddev 0.053, 0 failed
progress: 3.0 s, 18787.4 tps, lat 1.703 ms stddev 0.159, 0 failed
progress: 4.0 s, 19005.6 tps, lat 1.683 ms stddev 0.032, 0 failed
progress: 5.0 s, 19001.1 tps, lat 1.684 ms stddev 0.030, 0 failed
progress: 6.0 s, 19002.0 tps, lat 1.683 ms stddev 0.028, 0 failed
progress: 7.0 s, 19013.3 tps, lat 1.683 ms stddev 0.028, 0 failed
progress: 8.0 s, 18837.7 tps, lat 1.698 ms stddev 0.151, 0 failed
progress: 9.0 s, 18910.4 tps, lat 1.692 ms stddev 0.118, 0 failed
progress: 10.0 s, 19035.6 tps, lat 1.680 ms stddev 0.030, 0 failed
progress: 11.0 s, 18959.9 tps, lat 1.688 ms stddev 0.099, 0 failed
progress: 12.0 s, 18985.8 tps, lat 1.685 ms stddev 0.092, 0 failed
progress: 13.0 s, 19049.3 tps, lat 1.679 ms stddev 0.028, 0 failed
progress: 14.0 s, 19072.3 tps, lat 1.677 ms stddev 0.029, 0 failed
progress: 15.0 s, 19075.5 tps, lat 1.677 ms stddev 0.029, 0 failed
progress: 16.0 s, 19069.9 tps, lat 1.677 ms stddev 0.029, 0 failed
progress: 17.0 s, 19049.0 tps, lat 1.680 ms stddev 0.044, 0 failed
progress: 18.0 s, 18974.1 tps, lat 1.686 ms stddev 0.093, 0 failed
progress: 19.0 s, 19058.0 tps, lat 1.678 ms stddev 0.027, 0 failed
progress: 20.0 s, 18981.0 tps, lat 1.685 ms stddev 0.109, 0 failed
progress: 21.0 s, 19049.1 tps, lat 1.679 ms stddev 0.060, 0 failed
progress: 22.0 s, 18992.7 tps, lat 1.684 ms stddev 0.107, 0 failed
progress: 23.0 s, 18939.3 tps, lat 1.689 ms stddev 0.130, 0 failed
progress: 24.0 s, 18931.0 tps, lat 1.690 ms stddev 0.132, 0 failed
progress: 25.0 s, 19042.0 tps, lat 1.680 ms stddev 0.065, 0 failed
progress: 26.0 s, 18906.0 tps, lat 1.692 ms stddev 0.146, 0 failed
progress: 27.0 s, 19081.0 tps, lat 1.676 ms stddev 0.033, 0 failed
progress: 28.0 s, 19082.0 tps, lat 1.677 ms stddev 0.033, 0 failed
progress: 29.0 s, 19083.0 tps, lat 1.676 ms stddev 0.029, 0 failed
progress: 30.0 s, 19039.0 tps, lat 1.681 ms stddev 0.092, 0 failed
progress: 31.0 s, 19082.0 tps, lat 1.676 ms stddev 0.030, 0 failed
progress: 32.0 s, 18981.8 tps, lat 1.685 ms stddev 0.106, 0 failed
progress: 33.0 s, 19074.3 tps, lat 1.677 ms stddev 0.029, 0 failed
progress: 34.0 s, 19075.0 tps, lat 1.677 ms stddev 0.029, 0 failed
progress: 35.0 s, 18958.0 tps, lat 1.687 ms stddev 0.123, 0 failed
progress: 36.0 s, 19079.0 tps, lat 1.677 ms stddev 0.030, 0 failed
progress: 37.0 s, 19075.0 tps, lat 1.677 ms stddev 0.030, 0 failed
progress: 38.0 s, 19056.8 tps, lat 1.678 ms stddev 0.030, 0 failed
progress: 39.0 s, 19065.3 tps, lat 1.678 ms stddev 0.028, 0 failed
progress: 40.0 s, 19068.0 tps, lat 1.678 ms stddev 0.029, 0 failed
progress: 41.0 s, 18939.0 tps, lat 1.689 ms stddev 0.138, 0 failed
progress: 42.0 s, 19097.9 tps, lat 1.675 ms stddev 0.030, 0 failed
progress: 43.0 s, 19088.0 tps, lat 1.676 ms stddev 0.027, 0 failed
progress: 44.0 s, 19093.0 tps, lat 1.676 ms stddev 0.026, 0 failed
progress: 45.0 s, 19098.0 tps, lat 1.675 ms stddev 0.028, 0 failed
progress: 46.0 s, 19093.0 tps, lat 1.675 ms stddev 0.028, 0 failed
progress: 47.0 s, 19085.0 tps, lat 1.676 ms stddev 0.031, 0 failed
progress: 48.0 s, 19073.6 tps, lat 1.677 ms stddev 0.032, 0 failed
progress: 49.0 s, 19005.3 tps, lat 1.683 ms stddev 0.100, 0 failed
progress: 50.0 s, 18992.0 tps, lat 1.684 ms stddev 0.102, 0 failed
progress: 51.0 s, 19089.0 tps, lat 1.676 ms stddev 0.029, 0 failed
progress: 52.0 s, 19091.0 tps, lat 1.676 ms stddev 0.029, 0 failed
progress: 53.0 s, 19090.0 tps, lat 1.675 ms stddev 0.029, 0 failed
progress: 54.0 s, 19013.0 tps, lat 1.682 ms stddev 0.104, 0 failed
progress: 55.0 s, 19092.1 tps, lat 1.676 ms stddev 0.030, 0 failed
progress: 56.0 s, 19018.0 tps, lat 1.682 ms stddev 0.092, 0 failed
progress: 57.0 s, 19079.0 tps, lat 1.677 ms stddev 0.028, 0 failed
progress: 58.0 s, 19086.0 tps, lat 1.676 ms stddev 0.029, 0 failed
progress: 59.0 s, 19020.0 tps, lat 1.682 ms stddev 0.095, 0 failed
transaction type: star-1.sql
scaling factor: 1
query mode: simple
number of clients: 32
number of threads: 32
maximum number of tries: 1
duration: 60 s
number of transactions actually processed: 1140832
number of failed transactions: 0 (0.000%)
latency average = 1.682 ms
latency stddev = 0.088 ms
initial connection time = 21.974 ms
tps = 19020.208638 (without initial connection time)
