pgbench (18devel, server 9.6.24)
progress: 1.0 s, 24184.5 tps, lat 2.608 ms stddev 1.075, 0 failed
progress: 2.0 s, 24706.9 tps, lat 2.589 ms stddev 0.687, 0 failed
progress: 3.0 s, 24551.1 tps, lat 2.606 ms stddev 0.697, 0 failed
progress: 4.0 s, 24670.0 tps, lat 2.595 ms stddev 0.697, 0 failed
progress: 5.0 s, 24379.0 tps, lat 2.624 ms stddev 0.685, 0 failed
progress: 6.0 s, 24626.9 tps, lat 2.599 ms stddev 0.695, 0 failed
progress: 7.0 s, 24477.0 tps, lat 2.614 ms stddev 0.690, 0 failed
progress: 8.0 s, 24640.1 tps, lat 2.597 ms stddev 0.695, 0 failed
progress: 9.0 s, 24502.9 tps, lat 2.612 ms stddev 0.692, 0 failed
progress: 10.0 s, 24686.1 tps, lat 2.592 ms stddev 0.697, 0 failed
progress: 11.0 s, 24638.1 tps, lat 2.597 ms stddev 0.696, 0 failed
progress: 12.0 s, 24530.7 tps, lat 2.609 ms stddev 0.696, 0 failed
progress: 13.0 s, 24585.2 tps, lat 2.602 ms stddev 0.693, 0 failed
progress: 14.0 s, 24661.8 tps, lat 2.595 ms stddev 0.692, 0 failed
progress: 15.0 s, 24651.2 tps, lat 2.595 ms stddev 0.699, 0 failed
progress: 16.0 s, 24637.0 tps, lat 2.597 ms stddev 0.693, 0 failed
progress: 17.0 s, 24503.0 tps, lat 2.612 ms stddev 0.686, 0 failed
progress: 18.0 s, 24634.9 tps, lat 2.598 ms stddev 0.699, 0 failed
progress: 19.0 s, 24454.0 tps, lat 2.617 ms stddev 0.690, 0 failed
progress: 20.0 s, 24558.9 tps, lat 2.605 ms stddev 0.692, 0 failed
progress: 21.0 s, 24856.0 tps, lat 2.574 ms stddev 0.703, 0 failed
progress: 22.0 s, 24665.3 tps, lat 2.594 ms stddev 0.701, 0 failed
progress: 23.0 s, 24639.8 tps, lat 2.597 ms stddev 0.697, 0 failed
progress: 24.0 s, 24420.0 tps, lat 2.619 ms stddev 0.690, 0 failed
progress: 25.0 s, 24561.0 tps, lat 2.607 ms stddev 0.695, 0 failed
progress: 26.0 s, 24293.3 tps, lat 2.634 ms stddev 0.683, 0 failed
progress: 27.0 s, 24507.8 tps, lat 2.612 ms stddev 0.689, 0 failed
progress: 28.0 s, 24405.0 tps, lat 2.622 ms stddev 0.686, 0 failed
progress: 29.0 s, 24632.2 tps, lat 2.597 ms stddev 0.702, 0 failed
progress: 30.0 s, 24605.9 tps, lat 2.601 ms stddev 0.695, 0 failed
progress: 31.0 s, 24630.2 tps, lat 2.598 ms stddev 0.699, 0 failed
progress: 32.0 s, 24630.7 tps, lat 2.598 ms stddev 0.696, 0 failed
progress: 33.0 s, 24718.0 tps, lat 2.589 ms stddev 0.699, 0 failed
progress: 34.0 s, 24519.0 tps, lat 2.610 ms stddev 0.690, 0 failed
progress: 35.0 s, 24578.1 tps, lat 2.604 ms stddev 0.690, 0 failed
progress: 36.0 s, 24597.0 tps, lat 2.601 ms stddev 0.696, 0 failed
progress: 37.0 s, 24522.8 tps, lat 2.609 ms stddev 0.692, 0 failed
progress: 38.0 s, 24503.2 tps, lat 2.611 ms stddev 0.693, 0 failed
progress: 39.0 s, 24452.8 tps, lat 2.617 ms stddev 0.688, 0 failed
progress: 40.0 s, 24552.0 tps, lat 2.607 ms stddev 0.695, 0 failed
progress: 41.0 s, 24637.3 tps, lat 2.597 ms stddev 0.701, 0 failed
progress: 42.0 s, 24540.7 tps, lat 2.607 ms stddev 0.696, 0 failed
progress: 43.0 s, 24569.0 tps, lat 2.605 ms stddev 0.696, 0 failed
progress: 44.0 s, 24565.1 tps, lat 2.604 ms stddev 0.694, 0 failed
progress: 45.0 s, 24500.9 tps, lat 2.613 ms stddev 0.694, 0 failed
progress: 46.0 s, 24535.0 tps, lat 2.608 ms stddev 0.693, 0 failed
progress: 47.0 s, 24457.0 tps, lat 2.616 ms stddev 0.692, 0 failed
progress: 48.0 s, 24625.0 tps, lat 2.598 ms stddev 0.699, 0 failed
progress: 49.0 s, 24550.1 tps, lat 2.607 ms stddev 0.694, 0 failed
progress: 50.0 s, 24416.8 tps, lat 2.620 ms stddev 0.691, 0 failed
progress: 51.0 s, 24690.1 tps, lat 2.592 ms stddev 0.701, 0 failed
progress: 52.0 s, 24643.9 tps, lat 2.597 ms stddev 0.696, 0 failed
progress: 53.0 s, 24599.0 tps, lat 2.601 ms stddev 0.701, 0 failed
progress: 54.0 s, 24605.3 tps, lat 2.601 ms stddev 0.698, 0 failed
progress: 55.0 s, 24678.6 tps, lat 2.593 ms stddev 0.702, 0 failed
progress: 56.0 s, 24456.1 tps, lat 2.617 ms stddev 0.689, 0 failed
progress: 57.0 s, 24530.9 tps, lat 2.608 ms stddev 0.690, 0 failed
progress: 58.0 s, 24568.1 tps, lat 2.605 ms stddev 0.694, 0 failed
progress: 59.0 s, 24462.1 tps, lat 2.616 ms stddev 0.689, 0 failed
transaction type: star-1.sql
scaling factor: 1
query mode: simple
number of clients: 64
number of threads: 64
maximum number of tries: 1
duration: 60 s
number of transactions actually processed: 1473167
number of failed transactions: 0 (0.000%)
latency average = 2.605 ms
latency stddev = 0.702 ms
initial connection time = 38.945 ms
tps = 24567.283763 (without initial connection time)
