pgbench (18devel, server 9.3.25)
progress: 1.0 s, 775.9 tps, lat 1.284 ms stddev 0.063, 0 failed
progress: 2.0 s, 782.0 tps, lat 1.279 ms stddev 0.020, 0 failed
progress: 3.0 s, 778.0 tps, lat 1.285 ms stddev 0.007, 0 failed
progress: 4.0 s, 777.0 tps, lat 1.285 ms stddev 0.016, 0 failed
progress: 5.0 s, 787.0 tps, lat 1.272 ms stddev 0.008, 0 failed
progress: 6.0 s, 785.0 tps, lat 1.273 ms stddev 0.014, 0 failed
progress: 7.0 s, 787.0 tps, lat 1.270 ms stddev 0.007, 0 failed
progress: 8.0 s, 787.0 tps, lat 1.270 ms stddev 0.007, 0 failed
progress: 9.0 s, 787.0 tps, lat 1.269 ms stddev 0.007, 0 failed
progress: 10.0 s, 787.0 tps, lat 1.271 ms stddev 0.014, 0 failed
progress: 11.0 s, 789.0 tps, lat 1.266 ms stddev 0.007, 0 failed
progress: 12.0 s, 790.0 tps, lat 1.266 ms stddev 0.007, 0 failed
progress: 13.0 s, 789.0 tps, lat 1.266 ms stddev 0.007, 0 failed
progress: 14.0 s, 792.0 tps, lat 1.263 ms stddev 0.011, 0 failed
progress: 15.0 s, 795.0 tps, lat 1.257 ms stddev 0.009, 0 failed
progress: 16.0 s, 795.0 tps, lat 1.257 ms stddev 0.011, 0 failed
progress: 17.0 s, 796.0 tps, lat 1.256 ms stddev 0.007, 0 failed
progress: 18.0 s, 794.0 tps, lat 1.260 ms stddev 0.019, 0 failed
progress: 19.0 s, 796.0 tps, lat 1.256 ms stddev 0.006, 0 failed
progress: 20.0 s, 794.0 tps, lat 1.259 ms stddev 0.018, 0 failed
progress: 21.0 s, 796.0 tps, lat 1.256 ms stddev 0.008, 0 failed
progress: 22.0 s, 790.0 tps, lat 1.264 ms stddev 0.021, 0 failed
progress: 23.0 s, 781.0 tps, lat 1.280 ms stddev 0.007, 0 failed
progress: 24.0 s, 782.1 tps, lat 1.280 ms stddev 0.006, 0 failed
progress: 25.0 s, 786.9 tps, lat 1.269 ms stddev 0.012, 0 failed
progress: 26.0 s, 794.0 tps, lat 1.259 ms stddev 0.018, 0 failed
progress: 27.0 s, 796.0 tps, lat 1.256 ms stddev 0.006, 0 failed
progress: 28.0 s, 795.0 tps, lat 1.258 ms stddev 0.011, 0 failed
progress: 29.0 s, 796.0 tps, lat 1.256 ms stddev 0.007, 0 failed
progress: 30.0 s, 795.0 tps, lat 1.257 ms stddev 0.012, 0 failed
progress: 31.0 s, 796.0 tps, lat 1.256 ms stddev 0.007, 0 failed
progress: 32.0 s, 796.0 tps, lat 1.256 ms stddev 0.006, 0 failed
progress: 33.0 s, 796.0 tps, lat 1.256 ms stddev 0.007, 0 failed
progress: 34.0 s, 796.0 tps, lat 1.256 ms stddev 0.011, 0 failed
progress: 35.0 s, 796.0 tps, lat 1.256 ms stddev 0.006, 0 failed
progress: 36.0 s, 796.0 tps, lat 1.257 ms stddev 0.011, 0 failed
progress: 37.0 s, 795.0 tps, lat 1.256 ms stddev 0.011, 0 failed
progress: 38.0 s, 796.0 tps, lat 1.257 ms stddev 0.009, 0 failed
progress: 39.0 s, 796.0 tps, lat 1.256 ms stddev 0.007, 0 failed
progress: 40.0 s, 796.0 tps, lat 1.256 ms stddev 0.009, 0 failed
progress: 41.0 s, 796.0 tps, lat 1.255 ms stddev 0.006, 0 failed
progress: 42.0 s, 796.0 tps, lat 1.256 ms stddev 0.010, 0 failed
progress: 43.0 s, 786.0 tps, lat 1.272 ms stddev 0.016, 0 failed
progress: 44.0 s, 781.0 tps, lat 1.280 ms stddev 0.007, 0 failed
progress: 45.0 s, 781.0 tps, lat 1.279 ms stddev 0.006, 0 failed
progress: 46.0 s, 782.0 tps, lat 1.279 ms stddev 0.016, 0 failed
progress: 47.0 s, 789.1 tps, lat 1.268 ms stddev 0.007, 0 failed
progress: 48.0 s, 786.0 tps, lat 1.271 ms stddev 0.021, 0 failed
progress: 49.0 s, 788.0 tps, lat 1.268 ms stddev 0.007, 0 failed
progress: 50.0 s, 788.0 tps, lat 1.268 ms stddev 0.010, 0 failed
progress: 51.0 s, 788.0 tps, lat 1.268 ms stddev 0.009, 0 failed
progress: 52.0 s, 789.0 tps, lat 1.267 ms stddev 0.011, 0 failed
progress: 53.0 s, 783.0 tps, lat 1.276 ms stddev 0.014, 0 failed
progress: 54.0 s, 783.0 tps, lat 1.277 ms stddev 0.011, 0 failed
progress: 55.0 s, 788.0 tps, lat 1.268 ms stddev 0.008, 0 failed
progress: 56.0 s, 787.0 tps, lat 1.270 ms stddev 0.012, 0 failed
progress: 57.0 s, 789.0 tps, lat 1.267 ms stddev 0.012, 0 failed
progress: 58.0 s, 792.0 tps, lat 1.263 ms stddev 0.010, 0 failed
progress: 59.0 s, 796.0 tps, lat 1.255 ms stddev 0.007, 0 failed
progress: 60.0 s, 797.0 tps, lat 1.255 ms stddev 0.007, 0 failed
transaction type: star-1.sql
scaling factor: 1
query mode: simple
number of clients: 1
number of threads: 1
maximum number of tries: 1
duration: 60 s
number of transactions actually processed: 47400
number of failed transactions: 0 (0.000%)
latency average = 1.265 ms
latency stddev = 0.016 ms
initial connection time = 2.450 ms
tps = 790.018947 (without initial connection time)
