pgbench (18devel, server 8.4.22)
progress: 1.0 s, 65.0 tps, lat 15.278 ms stddev 0.594, 0 failed
progress: 2.0 s, 66.0 tps, lat 15.190 ms stddev 0.147, 0 failed
progress: 3.0 s, 65.0 tps, lat 15.207 ms stddev 0.208, 0 failed
progress: 4.0 s, 66.0 tps, lat 15.225 ms stddev 0.300, 0 failed
progress: 5.0 s, 66.0 tps, lat 15.186 ms stddev 0.153, 0 failed
progress: 6.0 s, 66.0 tps, lat 15.192 ms stddev 0.181, 0 failed
progress: 7.0 s, 66.0 tps, lat 15.184 ms stddev 0.181, 0 failed
progress: 8.0 s, 65.0 tps, lat 15.234 ms stddev 0.252, 0 failed
progress: 9.0 s, 66.0 tps, lat 15.181 ms stddev 0.150, 0 failed
progress: 10.0 s, 66.0 tps, lat 15.266 ms stddev 0.482, 0 failed
progress: 11.0 s, 65.0 tps, lat 15.281 ms stddev 0.311, 0 failed
progress: 12.0 s, 66.0 tps, lat 15.227 ms stddev 0.204, 0 failed
progress: 13.0 s, 66.0 tps, lat 15.178 ms stddev 0.153, 0 failed
progress: 14.0 s, 65.0 tps, lat 15.223 ms stddev 0.256, 0 failed
progress: 15.0 s, 66.0 tps, lat 15.162 ms stddev 0.108, 0 failed
progress: 16.0 s, 66.0 tps, lat 15.241 ms stddev 0.271, 0 failed
progress: 17.0 s, 66.0 tps, lat 15.212 ms stddev 0.246, 0 failed
progress: 18.0 s, 65.0 tps, lat 15.179 ms stddev 0.160, 0 failed
progress: 19.0 s, 66.0 tps, lat 15.170 ms stddev 0.141, 0 failed
progress: 20.0 s, 66.0 tps, lat 15.240 ms stddev 0.477, 0 failed
progress: 21.0 s, 66.0 tps, lat 15.188 ms stddev 0.204, 0 failed
progress: 22.0 s, 66.0 tps, lat 15.227 ms stddev 0.249, 0 failed
progress: 23.0 s, 65.0 tps, lat 15.259 ms stddev 0.231, 0 failed
progress: 24.0 s, 66.0 tps, lat 15.227 ms stddev 0.248, 0 failed
progress: 25.0 s, 65.0 tps, lat 15.220 ms stddev 0.229, 0 failed
progress: 26.0 s, 66.0 tps, lat 15.207 ms stddev 0.245, 0 failed
progress: 27.0 s, 66.0 tps, lat 15.178 ms stddev 0.164, 0 failed
progress: 28.0 s, 66.0 tps, lat 15.227 ms stddev 0.246, 0 failed
progress: 29.0 s, 66.0 tps, lat 15.177 ms stddev 0.147, 0 failed
progress: 30.0 s, 65.0 tps, lat 15.281 ms stddev 0.499, 0 failed
progress: 31.0 s, 66.0 tps, lat 15.183 ms stddev 0.179, 0 failed
progress: 32.0 s, 66.0 tps, lat 15.179 ms stddev 0.249, 0 failed
progress: 33.0 s, 65.0 tps, lat 15.267 ms stddev 0.336, 0 failed
progress: 34.0 s, 66.0 tps, lat 15.171 ms stddev 0.149, 0 failed
progress: 35.0 s, 66.0 tps, lat 15.182 ms stddev 0.178, 0 failed
progress: 36.0 s, 66.0 tps, lat 15.173 ms stddev 0.140, 0 failed
progress: 37.0 s, 66.0 tps, lat 15.187 ms stddev 0.179, 0 failed
progress: 38.0 s, 66.0 tps, lat 15.159 ms stddev 0.108, 0 failed
progress: 39.0 s, 66.0 tps, lat 15.216 ms stddev 0.261, 0 failed
progress: 40.0 s, 65.0 tps, lat 15.219 ms stddev 0.266, 0 failed
progress: 41.0 s, 66.0 tps, lat 15.195 ms stddev 0.485, 0 failed
progress: 42.0 s, 66.0 tps, lat 15.133 ms stddev 0.223, 0 failed
progress: 43.0 s, 66.0 tps, lat 15.105 ms stddev 0.210, 0 failed
progress: 44.0 s, 67.0 tps, lat 15.094 ms stddev 0.195, 0 failed
progress: 45.0 s, 66.0 tps, lat 15.163 ms stddev 0.305, 0 failed
progress: 46.0 s, 66.0 tps, lat 15.083 ms stddev 0.173, 0 failed
progress: 47.0 s, 66.0 tps, lat 15.142 ms stddev 0.269, 0 failed
progress: 48.0 s, 66.0 tps, lat 15.098 ms stddev 0.210, 0 failed
progress: 49.0 s, 66.0 tps, lat 15.139 ms stddev 0.275, 0 failed
progress: 50.0 s, 66.0 tps, lat 15.172 ms stddev 0.325, 0 failed
progress: 51.0 s, 66.0 tps, lat 15.186 ms stddev 0.507, 0 failed
progress: 52.0 s, 66.0 tps, lat 15.122 ms stddev 0.248, 0 failed
progress: 53.0 s, 66.0 tps, lat 15.102 ms stddev 0.233, 0 failed
progress: 54.0 s, 66.0 tps, lat 15.134 ms stddev 0.280, 0 failed
progress: 55.0 s, 66.0 tps, lat 15.128 ms stddev 0.253, 0 failed
progress: 56.0 s, 67.0 tps, lat 15.105 ms stddev 0.274, 0 failed
progress: 57.0 s, 66.0 tps, lat 15.120 ms stddev 0.228, 0 failed
progress: 58.0 s, 66.0 tps, lat 15.159 ms stddev 0.314, 0 failed
progress: 59.0 s, 66.0 tps, lat 15.089 ms stddev 0.180, 0 failed
progress: 60.0 s, 66.0 tps, lat 15.174 ms stddev 0.325, 0 failed
transaction type: star-1.sql
scaling factor: 1
query mode: simple
number of clients: 1
number of threads: 1
maximum number of tries: 1
duration: 60 s
number of transactions actually processed: 3952
number of failed transactions: 0 (0.000%)
latency average = 15.183 ms
latency stddev = 0.274 ms
initial connection time = 2.217 ms
tps = 65.859465 (without initial connection time)
