pgbench (18devel, server 9.6.24)
progress: 1.0 s, 1868.8 tps, lat 16.870 ms stddev 2.569, 0 failed
progress: 2.0 s, 1959.0 tps, lat 16.320 ms stddev 0.450, 0 failed
progress: 3.0 s, 1956.0 tps, lat 16.345 ms stddev 1.248, 0 failed
progress: 4.0 s, 1918.0 tps, lat 16.685 ms stddev 2.838, 0 failed
progress: 5.0 s, 1922.0 tps, lat 16.674 ms stddev 2.762, 0 failed
progress: 6.0 s, 1916.0 tps, lat 16.668 ms stddev 2.698, 0 failed
progress: 7.0 s, 1920.0 tps, lat 16.667 ms stddev 2.695, 0 failed
progress: 8.0 s, 1979.0 tps, lat 16.193 ms stddev 0.232, 0 failed
progress: 9.0 s, 1941.0 tps, lat 16.463 ms stddev 2.058, 0 failed
progress: 10.0 s, 1965.0 tps, lat 16.272 ms stddev 1.184, 0 failed
progress: 11.0 s, 1978.0 tps, lat 16.176 ms stddev 0.269, 0 failed
progress: 12.0 s, 1981.0 tps, lat 16.159 ms stddev 0.248, 0 failed
progress: 13.0 s, 1977.0 tps, lat 16.224 ms stddev 1.032, 0 failed
progress: 14.0 s, 1977.0 tps, lat 16.163 ms stddev 0.259, 0 failed
progress: 15.0 s, 1983.0 tps, lat 16.161 ms stddev 0.255, 0 failed
progress: 16.0 s, 1979.0 tps, lat 16.158 ms stddev 0.250, 0 failed
progress: 17.0 s, 1969.0 tps, lat 16.249 ms stddev 1.187, 0 failed
progress: 18.0 s, 1979.0 tps, lat 16.148 ms stddev 0.229, 0 failed
progress: 19.0 s, 1979.0 tps, lat 16.163 ms stddev 0.253, 0 failed
progress: 20.0 s, 1982.0 tps, lat 16.162 ms stddev 0.293, 0 failed
progress: 21.0 s, 1980.0 tps, lat 16.155 ms stddev 0.267, 0 failed
progress: 22.0 s, 1979.0 tps, lat 16.161 ms stddev 0.289, 0 failed
progress: 23.0 s, 1982.0 tps, lat 16.148 ms stddev 0.241, 0 failed
progress: 24.0 s, 1980.0 tps, lat 16.152 ms stddev 0.252, 0 failed
progress: 25.0 s, 1984.0 tps, lat 16.167 ms stddev 0.287, 0 failed
progress: 26.0 s, 1975.0 tps, lat 16.162 ms stddev 0.278, 0 failed
progress: 27.0 s, 1982.0 tps, lat 16.168 ms stddev 0.287, 0 failed
progress: 28.0 s, 1983.0 tps, lat 16.151 ms stddev 0.239, 0 failed
progress: 29.0 s, 1981.0 tps, lat 16.157 ms stddev 0.247, 0 failed
progress: 30.0 s, 1979.0 tps, lat 16.162 ms stddev 0.285, 0 failed
progress: 31.0 s, 1978.0 tps, lat 16.154 ms stddev 0.256, 0 failed
progress: 32.0 s, 1984.0 tps, lat 16.151 ms stddev 0.261, 0 failed
progress: 33.0 s, 1980.0 tps, lat 16.157 ms stddev 0.284, 0 failed
progress: 34.0 s, 1975.0 tps, lat 16.180 ms stddev 0.334, 0 failed
progress: 35.0 s, 1981.0 tps, lat 16.157 ms stddev 0.292, 0 failed
progress: 36.0 s, 1982.0 tps, lat 16.147 ms stddev 0.242, 0 failed
progress: 37.0 s, 1973.0 tps, lat 16.205 ms stddev 0.245, 0 failed
progress: 38.0 s, 1976.0 tps, lat 16.220 ms stddev 0.250, 0 failed
progress: 39.0 s, 1977.0 tps, lat 16.174 ms stddev 0.281, 0 failed
progress: 40.0 s, 1983.0 tps, lat 16.170 ms stddev 0.269, 0 failed
progress: 41.0 s, 1979.0 tps, lat 16.151 ms stddev 0.248, 0 failed
progress: 42.0 s, 1978.0 tps, lat 16.164 ms stddev 0.293, 0 failed
progress: 43.0 s, 1972.1 tps, lat 16.236 ms stddev 1.084, 0 failed
progress: 44.0 s, 1978.9 tps, lat 16.163 ms stddev 0.286, 0 failed
progress: 45.0 s, 1979.0 tps, lat 16.146 ms stddev 0.259, 0 failed
progress: 46.0 s, 1983.0 tps, lat 16.159 ms stddev 0.280, 0 failed
progress: 47.0 s, 1976.0 tps, lat 16.158 ms stddev 0.283, 0 failed
progress: 48.0 s, 1975.0 tps, lat 16.224 ms stddev 1.066, 0 failed
progress: 49.0 s, 1984.1 tps, lat 16.159 ms stddev 0.303, 0 failed
progress: 50.0 s, 1980.9 tps, lat 16.153 ms stddev 0.307, 0 failed
progress: 51.0 s, 1977.0 tps, lat 16.151 ms stddev 0.303, 0 failed
progress: 52.0 s, 1982.0 tps, lat 16.147 ms stddev 0.277, 0 failed
progress: 53.0 s, 1964.0 tps, lat 16.301 ms stddev 1.579, 0 failed
progress: 54.0 s, 1982.0 tps, lat 16.136 ms stddev 0.251, 0 failed
progress: 55.0 s, 1986.0 tps, lat 16.143 ms stddev 0.268, 0 failed
progress: 56.0 s, 1981.0 tps, lat 16.151 ms stddev 0.278, 0 failed
progress: 57.0 s, 1979.0 tps, lat 16.152 ms stddev 0.296, 0 failed
progress: 58.0 s, 1980.0 tps, lat 16.148 ms stddev 0.302, 0 failed
progress: 59.0 s, 1983.0 tps, lat 16.144 ms stddev 0.291, 0 failed
transaction type: star-1.sql
scaling factor: 1
query mode: simple
number of clients: 32
number of threads: 32
maximum number of tries: 1
duration: 60 s
number of transactions actually processed: 118309
number of failed transactions: 0 (0.000%)
latency average = 16.224 ms
latency stddev = 0.959 ms
initial connection time = 22.698 ms
tps = 1972.044372 (without initial connection time)
