pgbench (18devel, server 9.6.24)
progress: 1.0 s, 2387.8 tps, lat 26.081 ms stddev 9.258, 0 failed
progress: 2.0 s, 2583.0 tps, lat 24.715 ms stddev 8.332, 0 failed
progress: 3.0 s, 2474.0 tps, lat 25.900 ms stddev 8.534, 0 failed
progress: 4.0 s, 2498.0 tps, lat 25.638 ms stddev 8.465, 0 failed
progress: 5.0 s, 2506.0 tps, lat 25.472 ms stddev 8.438, 0 failed
progress: 6.0 s, 2509.0 tps, lat 25.596 ms stddev 8.415, 0 failed
progress: 7.0 s, 2516.0 tps, lat 25.372 ms stddev 8.368, 0 failed
progress: 8.0 s, 2513.0 tps, lat 25.497 ms stddev 8.381, 0 failed
progress: 9.0 s, 2492.0 tps, lat 25.695 ms stddev 8.333, 0 failed
progress: 10.0 s, 2509.0 tps, lat 25.468 ms stddev 8.350, 0 failed
progress: 11.0 s, 2517.0 tps, lat 25.537 ms stddev 8.318, 0 failed
progress: 12.0 s, 2512.0 tps, lat 25.393 ms stddev 8.344, 0 failed
progress: 13.0 s, 2516.0 tps, lat 25.411 ms stddev 8.385, 0 failed
progress: 14.0 s, 2490.0 tps, lat 25.654 ms stddev 8.393, 0 failed
progress: 15.0 s, 2523.0 tps, lat 25.485 ms stddev 8.345, 0 failed
progress: 16.0 s, 2516.0 tps, lat 25.376 ms stddev 8.344, 0 failed
progress: 17.0 s, 2478.0 tps, lat 25.836 ms stddev 8.299, 0 failed
progress: 18.0 s, 2470.0 tps, lat 25.875 ms stddev 8.314, 0 failed
progress: 19.0 s, 2496.0 tps, lat 25.658 ms stddev 8.362, 0 failed
progress: 20.0 s, 2517.0 tps, lat 25.511 ms stddev 8.331, 0 failed
progress: 21.0 s, 2500.0 tps, lat 25.549 ms stddev 8.347, 0 failed
progress: 22.0 s, 2489.0 tps, lat 25.690 ms stddev 8.367, 0 failed
progress: 23.0 s, 2520.0 tps, lat 25.432 ms stddev 8.416, 0 failed
progress: 24.0 s, 2515.0 tps, lat 25.382 ms stddev 8.366, 0 failed
progress: 25.0 s, 2518.0 tps, lat 25.468 ms stddev 8.336, 0 failed
progress: 26.0 s, 2517.0 tps, lat 25.430 ms stddev 8.363, 0 failed
progress: 27.0 s, 2520.0 tps, lat 25.357 ms stddev 8.350, 0 failed
progress: 28.0 s, 2509.0 tps, lat 25.514 ms stddev 8.396, 0 failed
progress: 29.0 s, 2520.0 tps, lat 25.458 ms stddev 8.407, 0 failed
progress: 30.0 s, 2504.0 tps, lat 25.456 ms stddev 8.430, 0 failed
progress: 31.0 s, 2506.0 tps, lat 25.544 ms stddev 8.463, 0 failed
progress: 32.0 s, 2508.0 tps, lat 25.617 ms stddev 8.474, 0 failed
progress: 33.0 s, 2494.0 tps, lat 25.631 ms stddev 8.445, 0 failed
progress: 34.0 s, 2508.0 tps, lat 25.505 ms stddev 8.466, 0 failed
progress: 35.0 s, 2499.0 tps, lat 25.573 ms stddev 8.467, 0 failed
progress: 36.0 s, 2507.0 tps, lat 25.595 ms stddev 8.489, 0 failed
progress: 37.0 s, 2502.0 tps, lat 25.519 ms stddev 8.440, 0 failed
progress: 38.0 s, 2509.0 tps, lat 25.563 ms stddev 8.402, 0 failed
progress: 39.0 s, 2521.0 tps, lat 25.422 ms stddev 8.395, 0 failed
progress: 40.0 s, 2507.0 tps, lat 25.437 ms stddev 8.432, 0 failed
progress: 41.0 s, 2509.0 tps, lat 25.549 ms stddev 8.409, 0 failed
progress: 42.0 s, 2513.0 tps, lat 25.438 ms stddev 8.396, 0 failed
progress: 43.0 s, 2511.0 tps, lat 25.483 ms stddev 8.403, 0 failed
progress: 44.0 s, 2503.0 tps, lat 25.537 ms stddev 8.399, 0 failed
progress: 45.0 s, 2520.0 tps, lat 25.466 ms stddev 8.419, 0 failed
progress: 46.0 s, 2510.0 tps, lat 25.476 ms stddev 8.436, 0 failed
progress: 47.0 s, 2491.0 tps, lat 25.663 ms stddev 8.400, 0 failed
progress: 48.0 s, 2496.0 tps, lat 25.638 ms stddev 8.440, 0 failed
progress: 49.0 s, 2499.0 tps, lat 25.600 ms stddev 8.460, 0 failed
progress: 50.0 s, 2510.0 tps, lat 25.527 ms stddev 8.503, 0 failed
progress: 51.0 s, 2516.0 tps, lat 25.473 ms stddev 8.458, 0 failed
progress: 52.0 s, 2514.0 tps, lat 25.447 ms stddev 8.428, 0 failed
progress: 53.0 s, 2514.0 tps, lat 25.471 ms stddev 8.416, 0 failed
progress: 54.0 s, 2514.0 tps, lat 25.460 ms stddev 8.402, 0 failed
progress: 55.0 s, 2501.0 tps, lat 25.559 ms stddev 8.360, 0 failed
progress: 56.0 s, 2509.0 tps, lat 25.532 ms stddev 8.351, 0 failed
progress: 57.0 s, 2501.0 tps, lat 25.541 ms stddev 8.358, 0 failed
progress: 58.0 s, 2496.0 tps, lat 25.680 ms stddev 8.351, 0 failed
progress: 59.0 s, 2508.0 tps, lat 25.482 ms stddev 8.408, 0 failed
transaction type: star-1.sql
scaling factor: 1
query mode: simple
number of clients: 64
number of threads: 64
maximum number of tries: 1
duration: 60 s
number of transactions actually processed: 150340
number of failed transactions: 0 (0.000%)
latency average = 25.532 ms
latency stddev = 8.414 ms
initial connection time = 38.643 ms
tps = 2505.945996 (without initial connection time)
