pgbench (18devel, server 13.16)
progress: 1.0 s, 28655.4 tps, lat 2.197 ms stddev 1.023, 0 failed
progress: 2.0 s, 29577.8 tps, lat 2.163 ms stddev 0.549, 0 failed
progress: 3.0 s, 29566.2 tps, lat 2.165 ms stddev 0.540, 0 failed
progress: 4.0 s, 29502.8 tps, lat 2.169 ms stddev 0.540, 0 failed
progress: 5.0 s, 29721.0 tps, lat 2.153 ms stddev 0.549, 0 failed
progress: 6.0 s, 29539.9 tps, lat 2.166 ms stddev 0.541, 0 failed
progress: 7.0 s, 29523.7 tps, lat 2.168 ms stddev 0.541, 0 failed
progress: 8.0 s, 29579.5 tps, lat 2.163 ms stddev 0.547, 0 failed
progress: 9.0 s, 29543.9 tps, lat 2.166 ms stddev 0.543, 0 failed
progress: 10.0 s, 29620.9 tps, lat 2.160 ms stddev 0.539, 0 failed
progress: 11.0 s, 29875.1 tps, lat 2.142 ms stddev 0.548, 0 failed
progress: 12.0 s, 29606.9 tps, lat 2.161 ms stddev 0.541, 0 failed
progress: 13.0 s, 29637.1 tps, lat 2.159 ms stddev 0.543, 0 failed
progress: 14.0 s, 29472.2 tps, lat 2.171 ms stddev 0.538, 0 failed
progress: 15.0 s, 29734.8 tps, lat 2.152 ms stddev 0.544, 0 failed
progress: 16.0 s, 29800.6 tps, lat 2.147 ms stddev 0.548, 0 failed
progress: 17.0 s, 29522.0 tps, lat 2.168 ms stddev 0.539, 0 failed
progress: 18.0 s, 29721.4 tps, lat 2.152 ms stddev 0.545, 0 failed
progress: 19.0 s, 29683.0 tps, lat 2.156 ms stddev 0.543, 0 failed
progress: 20.0 s, 29825.0 tps, lat 2.145 ms stddev 0.546, 0 failed
progress: 21.0 s, 29666.0 tps, lat 2.157 ms stddev 0.541, 0 failed
progress: 22.0 s, 29651.1 tps, lat 2.158 ms stddev 0.541, 0 failed
progress: 23.0 s, 29838.1 tps, lat 2.145 ms stddev 0.547, 0 failed
progress: 24.0 s, 29740.9 tps, lat 2.151 ms stddev 0.544, 0 failed
progress: 25.0 s, 29594.9 tps, lat 2.162 ms stddev 0.540, 0 failed
progress: 26.0 s, 29744.3 tps, lat 2.151 ms stddev 0.542, 0 failed
progress: 27.0 s, 29680.0 tps, lat 2.155 ms stddev 0.543, 0 failed
progress: 28.0 s, 29745.7 tps, lat 2.152 ms stddev 0.544, 0 failed
progress: 29.0 s, 29650.3 tps, lat 2.158 ms stddev 0.542, 0 failed
progress: 30.0 s, 29563.9 tps, lat 2.165 ms stddev 0.532, 0 failed
progress: 31.0 s, 29526.9 tps, lat 2.167 ms stddev 0.538, 0 failed
progress: 32.0 s, 29635.0 tps, lat 2.159 ms stddev 0.540, 0 failed
progress: 33.0 s, 29648.1 tps, lat 2.159 ms stddev 0.538, 0 failed
progress: 34.0 s, 29685.0 tps, lat 2.155 ms stddev 0.539, 0 failed
progress: 35.0 s, 29734.0 tps, lat 2.152 ms stddev 0.543, 0 failed
progress: 36.0 s, 29815.0 tps, lat 2.146 ms stddev 0.545, 0 failed
progress: 37.0 s, 29630.0 tps, lat 2.160 ms stddev 0.540, 0 failed
progress: 38.0 s, 29675.0 tps, lat 2.156 ms stddev 0.543, 0 failed
progress: 39.0 s, 29860.1 tps, lat 2.143 ms stddev 0.547, 0 failed
progress: 40.0 s, 29867.8 tps, lat 2.142 ms stddev 0.544, 0 failed
progress: 41.0 s, 29725.9 tps, lat 2.152 ms stddev 0.544, 0 failed
progress: 42.0 s, 29560.1 tps, lat 2.165 ms stddev 0.538, 0 failed
progress: 43.0 s, 29585.0 tps, lat 2.163 ms stddev 0.537, 0 failed
progress: 44.0 s, 29652.2 tps, lat 2.158 ms stddev 0.542, 0 failed
progress: 45.0 s, 29877.0 tps, lat 2.141 ms stddev 0.549, 0 failed
progress: 46.0 s, 29799.8 tps, lat 2.148 ms stddev 0.542, 0 failed
progress: 47.0 s, 29771.9 tps, lat 2.149 ms stddev 0.542, 0 failed
progress: 48.0 s, 29788.2 tps, lat 2.148 ms stddev 0.546, 0 failed
progress: 49.0 s, 29837.9 tps, lat 2.144 ms stddev 0.546, 0 failed
progress: 50.0 s, 29758.1 tps, lat 2.151 ms stddev 0.545, 0 failed
progress: 51.0 s, 29780.8 tps, lat 2.148 ms stddev 0.544, 0 failed
progress: 52.0 s, 29698.0 tps, lat 2.155 ms stddev 0.543, 0 failed
progress: 53.0 s, 29759.0 tps, lat 2.151 ms stddev 0.541, 0 failed
progress: 54.0 s, 29709.2 tps, lat 2.153 ms stddev 0.539, 0 failed
progress: 55.0 s, 29750.9 tps, lat 2.152 ms stddev 0.544, 0 failed
progress: 56.0 s, 29648.1 tps, lat 2.158 ms stddev 0.542, 0 failed
progress: 57.0 s, 29670.8 tps, lat 2.157 ms stddev 0.544, 0 failed
progress: 58.0 s, 29465.0 tps, lat 2.172 ms stddev 0.536, 0 failed
progress: 59.0 s, 29776.0 tps, lat 2.149 ms stddev 0.546, 0 failed
transaction type: star-1.sql
scaling factor: 1
query mode: simple
number of clients: 64
number of threads: 64
maximum number of tries: 1
duration: 60 s
number of transactions actually processed: 1779433
number of failed transactions: 0 (0.000%)
latency average = 2.156 ms
latency stddev = 0.554 ms
initial connection time = 39.686 ms
tps = 29675.102345 (without initial connection time)
