pgbench (18devel)
starting vacuum...end.
progress: 1.0 s, 134122.6 tps, lat 0.236 ms stddev 0.474, 0 failed
progress: 2.0 s, 145222.9 tps, lat 0.220 ms stddev 0.113, 0 failed
progress: 3.0 s, 145254.1 tps, lat 0.220 ms stddev 0.114, 0 failed
progress: 4.0 s, 148008.0 tps, lat 0.216 ms stddev 0.114, 0 failed
progress: 5.0 s, 147452.1 tps, lat 0.217 ms stddev 0.113, 0 failed
progress: 6.0 s, 146867.5 tps, lat 0.218 ms stddev 0.117, 0 failed
progress: 7.0 s, 147777.5 tps, lat 0.216 ms stddev 0.112, 0 failed
progress: 8.0 s, 143618.6 tps, lat 0.223 ms stddev 0.545, 0 failed
progress: 9.0 s, 148105.6 tps, lat 0.216 ms stddev 0.120, 0 failed
progress: 10.0 s, 144413.9 tps, lat 0.221 ms stddev 0.512, 0 failed
progress: 11.0 s, 147159.0 tps, lat 0.217 ms stddev 0.117, 0 failed
progress: 12.0 s, 147915.3 tps, lat 0.216 ms stddev 0.114, 0 failed
progress: 13.0 s, 143869.0 tps, lat 0.222 ms stddev 0.330, 0 failed
progress: 14.0 s, 142764.4 tps, lat 0.224 ms stddev 0.565, 0 failed
progress: 15.0 s, 148111.6 tps, lat 0.216 ms stddev 0.113, 0 failed
progress: 16.0 s, 147951.8 tps, lat 0.216 ms stddev 0.114, 0 failed
progress: 17.0 s, 147852.9 tps, lat 0.216 ms stddev 0.114, 0 failed
progress: 18.0 s, 148489.4 tps, lat 0.215 ms stddev 0.114, 0 failed
progress: 19.0 s, 148835.2 tps, lat 0.215 ms stddev 0.113, 0 failed
progress: 20.0 s, 148287.1 tps, lat 0.216 ms stddev 0.161, 0 failed
progress: 21.0 s, 144939.6 tps, lat 0.221 ms stddev 0.528, 0 failed
progress: 22.0 s, 145665.9 tps, lat 0.219 ms stddev 0.318, 0 failed
progress: 23.0 s, 149293.7 tps, lat 0.214 ms stddev 0.113, 0 failed
progress: 24.0 s, 148957.1 tps, lat 0.215 ms stddev 0.113, 0 failed
progress: 25.0 s, 149032.1 tps, lat 0.215 ms stddev 0.113, 0 failed
progress: 26.0 s, 149105.9 tps, lat 0.214 ms stddev 0.114, 0 failed
progress: 27.0 s, 149473.6 tps, lat 0.214 ms stddev 0.113, 0 failed
progress: 28.0 s, 145374.5 tps, lat 0.220 ms stddev 0.518, 0 failed
progress: 29.0 s, 149896.0 tps, lat 0.213 ms stddev 0.114, 0 failed
progress: 30.0 s, 151034.2 tps, lat 0.212 ms stddev 0.112, 0 failed
progress: 31.0 s, 150470.0 tps, lat 0.212 ms stddev 0.113, 0 failed
progress: 32.0 s, 150724.7 tps, lat 0.212 ms stddev 0.114, 0 failed
progress: 33.0 s, 150676.8 tps, lat 0.212 ms stddev 0.113, 0 failed
progress: 34.0 s, 149892.6 tps, lat 0.213 ms stddev 0.113, 0 failed
progress: 35.0 s, 149713.5 tps, lat 0.214 ms stddev 0.113, 0 failed
progress: 36.0 s, 149802.5 tps, lat 0.213 ms stddev 0.152, 0 failed
progress: 37.0 s, 150149.7 tps, lat 0.213 ms stddev 0.197, 0 failed
progress: 38.0 s, 152223.9 tps, lat 0.210 ms stddev 0.112, 0 failed
progress: 39.0 s, 152479.3 tps, lat 0.210 ms stddev 0.112, 0 failed
progress: 40.0 s, 151160.9 tps, lat 0.211 ms stddev 0.112, 0 failed
progress: 41.0 s, 151366.8 tps, lat 0.211 ms stddev 0.149, 0 failed
progress: 42.0 s, 152452.3 tps, lat 0.210 ms stddev 0.111, 0 failed
progress: 43.0 s, 146295.0 tps, lat 0.219 ms stddev 0.558, 0 failed
progress: 44.0 s, 148358.9 tps, lat 0.215 ms stddev 0.349, 0 failed
progress: 45.0 s, 150549.7 tps, lat 0.212 ms stddev 0.112, 0 failed
progress: 46.0 s, 151087.4 tps, lat 0.212 ms stddev 0.112, 0 failed
progress: 47.0 s, 151844.1 tps, lat 0.211 ms stddev 0.112, 0 failed
progress: 48.0 s, 152010.7 tps, lat 0.210 ms stddev 0.112, 0 failed
progress: 49.0 s, 152317.0 tps, lat 0.210 ms stddev 0.112, 0 failed
progress: 50.0 s, 151963.2 tps, lat 0.210 ms stddev 0.113, 0 failed
progress: 51.0 s, 151923.8 tps, lat 0.210 ms stddev 0.113, 0 failed
progress: 52.0 s, 151695.2 tps, lat 0.211 ms stddev 0.112, 0 failed
progress: 53.0 s, 151466.3 tps, lat 0.211 ms stddev 0.111, 0 failed
progress: 54.0 s, 151926.1 tps, lat 0.210 ms stddev 0.112, 0 failed
progress: 55.0 s, 152666.0 tps, lat 0.209 ms stddev 0.111, 0 failed
progress: 56.0 s, 145877.9 tps, lat 0.219 ms stddev 0.542, 0 failed
progress: 57.0 s, 151303.8 tps, lat 0.211 ms stddev 0.111, 0 failed
progress: 58.0 s, 152436.2 tps, lat 0.210 ms stddev 0.110, 0 failed
progress: 59.0 s, 147331.0 tps, lat 0.217 ms stddev 0.603, 0 failed
transaction type: <builtin: select only>
scaling factor: 10000
query mode: simple
number of clients: 32
number of threads: 32
maximum number of tries: 1
duration: 60 s
number of transactions actually processed: 8925709
number of failed transactions: 0 (0.000%)
latency average = 0.215 ms
latency stddev = 0.250 ms
initial connection time = 11.120 ms
tps = 148691.411283 (without initial connection time)
