pgbench (18devel, server 9.2.24)
progress: 1.0 s, 55961.5 tps, lat 2.218 ms stddev 5.177, 0 failed
progress: 2.0 s, 66889.5 tps, lat 1.914 ms stddev 1.979, 0 failed
progress: 3.0 s, 65427.9 tps, lat 1.956 ms stddev 2.067, 0 failed
progress: 4.0 s, 65224.8 tps, lat 1.963 ms stddev 2.094, 0 failed
progress: 5.0 s, 65654.2 tps, lat 1.950 ms stddev 2.054, 0 failed
progress: 6.0 s, 66539.0 tps, lat 1.923 ms stddev 2.013, 0 failed
progress: 7.0 s, 65214.1 tps, lat 1.962 ms stddev 2.090, 0 failed
progress: 8.0 s, 65557.7 tps, lat 1.952 ms stddev 2.064, 0 failed
progress: 9.0 s, 65720.3 tps, lat 1.948 ms stddev 2.055, 0 failed
progress: 10.0 s, 67296.8 tps, lat 1.901 ms stddev 1.966, 0 failed
progress: 11.0 s, 65482.0 tps, lat 1.955 ms stddev 2.083, 0 failed
progress: 12.0 s, 65026.9 tps, lat 1.967 ms stddev 2.094, 0 failed
progress: 13.0 s, 65413.3 tps, lat 1.957 ms stddev 2.063, 0 failed
progress: 14.0 s, 66298.7 tps, lat 1.931 ms stddev 2.019, 0 failed
progress: 15.0 s, 65262.3 tps, lat 1.961 ms stddev 2.096, 0 failed
progress: 16.0 s, 65216.5 tps, lat 1.963 ms stddev 2.093, 0 failed
progress: 17.0 s, 65766.3 tps, lat 1.946 ms stddev 2.058, 0 failed
progress: 18.0 s, 66823.0 tps, lat 1.915 ms stddev 1.997, 0 failed
progress: 19.0 s, 65170.1 tps, lat 1.964 ms stddev 2.088, 0 failed
progress: 20.0 s, 64636.0 tps, lat 1.980 ms stddev 2.106, 0 failed
progress: 21.0 s, 65559.8 tps, lat 1.951 ms stddev 2.070, 0 failed
progress: 22.0 s, 67501.9 tps, lat 1.896 ms stddev 1.978, 0 failed
progress: 23.0 s, 65157.3 tps, lat 1.964 ms stddev 2.086, 0 failed
progress: 24.0 s, 65639.1 tps, lat 1.949 ms stddev 2.072, 0 failed
progress: 25.0 s, 66052.8 tps, lat 1.938 ms stddev 2.046, 0 failed
progress: 26.0 s, 67118.4 tps, lat 1.906 ms stddev 1.994, 0 failed
progress: 27.0 s, 64571.6 tps, lat 1.983 ms stddev 2.121, 0 failed
progress: 28.0 s, 65143.9 tps, lat 1.964 ms stddev 2.077, 0 failed
progress: 29.0 s, 65257.1 tps, lat 1.961 ms stddev 2.091, 0 failed
progress: 30.0 s, 66686.9 tps, lat 1.919 ms stddev 2.012, 0 failed
progress: 31.0 s, 65633.0 tps, lat 1.951 ms stddev 2.083, 0 failed
progress: 32.0 s, 65129.0 tps, lat 1.964 ms stddev 2.093, 0 failed
progress: 33.0 s, 65822.0 tps, lat 1.944 ms stddev 2.052, 0 failed
progress: 34.0 s, 67418.5 tps, lat 1.899 ms stddev 1.991, 0 failed
progress: 35.0 s, 64647.6 tps, lat 1.979 ms stddev 2.114, 0 failed
progress: 36.0 s, 64977.9 tps, lat 1.970 ms stddev 2.111, 0 failed
progress: 37.0 s, 65818.8 tps, lat 1.945 ms stddev 2.055, 0 failed
progress: 38.0 s, 66950.3 tps, lat 1.912 ms stddev 2.003, 0 failed
progress: 39.0 s, 65017.8 tps, lat 1.968 ms stddev 2.087, 0 failed
progress: 40.0 s, 66056.2 tps, lat 1.938 ms stddev 2.056, 0 failed
progress: 41.0 s, 65635.9 tps, lat 1.951 ms stddev 2.068, 0 failed
progress: 42.0 s, 66994.2 tps, lat 1.909 ms stddev 2.003, 0 failed
progress: 43.0 s, 65131.1 tps, lat 1.966 ms stddev 2.098, 0 failed
progress: 44.0 s, 65361.5 tps, lat 1.958 ms stddev 2.068, 0 failed
progress: 45.0 s, 65638.4 tps, lat 1.949 ms stddev 2.073, 0 failed
progress: 46.0 s, 67421.8 tps, lat 1.898 ms stddev 1.980, 0 failed
progress: 47.0 s, 65411.9 tps, lat 1.957 ms stddev 2.099, 0 failed
progress: 48.0 s, 65018.0 tps, lat 1.968 ms stddev 2.085, 0 failed
progress: 49.0 s, 65288.3 tps, lat 1.960 ms stddev 2.065, 0 failed
progress: 50.0 s, 67032.9 tps, lat 1.909 ms stddev 1.998, 0 failed
progress: 51.0 s, 64949.1 tps, lat 1.971 ms stddev 2.110, 0 failed
progress: 52.0 s, 64762.1 tps, lat 1.976 ms stddev 2.094, 0 failed
progress: 53.0 s, 65006.9 tps, lat 1.969 ms stddev 2.094, 0 failed
progress: 54.0 s, 67015.9 tps, lat 1.909 ms stddev 1.998, 0 failed
progress: 55.0 s, 64972.8 tps, lat 1.970 ms stddev 2.091, 0 failed
progress: 56.0 s, 65302.2 tps, lat 1.960 ms stddev 2.098, 0 failed
progress: 57.0 s, 65349.0 tps, lat 1.958 ms stddev 2.081, 0 failed
progress: 58.0 s, 67158.0 tps, lat 1.906 ms stddev 2.003, 0 failed
progress: 59.0 s, 64950.1 tps, lat 1.970 ms stddev 2.118, 0 failed
transaction type: star-1-left.sql
scaling factor: 1
query mode: prepared
number of clients: 128
number of threads: 128
maximum number of tries: 1
duration: 60 s
number of transactions actually processed: 3930439
number of failed transactions: 0 (0.000%)
latency average = 1.951 ms
latency stddev = 2.139 ms
initial connection time = 79.753 ms
tps = 65569.052115 (without initial connection time)
