pgbench (18devel, server 9.2.24)
progress: 1.0 s, 109410.6 tps, lat 0.289 ms stddev 0.304, 0 failed
progress: 2.0 s, 113092.2 tps, lat 0.283 ms stddev 0.096, 0 failed
progress: 3.0 s, 115817.0 tps, lat 0.276 ms stddev 0.093, 0 failed
progress: 4.0 s, 114286.0 tps, lat 0.280 ms stddev 0.095, 0 failed
progress: 5.0 s, 112343.9 tps, lat 0.285 ms stddev 0.100, 0 failed
progress: 6.0 s, 113307.7 tps, lat 0.282 ms stddev 0.097, 0 failed
progress: 7.0 s, 113374.3 tps, lat 0.282 ms stddev 0.097, 0 failed
progress: 8.0 s, 114502.1 tps, lat 0.279 ms stddev 0.095, 0 failed
progress: 9.0 s, 115817.5 tps, lat 0.276 ms stddev 0.094, 0 failed
progress: 10.0 s, 116491.5 tps, lat 0.275 ms stddev 0.094, 0 failed
progress: 11.0 s, 115586.7 tps, lat 0.277 ms stddev 0.095, 0 failed
progress: 12.0 s, 116203.9 tps, lat 0.275 ms stddev 0.093, 0 failed
progress: 13.0 s, 115251.4 tps, lat 0.277 ms stddev 0.097, 0 failed
progress: 14.0 s, 115018.0 tps, lat 0.278 ms stddev 0.094, 0 failed
progress: 15.0 s, 116271.8 tps, lat 0.275 ms stddev 0.093, 0 failed
progress: 16.0 s, 115293.1 tps, lat 0.277 ms stddev 0.095, 0 failed
progress: 17.0 s, 115719.2 tps, lat 0.276 ms stddev 0.095, 0 failed
progress: 18.0 s, 114523.4 tps, lat 0.279 ms stddev 0.097, 0 failed
progress: 19.0 s, 116418.1 tps, lat 0.275 ms stddev 0.094, 0 failed
progress: 20.0 s, 114721.3 tps, lat 0.279 ms stddev 0.096, 0 failed
progress: 21.0 s, 114857.0 tps, lat 0.278 ms stddev 0.096, 0 failed
progress: 22.0 s, 115192.7 tps, lat 0.278 ms stddev 0.094, 0 failed
progress: 23.0 s, 115037.0 tps, lat 0.278 ms stddev 0.096, 0 failed
progress: 24.0 s, 116442.7 tps, lat 0.275 ms stddev 0.094, 0 failed
progress: 25.0 s, 115976.0 tps, lat 0.276 ms stddev 0.094, 0 failed
progress: 26.0 s, 113419.2 tps, lat 0.282 ms stddev 0.099, 0 failed
progress: 27.0 s, 114155.5 tps, lat 0.280 ms stddev 0.098, 0 failed
progress: 28.0 s, 115452.4 tps, lat 0.277 ms stddev 0.095, 0 failed
progress: 29.0 s, 114834.5 tps, lat 0.278 ms stddev 0.096, 0 failed
progress: 30.0 s, 115985.2 tps, lat 0.276 ms stddev 0.094, 0 failed
progress: 31.0 s, 114299.7 tps, lat 0.280 ms stddev 0.101, 0 failed
progress: 32.0 s, 115109.0 tps, lat 0.278 ms stddev 0.098, 0 failed
progress: 33.0 s, 116180.9 tps, lat 0.275 ms stddev 0.093, 0 failed
progress: 34.0 s, 115639.5 tps, lat 0.277 ms stddev 0.095, 0 failed
progress: 35.0 s, 114538.5 tps, lat 0.279 ms stddev 0.097, 0 failed
progress: 36.0 s, 115542.0 tps, lat 0.277 ms stddev 0.096, 0 failed
progress: 37.0 s, 114314.5 tps, lat 0.280 ms stddev 0.098, 0 failed
progress: 38.0 s, 115497.4 tps, lat 0.277 ms stddev 0.096, 0 failed
progress: 39.0 s, 113836.3 tps, lat 0.281 ms stddev 0.099, 0 failed
progress: 40.0 s, 114993.9 tps, lat 0.278 ms stddev 0.097, 0 failed
progress: 41.0 s, 114716.9 tps, lat 0.279 ms stddev 0.098, 0 failed
progress: 42.0 s, 115636.0 tps, lat 0.277 ms stddev 0.097, 0 failed
progress: 43.0 s, 116725.6 tps, lat 0.274 ms stddev 0.094, 0 failed
progress: 44.0 s, 116788.5 tps, lat 0.274 ms stddev 0.094, 0 failed
progress: 45.0 s, 114550.4 tps, lat 0.279 ms stddev 0.096, 0 failed
progress: 46.0 s, 114946.0 tps, lat 0.278 ms stddev 0.096, 0 failed
progress: 47.0 s, 113711.0 tps, lat 0.281 ms stddev 0.098, 0 failed
progress: 48.0 s, 115770.8 tps, lat 0.276 ms stddev 0.095, 0 failed
progress: 49.0 s, 115694.0 tps, lat 0.276 ms stddev 0.096, 0 failed
progress: 50.0 s, 115071.3 tps, lat 0.278 ms stddev 0.096, 0 failed
progress: 51.0 s, 115942.5 tps, lat 0.276 ms stddev 0.099, 0 failed
progress: 52.0 s, 115692.9 tps, lat 0.276 ms stddev 0.095, 0 failed
progress: 53.0 s, 115888.2 tps, lat 0.276 ms stddev 0.095, 0 failed
progress: 54.0 s, 116037.2 tps, lat 0.276 ms stddev 0.094, 0 failed
progress: 55.0 s, 116126.0 tps, lat 0.275 ms stddev 0.095, 0 failed
progress: 56.0 s, 115855.5 tps, lat 0.276 ms stddev 0.095, 0 failed
progress: 57.0 s, 114942.8 tps, lat 0.278 ms stddev 0.097, 0 failed
progress: 58.0 s, 115618.2 tps, lat 0.277 ms stddev 0.097, 0 failed
progress: 59.0 s, 116105.3 tps, lat 0.275 ms stddev 0.096, 0 failed
transaction type: star-1-left.sql
scaling factor: 1
query mode: prepared
number of clients: 32
number of threads: 32
maximum number of tries: 1
duration: 60 s
number of transactions actually processed: 6905693
number of failed transactions: 0 (0.000%)
latency average = 0.278 ms
latency stddev = 0.103 ms
initial connection time = 23.446 ms
tps = 115138.622577 (without initial connection time)
