pgbench (18devel, server 9.4.26)
progress: 1.0 s, 7606.6 tps, lat 0.131 ms stddev 0.387, 0 failed
progress: 2.0 s, 8585.0 tps, lat 0.116 ms stddev 0.008, 0 failed
progress: 3.0 s, 8608.3 tps, lat 0.116 ms stddev 0.006, 0 failed
progress: 4.0 s, 8627.0 tps, lat 0.116 ms stddev 0.006, 0 failed
progress: 5.0 s, 8621.7 tps, lat 0.116 ms stddev 0.006, 0 failed
progress: 6.0 s, 8652.2 tps, lat 0.115 ms stddev 0.007, 0 failed
progress: 7.0 s, 8645.1 tps, lat 0.116 ms stddev 0.006, 0 failed
progress: 8.0 s, 8614.7 tps, lat 0.116 ms stddev 0.007, 0 failed
progress: 9.0 s, 8642.3 tps, lat 0.116 ms stddev 0.006, 0 failed
progress: 10.0 s, 8674.9 tps, lat 0.115 ms stddev 0.006, 0 failed
progress: 11.0 s, 8639.0 tps, lat 0.116 ms stddev 0.006, 0 failed
progress: 12.0 s, 8634.2 tps, lat 0.116 ms stddev 0.006, 0 failed
progress: 13.0 s, 8639.0 tps, lat 0.116 ms stddev 0.006, 0 failed
progress: 14.0 s, 8674.8 tps, lat 0.115 ms stddev 0.007, 0 failed
progress: 15.0 s, 8676.1 tps, lat 0.115 ms stddev 0.006, 0 failed
progress: 16.0 s, 8635.7 tps, lat 0.116 ms stddev 0.006, 0 failed
progress: 17.0 s, 8649.0 tps, lat 0.116 ms stddev 0.006, 0 failed
progress: 18.0 s, 8646.0 tps, lat 0.116 ms stddev 0.007, 0 failed
progress: 19.0 s, 8638.0 tps, lat 0.116 ms stddev 0.006, 0 failed
progress: 20.0 s, 8659.1 tps, lat 0.115 ms stddev 0.006, 0 failed
progress: 21.0 s, 8642.9 tps, lat 0.116 ms stddev 0.006, 0 failed
progress: 22.0 s, 8673.3 tps, lat 0.115 ms stddev 0.006, 0 failed
progress: 23.0 s, 8640.6 tps, lat 0.116 ms stddev 0.006, 0 failed
progress: 24.0 s, 8652.4 tps, lat 0.116 ms stddev 0.006, 0 failed
progress: 25.0 s, 8635.6 tps, lat 0.116 ms stddev 0.006, 0 failed
progress: 26.0 s, 8664.3 tps, lat 0.115 ms stddev 0.006, 0 failed
progress: 27.0 s, 8651.7 tps, lat 0.116 ms stddev 0.006, 0 failed
progress: 28.0 s, 8644.0 tps, lat 0.116 ms stddev 0.006, 0 failed
progress: 29.0 s, 8628.3 tps, lat 0.116 ms stddev 0.007, 0 failed
progress: 30.0 s, 8642.7 tps, lat 0.116 ms stddev 0.006, 0 failed
progress: 31.0 s, 8662.0 tps, lat 0.115 ms stddev 0.006, 0 failed
progress: 32.0 s, 8647.0 tps, lat 0.116 ms stddev 0.006, 0 failed
progress: 33.0 s, 8641.0 tps, lat 0.116 ms stddev 0.006, 0 failed
progress: 34.0 s, 8671.0 tps, lat 0.115 ms stddev 0.006, 0 failed
progress: 35.0 s, 8645.4 tps, lat 0.116 ms stddev 0.006, 0 failed
progress: 36.0 s, 8645.0 tps, lat 0.116 ms stddev 0.006, 0 failed
progress: 37.0 s, 8647.9 tps, lat 0.116 ms stddev 0.006, 0 failed
progress: 38.0 s, 8651.0 tps, lat 0.116 ms stddev 0.007, 0 failed
progress: 39.0 s, 8663.7 tps, lat 0.115 ms stddev 0.006, 0 failed
progress: 40.0 s, 8660.0 tps, lat 0.115 ms stddev 0.006, 0 failed
progress: 41.0 s, 8671.0 tps, lat 0.115 ms stddev 0.006, 0 failed
progress: 42.0 s, 8727.0 tps, lat 0.115 ms stddev 0.007, 0 failed
progress: 43.0 s, 8914.0 tps, lat 0.112 ms stddev 0.006, 0 failed
progress: 44.0 s, 8738.0 tps, lat 0.114 ms stddev 0.008, 0 failed
progress: 45.0 s, 8605.0 tps, lat 0.116 ms stddev 0.008, 0 failed
progress: 46.0 s, 8715.4 tps, lat 0.115 ms stddev 0.007, 0 failed
progress: 47.0 s, 8725.6 tps, lat 0.115 ms stddev 0.007, 0 failed
progress: 48.0 s, 8637.0 tps, lat 0.116 ms stddev 0.007, 0 failed
progress: 49.0 s, 8656.2 tps, lat 0.115 ms stddev 0.006, 0 failed
progress: 50.0 s, 8639.8 tps, lat 0.116 ms stddev 0.007, 0 failed
progress: 51.0 s, 8653.1 tps, lat 0.115 ms stddev 0.006, 0 failed
progress: 52.0 s, 8663.9 tps, lat 0.115 ms stddev 0.006, 0 failed
progress: 53.0 s, 8739.0 tps, lat 0.114 ms stddev 0.006, 0 failed
progress: 54.0 s, 8682.0 tps, lat 0.115 ms stddev 0.006, 0 failed
progress: 55.0 s, 8659.0 tps, lat 0.115 ms stddev 0.006, 0 failed
progress: 56.0 s, 8659.1 tps, lat 0.115 ms stddev 0.006, 0 failed
progress: 57.0 s, 8641.9 tps, lat 0.116 ms stddev 0.006, 0 failed
progress: 58.0 s, 8739.3 tps, lat 0.114 ms stddev 0.006, 0 failed
progress: 59.0 s, 8788.7 tps, lat 0.114 ms stddev 0.006, 0 failed
progress: 60.0 s, 8646.4 tps, lat 0.116 ms stddev 0.006, 0 failed
transaction type: star-1.sql
scaling factor: 1
query mode: prepared
number of clients: 1
number of threads: 1
maximum number of tries: 1
duration: 60 s
number of transactions actually processed: 518681
number of failed transactions: 0 (0.000%)
latency average = 0.116 ms
latency stddev = 0.047 ms
initial connection time = 1.897 ms
tps = 8644.948877 (without initial connection time)
