pgbench (18devel, server 9.4.26)
progress: 1.0 s, 21212.0 tps, lat 11.418 ms stddev 39.319, 0 failed
progress: 2.0 s, 57004.2 tps, lat 4.489 ms stddev 4.793, 0 failed
progress: 3.0 s, 55203.9 tps, lat 4.636 ms stddev 5.062, 0 failed
progress: 4.0 s, 55977.0 tps, lat 4.578 ms stddev 4.959, 0 failed
progress: 5.0 s, 56138.9 tps, lat 4.557 ms stddev 4.931, 0 failed
progress: 6.0 s, 56984.1 tps, lat 4.494 ms stddev 4.767, 0 failed
progress: 7.0 s, 56102.9 tps, lat 4.561 ms stddev 4.958, 0 failed
progress: 8.0 s, 55519.0 tps, lat 4.612 ms stddev 4.991, 0 failed
progress: 9.0 s, 55891.0 tps, lat 4.579 ms stddev 4.979, 0 failed
progress: 10.0 s, 56921.9 tps, lat 4.497 ms stddev 4.824, 0 failed
progress: 11.0 s, 56037.1 tps, lat 4.567 ms stddev 4.981, 0 failed
progress: 12.0 s, 55698.9 tps, lat 4.596 ms stddev 5.010, 0 failed
progress: 13.0 s, 55877.1 tps, lat 4.584 ms stddev 5.005, 0 failed
progress: 14.0 s, 57073.0 tps, lat 4.483 ms stddev 4.795, 0 failed
progress: 15.0 s, 55375.2 tps, lat 4.622 ms stddev 5.038, 0 failed
progress: 16.0 s, 54668.7 tps, lat 4.684 ms stddev 5.108, 0 failed
progress: 17.0 s, 56028.8 tps, lat 4.569 ms stddev 4.978, 0 failed
progress: 18.0 s, 56352.2 tps, lat 4.541 ms stddev 4.901, 0 failed
progress: 19.0 s, 55975.9 tps, lat 4.573 ms stddev 5.006, 0 failed
progress: 20.0 s, 55933.7 tps, lat 4.576 ms stddev 5.006, 0 failed
progress: 21.0 s, 55723.7 tps, lat 4.594 ms stddev 5.004, 0 failed
progress: 22.0 s, 57084.1 tps, lat 4.486 ms stddev 4.836, 0 failed
progress: 23.0 s, 55545.8 tps, lat 4.608 ms stddev 5.020, 0 failed
progress: 24.0 s, 56028.8 tps, lat 4.570 ms stddev 4.966, 0 failed
progress: 25.0 s, 56167.2 tps, lat 4.553 ms stddev 4.974, 0 failed
progress: 26.0 s, 56600.9 tps, lat 4.529 ms stddev 4.875, 0 failed
progress: 27.0 s, 55583.9 tps, lat 4.601 ms stddev 5.039, 0 failed
progress: 28.0 s, 55672.9 tps, lat 4.599 ms stddev 5.007, 0 failed
progress: 29.0 s, 55456.2 tps, lat 4.616 ms stddev 5.058, 0 failed
progress: 30.0 s, 56988.9 tps, lat 4.494 ms stddev 4.852, 0 failed
progress: 31.0 s, 55782.9 tps, lat 4.588 ms stddev 5.033, 0 failed
progress: 32.0 s, 56298.9 tps, lat 4.546 ms stddev 4.994, 0 failed
progress: 33.0 s, 56421.2 tps, lat 4.536 ms stddev 4.913, 0 failed
progress: 34.0 s, 57026.0 tps, lat 4.491 ms stddev 4.828, 0 failed
progress: 35.0 s, 55468.9 tps, lat 4.616 ms stddev 5.037, 0 failed
progress: 36.0 s, 55072.8 tps, lat 4.648 ms stddev 5.054, 0 failed
progress: 37.0 s, 55724.2 tps, lat 4.591 ms stddev 4.994, 0 failed
progress: 38.0 s, 56214.8 tps, lat 4.555 ms stddev 4.959, 0 failed
progress: 39.0 s, 55712.3 tps, lat 4.595 ms stddev 4.999, 0 failed
progress: 40.0 s, 55884.0 tps, lat 4.583 ms stddev 4.987, 0 failed
progress: 41.0 s, 56122.8 tps, lat 4.561 ms stddev 4.971, 0 failed
progress: 42.0 s, 57063.1 tps, lat 4.486 ms stddev 4.859, 0 failed
progress: 43.0 s, 55867.0 tps, lat 4.578 ms stddev 5.032, 0 failed
progress: 44.0 s, 56768.2 tps, lat 4.512 ms stddev 4.886, 0 failed
progress: 45.0 s, 56471.8 tps, lat 4.532 ms stddev 4.945, 0 failed
progress: 46.0 s, 57228.2 tps, lat 4.474 ms stddev 4.800, 0 failed
progress: 47.0 s, 55053.0 tps, lat 4.648 ms stddev 5.094, 0 failed
progress: 48.0 s, 55722.1 tps, lat 4.591 ms stddev 5.020, 0 failed
progress: 49.0 s, 55588.8 tps, lat 4.610 ms stddev 5.033, 0 failed
progress: 50.0 s, 57000.1 tps, lat 4.492 ms stddev 4.823, 0 failed
progress: 51.0 s, 55619.8 tps, lat 4.597 ms stddev 5.047, 0 failed
progress: 52.0 s, 55743.0 tps, lat 4.595 ms stddev 5.027, 0 failed
progress: 53.0 s, 56502.2 tps, lat 4.532 ms stddev 4.937, 0 failed
progress: 54.0 s, 57044.1 tps, lat 4.485 ms stddev 4.822, 0 failed
progress: 55.0 s, 55559.9 tps, lat 4.609 ms stddev 5.076, 0 failed
progress: 56.0 s, 55434.7 tps, lat 4.615 ms stddev 5.044, 0 failed
progress: 57.0 s, 55862.0 tps, lat 4.583 ms stddev 5.020, 0 failed
progress: 58.0 s, 57032.1 tps, lat 4.487 ms stddev 4.834, 0 failed
progress: 59.0 s, 55969.1 tps, lat 4.576 ms stddev 4.976, 0 failed
transaction type: star-1.sql
scaling factor: 1
query mode: prepared
number of clients: 256
number of threads: 256
maximum number of tries: 1
duration: 60 s
number of transactions actually processed: 3325075
number of failed transactions: 0 (0.000%)
latency average = 4.609 ms
latency stddev = 5.890 ms
initial connection time = 151.080 ms
tps = 55497.084182 (without initial connection time)
