pgbench (18devel, server 9.4.26)
progress: 1.0 s, 91577.0 tps, lat 0.346 ms stddev 1.073, 0 failed
progress: 2.0 s, 103976.3 tps, lat 0.308 ms stddev 0.120, 0 failed
progress: 3.0 s, 105882.8 tps, lat 0.302 ms stddev 0.114, 0 failed
progress: 4.0 s, 106170.0 tps, lat 0.301 ms stddev 0.126, 0 failed
progress: 5.0 s, 105861.8 tps, lat 0.302 ms stddev 0.121, 0 failed
progress: 6.0 s, 106016.4 tps, lat 0.302 ms stddev 0.118, 0 failed
progress: 7.0 s, 106283.5 tps, lat 0.301 ms stddev 0.119, 0 failed
progress: 8.0 s, 105253.3 tps, lat 0.304 ms stddev 0.123, 0 failed
progress: 9.0 s, 105499.1 tps, lat 0.303 ms stddev 0.119, 0 failed
progress: 10.0 s, 105289.8 tps, lat 0.304 ms stddev 0.122, 0 failed
progress: 11.0 s, 105783.9 tps, lat 0.302 ms stddev 0.123, 0 failed
progress: 12.0 s, 106365.1 tps, lat 0.301 ms stddev 0.118, 0 failed
progress: 13.0 s, 105888.7 tps, lat 0.302 ms stddev 0.128, 0 failed
progress: 14.0 s, 105528.4 tps, lat 0.303 ms stddev 0.114, 0 failed
progress: 15.0 s, 105824.2 tps, lat 0.302 ms stddev 0.123, 0 failed
progress: 16.0 s, 106449.1 tps, lat 0.300 ms stddev 0.117, 0 failed
progress: 17.0 s, 105552.9 tps, lat 0.303 ms stddev 0.114, 0 failed
progress: 18.0 s, 105381.9 tps, lat 0.303 ms stddev 0.118, 0 failed
progress: 19.0 s, 105295.1 tps, lat 0.304 ms stddev 0.128, 0 failed
progress: 20.0 s, 105686.0 tps, lat 0.303 ms stddev 0.114, 0 failed
progress: 21.0 s, 105395.6 tps, lat 0.303 ms stddev 0.123, 0 failed
progress: 22.0 s, 105640.2 tps, lat 0.303 ms stddev 0.119, 0 failed
progress: 23.0 s, 106669.9 tps, lat 0.300 ms stddev 0.115, 0 failed
progress: 24.0 s, 106073.7 tps, lat 0.301 ms stddev 0.118, 0 failed
progress: 25.0 s, 106485.1 tps, lat 0.300 ms stddev 0.114, 0 failed
progress: 26.0 s, 106288.0 tps, lat 0.301 ms stddev 0.118, 0 failed
progress: 27.0 s, 106716.5 tps, lat 0.300 ms stddev 0.123, 0 failed
progress: 28.0 s, 106078.3 tps, lat 0.301 ms stddev 0.119, 0 failed
progress: 29.0 s, 105547.7 tps, lat 0.303 ms stddev 0.125, 0 failed
progress: 30.0 s, 104729.1 tps, lat 0.305 ms stddev 0.121, 0 failed
progress: 31.0 s, 106130.6 tps, lat 0.301 ms stddev 0.118, 0 failed
progress: 32.0 s, 106346.6 tps, lat 0.301 ms stddev 0.117, 0 failed
progress: 33.0 s, 106539.7 tps, lat 0.300 ms stddev 0.115, 0 failed
progress: 34.0 s, 105502.5 tps, lat 0.303 ms stddev 0.122, 0 failed
progress: 35.0 s, 105164.1 tps, lat 0.304 ms stddev 0.120, 0 failed
progress: 36.0 s, 105694.4 tps, lat 0.303 ms stddev 0.125, 0 failed
progress: 37.0 s, 106558.4 tps, lat 0.300 ms stddev 0.115, 0 failed
progress: 38.0 s, 105677.2 tps, lat 0.303 ms stddev 0.118, 0 failed
progress: 39.0 s, 105988.1 tps, lat 0.302 ms stddev 0.114, 0 failed
progress: 40.0 s, 105863.0 tps, lat 0.302 ms stddev 0.114, 0 failed
progress: 41.0 s, 106081.2 tps, lat 0.301 ms stddev 0.125, 0 failed
progress: 42.0 s, 104195.1 tps, lat 0.307 ms stddev 0.122, 0 failed
progress: 43.0 s, 105206.7 tps, lat 0.304 ms stddev 0.120, 0 failed
progress: 44.0 s, 104895.6 tps, lat 0.305 ms stddev 0.131, 0 failed
progress: 45.0 s, 105284.8 tps, lat 0.304 ms stddev 0.122, 0 failed
progress: 46.0 s, 104721.7 tps, lat 0.305 ms stddev 0.123, 0 failed
progress: 47.0 s, 105010.1 tps, lat 0.305 ms stddev 0.127, 0 failed
progress: 48.0 s, 105140.1 tps, lat 0.304 ms stddev 0.119, 0 failed
progress: 49.0 s, 104845.9 tps, lat 0.305 ms stddev 0.120, 0 failed
progress: 50.0 s, 105310.9 tps, lat 0.304 ms stddev 0.117, 0 failed
progress: 51.0 s, 106050.3 tps, lat 0.302 ms stddev 0.120, 0 failed
progress: 52.0 s, 104987.9 tps, lat 0.305 ms stddev 0.121, 0 failed
progress: 53.0 s, 105465.0 tps, lat 0.303 ms stddev 0.126, 0 failed
progress: 54.0 s, 105048.0 tps, lat 0.304 ms stddev 0.116, 0 failed
progress: 55.0 s, 105355.0 tps, lat 0.304 ms stddev 0.125, 0 failed
progress: 56.0 s, 106696.0 tps, lat 0.300 ms stddev 0.114, 0 failed
progress: 57.0 s, 106370.0 tps, lat 0.301 ms stddev 0.117, 0 failed
progress: 58.0 s, 105388.8 tps, lat 0.303 ms stddev 0.122, 0 failed
progress: 59.0 s, 106698.6 tps, lat 0.300 ms stddev 0.119, 0 failed
transaction type: star-1.sql
scaling factor: 1
query mode: prepared
number of clients: 32
number of threads: 32
maximum number of tries: 1
duration: 60 s
number of transactions actually processed: 6325184
number of failed transactions: 0 (0.000%)
latency average = 0.303 ms
latency stddev = 0.176 ms
initial connection time = 22.959 ms
tps = 105458.740764 (without initial connection time)
