pgbench (18devel, server 8.4.22)
progress: 1.0 s, 39682.5 tps, lat 0.401 ms stddev 0.656, 0 failed
progress: 2.0 s, 41013.2 tps, lat 0.390 ms stddev 0.088, 0 failed
progress: 3.0 s, 40521.0 tps, lat 0.394 ms stddev 0.131, 0 failed
progress: 4.0 s, 41456.2 tps, lat 0.386 ms stddev 0.128, 0 failed
progress: 5.0 s, 42093.0 tps, lat 0.380 ms stddev 0.084, 0 failed
progress: 6.0 s, 41362.0 tps, lat 0.386 ms stddev 0.106, 0 failed
progress: 7.0 s, 40805.9 tps, lat 0.392 ms stddev 0.112, 0 failed
progress: 8.0 s, 40002.2 tps, lat 0.400 ms stddev 0.148, 0 failed
progress: 9.0 s, 41210.9 tps, lat 0.388 ms stddev 0.090, 0 failed
progress: 10.0 s, 41619.0 tps, lat 0.384 ms stddev 0.096, 0 failed
progress: 11.0 s, 41265.0 tps, lat 0.387 ms stddev 0.108, 0 failed
progress: 12.0 s, 41695.0 tps, lat 0.383 ms stddev 0.086, 0 failed
progress: 13.0 s, 41324.0 tps, lat 0.387 ms stddev 0.097, 0 failed
progress: 14.0 s, 40923.0 tps, lat 0.391 ms stddev 0.099, 0 failed
progress: 15.0 s, 40762.0 tps, lat 0.392 ms stddev 0.089, 0 failed
progress: 16.0 s, 40741.0 tps, lat 0.392 ms stddev 0.095, 0 failed
progress: 17.0 s, 41122.0 tps, lat 0.389 ms stddev 0.087, 0 failed
progress: 18.0 s, 41381.0 tps, lat 0.386 ms stddev 0.086, 0 failed
progress: 19.0 s, 41095.0 tps, lat 0.389 ms stddev 0.094, 0 failed
progress: 20.0 s, 40980.0 tps, lat 0.390 ms stddev 0.097, 0 failed
progress: 21.0 s, 40999.0 tps, lat 0.390 ms stddev 0.084, 0 failed
progress: 22.0 s, 41169.0 tps, lat 0.388 ms stddev 0.085, 0 failed
progress: 23.0 s, 40794.0 tps, lat 0.392 ms stddev 0.088, 0 failed
progress: 24.0 s, 40711.0 tps, lat 0.393 ms stddev 0.086, 0 failed
progress: 25.0 s, 41148.0 tps, lat 0.388 ms stddev 0.088, 0 failed
progress: 26.0 s, 41304.0 tps, lat 0.387 ms stddev 0.085, 0 failed
progress: 27.0 s, 41382.0 tps, lat 0.386 ms stddev 0.093, 0 failed
progress: 28.0 s, 41200.0 tps, lat 0.388 ms stddev 0.094, 0 failed
progress: 29.0 s, 41211.0 tps, lat 0.388 ms stddev 0.086, 0 failed
progress: 30.0 s, 41313.9 tps, lat 0.387 ms stddev 0.084, 0 failed
progress: 31.0 s, 41858.1 tps, lat 0.382 ms stddev 0.088, 0 failed
progress: 32.0 s, 41519.0 tps, lat 0.385 ms stddev 0.098, 0 failed
progress: 33.0 s, 42117.0 tps, lat 0.379 ms stddev 0.089, 0 failed
progress: 34.0 s, 42243.4 tps, lat 0.378 ms stddev 0.085, 0 failed
progress: 35.0 s, 41817.0 tps, lat 0.382 ms stddev 0.083, 0 failed
progress: 36.0 s, 41906.8 tps, lat 0.381 ms stddev 0.084, 0 failed
progress: 37.0 s, 41363.8 tps, lat 0.386 ms stddev 0.094, 0 failed
progress: 38.0 s, 41556.0 tps, lat 0.385 ms stddev 0.088, 0 failed
progress: 39.0 s, 41992.1 tps, lat 0.381 ms stddev 0.084, 0 failed
progress: 40.0 s, 42058.9 tps, lat 0.380 ms stddev 0.086, 0 failed
progress: 41.0 s, 41593.0 tps, lat 0.384 ms stddev 0.084, 0 failed
progress: 42.0 s, 42324.0 tps, lat 0.378 ms stddev 0.093, 0 failed
progress: 43.0 s, 41699.0 tps, lat 0.383 ms stddev 0.089, 0 failed
progress: 44.0 s, 42028.0 tps, lat 0.380 ms stddev 0.086, 0 failed
progress: 45.0 s, 41755.2 tps, lat 0.383 ms stddev 0.086, 0 failed
progress: 46.0 s, 41636.8 tps, lat 0.384 ms stddev 0.084, 0 failed
progress: 47.0 s, 41501.0 tps, lat 0.385 ms stddev 0.087, 0 failed
progress: 48.0 s, 41450.0 tps, lat 0.386 ms stddev 0.089, 0 failed
progress: 49.0 s, 41772.0 tps, lat 0.383 ms stddev 0.097, 0 failed
progress: 50.0 s, 41939.0 tps, lat 0.381 ms stddev 0.086, 0 failed
progress: 51.0 s, 42423.0 tps, lat 0.377 ms stddev 0.088, 0 failed
progress: 52.0 s, 42244.0 tps, lat 0.378 ms stddev 0.085, 0 failed
progress: 53.0 s, 41781.0 tps, lat 0.383 ms stddev 0.091, 0 failed
progress: 54.0 s, 41934.0 tps, lat 0.381 ms stddev 0.083, 0 failed
progress: 55.0 s, 41911.4 tps, lat 0.381 ms stddev 0.094, 0 failed
progress: 56.0 s, 41858.5 tps, lat 0.382 ms stddev 0.086, 0 failed
progress: 57.0 s, 41482.1 tps, lat 0.385 ms stddev 0.091, 0 failed
progress: 58.0 s, 41471.8 tps, lat 0.385 ms stddev 0.097, 0 failed
progress: 59.0 s, 42097.2 tps, lat 0.380 ms stddev 0.092, 0 failed
transaction type: star-1.sql
scaling factor: 1
query mode: prepared
number of clients: 16
number of threads: 16
maximum number of tries: 1
duration: 60 s
number of transactions actually processed: 2488212
number of failed transactions: 0 (0.000%)
latency average = 0.385 ms
latency stddev = 0.124 ms
initial connection time = 10.319 ms
tps = 41476.960745 (without initial connection time)
