pgbench (18devel, server 8.4.22)
progress: 1.0 s, 10143.4 tps, lat 3.122 ms stddev 3.401, 0 failed
progress: 2.0 s, 9988.7 tps, lat 3.204 ms stddev 0.585, 0 failed
progress: 3.0 s, 9963.3 tps, lat 3.213 ms stddev 0.511, 0 failed
progress: 4.0 s, 9999.0 tps, lat 3.199 ms stddev 0.513, 0 failed
progress: 5.0 s, 9986.0 tps, lat 3.203 ms stddev 0.512, 0 failed
progress: 6.0 s, 10015.6 tps, lat 3.194 ms stddev 0.507, 0 failed
progress: 7.0 s, 9988.0 tps, lat 3.204 ms stddev 0.509, 0 failed
progress: 8.0 s, 9974.0 tps, lat 3.207 ms stddev 0.508, 0 failed
progress: 9.0 s, 9937.0 tps, lat 3.219 ms stddev 0.511, 0 failed
progress: 10.0 s, 9971.0 tps, lat 3.209 ms stddev 0.513, 0 failed
progress: 11.0 s, 9956.3 tps, lat 3.216 ms stddev 0.515, 0 failed
progress: 12.0 s, 9854.7 tps, lat 3.245 ms stddev 0.517, 0 failed
progress: 13.0 s, 10017.3 tps, lat 3.195 ms stddev 0.525, 0 failed
progress: 14.0 s, 9905.7 tps, lat 3.230 ms stddev 0.504, 0 failed
progress: 15.0 s, 10148.3 tps, lat 3.153 ms stddev 0.549, 0 failed
progress: 16.0 s, 10014.7 tps, lat 3.194 ms stddev 0.504, 0 failed
progress: 17.0 s, 10048.0 tps, lat 3.185 ms stddev 0.497, 0 failed
progress: 18.0 s, 10012.8 tps, lat 3.197 ms stddev 0.496, 0 failed
progress: 19.0 s, 10019.6 tps, lat 3.193 ms stddev 0.499, 0 failed
progress: 20.0 s, 9924.6 tps, lat 3.223 ms stddev 0.508, 0 failed
progress: 21.0 s, 9883.0 tps, lat 3.237 ms stddev 0.528, 0 failed
progress: 22.0 s, 9884.0 tps, lat 3.238 ms stddev 0.515, 0 failed
progress: 23.0 s, 9924.9 tps, lat 3.224 ms stddev 0.502, 0 failed
progress: 24.0 s, 9863.1 tps, lat 3.243 ms stddev 0.512, 0 failed
progress: 25.0 s, 9836.2 tps, lat 3.254 ms stddev 0.512, 0 failed
progress: 26.0 s, 9852.7 tps, lat 3.245 ms stddev 0.510, 0 failed
progress: 27.0 s, 9848.4 tps, lat 3.251 ms stddev 0.517, 0 failed
progress: 28.0 s, 9861.7 tps, lat 3.244 ms stddev 0.506, 0 failed
progress: 29.0 s, 9798.0 tps, lat 3.265 ms stddev 0.528, 0 failed
progress: 30.0 s, 9847.3 tps, lat 3.249 ms stddev 0.510, 0 failed
progress: 31.0 s, 9864.0 tps, lat 3.244 ms stddev 0.525, 0 failed
progress: 32.0 s, 9865.8 tps, lat 3.242 ms stddev 0.518, 0 failed
progress: 33.0 s, 9859.2 tps, lat 3.245 ms stddev 0.512, 0 failed
progress: 34.0 s, 9825.8 tps, lat 3.256 ms stddev 0.516, 0 failed
progress: 35.0 s, 9794.9 tps, lat 3.266 ms stddev 0.519, 0 failed
progress: 36.0 s, 9810.0 tps, lat 3.263 ms stddev 0.514, 0 failed
progress: 37.0 s, 9841.3 tps, lat 3.251 ms stddev 0.520, 0 failed
progress: 38.0 s, 9839.7 tps, lat 3.251 ms stddev 0.519, 0 failed
progress: 39.0 s, 9866.0 tps, lat 3.244 ms stddev 0.516, 0 failed
progress: 40.0 s, 9841.0 tps, lat 3.252 ms stddev 0.519, 0 failed
progress: 41.0 s, 9842.6 tps, lat 3.251 ms stddev 0.517, 0 failed
progress: 42.0 s, 9878.4 tps, lat 3.238 ms stddev 0.511, 0 failed
progress: 43.0 s, 9804.0 tps, lat 3.264 ms stddev 0.522, 0 failed
progress: 44.0 s, 9977.0 tps, lat 3.207 ms stddev 0.576, 0 failed
progress: 45.0 s, 9837.0 tps, lat 3.252 ms stddev 0.512, 0 failed
progress: 46.0 s, 9865.0 tps, lat 3.243 ms stddev 0.515, 0 failed
progress: 47.0 s, 9871.9 tps, lat 3.242 ms stddev 0.513, 0 failed
progress: 48.0 s, 9847.1 tps, lat 3.249 ms stddev 0.511, 0 failed
progress: 49.0 s, 9877.0 tps, lat 3.239 ms stddev 0.510, 0 failed
progress: 50.0 s, 9941.0 tps, lat 3.220 ms stddev 0.508, 0 failed
progress: 51.0 s, 9910.0 tps, lat 3.228 ms stddev 0.516, 0 failed
progress: 52.0 s, 9909.0 tps, lat 3.229 ms stddev 0.509, 0 failed
progress: 53.0 s, 9967.6 tps, lat 3.210 ms stddev 0.507, 0 failed
progress: 54.0 s, 9994.4 tps, lat 3.201 ms stddev 0.536, 0 failed
progress: 55.0 s, 9895.0 tps, lat 3.234 ms stddev 0.518, 0 failed
progress: 56.0 s, 9884.1 tps, lat 3.236 ms stddev 0.519, 0 failed
progress: 57.0 s, 9911.1 tps, lat 3.229 ms stddev 0.523, 0 failed
progress: 58.0 s, 9776.0 tps, lat 3.273 ms stddev 0.523, 0 failed
progress: 59.0 s, 9803.2 tps, lat 3.263 ms stddev 0.536, 0 failed
transaction type: star-1.sql
scaling factor: 1
query mode: prepared
number of clients: 32
number of threads: 32
maximum number of tries: 1
duration: 60 s
number of transactions actually processed: 594341
number of failed transactions: 0 (0.000%)
latency average = 3.229 ms
latency stddev = 0.679 ms
initial connection time = 20.727 ms
tps = 9908.840125 (without initial connection time)
