pgbench (18devel, server 11.22)
progress: 1.0 s, 45302.2 tps, lat 5.341 ms stddev 8.910, 0 failed
progress: 2.0 s, 52490.3 tps, lat 4.876 ms stddev 5.118, 0 failed
progress: 3.0 s, 52299.9 tps, lat 4.894 ms stddev 5.171, 0 failed
progress: 4.0 s, 52701.9 tps, lat 4.857 ms stddev 5.102, 0 failed
progress: 5.0 s, 52660.9 tps, lat 4.862 ms stddev 5.080, 0 failed
progress: 6.0 s, 52863.3 tps, lat 4.844 ms stddev 5.060, 0 failed
progress: 7.0 s, 52469.9 tps, lat 4.879 ms stddev 5.116, 0 failed
progress: 8.0 s, 52748.9 tps, lat 4.851 ms stddev 5.123, 0 failed
progress: 9.0 s, 52723.1 tps, lat 4.855 ms stddev 5.118, 0 failed
progress: 10.0 s, 52992.8 tps, lat 4.830 ms stddev 5.103, 0 failed
progress: 11.0 s, 52609.9 tps, lat 4.866 ms stddev 5.122, 0 failed
progress: 12.0 s, 52388.1 tps, lat 4.888 ms stddev 5.166, 0 failed
progress: 13.0 s, 52772.0 tps, lat 4.850 ms stddev 5.111, 0 failed
progress: 14.0 s, 53036.8 tps, lat 4.826 ms stddev 5.112, 0 failed
progress: 15.0 s, 52303.9 tps, lat 4.892 ms stddev 5.161, 0 failed
progress: 16.0 s, 52401.1 tps, lat 4.890 ms stddev 5.117, 0 failed
progress: 17.0 s, 52820.1 tps, lat 4.845 ms stddev 5.079, 0 failed
progress: 18.0 s, 52910.0 tps, lat 4.838 ms stddev 5.074, 0 failed
progress: 19.0 s, 52671.9 tps, lat 4.857 ms stddev 5.120, 0 failed
progress: 20.0 s, 52621.9 tps, lat 4.868 ms stddev 5.113, 0 failed
progress: 21.0 s, 53054.1 tps, lat 4.824 ms stddev 5.018, 0 failed
progress: 22.0 s, 51961.1 tps, lat 4.923 ms stddev 5.193, 0 failed
progress: 23.0 s, 52473.0 tps, lat 4.881 ms stddev 5.128, 0 failed
progress: 24.0 s, 52765.1 tps, lat 4.854 ms stddev 5.139, 0 failed
progress: 25.0 s, 53065.5 tps, lat 4.822 ms stddev 5.082, 0 failed
progress: 26.0 s, 52306.5 tps, lat 4.892 ms stddev 5.199, 0 failed
progress: 27.0 s, 52609.0 tps, lat 4.868 ms stddev 5.128, 0 failed
progress: 28.0 s, 52699.0 tps, lat 4.855 ms stddev 5.172, 0 failed
progress: 29.0 s, 52774.9 tps, lat 4.853 ms stddev 5.124, 0 failed
progress: 30.0 s, 52887.4 tps, lat 4.841 ms stddev 5.063, 0 failed
progress: 31.0 s, 52648.6 tps, lat 4.859 ms stddev 5.145, 0 failed
progress: 32.0 s, 52881.1 tps, lat 4.842 ms stddev 5.109, 0 failed
progress: 33.0 s, 52263.9 tps, lat 4.897 ms stddev 5.156, 0 failed
progress: 34.0 s, 52362.9 tps, lat 4.889 ms stddev 5.200, 0 failed
progress: 35.0 s, 52601.5 tps, lat 4.868 ms stddev 5.143, 0 failed
progress: 36.0 s, 52966.5 tps, lat 4.834 ms stddev 5.133, 0 failed
progress: 37.0 s, 52863.4 tps, lat 4.842 ms stddev 5.098, 0 failed
progress: 38.0 s, 52638.5 tps, lat 4.864 ms stddev 5.117, 0 failed
progress: 39.0 s, 52930.2 tps, lat 4.834 ms stddev 5.116, 0 failed
progress: 40.0 s, 52695.1 tps, lat 4.859 ms stddev 5.142, 0 failed
progress: 41.0 s, 52692.8 tps, lat 4.858 ms stddev 5.085, 0 failed
progress: 42.0 s, 52991.0 tps, lat 4.829 ms stddev 5.094, 0 failed
progress: 43.0 s, 52608.3 tps, lat 4.869 ms stddev 5.128, 0 failed
progress: 44.0 s, 52469.1 tps, lat 4.876 ms stddev 5.136, 0 failed
progress: 45.0 s, 52332.8 tps, lat 4.892 ms stddev 5.176, 0 failed
progress: 46.0 s, 52258.8 tps, lat 4.899 ms stddev 5.193, 0 failed
progress: 47.0 s, 52845.2 tps, lat 4.846 ms stddev 5.127, 0 failed
progress: 48.0 s, 52659.0 tps, lat 4.858 ms stddev 5.128, 0 failed
progress: 49.0 s, 53415.7 tps, lat 4.795 ms stddev 5.066, 0 failed
progress: 50.0 s, 52687.3 tps, lat 4.855 ms stddev 5.120, 0 failed
progress: 51.0 s, 52522.6 tps, lat 4.875 ms stddev 5.191, 0 failed
progress: 52.0 s, 52681.1 tps, lat 4.861 ms stddev 5.121, 0 failed
progress: 53.0 s, 52614.1 tps, lat 4.865 ms stddev 5.133, 0 failed
progress: 54.0 s, 52502.9 tps, lat 4.876 ms stddev 5.177, 0 failed
progress: 55.0 s, 52468.1 tps, lat 4.875 ms stddev 5.191, 0 failed
progress: 56.0 s, 52849.2 tps, lat 4.845 ms stddev 5.096, 0 failed
progress: 57.0 s, 52909.9 tps, lat 4.839 ms stddev 5.104, 0 failed
progress: 58.0 s, 52691.9 tps, lat 4.857 ms stddev 5.107, 0 failed
progress: 59.0 s, 52990.9 tps, lat 4.833 ms stddev 5.102, 0 failed
transaction type: star-1.sql
scaling factor: 1
query mode: prepared
number of clients: 256
number of threads: 256
maximum number of tries: 1
duration: 60 s
number of transactions actually processed: 3147981
number of failed transactions: 0 (0.000%)
latency average = 4.869 ms
latency stddev = 5.206 ms
initial connection time = 149.149 ms
tps = 52548.916609 (without initial connection time)
