pgbench (18devel, server 9.2.24)
progress: 1.0 s, 78758.0 tps, lat 0.202 ms stddev 0.735, 0 failed
progress: 2.0 s, 92105.3 tps, lat 0.174 ms stddev 0.014, 0 failed
progress: 3.0 s, 91638.8 tps, lat 0.174 ms stddev 0.022, 0 failed
progress: 4.0 s, 94479.1 tps, lat 0.169 ms stddev 0.015, 0 failed
progress: 5.0 s, 93804.9 tps, lat 0.170 ms stddev 0.018, 0 failed
progress: 6.0 s, 92960.0 tps, lat 0.172 ms stddev 0.020, 0 failed
progress: 7.0 s, 93759.1 tps, lat 0.171 ms stddev 0.016, 0 failed
progress: 8.0 s, 95070.9 tps, lat 0.168 ms stddev 0.013, 0 failed
progress: 9.0 s, 95368.0 tps, lat 0.168 ms stddev 0.014, 0 failed
progress: 10.0 s, 95250.2 tps, lat 0.168 ms stddev 0.014, 0 failed
progress: 11.0 s, 95048.6 tps, lat 0.168 ms stddev 0.013, 0 failed
progress: 12.0 s, 95110.2 tps, lat 0.168 ms stddev 0.014, 0 failed
progress: 13.0 s, 94932.3 tps, lat 0.168 ms stddev 0.014, 0 failed
progress: 14.0 s, 94642.2 tps, lat 0.169 ms stddev 0.015, 0 failed
progress: 15.0 s, 94785.0 tps, lat 0.169 ms stddev 0.014, 0 failed
progress: 16.0 s, 95008.5 tps, lat 0.168 ms stddev 0.014, 0 failed
progress: 17.0 s, 95681.0 tps, lat 0.167 ms stddev 0.013, 0 failed
progress: 18.0 s, 95876.9 tps, lat 0.167 ms stddev 0.013, 0 failed
progress: 19.0 s, 95983.5 tps, lat 0.167 ms stddev 0.013, 0 failed
progress: 20.0 s, 95611.9 tps, lat 0.167 ms stddev 0.013, 0 failed
progress: 21.0 s, 96256.5 tps, lat 0.166 ms stddev 0.013, 0 failed
progress: 22.0 s, 96096.1 tps, lat 0.166 ms stddev 0.021, 0 failed
progress: 23.0 s, 95293.0 tps, lat 0.168 ms stddev 0.020, 0 failed
progress: 24.0 s, 96196.0 tps, lat 0.166 ms stddev 0.013, 0 failed
progress: 25.0 s, 96306.0 tps, lat 0.166 ms stddev 0.013, 0 failed
progress: 26.0 s, 96172.1 tps, lat 0.166 ms stddev 0.013, 0 failed
progress: 27.0 s, 95628.0 tps, lat 0.167 ms stddev 0.013, 0 failed
progress: 28.0 s, 95669.1 tps, lat 0.167 ms stddev 0.014, 0 failed
progress: 29.0 s, 95677.5 tps, lat 0.167 ms stddev 0.015, 0 failed
progress: 30.0 s, 96473.4 tps, lat 0.166 ms stddev 0.013, 0 failed
progress: 31.0 s, 96563.0 tps, lat 0.166 ms stddev 0.013, 0 failed
progress: 32.0 s, 96612.8 tps, lat 0.166 ms stddev 0.013, 0 failed
progress: 33.0 s, 96466.4 tps, lat 0.166 ms stddev 0.013, 0 failed
progress: 34.0 s, 96281.8 tps, lat 0.166 ms stddev 0.014, 0 failed
progress: 35.0 s, 96380.1 tps, lat 0.166 ms stddev 0.013, 0 failed
progress: 36.0 s, 96447.0 tps, lat 0.166 ms stddev 0.013, 0 failed
progress: 37.0 s, 96337.7 tps, lat 0.166 ms stddev 0.013, 0 failed
progress: 38.0 s, 96200.5 tps, lat 0.166 ms stddev 0.013, 0 failed
progress: 39.0 s, 96269.7 tps, lat 0.166 ms stddev 0.013, 0 failed
progress: 40.0 s, 96396.1 tps, lat 0.166 ms stddev 0.013, 0 failed
progress: 41.0 s, 96206.3 tps, lat 0.166 ms stddev 0.022, 0 failed
progress: 42.0 s, 95813.2 tps, lat 0.167 ms stddev 0.013, 0 failed
progress: 43.0 s, 95339.8 tps, lat 0.168 ms stddev 0.014, 0 failed
progress: 44.0 s, 95702.7 tps, lat 0.167 ms stddev 0.013, 0 failed
progress: 45.0 s, 95740.4 tps, lat 0.167 ms stddev 0.013, 0 failed
progress: 46.0 s, 96468.2 tps, lat 0.166 ms stddev 0.013, 0 failed
progress: 47.0 s, 95645.3 tps, lat 0.167 ms stddev 0.013, 0 failed
progress: 48.0 s, 95584.0 tps, lat 0.167 ms stddev 0.014, 0 failed
progress: 49.0 s, 95797.1 tps, lat 0.167 ms stddev 0.014, 0 failed
progress: 50.0 s, 96359.9 tps, lat 0.166 ms stddev 0.015, 0 failed
progress: 51.0 s, 96851.9 tps, lat 0.165 ms stddev 0.012, 0 failed
progress: 52.0 s, 97085.4 tps, lat 0.165 ms stddev 0.013, 0 failed
progress: 53.0 s, 97071.2 tps, lat 0.165 ms stddev 0.018, 0 failed
progress: 54.0 s, 97097.6 tps, lat 0.165 ms stddev 0.013, 0 failed
progress: 55.0 s, 96475.9 tps, lat 0.166 ms stddev 0.013, 0 failed
progress: 56.0 s, 96259.1 tps, lat 0.166 ms stddev 0.013, 0 failed
progress: 57.0 s, 95933.6 tps, lat 0.167 ms stddev 0.016, 0 failed
progress: 58.0 s, 96077.3 tps, lat 0.166 ms stddev 0.013, 0 failed
progress: 59.0 s, 95829.1 tps, lat 0.167 ms stddev 0.013, 0 failed
transaction type: star-1.sql
scaling factor: 1
query mode: prepared
number of clients: 16
number of threads: 16
maximum number of tries: 1
duration: 60 s
number of transactions actually processed: 5722333
number of failed transactions: 0 (0.000%)
latency average = 0.168 ms
latency stddev = 0.088 ms
initial connection time = 13.127 ms
tps = 95392.541638 (without initial connection time)
