pgbench (18devel, server 13.16)
progress: 1.0 s, 544.0 tps, lat 1.830 ms stddev 0.172, 0 failed
progress: 2.0 s, 557.0 tps, lat 1.793 ms stddev 0.020, 0 failed
progress: 3.0 s, 549.0 tps, lat 1.822 ms stddev 0.019, 0 failed
progress: 4.0 s, 555.0 tps, lat 1.802 ms stddev 0.019, 0 failed
progress: 5.0 s, 552.0 tps, lat 1.813 ms stddev 0.020, 0 failed
progress: 6.0 s, 553.0 tps, lat 1.808 ms stddev 0.030, 0 failed
progress: 7.0 s, 555.0 tps, lat 1.800 ms stddev 0.023, 0 failed
progress: 8.0 s, 556.0 tps, lat 1.799 ms stddev 0.017, 0 failed
progress: 9.0 s, 556.0 tps, lat 1.797 ms stddev 0.010, 0 failed
progress: 10.0 s, 554.0 tps, lat 1.805 ms stddev 0.027, 0 failed
progress: 11.0 s, 556.0 tps, lat 1.798 ms stddev 0.020, 0 failed
progress: 12.0 s, 556.0 tps, lat 1.797 ms stddev 0.014, 0 failed
progress: 13.0 s, 557.0 tps, lat 1.797 ms stddev 0.011, 0 failed
progress: 14.0 s, 554.0 tps, lat 1.802 ms stddev 0.025, 0 failed
progress: 15.0 s, 556.0 tps, lat 1.800 ms stddev 0.030, 0 failed
progress: 16.0 s, 551.0 tps, lat 1.814 ms stddev 0.053, 0 failed
progress: 17.0 s, 557.0 tps, lat 1.794 ms stddev 0.043, 0 failed
progress: 18.0 s, 549.0 tps, lat 1.820 ms stddev 0.097, 0 failed
progress: 19.0 s, 557.0 tps, lat 1.795 ms stddev 0.009, 0 failed
progress: 20.0 s, 552.0 tps, lat 1.814 ms stddev 0.017, 0 failed
progress: 21.0 s, 551.0 tps, lat 1.813 ms stddev 0.009, 0 failed
progress: 22.0 s, 556.0 tps, lat 1.798 ms stddev 0.028, 0 failed
progress: 23.0 s, 552.0 tps, lat 1.813 ms stddev 0.010, 0 failed
progress: 24.0 s, 555.0 tps, lat 1.800 ms stddev 0.017, 0 failed
progress: 25.0 s, 557.0 tps, lat 1.796 ms stddev 0.018, 0 failed
progress: 26.0 s, 555.0 tps, lat 1.801 ms stddev 0.025, 0 failed
progress: 27.0 s, 555.0 tps, lat 1.801 ms stddev 0.019, 0 failed
progress: 28.0 s, 550.0 tps, lat 1.817 ms stddev 0.023, 0 failed
progress: 29.0 s, 552.0 tps, lat 1.813 ms stddev 0.012, 0 failed
progress: 30.0 s, 558.0 tps, lat 1.790 ms stddev 0.028, 0 failed
progress: 31.0 s, 554.0 tps, lat 1.805 ms stddev 0.025, 0 failed
progress: 32.0 s, 551.0 tps, lat 1.814 ms stddev 0.019, 0 failed
progress: 33.0 s, 552.0 tps, lat 1.812 ms stddev 0.009, 0 failed
progress: 34.0 s, 554.0 tps, lat 1.803 ms stddev 0.025, 0 failed
progress: 35.0 s, 557.0 tps, lat 1.796 ms stddev 0.023, 0 failed
progress: 36.0 s, 557.0 tps, lat 1.796 ms stddev 0.016, 0 failed
progress: 37.0 s, 557.0 tps, lat 1.795 ms stddev 0.010, 0 failed
progress: 38.0 s, 555.0 tps, lat 1.801 ms stddev 0.028, 0 failed
progress: 39.0 s, 556.0 tps, lat 1.797 ms stddev 0.027, 0 failed
progress: 40.0 s, 557.0 tps, lat 1.796 ms stddev 0.016, 0 failed
progress: 41.0 s, 557.0 tps, lat 1.795 ms stddev 0.011, 0 failed
progress: 42.0 s, 555.0 tps, lat 1.799 ms stddev 0.020, 0 failed
progress: 43.0 s, 557.0 tps, lat 1.797 ms stddev 0.029, 0 failed
progress: 44.0 s, 555.0 tps, lat 1.799 ms stddev 0.029, 0 failed
progress: 45.0 s, 557.0 tps, lat 1.796 ms stddev 0.024, 0 failed
progress: 46.0 s, 559.0 tps, lat 1.788 ms stddev 0.029, 0 failed
progress: 47.0 s, 562.0 tps, lat 1.778 ms stddev 0.012, 0 failed
progress: 48.0 s, 553.0 tps, lat 1.808 ms stddev 0.020, 0 failed
progress: 49.0 s, 551.0 tps, lat 1.813 ms stddev 0.014, 0 failed
progress: 50.0 s, 559.0 tps, lat 1.791 ms stddev 0.029, 0 failed
progress: 51.0 s, 561.0 tps, lat 1.781 ms stddev 0.028, 0 failed
progress: 52.0 s, 554.0 tps, lat 1.807 ms stddev 0.021, 0 failed
progress: 53.0 s, 551.0 tps, lat 1.813 ms stddev 0.011, 0 failed
progress: 54.0 s, 559.0 tps, lat 1.789 ms stddev 0.027, 0 failed
progress: 55.0 s, 562.0 tps, lat 1.778 ms stddev 0.013, 0 failed
progress: 56.0 s, 553.0 tps, lat 1.808 ms stddev 0.022, 0 failed
progress: 57.0 s, 552.0 tps, lat 1.812 ms stddev 0.009, 0 failed
progress: 58.0 s, 557.0 tps, lat 1.793 ms stddev 0.032, 0 failed
progress: 59.0 s, 559.0 tps, lat 1.788 ms stddev 0.030, 0 failed
progress: 60.0 s, 556.0 tps, lat 1.799 ms stddev 0.014, 0 failed
transaction type: star-1-left.sql
scaling factor: 1
query mode: simple
number of clients: 1
number of threads: 1
maximum number of tries: 1
duration: 60 s
number of transactions actually processed: 33297
number of failed transactions: 0 (0.000%)
latency average = 1.801 ms
latency stddev = 0.035 ms
initial connection time = 4.068 ms
tps = 554.979553 (without initial connection time)
