pgbench (18devel, server 13.16)
progress: 1.0 s, 16400.8 tps, lat 7.564 ms stddev 6.330, 0 failed
progress: 2.0 s, 17488.0 tps, lat 7.319 ms stddev 5.116, 0 failed
progress: 3.0 s, 17143.7 tps, lat 7.453 ms stddev 5.330, 0 failed
progress: 4.0 s, 16988.9 tps, lat 7.542 ms stddev 5.325, 0 failed
progress: 5.0 s, 16955.0 tps, lat 7.534 ms stddev 5.474, 0 failed
progress: 6.0 s, 17011.7 tps, lat 7.549 ms stddev 5.738, 0 failed
progress: 7.0 s, 17021.9 tps, lat 7.501 ms stddev 5.874, 0 failed
progress: 8.0 s, 17061.2 tps, lat 7.513 ms stddev 5.790, 0 failed
progress: 9.0 s, 17071.1 tps, lat 7.497 ms stddev 6.079, 0 failed
progress: 10.0 s, 17042.5 tps, lat 7.504 ms stddev 5.651, 0 failed
progress: 11.0 s, 17058.6 tps, lat 7.513 ms stddev 5.870, 0 failed
progress: 12.0 s, 17118.9 tps, lat 7.464 ms stddev 5.807, 0 failed
progress: 13.0 s, 17068.0 tps, lat 7.505 ms stddev 5.710, 0 failed
progress: 14.0 s, 17109.9 tps, lat 7.470 ms stddev 6.054, 0 failed
progress: 15.0 s, 17091.1 tps, lat 7.503 ms stddev 6.094, 0 failed
progress: 16.0 s, 17041.0 tps, lat 7.506 ms stddev 5.703, 0 failed
progress: 17.0 s, 17132.4 tps, lat 7.480 ms stddev 6.197, 0 failed
progress: 18.0 s, 17090.6 tps, lat 7.473 ms stddev 5.884, 0 failed
progress: 19.0 s, 17123.1 tps, lat 7.480 ms stddev 6.103, 0 failed
progress: 20.0 s, 17104.9 tps, lat 7.476 ms stddev 6.061, 0 failed
progress: 21.0 s, 17097.4 tps, lat 7.500 ms stddev 6.022, 0 failed
progress: 22.0 s, 17072.4 tps, lat 7.489 ms stddev 5.831, 0 failed
progress: 23.0 s, 17114.2 tps, lat 7.476 ms stddev 6.287, 0 failed
progress: 24.0 s, 17063.0 tps, lat 7.513 ms stddev 5.734, 0 failed
progress: 25.0 s, 17076.9 tps, lat 7.484 ms stddev 5.930, 0 failed
progress: 26.0 s, 17043.9 tps, lat 7.505 ms stddev 5.593, 0 failed
progress: 27.0 s, 17042.1 tps, lat 7.523 ms stddev 6.084, 0 failed
progress: 28.0 s, 17095.0 tps, lat 7.482 ms stddev 6.219, 0 failed
progress: 29.0 s, 17063.0 tps, lat 7.502 ms stddev 5.933, 0 failed
progress: 30.0 s, 17050.1 tps, lat 7.501 ms stddev 6.054, 0 failed
progress: 31.0 s, 17070.0 tps, lat 7.507 ms stddev 6.322, 0 failed
progress: 32.0 s, 17039.8 tps, lat 7.504 ms stddev 5.821, 0 failed
progress: 33.0 s, 17031.0 tps, lat 7.526 ms stddev 5.537, 0 failed
progress: 34.0 s, 17037.7 tps, lat 7.504 ms stddev 5.897, 0 failed
progress: 35.0 s, 17063.1 tps, lat 7.503 ms stddev 6.076, 0 failed
progress: 36.0 s, 17069.4 tps, lat 7.503 ms stddev 5.802, 0 failed
progress: 37.0 s, 17054.3 tps, lat 7.500 ms stddev 6.026, 0 failed
progress: 38.0 s, 17049.6 tps, lat 7.508 ms stddev 6.102, 0 failed
progress: 39.0 s, 17086.1 tps, lat 7.482 ms stddev 6.095, 0 failed
progress: 40.0 s, 17072.9 tps, lat 7.498 ms stddev 6.224, 0 failed
progress: 41.0 s, 17056.3 tps, lat 7.515 ms stddev 6.194, 0 failed
progress: 42.0 s, 17053.1 tps, lat 7.493 ms stddev 6.111, 0 failed
progress: 43.0 s, 17004.6 tps, lat 7.537 ms stddev 5.846, 0 failed
progress: 44.0 s, 17067.0 tps, lat 7.490 ms stddev 6.070, 0 failed
progress: 45.0 s, 17033.3 tps, lat 7.528 ms stddev 5.985, 0 failed
progress: 46.0 s, 17051.8 tps, lat 7.497 ms stddev 6.107, 0 failed
progress: 47.0 s, 17066.4 tps, lat 7.506 ms stddev 6.050, 0 failed
progress: 48.0 s, 17004.3 tps, lat 7.530 ms stddev 5.876, 0 failed
progress: 49.0 s, 17041.6 tps, lat 7.512 ms stddev 6.153, 0 failed
progress: 50.0 s, 16991.1 tps, lat 7.517 ms stddev 6.008, 0 failed
progress: 51.0 s, 17003.7 tps, lat 7.534 ms stddev 5.968, 0 failed
progress: 52.0 s, 17016.3 tps, lat 7.516 ms stddev 6.012, 0 failed
progress: 53.0 s, 16972.2 tps, lat 7.546 ms stddev 5.623, 0 failed
progress: 54.0 s, 16955.3 tps, lat 7.554 ms stddev 5.528, 0 failed
progress: 55.0 s, 17006.9 tps, lat 7.518 ms stddev 5.914, 0 failed
progress: 56.0 s, 17027.1 tps, lat 7.520 ms stddev 6.234, 0 failed
progress: 57.0 s, 16989.0 tps, lat 7.528 ms stddev 6.010, 0 failed
progress: 58.0 s, 16960.9 tps, lat 7.551 ms stddev 5.902, 0 failed
progress: 59.0 s, 16930.1 tps, lat 7.552 ms stddev 5.881, 0 failed
transaction type: star-1-left.sql
scaling factor: 1
query mode: simple
number of clients: 128
number of threads: 128
maximum number of tries: 1
duration: 60 s
number of transactions actually processed: 1021875
number of failed transactions: 0 (0.000%)
latency average = 7.507 ms
latency stddev = 5.927 ms
initial connection time = 76.357 ms
tps = 17044.301674 (without initial connection time)
