pgbench (18devel, server 13.16)
progress: 1.0 s, 13349.8 tps, lat 2.372 ms stddev 0.578, 0 failed
progress: 2.0 s, 13891.5 tps, lat 2.304 ms stddev 0.143, 0 failed
progress: 3.0 s, 13891.0 tps, lat 2.303 ms stddev 0.154, 0 failed
progress: 4.0 s, 13867.2 tps, lat 2.307 ms stddev 0.180, 0 failed
progress: 5.0 s, 13887.8 tps, lat 2.303 ms stddev 0.167, 0 failed
progress: 6.0 s, 13868.0 tps, lat 2.308 ms stddev 0.205, 0 failed
progress: 7.0 s, 13908.6 tps, lat 2.300 ms stddev 0.163, 0 failed
progress: 8.0 s, 13948.4 tps, lat 2.294 ms stddev 0.141, 0 failed
progress: 9.0 s, 13953.0 tps, lat 2.293 ms stddev 0.133, 0 failed
progress: 10.0 s, 13900.1 tps, lat 2.301 ms stddev 0.171, 0 failed
progress: 11.0 s, 13943.5 tps, lat 2.294 ms stddev 0.144, 0 failed
progress: 12.0 s, 13976.9 tps, lat 2.289 ms stddev 0.125, 0 failed
progress: 13.0 s, 13965.0 tps, lat 2.291 ms stddev 0.136, 0 failed
progress: 14.0 s, 14025.5 tps, lat 2.281 ms stddev 0.029, 0 failed
progress: 15.0 s, 14022.5 tps, lat 2.282 ms stddev 0.027, 0 failed
progress: 16.0 s, 13948.5 tps, lat 2.293 ms stddev 0.127, 0 failed
progress: 17.0 s, 13924.5 tps, lat 2.298 ms stddev 0.155, 0 failed
progress: 18.0 s, 14003.8 tps, lat 2.284 ms stddev 0.028, 0 failed
progress: 19.0 s, 14003.2 tps, lat 2.285 ms stddev 0.029, 0 failed
progress: 20.0 s, 14006.5 tps, lat 2.285 ms stddev 0.028, 0 failed
progress: 21.0 s, 14007.0 tps, lat 2.284 ms stddev 0.029, 0 failed
progress: 22.0 s, 14014.3 tps, lat 2.283 ms stddev 0.029, 0 failed
progress: 23.0 s, 14021.7 tps, lat 2.281 ms stddev 0.028, 0 failed
progress: 24.0 s, 14016.9 tps, lat 2.282 ms stddev 0.029, 0 failed
progress: 25.0 s, 14020.6 tps, lat 2.282 ms stddev 0.027, 0 failed
progress: 26.0 s, 14022.5 tps, lat 2.281 ms stddev 0.027, 0 failed
progress: 27.0 s, 14011.0 tps, lat 2.284 ms stddev 0.027, 0 failed
progress: 28.0 s, 13959.0 tps, lat 2.292 ms stddev 0.135, 0 failed
progress: 29.0 s, 14018.9 tps, lat 2.281 ms stddev 0.027, 0 failed
progress: 30.0 s, 13935.1 tps, lat 2.296 ms stddev 0.150, 0 failed
progress: 31.0 s, 14004.9 tps, lat 2.284 ms stddev 0.030, 0 failed
progress: 32.0 s, 13929.0 tps, lat 2.297 ms stddev 0.157, 0 failed
progress: 33.0 s, 13998.0 tps, lat 2.286 ms stddev 0.030, 0 failed
progress: 34.0 s, 13997.1 tps, lat 2.285 ms stddev 0.030, 0 failed
progress: 35.0 s, 13937.9 tps, lat 2.296 ms stddev 0.156, 0 failed
progress: 36.0 s, 14002.0 tps, lat 2.284 ms stddev 0.030, 0 failed
progress: 37.0 s, 13937.0 tps, lat 2.296 ms stddev 0.150, 0 failed
progress: 38.0 s, 14016.0 tps, lat 2.283 ms stddev 0.029, 0 failed
progress: 39.0 s, 13942.0 tps, lat 2.295 ms stddev 0.155, 0 failed
progress: 40.0 s, 13962.0 tps, lat 2.291 ms stddev 0.126, 0 failed
progress: 41.0 s, 13918.0 tps, lat 2.298 ms stddev 0.170, 0 failed
progress: 42.0 s, 13984.0 tps, lat 2.287 ms stddev 0.093, 0 failed
progress: 43.0 s, 13972.0 tps, lat 2.291 ms stddev 0.119, 0 failed
progress: 44.0 s, 13993.0 tps, lat 2.285 ms stddev 0.032, 0 failed
progress: 45.0 s, 14004.0 tps, lat 2.285 ms stddev 0.027, 0 failed
progress: 46.0 s, 14010.1 tps, lat 2.284 ms stddev 0.027, 0 failed
progress: 47.0 s, 14003.0 tps, lat 2.285 ms stddev 0.028, 0 failed
progress: 48.0 s, 13962.0 tps, lat 2.291 ms stddev 0.133, 0 failed
progress: 49.0 s, 13903.0 tps, lat 2.301 ms stddev 0.187, 0 failed
progress: 50.0 s, 14017.9 tps, lat 2.282 ms stddev 0.026, 0 failed
progress: 51.0 s, 14023.0 tps, lat 2.282 ms stddev 0.026, 0 failed
progress: 52.0 s, 13959.0 tps, lat 2.292 ms stddev 0.147, 0 failed
progress: 53.0 s, 13979.0 tps, lat 2.288 ms stddev 0.106, 0 failed
progress: 54.0 s, 13995.0 tps, lat 2.286 ms stddev 0.100, 0 failed
progress: 55.0 s, 14028.0 tps, lat 2.281 ms stddev 0.029, 0 failed
progress: 56.0 s, 13984.0 tps, lat 2.288 ms stddev 0.116, 0 failed
progress: 57.0 s, 13915.0 tps, lat 2.299 ms stddev 0.189, 0 failed
progress: 58.0 s, 13976.0 tps, lat 2.288 ms stddev 0.133, 0 failed
progress: 59.0 s, 14023.0 tps, lat 2.282 ms stddev 0.084, 0 failed
transaction type: star-1-left.sql
scaling factor: 1
query mode: simple
number of clients: 32
number of threads: 32
maximum number of tries: 1
duration: 60 s
number of transactions actually processed: 837583
number of failed transactions: 0 (0.000%)
latency average = 2.291 ms
latency stddev = 0.133 ms
initial connection time = 21.415 ms
tps = 13964.106051 (without initial connection time)
