pgbench (18devel, server 9.2.24)
progress: 1.0 s, 67.0 tps, lat 14.787 ms stddev 0.571, 0 failed
progress: 2.0 s, 68.0 tps, lat 14.653 ms stddev 0.024, 0 failed
progress: 3.0 s, 68.0 tps, lat 14.691 ms stddev 0.203, 0 failed
progress: 4.0 s, 69.0 tps, lat 14.647 ms stddev 0.061, 0 failed
progress: 5.0 s, 68.0 tps, lat 14.640 ms stddev 0.056, 0 failed
progress: 6.0 s, 68.0 tps, lat 14.642 ms stddev 0.056, 0 failed
progress: 7.0 s, 68.0 tps, lat 14.659 ms stddev 0.091, 0 failed
progress: 8.0 s, 69.0 tps, lat 14.634 ms stddev 0.023, 0 failed
progress: 9.0 s, 68.0 tps, lat 14.647 ms stddev 0.141, 0 failed
progress: 10.0 s, 68.0 tps, lat 14.641 ms stddev 0.060, 0 failed
progress: 11.0 s, 68.0 tps, lat 14.665 ms stddev 0.259, 0 failed
progress: 12.0 s, 69.0 tps, lat 14.647 ms stddev 0.080, 0 failed
progress: 13.0 s, 68.0 tps, lat 14.633 ms stddev 0.040, 0 failed
progress: 14.0 s, 68.0 tps, lat 14.660 ms stddev 0.258, 0 failed
progress: 15.0 s, 68.0 tps, lat 14.664 ms stddev 0.257, 0 failed
progress: 16.0 s, 69.0 tps, lat 14.631 ms stddev 0.025, 0 failed
progress: 17.0 s, 68.0 tps, lat 14.652 ms stddev 0.148, 0 failed
progress: 18.0 s, 68.0 tps, lat 14.626 ms stddev 0.021, 0 failed
progress: 19.0 s, 69.0 tps, lat 14.633 ms stddev 0.041, 0 failed
progress: 20.0 s, 68.0 tps, lat 14.631 ms stddev 0.024, 0 failed
progress: 21.0 s, 68.0 tps, lat 14.627 ms stddev 0.014, 0 failed
progress: 22.0 s, 69.0 tps, lat 14.630 ms stddev 0.026, 0 failed
progress: 23.0 s, 68.0 tps, lat 14.669 ms stddev 0.259, 0 failed
progress: 24.0 s, 68.0 tps, lat 14.631 ms stddev 0.031, 0 failed
progress: 25.0 s, 69.0 tps, lat 14.626 ms stddev 0.012, 0 failed
progress: 26.0 s, 68.0 tps, lat 14.637 ms stddev 0.047, 0 failed
progress: 27.0 s, 68.0 tps, lat 14.631 ms stddev 0.030, 0 failed
progress: 28.0 s, 69.0 tps, lat 14.672 ms stddev 0.263, 0 failed
progress: 29.0 s, 68.0 tps, lat 14.630 ms stddev 0.039, 0 failed
progress: 30.0 s, 68.0 tps, lat 14.627 ms stddev 0.021, 0 failed
progress: 31.0 s, 69.0 tps, lat 14.631 ms stddev 0.038, 0 failed
progress: 32.0 s, 68.0 tps, lat 14.639 ms stddev 0.057, 0 failed
progress: 33.0 s, 68.0 tps, lat 14.626 ms stddev 0.012, 0 failed
progress: 34.0 s, 69.0 tps, lat 14.629 ms stddev 0.029, 0 failed
progress: 35.0 s, 68.0 tps, lat 14.633 ms stddev 0.042, 0 failed
progress: 36.0 s, 68.0 tps, lat 14.658 ms stddev 0.257, 0 failed
progress: 37.0 s, 68.0 tps, lat 14.653 ms stddev 0.259, 0 failed
progress: 38.0 s, 68.0 tps, lat 14.692 ms stddev 0.358, 0 failed
progress: 39.0 s, 69.0 tps, lat 14.632 ms stddev 0.037, 0 failed
progress: 40.0 s, 68.0 tps, lat 14.690 ms stddev 0.362, 0 failed
progress: 41.0 s, 68.0 tps, lat 14.667 ms stddev 0.263, 0 failed
progress: 42.0 s, 68.0 tps, lat 14.661 ms stddev 0.110, 0 failed
progress: 43.0 s, 69.0 tps, lat 14.629 ms stddev 0.039, 0 failed
progress: 44.0 s, 68.0 tps, lat 14.660 ms stddev 0.144, 0 failed
progress: 45.0 s, 68.0 tps, lat 14.632 ms stddev 0.054, 0 failed
progress: 46.0 s, 68.0 tps, lat 14.662 ms stddev 0.256, 0 failed
progress: 47.0 s, 69.0 tps, lat 14.631 ms stddev 0.040, 0 failed
progress: 48.0 s, 68.0 tps, lat 14.625 ms stddev 0.021, 0 failed
progress: 49.0 s, 68.0 tps, lat 14.632 ms stddev 0.059, 0 failed
progress: 50.0 s, 69.0 tps, lat 14.636 ms stddev 0.048, 0 failed
progress: 51.0 s, 68.0 tps, lat 14.632 ms stddev 0.038, 0 failed
progress: 52.0 s, 68.0 tps, lat 14.646 ms stddev 0.040, 0 failed
progress: 53.0 s, 69.0 tps, lat 14.645 ms stddev 0.074, 0 failed
progress: 54.0 s, 68.0 tps, lat 14.660 ms stddev 0.254, 0 failed
progress: 55.0 s, 68.0 tps, lat 14.631 ms stddev 0.037, 0 failed
progress: 56.0 s, 68.0 tps, lat 14.646 ms stddev 0.038, 0 failed
progress: 57.0 s, 68.0 tps, lat 14.703 ms stddev 0.258, 0 failed
progress: 58.0 s, 68.0 tps, lat 14.716 ms stddev 0.273, 0 failed
progress: 59.0 s, 69.0 tps, lat 14.666 ms stddev 0.048, 0 failed
progress: 60.0 s, 68.0 tps, lat 14.707 ms stddev 0.332, 0 failed
transaction type: star-1.sql
scaling factor: 1
query mode: simple
number of clients: 1
number of threads: 1
maximum number of tries: 1
duration: 60 s
number of transactions actually processed: 4096
number of failed transactions: 0 (0.000%)
latency average = 14.651 ms
latency stddev = 0.170 ms
initial connection time = 2.649 ms
tps = 68.254724 (without initial connection time)
