pgbench (18devel, server 9.0.23)
progress: 1.0 s, 2735.6 tps, lat 76.723 ms stddev 131.576, 0 failed
progress: 2.0 s, 3504.8 tps, lat 78.181 ms stddev 98.500, 0 failed
progress: 3.0 s, 3538.6 tps, lat 72.391 ms stddev 59.886, 0 failed
progress: 4.0 s, 3696.9 tps, lat 69.548 ms stddev 57.163, 0 failed
progress: 5.0 s, 4312.3 tps, lat 59.322 ms stddev 49.127, 0 failed
progress: 6.0 s, 3486.1 tps, lat 73.528 ms stddev 60.687, 0 failed
progress: 7.0 s, 4218.0 tps, lat 60.878 ms stddev 51.505, 0 failed
progress: 8.0 s, 3700.9 tps, lat 68.708 ms stddev 58.182, 0 failed
progress: 9.0 s, 4096.2 tps, lat 62.496 ms stddev 54.432, 0 failed
progress: 10.0 s, 3467.9 tps, lat 73.914 ms stddev 60.786, 0 failed
progress: 11.0 s, 3459.2 tps, lat 74.144 ms stddev 60.939, 0 failed
progress: 12.0 s, 4048.0 tps, lat 63.371 ms stddev 55.056, 0 failed
progress: 13.0 s, 3880.4 tps, lat 65.573 ms stddev 57.213, 0 failed
progress: 14.0 s, 4078.6 tps, lat 64.428 ms stddev 53.603, 0 failed
progress: 15.0 s, 3876.8 tps, lat 65.524 ms stddev 54.857, 0 failed
progress: 16.0 s, 3906.0 tps, lat 65.440 ms stddev 51.569, 0 failed
progress: 17.0 s, 3696.4 tps, lat 68.707 ms stddev 56.057, 0 failed
progress: 18.0 s, 3599.6 tps, lat 70.750 ms stddev 57.220, 0 failed
progress: 19.0 s, 3645.2 tps, lat 70.674 ms stddev 57.549, 0 failed
progress: 20.0 s, 3548.7 tps, lat 71.465 ms stddev 58.579, 0 failed
progress: 21.0 s, 3658.9 tps, lat 70.497 ms stddev 58.212, 0 failed
progress: 22.0 s, 3624.4 tps, lat 70.282 ms stddev 56.448, 0 failed
progress: 23.0 s, 3584.7 tps, lat 71.109 ms stddev 58.510, 0 failed
progress: 24.0 s, 3950.5 tps, lat 67.183 ms stddev 58.496, 0 failed
progress: 25.0 s, 4102.6 tps, lat 60.046 ms stddev 54.762, 0 failed
progress: 26.0 s, 3536.0 tps, lat 72.488 ms stddev 60.659, 0 failed
progress: 27.0 s, 3550.0 tps, lat 73.076 ms stddev 58.048, 0 failed
progress: 28.0 s, 3533.5 tps, lat 72.656 ms stddev 58.208, 0 failed
progress: 29.0 s, 3700.6 tps, lat 68.275 ms stddev 55.224, 0 failed
progress: 30.0 s, 3588.6 tps, lat 71.177 ms stddev 58.215, 0 failed
progress: 31.0 s, 3522.3 tps, lat 72.579 ms stddev 61.610, 0 failed
progress: 32.0 s, 3661.9 tps, lat 70.444 ms stddev 57.701, 0 failed
progress: 33.0 s, 3495.0 tps, lat 72.768 ms stddev 61.260, 0 failed
progress: 34.0 s, 3599.7 tps, lat 71.025 ms stddev 58.920, 0 failed
progress: 35.0 s, 3762.1 tps, lat 68.712 ms stddev 56.689, 0 failed
progress: 36.0 s, 4028.4 tps, lat 63.100 ms stddev 54.276, 0 failed
progress: 37.0 s, 3812.9 tps, lat 67.961 ms stddev 57.550, 0 failed
progress: 38.0 s, 3529.1 tps, lat 71.988 ms stddev 58.905, 0 failed
progress: 39.0 s, 3652.5 tps, lat 69.679 ms stddev 57.788, 0 failed
progress: 40.0 s, 3524.3 tps, lat 72.553 ms stddev 61.113, 0 failed
progress: 41.0 s, 3654.4 tps, lat 70.230 ms stddev 58.081, 0 failed
progress: 42.0 s, 3781.9 tps, lat 70.292 ms stddev 60.452, 0 failed
progress: 43.0 s, 4338.9 tps, lat 56.715 ms stddev 53.446, 0 failed
progress: 44.0 s, 3452.2 tps, lat 73.633 ms stddev 60.887, 0 failed
progress: 45.0 s, 3552.7 tps, lat 72.716 ms stddev 59.236, 0 failed
progress: 46.0 s, 3549.8 tps, lat 71.680 ms stddev 58.484, 0 failed
progress: 47.0 s, 3641.1 tps, lat 70.908 ms stddev 57.679, 0 failed
progress: 48.0 s, 3740.0 tps, lat 68.516 ms stddev 56.330, 0 failed
progress: 49.0 s, 3633.0 tps, lat 70.823 ms stddev 57.163, 0 failed
progress: 50.0 s, 3497.8 tps, lat 72.290 ms stddev 61.030, 0 failed
progress: 51.0 s, 3744.2 tps, lat 69.457 ms stddev 58.342, 0 failed
progress: 52.0 s, 4460.9 tps, lat 56.590 ms stddev 49.500, 0 failed
progress: 53.0 s, 3618.2 tps, lat 70.756 ms stddev 57.875, 0 failed
progress: 54.0 s, 3562.9 tps, lat 71.802 ms stddev 60.645, 0 failed
progress: 55.0 s, 3613.2 tps, lat 71.082 ms stddev 59.678, 0 failed
progress: 56.0 s, 3648.7 tps, lat 70.002 ms stddev 57.622, 0 failed
progress: 57.0 s, 3804.5 tps, lat 67.927 ms stddev 56.723, 0 failed
progress: 58.0 s, 3913.0 tps, lat 65.221 ms stddev 52.894, 0 failed
progress: 59.0 s, 3693.3 tps, lat 69.085 ms stddev 57.210, 0 failed
transaction type: star-1.sql
scaling factor: 1
query mode: simple
number of clients: 256
number of threads: 256
maximum number of tries: 1
duration: 60 s
number of transactions actually processed: 222225
number of failed transactions: 0 (0.000%)
latency average = 68.968 ms
latency stddev = 59.845 ms
initial connection time = 143.066 ms
tps = 3710.838320 (without initial connection time)
