pgbench (18devel, server 9.1.24)
progress: 1.0 s, 8147.5 tps, lat 0.122 ms stddev 0.037, 0 failed
progress: 2.0 s, 8347.5 tps, lat 0.120 ms stddev 0.007, 0 failed
progress: 3.0 s, 8477.0 tps, lat 0.118 ms stddev 0.007, 0 failed
progress: 4.0 s, 8449.6 tps, lat 0.118 ms stddev 0.008, 0 failed
progress: 5.0 s, 8516.0 tps, lat 0.117 ms stddev 0.007, 0 failed
progress: 6.0 s, 8506.0 tps, lat 0.118 ms stddev 0.007, 0 failed
progress: 7.0 s, 8678.0 tps, lat 0.115 ms stddev 0.007, 0 failed
progress: 8.0 s, 8636.0 tps, lat 0.116 ms stddev 0.007, 0 failed
progress: 9.0 s, 8595.4 tps, lat 0.116 ms stddev 0.007, 0 failed
progress: 10.0 s, 8623.6 tps, lat 0.116 ms stddev 0.007, 0 failed
progress: 11.0 s, 8631.5 tps, lat 0.116 ms stddev 0.007, 0 failed
progress: 12.0 s, 8663.7 tps, lat 0.115 ms stddev 0.007, 0 failed
progress: 13.0 s, 8617.8 tps, lat 0.116 ms stddev 0.007, 0 failed
progress: 14.0 s, 8705.2 tps, lat 0.115 ms stddev 0.007, 0 failed
progress: 15.0 s, 8653.8 tps, lat 0.115 ms stddev 0.007, 0 failed
progress: 16.0 s, 8723.4 tps, lat 0.115 ms stddev 0.006, 0 failed
progress: 17.0 s, 8620.7 tps, lat 0.116 ms stddev 0.007, 0 failed
progress: 18.0 s, 8710.3 tps, lat 0.115 ms stddev 0.007, 0 failed
progress: 19.0 s, 8762.7 tps, lat 0.114 ms stddev 0.007, 0 failed
progress: 20.0 s, 8706.3 tps, lat 0.115 ms stddev 0.007, 0 failed
progress: 21.0 s, 8828.7 tps, lat 0.113 ms stddev 0.006, 0 failed
progress: 22.0 s, 8629.2 tps, lat 0.116 ms stddev 0.007, 0 failed
progress: 23.0 s, 8740.8 tps, lat 0.114 ms stddev 0.007, 0 failed
progress: 24.0 s, 8538.2 tps, lat 0.117 ms stddev 0.007, 0 failed
progress: 25.0 s, 8593.2 tps, lat 0.116 ms stddev 0.006, 0 failed
progress: 26.0 s, 8626.9 tps, lat 0.116 ms stddev 0.006, 0 failed
progress: 27.0 s, 8620.7 tps, lat 0.116 ms stddev 0.007, 0 failed
progress: 28.0 s, 8626.4 tps, lat 0.116 ms stddev 0.007, 0 failed
progress: 29.0 s, 8639.7 tps, lat 0.116 ms stddev 0.006, 0 failed
progress: 30.0 s, 8635.9 tps, lat 0.116 ms stddev 0.007, 0 failed
progress: 31.0 s, 8666.1 tps, lat 0.115 ms stddev 0.007, 0 failed
progress: 32.0 s, 8559.0 tps, lat 0.117 ms stddev 0.006, 0 failed
progress: 33.0 s, 8643.1 tps, lat 0.116 ms stddev 0.006, 0 failed
progress: 34.0 s, 8633.9 tps, lat 0.116 ms stddev 0.007, 0 failed
progress: 35.0 s, 8641.1 tps, lat 0.116 ms stddev 0.007, 0 failed
progress: 36.0 s, 8557.8 tps, lat 0.117 ms stddev 0.006, 0 failed
progress: 37.0 s, 8675.4 tps, lat 0.115 ms stddev 0.008, 0 failed
progress: 38.0 s, 8772.6 tps, lat 0.114 ms stddev 0.006, 0 failed
progress: 39.0 s, 8646.4 tps, lat 0.116 ms stddev 0.007, 0 failed
progress: 40.0 s, 8763.5 tps, lat 0.114 ms stddev 0.007, 0 failed
progress: 41.0 s, 8806.2 tps, lat 0.114 ms stddev 0.006, 0 failed
progress: 42.0 s, 8724.9 tps, lat 0.115 ms stddev 0.007, 0 failed
progress: 43.0 s, 8760.9 tps, lat 0.114 ms stddev 0.006, 0 failed
progress: 44.0 s, 8628.0 tps, lat 0.116 ms stddev 0.006, 0 failed
progress: 45.0 s, 8611.0 tps, lat 0.116 ms stddev 0.006, 0 failed
progress: 46.0 s, 8587.0 tps, lat 0.116 ms stddev 0.006, 0 failed
progress: 47.0 s, 8724.0 tps, lat 0.115 ms stddev 0.007, 0 failed
progress: 48.0 s, 8640.1 tps, lat 0.116 ms stddev 0.006, 0 failed
progress: 49.0 s, 8651.1 tps, lat 0.116 ms stddev 0.006, 0 failed
progress: 50.0 s, 8574.2 tps, lat 0.117 ms stddev 0.006, 0 failed
progress: 51.0 s, 8733.6 tps, lat 0.114 ms stddev 0.006, 0 failed
progress: 52.0 s, 8602.3 tps, lat 0.116 ms stddev 0.007, 0 failed
progress: 53.0 s, 8790.7 tps, lat 0.114 ms stddev 0.006, 0 failed
progress: 54.0 s, 8644.0 tps, lat 0.116 ms stddev 0.006, 0 failed
progress: 55.0 s, 8668.3 tps, lat 0.115 ms stddev 0.007, 0 failed
progress: 56.0 s, 8623.0 tps, lat 0.116 ms stddev 0.006, 0 failed
progress: 57.0 s, 8749.0 tps, lat 0.114 ms stddev 0.006, 0 failed
progress: 58.0 s, 8849.7 tps, lat 0.113 ms stddev 0.006, 0 failed
progress: 59.0 s, 8738.4 tps, lat 0.114 ms stddev 0.006, 0 failed
progress: 60.0 s, 8624.0 tps, lat 0.116 ms stddev 0.006, 0 failed
transaction type: star-1.sql
scaling factor: 1
query mode: prepared
number of clients: 1
number of threads: 1
maximum number of tries: 1
duration: 60 s
number of transactions actually processed: 518542
number of failed transactions: 0 (0.000%)
latency average = 0.116 ms
latency stddev = 0.008 ms
initial connection time = 2.094 ms
tps = 8642.651874 (without initial connection time)
