pgbench (18devel, server 9.1.24)
progress: 1.0 s, 22230.1 tps, lat 5.576 ms stddev 17.988, 0 failed
progress: 2.0 s, 37603.7 tps, lat 3.427 ms stddev 3.625, 0 failed
progress: 3.0 s, 39670.6 tps, lat 3.225 ms stddev 3.048, 0 failed
progress: 4.0 s, 39541.4 tps, lat 3.237 ms stddev 3.117, 0 failed
progress: 5.0 s, 39905.0 tps, lat 3.207 ms stddev 3.034, 0 failed
progress: 6.0 s, 40148.0 tps, lat 3.188 ms stddev 2.995, 0 failed
progress: 7.0 s, 39862.0 tps, lat 3.209 ms stddev 3.059, 0 failed
progress: 8.0 s, 39522.7 tps, lat 3.239 ms stddev 3.119, 0 failed
progress: 9.0 s, 39672.3 tps, lat 3.227 ms stddev 3.073, 0 failed
progress: 10.0 s, 40003.0 tps, lat 3.200 ms stddev 3.001, 0 failed
progress: 11.0 s, 33761.1 tps, lat 3.790 ms stddev 4.453, 0 failed
progress: 12.0 s, 39481.9 tps, lat 3.241 ms stddev 3.088, 0 failed
progress: 13.0 s, 39794.0 tps, lat 3.217 ms stddev 3.065, 0 failed
progress: 14.0 s, 39967.0 tps, lat 3.201 ms stddev 3.032, 0 failed
progress: 15.0 s, 39602.1 tps, lat 3.232 ms stddev 3.081, 0 failed
progress: 16.0 s, 39663.8 tps, lat 3.226 ms stddev 3.093, 0 failed
progress: 17.0 s, 39593.1 tps, lat 3.232 ms stddev 3.096, 0 failed
progress: 18.0 s, 39911.0 tps, lat 3.209 ms stddev 3.050, 0 failed
progress: 19.0 s, 39850.9 tps, lat 3.211 ms stddev 3.071, 0 failed
progress: 20.0 s, 39718.1 tps, lat 3.222 ms stddev 3.081, 0 failed
progress: 21.0 s, 39770.0 tps, lat 3.220 ms stddev 3.054, 0 failed
progress: 22.0 s, 39923.0 tps, lat 3.205 ms stddev 3.042, 0 failed
progress: 23.0 s, 26761.8 tps, lat 4.743 ms stddev 5.892, 0 failed
progress: 24.0 s, 19649.7 tps, lat 6.567 ms stddev 7.640, 0 failed
progress: 25.0 s, 39399.7 tps, lat 3.249 ms stddev 3.120, 0 failed
progress: 26.0 s, 39885.1 tps, lat 3.209 ms stddev 3.038, 0 failed
progress: 27.0 s, 28403.9 tps, lat 4.506 ms stddev 5.527, 0 failed
progress: 28.0 s, 39510.0 tps, lat 3.240 ms stddev 3.084, 0 failed
progress: 29.0 s, 39677.6 tps, lat 3.226 ms stddev 3.088, 0 failed
progress: 30.0 s, 39870.5 tps, lat 3.210 ms stddev 3.043, 0 failed
progress: 31.0 s, 39694.8 tps, lat 3.224 ms stddev 3.087, 0 failed
progress: 32.0 s, 39449.2 tps, lat 3.246 ms stddev 3.107, 0 failed
progress: 33.0 s, 39350.2 tps, lat 3.252 ms stddev 3.119, 0 failed
progress: 34.0 s, 40263.9 tps, lat 3.180 ms stddev 2.998, 0 failed
progress: 35.0 s, 39982.8 tps, lat 3.201 ms stddev 3.033, 0 failed
progress: 36.0 s, 39515.1 tps, lat 3.238 ms stddev 3.122, 0 failed
progress: 37.0 s, 39740.9 tps, lat 3.221 ms stddev 3.050, 0 failed
progress: 38.0 s, 39775.1 tps, lat 3.216 ms stddev 3.054, 0 failed
progress: 39.0 s, 39784.7 tps, lat 3.218 ms stddev 3.072, 0 failed
progress: 40.0 s, 39411.0 tps, lat 3.247 ms stddev 3.117, 0 failed
progress: 41.0 s, 39871.2 tps, lat 3.211 ms stddev 3.065, 0 failed
progress: 42.0 s, 39948.1 tps, lat 3.203 ms stddev 3.035, 0 failed
progress: 43.0 s, 39599.9 tps, lat 3.232 ms stddev 3.106, 0 failed
progress: 44.0 s, 39855.0 tps, lat 3.212 ms stddev 3.095, 0 failed
progress: 45.0 s, 39683.0 tps, lat 3.226 ms stddev 3.091, 0 failed
progress: 46.0 s, 40081.0 tps, lat 3.193 ms stddev 3.028, 0 failed
progress: 47.0 s, 39644.0 tps, lat 3.228 ms stddev 3.084, 0 failed
progress: 48.0 s, 38100.9 tps, lat 3.361 ms stddev 3.427, 0 failed
progress: 49.0 s, 39534.1 tps, lat 3.237 ms stddev 3.109, 0 failed
progress: 50.0 s, 39995.0 tps, lat 3.200 ms stddev 3.032, 0 failed
progress: 51.0 s, 39913.1 tps, lat 3.205 ms stddev 3.076, 0 failed
progress: 52.0 s, 40005.9 tps, lat 3.198 ms stddev 3.069, 0 failed
progress: 53.0 s, 39955.1 tps, lat 3.206 ms stddev 3.080, 0 failed
progress: 54.0 s, 40017.0 tps, lat 3.198 ms stddev 3.009, 0 failed
progress: 55.0 s, 39472.9 tps, lat 3.242 ms stddev 3.084, 0 failed
progress: 56.0 s, 39535.0 tps, lat 3.238 ms stddev 3.086, 0 failed
progress: 57.0 s, 39852.0 tps, lat 3.212 ms stddev 3.075, 0 failed
progress: 58.0 s, 39909.0 tps, lat 3.206 ms stddev 3.043, 0 failed
progress: 59.0 s, 39566.0 tps, lat 3.235 ms stddev 3.101, 0 failed
transaction type: star-1.sql
scaling factor: 1
query mode: prepared
number of clients: 128
number of threads: 128
maximum number of tries: 1
duration: 60 s
number of transactions actually processed: 2311940
number of failed transactions: 0 (0.000%)
latency average = 3.318 ms
latency stddev = 3.723 ms
initial connection time = 72.253 ms
tps = 38564.674312 (without initial connection time)
