pgbench (18devel, server 9.1.24)
progress: 1.0 s, 39109.7 tps, lat 0.406 ms stddev 0.297, 0 failed
progress: 2.0 s, 40322.2 tps, lat 0.396 ms stddev 0.117, 0 failed
progress: 3.0 s, 40473.0 tps, lat 0.395 ms stddev 0.120, 0 failed
progress: 4.0 s, 39898.0 tps, lat 0.401 ms stddev 0.085, 0 failed
progress: 5.0 s, 39517.0 tps, lat 0.405 ms stddev 0.101, 0 failed
progress: 6.0 s, 39998.0 tps, lat 0.400 ms stddev 0.095, 0 failed
progress: 7.0 s, 39520.0 tps, lat 0.404 ms stddev 0.093, 0 failed
progress: 8.0 s, 39015.0 tps, lat 0.410 ms stddev 0.092, 0 failed
progress: 9.0 s, 39814.0 tps, lat 0.402 ms stddev 0.098, 0 failed
progress: 10.0 s, 40166.2 tps, lat 0.398 ms stddev 0.090, 0 failed
progress: 11.0 s, 40358.8 tps, lat 0.396 ms stddev 0.088, 0 failed
progress: 12.0 s, 39185.3 tps, lat 0.408 ms stddev 0.110, 0 failed
progress: 13.0 s, 40665.7 tps, lat 0.393 ms stddev 0.089, 0 failed
progress: 14.0 s, 39787.0 tps, lat 0.402 ms stddev 0.117, 0 failed
progress: 15.0 s, 39298.1 tps, lat 0.407 ms stddev 0.118, 0 failed
progress: 16.0 s, 39035.0 tps, lat 0.410 ms stddev 0.098, 0 failed
progress: 17.0 s, 39005.0 tps, lat 0.410 ms stddev 0.098, 0 failed
progress: 18.0 s, 38736.0 tps, lat 0.413 ms stddev 0.111, 0 failed
progress: 19.0 s, 39150.0 tps, lat 0.408 ms stddev 0.097, 0 failed
progress: 20.0 s, 39482.0 tps, lat 0.405 ms stddev 0.091, 0 failed
progress: 21.0 s, 39182.0 tps, lat 0.408 ms stddev 0.100, 0 failed
progress: 22.0 s, 38995.9 tps, lat 0.410 ms stddev 0.097, 0 failed
progress: 23.0 s, 38616.1 tps, lat 0.414 ms stddev 0.096, 0 failed
progress: 24.0 s, 39036.0 tps, lat 0.410 ms stddev 0.090, 0 failed
progress: 25.0 s, 38354.9 tps, lat 0.417 ms stddev 0.097, 0 failed
progress: 26.0 s, 38270.8 tps, lat 0.418 ms stddev 0.102, 0 failed
progress: 27.0 s, 38352.2 tps, lat 0.417 ms stddev 0.092, 0 failed
progress: 28.0 s, 38653.0 tps, lat 0.414 ms stddev 0.092, 0 failed
progress: 29.0 s, 38797.0 tps, lat 0.412 ms stddev 0.094, 0 failed
progress: 30.0 s, 38900.7 tps, lat 0.411 ms stddev 0.094, 0 failed
progress: 31.0 s, 38913.3 tps, lat 0.411 ms stddev 0.103, 0 failed
progress: 32.0 s, 38821.9 tps, lat 0.412 ms stddev 0.095, 0 failed
progress: 33.0 s, 38606.0 tps, lat 0.414 ms stddev 0.104, 0 failed
progress: 34.0 s, 38590.4 tps, lat 0.414 ms stddev 0.096, 0 failed
progress: 35.0 s, 38292.5 tps, lat 0.417 ms stddev 0.095, 0 failed
progress: 36.0 s, 38594.0 tps, lat 0.414 ms stddev 0.095, 0 failed
progress: 37.0 s, 38424.9 tps, lat 0.416 ms stddev 0.099, 0 failed
progress: 38.0 s, 38468.2 tps, lat 0.416 ms stddev 0.091, 0 failed
progress: 39.0 s, 37882.1 tps, lat 0.422 ms stddev 0.104, 0 failed
progress: 40.0 s, 37922.9 tps, lat 0.422 ms stddev 0.112, 0 failed
progress: 41.0 s, 38616.0 tps, lat 0.414 ms stddev 0.105, 0 failed
progress: 42.0 s, 38508.0 tps, lat 0.415 ms stddev 0.120, 0 failed
progress: 43.0 s, 38446.0 tps, lat 0.416 ms stddev 0.108, 0 failed
progress: 44.0 s, 38605.0 tps, lat 0.414 ms stddev 0.124, 0 failed
progress: 45.0 s, 39184.8 tps, lat 0.408 ms stddev 0.096, 0 failed
progress: 46.0 s, 39113.3 tps, lat 0.409 ms stddev 0.097, 0 failed
progress: 47.0 s, 38671.9 tps, lat 0.413 ms stddev 0.102, 0 failed
progress: 48.0 s, 38927.0 tps, lat 0.411 ms stddev 0.090, 0 failed
progress: 49.0 s, 38422.0 tps, lat 0.416 ms stddev 0.102, 0 failed
progress: 50.0 s, 37588.2 tps, lat 0.425 ms stddev 0.138, 0 failed
progress: 51.0 s, 39354.8 tps, lat 0.406 ms stddev 0.108, 0 failed
progress: 52.0 s, 39384.0 tps, lat 0.406 ms stddev 0.108, 0 failed
progress: 53.0 s, 39031.0 tps, lat 0.410 ms stddev 0.116, 0 failed
progress: 54.0 s, 39071.0 tps, lat 0.409 ms stddev 0.097, 0 failed
progress: 55.0 s, 38833.0 tps, lat 0.412 ms stddev 0.103, 0 failed
progress: 56.0 s, 38982.1 tps, lat 0.410 ms stddev 0.100, 0 failed
progress: 57.0 s, 38367.9 tps, lat 0.417 ms stddev 0.105, 0 failed
progress: 58.0 s, 38346.0 tps, lat 0.417 ms stddev 0.098, 0 failed
progress: 59.0 s, 38506.0 tps, lat 0.415 ms stddev 0.099, 0 failed
transaction type: star-1.sql
scaling factor: 1
query mode: prepared
number of clients: 16
number of threads: 16
maximum number of tries: 1
duration: 60 s
number of transactions actually processed: 2338620
number of failed transactions: 0 (0.000%)
latency average = 0.410 ms
latency stddev = 0.108 ms
initial connection time = 14.390 ms
tps = 38986.018766 (without initial connection time)
