pgbench (18devel, server 9.1.24)
progress: 1.0 s, 35534.5 tps, lat 1.774 ms stddev 3.384, 0 failed
progress: 2.0 s, 39738.7 tps, lat 1.610 ms stddev 1.416, 0 failed
progress: 3.0 s, 40174.0 tps, lat 1.593 ms stddev 1.379, 0 failed
progress: 4.0 s, 39794.9 tps, lat 1.607 ms stddev 1.423, 0 failed
progress: 5.0 s, 27542.1 tps, lat 2.323 ms stddev 2.543, 0 failed
progress: 6.0 s, 40128.8 tps, lat 1.595 ms stddev 1.400, 0 failed
progress: 7.0 s, 40209.4 tps, lat 1.592 ms stddev 1.386, 0 failed
progress: 8.0 s, 22228.0 tps, lat 2.879 ms stddev 3.075, 0 failed
progress: 9.0 s, 30159.1 tps, lat 2.115 ms stddev 2.313, 0 failed
progress: 10.0 s, 7660.5 tps, lat 8.352 ms stddev 2.252, 0 failed
progress: 11.0 s, 31066.0 tps, lat 2.067 ms stddev 2.264, 0 failed
progress: 12.0 s, 39660.8 tps, lat 1.613 ms stddev 1.428, 0 failed
progress: 13.0 s, 40001.2 tps, lat 1.600 ms stddev 1.411, 0 failed
progress: 14.0 s, 39860.0 tps, lat 1.605 ms stddev 1.411, 0 failed
progress: 15.0 s, 40022.9 tps, lat 1.598 ms stddev 1.388, 0 failed
progress: 16.0 s, 39537.1 tps, lat 1.619 ms stddev 1.440, 0 failed
progress: 17.0 s, 39936.1 tps, lat 1.602 ms stddev 1.417, 0 failed
progress: 18.0 s, 39752.0 tps, lat 1.609 ms stddev 1.426, 0 failed
progress: 19.0 s, 39934.6 tps, lat 1.602 ms stddev 1.407, 0 failed
progress: 20.0 s, 39609.4 tps, lat 1.616 ms stddev 1.442, 0 failed
progress: 21.0 s, 39785.0 tps, lat 1.608 ms stddev 1.429, 0 failed
progress: 22.0 s, 39979.0 tps, lat 1.600 ms stddev 1.424, 0 failed
progress: 23.0 s, 40255.8 tps, lat 1.590 ms stddev 1.387, 0 failed
progress: 24.0 s, 40047.1 tps, lat 1.597 ms stddev 1.422, 0 failed
progress: 25.0 s, 40005.6 tps, lat 1.600 ms stddev 1.416, 0 failed
progress: 26.0 s, 40081.4 tps, lat 1.596 ms stddev 1.408, 0 failed
progress: 27.0 s, 40295.4 tps, lat 1.588 ms stddev 1.405, 0 failed
progress: 28.0 s, 39921.5 tps, lat 1.602 ms stddev 1.427, 0 failed
progress: 29.0 s, 40125.1 tps, lat 1.595 ms stddev 1.422, 0 failed
progress: 30.0 s, 35270.4 tps, lat 1.809 ms stddev 1.853, 0 failed
progress: 31.0 s, 35640.5 tps, lat 1.801 ms stddev 1.839, 0 failed
progress: 32.0 s, 39991.1 tps, lat 1.600 ms stddev 1.430, 0 failed
progress: 33.0 s, 40042.0 tps, lat 1.597 ms stddev 1.435, 0 failed
progress: 34.0 s, 40067.0 tps, lat 1.597 ms stddev 1.407, 0 failed
progress: 35.0 s, 39587.1 tps, lat 1.617 ms stddev 1.448, 0 failed
progress: 36.0 s, 39895.8 tps, lat 1.603 ms stddev 1.436, 0 failed
progress: 37.0 s, 40093.1 tps, lat 1.596 ms stddev 1.423, 0 failed
progress: 38.0 s, 40088.1 tps, lat 1.596 ms stddev 1.407, 0 failed
progress: 39.0 s, 40401.8 tps, lat 1.584 ms stddev 1.386, 0 failed
progress: 40.0 s, 39896.2 tps, lat 1.604 ms stddev 1.434, 0 failed
progress: 41.0 s, 39988.3 tps, lat 1.600 ms stddev 1.431, 0 failed
progress: 42.0 s, 23657.8 tps, lat 2.696 ms stddev 2.906, 0 failed
progress: 43.0 s, 7711.1 tps, lat 8.302 ms stddev 2.363, 0 failed
progress: 44.0 s, 7696.8 tps, lat 8.319 ms stddev 2.297, 0 failed
progress: 45.0 s, 17382.2 tps, lat 3.690 ms stddev 3.563, 0 failed
progress: 46.0 s, 39930.2 tps, lat 1.602 ms stddev 1.437, 0 failed
progress: 47.0 s, 40226.6 tps, lat 1.591 ms stddev 1.394, 0 failed
progress: 48.0 s, 39713.9 tps, lat 1.610 ms stddev 1.431, 0 failed
progress: 49.0 s, 39675.8 tps, lat 1.613 ms stddev 1.434, 0 failed
progress: 50.0 s, 39858.2 tps, lat 1.605 ms stddev 1.427, 0 failed
progress: 51.0 s, 39852.0 tps, lat 1.605 ms stddev 1.410, 0 failed
progress: 52.0 s, 39746.0 tps, lat 1.610 ms stddev 1.444, 0 failed
progress: 53.0 s, 39963.8 tps, lat 1.602 ms stddev 1.417, 0 failed
progress: 54.0 s, 38878.2 tps, lat 1.646 ms stddev 1.527, 0 failed
progress: 55.0 s, 40139.0 tps, lat 1.594 ms stddev 1.390, 0 failed
progress: 56.0 s, 39823.9 tps, lat 1.607 ms stddev 1.436, 0 failed
progress: 57.0 s, 39857.1 tps, lat 1.606 ms stddev 1.423, 0 failed
progress: 58.0 s, 40048.0 tps, lat 1.598 ms stddev 1.407, 0 failed
progress: 59.0 s, 40199.6 tps, lat 1.592 ms stddev 1.397, 0 failed
transaction type: star-1.sql
scaling factor: 1
query mode: prepared
number of clients: 64
number of threads: 64
maximum number of tries: 1
duration: 60 s
number of transactions actually processed: 2196977
number of failed transactions: 0 (0.000%)
latency average = 1.746 ms
latency stddev = 1.777 ms
initial connection time = 39.446 ms
tps = 36637.819043 (without initial connection time)
