pgbench (18devel, server 9.4.26)
progress: 1.0 s, 13055.2 tps, lat 2.428 ms stddev 0.560, 0 failed
progress: 2.0 s, 13522.0 tps, lat 2.366 ms stddev 0.073, 0 failed
progress: 3.0 s, 13560.0 tps, lat 2.359 ms stddev 0.065, 0 failed
progress: 4.0 s, 13563.0 tps, lat 2.359 ms stddev 0.108, 0 failed
progress: 5.0 s, 13577.6 tps, lat 2.356 ms stddev 0.068, 0 failed
progress: 6.0 s, 13530.0 tps, lat 2.366 ms stddev 0.149, 0 failed
progress: 7.0 s, 13588.5 tps, lat 2.354 ms stddev 0.069, 0 failed
progress: 8.0 s, 13585.5 tps, lat 2.355 ms stddev 0.071, 0 failed
progress: 9.0 s, 13586.4 tps, lat 2.355 ms stddev 0.067, 0 failed
progress: 10.0 s, 13590.0 tps, lat 2.354 ms stddev 0.065, 0 failed
progress: 11.0 s, 13588.0 tps, lat 2.355 ms stddev 0.067, 0 failed
progress: 12.0 s, 13584.0 tps, lat 2.355 ms stddev 0.066, 0 failed
progress: 13.0 s, 13593.0 tps, lat 2.353 ms stddev 0.065, 0 failed
progress: 14.0 s, 13519.0 tps, lat 2.367 ms stddev 0.183, 0 failed
progress: 15.0 s, 13564.5 tps, lat 2.359 ms stddev 0.144, 0 failed
progress: 16.0 s, 13600.5 tps, lat 2.351 ms stddev 0.066, 0 failed
progress: 17.0 s, 13616.0 tps, lat 2.350 ms stddev 0.063, 0 failed
progress: 18.0 s, 13621.0 tps, lat 2.349 ms stddev 0.065, 0 failed
progress: 19.0 s, 13508.6 tps, lat 2.369 ms stddev 0.201, 0 failed
progress: 20.0 s, 13578.0 tps, lat 2.356 ms stddev 0.126, 0 failed
progress: 21.0 s, 13550.5 tps, lat 2.361 ms stddev 0.167, 0 failed
progress: 22.0 s, 13626.3 tps, lat 2.348 ms stddev 0.057, 0 failed
progress: 23.0 s, 13629.1 tps, lat 2.348 ms stddev 0.062, 0 failed
progress: 24.0 s, 13643.0 tps, lat 2.345 ms stddev 0.059, 0 failed
progress: 25.0 s, 13632.0 tps, lat 2.347 ms stddev 0.061, 0 failed
progress: 26.0 s, 13635.0 tps, lat 2.347 ms stddev 0.066, 0 failed
progress: 27.0 s, 13616.0 tps, lat 2.349 ms stddev 0.070, 0 failed
progress: 28.0 s, 13566.0 tps, lat 2.358 ms stddev 0.157, 0 failed
progress: 29.0 s, 13569.0 tps, lat 2.358 ms stddev 0.166, 0 failed
progress: 30.0 s, 13574.4 tps, lat 2.357 ms stddev 0.152, 0 failed
progress: 31.0 s, 13512.0 tps, lat 2.368 ms stddev 0.202, 0 failed
progress: 32.0 s, 13610.0 tps, lat 2.351 ms stddev 0.070, 0 failed
progress: 33.0 s, 13551.6 tps, lat 2.362 ms stddev 0.163, 0 failed
progress: 34.0 s, 13561.4 tps, lat 2.359 ms stddev 0.150, 0 failed
progress: 35.0 s, 13607.1 tps, lat 2.351 ms stddev 0.071, 0 failed
progress: 36.0 s, 13579.9 tps, lat 2.356 ms stddev 0.144, 0 failed
progress: 37.0 s, 13601.0 tps, lat 2.352 ms stddev 0.106, 0 failed
progress: 38.0 s, 13612.6 tps, lat 2.351 ms stddev 0.085, 0 failed
progress: 39.0 s, 13582.0 tps, lat 2.356 ms stddev 0.140, 0 failed
progress: 40.0 s, 13609.0 tps, lat 2.351 ms stddev 0.074, 0 failed
progress: 41.0 s, 13554.0 tps, lat 2.360 ms stddev 0.160, 0 failed
progress: 42.0 s, 13572.4 tps, lat 2.358 ms stddev 0.154, 0 failed
progress: 43.0 s, 13591.0 tps, lat 2.354 ms stddev 0.133, 0 failed
progress: 44.0 s, 13614.2 tps, lat 2.349 ms stddev 0.068, 0 failed
progress: 45.0 s, 13620.7 tps, lat 2.349 ms stddev 0.065, 0 failed
progress: 46.0 s, 13509.1 tps, lat 2.368 ms stddev 0.208, 0 failed
progress: 47.0 s, 13558.0 tps, lat 2.360 ms stddev 0.162, 0 failed
progress: 48.0 s, 13536.5 tps, lat 2.363 ms stddev 0.181, 0 failed
progress: 49.0 s, 13457.0 tps, lat 2.377 ms stddev 0.247, 0 failed
progress: 50.0 s, 13601.5 tps, lat 2.353 ms stddev 0.126, 0 failed
progress: 51.0 s, 13472.5 tps, lat 2.374 ms stddev 0.244, 0 failed
progress: 52.0 s, 13626.0 tps, lat 2.348 ms stddev 0.068, 0 failed
progress: 53.0 s, 13635.0 tps, lat 2.347 ms stddev 0.068, 0 failed
progress: 54.0 s, 13510.5 tps, lat 2.367 ms stddev 0.206, 0 failed
progress: 55.0 s, 13621.4 tps, lat 2.349 ms stddev 0.068, 0 failed
progress: 56.0 s, 13622.4 tps, lat 2.349 ms stddev 0.072, 0 failed
progress: 57.0 s, 13548.9 tps, lat 2.361 ms stddev 0.170, 0 failed
progress: 58.0 s, 13513.3 tps, lat 2.367 ms stddev 0.204, 0 failed
progress: 59.0 s, 13629.6 tps, lat 2.348 ms stddev 0.068, 0 failed
transaction type: star-1-left.sql
scaling factor: 1
query mode: simple
number of clients: 32
number of threads: 32
maximum number of tries: 1
duration: 60 s
number of transactions actually processed: 814100
number of failed transactions: 0 (0.000%)
latency average = 2.357 ms
latency stddev = 0.145 ms
initial connection time = 19.891 ms
tps = 13572.224264 (without initial connection time)
