pgbench (18devel, server 9.4.26)
progress: 1.0 s, 17141.9 tps, lat 3.675 ms stddev 1.471, 0 failed
progress: 2.0 s, 18047.0 tps, lat 3.546 ms stddev 1.017, 0 failed
progress: 3.0 s, 17309.9 tps, lat 3.695 ms stddev 1.039, 0 failed
progress: 4.0 s, 17122.0 tps, lat 3.740 ms stddev 1.044, 0 failed
progress: 5.0 s, 17157.0 tps, lat 3.729 ms stddev 1.051, 0 failed
progress: 6.0 s, 17027.6 tps, lat 3.759 ms stddev 1.038, 0 failed
progress: 7.0 s, 17235.5 tps, lat 3.711 ms stddev 1.056, 0 failed
progress: 8.0 s, 16978.1 tps, lat 3.770 ms stddev 1.036, 0 failed
progress: 9.0 s, 17209.9 tps, lat 3.718 ms stddev 1.056, 0 failed
progress: 10.0 s, 17261.0 tps, lat 3.707 ms stddev 1.061, 0 failed
progress: 11.0 s, 17360.0 tps, lat 3.687 ms stddev 1.056, 0 failed
progress: 12.0 s, 17227.5 tps, lat 3.715 ms stddev 1.061, 0 failed
progress: 13.0 s, 17167.6 tps, lat 3.727 ms stddev 1.055, 0 failed
progress: 14.0 s, 17036.9 tps, lat 3.755 ms stddev 1.045, 0 failed
progress: 15.0 s, 17271.2 tps, lat 3.705 ms stddev 1.066, 0 failed
progress: 16.0 s, 17278.6 tps, lat 3.704 ms stddev 1.063, 0 failed
progress: 17.0 s, 17221.3 tps, lat 3.719 ms stddev 1.060, 0 failed
progress: 18.0 s, 16907.1 tps, lat 3.783 ms stddev 1.040, 0 failed
progress: 19.0 s, 16901.9 tps, lat 3.785 ms stddev 1.040, 0 failed
progress: 20.0 s, 17265.0 tps, lat 3.705 ms stddev 1.068, 0 failed
progress: 21.0 s, 17115.0 tps, lat 3.741 ms stddev 1.063, 0 failed
progress: 22.0 s, 17033.1 tps, lat 3.758 ms stddev 1.051, 0 failed
progress: 23.0 s, 16913.9 tps, lat 3.782 ms stddev 1.042, 0 failed
progress: 24.0 s, 17076.0 tps, lat 3.748 ms stddev 1.044, 0 failed
progress: 25.0 s, 16947.0 tps, lat 3.774 ms stddev 1.039, 0 failed
progress: 26.0 s, 17126.0 tps, lat 3.738 ms stddev 1.054, 0 failed
progress: 27.0 s, 17066.0 tps, lat 3.750 ms stddev 1.060, 0 failed
progress: 28.0 s, 17109.0 tps, lat 3.743 ms stddev 1.061, 0 failed
progress: 29.0 s, 17095.0 tps, lat 3.740 ms stddev 1.058, 0 failed
progress: 30.0 s, 17071.1 tps, lat 3.750 ms stddev 1.057, 0 failed
progress: 31.0 s, 17024.0 tps, lat 3.757 ms stddev 1.052, 0 failed
progress: 32.0 s, 16965.9 tps, lat 3.771 ms stddev 1.043, 0 failed
progress: 33.0 s, 16983.1 tps, lat 3.770 ms stddev 1.053, 0 failed
progress: 34.0 s, 17137.9 tps, lat 3.734 ms stddev 1.066, 0 failed
progress: 35.0 s, 17174.0 tps, lat 3.727 ms stddev 1.065, 0 failed
progress: 36.0 s, 17046.0 tps, lat 3.756 ms stddev 1.062, 0 failed
progress: 37.0 s, 17045.0 tps, lat 3.751 ms stddev 1.055, 0 failed
progress: 38.0 s, 16993.0 tps, lat 3.767 ms stddev 1.051, 0 failed
progress: 39.0 s, 17094.9 tps, lat 3.743 ms stddev 1.057, 0 failed
progress: 40.0 s, 17179.0 tps, lat 3.725 ms stddev 1.065, 0 failed
progress: 41.0 s, 17056.0 tps, lat 3.752 ms stddev 1.064, 0 failed
progress: 42.0 s, 17064.0 tps, lat 3.750 ms stddev 1.062, 0 failed
progress: 43.0 s, 17102.0 tps, lat 3.741 ms stddev 1.069, 0 failed
progress: 44.0 s, 16994.7 tps, lat 3.767 ms stddev 1.045, 0 failed
progress: 45.0 s, 17020.3 tps, lat 3.758 ms stddev 1.056, 0 failed
progress: 46.0 s, 17080.8 tps, lat 3.746 ms stddev 1.066, 0 failed
progress: 47.0 s, 17066.7 tps, lat 3.751 ms stddev 1.070, 0 failed
progress: 48.0 s, 17106.6 tps, lat 3.743 ms stddev 1.058, 0 failed
progress: 49.0 s, 16940.9 tps, lat 3.776 ms stddev 1.054, 0 failed
progress: 50.0 s, 17095.0 tps, lat 3.743 ms stddev 1.062, 0 failed
progress: 51.0 s, 16861.0 tps, lat 3.795 ms stddev 1.055, 0 failed
progress: 52.0 s, 17105.1 tps, lat 3.740 ms stddev 1.065, 0 failed
progress: 53.0 s, 17090.0 tps, lat 3.744 ms stddev 1.070, 0 failed
progress: 54.0 s, 17120.0 tps, lat 3.739 ms stddev 1.077, 0 failed
progress: 55.0 s, 16835.0 tps, lat 3.801 ms stddev 1.050, 0 failed
progress: 56.0 s, 17041.9 tps, lat 3.754 ms stddev 1.067, 0 failed
progress: 57.0 s, 16860.1 tps, lat 3.796 ms stddev 1.048, 0 failed
progress: 58.0 s, 16959.9 tps, lat 3.773 ms stddev 1.056, 0 failed
progress: 59.0 s, 16934.0 tps, lat 3.779 ms stddev 1.043, 0 failed
transaction type: star-1-left.sql
scaling factor: 1
query mode: simple
number of clients: 64
number of threads: 64
maximum number of tries: 1
duration: 60 s
number of transactions actually processed: 1025087
number of failed transactions: 0 (0.000%)
latency average = 3.743 ms
latency stddev = 1.064 ms
initial connection time = 40.758 ms
tps = 17094.905797 (without initial connection time)
