pgbench (18devel)
progress: 1.0 s, 12857.3 tps, lat 2.461 ms stddev 0.389, 0 failed
progress: 2.0 s, 13218.9 tps, lat 2.420 ms stddev 0.146, 0 failed
progress: 3.0 s, 13189.0 tps, lat 2.426 ms stddev 0.197, 0 failed
progress: 4.0 s, 13172.0 tps, lat 2.428 ms stddev 0.207, 0 failed
progress: 5.0 s, 13298.0 tps, lat 2.407 ms stddev 0.023, 0 failed
progress: 6.0 s, 13291.0 tps, lat 2.406 ms stddev 0.023, 0 failed
progress: 7.0 s, 13292.0 tps, lat 2.407 ms stddev 0.024, 0 failed
progress: 8.0 s, 13268.0 tps, lat 2.412 ms stddev 0.120, 0 failed
progress: 9.0 s, 13300.1 tps, lat 2.405 ms stddev 0.028, 0 failed
progress: 10.0 s, 13253.9 tps, lat 2.414 ms stddev 0.143, 0 failed
progress: 11.0 s, 13309.0 tps, lat 2.404 ms stddev 0.026, 0 failed
progress: 12.0 s, 13313.0 tps, lat 2.403 ms stddev 0.024, 0 failed
progress: 13.0 s, 13320.0 tps, lat 2.402 ms stddev 0.023, 0 failed
progress: 14.0 s, 13240.0 tps, lat 2.417 ms stddev 0.175, 0 failed
progress: 15.0 s, 13316.0 tps, lat 2.403 ms stddev 0.026, 0 failed
progress: 16.0 s, 13270.0 tps, lat 2.411 ms stddev 0.135, 0 failed
progress: 17.0 s, 13323.0 tps, lat 2.402 ms stddev 0.026, 0 failed
progress: 18.0 s, 13181.1 tps, lat 2.427 ms stddev 0.233, 0 failed
progress: 19.0 s, 13294.0 tps, lat 2.407 ms stddev 0.118, 0 failed
progress: 20.0 s, 13326.9 tps, lat 2.400 ms stddev 0.028, 0 failed
progress: 21.0 s, 13281.0 tps, lat 2.409 ms stddev 0.125, 0 failed
progress: 22.0 s, 13324.0 tps, lat 2.402 ms stddev 0.027, 0 failed
progress: 23.0 s, 13272.0 tps, lat 2.411 ms stddev 0.155, 0 failed
progress: 24.0 s, 13335.0 tps, lat 2.399 ms stddev 0.024, 0 failed
progress: 25.0 s, 13276.0 tps, lat 2.410 ms stddev 0.142, 0 failed
progress: 26.0 s, 13327.0 tps, lat 2.400 ms stddev 0.024, 0 failed
progress: 27.0 s, 13278.0 tps, lat 2.410 ms stddev 0.147, 0 failed
progress: 28.0 s, 13262.0 tps, lat 2.413 ms stddev 0.160, 0 failed
progress: 29.0 s, 13272.0 tps, lat 2.411 ms stddev 0.145, 0 failed
progress: 30.0 s, 13321.0 tps, lat 2.402 ms stddev 0.026, 0 failed
progress: 31.0 s, 13309.5 tps, lat 2.403 ms stddev 0.028, 0 failed
progress: 32.0 s, 13320.6 tps, lat 2.402 ms stddev 0.025, 0 failed
progress: 33.0 s, 13269.0 tps, lat 2.412 ms stddev 0.150, 0 failed
progress: 34.0 s, 13325.0 tps, lat 2.401 ms stddev 0.023, 0 failed
progress: 35.0 s, 13247.0 tps, lat 2.415 ms stddev 0.167, 0 failed
progress: 36.0 s, 13278.8 tps, lat 2.409 ms stddev 0.139, 0 failed
progress: 37.0 s, 13203.2 tps, lat 2.423 ms stddev 0.213, 0 failed
progress: 38.0 s, 13305.1 tps, lat 2.405 ms stddev 0.086, 0 failed
progress: 39.0 s, 13278.9 tps, lat 2.408 ms stddev 0.119, 0 failed
progress: 40.0 s, 13302.0 tps, lat 2.406 ms stddev 0.088, 0 failed
progress: 41.0 s, 13255.7 tps, lat 2.414 ms stddev 0.152, 0 failed
progress: 42.0 s, 13310.3 tps, lat 2.403 ms stddev 0.058, 0 failed
progress: 43.0 s, 13200.0 tps, lat 2.424 ms stddev 0.210, 0 failed
progress: 44.0 s, 13275.0 tps, lat 2.410 ms stddev 0.136, 0 failed
progress: 45.0 s, 13315.0 tps, lat 2.403 ms stddev 0.083, 0 failed
progress: 46.0 s, 13332.6 tps, lat 2.400 ms stddev 0.026, 0 failed
progress: 47.0 s, 13326.0 tps, lat 2.401 ms stddev 0.026, 0 failed
progress: 48.0 s, 13320.0 tps, lat 2.402 ms stddev 0.042, 0 failed
progress: 49.0 s, 13322.4 tps, lat 2.402 ms stddev 0.028, 0 failed
progress: 50.0 s, 13286.0 tps, lat 2.408 ms stddev 0.124, 0 failed
progress: 51.0 s, 13330.0 tps, lat 2.400 ms stddev 0.027, 0 failed
progress: 52.0 s, 13323.9 tps, lat 2.401 ms stddev 0.028, 0 failed
progress: 53.0 s, 13330.0 tps, lat 2.400 ms stddev 0.023, 0 failed
progress: 54.0 s, 13320.0 tps, lat 2.401 ms stddev 0.024, 0 failed
progress: 55.0 s, 13331.0 tps, lat 2.400 ms stddev 0.024, 0 failed
progress: 56.0 s, 13334.9 tps, lat 2.400 ms stddev 0.022, 0 failed
progress: 57.0 s, 13326.0 tps, lat 2.400 ms stddev 0.026, 0 failed
progress: 58.0 s, 13332.0 tps, lat 2.401 ms stddev 0.029, 0 failed
progress: 59.0 s, 13286.0 tps, lat 2.407 ms stddev 0.115, 0 failed
transaction type: star-1-left.sql
scaling factor: 1
query mode: simple
number of clients: 32
number of threads: 32
maximum number of tries: 1
duration: 60 s
number of transactions actually processed: 796872
number of failed transactions: 0 (0.000%)
latency average = 2.408 ms
latency stddev = 0.117 ms
initial connection time = 22.089 ms
tps = 13285.563422 (without initial connection time)
