pgbench (18devel, server 11.22)
progress: 1.0 s, 2326.8 tps, lat 26.734 ms stddev 9.174, 0 failed
progress: 2.0 s, 2462.0 tps, lat 25.988 ms stddev 8.400, 0 failed
progress: 3.0 s, 2387.0 tps, lat 26.744 ms stddev 8.659, 0 failed
progress: 4.0 s, 2375.0 tps, lat 27.003 ms stddev 8.738, 0 failed
progress: 5.0 s, 2368.0 tps, lat 27.065 ms stddev 8.667, 0 failed
progress: 6.0 s, 2363.0 tps, lat 27.023 ms stddev 8.633, 0 failed
progress: 7.0 s, 2381.0 tps, lat 26.923 ms stddev 8.654, 0 failed
progress: 8.0 s, 2375.0 tps, lat 26.988 ms stddev 8.620, 0 failed
progress: 9.0 s, 2341.0 tps, lat 27.207 ms stddev 8.539, 0 failed
progress: 10.0 s, 2375.0 tps, lat 26.993 ms stddev 8.624, 0 failed
progress: 11.0 s, 2370.0 tps, lat 26.980 ms stddev 8.599, 0 failed
progress: 12.0 s, 2370.0 tps, lat 26.965 ms stddev 8.616, 0 failed
progress: 13.0 s, 2376.0 tps, lat 27.032 ms stddev 8.601, 0 failed
progress: 14.0 s, 2347.0 tps, lat 27.232 ms stddev 8.607, 0 failed
progress: 15.0 s, 2369.0 tps, lat 27.023 ms stddev 8.664, 0 failed
progress: 16.0 s, 2365.0 tps, lat 27.007 ms stddev 8.650, 0 failed
progress: 17.0 s, 2362.0 tps, lat 27.092 ms stddev 8.663, 0 failed
progress: 18.0 s, 2372.0 tps, lat 26.983 ms stddev 8.660, 0 failed
progress: 19.0 s, 2379.0 tps, lat 26.957 ms stddev 8.647, 0 failed
progress: 20.0 s, 2371.0 tps, lat 26.940 ms stddev 8.614, 0 failed
progress: 21.0 s, 2379.0 tps, lat 26.951 ms stddev 8.608, 0 failed
progress: 22.0 s, 2372.0 tps, lat 26.906 ms stddev 8.599, 0 failed
progress: 23.0 s, 2350.0 tps, lat 27.242 ms stddev 8.593, 0 failed
progress: 24.0 s, 2357.0 tps, lat 27.190 ms stddev 8.640, 0 failed
progress: 25.0 s, 2362.0 tps, lat 27.133 ms stddev 8.639, 0 failed
progress: 26.0 s, 2366.0 tps, lat 27.054 ms stddev 8.656, 0 failed
progress: 27.0 s, 2344.0 tps, lat 27.264 ms stddev 8.597, 0 failed
progress: 28.0 s, 2371.0 tps, lat 26.967 ms stddev 8.662, 0 failed
progress: 29.0 s, 2370.0 tps, lat 27.129 ms stddev 8.612, 0 failed
progress: 30.0 s, 2368.0 tps, lat 26.968 ms stddev 8.632, 0 failed
progress: 31.0 s, 2372.0 tps, lat 27.002 ms stddev 8.651, 0 failed
progress: 32.0 s, 2358.0 tps, lat 27.055 ms stddev 8.677, 0 failed
progress: 33.0 s, 2353.0 tps, lat 27.260 ms stddev 8.683, 0 failed
progress: 34.0 s, 2342.0 tps, lat 27.410 ms stddev 8.721, 0 failed
progress: 35.0 s, 2346.0 tps, lat 27.132 ms stddev 8.718, 0 failed
progress: 36.0 s, 2364.0 tps, lat 27.180 ms stddev 8.675, 0 failed
progress: 37.0 s, 2316.0 tps, lat 27.492 ms stddev 8.606, 0 failed
progress: 38.0 s, 2352.0 tps, lat 27.285 ms stddev 8.657, 0 failed
progress: 39.0 s, 2362.0 tps, lat 27.052 ms stddev 8.647, 0 failed
progress: 40.0 s, 2368.0 tps, lat 27.059 ms stddev 8.621, 0 failed
progress: 41.0 s, 2364.0 tps, lat 27.085 ms stddev 8.602, 0 failed
progress: 42.0 s, 2366.0 tps, lat 27.019 ms stddev 8.650, 0 failed
progress: 43.0 s, 2350.0 tps, lat 27.278 ms stddev 8.689, 0 failed
progress: 44.0 s, 2366.0 tps, lat 27.005 ms stddev 8.722, 0 failed
progress: 45.0 s, 2374.0 tps, lat 27.034 ms stddev 8.713, 0 failed
progress: 46.0 s, 2361.0 tps, lat 27.108 ms stddev 8.700, 0 failed
progress: 47.0 s, 2363.0 tps, lat 26.997 ms stddev 8.702, 0 failed
progress: 48.0 s, 2372.0 tps, lat 27.016 ms stddev 8.665, 0 failed
progress: 49.0 s, 2361.0 tps, lat 27.057 ms stddev 8.609, 0 failed
progress: 50.0 s, 2355.0 tps, lat 27.182 ms stddev 8.583, 0 failed
progress: 51.0 s, 2361.0 tps, lat 27.157 ms stddev 8.616, 0 failed
progress: 52.0 s, 2361.0 tps, lat 27.063 ms stddev 8.627, 0 failed
progress: 53.0 s, 2346.0 tps, lat 27.364 ms stddev 8.592, 0 failed
progress: 54.0 s, 2359.0 tps, lat 27.078 ms stddev 8.623, 0 failed
progress: 55.0 s, 2365.0 tps, lat 27.077 ms stddev 8.674, 0 failed
progress: 56.0 s, 2359.0 tps, lat 27.164 ms stddev 8.695, 0 failed
progress: 57.0 s, 2366.0 tps, lat 27.006 ms stddev 8.675, 0 failed
progress: 58.0 s, 2361.0 tps, lat 27.106 ms stddev 8.647, 0 failed
progress: 59.0 s, 2360.0 tps, lat 27.070 ms stddev 8.655, 0 failed
progress: 60.0 s, 2348.9 tps, lat 27.218 ms stddev 8.663, 0 failed
transaction type: star-1.sql
scaling factor: 1
query mode: simple
number of clients: 64
number of threads: 64
maximum number of tries: 1
duration: 60 s
number of transactions actually processed: 141836
number of failed transactions: 0 (0.000%)
latency average = 27.061 ms
latency stddev = 8.653 ms
initial connection time = 41.705 ms
tps = 2364.190006 (without initial connection time)
