pgbench (18devel, server 15.8)
progress: 1.0 s, 9186.6 tps, lat 0.109 ms stddev 0.051, 0 failed
progress: 2.0 s, 9372.9 tps, lat 0.107 ms stddev 0.007, 0 failed
progress: 3.0 s, 9443.2 tps, lat 0.106 ms stddev 0.006, 0 failed
progress: 4.0 s, 9452.0 tps, lat 0.106 ms stddev 0.006, 0 failed
progress: 5.0 s, 9452.8 tps, lat 0.106 ms stddev 0.006, 0 failed
progress: 6.0 s, 9418.0 tps, lat 0.106 ms stddev 0.006, 0 failed
progress: 7.0 s, 9760.4 tps, lat 0.102 ms stddev 0.006, 0 failed
progress: 8.0 s, 9680.0 tps, lat 0.103 ms stddev 0.006, 0 failed
progress: 9.0 s, 9533.1 tps, lat 0.105 ms stddev 0.006, 0 failed
progress: 10.0 s, 9527.5 tps, lat 0.105 ms stddev 0.006, 0 failed
progress: 11.0 s, 9488.0 tps, lat 0.105 ms stddev 0.006, 0 failed
progress: 12.0 s, 9745.3 tps, lat 0.103 ms stddev 0.006, 0 failed
progress: 13.0 s, 9791.1 tps, lat 0.102 ms stddev 0.006, 0 failed
progress: 14.0 s, 9557.6 tps, lat 0.105 ms stddev 0.006, 0 failed
progress: 15.0 s, 9525.0 tps, lat 0.105 ms stddev 0.006, 0 failed
progress: 16.0 s, 9462.1 tps, lat 0.106 ms stddev 0.005, 0 failed
progress: 17.0 s, 9556.2 tps, lat 0.105 ms stddev 0.006, 0 failed
progress: 18.0 s, 9723.9 tps, lat 0.103 ms stddev 0.005, 0 failed
progress: 19.0 s, 9732.4 tps, lat 0.103 ms stddev 0.006, 0 failed
progress: 20.0 s, 9727.8 tps, lat 0.103 ms stddev 0.006, 0 failed
progress: 21.0 s, 9680.2 tps, lat 0.103 ms stddev 0.006, 0 failed
progress: 22.0 s, 9434.5 tps, lat 0.106 ms stddev 0.006, 0 failed
progress: 23.0 s, 9468.0 tps, lat 0.106 ms stddev 0.006, 0 failed
progress: 24.0 s, 9664.3 tps, lat 0.103 ms stddev 0.006, 0 failed
progress: 25.0 s, 9500.9 tps, lat 0.105 ms stddev 0.006, 0 failed
progress: 26.0 s, 9673.7 tps, lat 0.103 ms stddev 0.005, 0 failed
progress: 27.0 s, 9552.0 tps, lat 0.105 ms stddev 0.006, 0 failed
progress: 28.0 s, 9569.3 tps, lat 0.104 ms stddev 0.005, 0 failed
progress: 29.0 s, 9597.7 tps, lat 0.104 ms stddev 0.006, 0 failed
progress: 30.0 s, 9714.4 tps, lat 0.103 ms stddev 0.006, 0 failed
progress: 31.0 s, 9456.0 tps, lat 0.106 ms stddev 0.006, 0 failed
progress: 32.0 s, 9540.0 tps, lat 0.105 ms stddev 0.007, 0 failed
progress: 33.0 s, 9536.1 tps, lat 0.105 ms stddev 0.006, 0 failed
progress: 34.0 s, 9454.5 tps, lat 0.106 ms stddev 0.006, 0 failed
progress: 35.0 s, 9499.0 tps, lat 0.105 ms stddev 0.005, 0 failed
progress: 36.0 s, 9461.0 tps, lat 0.106 ms stddev 0.006, 0 failed
progress: 37.0 s, 9518.1 tps, lat 0.105 ms stddev 0.006, 0 failed
progress: 38.0 s, 9717.9 tps, lat 0.103 ms stddev 0.005, 0 failed
progress: 39.0 s, 9660.2 tps, lat 0.103 ms stddev 0.006, 0 failed
progress: 40.0 s, 9642.2 tps, lat 0.104 ms stddev 0.005, 0 failed
progress: 41.0 s, 9625.7 tps, lat 0.104 ms stddev 0.006, 0 failed
progress: 42.0 s, 9668.0 tps, lat 0.103 ms stddev 0.006, 0 failed
progress: 43.0 s, 9739.0 tps, lat 0.103 ms stddev 0.006, 0 failed
progress: 44.0 s, 9702.2 tps, lat 0.103 ms stddev 0.006, 0 failed
progress: 45.0 s, 9534.8 tps, lat 0.105 ms stddev 0.006, 0 failed
progress: 46.0 s, 9692.0 tps, lat 0.103 ms stddev 0.005, 0 failed
progress: 47.0 s, 9825.3 tps, lat 0.102 ms stddev 0.005, 0 failed
progress: 48.0 s, 9720.7 tps, lat 0.103 ms stddev 0.006, 0 failed
progress: 49.0 s, 9520.0 tps, lat 0.105 ms stddev 0.006, 0 failed
progress: 50.0 s, 9740.0 tps, lat 0.103 ms stddev 0.006, 0 failed
progress: 51.0 s, 9440.0 tps, lat 0.106 ms stddev 0.006, 0 failed
progress: 52.0 s, 9436.0 tps, lat 0.106 ms stddev 0.006, 0 failed
progress: 53.0 s, 9488.5 tps, lat 0.105 ms stddev 0.006, 0 failed
progress: 54.0 s, 9421.5 tps, lat 0.106 ms stddev 0.006, 0 failed
progress: 55.0 s, 9443.0 tps, lat 0.106 ms stddev 0.006, 0 failed
progress: 56.0 s, 9457.4 tps, lat 0.106 ms stddev 0.005, 0 failed
progress: 57.0 s, 9561.0 tps, lat 0.105 ms stddev 0.006, 0 failed
progress: 58.0 s, 9440.6 tps, lat 0.106 ms stddev 0.006, 0 failed
progress: 59.0 s, 9411.0 tps, lat 0.106 ms stddev 0.006, 0 failed
progress: 60.0 s, 9528.4 tps, lat 0.105 ms stddev 0.006, 0 failed
transaction type: star-1.sql
scaling factor: 1
query mode: prepared
number of clients: 1
number of threads: 1
maximum number of tries: 1
duration: 60 s
number of transactions actually processed: 573872
number of failed transactions: 0 (0.000%)
latency average = 0.104 ms
latency stddev = 0.009 ms
initial connection time = 1.822 ms
tps = 9564.807365 (without initial connection time)
