pgbench (18devel, server 15.8)
progress: 1.0 s, 117796.6 tps, lat 0.135 ms stddev 0.093, 0 failed
progress: 2.0 s, 124199.7 tps, lat 0.129 ms stddev 0.005, 0 failed
progress: 3.0 s, 122690.0 tps, lat 0.130 ms stddev 0.011, 0 failed
progress: 4.0 s, 123578.0 tps, lat 0.129 ms stddev 0.006, 0 failed
progress: 5.0 s, 121215.6 tps, lat 0.132 ms stddev 0.007, 0 failed
progress: 6.0 s, 121124.8 tps, lat 0.132 ms stddev 0.011, 0 failed
progress: 7.0 s, 121915.1 tps, lat 0.131 ms stddev 0.011, 0 failed
progress: 8.0 s, 122034.9 tps, lat 0.131 ms stddev 0.010, 0 failed
progress: 9.0 s, 120235.9 tps, lat 0.133 ms stddev 0.017, 0 failed
progress: 10.0 s, 120677.1 tps, lat 0.132 ms stddev 0.007, 0 failed
progress: 11.0 s, 120297.0 tps, lat 0.133 ms stddev 0.008, 0 failed
progress: 12.0 s, 121867.9 tps, lat 0.131 ms stddev 0.007, 0 failed
progress: 13.0 s, 122315.1 tps, lat 0.131 ms stddev 0.010, 0 failed
progress: 14.0 s, 123774.5 tps, lat 0.129 ms stddev 0.005, 0 failed
progress: 15.0 s, 122542.1 tps, lat 0.130 ms stddev 0.006, 0 failed
progress: 16.0 s, 123796.4 tps, lat 0.129 ms stddev 0.006, 0 failed
progress: 17.0 s, 124323.8 tps, lat 0.129 ms stddev 0.005, 0 failed
progress: 18.0 s, 124597.4 tps, lat 0.128 ms stddev 0.005, 0 failed
progress: 19.0 s, 123811.7 tps, lat 0.129 ms stddev 0.006, 0 failed
progress: 20.0 s, 122529.5 tps, lat 0.130 ms stddev 0.008, 0 failed
progress: 21.0 s, 122028.5 tps, lat 0.131 ms stddev 0.007, 0 failed
progress: 22.0 s, 122198.0 tps, lat 0.131 ms stddev 0.008, 0 failed
progress: 23.0 s, 122236.2 tps, lat 0.131 ms stddev 0.007, 0 failed
progress: 24.0 s, 123117.1 tps, lat 0.130 ms stddev 0.006, 0 failed
progress: 25.0 s, 123506.8 tps, lat 0.129 ms stddev 0.005, 0 failed
progress: 26.0 s, 123900.9 tps, lat 0.129 ms stddev 0.006, 0 failed
progress: 27.0 s, 123912.0 tps, lat 0.129 ms stddev 0.006, 0 failed
progress: 28.0 s, 122465.6 tps, lat 0.131 ms stddev 0.007, 0 failed
progress: 29.0 s, 121815.9 tps, lat 0.131 ms stddev 0.011, 0 failed
progress: 30.0 s, 122687.4 tps, lat 0.130 ms stddev 0.007, 0 failed
progress: 31.0 s, 122649.1 tps, lat 0.130 ms stddev 0.006, 0 failed
progress: 32.0 s, 121084.2 tps, lat 0.132 ms stddev 0.011, 0 failed
progress: 33.0 s, 122025.1 tps, lat 0.131 ms stddev 0.007, 0 failed
progress: 34.0 s, 122759.8 tps, lat 0.130 ms stddev 0.006, 0 failed
progress: 35.0 s, 122732.9 tps, lat 0.130 ms stddev 0.007, 0 failed
progress: 36.0 s, 121522.1 tps, lat 0.132 ms stddev 0.012, 0 failed
progress: 37.0 s, 123947.0 tps, lat 0.129 ms stddev 0.005, 0 failed
progress: 38.0 s, 123920.2 tps, lat 0.129 ms stddev 0.006, 0 failed
progress: 39.0 s, 123478.8 tps, lat 0.129 ms stddev 0.006, 0 failed
progress: 40.0 s, 123090.0 tps, lat 0.130 ms stddev 0.006, 0 failed
progress: 41.0 s, 123364.8 tps, lat 0.130 ms stddev 0.014, 0 failed
progress: 42.0 s, 123975.5 tps, lat 0.129 ms stddev 0.005, 0 failed
progress: 43.0 s, 123798.5 tps, lat 0.129 ms stddev 0.005, 0 failed
progress: 44.0 s, 123219.0 tps, lat 0.130 ms stddev 0.006, 0 failed
progress: 45.0 s, 123220.1 tps, lat 0.130 ms stddev 0.006, 0 failed
progress: 46.0 s, 123546.9 tps, lat 0.129 ms stddev 0.005, 0 failed
progress: 47.0 s, 122892.0 tps, lat 0.130 ms stddev 0.006, 0 failed
progress: 48.0 s, 122934.0 tps, lat 0.130 ms stddev 0.006, 0 failed
progress: 49.0 s, 122911.1 tps, lat 0.130 ms stddev 0.007, 0 failed
progress: 50.0 s, 122884.9 tps, lat 0.130 ms stddev 0.006, 0 failed
progress: 51.0 s, 122866.1 tps, lat 0.130 ms stddev 0.006, 0 failed
progress: 52.0 s, 122531.1 tps, lat 0.130 ms stddev 0.006, 0 failed
progress: 53.0 s, 122400.8 tps, lat 0.131 ms stddev 0.006, 0 failed
progress: 54.0 s, 124318.7 tps, lat 0.129 ms stddev 0.005, 0 failed
progress: 55.0 s, 124242.2 tps, lat 0.129 ms stddev 0.005, 0 failed
progress: 56.0 s, 124281.0 tps, lat 0.129 ms stddev 0.005, 0 failed
progress: 57.0 s, 123090.4 tps, lat 0.130 ms stddev 0.009, 0 failed
progress: 58.0 s, 123843.8 tps, lat 0.129 ms stddev 0.006, 0 failed
progress: 59.0 s, 123198.0 tps, lat 0.130 ms stddev 0.006, 0 failed
transaction type: star-1.sql
scaling factor: 1
query mode: prepared
number of clients: 16
number of threads: 16
maximum number of tries: 1
duration: 60 s
number of transactions actually processed: 7365144
number of failed transactions: 0 (0.000%)
latency average = 0.130 ms
latency stddev = 0.014 ms
initial connection time = 12.519 ms
tps = 122777.317657 (without initial connection time)
