pgbench (18devel, server 15.8)
progress: 1.0 s, 243762.9 tps, lat 0.258 ms stddev 0.339, 0 failed
progress: 2.0 s, 250314.7 tps, lat 0.255 ms stddev 0.087, 0 failed
progress: 3.0 s, 252375.0 tps, lat 0.253 ms stddev 0.070, 0 failed
progress: 4.0 s, 251636.8 tps, lat 0.254 ms stddev 0.082, 0 failed
progress: 5.0 s, 251330.9 tps, lat 0.254 ms stddev 0.092, 0 failed
progress: 6.0 s, 251539.3 tps, lat 0.254 ms stddev 0.088, 0 failed
progress: 7.0 s, 252430.4 tps, lat 0.253 ms stddev 0.082, 0 failed
progress: 8.0 s, 252092.5 tps, lat 0.254 ms stddev 0.084, 0 failed
progress: 9.0 s, 252138.5 tps, lat 0.254 ms stddev 0.082, 0 failed
progress: 10.0 s, 251347.3 tps, lat 0.254 ms stddev 0.090, 0 failed
progress: 11.0 s, 252490.9 tps, lat 0.253 ms stddev 0.079, 0 failed
progress: 12.0 s, 252029.4 tps, lat 0.254 ms stddev 0.084, 0 failed
progress: 13.0 s, 251575.8 tps, lat 0.254 ms stddev 0.089, 0 failed
progress: 14.0 s, 252109.8 tps, lat 0.254 ms stddev 0.084, 0 failed
progress: 15.0 s, 252304.2 tps, lat 0.253 ms stddev 0.082, 0 failed
progress: 16.0 s, 252205.5 tps, lat 0.254 ms stddev 0.081, 0 failed
progress: 17.0 s, 251699.5 tps, lat 0.254 ms stddev 0.089, 0 failed
progress: 18.0 s, 251812.5 tps, lat 0.254 ms stddev 0.087, 0 failed
progress: 19.0 s, 251981.3 tps, lat 0.254 ms stddev 0.082, 0 failed
progress: 20.0 s, 251821.2 tps, lat 0.254 ms stddev 0.088, 0 failed
progress: 21.0 s, 252071.3 tps, lat 0.254 ms stddev 0.080, 0 failed
progress: 22.0 s, 252749.8 tps, lat 0.253 ms stddev 0.071, 0 failed
progress: 23.0 s, 252238.7 tps, lat 0.254 ms stddev 0.083, 0 failed
progress: 24.0 s, 251285.8 tps, lat 0.254 ms stddev 0.093, 0 failed
progress: 25.0 s, 252112.0 tps, lat 0.254 ms stddev 0.086, 0 failed
progress: 26.0 s, 251907.2 tps, lat 0.254 ms stddev 0.082, 0 failed
progress: 27.0 s, 252455.0 tps, lat 0.253 ms stddev 0.081, 0 failed
progress: 28.0 s, 252666.2 tps, lat 0.253 ms stddev 0.080, 0 failed
progress: 29.0 s, 252863.0 tps, lat 0.253 ms stddev 0.077, 0 failed
progress: 30.0 s, 252434.5 tps, lat 0.253 ms stddev 0.074, 0 failed
progress: 31.0 s, 251549.8 tps, lat 0.254 ms stddev 0.087, 0 failed
progress: 32.0 s, 252695.9 tps, lat 0.253 ms stddev 0.080, 0 failed
progress: 33.0 s, 252281.8 tps, lat 0.253 ms stddev 0.082, 0 failed
progress: 34.0 s, 253205.6 tps, lat 0.253 ms stddev 0.067, 0 failed
progress: 35.0 s, 252323.6 tps, lat 0.253 ms stddev 0.079, 0 failed
progress: 36.0 s, 252728.9 tps, lat 0.253 ms stddev 0.076, 0 failed
progress: 37.0 s, 253064.0 tps, lat 0.253 ms stddev 0.076, 0 failed
progress: 38.0 s, 252612.0 tps, lat 0.253 ms stddev 0.081, 0 failed
progress: 39.0 s, 252228.2 tps, lat 0.254 ms stddev 0.077, 0 failed
progress: 40.0 s, 252266.5 tps, lat 0.253 ms stddev 0.078, 0 failed
progress: 41.0 s, 252472.7 tps, lat 0.253 ms stddev 0.081, 0 failed
progress: 42.0 s, 253160.0 tps, lat 0.253 ms stddev 0.068, 0 failed
progress: 43.0 s, 254024.4 tps, lat 0.252 ms stddev 0.062, 0 failed
progress: 44.0 s, 253103.2 tps, lat 0.253 ms stddev 0.070, 0 failed
progress: 45.0 s, 251165.7 tps, lat 0.255 ms stddev 0.096, 0 failed
progress: 46.0 s, 252192.7 tps, lat 0.254 ms stddev 0.079, 0 failed
progress: 47.0 s, 251864.3 tps, lat 0.254 ms stddev 0.088, 0 failed
progress: 48.0 s, 252496.2 tps, lat 0.253 ms stddev 0.079, 0 failed
progress: 49.0 s, 252410.5 tps, lat 0.253 ms stddev 0.081, 0 failed
progress: 50.0 s, 252132.4 tps, lat 0.254 ms stddev 0.079, 0 failed
progress: 51.0 s, 252770.5 tps, lat 0.253 ms stddev 0.077, 0 failed
progress: 52.0 s, 251192.3 tps, lat 0.255 ms stddev 0.089, 0 failed
progress: 53.0 s, 252464.7 tps, lat 0.253 ms stddev 0.081, 0 failed
progress: 54.0 s, 252918.3 tps, lat 0.253 ms stddev 0.074, 0 failed
progress: 55.0 s, 252004.3 tps, lat 0.254 ms stddev 0.082, 0 failed
progress: 56.0 s, 252498.7 tps, lat 0.253 ms stddev 0.080, 0 failed
progress: 57.0 s, 251565.0 tps, lat 0.254 ms stddev 0.091, 0 failed
progress: 58.0 s, 252225.0 tps, lat 0.253 ms stddev 0.078, 0 failed
progress: 59.0 s, 252325.7 tps, lat 0.254 ms stddev 0.083, 0 failed
transaction type: star-1.sql
scaling factor: 1
query mode: prepared
number of clients: 64
number of threads: 64
maximum number of tries: 1
duration: 60 s
number of transactions actually processed: 15118341
number of failed transactions: 0 (0.000%)
latency average = 0.254 ms
latency stddev = 0.092 ms
initial connection time = 37.645 ms
tps = 252119.213644 (without initial connection time)
