pgbench (18devel, server 8.4.22)
progress: 1.0 s, 16880.4 tps, lat 7.330 ms stddev 24.068, 0 failed
progress: 2.0 s, 26282.9 tps, lat 4.906 ms stddev 6.349, 0 failed
progress: 3.0 s, 40039.1 tps, lat 3.195 ms stddev 3.089, 0 failed
progress: 4.0 s, 40601.0 tps, lat 3.154 ms stddev 3.003, 0 failed
progress: 5.0 s, 40169.9 tps, lat 3.186 ms stddev 3.073, 0 failed
progress: 6.0 s, 39958.0 tps, lat 3.203 ms stddev 3.101, 0 failed
progress: 7.0 s, 40147.1 tps, lat 3.188 ms stddev 3.044, 0 failed
progress: 8.0 s, 39201.4 tps, lat 3.241 ms stddev 3.183, 0 failed
progress: 9.0 s, 19982.8 tps, lat 6.456 ms stddev 7.983, 0 failed
progress: 10.0 s, 36775.0 tps, lat 3.480 ms stddev 3.854, 0 failed
progress: 11.0 s, 22209.2 tps, lat 5.715 ms stddev 7.166, 0 failed
progress: 12.0 s, 6822.2 tps, lat 18.920 ms stddev 8.727, 0 failed
progress: 13.0 s, 12657.7 tps, lat 10.013 ms stddev 10.020, 0 failed
progress: 14.0 s, 21442.6 tps, lat 6.026 ms stddev 7.680, 0 failed
progress: 15.0 s, 40390.1 tps, lat 3.170 ms stddev 3.082, 0 failed
progress: 16.0 s, 36561.8 tps, lat 3.472 ms stddev 3.815, 0 failed
progress: 17.0 s, 6514.8 tps, lat 19.616 ms stddev 8.349, 0 failed
progress: 18.0 s, 6590.2 tps, lat 19.457 ms stddev 8.309, 0 failed
progress: 19.0 s, 35805.0 tps, lat 3.602 ms stddev 4.177, 0 failed
progress: 20.0 s, 40665.1 tps, lat 3.149 ms stddev 2.984, 0 failed
progress: 21.0 s, 40090.0 tps, lat 3.191 ms stddev 3.089, 0 failed
progress: 22.0 s, 36755.0 tps, lat 3.482 ms stddev 3.847, 0 failed
progress: 23.0 s, 40162.2 tps, lat 3.186 ms stddev 3.077, 0 failed
progress: 24.0 s, 17375.8 tps, lat 7.310 ms stddev 8.604, 0 failed
progress: 25.0 s, 38680.4 tps, lat 3.311 ms stddev 3.441, 0 failed
progress: 26.0 s, 26621.9 tps, lat 4.842 ms stddev 6.313, 0 failed
progress: 27.0 s, 30356.0 tps, lat 4.216 ms stddev 5.296, 0 failed
progress: 28.0 s, 39101.9 tps, lat 3.248 ms stddev 3.261, 0 failed
progress: 29.0 s, 20842.6 tps, lat 6.191 ms stddev 7.817, 0 failed
progress: 30.0 s, 40207.1 tps, lat 3.183 ms stddev 3.053, 0 failed
progress: 31.0 s, 40397.0 tps, lat 3.166 ms stddev 3.035, 0 failed
progress: 32.0 s, 33928.5 tps, lat 3.744 ms stddev 4.465, 0 failed
progress: 33.0 s, 34705.9 tps, lat 3.715 ms stddev 4.403, 0 failed
progress: 34.0 s, 37605.6 tps, lat 3.375 ms stddev 3.567, 0 failed
progress: 35.0 s, 35736.5 tps, lat 3.612 ms stddev 4.210, 0 failed
progress: 36.0 s, 40417.8 tps, lat 3.167 ms stddev 3.005, 0 failed
progress: 37.0 s, 31166.1 tps, lat 4.105 ms stddev 5.111, 0 failed
progress: 38.0 s, 39803.0 tps, lat 3.218 ms stddev 3.144, 0 failed
progress: 39.0 s, 18539.4 tps, lat 6.837 ms stddev 8.295, 0 failed
progress: 40.0 s, 6500.0 tps, lat 19.687 ms stddev 8.453, 0 failed
progress: 41.0 s, 25497.0 tps, lat 5.067 ms stddev 6.624, 0 failed
progress: 42.0 s, 40305.7 tps, lat 3.176 ms stddev 3.100, 0 failed
progress: 43.0 s, 39858.4 tps, lat 3.210 ms stddev 3.121, 0 failed
progress: 44.0 s, 40437.0 tps, lat 3.167 ms stddev 3.019, 0 failed
progress: 45.0 s, 40108.0 tps, lat 3.189 ms stddev 3.102, 0 failed
progress: 46.0 s, 40096.9 tps, lat 3.193 ms stddev 3.109, 0 failed
progress: 47.0 s, 40244.0 tps, lat 3.179 ms stddev 3.114, 0 failed
progress: 48.0 s, 23277.3 tps, lat 5.451 ms stddev 7.008, 0 failed
progress: 49.0 s, 6486.3 tps, lat 19.724 ms stddev 8.315, 0 failed
progress: 50.0 s, 17406.2 tps, lat 7.421 ms stddev 8.782, 0 failed
progress: 51.0 s, 37009.9 tps, lat 3.430 ms stddev 3.724, 0 failed
progress: 52.0 s, 32020.6 tps, lat 4.028 ms stddev 5.082, 0 failed
progress: 53.0 s, 39961.4 tps, lat 3.205 ms stddev 3.136, 0 failed
progress: 54.0 s, 40165.9 tps, lat 3.183 ms stddev 3.120, 0 failed
progress: 55.0 s, 40274.0 tps, lat 3.179 ms stddev 3.079, 0 failed
progress: 56.0 s, 40419.1 tps, lat 3.168 ms stddev 3.009, 0 failed
progress: 57.0 s, 39673.0 tps, lat 3.225 ms stddev 3.162, 0 failed
progress: 58.0 s, 40074.0 tps, lat 3.194 ms stddev 3.071, 0 failed
progress: 59.0 s, 40148.0 tps, lat 3.188 ms stddev 3.093, 0 failed
transaction type: star-1.sql
scaling factor: 1
query mode: prepared
number of clients: 128
number of threads: 128
maximum number of tries: 1
duration: 60 s
number of transactions actually processed: 1920430
number of failed transactions: 0 (0.000%)
latency average = 3.994 ms
latency stddev = 5.414 ms
initial connection time = 75.843 ms
tps = 32036.323993 (without initial connection time)
