pgbench (18devel, server 9.2.24)
progress: 1.0 s, 7808.9 tps, lat 0.128 ms stddev 0.072, 0 failed
progress: 2.0 s, 8187.9 tps, lat 0.122 ms stddev 0.007, 0 failed
progress: 3.0 s, 8212.8 tps, lat 0.122 ms stddev 0.007, 0 failed
progress: 4.0 s, 8276.0 tps, lat 0.121 ms stddev 0.007, 0 failed
progress: 5.0 s, 8261.3 tps, lat 0.121 ms stddev 0.007, 0 failed
progress: 6.0 s, 8302.2 tps, lat 0.120 ms stddev 0.007, 0 failed
progress: 7.0 s, 8328.7 tps, lat 0.120 ms stddev 0.007, 0 failed
progress: 8.0 s, 8460.1 tps, lat 0.118 ms stddev 0.006, 0 failed
progress: 9.0 s, 8440.9 tps, lat 0.118 ms stddev 0.007, 0 failed
progress: 10.0 s, 8308.4 tps, lat 0.120 ms stddev 0.007, 0 failed
progress: 11.0 s, 8387.6 tps, lat 0.119 ms stddev 0.007, 0 failed
progress: 12.0 s, 8403.9 tps, lat 0.119 ms stddev 0.007, 0 failed
progress: 13.0 s, 8406.4 tps, lat 0.119 ms stddev 0.007, 0 failed
progress: 14.0 s, 8388.6 tps, lat 0.119 ms stddev 0.007, 0 failed
progress: 15.0 s, 8431.2 tps, lat 0.119 ms stddev 0.007, 0 failed
progress: 16.0 s, 8494.9 tps, lat 0.118 ms stddev 0.007, 0 failed
progress: 17.0 s, 8314.8 tps, lat 0.120 ms stddev 0.007, 0 failed
progress: 18.0 s, 8399.0 tps, lat 0.119 ms stddev 0.006, 0 failed
progress: 19.0 s, 8418.2 tps, lat 0.119 ms stddev 0.007, 0 failed
progress: 20.0 s, 8467.8 tps, lat 0.118 ms stddev 0.006, 0 failed
progress: 21.0 s, 8448.3 tps, lat 0.118 ms stddev 0.007, 0 failed
progress: 22.0 s, 8415.7 tps, lat 0.119 ms stddev 0.006, 0 failed
progress: 23.0 s, 8378.0 tps, lat 0.119 ms stddev 0.007, 0 failed
progress: 24.0 s, 8419.0 tps, lat 0.119 ms stddev 0.006, 0 failed
progress: 25.0 s, 8396.2 tps, lat 0.119 ms stddev 0.007, 0 failed
progress: 26.0 s, 8322.7 tps, lat 0.120 ms stddev 0.007, 0 failed
progress: 27.0 s, 8379.0 tps, lat 0.119 ms stddev 0.006, 0 failed
progress: 28.0 s, 8496.1 tps, lat 0.118 ms stddev 0.006, 0 failed
progress: 29.0 s, 8485.9 tps, lat 0.118 ms stddev 0.006, 0 failed
progress: 30.0 s, 8391.0 tps, lat 0.119 ms stddev 0.007, 0 failed
progress: 31.0 s, 8371.1 tps, lat 0.119 ms stddev 0.007, 0 failed
progress: 32.0 s, 8359.0 tps, lat 0.120 ms stddev 0.006, 0 failed
progress: 33.0 s, 8399.0 tps, lat 0.119 ms stddev 0.007, 0 failed
progress: 34.0 s, 8307.0 tps, lat 0.120 ms stddev 0.007, 0 failed
progress: 35.0 s, 8408.0 tps, lat 0.119 ms stddev 0.007, 0 failed
progress: 36.0 s, 8400.0 tps, lat 0.119 ms stddev 0.006, 0 failed
progress: 37.0 s, 8373.0 tps, lat 0.119 ms stddev 0.007, 0 failed
progress: 38.0 s, 8451.0 tps, lat 0.118 ms stddev 0.006, 0 failed
progress: 39.0 s, 8532.0 tps, lat 0.117 ms stddev 0.006, 0 failed
progress: 40.0 s, 8467.0 tps, lat 0.118 ms stddev 0.007, 0 failed
progress: 41.0 s, 8501.0 tps, lat 0.118 ms stddev 0.006, 0 failed
progress: 42.0 s, 8391.0 tps, lat 0.119 ms stddev 0.006, 0 failed
progress: 43.0 s, 8351.2 tps, lat 0.120 ms stddev 0.007, 0 failed
progress: 44.0 s, 8323.1 tps, lat 0.120 ms stddev 0.006, 0 failed
progress: 45.0 s, 8363.6 tps, lat 0.119 ms stddev 0.007, 0 failed
progress: 46.0 s, 8372.5 tps, lat 0.119 ms stddev 0.007, 0 failed
progress: 47.0 s, 8356.6 tps, lat 0.120 ms stddev 0.007, 0 failed
progress: 48.0 s, 8353.4 tps, lat 0.120 ms stddev 0.007, 0 failed
progress: 49.0 s, 8326.6 tps, lat 0.120 ms stddev 0.006, 0 failed
progress: 50.0 s, 8351.0 tps, lat 0.120 ms stddev 0.006, 0 failed
progress: 51.0 s, 8398.2 tps, lat 0.119 ms stddev 0.007, 0 failed
progress: 52.0 s, 8491.2 tps, lat 0.118 ms stddev 0.006, 0 failed
progress: 53.0 s, 8439.6 tps, lat 0.118 ms stddev 0.007, 0 failed
progress: 54.0 s, 8402.2 tps, lat 0.119 ms stddev 0.006, 0 failed
progress: 55.0 s, 8424.9 tps, lat 0.119 ms stddev 0.007, 0 failed
progress: 56.0 s, 8321.3 tps, lat 0.120 ms stddev 0.006, 0 failed
progress: 57.0 s, 8326.9 tps, lat 0.120 ms stddev 0.006, 0 failed
progress: 58.0 s, 8321.8 tps, lat 0.120 ms stddev 0.006, 0 failed
progress: 59.0 s, 8361.0 tps, lat 0.120 ms stddev 0.006, 0 failed
progress: 60.0 s, 8476.2 tps, lat 0.118 ms stddev 0.007, 0 failed
transaction type: star-1-left.sql
scaling factor: 1
query mode: prepared
number of clients: 1
number of threads: 1
maximum number of tries: 1
duration: 60 s
number of transactions actually processed: 502553
number of failed transactions: 0 (0.000%)
latency average = 0.119 ms
latency stddev = 0.011 ms
initial connection time = 2.629 ms
tps = 8376.233739 (without initial connection time)
