pgbench (18devel, server 15.8)
progress: 1.0 s, 198293.9 tps, lat 0.318 ms stddev 1.666, 0 failed
progress: 2.0 s, 253871.3 tps, lat 0.252 ms stddev 0.071, 0 failed
progress: 3.0 s, 255501.9 tps, lat 0.250 ms stddev 0.063, 0 failed
progress: 4.0 s, 255389.0 tps, lat 0.250 ms stddev 0.069, 0 failed
progress: 5.0 s, 255090.3 tps, lat 0.251 ms stddev 0.069, 0 failed
progress: 6.0 s, 254832.3 tps, lat 0.251 ms stddev 0.070, 0 failed
progress: 7.0 s, 255492.7 tps, lat 0.250 ms stddev 0.067, 0 failed
progress: 8.0 s, 254987.0 tps, lat 0.251 ms stddev 0.072, 0 failed
progress: 9.0 s, 255297.1 tps, lat 0.250 ms stddev 0.071, 0 failed
progress: 10.0 s, 255664.9 tps, lat 0.250 ms stddev 0.068, 0 failed
progress: 11.0 s, 255431.0 tps, lat 0.250 ms stddev 0.068, 0 failed
progress: 12.0 s, 254621.5 tps, lat 0.251 ms stddev 0.075, 0 failed
progress: 13.0 s, 256353.1 tps, lat 0.249 ms stddev 0.059, 0 failed
progress: 14.0 s, 255322.7 tps, lat 0.250 ms stddev 0.066, 0 failed
progress: 15.0 s, 255196.0 tps, lat 0.251 ms stddev 0.066, 0 failed
progress: 16.0 s, 255208.8 tps, lat 0.251 ms stddev 0.074, 0 failed
progress: 17.0 s, 255242.5 tps, lat 0.251 ms stddev 0.069, 0 failed
progress: 18.0 s, 255651.5 tps, lat 0.250 ms stddev 0.063, 0 failed
progress: 19.0 s, 254821.4 tps, lat 0.251 ms stddev 0.069, 0 failed
progress: 20.0 s, 255513.3 tps, lat 0.250 ms stddev 0.068, 0 failed
progress: 21.0 s, 255142.0 tps, lat 0.251 ms stddev 0.071, 0 failed
progress: 22.0 s, 254907.8 tps, lat 0.251 ms stddev 0.073, 0 failed
progress: 23.0 s, 254738.7 tps, lat 0.251 ms stddev 0.069, 0 failed
progress: 24.0 s, 254270.8 tps, lat 0.251 ms stddev 0.071, 0 failed
progress: 25.0 s, 254371.9 tps, lat 0.251 ms stddev 0.071, 0 failed
progress: 26.0 s, 255928.0 tps, lat 0.250 ms stddev 0.061, 0 failed
progress: 27.0 s, 254529.8 tps, lat 0.251 ms stddev 0.076, 0 failed
progress: 28.0 s, 254624.7 tps, lat 0.251 ms stddev 0.074, 0 failed
progress: 29.0 s, 254848.5 tps, lat 0.251 ms stddev 0.074, 0 failed
progress: 30.0 s, 254391.8 tps, lat 0.251 ms stddev 0.076, 0 failed
progress: 31.0 s, 255200.6 tps, lat 0.251 ms stddev 0.066, 0 failed
progress: 32.0 s, 255041.9 tps, lat 0.251 ms stddev 0.070, 0 failed
progress: 33.0 s, 254824.5 tps, lat 0.251 ms stddev 0.074, 0 failed
progress: 34.0 s, 255120.4 tps, lat 0.251 ms stddev 0.071, 0 failed
progress: 35.0 s, 254779.3 tps, lat 0.251 ms stddev 0.074, 0 failed
progress: 36.0 s, 254055.0 tps, lat 0.252 ms stddev 0.081, 0 failed
progress: 37.0 s, 255106.5 tps, lat 0.251 ms stddev 0.069, 0 failed
progress: 38.0 s, 254578.1 tps, lat 0.251 ms stddev 0.077, 0 failed
progress: 39.0 s, 254595.5 tps, lat 0.251 ms stddev 0.076, 0 failed
progress: 40.0 s, 255537.3 tps, lat 0.250 ms stddev 0.068, 0 failed
progress: 41.0 s, 255120.2 tps, lat 0.251 ms stddev 0.066, 0 failed
progress: 42.0 s, 254920.8 tps, lat 0.251 ms stddev 0.068, 0 failed
progress: 43.0 s, 254235.0 tps, lat 0.252 ms stddev 0.075, 0 failed
progress: 44.0 s, 254295.0 tps, lat 0.251 ms stddev 0.077, 0 failed
progress: 45.0 s, 254937.7 tps, lat 0.251 ms stddev 0.071, 0 failed
progress: 46.0 s, 253921.5 tps, lat 0.252 ms stddev 0.077, 0 failed
progress: 47.0 s, 254716.7 tps, lat 0.251 ms stddev 0.066, 0 failed
progress: 48.0 s, 254083.3 tps, lat 0.252 ms stddev 0.077, 0 failed
progress: 49.0 s, 254795.5 tps, lat 0.251 ms stddev 0.066, 0 failed
progress: 50.0 s, 253559.0 tps, lat 0.252 ms stddev 0.077, 0 failed
progress: 51.0 s, 253734.1 tps, lat 0.252 ms stddev 0.079, 0 failed
progress: 52.0 s, 254057.9 tps, lat 0.252 ms stddev 0.077, 0 failed
progress: 53.0 s, 254086.0 tps, lat 0.252 ms stddev 0.076, 0 failed
progress: 54.0 s, 254744.4 tps, lat 0.251 ms stddev 0.066, 0 failed
progress: 55.0 s, 254197.3 tps, lat 0.252 ms stddev 0.075, 0 failed
progress: 56.0 s, 254125.3 tps, lat 0.252 ms stddev 0.075, 0 failed
progress: 57.0 s, 254410.5 tps, lat 0.251 ms stddev 0.071, 0 failed
progress: 58.0 s, 253703.7 tps, lat 0.252 ms stddev 0.078, 0 failed
progress: 59.0 s, 253850.5 tps, lat 0.252 ms stddev 0.077, 0 failed
transaction type: star-1.sql
scaling factor: 1
query mode: prepared
number of clients: 64
number of threads: 64
maximum number of tries: 1
duration: 60 s
number of transactions actually processed: 15223590
number of failed transactions: 0 (0.000%)
latency average = 0.252 ms
latency stddev = 0.203 ms
initial connection time = 36.651 ms
tps = 253875.783192 (without initial connection time)
