pgbench (18devel, server 9.1.24)
progress: 1.0 s, 5962.5 tps, lat 2.665 ms stddev 0.548, 0 failed
progress: 2.0 s, 5996.0 tps, lat 2.670 ms stddev 0.175, 0 failed
progress: 3.0 s, 5979.0 tps, lat 2.675 ms stddev 0.163, 0 failed
progress: 4.0 s, 5962.0 tps, lat 2.684 ms stddev 0.139, 0 failed
progress: 5.0 s, 5987.2 tps, lat 2.672 ms stddev 0.120, 0 failed
progress: 6.0 s, 5971.8 tps, lat 2.679 ms stddev 0.128, 0 failed
progress: 7.0 s, 5980.0 tps, lat 2.674 ms stddev 0.124, 0 failed
progress: 8.0 s, 5979.9 tps, lat 2.675 ms stddev 0.138, 0 failed
progress: 9.0 s, 5967.0 tps, lat 2.682 ms stddev 0.134, 0 failed
progress: 10.0 s, 5957.0 tps, lat 2.685 ms stddev 0.153, 0 failed
progress: 11.0 s, 5991.0 tps, lat 2.670 ms stddev 0.132, 0 failed
progress: 12.0 s, 5963.0 tps, lat 2.683 ms stddev 0.176, 0 failed
progress: 13.0 s, 5968.0 tps, lat 2.680 ms stddev 0.163, 0 failed
progress: 14.0 s, 5944.1 tps, lat 2.691 ms stddev 0.158, 0 failed
progress: 15.0 s, 5998.0 tps, lat 2.667 ms stddev 0.130, 0 failed
progress: 16.0 s, 5965.2 tps, lat 2.683 ms stddev 0.153, 0 failed
progress: 17.0 s, 5982.8 tps, lat 2.673 ms stddev 0.133, 0 failed
progress: 18.0 s, 5971.0 tps, lat 2.679 ms stddev 0.148, 0 failed
progress: 19.0 s, 5998.0 tps, lat 2.668 ms stddev 0.126, 0 failed
progress: 20.0 s, 5968.0 tps, lat 2.680 ms stddev 0.148, 0 failed
progress: 21.0 s, 5963.1 tps, lat 2.684 ms stddev 0.134, 0 failed
progress: 22.0 s, 5984.5 tps, lat 2.674 ms stddev 0.165, 0 failed
progress: 23.0 s, 5961.5 tps, lat 2.683 ms stddev 0.161, 0 failed
progress: 24.0 s, 5889.2 tps, lat 2.714 ms stddev 0.280, 0 failed
progress: 25.0 s, 5977.8 tps, lat 2.677 ms stddev 0.148, 0 failed
progress: 26.0 s, 5989.1 tps, lat 2.671 ms stddev 0.142, 0 failed
progress: 27.0 s, 5982.9 tps, lat 2.672 ms stddev 0.139, 0 failed
progress: 28.0 s, 5971.1 tps, lat 2.681 ms stddev 0.114, 0 failed
progress: 29.0 s, 5975.0 tps, lat 2.678 ms stddev 0.136, 0 failed
progress: 30.0 s, 5965.2 tps, lat 2.681 ms stddev 0.127, 0 failed
progress: 31.0 s, 5973.8 tps, lat 2.677 ms stddev 0.168, 0 failed
progress: 32.0 s, 5976.0 tps, lat 2.677 ms stddev 0.144, 0 failed
progress: 33.0 s, 5965.0 tps, lat 2.682 ms stddev 0.158, 0 failed
progress: 34.0 s, 5989.3 tps, lat 2.670 ms stddev 0.130, 0 failed
progress: 35.0 s, 5961.8 tps, lat 2.683 ms stddev 0.170, 0 failed
progress: 36.0 s, 5968.9 tps, lat 2.680 ms stddev 0.162, 0 failed
progress: 37.0 s, 5985.0 tps, lat 2.669 ms stddev 0.143, 0 failed
progress: 38.0 s, 5988.3 tps, lat 2.676 ms stddev 0.145, 0 failed
progress: 39.0 s, 5956.7 tps, lat 2.684 ms stddev 0.155, 0 failed
progress: 40.0 s, 5954.0 tps, lat 2.687 ms stddev 0.173, 0 failed
progress: 41.0 s, 5981.2 tps, lat 2.677 ms stddev 0.129, 0 failed
progress: 42.0 s, 5999.0 tps, lat 2.667 ms stddev 0.137, 0 failed
progress: 43.0 s, 5966.0 tps, lat 2.680 ms stddev 0.138, 0 failed
progress: 44.0 s, 5967.0 tps, lat 2.681 ms stddev 0.120, 0 failed
progress: 45.0 s, 5951.0 tps, lat 2.687 ms stddev 0.131, 0 failed
progress: 46.0 s, 5958.0 tps, lat 2.687 ms stddev 0.158, 0 failed
progress: 47.0 s, 5979.0 tps, lat 2.675 ms stddev 0.119, 0 failed
progress: 48.0 s, 5958.9 tps, lat 2.684 ms stddev 0.160, 0 failed
progress: 49.0 s, 5968.1 tps, lat 2.681 ms stddev 0.142, 0 failed
progress: 50.0 s, 5966.0 tps, lat 2.681 ms stddev 0.156, 0 failed
progress: 51.0 s, 5986.0 tps, lat 2.673 ms stddev 0.185, 0 failed
progress: 52.0 s, 5946.0 tps, lat 2.689 ms stddev 0.148, 0 failed
progress: 53.0 s, 5978.0 tps, lat 2.677 ms stddev 0.121, 0 failed
progress: 54.0 s, 5974.0 tps, lat 2.676 ms stddev 0.141, 0 failed
progress: 55.0 s, 5979.0 tps, lat 2.677 ms stddev 0.138, 0 failed
progress: 56.0 s, 5986.0 tps, lat 2.671 ms stddev 0.143, 0 failed
progress: 57.0 s, 5904.9 tps, lat 2.710 ms stddev 0.371, 0 failed
progress: 58.0 s, 5960.9 tps, lat 2.683 ms stddev 0.137, 0 failed
progress: 59.0 s, 5988.0 tps, lat 2.673 ms stddev 0.141, 0 failed
transaction type: star-1-left.sql
scaling factor: 1
query mode: simple
number of clients: 16
number of threads: 16
maximum number of tries: 1
duration: 60 s
number of transactions actually processed: 358254
number of failed transactions: 0 (0.000%)
latency average = 2.679 ms
latency stddev = 0.169 ms
initial connection time = 11.544 ms
tps = 5971.785417 (without initial connection time)
