The files belonging to this database system will be owned by user "tomas".
This user must also own the server process.

The database cluster will be initialized with locale en_US.UTF-8.
The default database encoding has accordingly been set to UTF8.

creating directory /mnt/pgdata/data ... ok
creating subdirectories ... ok
selecting default max_connections ... 100
selecting default shared_buffers/max_fsm_pages ... 32MB/204800
creating configuration files ... ok
creating template1 database in /mnt/pgdata/data/base/1 ... ok
initializing pg_authid ... ok
initializing dependencies ... ok
creating system views ... ok
loading system objects' descriptions ... ok
creating conversions ... ok
setting privileges on built-in objects ... ok
creating information schema ... ok
vacuuming database template1 ... ok
copying template1 to template0 ... ok
copying template1 to postgres ... ok

WARNING: enabling "trust" authentication for local connections
You can change this by editing pg_hba.conf or using the -A option the
next time you run initdb.

Success. You can now start the database server using:

    postgres -D /mnt/pgdata/data
or
    pg_ctl -D /mnt/pgdata/data -l logfile start

