pgbench (18devel, server 9.6.24)
progress: 1.0 s, 47675.2 tps, lat 5.095 ms stddev 8.270, 0 failed
progress: 2.0 s, 53680.9 tps, lat 4.770 ms stddev 5.000, 0 failed
progress: 3.0 s, 53367.0 tps, lat 4.796 ms stddev 5.035, 0 failed
progress: 4.0 s, 54086.7 tps, lat 4.735 ms stddev 4.922, 0 failed
progress: 5.0 s, 53460.5 tps, lat 4.789 ms stddev 5.054, 0 failed
progress: 6.0 s, 53277.7 tps, lat 4.803 ms stddev 5.034, 0 failed
progress: 7.0 s, 53863.0 tps, lat 4.752 ms stddev 5.016, 0 failed
progress: 8.0 s, 54239.1 tps, lat 4.718 ms stddev 4.932, 0 failed
progress: 9.0 s, 53918.1 tps, lat 4.750 ms stddev 4.969, 0 failed
progress: 10.0 s, 53935.1 tps, lat 4.745 ms stddev 5.000, 0 failed
progress: 11.0 s, 53687.0 tps, lat 4.770 ms stddev 5.012, 0 failed
progress: 12.0 s, 53883.9 tps, lat 4.748 ms stddev 4.972, 0 failed
progress: 13.0 s, 54025.9 tps, lat 4.739 ms stddev 4.961, 0 failed
progress: 14.0 s, 53410.0 tps, lat 4.790 ms stddev 5.046, 0 failed
progress: 15.0 s, 54016.2 tps, lat 4.744 ms stddev 4.989, 0 failed
progress: 16.0 s, 53813.9 tps, lat 4.756 ms stddev 4.992, 0 failed
progress: 17.0 s, 53959.0 tps, lat 4.743 ms stddev 4.966, 0 failed
progress: 18.0 s, 53821.7 tps, lat 4.756 ms stddev 5.018, 0 failed
progress: 19.0 s, 53481.2 tps, lat 4.786 ms stddev 5.035, 0 failed
progress: 20.0 s, 53359.2 tps, lat 4.796 ms stddev 4.985, 0 failed
progress: 21.0 s, 53563.7 tps, lat 4.781 ms stddev 5.060, 0 failed
progress: 22.0 s, 53598.0 tps, lat 4.778 ms stddev 5.079, 0 failed
progress: 23.0 s, 53679.1 tps, lat 4.764 ms stddev 5.027, 0 failed
progress: 24.0 s, 53580.1 tps, lat 4.777 ms stddev 5.056, 0 failed
progress: 25.0 s, 53596.9 tps, lat 4.777 ms stddev 5.077, 0 failed
progress: 26.0 s, 53863.1 tps, lat 4.755 ms stddev 5.007, 0 failed
progress: 27.0 s, 53898.1 tps, lat 4.747 ms stddev 4.995, 0 failed
progress: 28.0 s, 54453.0 tps, lat 4.702 ms stddev 4.917, 0 failed
progress: 29.0 s, 54113.9 tps, lat 4.732 ms stddev 4.989, 0 failed
progress: 30.0 s, 53724.2 tps, lat 4.766 ms stddev 4.996, 0 failed
progress: 31.0 s, 53771.6 tps, lat 4.757 ms stddev 5.004, 0 failed
progress: 32.0 s, 53927.4 tps, lat 4.748 ms stddev 4.975, 0 failed
progress: 33.0 s, 53609.7 tps, lat 4.777 ms stddev 5.080, 0 failed
progress: 34.0 s, 53418.5 tps, lat 4.791 ms stddev 5.073, 0 failed
progress: 35.0 s, 53375.9 tps, lat 4.796 ms stddev 5.072, 0 failed
progress: 36.0 s, 54210.7 tps, lat 4.721 ms stddev 4.962, 0 failed
progress: 37.0 s, 54036.1 tps, lat 4.734 ms stddev 5.004, 0 failed
progress: 38.0 s, 53789.1 tps, lat 4.760 ms stddev 5.003, 0 failed
progress: 39.0 s, 53719.0 tps, lat 4.769 ms stddev 5.027, 0 failed
progress: 40.0 s, 53376.9 tps, lat 4.795 ms stddev 5.044, 0 failed
progress: 41.0 s, 53525.9 tps, lat 4.781 ms stddev 5.048, 0 failed
progress: 42.0 s, 53657.9 tps, lat 4.772 ms stddev 5.031, 0 failed
progress: 43.0 s, 53543.2 tps, lat 4.779 ms stddev 5.023, 0 failed
progress: 44.0 s, 54286.0 tps, lat 4.718 ms stddev 4.964, 0 failed
progress: 45.0 s, 53906.9 tps, lat 4.748 ms stddev 5.030, 0 failed
progress: 46.0 s, 53768.9 tps, lat 4.760 ms stddev 5.036, 0 failed
progress: 47.0 s, 53366.1 tps, lat 4.796 ms stddev 5.072, 0 failed
progress: 48.0 s, 54273.1 tps, lat 4.718 ms stddev 4.976, 0 failed
progress: 49.0 s, 54144.9 tps, lat 4.729 ms stddev 4.987, 0 failed
progress: 50.0 s, 53862.9 tps, lat 4.748 ms stddev 4.964, 0 failed
progress: 51.0 s, 53917.1 tps, lat 4.752 ms stddev 4.966, 0 failed
progress: 52.0 s, 53810.8 tps, lat 4.758 ms stddev 4.984, 0 failed
progress: 53.0 s, 53990.2 tps, lat 4.741 ms stddev 4.982, 0 failed
progress: 54.0 s, 53786.7 tps, lat 4.757 ms stddev 5.029, 0 failed
progress: 55.0 s, 54009.4 tps, lat 4.740 ms stddev 5.005, 0 failed
progress: 56.0 s, 54070.8 tps, lat 4.733 ms stddev 4.967, 0 failed
progress: 57.0 s, 53307.1 tps, lat 4.804 ms stddev 5.100, 0 failed
progress: 58.0 s, 53880.9 tps, lat 4.752 ms stddev 5.012, 0 failed
progress: 59.0 s, 53942.1 tps, lat 4.742 ms stddev 4.974, 0 failed
transaction type: star-1.sql
scaling factor: 1
query mode: prepared
number of clients: 256
number of threads: 256
maximum number of tries: 1
duration: 60 s
number of transactions actually processed: 3215524
number of failed transactions: 0 (0.000%)
latency average = 4.767 ms
latency stddev = 5.082 ms
initial connection time = 145.892 ms
tps = 53671.284588 (without initial connection time)
