pgbench (18devel)
progress: 1.0 s, 1697.9 tps, lat 130.647 ms stddev 116.390, 0 failed
progress: 2.0 s, 1975.0 tps, lat 130.013 ms stddev 32.362, 0 failed
progress: 3.0 s, 1916.9 tps, lat 133.896 ms stddev 36.787, 0 failed
progress: 4.0 s, 1871.9 tps, lat 136.052 ms stddev 27.735, 0 failed
progress: 5.0 s, 1881.0 tps, lat 135.910 ms stddev 29.267, 0 failed
progress: 6.0 s, 1898.1 tps, lat 135.808 ms stddev 29.245, 0 failed
progress: 7.0 s, 1866.1 tps, lat 136.246 ms stddev 27.483, 0 failed
progress: 8.0 s, 1895.0 tps, lat 135.904 ms stddev 27.705, 0 failed
progress: 9.0 s, 1874.9 tps, lat 135.994 ms stddev 27.228, 0 failed
progress: 10.0 s, 1887.0 tps, lat 136.224 ms stddev 26.658, 0 failed
progress: 11.0 s, 1879.0 tps, lat 135.920 ms stddev 25.124, 0 failed
progress: 12.0 s, 1882.0 tps, lat 136.172 ms stddev 26.271, 0 failed
progress: 13.0 s, 1868.0 tps, lat 136.146 ms stddev 25.731, 0 failed
progress: 14.0 s, 1890.0 tps, lat 136.291 ms stddev 25.582, 0 failed
progress: 15.0 s, 1879.2 tps, lat 135.953 ms stddev 26.313, 0 failed
progress: 16.0 s, 1882.9 tps, lat 136.314 ms stddev 24.862, 0 failed
progress: 17.0 s, 1886.1 tps, lat 135.923 ms stddev 28.650, 0 failed
progress: 18.0 s, 1873.9 tps, lat 136.064 ms stddev 29.406, 0 failed
progress: 19.0 s, 1876.9 tps, lat 136.022 ms stddev 30.233, 0 failed
progress: 20.0 s, 1888.2 tps, lat 136.506 ms stddev 26.754, 0 failed
progress: 21.0 s, 1880.8 tps, lat 136.233 ms stddev 26.213, 0 failed
progress: 22.0 s, 1873.2 tps, lat 136.215 ms stddev 26.503, 0 failed
progress: 23.0 s, 1877.0 tps, lat 136.296 ms stddev 26.525, 0 failed
progress: 24.0 s, 1882.9 tps, lat 136.228 ms stddev 27.709, 0 failed
progress: 25.0 s, 1879.1 tps, lat 136.537 ms stddev 23.383, 0 failed
progress: 26.0 s, 1876.0 tps, lat 136.166 ms stddev 22.687, 0 failed
progress: 27.0 s, 1880.0 tps, lat 136.386 ms stddev 22.824, 0 failed
progress: 28.0 s, 1875.0 tps, lat 136.169 ms stddev 25.569, 0 failed
progress: 29.0 s, 1875.0 tps, lat 136.474 ms stddev 23.713, 0 failed
progress: 30.0 s, 1878.0 tps, lat 136.394 ms stddev 24.301, 0 failed
progress: 31.0 s, 1874.5 tps, lat 136.334 ms stddev 23.546, 0 failed
progress: 32.0 s, 1890.6 tps, lat 136.224 ms stddev 24.197, 0 failed
progress: 33.0 s, 1865.0 tps, lat 136.744 ms stddev 20.689, 0 failed
progress: 34.0 s, 1872.2 tps, lat 136.486 ms stddev 21.528, 0 failed
progress: 35.0 s, 1871.5 tps, lat 136.437 ms stddev 23.304, 0 failed
progress: 36.0 s, 1880.2 tps, lat 136.579 ms stddev 26.085, 0 failed
progress: 37.0 s, 1877.3 tps, lat 136.294 ms stddev 25.327, 0 failed
progress: 38.0 s, 1873.9 tps, lat 136.396 ms stddev 26.085, 0 failed
progress: 39.0 s, 1885.0 tps, lat 136.508 ms stddev 26.248, 0 failed
progress: 40.0 s, 1862.0 tps, lat 136.514 ms stddev 24.812, 0 failed
progress: 41.0 s, 1878.0 tps, lat 136.507 ms stddev 24.830, 0 failed
progress: 42.0 s, 1870.1 tps, lat 136.732 ms stddev 23.357, 0 failed
progress: 43.0 s, 1881.0 tps, lat 136.451 ms stddev 27.118, 0 failed
progress: 44.0 s, 1878.0 tps, lat 136.372 ms stddev 26.137, 0 failed
progress: 45.0 s, 1881.0 tps, lat 136.680 ms stddev 23.322, 0 failed
progress: 46.0 s, 1867.0 tps, lat 136.674 ms stddev 24.828, 0 failed
progress: 47.0 s, 1876.9 tps, lat 136.586 ms stddev 24.132, 0 failed
progress: 48.0 s, 1867.9 tps, lat 136.591 ms stddev 26.139, 0 failed
progress: 49.0 s, 1872.0 tps, lat 136.706 ms stddev 24.952, 0 failed
progress: 50.0 s, 1886.0 tps, lat 136.463 ms stddev 26.603, 0 failed
progress: 51.0 s, 1868.0 tps, lat 136.483 ms stddev 26.888, 0 failed
progress: 52.0 s, 1877.1 tps, lat 136.637 ms stddev 24.887, 0 failed
progress: 53.0 s, 1862.7 tps, lat 136.846 ms stddev 26.733, 0 failed
progress: 54.0 s, 1888.2 tps, lat 136.501 ms stddev 24.590, 0 failed
progress: 55.0 s, 1862.0 tps, lat 136.693 ms stddev 25.576, 0 failed
progress: 56.0 s, 1867.9 tps, lat 136.736 ms stddev 24.361, 0 failed
progress: 57.0 s, 1885.1 tps, lat 136.727 ms stddev 26.099, 0 failed
progress: 58.0 s, 1869.0 tps, lat 136.494 ms stddev 25.487, 0 failed
progress: 59.0 s, 1873.1 tps, lat 136.757 ms stddev 24.313, 0 failed
progress: 60.0 s, 1870.0 tps, lat 136.883 ms stddev 23.218, 0 failed
transaction type: star-1.sql
scaling factor: 1
query mode: simple
number of clients: 256
number of threads: 256
maximum number of tries: 1
duration: 60 s
number of transactions actually processed: 112816
number of failed transactions: 0 (0.000%)
latency average = 136.112 ms
latency stddev = 29.549 ms
initial connection time = 71.293 ms
tps = 1879.075396 (without initial connection time)
