pgbench (18devel, server 10.23)
progress: 1.0 s, 64908.0 tps, lat 1.914 ms stddev 2.518, 0 failed
progress: 2.0 s, 69613.1 tps, lat 1.838 ms stddev 1.862, 0 failed
progress: 3.0 s, 69081.2 tps, lat 1.853 ms stddev 1.892, 0 failed
progress: 4.0 s, 69380.7 tps, lat 1.844 ms stddev 1.870, 0 failed
progress: 5.0 s, 69777.1 tps, lat 1.835 ms stddev 1.859, 0 failed
progress: 6.0 s, 69661.1 tps, lat 1.836 ms stddev 1.869, 0 failed
progress: 7.0 s, 69577.8 tps, lat 1.840 ms stddev 1.860, 0 failed
progress: 8.0 s, 69243.1 tps, lat 1.848 ms stddev 1.887, 0 failed
progress: 9.0 s, 69659.0 tps, lat 1.837 ms stddev 1.868, 0 failed
progress: 10.0 s, 69661.2 tps, lat 1.837 ms stddev 1.865, 0 failed
progress: 11.0 s, 68939.9 tps, lat 1.856 ms stddev 1.899, 0 failed
progress: 12.0 s, 69333.9 tps, lat 1.846 ms stddev 1.884, 0 failed
progress: 13.0 s, 69732.0 tps, lat 1.835 ms stddev 1.866, 0 failed
progress: 14.0 s, 69366.9 tps, lat 1.846 ms stddev 1.865, 0 failed
progress: 15.0 s, 69191.1 tps, lat 1.849 ms stddev 1.882, 0 failed
progress: 16.0 s, 70924.7 tps, lat 1.805 ms stddev 1.798, 0 failed
progress: 17.0 s, 70211.2 tps, lat 1.822 ms stddev 1.829, 0 failed
progress: 18.0 s, 69779.0 tps, lat 1.834 ms stddev 1.869, 0 failed
progress: 19.0 s, 69221.1 tps, lat 1.848 ms stddev 1.884, 0 failed
progress: 20.0 s, 69287.9 tps, lat 1.848 ms stddev 1.894, 0 failed
progress: 21.0 s, 69892.9 tps, lat 1.831 ms stddev 1.862, 0 failed
progress: 22.0 s, 69401.1 tps, lat 1.844 ms stddev 1.884, 0 failed
progress: 23.0 s, 69345.8 tps, lat 1.846 ms stddev 1.900, 0 failed
progress: 24.0 s, 69503.9 tps, lat 1.841 ms stddev 1.894, 0 failed
progress: 25.0 s, 69871.1 tps, lat 1.832 ms stddev 1.865, 0 failed
progress: 26.0 s, 69253.1 tps, lat 1.848 ms stddev 1.892, 0 failed
progress: 27.0 s, 68982.9 tps, lat 1.856 ms stddev 1.904, 0 failed
progress: 28.0 s, 69648.9 tps, lat 1.837 ms stddev 1.871, 0 failed
progress: 29.0 s, 69326.3 tps, lat 1.846 ms stddev 1.898, 0 failed
progress: 30.0 s, 69766.9 tps, lat 1.834 ms stddev 1.878, 0 failed
progress: 31.0 s, 69813.0 tps, lat 1.832 ms stddev 1.891, 0 failed
progress: 32.0 s, 69092.0 tps, lat 1.853 ms stddev 1.907, 0 failed
progress: 33.0 s, 69600.8 tps, lat 1.839 ms stddev 1.882, 0 failed
progress: 34.0 s, 69760.3 tps, lat 1.834 ms stddev 1.870, 0 failed
progress: 35.0 s, 69233.9 tps, lat 1.848 ms stddev 1.898, 0 failed
progress: 36.0 s, 69535.9 tps, lat 1.840 ms stddev 1.888, 0 failed
progress: 37.0 s, 69800.0 tps, lat 1.834 ms stddev 1.876, 0 failed
progress: 38.0 s, 69747.0 tps, lat 1.834 ms stddev 1.877, 0 failed
progress: 39.0 s, 69566.0 tps, lat 1.840 ms stddev 1.883, 0 failed
progress: 40.0 s, 69724.8 tps, lat 1.836 ms stddev 1.884, 0 failed
progress: 41.0 s, 69861.2 tps, lat 1.832 ms stddev 1.866, 0 failed
progress: 42.0 s, 69675.0 tps, lat 1.836 ms stddev 1.888, 0 failed
progress: 43.0 s, 69264.1 tps, lat 1.848 ms stddev 1.890, 0 failed
progress: 44.0 s, 69497.9 tps, lat 1.841 ms stddev 1.896, 0 failed
progress: 45.0 s, 69945.8 tps, lat 1.830 ms stddev 1.862, 0 failed
progress: 46.0 s, 69536.2 tps, lat 1.840 ms stddev 1.871, 0 failed
progress: 47.0 s, 69317.1 tps, lat 1.847 ms stddev 1.897, 0 failed
progress: 48.0 s, 69918.9 tps, lat 1.830 ms stddev 1.865, 0 failed
progress: 49.0 s, 69942.9 tps, lat 1.831 ms stddev 1.869, 0 failed
progress: 50.0 s, 69521.1 tps, lat 1.840 ms stddev 1.881, 0 failed
progress: 51.0 s, 69472.1 tps, lat 1.843 ms stddev 1.885, 0 failed
progress: 52.0 s, 69015.9 tps, lat 1.854 ms stddev 1.898, 0 failed
progress: 53.0 s, 69256.9 tps, lat 1.848 ms stddev 1.890, 0 failed
progress: 54.0 s, 69612.2 tps, lat 1.839 ms stddev 1.881, 0 failed
progress: 55.0 s, 69208.8 tps, lat 1.849 ms stddev 1.891, 0 failed
progress: 56.0 s, 69356.3 tps, lat 1.845 ms stddev 1.887, 0 failed
progress: 57.0 s, 70042.9 tps, lat 1.828 ms stddev 1.845, 0 failed
progress: 58.0 s, 69482.8 tps, lat 1.842 ms stddev 1.884, 0 failed
progress: 59.0 s, 69890.3 tps, lat 1.830 ms stddev 1.857, 0 failed
transaction type: star-1.sql
scaling factor: 1
query mode: prepared
number of clients: 128
number of threads: 128
maximum number of tries: 1
duration: 60 s
number of transactions actually processed: 4165837
number of failed transactions: 0 (0.000%)
latency average = 1.841 ms
latency stddev = 1.892 ms
initial connection time = 80.265 ms
tps = 69477.480385 (without initial connection time)
