pgbench (18devel, server 9.0.23)
progress: 1.0 s, 39809.8 tps, lat 0.399 ms stddev 0.278, 0 failed
progress: 2.0 s, 39131.0 tps, lat 0.409 ms stddev 0.149, 0 failed
progress: 3.0 s, 37840.0 tps, lat 0.423 ms stddev 0.195, 0 failed
progress: 4.0 s, 39577.0 tps, lat 0.404 ms stddev 0.138, 0 failed
progress: 5.0 s, 39449.0 tps, lat 0.405 ms stddev 0.132, 0 failed
progress: 6.0 s, 38743.0 tps, lat 0.413 ms stddev 0.159, 0 failed
progress: 7.0 s, 39281.0 tps, lat 0.407 ms stddev 0.139, 0 failed
progress: 8.0 s, 40635.3 tps, lat 0.393 ms stddev 0.088, 0 failed
progress: 9.0 s, 40841.7 tps, lat 0.391 ms stddev 0.089, 0 failed
progress: 10.0 s, 40461.0 tps, lat 0.395 ms stddev 0.088, 0 failed
progress: 11.0 s, 40657.0 tps, lat 0.393 ms stddev 0.084, 0 failed
progress: 12.0 s, 40705.0 tps, lat 0.393 ms stddev 0.091, 0 failed
progress: 13.0 s, 40801.1 tps, lat 0.392 ms stddev 0.091, 0 failed
progress: 14.0 s, 40182.0 tps, lat 0.398 ms stddev 0.106, 0 failed
progress: 15.0 s, 40497.0 tps, lat 0.395 ms stddev 0.097, 0 failed
progress: 16.0 s, 40574.0 tps, lat 0.394 ms stddev 0.123, 0 failed
progress: 17.0 s, 40178.0 tps, lat 0.398 ms stddev 0.089, 0 failed
progress: 18.0 s, 40299.0 tps, lat 0.397 ms stddev 0.095, 0 failed
progress: 19.0 s, 39536.1 tps, lat 0.404 ms stddev 0.095, 0 failed
progress: 20.0 s, 39831.8 tps, lat 0.401 ms stddev 0.092, 0 failed
progress: 21.0 s, 40163.2 tps, lat 0.398 ms stddev 0.086, 0 failed
progress: 22.0 s, 40232.0 tps, lat 0.397 ms stddev 0.086, 0 failed
progress: 23.0 s, 40069.0 tps, lat 0.399 ms stddev 0.097, 0 failed
progress: 24.0 s, 40006.0 tps, lat 0.400 ms stddev 0.099, 0 failed
progress: 25.0 s, 40275.0 tps, lat 0.397 ms stddev 0.096, 0 failed
progress: 26.0 s, 41139.0 tps, lat 0.389 ms stddev 0.106, 0 failed
progress: 27.0 s, 41129.0 tps, lat 0.389 ms stddev 0.095, 0 failed
progress: 28.0 s, 40585.0 tps, lat 0.394 ms stddev 0.089, 0 failed
progress: 29.0 s, 40130.0 tps, lat 0.398 ms stddev 0.091, 0 failed
progress: 30.0 s, 40273.0 tps, lat 0.397 ms stddev 0.114, 0 failed
progress: 31.0 s, 40160.0 tps, lat 0.398 ms stddev 0.098, 0 failed
progress: 32.0 s, 40492.0 tps, lat 0.395 ms stddev 0.091, 0 failed
progress: 33.0 s, 40511.0 tps, lat 0.395 ms stddev 0.102, 0 failed
progress: 34.0 s, 40395.9 tps, lat 0.396 ms stddev 0.098, 0 failed
progress: 35.0 s, 39489.1 tps, lat 0.405 ms stddev 0.147, 0 failed
progress: 36.0 s, 40262.0 tps, lat 0.397 ms stddev 0.129, 0 failed
progress: 37.0 s, 40922.0 tps, lat 0.391 ms stddev 0.091, 0 failed
progress: 38.0 s, 40973.0 tps, lat 0.390 ms stddev 0.085, 0 failed
progress: 39.0 s, 40918.0 tps, lat 0.391 ms stddev 0.095, 0 failed
progress: 40.0 s, 41507.0 tps, lat 0.385 ms stddev 0.082, 0 failed
progress: 41.0 s, 41382.0 tps, lat 0.386 ms stddev 0.086, 0 failed
progress: 42.0 s, 41316.7 tps, lat 0.387 ms stddev 0.080, 0 failed
progress: 43.0 s, 41196.3 tps, lat 0.388 ms stddev 0.087, 0 failed
progress: 44.0 s, 41726.7 tps, lat 0.383 ms stddev 0.091, 0 failed
progress: 45.0 s, 41501.2 tps, lat 0.385 ms stddev 0.081, 0 failed
progress: 46.0 s, 40373.4 tps, lat 0.396 ms stddev 0.111, 0 failed
progress: 47.0 s, 40479.6 tps, lat 0.395 ms stddev 0.103, 0 failed
progress: 48.0 s, 40133.9 tps, lat 0.398 ms stddev 0.115, 0 failed
progress: 49.0 s, 40763.1 tps, lat 0.392 ms stddev 0.084, 0 failed
progress: 50.0 s, 40632.9 tps, lat 0.393 ms stddev 0.094, 0 failed
progress: 51.0 s, 40671.0 tps, lat 0.393 ms stddev 0.084, 0 failed
progress: 52.0 s, 40143.0 tps, lat 0.398 ms stddev 0.098, 0 failed
progress: 53.0 s, 40163.0 tps, lat 0.398 ms stddev 0.095, 0 failed
progress: 54.0 s, 40036.1 tps, lat 0.399 ms stddev 0.101, 0 failed
progress: 55.0 s, 40253.9 tps, lat 0.397 ms stddev 0.098, 0 failed
progress: 56.0 s, 40384.0 tps, lat 0.396 ms stddev 0.105, 0 failed
progress: 57.0 s, 40258.0 tps, lat 0.397 ms stddev 0.096, 0 failed
progress: 58.0 s, 40169.0 tps, lat 0.398 ms stddev 0.095, 0 failed
progress: 59.0 s, 40568.0 tps, lat 0.394 ms stddev 0.091, 0 failed
transaction type: star-1-left.sql
scaling factor: 1
query mode: prepared
number of clients: 16
number of threads: 16
maximum number of tries: 1
duration: 60 s
number of transactions actually processed: 2421272
number of failed transactions: 0 (0.000%)
latency average = 0.396 ms
latency stddev = 0.109 ms
initial connection time = 11.939 ms
tps = 40362.258670 (without initial connection time)
