pgbench (18devel, server 9.0.23)
progress: 1.0 s, 14815.2 tps, lat 16.384 ms stddev 56.058, 0 failed
progress: 2.0 s, 37525.0 tps, lat 6.822 ms stddev 6.438, 0 failed
progress: 3.0 s, 37348.9 tps, lat 6.848 ms stddev 6.604, 0 failed
progress: 4.0 s, 37123.1 tps, lat 6.899 ms stddev 6.693, 0 failed
progress: 5.0 s, 37635.0 tps, lat 6.807 ms stddev 6.563, 0 failed
progress: 6.0 s, 37542.1 tps, lat 6.817 ms stddev 6.587, 0 failed
progress: 7.0 s, 37477.7 tps, lat 6.831 ms stddev 6.559, 0 failed
progress: 8.0 s, 30225.7 tps, lat 8.292 ms stddev 10.422, 0 failed
progress: 9.0 s, 6804.5 tps, lat 38.106 ms stddev 25.881, 0 failed
progress: 10.0 s, 37785.8 tps, lat 6.828 ms stddev 6.747, 0 failed
progress: 11.0 s, 35831.6 tps, lat 7.142 ms stddev 7.388, 0 failed
progress: 12.0 s, 37302.6 tps, lat 6.863 ms stddev 6.634, 0 failed
progress: 13.0 s, 37402.9 tps, lat 6.845 ms stddev 6.600, 0 failed
progress: 14.0 s, 37574.1 tps, lat 6.814 ms stddev 6.558, 0 failed
progress: 15.0 s, 37113.9 tps, lat 6.901 ms stddev 6.622, 0 failed
progress: 16.0 s, 37244.1 tps, lat 6.870 ms stddev 6.699, 0 failed
progress: 17.0 s, 37448.1 tps, lat 6.832 ms stddev 6.611, 0 failed
progress: 18.0 s, 37664.0 tps, lat 6.802 ms stddev 6.551, 0 failed
progress: 19.0 s, 37453.9 tps, lat 6.832 ms stddev 6.584, 0 failed
progress: 20.0 s, 37332.1 tps, lat 6.857 ms stddev 6.684, 0 failed
progress: 21.0 s, 37468.9 tps, lat 6.836 ms stddev 6.606, 0 failed
progress: 22.0 s, 37616.0 tps, lat 6.808 ms stddev 6.539, 0 failed
progress: 23.0 s, 37649.0 tps, lat 6.793 ms stddev 6.570, 0 failed
progress: 24.0 s, 37184.7 tps, lat 6.885 ms stddev 6.692, 0 failed
progress: 25.0 s, 32312.2 tps, lat 7.920 ms stddev 9.596, 0 failed
progress: 26.0 s, 37454.0 tps, lat 6.839 ms stddev 6.626, 0 failed
progress: 27.0 s, 37476.0 tps, lat 6.830 ms stddev 6.691, 0 failed
progress: 28.0 s, 37452.9 tps, lat 6.831 ms stddev 6.631, 0 failed
progress: 29.0 s, 37457.0 tps, lat 6.832 ms stddev 6.605, 0 failed
progress: 30.0 s, 37710.0 tps, lat 6.796 ms stddev 6.551, 0 failed
progress: 31.0 s, 37490.0 tps, lat 6.827 ms stddev 6.600, 0 failed
progress: 32.0 s, 37302.1 tps, lat 6.864 ms stddev 6.683, 0 failed
progress: 33.0 s, 37566.0 tps, lat 6.811 ms stddev 6.632, 0 failed
progress: 34.0 s, 37570.0 tps, lat 6.815 ms stddev 6.605, 0 failed
progress: 35.0 s, 37776.8 tps, lat 6.773 ms stddev 6.504, 0 failed
progress: 36.0 s, 37385.1 tps, lat 6.852 ms stddev 6.651, 0 failed
progress: 37.0 s, 28951.0 tps, lat 8.840 ms stddev 11.579, 0 failed
progress: 38.0 s, 37699.0 tps, lat 6.793 ms stddev 6.544, 0 failed
progress: 39.0 s, 37292.1 tps, lat 6.856 ms stddev 6.618, 0 failed
progress: 40.0 s, 37313.9 tps, lat 6.865 ms stddev 6.648, 0 failed
progress: 41.0 s, 37197.8 tps, lat 6.885 ms stddev 6.652, 0 failed
progress: 42.0 s, 37533.2 tps, lat 6.815 ms stddev 6.560, 0 failed
progress: 43.0 s, 36707.0 tps, lat 6.971 ms stddev 6.904, 0 failed
progress: 44.0 s, 37351.8 tps, lat 6.858 ms stddev 6.721, 0 failed
progress: 45.0 s, 37475.2 tps, lat 6.835 ms stddev 6.626, 0 failed
progress: 46.0 s, 37705.9 tps, lat 6.789 ms stddev 6.562, 0 failed
progress: 47.0 s, 37683.0 tps, lat 6.787 ms stddev 6.516, 0 failed
progress: 48.0 s, 37232.1 tps, lat 6.878 ms stddev 6.724, 0 failed
progress: 49.0 s, 37599.0 tps, lat 6.811 ms stddev 6.608, 0 failed
progress: 50.0 s, 37749.9 tps, lat 6.778 ms stddev 6.566, 0 failed
progress: 51.0 s, 37496.0 tps, lat 6.826 ms stddev 6.638, 0 failed
progress: 52.0 s, 37386.0 tps, lat 6.841 ms stddev 6.675, 0 failed
progress: 53.0 s, 37522.1 tps, lat 6.831 ms stddev 6.661, 0 failed
progress: 54.0 s, 37539.0 tps, lat 6.820 ms stddev 6.627, 0 failed
progress: 55.0 s, 37720.9 tps, lat 6.784 ms stddev 6.607, 0 failed
progress: 56.0 s, 37320.1 tps, lat 6.860 ms stddev 6.723, 0 failed
progress: 57.0 s, 37401.9 tps, lat 6.842 ms stddev 6.677, 0 failed
progress: 58.0 s, 37538.1 tps, lat 6.823 ms stddev 6.578, 0 failed
progress: 59.0 s, 37512.0 tps, lat 6.823 ms stddev 6.609, 0 failed
transaction type: star-1-left.sql
scaling factor: 1
query mode: prepared
number of clients: 256
number of threads: 256
maximum number of tries: 1
duration: 60 s
number of transactions actually processed: 2168219
number of failed transactions: 0 (0.000%)
latency average = 7.068 ms
latency stddev = 8.590 ms
initial connection time = 146.964 ms
tps = 36203.870588 (without initial connection time)
