pgbench (18devel, server 9.3.25)
progress: 1.0 s, 8572.9 tps, lat 0.116 ms stddev 0.060, 0 failed
progress: 2.0 s, 8889.6 tps, lat 0.112 ms stddev 0.004, 0 failed
progress: 3.0 s, 8902.3 tps, lat 0.112 ms stddev 0.004, 0 failed
progress: 4.0 s, 8867.0 tps, lat 0.113 ms stddev 0.003, 0 failed
progress: 5.0 s, 8736.7 tps, lat 0.114 ms stddev 0.003, 0 failed
progress: 6.0 s, 8651.0 tps, lat 0.116 ms stddev 0.004, 0 failed
progress: 7.0 s, 8682.2 tps, lat 0.115 ms stddev 0.003, 0 failed
progress: 8.0 s, 8673.8 tps, lat 0.115 ms stddev 0.003, 0 failed
progress: 9.0 s, 8685.0 tps, lat 0.115 ms stddev 0.003, 0 failed
progress: 10.0 s, 8638.0 tps, lat 0.116 ms stddev 0.004, 0 failed
progress: 11.0 s, 8501.0 tps, lat 0.118 ms stddev 0.004, 0 failed
progress: 12.0 s, 8443.2 tps, lat 0.118 ms stddev 0.003, 0 failed
progress: 13.0 s, 8394.8 tps, lat 0.119 ms stddev 0.003, 0 failed
progress: 14.0 s, 8583.0 tps, lat 0.116 ms stddev 0.004, 0 failed
progress: 15.0 s, 8587.3 tps, lat 0.116 ms stddev 0.003, 0 failed
progress: 16.0 s, 8645.7 tps, lat 0.116 ms stddev 0.004, 0 failed
progress: 17.0 s, 8583.1 tps, lat 0.116 ms stddev 0.003, 0 failed
progress: 18.0 s, 8462.9 tps, lat 0.118 ms stddev 0.004, 0 failed
progress: 19.0 s, 8458.0 tps, lat 0.118 ms stddev 0.004, 0 failed
progress: 20.0 s, 8578.2 tps, lat 0.117 ms stddev 0.003, 0 failed
progress: 21.0 s, 8523.8 tps, lat 0.117 ms stddev 0.003, 0 failed
progress: 22.0 s, 8536.0 tps, lat 0.117 ms stddev 0.004, 0 failed
progress: 23.0 s, 8495.5 tps, lat 0.118 ms stddev 0.003, 0 failed
progress: 24.0 s, 8587.6 tps, lat 0.116 ms stddev 0.003, 0 failed
progress: 25.0 s, 8559.3 tps, lat 0.117 ms stddev 0.003, 0 failed
progress: 26.0 s, 8537.7 tps, lat 0.117 ms stddev 0.003, 0 failed
progress: 27.0 s, 8572.1 tps, lat 0.117 ms stddev 0.004, 0 failed
progress: 28.0 s, 8461.3 tps, lat 0.118 ms stddev 0.004, 0 failed
progress: 29.0 s, 8405.7 tps, lat 0.119 ms stddev 0.003, 0 failed
progress: 30.0 s, 8739.4 tps, lat 0.114 ms stddev 0.003, 0 failed
progress: 31.0 s, 8612.6 tps, lat 0.116 ms stddev 0.003, 0 failed
progress: 32.0 s, 8616.4 tps, lat 0.116 ms stddev 0.003, 0 failed
progress: 33.0 s, 8374.7 tps, lat 0.119 ms stddev 0.003, 0 failed
progress: 34.0 s, 8470.3 tps, lat 0.118 ms stddev 0.004, 0 failed
progress: 35.0 s, 8578.5 tps, lat 0.116 ms stddev 0.004, 0 failed
progress: 36.0 s, 8462.1 tps, lat 0.118 ms stddev 0.004, 0 failed
progress: 37.0 s, 8385.0 tps, lat 0.119 ms stddev 0.003, 0 failed
progress: 38.0 s, 8714.9 tps, lat 0.115 ms stddev 0.003, 0 failed
progress: 39.0 s, 8629.0 tps, lat 0.116 ms stddev 0.003, 0 failed
progress: 40.0 s, 8605.0 tps, lat 0.116 ms stddev 0.005, 0 failed
progress: 41.0 s, 8607.0 tps, lat 0.116 ms stddev 0.003, 0 failed
progress: 42.0 s, 8648.1 tps, lat 0.116 ms stddev 0.004, 0 failed
progress: 43.0 s, 8453.9 tps, lat 0.118 ms stddev 0.004, 0 failed
progress: 44.0 s, 8436.9 tps, lat 0.118 ms stddev 0.003, 0 failed
progress: 45.0 s, 8572.0 tps, lat 0.117 ms stddev 0.003, 0 failed
progress: 46.0 s, 8499.0 tps, lat 0.118 ms stddev 0.005, 0 failed
progress: 47.0 s, 8543.3 tps, lat 0.117 ms stddev 0.003, 0 failed
progress: 48.0 s, 8463.8 tps, lat 0.118 ms stddev 0.004, 0 failed
progress: 49.0 s, 8453.0 tps, lat 0.118 ms stddev 0.003, 0 failed
progress: 50.0 s, 8615.0 tps, lat 0.116 ms stddev 0.003, 0 failed
progress: 51.0 s, 8430.0 tps, lat 0.119 ms stddev 0.003, 0 failed
progress: 52.0 s, 8521.2 tps, lat 0.117 ms stddev 0.002, 0 failed
progress: 53.0 s, 8610.8 tps, lat 0.116 ms stddev 0.003, 0 failed
progress: 54.0 s, 8701.0 tps, lat 0.115 ms stddev 0.003, 0 failed
progress: 55.0 s, 8392.0 tps, lat 0.119 ms stddev 0.003, 0 failed
progress: 56.0 s, 8590.0 tps, lat 0.116 ms stddev 0.003, 0 failed
progress: 57.0 s, 8504.4 tps, lat 0.118 ms stddev 0.004, 0 failed
progress: 58.0 s, 8645.6 tps, lat 0.116 ms stddev 0.003, 0 failed
progress: 59.0 s, 8555.0 tps, lat 0.117 ms stddev 0.003, 0 failed
progress: 60.0 s, 8587.4 tps, lat 0.116 ms stddev 0.003, 0 failed
transaction type: star-1-left.sql
scaling factor: 1
query mode: prepared
number of clients: 1
number of threads: 1
maximum number of tries: 1
duration: 60 s
number of transactions actually processed: 514233
number of failed transactions: 0 (0.000%)
latency average = 0.117 ms
latency stddev = 0.009 ms
initial connection time = 1.934 ms
tps = 8570.815124 (without initial connection time)
