pgbench (18devel, server 9.3.25)
progress: 1.0 s, 93807.7 tps, lat 0.169 ms stddev 0.130, 0 failed
progress: 2.0 s, 97670.0 tps, lat 0.164 ms stddev 0.015, 0 failed
progress: 3.0 s, 97469.0 tps, lat 0.164 ms stddev 0.016, 0 failed
progress: 4.0 s, 97926.1 tps, lat 0.163 ms stddev 0.015, 0 failed
progress: 5.0 s, 97112.1 tps, lat 0.165 ms stddev 0.015, 0 failed
progress: 6.0 s, 97210.8 tps, lat 0.164 ms stddev 0.016, 0 failed
progress: 7.0 s, 99583.4 tps, lat 0.161 ms stddev 0.014, 0 failed
progress: 8.0 s, 99512.6 tps, lat 0.161 ms stddev 0.014, 0 failed
progress: 9.0 s, 98754.0 tps, lat 0.162 ms stddev 0.015, 0 failed
progress: 10.0 s, 98129.0 tps, lat 0.163 ms stddev 0.015, 0 failed
progress: 11.0 s, 98292.0 tps, lat 0.163 ms stddev 0.016, 0 failed
progress: 12.0 s, 98792.4 tps, lat 0.162 ms stddev 0.016, 0 failed
progress: 13.0 s, 98495.3 tps, lat 0.162 ms stddev 0.018, 0 failed
progress: 14.0 s, 99002.3 tps, lat 0.161 ms stddev 0.014, 0 failed
progress: 15.0 s, 98695.2 tps, lat 0.162 ms stddev 0.015, 0 failed
progress: 16.0 s, 98321.4 tps, lat 0.163 ms stddev 0.016, 0 failed
progress: 17.0 s, 98394.5 tps, lat 0.162 ms stddev 0.016, 0 failed
progress: 18.0 s, 99302.2 tps, lat 0.161 ms stddev 0.014, 0 failed
progress: 19.0 s, 99598.2 tps, lat 0.161 ms stddev 0.014, 0 failed
progress: 20.0 s, 98795.6 tps, lat 0.162 ms stddev 0.017, 0 failed
progress: 21.0 s, 99354.0 tps, lat 0.161 ms stddev 0.014, 0 failed
progress: 22.0 s, 99528.1 tps, lat 0.161 ms stddev 0.014, 0 failed
progress: 23.0 s, 99329.0 tps, lat 0.161 ms stddev 0.014, 0 failed
progress: 24.0 s, 98537.2 tps, lat 0.162 ms stddev 0.017, 0 failed
progress: 25.0 s, 99260.1 tps, lat 0.161 ms stddev 0.014, 0 failed
progress: 26.0 s, 99426.6 tps, lat 0.161 ms stddev 0.014, 0 failed
progress: 27.0 s, 99169.9 tps, lat 0.161 ms stddev 0.014, 0 failed
progress: 28.0 s, 97954.7 tps, lat 0.163 ms stddev 0.016, 0 failed
progress: 29.0 s, 97803.4 tps, lat 0.163 ms stddev 0.016, 0 failed
progress: 30.0 s, 98029.9 tps, lat 0.163 ms stddev 0.016, 0 failed
progress: 31.0 s, 97526.3 tps, lat 0.164 ms stddev 0.016, 0 failed
progress: 32.0 s, 97981.7 tps, lat 0.163 ms stddev 0.015, 0 failed
progress: 33.0 s, 98903.5 tps, lat 0.162 ms stddev 0.014, 0 failed
progress: 34.0 s, 97575.1 tps, lat 0.164 ms stddev 0.017, 0 failed
progress: 35.0 s, 97094.6 tps, lat 0.165 ms stddev 0.017, 0 failed
progress: 36.0 s, 97231.3 tps, lat 0.164 ms stddev 0.020, 0 failed
progress: 37.0 s, 98605.5 tps, lat 0.162 ms stddev 0.016, 0 failed
progress: 38.0 s, 98377.9 tps, lat 0.163 ms stddev 0.015, 0 failed
progress: 39.0 s, 97308.2 tps, lat 0.164 ms stddev 0.017, 0 failed
progress: 40.0 s, 97769.8 tps, lat 0.164 ms stddev 0.015, 0 failed
progress: 41.0 s, 98307.6 tps, lat 0.163 ms stddev 0.014, 0 failed
progress: 42.0 s, 98749.5 tps, lat 0.162 ms stddev 0.014, 0 failed
progress: 43.0 s, 98163.7 tps, lat 0.163 ms stddev 0.015, 0 failed
progress: 44.0 s, 96599.4 tps, lat 0.165 ms stddev 0.016, 0 failed
progress: 45.0 s, 96850.0 tps, lat 0.165 ms stddev 0.015, 0 failed
progress: 46.0 s, 97026.9 tps, lat 0.165 ms stddev 0.016, 0 failed
progress: 47.0 s, 97250.0 tps, lat 0.164 ms stddev 0.015, 0 failed
progress: 48.0 s, 97903.0 tps, lat 0.163 ms stddev 0.015, 0 failed
progress: 49.0 s, 98296.1 tps, lat 0.163 ms stddev 0.015, 0 failed
progress: 50.0 s, 99261.0 tps, lat 0.161 ms stddev 0.014, 0 failed
progress: 51.0 s, 99362.9 tps, lat 0.161 ms stddev 0.014, 0 failed
progress: 52.0 s, 98710.5 tps, lat 0.162 ms stddev 0.016, 0 failed
progress: 53.0 s, 98612.9 tps, lat 0.162 ms stddev 0.016, 0 failed
progress: 54.0 s, 99769.6 tps, lat 0.160 ms stddev 0.021, 0 failed
progress: 55.0 s, 99050.1 tps, lat 0.161 ms stddev 0.014, 0 failed
progress: 56.0 s, 99080.2 tps, lat 0.161 ms stddev 0.014, 0 failed
progress: 57.0 s, 98788.8 tps, lat 0.162 ms stddev 0.014, 0 failed
progress: 58.0 s, 99001.1 tps, lat 0.162 ms stddev 0.014, 0 failed
progress: 59.0 s, 99000.9 tps, lat 0.162 ms stddev 0.014, 0 failed
transaction type: star-1-left.sql
scaling factor: 1
query mode: prepared
number of clients: 16
number of threads: 16
maximum number of tries: 1
duration: 60 s
number of transactions actually processed: 5900358
number of failed transactions: 0 (0.000%)
latency average = 0.163 ms
latency stddev = 0.022 ms
initial connection time = 11.595 ms
tps = 98357.827336 (without initial connection time)
