pgbench (18devel, server 12.20)
progress: 1.0 s, 9333.8 tps, lat 0.107 ms stddev 0.074, 0 failed
progress: 2.0 s, 9861.7 tps, lat 0.101 ms stddev 0.006, 0 failed
progress: 3.0 s, 9782.5 tps, lat 0.102 ms stddev 0.006, 0 failed
progress: 4.0 s, 9853.5 tps, lat 0.101 ms stddev 0.007, 0 failed
progress: 5.0 s, 9786.3 tps, lat 0.102 ms stddev 0.006, 0 failed
progress: 6.0 s, 9847.7 tps, lat 0.101 ms stddev 0.006, 0 failed
progress: 7.0 s, 9790.1 tps, lat 0.102 ms stddev 0.005, 0 failed
progress: 8.0 s, 9911.3 tps, lat 0.101 ms stddev 0.006, 0 failed
progress: 9.0 s, 10240.5 tps, lat 0.098 ms stddev 0.005, 0 failed
progress: 10.0 s, 10217.2 tps, lat 0.098 ms stddev 0.005, 0 failed
progress: 11.0 s, 10251.1 tps, lat 0.097 ms stddev 0.005, 0 failed
progress: 12.0 s, 10083.8 tps, lat 0.099 ms stddev 0.006, 0 failed
progress: 13.0 s, 9730.9 tps, lat 0.103 ms stddev 0.005, 0 failed
progress: 14.0 s, 9834.0 tps, lat 0.102 ms stddev 0.006, 0 failed
progress: 15.0 s, 10214.5 tps, lat 0.098 ms stddev 0.005, 0 failed
progress: 16.0 s, 10137.8 tps, lat 0.099 ms stddev 0.006, 0 failed
progress: 17.0 s, 9998.1 tps, lat 0.100 ms stddev 0.005, 0 failed
progress: 18.0 s, 9878.0 tps, lat 0.101 ms stddev 0.006, 0 failed
progress: 19.0 s, 9981.5 tps, lat 0.100 ms stddev 0.005, 0 failed
progress: 20.0 s, 10037.3 tps, lat 0.100 ms stddev 0.006, 0 failed
progress: 21.0 s, 10247.7 tps, lat 0.098 ms stddev 0.005, 0 failed
progress: 22.0 s, 10047.0 tps, lat 0.099 ms stddev 0.006, 0 failed
progress: 23.0 s, 9961.1 tps, lat 0.100 ms stddev 0.005, 0 failed
progress: 24.0 s, 9841.8 tps, lat 0.102 ms stddev 0.005, 0 failed
progress: 25.0 s, 10016.5 tps, lat 0.100 ms stddev 0.005, 0 failed
progress: 26.0 s, 10023.6 tps, lat 0.100 ms stddev 0.005, 0 failed
progress: 27.0 s, 9941.1 tps, lat 0.101 ms stddev 0.006, 0 failed
progress: 28.0 s, 10113.3 tps, lat 0.099 ms stddev 0.005, 0 failed
progress: 29.0 s, 10254.6 tps, lat 0.097 ms stddev 0.005, 0 failed
progress: 30.0 s, 10233.2 tps, lat 0.098 ms stddev 0.005, 0 failed
progress: 31.0 s, 10236.8 tps, lat 0.098 ms stddev 0.006, 0 failed
progress: 32.0 s, 10076.0 tps, lat 0.099 ms stddev 0.006, 0 failed
progress: 33.0 s, 9796.4 tps, lat 0.102 ms stddev 0.006, 0 failed
progress: 34.0 s, 9801.6 tps, lat 0.102 ms stddev 0.006, 0 failed
progress: 35.0 s, 9814.0 tps, lat 0.102 ms stddev 0.006, 0 failed
progress: 36.0 s, 9797.0 tps, lat 0.102 ms stddev 0.006, 0 failed
progress: 37.0 s, 9972.0 tps, lat 0.100 ms stddev 0.005, 0 failed
progress: 38.0 s, 9955.0 tps, lat 0.100 ms stddev 0.005, 0 failed
progress: 39.0 s, 9972.0 tps, lat 0.100 ms stddev 0.005, 0 failed
progress: 40.0 s, 10070.5 tps, lat 0.099 ms stddev 0.005, 0 failed
progress: 41.0 s, 10229.5 tps, lat 0.098 ms stddev 0.005, 0 failed
progress: 42.0 s, 10142.5 tps, lat 0.099 ms stddev 0.006, 0 failed
progress: 43.0 s, 9744.5 tps, lat 0.103 ms stddev 0.005, 0 failed
progress: 44.0 s, 9894.0 tps, lat 0.101 ms stddev 0.006, 0 failed
progress: 45.0 s, 10019.3 tps, lat 0.100 ms stddev 0.006, 0 failed
progress: 46.0 s, 10050.7 tps, lat 0.099 ms stddev 0.005, 0 failed
progress: 47.0 s, 10001.0 tps, lat 0.100 ms stddev 0.005, 0 failed
progress: 48.0 s, 10056.5 tps, lat 0.099 ms stddev 0.005, 0 failed
progress: 49.0 s, 9984.5 tps, lat 0.100 ms stddev 0.006, 0 failed
progress: 50.0 s, 9888.4 tps, lat 0.101 ms stddev 0.006, 0 failed
progress: 51.0 s, 9738.0 tps, lat 0.103 ms stddev 0.005, 0 failed
progress: 52.0 s, 9865.1 tps, lat 0.101 ms stddev 0.006, 0 failed
progress: 53.0 s, 9928.5 tps, lat 0.101 ms stddev 0.006, 0 failed
progress: 54.0 s, 9844.0 tps, lat 0.102 ms stddev 0.006, 0 failed
progress: 55.0 s, 9965.0 tps, lat 0.100 ms stddev 0.006, 0 failed
progress: 56.0 s, 9982.3 tps, lat 0.100 ms stddev 0.006, 0 failed
progress: 57.0 s, 9967.8 tps, lat 0.100 ms stddev 0.005, 0 failed
progress: 58.0 s, 9968.0 tps, lat 0.100 ms stddev 0.005, 0 failed
progress: 59.0 s, 9971.2 tps, lat 0.100 ms stddev 0.005, 0 failed
progress: 60.0 s, 10035.0 tps, lat 0.100 ms stddev 0.006, 0 failed
transaction type: star-1-left.sql
scaling factor: 1
query mode: prepared
number of clients: 1
number of threads: 1
maximum number of tries: 1
duration: 60 s
number of transactions actually processed: 598219
number of failed transactions: 0 (0.000%)
latency average = 0.100 ms
latency stddev = 0.011 ms
initial connection time = 1.824 ms
tps = 9970.607808 (without initial connection time)
