pgbench (18devel, server 12.20)
progress: 1.0 s, 143659.5 tps, lat 0.221 ms stddev 0.231, 0 failed
progress: 2.0 s, 153689.0 tps, lat 0.208 ms stddev 0.067, 0 failed
progress: 3.0 s, 153493.3 tps, lat 0.208 ms stddev 0.071, 0 failed
progress: 4.0 s, 156517.2 tps, lat 0.204 ms stddev 0.065, 0 failed
progress: 5.0 s, 155844.2 tps, lat 0.205 ms stddev 0.065, 0 failed
progress: 6.0 s, 156488.0 tps, lat 0.204 ms stddev 0.065, 0 failed
progress: 7.0 s, 157114.2 tps, lat 0.203 ms stddev 0.064, 0 failed
progress: 8.0 s, 156835.3 tps, lat 0.204 ms stddev 0.064, 0 failed
progress: 9.0 s, 158396.2 tps, lat 0.202 ms stddev 0.063, 0 failed
progress: 10.0 s, 153415.9 tps, lat 0.208 ms stddev 0.068, 0 failed
progress: 11.0 s, 158740.2 tps, lat 0.201 ms stddev 0.064, 0 failed
progress: 12.0 s, 156827.7 tps, lat 0.204 ms stddev 0.064, 0 failed
progress: 13.0 s, 156172.1 tps, lat 0.205 ms stddev 0.065, 0 failed
progress: 14.0 s, 156204.0 tps, lat 0.205 ms stddev 0.068, 0 failed
progress: 15.0 s, 156907.1 tps, lat 0.204 ms stddev 0.066, 0 failed
progress: 16.0 s, 158505.4 tps, lat 0.202 ms stddev 0.066, 0 failed
progress: 17.0 s, 158173.3 tps, lat 0.202 ms stddev 0.063, 0 failed
progress: 18.0 s, 154937.8 tps, lat 0.206 ms stddev 0.067, 0 failed
progress: 19.0 s, 156996.2 tps, lat 0.204 ms stddev 0.068, 0 failed
progress: 20.0 s, 158867.9 tps, lat 0.201 ms stddev 0.062, 0 failed
progress: 21.0 s, 158632.9 tps, lat 0.202 ms stddev 0.064, 0 failed
progress: 22.0 s, 156903.0 tps, lat 0.204 ms stddev 0.065, 0 failed
progress: 23.0 s, 158577.0 tps, lat 0.202 ms stddev 0.064, 0 failed
progress: 24.0 s, 158357.7 tps, lat 0.202 ms stddev 0.065, 0 failed
progress: 25.0 s, 157689.3 tps, lat 0.203 ms stddev 0.064, 0 failed
progress: 26.0 s, 157599.9 tps, lat 0.203 ms stddev 0.064, 0 failed
progress: 27.0 s, 157859.1 tps, lat 0.202 ms stddev 0.064, 0 failed
progress: 28.0 s, 157440.5 tps, lat 0.203 ms stddev 0.066, 0 failed
progress: 29.0 s, 159142.0 tps, lat 0.201 ms stddev 0.063, 0 failed
progress: 30.0 s, 158303.5 tps, lat 0.202 ms stddev 0.065, 0 failed
progress: 31.0 s, 157832.9 tps, lat 0.203 ms stddev 0.065, 0 failed
progress: 32.0 s, 158231.2 tps, lat 0.202 ms stddev 0.063, 0 failed
progress: 33.0 s, 158676.0 tps, lat 0.201 ms stddev 0.064, 0 failed
progress: 34.0 s, 159963.5 tps, lat 0.200 ms stddev 0.062, 0 failed
progress: 35.0 s, 158968.3 tps, lat 0.201 ms stddev 0.062, 0 failed
progress: 36.0 s, 158244.0 tps, lat 0.202 ms stddev 0.064, 0 failed
progress: 37.0 s, 159757.0 tps, lat 0.200 ms stddev 0.063, 0 failed
progress: 38.0 s, 158826.0 tps, lat 0.201 ms stddev 0.064, 0 failed
progress: 39.0 s, 157730.0 tps, lat 0.203 ms stddev 0.065, 0 failed
progress: 40.0 s, 157815.2 tps, lat 0.203 ms stddev 0.064, 0 failed
progress: 41.0 s, 158085.2 tps, lat 0.202 ms stddev 0.063, 0 failed
progress: 42.0 s, 157756.0 tps, lat 0.203 ms stddev 0.063, 0 failed
progress: 43.0 s, 156924.6 tps, lat 0.204 ms stddev 0.065, 0 failed
progress: 44.0 s, 156760.3 tps, lat 0.204 ms stddev 0.065, 0 failed
progress: 45.0 s, 155759.2 tps, lat 0.205 ms stddev 0.066, 0 failed
progress: 46.0 s, 157006.0 tps, lat 0.204 ms stddev 0.064, 0 failed
progress: 47.0 s, 157798.6 tps, lat 0.203 ms stddev 0.063, 0 failed
progress: 48.0 s, 156839.4 tps, lat 0.204 ms stddev 0.066, 0 failed
progress: 49.0 s, 158680.7 tps, lat 0.201 ms stddev 0.063, 0 failed
progress: 50.0 s, 158784.9 tps, lat 0.201 ms stddev 0.063, 0 failed
progress: 51.0 s, 157874.4 tps, lat 0.203 ms stddev 0.064, 0 failed
progress: 52.0 s, 156324.9 tps, lat 0.204 ms stddev 0.067, 0 failed
progress: 53.0 s, 156875.1 tps, lat 0.204 ms stddev 0.065, 0 failed
progress: 54.0 s, 156817.6 tps, lat 0.204 ms stddev 0.065, 0 failed
progress: 55.0 s, 155634.0 tps, lat 0.205 ms stddev 0.065, 0 failed
progress: 56.0 s, 155363.8 tps, lat 0.206 ms stddev 0.066, 0 failed
progress: 57.0 s, 156443.1 tps, lat 0.204 ms stddev 0.064, 0 failed
progress: 58.0 s, 156216.2 tps, lat 0.205 ms stddev 0.065, 0 failed
progress: 59.0 s, 157112.2 tps, lat 0.203 ms stddev 0.064, 0 failed
transaction type: star-1-left.sql
scaling factor: 1
query mode: prepared
number of clients: 32
number of threads: 32
maximum number of tries: 1
duration: 60 s
number of transactions actually processed: 9422792
number of failed transactions: 0 (0.000%)
latency average = 0.203 ms
latency stddev = 0.070 ms
initial connection time = 20.948 ms
tps = 157099.601579 (without initial connection time)
