pgbench (18devel, server 11.22)
progress: 1.0 s, 15736.8 tps, lat 7.877 ms stddev 6.508, 0 failed
progress: 2.0 s, 16322.9 tps, lat 7.842 ms stddev 5.449, 0 failed
progress: 3.0 s, 16191.0 tps, lat 7.899 ms stddev 5.455, 0 failed
progress: 4.0 s, 16184.0 tps, lat 7.911 ms stddev 5.617, 0 failed
progress: 5.0 s, 16149.5 tps, lat 7.929 ms stddev 5.872, 0 failed
progress: 6.0 s, 16213.8 tps, lat 7.887 ms stddev 6.087, 0 failed
progress: 7.0 s, 16181.6 tps, lat 7.906 ms stddev 6.223, 0 failed
progress: 8.0 s, 16256.1 tps, lat 7.890 ms stddev 6.292, 0 failed
progress: 9.0 s, 16255.1 tps, lat 7.869 ms stddev 6.072, 0 failed
progress: 10.0 s, 16238.1 tps, lat 7.882 ms stddev 5.844, 0 failed
progress: 11.0 s, 16301.0 tps, lat 7.849 ms stddev 6.138, 0 failed
progress: 12.0 s, 16314.9 tps, lat 7.850 ms stddev 6.357, 0 failed
progress: 13.0 s, 16254.9 tps, lat 7.866 ms stddev 6.084, 0 failed
progress: 14.0 s, 16259.1 tps, lat 7.876 ms stddev 5.929, 0 failed
progress: 15.0 s, 16259.0 tps, lat 7.872 ms stddev 6.288, 0 failed
progress: 16.0 s, 16256.1 tps, lat 7.859 ms stddev 6.008, 0 failed
progress: 17.0 s, 16237.9 tps, lat 7.882 ms stddev 5.799, 0 failed
progress: 18.0 s, 16284.5 tps, lat 7.877 ms stddev 6.298, 0 failed
progress: 19.0 s, 16245.5 tps, lat 7.880 ms stddev 6.034, 0 failed
progress: 20.0 s, 16270.1 tps, lat 7.847 ms stddev 6.063, 0 failed
progress: 21.0 s, 16249.9 tps, lat 7.893 ms stddev 6.055, 0 failed
progress: 22.0 s, 16251.9 tps, lat 7.874 ms stddev 6.214, 0 failed
progress: 23.0 s, 16275.9 tps, lat 7.864 ms stddev 5.830, 0 failed
progress: 24.0 s, 16274.1 tps, lat 7.871 ms stddev 6.311, 0 failed
progress: 25.0 s, 16246.0 tps, lat 7.872 ms stddev 5.960, 0 failed
progress: 26.0 s, 16269.8 tps, lat 7.870 ms stddev 6.258, 0 failed
progress: 27.0 s, 16256.1 tps, lat 7.872 ms stddev 6.230, 0 failed
progress: 28.0 s, 16243.0 tps, lat 7.880 ms stddev 5.994, 0 failed
progress: 29.0 s, 16281.9 tps, lat 7.855 ms stddev 6.189, 0 failed
progress: 30.0 s, 16253.1 tps, lat 7.883 ms stddev 6.000, 0 failed
progress: 31.0 s, 16246.1 tps, lat 7.878 ms stddev 6.172, 0 failed
progress: 32.0 s, 16277.0 tps, lat 7.861 ms stddev 6.308, 0 failed
progress: 33.0 s, 16247.0 tps, lat 7.873 ms stddev 6.137, 0 failed
progress: 34.0 s, 16287.4 tps, lat 7.870 ms stddev 6.437, 0 failed
progress: 35.0 s, 16237.6 tps, lat 7.874 ms stddev 6.011, 0 failed
progress: 36.0 s, 16238.9 tps, lat 7.881 ms stddev 6.131, 0 failed
progress: 37.0 s, 16240.0 tps, lat 7.880 ms stddev 6.154, 0 failed
progress: 38.0 s, 16241.0 tps, lat 7.886 ms stddev 6.265, 0 failed
progress: 39.0 s, 16264.0 tps, lat 7.869 ms stddev 6.287, 0 failed
progress: 40.0 s, 16237.7 tps, lat 7.893 ms stddev 5.898, 0 failed
progress: 41.0 s, 16260.4 tps, lat 7.860 ms stddev 6.132, 0 failed
progress: 42.0 s, 16265.2 tps, lat 7.867 ms stddev 6.298, 0 failed
progress: 43.0 s, 16283.7 tps, lat 7.862 ms stddev 6.194, 0 failed
progress: 44.0 s, 16255.0 tps, lat 7.880 ms stddev 6.152, 0 failed
progress: 45.0 s, 16244.1 tps, lat 7.860 ms stddev 5.858, 0 failed
progress: 46.0 s, 16256.9 tps, lat 7.887 ms stddev 6.382, 0 failed
progress: 47.0 s, 16277.9 tps, lat 7.869 ms stddev 6.150, 0 failed
progress: 48.0 s, 16198.1 tps, lat 7.895 ms stddev 6.265, 0 failed
progress: 49.0 s, 16239.6 tps, lat 7.884 ms stddev 6.314, 0 failed
progress: 50.0 s, 16260.9 tps, lat 7.863 ms stddev 6.301, 0 failed
progress: 51.0 s, 16263.6 tps, lat 7.876 ms stddev 6.062, 0 failed
progress: 52.0 s, 16251.3 tps, lat 7.877 ms stddev 6.027, 0 failed
progress: 53.0 s, 16227.6 tps, lat 7.886 ms stddev 6.005, 0 failed
progress: 54.0 s, 16277.0 tps, lat 7.869 ms stddev 6.276, 0 failed
progress: 55.0 s, 16275.0 tps, lat 7.856 ms stddev 6.211, 0 failed
progress: 56.0 s, 16268.0 tps, lat 7.876 ms stddev 6.195, 0 failed
progress: 57.0 s, 16259.0 tps, lat 7.858 ms stddev 6.120, 0 failed
progress: 58.0 s, 16265.0 tps, lat 7.884 ms stddev 5.896, 0 failed
progress: 59.0 s, 16258.0 tps, lat 7.869 ms stddev 5.974, 0 failed
transaction type: star-1-left.sql
scaling factor: 1
query mode: simple
number of clients: 128
number of threads: 128
maximum number of tries: 1
duration: 60 s
number of transactions actually processed: 973928
number of failed transactions: 0 (0.000%)
latency average = 7.876 ms
latency stddev = 6.107 ms
initial connection time = 77.124 ms
tps = 16242.821922 (without initial connection time)
