pgbench (18devel, server 9.5.25)
progress: 1.0 s, 738.9 tps, lat 1.349 ms stddev 0.085, 0 failed
progress: 2.0 s, 747.0 tps, lat 1.340 ms stddev 0.026, 0 failed
progress: 3.0 s, 748.0 tps, lat 1.336 ms stddev 0.029, 0 failed
progress: 4.0 s, 750.0 tps, lat 1.333 ms stddev 0.029, 0 failed
progress: 5.0 s, 748.9 tps, lat 1.335 ms stddev 0.032, 0 failed
progress: 6.0 s, 748.0 tps, lat 1.335 ms stddev 0.029, 0 failed
progress: 7.0 s, 750.0 tps, lat 1.333 ms stddev 0.030, 0 failed
progress: 8.0 s, 750.0 tps, lat 1.334 ms stddev 0.026, 0 failed
progress: 9.0 s, 748.0 tps, lat 1.335 ms stddev 0.026, 0 failed
progress: 10.0 s, 750.0 tps, lat 1.333 ms stddev 0.029, 0 failed
progress: 11.0 s, 754.0 tps, lat 1.326 ms stddev 0.027, 0 failed
progress: 12.0 s, 752.0 tps, lat 1.330 ms stddev 0.028, 0 failed
progress: 13.0 s, 749.0 tps, lat 1.333 ms stddev 0.024, 0 failed
progress: 14.0 s, 751.0 tps, lat 1.332 ms stddev 0.019, 0 failed
progress: 15.0 s, 752.0 tps, lat 1.329 ms stddev 0.027, 0 failed
progress: 16.0 s, 752.0 tps, lat 1.330 ms stddev 0.026, 0 failed
progress: 17.0 s, 738.0 tps, lat 1.354 ms stddev 0.075, 0 failed
progress: 18.0 s, 752.0 tps, lat 1.331 ms stddev 0.063, 0 failed
progress: 19.0 s, 754.0 tps, lat 1.326 ms stddev 0.031, 0 failed
progress: 20.0 s, 749.0 tps, lat 1.333 ms stddev 0.024, 0 failed
progress: 21.0 s, 749.0 tps, lat 1.336 ms stddev 0.033, 0 failed
progress: 22.0 s, 749.0 tps, lat 1.334 ms stddev 0.033, 0 failed
progress: 23.0 s, 754.1 tps, lat 1.327 ms stddev 0.025, 0 failed
progress: 24.0 s, 751.0 tps, lat 1.331 ms stddev 0.028, 0 failed
progress: 25.0 s, 749.0 tps, lat 1.333 ms stddev 0.032, 0 failed
progress: 26.0 s, 751.0 tps, lat 1.332 ms stddev 0.024, 0 failed
progress: 27.0 s, 754.0 tps, lat 1.326 ms stddev 0.029, 0 failed
progress: 28.0 s, 749.0 tps, lat 1.334 ms stddev 0.030, 0 failed
progress: 29.0 s, 750.0 tps, lat 1.332 ms stddev 0.026, 0 failed
progress: 30.0 s, 751.0 tps, lat 1.332 ms stddev 0.028, 0 failed
progress: 31.0 s, 754.0 tps, lat 1.326 ms stddev 0.027, 0 failed
progress: 32.0 s, 752.0 tps, lat 1.330 ms stddev 0.026, 0 failed
progress: 33.0 s, 749.0 tps, lat 1.333 ms stddev 0.029, 0 failed
progress: 34.0 s, 753.0 tps, lat 1.329 ms stddev 0.029, 0 failed
progress: 35.0 s, 750.0 tps, lat 1.332 ms stddev 0.027, 0 failed
progress: 36.0 s, 752.0 tps, lat 1.329 ms stddev 0.023, 0 failed
progress: 37.0 s, 748.0 tps, lat 1.336 ms stddev 0.026, 0 failed
progress: 38.0 s, 750.0 tps, lat 1.333 ms stddev 0.027, 0 failed
progress: 39.0 s, 752.0 tps, lat 1.330 ms stddev 0.027, 0 failed
progress: 40.0 s, 750.0 tps, lat 1.333 ms stddev 0.018, 0 failed
progress: 41.0 s, 750.0 tps, lat 1.333 ms stddev 0.021, 0 failed
progress: 42.0 s, 750.0 tps, lat 1.333 ms stddev 0.025, 0 failed
progress: 43.0 s, 752.0 tps, lat 1.329 ms stddev 0.023, 0 failed
progress: 44.0 s, 750.0 tps, lat 1.333 ms stddev 0.013, 0 failed
progress: 45.0 s, 754.0 tps, lat 1.327 ms stddev 0.028, 0 failed
progress: 46.0 s, 752.0 tps, lat 1.328 ms stddev 0.028, 0 failed
progress: 47.0 s, 756.0 tps, lat 1.324 ms stddev 0.025, 0 failed
progress: 48.0 s, 754.0 tps, lat 1.324 ms stddev 0.023, 0 failed
progress: 49.0 s, 754.0 tps, lat 1.326 ms stddev 0.023, 0 failed
progress: 50.0 s, 753.0 tps, lat 1.329 ms stddev 0.025, 0 failed
progress: 51.0 s, 756.0 tps, lat 1.322 ms stddev 0.026, 0 failed
progress: 52.0 s, 753.0 tps, lat 1.327 ms stddev 0.025, 0 failed
progress: 53.0 s, 750.0 tps, lat 1.332 ms stddev 0.023, 0 failed
progress: 54.0 s, 752.1 tps, lat 1.331 ms stddev 0.018, 0 failed
progress: 55.0 s, 753.0 tps, lat 1.327 ms stddev 0.030, 0 failed
progress: 56.0 s, 753.0 tps, lat 1.327 ms stddev 0.021, 0 failed
progress: 57.0 s, 750.0 tps, lat 1.333 ms stddev 0.025, 0 failed
progress: 58.0 s, 750.0 tps, lat 1.333 ms stddev 0.029, 0 failed
progress: 59.0 s, 752.0 tps, lat 1.329 ms stddev 0.024, 0 failed
progress: 60.0 s, 750.0 tps, lat 1.334 ms stddev 0.019, 0 failed
transaction type: star-1.sql
scaling factor: 1
query mode: simple
number of clients: 1
number of threads: 1
maximum number of tries: 1
duration: 60 s
number of transactions actually processed: 45044
number of failed transactions: 0 (0.000%)
latency average = 1.332 ms
latency stddev = 0.031 ms
initial connection time = 1.824 ms
tps = 750.739489 (without initial connection time)
