pgbench (18devel, server 11.22)
progress: 1.0 s, 15825.0 tps, lat 7.841 ms stddev 6.639, 0 failed
progress: 2.0 s, 16869.3 tps, lat 7.579 ms stddev 5.202, 0 failed
progress: 3.0 s, 16509.5 tps, lat 7.754 ms stddev 5.672, 0 failed
progress: 4.0 s, 16339.9 tps, lat 7.838 ms stddev 5.602, 0 failed
progress: 5.0 s, 16296.1 tps, lat 7.843 ms stddev 5.612, 0 failed
progress: 6.0 s, 16318.6 tps, lat 7.854 ms stddev 6.058, 0 failed
progress: 7.0 s, 16351.4 tps, lat 7.817 ms stddev 6.222, 0 failed
progress: 8.0 s, 16378.3 tps, lat 7.824 ms stddev 5.879, 0 failed
progress: 9.0 s, 16422.4 tps, lat 7.789 ms stddev 6.001, 0 failed
progress: 10.0 s, 16402.3 tps, lat 7.796 ms stddev 5.949, 0 failed
progress: 11.0 s, 16414.1 tps, lat 7.806 ms stddev 6.104, 0 failed
progress: 12.0 s, 16439.9 tps, lat 7.780 ms stddev 6.006, 0 failed
progress: 13.0 s, 16384.9 tps, lat 7.815 ms stddev 6.329, 0 failed
progress: 14.0 s, 16367.1 tps, lat 7.807 ms stddev 5.908, 0 failed
progress: 15.0 s, 16388.0 tps, lat 7.819 ms stddev 6.060, 0 failed
progress: 16.0 s, 16371.9 tps, lat 7.819 ms stddev 5.913, 0 failed
progress: 17.0 s, 16395.1 tps, lat 7.800 ms stddev 5.875, 0 failed
progress: 18.0 s, 16382.4 tps, lat 7.816 ms stddev 5.837, 0 failed
progress: 19.0 s, 16414.7 tps, lat 7.794 ms stddev 5.938, 0 failed
progress: 20.0 s, 16409.5 tps, lat 7.811 ms stddev 6.341, 0 failed
progress: 21.0 s, 16370.6 tps, lat 7.803 ms stddev 6.055, 0 failed
progress: 22.0 s, 16383.2 tps, lat 7.822 ms stddev 5.970, 0 failed
progress: 23.0 s, 16395.1 tps, lat 7.804 ms stddev 6.307, 0 failed
progress: 24.0 s, 16390.7 tps, lat 7.817 ms stddev 6.475, 0 failed
progress: 25.0 s, 16360.8 tps, lat 7.822 ms stddev 6.009, 0 failed
progress: 26.0 s, 16365.9 tps, lat 7.818 ms stddev 6.098, 0 failed
progress: 27.0 s, 16367.0 tps, lat 7.817 ms stddev 6.161, 0 failed
progress: 28.0 s, 16347.9 tps, lat 7.830 ms stddev 6.059, 0 failed
progress: 29.0 s, 16366.3 tps, lat 7.834 ms stddev 6.215, 0 failed
progress: 30.0 s, 16349.2 tps, lat 7.816 ms stddev 6.009, 0 failed
progress: 31.0 s, 16357.7 tps, lat 7.836 ms stddev 5.919, 0 failed
progress: 32.0 s, 16349.8 tps, lat 7.816 ms stddev 5.825, 0 failed
progress: 33.0 s, 16357.0 tps, lat 7.832 ms stddev 6.038, 0 failed
progress: 34.0 s, 16383.8 tps, lat 7.804 ms stddev 6.222, 0 failed
progress: 35.0 s, 16404.2 tps, lat 7.797 ms stddev 6.218, 0 failed
progress: 36.0 s, 16349.0 tps, lat 7.846 ms stddev 6.035, 0 failed
progress: 37.0 s, 16347.8 tps, lat 7.825 ms stddev 6.112, 0 failed
progress: 38.0 s, 16335.0 tps, lat 7.837 ms stddev 5.873, 0 failed
progress: 39.0 s, 16356.2 tps, lat 7.812 ms stddev 5.838, 0 failed
progress: 40.0 s, 16334.8 tps, lat 7.847 ms stddev 5.965, 0 failed
progress: 41.0 s, 16350.2 tps, lat 7.818 ms stddev 6.039, 0 failed
progress: 42.0 s, 16370.9 tps, lat 7.829 ms stddev 5.954, 0 failed
progress: 43.0 s, 16360.2 tps, lat 7.812 ms stddev 6.144, 0 failed
progress: 44.0 s, 16392.8 tps, lat 7.817 ms stddev 6.443, 0 failed
progress: 45.0 s, 16336.4 tps, lat 7.836 ms stddev 6.003, 0 failed
progress: 46.0 s, 16365.7 tps, lat 7.819 ms stddev 6.375, 0 failed
progress: 47.0 s, 16314.9 tps, lat 7.843 ms stddev 5.915, 0 failed
progress: 48.0 s, 16360.1 tps, lat 7.829 ms stddev 5.973, 0 failed
progress: 49.0 s, 16346.0 tps, lat 7.829 ms stddev 6.233, 0 failed
progress: 50.0 s, 16368.8 tps, lat 7.807 ms stddev 6.358, 0 failed
progress: 51.0 s, 16312.1 tps, lat 7.854 ms stddev 5.989, 0 failed
progress: 52.0 s, 16330.0 tps, lat 7.839 ms stddev 5.979, 0 failed
progress: 53.0 s, 16302.9 tps, lat 7.848 ms stddev 5.852, 0 failed
progress: 54.0 s, 16338.3 tps, lat 7.841 ms stddev 6.195, 0 failed
progress: 55.0 s, 16287.9 tps, lat 7.849 ms stddev 5.803, 0 failed
progress: 56.0 s, 16309.6 tps, lat 7.859 ms stddev 6.021, 0 failed
progress: 57.0 s, 16324.3 tps, lat 7.830 ms stddev 5.981, 0 failed
progress: 58.0 s, 16347.0 tps, lat 7.835 ms stddev 6.275, 0 failed
progress: 59.0 s, 16308.9 tps, lat 7.839 ms stddev 5.779, 0 failed
transaction type: star-1-left.sql
scaling factor: 1
query mode: simple
number of clients: 128
number of threads: 128
maximum number of tries: 1
duration: 60 s
number of transactions actually processed: 981042
number of failed transactions: 0 (0.000%)
latency average = 7.820 ms
latency stddev = 6.039 ms
initial connection time = 73.358 ms
tps = 16360.669647 (without initial connection time)
