pgbench (18devel, server 11.22)
progress: 1.0 s, 6224.9 tps, lat 2.552 ms stddev 0.350, 0 failed
progress: 2.0 s, 6323.5 tps, lat 2.530 ms stddev 0.039, 0 failed
progress: 3.0 s, 6328.9 tps, lat 2.527 ms stddev 0.044, 0 failed
progress: 4.0 s, 6332.3 tps, lat 2.527 ms stddev 0.043, 0 failed
progress: 5.0 s, 6335.7 tps, lat 2.524 ms stddev 0.044, 0 failed
progress: 6.0 s, 6307.3 tps, lat 2.537 ms stddev 0.042, 0 failed
progress: 7.0 s, 6347.8 tps, lat 2.520 ms stddev 0.044, 0 failed
progress: 8.0 s, 6303.0 tps, lat 2.536 ms stddev 0.042, 0 failed
progress: 9.0 s, 6311.3 tps, lat 2.535 ms stddev 0.043, 0 failed
progress: 10.0 s, 6307.8 tps, lat 2.537 ms stddev 0.037, 0 failed
progress: 11.0 s, 6303.0 tps, lat 2.537 ms stddev 0.041, 0 failed
progress: 12.0 s, 6333.0 tps, lat 2.527 ms stddev 0.044, 0 failed
progress: 13.0 s, 6341.0 tps, lat 2.523 ms stddev 0.044, 0 failed
progress: 14.0 s, 6344.0 tps, lat 2.522 ms stddev 0.045, 0 failed
progress: 15.0 s, 6339.5 tps, lat 2.523 ms stddev 0.037, 0 failed
progress: 16.0 s, 6331.5 tps, lat 2.527 ms stddev 0.043, 0 failed
progress: 17.0 s, 6340.9 tps, lat 2.522 ms stddev 0.042, 0 failed
progress: 18.0 s, 6330.0 tps, lat 2.527 ms stddev 0.041, 0 failed
progress: 19.0 s, 6335.3 tps, lat 2.526 ms stddev 0.039, 0 failed
progress: 20.0 s, 6342.8 tps, lat 2.522 ms stddev 0.039, 0 failed
progress: 21.0 s, 6350.9 tps, lat 2.519 ms stddev 0.046, 0 failed
progress: 22.0 s, 6354.4 tps, lat 2.518 ms stddev 0.042, 0 failed
progress: 23.0 s, 6325.6 tps, lat 2.527 ms stddev 0.039, 0 failed
progress: 24.0 s, 6356.1 tps, lat 2.517 ms stddev 0.039, 0 failed
progress: 25.0 s, 6368.9 tps, lat 2.512 ms stddev 0.046, 0 failed
progress: 26.0 s, 6323.0 tps, lat 2.530 ms stddev 0.040, 0 failed
progress: 27.0 s, 6347.0 tps, lat 2.520 ms stddev 0.043, 0 failed
progress: 28.0 s, 6346.0 tps, lat 2.520 ms stddev 0.047, 0 failed
progress: 29.0 s, 6348.1 tps, lat 2.520 ms stddev 0.043, 0 failed
progress: 30.0 s, 6346.0 tps, lat 2.521 ms stddev 0.046, 0 failed
progress: 31.0 s, 6345.9 tps, lat 2.521 ms stddev 0.042, 0 failed
progress: 32.0 s, 6347.0 tps, lat 2.521 ms stddev 0.042, 0 failed
progress: 33.0 s, 6357.0 tps, lat 2.516 ms stddev 0.044, 0 failed
progress: 34.0 s, 6367.0 tps, lat 2.512 ms stddev 0.041, 0 failed
progress: 35.0 s, 6360.0 tps, lat 2.516 ms stddev 0.045, 0 failed
progress: 36.0 s, 6332.0 tps, lat 2.526 ms stddev 0.040, 0 failed
progress: 37.0 s, 6331.1 tps, lat 2.526 ms stddev 0.039, 0 failed
progress: 38.0 s, 6344.0 tps, lat 2.522 ms stddev 0.040, 0 failed
progress: 39.0 s, 6369.9 tps, lat 2.511 ms stddev 0.047, 0 failed
progress: 40.0 s, 6334.1 tps, lat 2.525 ms stddev 0.043, 0 failed
progress: 41.0 s, 6329.0 tps, lat 2.527 ms stddev 0.038, 0 failed
progress: 42.0 s, 6360.2 tps, lat 2.516 ms stddev 0.043, 0 failed
progress: 43.0 s, 6340.7 tps, lat 2.521 ms stddev 0.041, 0 failed
progress: 44.0 s, 6325.3 tps, lat 2.530 ms stddev 0.042, 0 failed
progress: 45.0 s, 6371.8 tps, lat 2.511 ms stddev 0.048, 0 failed
progress: 46.0 s, 6332.0 tps, lat 2.526 ms stddev 0.043, 0 failed
progress: 47.0 s, 6330.2 tps, lat 2.527 ms stddev 0.044, 0 failed
progress: 48.0 s, 6339.7 tps, lat 2.523 ms stddev 0.041, 0 failed
progress: 49.0 s, 6352.3 tps, lat 2.518 ms stddev 0.043, 0 failed
progress: 50.0 s, 6346.0 tps, lat 2.521 ms stddev 0.038, 0 failed
progress: 51.0 s, 6363.8 tps, lat 2.513 ms stddev 0.039, 0 failed
progress: 52.0 s, 6346.0 tps, lat 2.520 ms stddev 0.039, 0 failed
progress: 53.0 s, 6351.0 tps, lat 2.520 ms stddev 0.040, 0 failed
progress: 54.0 s, 6338.0 tps, lat 2.525 ms stddev 0.043, 0 failed
progress: 55.0 s, 6360.0 tps, lat 2.514 ms stddev 0.042, 0 failed
progress: 56.0 s, 6359.2 tps, lat 2.516 ms stddev 0.040, 0 failed
progress: 57.0 s, 6390.8 tps, lat 2.502 ms stddev 0.038, 0 failed
progress: 58.0 s, 6334.3 tps, lat 2.526 ms stddev 0.037, 0 failed
progress: 59.0 s, 6345.8 tps, lat 2.522 ms stddev 0.040, 0 failed
transaction type: star-1-left.sql
scaling factor: 1
query mode: simple
number of clients: 16
number of threads: 16
maximum number of tries: 1
duration: 60 s
number of transactions actually processed: 380346
number of failed transactions: 0 (0.000%)
latency average = 2.523 ms
latency stddev = 0.062 ms
initial connection time = 12.989 ms
tps = 6340.184383 (without initial connection time)
