pgbench (18devel, server 11.22)
progress: 1.0 s, 14587.2 tps, lat 16.290 ms stddev 27.119, 0 failed
progress: 2.0 s, 16772.5 tps, lat 15.323 ms stddev 20.040, 0 failed
progress: 3.0 s, 16072.1 tps, lat 15.907 ms stddev 18.651, 0 failed
progress: 4.0 s, 16091.1 tps, lat 15.880 ms stddev 20.513, 0 failed
progress: 5.0 s, 16197.5 tps, lat 15.777 ms stddev 21.172, 0 failed
progress: 6.0 s, 16126.7 tps, lat 15.964 ms stddev 20.980, 0 failed
progress: 7.0 s, 16107.7 tps, lat 15.810 ms stddev 20.928, 0 failed
progress: 8.0 s, 16190.0 tps, lat 15.816 ms stddev 21.877, 0 failed
progress: 9.0 s, 16121.1 tps, lat 15.788 ms stddev 19.909, 0 failed
progress: 10.0 s, 16153.2 tps, lat 15.921 ms stddev 21.736, 0 failed
progress: 11.0 s, 16090.8 tps, lat 15.904 ms stddev 19.604, 0 failed
progress: 12.0 s, 16207.9 tps, lat 15.855 ms stddev 21.827, 0 failed
progress: 13.0 s, 16201.1 tps, lat 15.707 ms stddev 21.098, 0 failed
progress: 14.0 s, 16177.7 tps, lat 15.860 ms stddev 20.520, 0 failed
progress: 15.0 s, 16205.5 tps, lat 15.789 ms stddev 21.321, 0 failed
progress: 16.0 s, 16175.6 tps, lat 15.835 ms stddev 21.256, 0 failed
progress: 17.0 s, 16186.1 tps, lat 15.820 ms stddev 21.052, 0 failed
progress: 18.0 s, 16216.0 tps, lat 15.840 ms stddev 21.474, 0 failed
progress: 19.0 s, 16177.0 tps, lat 15.771 ms stddev 21.244, 0 failed
progress: 20.0 s, 16231.2 tps, lat 15.817 ms stddev 21.284, 0 failed
progress: 21.0 s, 16204.0 tps, lat 15.811 ms stddev 20.779, 0 failed
progress: 22.0 s, 16227.2 tps, lat 15.670 ms stddev 22.149, 0 failed
progress: 23.0 s, 16166.9 tps, lat 15.908 ms stddev 21.142, 0 failed
progress: 24.0 s, 16253.0 tps, lat 15.709 ms stddev 22.322, 0 failed
progress: 25.0 s, 16209.8 tps, lat 15.850 ms stddev 22.284, 0 failed
progress: 26.0 s, 16120.2 tps, lat 15.855 ms stddev 20.363, 0 failed
progress: 27.0 s, 16189.9 tps, lat 15.808 ms stddev 21.936, 0 failed
progress: 28.0 s, 16197.0 tps, lat 15.776 ms stddev 21.969, 0 failed
progress: 29.0 s, 16181.8 tps, lat 15.822 ms stddev 21.730, 0 failed
progress: 30.0 s, 16192.5 tps, lat 15.808 ms stddev 21.795, 0 failed
progress: 31.0 s, 16169.2 tps, lat 15.888 ms stddev 21.546, 0 failed
progress: 32.0 s, 16166.5 tps, lat 15.880 ms stddev 21.371, 0 failed
progress: 33.0 s, 16121.3 tps, lat 15.824 ms stddev 20.380, 0 failed
progress: 34.0 s, 16160.6 tps, lat 15.845 ms stddev 20.913, 0 failed
progress: 35.0 s, 16168.3 tps, lat 15.805 ms stddev 22.693, 0 failed
progress: 36.0 s, 16125.7 tps, lat 15.848 ms stddev 20.720, 0 failed
progress: 37.0 s, 16182.8 tps, lat 15.918 ms stddev 21.902, 0 failed
progress: 38.0 s, 16150.9 tps, lat 15.823 ms stddev 21.744, 0 failed
progress: 39.0 s, 16154.5 tps, lat 15.749 ms stddev 21.402, 0 failed
progress: 40.0 s, 16227.9 tps, lat 15.816 ms stddev 22.749, 0 failed
progress: 41.0 s, 16246.0 tps, lat 15.766 ms stddev 22.393, 0 failed
progress: 42.0 s, 16172.1 tps, lat 15.912 ms stddev 21.456, 0 failed
progress: 43.0 s, 16200.9 tps, lat 15.700 ms stddev 21.553, 0 failed
progress: 44.0 s, 16135.8 tps, lat 15.879 ms stddev 20.294, 0 failed
progress: 45.0 s, 16181.5 tps, lat 15.867 ms stddev 21.609, 0 failed
progress: 46.0 s, 16123.1 tps, lat 15.700 ms stddev 22.208, 0 failed
progress: 47.0 s, 16081.3 tps, lat 16.071 ms stddev 21.080, 0 failed
progress: 48.0 s, 16218.2 tps, lat 15.730 ms stddev 22.057, 0 failed
progress: 49.0 s, 16134.8 tps, lat 15.969 ms stddev 21.223, 0 failed
progress: 50.0 s, 16177.2 tps, lat 15.684 ms stddev 20.850, 0 failed
progress: 51.0 s, 16190.5 tps, lat 15.860 ms stddev 22.119, 0 failed
progress: 52.0 s, 16131.5 tps, lat 15.834 ms stddev 21.759, 0 failed
progress: 53.0 s, 16176.0 tps, lat 15.965 ms stddev 21.577, 0 failed
progress: 54.0 s, 16197.0 tps, lat 15.726 ms stddev 22.069, 0 failed
progress: 55.0 s, 16187.1 tps, lat 15.819 ms stddev 21.840, 0 failed
progress: 56.0 s, 16183.0 tps, lat 15.814 ms stddev 21.836, 0 failed
progress: 57.0 s, 16169.0 tps, lat 15.861 ms stddev 21.758, 0 failed
progress: 58.0 s, 16200.3 tps, lat 15.787 ms stddev 21.938, 0 failed
progress: 59.0 s, 16119.6 tps, lat 15.963 ms stddev 21.167, 0 failed
transaction type: star-1-left.sql
scaling factor: 1
query mode: simple
number of clients: 256
number of threads: 256
maximum number of tries: 1
duration: 60 s
number of transactions actually processed: 967882
number of failed transactions: 0 (0.000%)
latency average = 15.836 ms
latency stddev = 21.507 ms
initial connection time = 148.544 ms
tps = 16154.682451 (without initial connection time)
