pgbench (18devel, server 11.22)
progress: 1.0 s, 16421.0 tps, lat 3.834 ms stddev 1.655, 0 failed
progress: 2.0 s, 16618.0 tps, lat 3.850 ms stddev 1.092, 0 failed
progress: 3.0 s, 16558.0 tps, lat 3.863 ms stddev 1.081, 0 failed
progress: 4.0 s, 16522.0 tps, lat 3.874 ms stddev 1.077, 0 failed
progress: 5.0 s, 16489.1 tps, lat 3.880 ms stddev 1.067, 0 failed
progress: 6.0 s, 16666.9 tps, lat 3.840 ms stddev 1.083, 0 failed
progress: 7.0 s, 16609.1 tps, lat 3.854 ms stddev 1.087, 0 failed
progress: 8.0 s, 16424.9 tps, lat 3.895 ms stddev 1.069, 0 failed
progress: 9.0 s, 16470.0 tps, lat 3.886 ms stddev 1.074, 0 failed
progress: 10.0 s, 16557.0 tps, lat 3.864 ms stddev 1.077, 0 failed
progress: 11.0 s, 16574.0 tps, lat 3.861 ms stddev 1.076, 0 failed
progress: 12.0 s, 16371.0 tps, lat 3.909 ms stddev 1.062, 0 failed
progress: 13.0 s, 16459.0 tps, lat 3.888 ms stddev 1.058, 0 failed
progress: 14.0 s, 16529.0 tps, lat 3.872 ms stddev 1.077, 0 failed
progress: 15.0 s, 16583.0 tps, lat 3.859 ms stddev 1.078, 0 failed
progress: 16.0 s, 16599.9 tps, lat 3.855 ms stddev 1.079, 0 failed
progress: 17.0 s, 16706.1 tps, lat 3.831 ms stddev 1.087, 0 failed
progress: 18.0 s, 16591.0 tps, lat 3.855 ms stddev 1.084, 0 failed
progress: 19.0 s, 16588.0 tps, lat 3.860 ms stddev 1.078, 0 failed
progress: 20.0 s, 16585.9 tps, lat 3.857 ms stddev 1.078, 0 failed
progress: 21.0 s, 16662.9 tps, lat 3.841 ms stddev 1.086, 0 failed
progress: 22.0 s, 16426.2 tps, lat 3.896 ms stddev 1.072, 0 failed
progress: 23.0 s, 16603.1 tps, lat 3.854 ms stddev 1.084, 0 failed
progress: 24.0 s, 16464.9 tps, lat 3.887 ms stddev 1.071, 0 failed
progress: 25.0 s, 16549.0 tps, lat 3.867 ms stddev 1.082, 0 failed
progress: 26.0 s, 16396.0 tps, lat 3.902 ms stddev 1.066, 0 failed
progress: 27.0 s, 16499.0 tps, lat 3.878 ms stddev 1.074, 0 failed
progress: 28.0 s, 16401.1 tps, lat 3.903 ms stddev 1.069, 0 failed
progress: 29.0 s, 16591.9 tps, lat 3.857 ms stddev 1.078, 0 failed
progress: 30.0 s, 16520.1 tps, lat 3.874 ms stddev 1.081, 0 failed
progress: 31.0 s, 16550.9 tps, lat 3.868 ms stddev 1.077, 0 failed
progress: 32.0 s, 16434.2 tps, lat 3.894 ms stddev 1.074, 0 failed
progress: 33.0 s, 16468.0 tps, lat 3.884 ms stddev 1.073, 0 failed
progress: 34.0 s, 16487.9 tps, lat 3.881 ms stddev 1.078, 0 failed
progress: 35.0 s, 16556.1 tps, lat 3.866 ms stddev 1.079, 0 failed
progress: 36.0 s, 16670.0 tps, lat 3.837 ms stddev 1.079, 0 failed
progress: 37.0 s, 16582.0 tps, lat 3.860 ms stddev 1.072, 0 failed
progress: 38.0 s, 16497.0 tps, lat 3.879 ms stddev 1.073, 0 failed
progress: 39.0 s, 16640.0 tps, lat 3.845 ms stddev 1.081, 0 failed
progress: 40.0 s, 16485.1 tps, lat 3.882 ms stddev 1.069, 0 failed
progress: 41.0 s, 16480.0 tps, lat 3.885 ms stddev 1.071, 0 failed
progress: 42.0 s, 16586.0 tps, lat 3.857 ms stddev 1.080, 0 failed
progress: 43.0 s, 16557.9 tps, lat 3.865 ms stddev 1.072, 0 failed
progress: 44.0 s, 16582.0 tps, lat 3.859 ms stddev 1.076, 0 failed
progress: 45.0 s, 16495.9 tps, lat 3.879 ms stddev 1.074, 0 failed
progress: 46.0 s, 16611.9 tps, lat 3.852 ms stddev 1.081, 0 failed
progress: 47.0 s, 16484.2 tps, lat 3.883 ms stddev 1.071, 0 failed
progress: 48.0 s, 16385.0 tps, lat 3.904 ms stddev 1.060, 0 failed
progress: 49.0 s, 16536.1 tps, lat 3.871 ms stddev 1.076, 0 failed
progress: 50.0 s, 16629.9 tps, lat 3.847 ms stddev 1.084, 0 failed
progress: 51.0 s, 16402.1 tps, lat 3.904 ms stddev 1.066, 0 failed
progress: 52.0 s, 16555.9 tps, lat 3.863 ms stddev 1.079, 0 failed
progress: 53.0 s, 16564.1 tps, lat 3.864 ms stddev 1.086, 0 failed
progress: 54.0 s, 16526.0 tps, lat 3.872 ms stddev 1.083, 0 failed
progress: 55.0 s, 16583.0 tps, lat 3.859 ms stddev 1.084, 0 failed
progress: 56.0 s, 16401.1 tps, lat 3.901 ms stddev 1.066, 0 failed
progress: 57.0 s, 16309.9 tps, lat 3.924 ms stddev 1.067, 0 failed
progress: 58.0 s, 16456.5 tps, lat 3.889 ms stddev 1.077, 0 failed
progress: 59.0 s, 16436.4 tps, lat 3.894 ms stddev 1.067, 0 failed
transaction type: star-1-left.sql
scaling factor: 1
query mode: simple
number of clients: 64
number of threads: 64
maximum number of tries: 1
duration: 60 s
number of transactions actually processed: 991099
number of failed transactions: 0 (0.000%)
latency average = 3.872 ms
latency stddev = 1.088 ms
initial connection time = 40.351 ms
tps = 16527.892377 (without initial connection time)
