pgbench (18devel, server 10.23)
progress: 1.0 s, 513.0 tps, lat 1.945 ms stddev 0.141, 0 failed
progress: 2.0 s, 518.0 tps, lat 1.927 ms stddev 0.049, 0 failed
progress: 3.0 s, 518.0 tps, lat 1.931 ms stddev 0.027, 0 failed
progress: 4.0 s, 519.0 tps, lat 1.928 ms stddev 0.026, 0 failed
progress: 5.0 s, 518.0 tps, lat 1.931 ms stddev 0.032, 0 failed
progress: 6.0 s, 523.0 tps, lat 1.910 ms stddev 0.033, 0 failed
progress: 7.0 s, 519.0 tps, lat 1.928 ms stddev 0.031, 0 failed
progress: 8.0 s, 521.0 tps, lat 1.916 ms stddev 0.021, 0 failed
progress: 9.0 s, 523.0 tps, lat 1.914 ms stddev 0.023, 0 failed
progress: 10.0 s, 523.0 tps, lat 1.910 ms stddev 0.025, 0 failed
progress: 11.0 s, 527.0 tps, lat 1.898 ms stddev 0.024, 0 failed
progress: 12.0 s, 527.0 tps, lat 1.896 ms stddev 0.023, 0 failed
progress: 13.0 s, 525.0 tps, lat 1.905 ms stddev 0.028, 0 failed
progress: 14.0 s, 524.0 tps, lat 1.907 ms stddev 0.032, 0 failed
progress: 15.0 s, 529.0 tps, lat 1.892 ms stddev 0.029, 0 failed
progress: 16.0 s, 528.0 tps, lat 1.893 ms stddev 0.030, 0 failed
progress: 17.0 s, 529.0 tps, lat 1.890 ms stddev 0.029, 0 failed
progress: 18.0 s, 528.0 tps, lat 1.893 ms stddev 0.030, 0 failed
progress: 19.0 s, 529.0 tps, lat 1.891 ms stddev 0.026, 0 failed
progress: 20.0 s, 528.0 tps, lat 1.894 ms stddev 0.029, 0 failed
progress: 21.0 s, 529.0 tps, lat 1.889 ms stddev 0.027, 0 failed
progress: 22.0 s, 529.0 tps, lat 1.891 ms stddev 0.030, 0 failed
progress: 23.0 s, 527.0 tps, lat 1.896 ms stddev 0.037, 0 failed
progress: 24.0 s, 528.0 tps, lat 1.892 ms stddev 0.031, 0 failed
progress: 25.0 s, 528.0 tps, lat 1.893 ms stddev 0.030, 0 failed
progress: 26.0 s, 529.0 tps, lat 1.893 ms stddev 0.031, 0 failed
progress: 27.0 s, 526.0 tps, lat 1.898 ms stddev 0.036, 0 failed
progress: 28.0 s, 519.0 tps, lat 1.927 ms stddev 0.030, 0 failed
progress: 29.0 s, 519.0 tps, lat 1.926 ms stddev 0.030, 0 failed
progress: 30.0 s, 520.0 tps, lat 1.922 ms stddev 0.033, 0 failed
progress: 31.0 s, 524.0 tps, lat 1.909 ms stddev 0.027, 0 failed
progress: 32.0 s, 522.0 tps, lat 1.914 ms stddev 0.037, 0 failed
progress: 33.0 s, 524.0 tps, lat 1.910 ms stddev 0.032, 0 failed
progress: 34.0 s, 523.0 tps, lat 1.909 ms stddev 0.031, 0 failed
progress: 35.0 s, 523.0 tps, lat 1.912 ms stddev 0.034, 0 failed
progress: 36.0 s, 524.0 tps, lat 1.909 ms stddev 0.030, 0 failed
progress: 37.0 s, 523.0 tps, lat 1.911 ms stddev 0.030, 0 failed
progress: 38.0 s, 521.0 tps, lat 1.921 ms stddev 0.032, 0 failed
progress: 39.0 s, 524.0 tps, lat 1.906 ms stddev 0.028, 0 failed
progress: 40.0 s, 525.0 tps, lat 1.906 ms stddev 0.028, 0 failed
progress: 41.0 s, 524.0 tps, lat 1.906 ms stddev 0.029, 0 failed
progress: 42.0 s, 525.0 tps, lat 1.907 ms stddev 0.031, 0 failed
progress: 43.0 s, 524.0 tps, lat 1.906 ms stddev 0.030, 0 failed
progress: 44.0 s, 525.0 tps, lat 1.905 ms stddev 0.027, 0 failed
progress: 45.0 s, 523.0 tps, lat 1.909 ms stddev 0.032, 0 failed
progress: 46.0 s, 525.0 tps, lat 1.907 ms stddev 0.030, 0 failed
progress: 47.0 s, 524.0 tps, lat 1.907 ms stddev 0.030, 0 failed
progress: 48.0 s, 525.0 tps, lat 1.904 ms stddev 0.026, 0 failed
progress: 49.0 s, 525.0 tps, lat 1.905 ms stddev 0.027, 0 failed
progress: 50.0 s, 524.0 tps, lat 1.909 ms stddev 0.031, 0 failed
progress: 51.0 s, 524.0 tps, lat 1.906 ms stddev 0.030, 0 failed
progress: 52.0 s, 525.0 tps, lat 1.905 ms stddev 0.027, 0 failed
progress: 53.0 s, 524.0 tps, lat 1.907 ms stddev 0.032, 0 failed
progress: 54.0 s, 524.0 tps, lat 1.907 ms stddev 0.031, 0 failed
progress: 55.0 s, 524.0 tps, lat 1.909 ms stddev 0.035, 0 failed
progress: 56.0 s, 525.0 tps, lat 1.906 ms stddev 0.031, 0 failed
progress: 57.0 s, 524.0 tps, lat 1.907 ms stddev 0.032, 0 failed
progress: 58.0 s, 524.0 tps, lat 1.906 ms stddev 0.030, 0 failed
progress: 59.0 s, 524.0 tps, lat 1.907 ms stddev 0.032, 0 failed
progress: 60.0 s, 525.0 tps, lat 1.907 ms stddev 0.030, 0 failed
transaction type: star-1-left.sql
scaling factor: 1
query mode: simple
number of clients: 1
number of threads: 1
maximum number of tries: 1
duration: 60 s
number of transactions actually processed: 31444
number of failed transactions: 0 (0.000%)
latency average = 1.908 ms
latency stddev = 0.037 ms
initial connection time = 1.943 ms
tps = 524.068763 (without initial connection time)
