pgbench (18devel, server 10.23)
progress: 1.0 s, 6440.6 tps, lat 2.467 ms stddev 0.302, 0 failed
progress: 2.0 s, 6502.0 tps, lat 2.461 ms stddev 0.047, 0 failed
progress: 3.0 s, 6521.7 tps, lat 2.452 ms stddev 0.047, 0 failed
progress: 4.0 s, 6441.1 tps, lat 2.484 ms stddev 0.068, 0 failed
progress: 5.0 s, 6460.0 tps, lat 2.476 ms stddev 0.036, 0 failed
progress: 6.0 s, 6444.9 tps, lat 2.482 ms stddev 0.038, 0 failed
progress: 7.0 s, 6457.0 tps, lat 2.477 ms stddev 0.040, 0 failed
progress: 8.0 s, 6461.0 tps, lat 2.477 ms stddev 0.037, 0 failed
progress: 9.0 s, 6435.1 tps, lat 2.486 ms stddev 0.038, 0 failed
progress: 10.0 s, 6450.1 tps, lat 2.479 ms stddev 0.037, 0 failed
progress: 11.0 s, 6449.8 tps, lat 2.481 ms stddev 0.037, 0 failed
progress: 12.0 s, 6433.0 tps, lat 2.486 ms stddev 0.036, 0 failed
progress: 13.0 s, 6464.9 tps, lat 2.474 ms stddev 0.039, 0 failed
progress: 14.0 s, 6470.6 tps, lat 2.473 ms stddev 0.041, 0 failed
progress: 15.0 s, 6438.4 tps, lat 2.484 ms stddev 0.039, 0 failed
progress: 16.0 s, 6461.2 tps, lat 2.475 ms stddev 0.038, 0 failed
progress: 17.0 s, 6489.8 tps, lat 2.464 ms stddev 0.045, 0 failed
progress: 18.0 s, 6427.9 tps, lat 2.488 ms stddev 0.036, 0 failed
progress: 19.0 s, 6478.6 tps, lat 2.470 ms stddev 0.038, 0 failed
progress: 20.0 s, 6456.4 tps, lat 2.476 ms stddev 0.037, 0 failed
progress: 21.0 s, 6386.0 tps, lat 2.506 ms stddev 0.267, 0 failed
progress: 22.0 s, 6479.1 tps, lat 2.469 ms stddev 0.037, 0 failed
progress: 23.0 s, 6479.9 tps, lat 2.469 ms stddev 0.041, 0 failed
progress: 24.0 s, 6479.1 tps, lat 2.469 ms stddev 0.038, 0 failed
progress: 25.0 s, 6470.0 tps, lat 2.471 ms stddev 0.038, 0 failed
progress: 26.0 s, 6456.0 tps, lat 2.478 ms stddev 0.037, 0 failed
progress: 27.0 s, 6459.3 tps, lat 2.477 ms stddev 0.037, 0 failed
progress: 28.0 s, 6448.8 tps, lat 2.481 ms stddev 0.037, 0 failed
progress: 29.0 s, 6477.2 tps, lat 2.469 ms stddev 0.041, 0 failed
progress: 30.0 s, 6459.8 tps, lat 2.477 ms stddev 0.039, 0 failed
progress: 31.0 s, 6467.0 tps, lat 2.473 ms stddev 0.038, 0 failed
progress: 32.0 s, 6462.9 tps, lat 2.475 ms stddev 0.038, 0 failed
progress: 33.0 s, 6461.3 tps, lat 2.476 ms stddev 0.038, 0 failed
progress: 34.0 s, 6442.8 tps, lat 2.483 ms stddev 0.036, 0 failed
progress: 35.0 s, 6483.0 tps, lat 2.468 ms stddev 0.040, 0 failed
progress: 36.0 s, 6476.2 tps, lat 2.470 ms stddev 0.039, 0 failed
progress: 37.0 s, 6448.0 tps, lat 2.480 ms stddev 0.038, 0 failed
progress: 38.0 s, 6454.7 tps, lat 2.478 ms stddev 0.042, 0 failed
progress: 39.0 s, 6474.0 tps, lat 2.472 ms stddev 0.039, 0 failed
progress: 40.0 s, 6462.0 tps, lat 2.476 ms stddev 0.039, 0 failed
progress: 41.0 s, 6478.1 tps, lat 2.468 ms stddev 0.041, 0 failed
progress: 42.0 s, 6467.0 tps, lat 2.474 ms stddev 0.037, 0 failed
progress: 43.0 s, 6472.6 tps, lat 2.471 ms stddev 0.037, 0 failed
progress: 44.0 s, 6453.4 tps, lat 2.479 ms stddev 0.038, 0 failed
progress: 45.0 s, 6465.1 tps, lat 2.474 ms stddev 0.039, 0 failed
progress: 46.0 s, 6472.0 tps, lat 2.471 ms stddev 0.036, 0 failed
progress: 47.0 s, 6451.9 tps, lat 2.480 ms stddev 0.038, 0 failed
progress: 48.0 s, 6454.0 tps, lat 2.479 ms stddev 0.037, 0 failed
progress: 49.0 s, 6443.1 tps, lat 2.483 ms stddev 0.040, 0 failed
progress: 50.0 s, 6449.9 tps, lat 2.481 ms stddev 0.036, 0 failed
progress: 51.0 s, 6450.0 tps, lat 2.479 ms stddev 0.040, 0 failed
progress: 52.0 s, 6485.9 tps, lat 2.466 ms stddev 0.037, 0 failed
progress: 53.0 s, 6424.3 tps, lat 2.490 ms stddev 0.035, 0 failed
progress: 54.0 s, 6480.6 tps, lat 2.469 ms stddev 0.037, 0 failed
progress: 55.0 s, 6454.1 tps, lat 2.478 ms stddev 0.039, 0 failed
progress: 56.0 s, 6469.0 tps, lat 2.473 ms stddev 0.037, 0 failed
progress: 57.0 s, 6458.3 tps, lat 2.477 ms stddev 0.039, 0 failed
progress: 58.0 s, 6444.7 tps, lat 2.482 ms stddev 0.034, 0 failed
progress: 59.0 s, 6468.0 tps, lat 2.474 ms stddev 0.039, 0 failed
transaction type: star-1-left.sql
scaling factor: 1
query mode: simple
number of clients: 16
number of threads: 16
maximum number of tries: 1
duration: 60 s
number of transactions actually processed: 387578
number of failed transactions: 0 (0.000%)
latency average = 2.476 ms
latency stddev = 0.065 ms
initial connection time = 12.104 ms
tps = 6460.643347 (without initial connection time)
