pgbench (18devel, server 8.4.22)
progress: 1.0 s, 1729.9 tps, lat 0.576 ms stddev 0.048, 0 failed
progress: 2.0 s, 1747.0 tps, lat 0.572 ms stddev 0.024, 0 failed
progress: 3.0 s, 1755.0 tps, lat 0.569 ms stddev 0.026, 0 failed
progress: 4.0 s, 1751.0 tps, lat 0.571 ms stddev 0.026, 0 failed
progress: 5.0 s, 1745.0 tps, lat 0.573 ms stddev 0.027, 0 failed
progress: 6.0 s, 1766.0 tps, lat 0.566 ms stddev 0.023, 0 failed
progress: 7.0 s, 1766.0 tps, lat 0.566 ms stddev 0.026, 0 failed
progress: 8.0 s, 1783.0 tps, lat 0.561 ms stddev 0.022, 0 failed
progress: 9.0 s, 1755.0 tps, lat 0.569 ms stddev 0.025, 0 failed
progress: 10.0 s, 1766.0 tps, lat 0.566 ms stddev 0.024, 0 failed
progress: 11.0 s, 1765.0 tps, lat 0.566 ms stddev 0.025, 0 failed
progress: 12.0 s, 1762.0 tps, lat 0.567 ms stddev 0.024, 0 failed
progress: 13.0 s, 1764.0 tps, lat 0.566 ms stddev 0.024, 0 failed
progress: 14.0 s, 1768.0 tps, lat 0.565 ms stddev 0.023, 0 failed
progress: 15.0 s, 1763.0 tps, lat 0.567 ms stddev 0.027, 0 failed
progress: 16.0 s, 1750.0 tps, lat 0.571 ms stddev 0.028, 0 failed
progress: 17.0 s, 1762.0 tps, lat 0.567 ms stddev 0.025, 0 failed
progress: 18.0 s, 1775.0 tps, lat 0.563 ms stddev 0.022, 0 failed
progress: 19.0 s, 1771.0 tps, lat 0.564 ms stddev 0.025, 0 failed
progress: 20.0 s, 1769.0 tps, lat 0.565 ms stddev 0.024, 0 failed
progress: 21.0 s, 1765.9 tps, lat 0.566 ms stddev 0.025, 0 failed
progress: 22.0 s, 1769.0 tps, lat 0.565 ms stddev 0.024, 0 failed
progress: 23.0 s, 1784.0 tps, lat 0.560 ms stddev 0.023, 0 failed
progress: 24.0 s, 1767.0 tps, lat 0.566 ms stddev 0.025, 0 failed
progress: 25.0 s, 1765.1 tps, lat 0.566 ms stddev 0.026, 0 failed
progress: 26.0 s, 1764.9 tps, lat 0.566 ms stddev 0.025, 0 failed
progress: 27.0 s, 1779.0 tps, lat 0.562 ms stddev 0.023, 0 failed
progress: 28.0 s, 1768.0 tps, lat 0.565 ms stddev 0.025, 0 failed
progress: 29.0 s, 1762.0 tps, lat 0.567 ms stddev 0.028, 0 failed
progress: 30.0 s, 1777.0 tps, lat 0.563 ms stddev 0.023, 0 failed
progress: 31.0 s, 1759.0 tps, lat 0.568 ms stddev 0.027, 0 failed
progress: 32.0 s, 1773.0 tps, lat 0.563 ms stddev 0.024, 0 failed
progress: 33.0 s, 1774.0 tps, lat 0.563 ms stddev 0.025, 0 failed
progress: 34.0 s, 1780.0 tps, lat 0.562 ms stddev 0.023, 0 failed
progress: 35.0 s, 1768.0 tps, lat 0.565 ms stddev 0.026, 0 failed
progress: 36.0 s, 1772.0 tps, lat 0.564 ms stddev 0.025, 0 failed
progress: 37.0 s, 1770.0 tps, lat 0.565 ms stddev 0.024, 0 failed
progress: 38.0 s, 1785.0 tps, lat 0.560 ms stddev 0.022, 0 failed
progress: 39.0 s, 1781.0 tps, lat 0.561 ms stddev 0.023, 0 failed
progress: 40.0 s, 1775.0 tps, lat 0.563 ms stddev 0.024, 0 failed
progress: 41.0 s, 1758.0 tps, lat 0.568 ms stddev 0.027, 0 failed
progress: 42.0 s, 1774.0 tps, lat 0.563 ms stddev 0.024, 0 failed
progress: 43.0 s, 1762.0 tps, lat 0.567 ms stddev 0.026, 0 failed
progress: 44.0 s, 1776.0 tps, lat 0.562 ms stddev 0.023, 0 failed
progress: 45.0 s, 1765.0 tps, lat 0.566 ms stddev 0.026, 0 failed
progress: 46.0 s, 1762.0 tps, lat 0.567 ms stddev 0.028, 0 failed
progress: 47.0 s, 1781.0 tps, lat 0.561 ms stddev 0.022, 0 failed
progress: 48.0 s, 1766.0 tps, lat 0.566 ms stddev 0.025, 0 failed
progress: 49.0 s, 1769.0 tps, lat 0.565 ms stddev 0.025, 0 failed
progress: 50.0 s, 1776.0 tps, lat 0.563 ms stddev 0.023, 0 failed
progress: 51.0 s, 1780.0 tps, lat 0.561 ms stddev 0.023, 0 failed
progress: 52.0 s, 1776.1 tps, lat 0.563 ms stddev 0.023, 0 failed
progress: 53.0 s, 1760.9 tps, lat 0.567 ms stddev 0.029, 0 failed
progress: 54.0 s, 1775.0 tps, lat 0.563 ms stddev 0.023, 0 failed
progress: 55.0 s, 1770.0 tps, lat 0.564 ms stddev 0.025, 0 failed
progress: 56.0 s, 1778.0 tps, lat 0.562 ms stddev 0.022, 0 failed
progress: 57.0 s, 1774.1 tps, lat 0.563 ms stddev 0.024, 0 failed
progress: 58.0 s, 1775.9 tps, lat 0.563 ms stddev 0.022, 0 failed
progress: 59.0 s, 1787.0 tps, lat 0.559 ms stddev 0.023, 0 failed
progress: 60.0 s, 1782.0 tps, lat 0.561 ms stddev 0.025, 0 failed
transaction type: star-1.sql
scaling factor: 1
query mode: simple
number of clients: 1
number of threads: 1
maximum number of tries: 1
duration: 60 s
number of transactions actually processed: 106101
number of failed transactions: 0 (0.000%)
latency average = 0.565 ms
latency stddev = 0.025 ms
initial connection time = 2.067 ms
tps = 1768.393561 (without initial connection time)
