pgbench (18devel, server 8.4.22)
progress: 1.0 s, 3764.6 tps, lat 16.637 ms stddev 11.192, 0 failed
progress: 2.0 s, 4037.0 tps, lat 15.836 ms stddev 4.837, 0 failed
progress: 3.0 s, 4092.0 tps, lat 15.671 ms stddev 4.810, 0 failed
progress: 4.0 s, 4085.0 tps, lat 15.651 ms stddev 4.579, 0 failed
progress: 5.0 s, 4035.2 tps, lat 15.845 ms stddev 4.577, 0 failed
progress: 6.0 s, 4046.8 tps, lat 15.831 ms stddev 4.586, 0 failed
progress: 7.0 s, 4020.9 tps, lat 15.907 ms stddev 4.816, 0 failed
progress: 8.0 s, 4068.0 tps, lat 15.735 ms stddev 5.082, 0 failed
progress: 9.0 s, 4007.7 tps, lat 15.956 ms stddev 4.635, 0 failed
progress: 10.0 s, 4124.1 tps, lat 15.536 ms stddev 4.524, 0 failed
progress: 11.0 s, 4021.0 tps, lat 15.901 ms stddev 4.622, 0 failed
progress: 12.0 s, 4048.3 tps, lat 15.812 ms stddev 4.764, 0 failed
progress: 13.0 s, 4091.9 tps, lat 15.639 ms stddev 4.679, 0 failed
progress: 14.0 s, 4102.3 tps, lat 15.607 ms stddev 4.548, 0 failed
progress: 15.0 s, 4067.8 tps, lat 15.718 ms stddev 4.264, 0 failed
progress: 16.0 s, 4030.1 tps, lat 15.903 ms stddev 4.590, 0 failed
progress: 17.0 s, 4016.9 tps, lat 15.905 ms stddev 4.379, 0 failed
progress: 18.0 s, 4039.0 tps, lat 15.837 ms stddev 4.359, 0 failed
progress: 19.0 s, 4038.1 tps, lat 15.872 ms stddev 4.624, 0 failed
progress: 20.0 s, 4019.9 tps, lat 15.917 ms stddev 4.706, 0 failed
progress: 21.0 s, 4068.0 tps, lat 15.733 ms stddev 4.649, 0 failed
progress: 22.0 s, 4081.3 tps, lat 15.692 ms stddev 4.654, 0 failed
progress: 23.0 s, 4195.7 tps, lat 15.248 ms stddev 4.966, 0 failed
progress: 24.0 s, 4110.8 tps, lat 15.583 ms stddev 4.714, 0 failed
progress: 25.0 s, 4105.1 tps, lat 15.549 ms stddev 5.060, 0 failed
progress: 26.0 s, 4116.3 tps, lat 15.560 ms stddev 5.040, 0 failed
progress: 27.0 s, 4093.8 tps, lat 15.643 ms stddev 4.639, 0 failed
progress: 28.0 s, 4055.9 tps, lat 15.751 ms stddev 4.765, 0 failed
progress: 29.0 s, 4045.9 tps, lat 15.835 ms stddev 4.865, 0 failed
progress: 30.0 s, 4068.8 tps, lat 15.730 ms stddev 4.568, 0 failed
progress: 31.0 s, 4021.1 tps, lat 15.917 ms stddev 4.728, 0 failed
progress: 32.0 s, 4054.1 tps, lat 15.790 ms stddev 4.606, 0 failed
progress: 33.0 s, 4112.9 tps, lat 15.562 ms stddev 4.520, 0 failed
progress: 34.0 s, 4128.1 tps, lat 15.525 ms stddev 4.383, 0 failed
progress: 35.0 s, 4092.1 tps, lat 15.608 ms stddev 5.064, 0 failed
progress: 36.0 s, 4100.8 tps, lat 15.617 ms stddev 4.527, 0 failed
progress: 37.0 s, 4060.1 tps, lat 15.762 ms stddev 4.624, 0 failed
progress: 38.0 s, 4166.0 tps, lat 15.361 ms stddev 4.443, 0 failed
progress: 39.0 s, 4147.0 tps, lat 15.417 ms stddev 4.565, 0 failed
progress: 40.0 s, 4263.1 tps, lat 15.092 ms stddev 4.829, 0 failed
progress: 41.0 s, 4137.9 tps, lat 15.385 ms stddev 5.108, 0 failed
progress: 42.0 s, 4090.0 tps, lat 15.667 ms stddev 4.889, 0 failed
progress: 43.0 s, 4121.9 tps, lat 15.499 ms stddev 4.631, 0 failed
progress: 44.0 s, 4066.0 tps, lat 15.745 ms stddev 4.414, 0 failed
progress: 45.0 s, 4076.2 tps, lat 15.705 ms stddev 5.095, 0 failed
progress: 46.0 s, 4205.8 tps, lat 15.224 ms stddev 4.694, 0 failed
progress: 47.0 s, 4061.9 tps, lat 15.746 ms stddev 4.583, 0 failed
progress: 48.0 s, 4093.1 tps, lat 15.631 ms stddev 4.620, 0 failed
progress: 49.0 s, 4097.3 tps, lat 15.633 ms stddev 4.353, 0 failed
progress: 50.0 s, 4106.8 tps, lat 15.568 ms stddev 4.551, 0 failed
progress: 51.0 s, 4050.0 tps, lat 15.816 ms stddev 4.681, 0 failed
progress: 52.0 s, 4121.9 tps, lat 15.524 ms stddev 5.054, 0 failed
progress: 53.0 s, 4046.1 tps, lat 15.808 ms stddev 4.429, 0 failed
progress: 54.0 s, 4077.2 tps, lat 15.706 ms stddev 4.692, 0 failed
progress: 55.0 s, 4091.8 tps, lat 15.609 ms stddev 4.361, 0 failed
progress: 56.0 s, 4119.0 tps, lat 15.565 ms stddev 4.652, 0 failed
progress: 57.0 s, 4127.2 tps, lat 15.512 ms stddev 4.579, 0 failed
progress: 58.0 s, 4084.8 tps, lat 15.666 ms stddev 4.836, 0 failed
progress: 59.0 s, 4139.0 tps, lat 15.464 ms stddev 4.917, 0 failed
transaction type: star-1.sql
scaling factor: 1
query mode: simple
number of clients: 64
number of threads: 64
maximum number of tries: 1
duration: 60 s
number of transactions actually processed: 244812
number of failed transactions: 0 (0.000%)
latency average = 15.675 ms
latency stddev = 4.854 ms
initial connection time = 40.814 ms
tps = 4082.474346 (without initial connection time)
