pgbench (18devel, server 15.8)
progress: 1.0 s, 242235.5 tps, lat 0.260 ms stddev 0.392, 0 failed
progress: 2.0 s, 257471.7 tps, lat 0.248 ms stddev 0.063, 0 failed
progress: 3.0 s, 257766.5 tps, lat 0.248 ms stddev 0.060, 0 failed
progress: 4.0 s, 256537.4 tps, lat 0.249 ms stddev 0.066, 0 failed
progress: 5.0 s, 255711.4 tps, lat 0.250 ms stddev 0.073, 0 failed
progress: 6.0 s, 255918.9 tps, lat 0.250 ms stddev 0.069, 0 failed
progress: 7.0 s, 256740.8 tps, lat 0.249 ms stddev 0.066, 0 failed
progress: 8.0 s, 256042.9 tps, lat 0.250 ms stddev 0.070, 0 failed
progress: 9.0 s, 256148.7 tps, lat 0.250 ms stddev 0.070, 0 failed
progress: 10.0 s, 256613.7 tps, lat 0.249 ms stddev 0.066, 0 failed
progress: 11.0 s, 256377.5 tps, lat 0.249 ms stddev 0.069, 0 failed
progress: 12.0 s, 255828.5 tps, lat 0.250 ms stddev 0.071, 0 failed
progress: 13.0 s, 255979.3 tps, lat 0.250 ms stddev 0.070, 0 failed
progress: 14.0 s, 256242.5 tps, lat 0.250 ms stddev 0.064, 0 failed
progress: 15.0 s, 256755.0 tps, lat 0.249 ms stddev 0.063, 0 failed
progress: 16.0 s, 256838.0 tps, lat 0.249 ms stddev 0.064, 0 failed
progress: 17.0 s, 256793.5 tps, lat 0.249 ms stddev 0.064, 0 failed
progress: 18.0 s, 256727.1 tps, lat 0.249 ms stddev 0.067, 0 failed
progress: 19.0 s, 255539.2 tps, lat 0.250 ms stddev 0.074, 0 failed
progress: 20.0 s, 256848.7 tps, lat 0.249 ms stddev 0.066, 0 failed
progress: 21.0 s, 256016.0 tps, lat 0.250 ms stddev 0.068, 0 failed
progress: 22.0 s, 256317.0 tps, lat 0.249 ms stddev 0.070, 0 failed
progress: 23.0 s, 257003.7 tps, lat 0.249 ms stddev 0.062, 0 failed
progress: 24.0 s, 255941.5 tps, lat 0.250 ms stddev 0.071, 0 failed
progress: 25.0 s, 255798.5 tps, lat 0.250 ms stddev 0.074, 0 failed
progress: 26.0 s, 257054.8 tps, lat 0.249 ms stddev 0.065, 0 failed
progress: 27.0 s, 255613.7 tps, lat 0.250 ms stddev 0.076, 0 failed
progress: 28.0 s, 255510.1 tps, lat 0.250 ms stddev 0.071, 0 failed
progress: 29.0 s, 256009.4 tps, lat 0.250 ms stddev 0.070, 0 failed
progress: 30.0 s, 256346.5 tps, lat 0.249 ms stddev 0.070, 0 failed
progress: 31.0 s, 255988.7 tps, lat 0.250 ms stddev 0.070, 0 failed
progress: 32.0 s, 256481.1 tps, lat 0.249 ms stddev 0.068, 0 failed
progress: 33.0 s, 256528.8 tps, lat 0.249 ms stddev 0.064, 0 failed
progress: 34.0 s, 256313.0 tps, lat 0.249 ms stddev 0.070, 0 failed
progress: 35.0 s, 255958.3 tps, lat 0.250 ms stddev 0.073, 0 failed
progress: 36.0 s, 255977.7 tps, lat 0.250 ms stddev 0.068, 0 failed
progress: 37.0 s, 255608.4 tps, lat 0.250 ms stddev 0.075, 0 failed
progress: 38.0 s, 255240.7 tps, lat 0.251 ms stddev 0.076, 0 failed
progress: 39.0 s, 256779.5 tps, lat 0.249 ms stddev 0.064, 0 failed
progress: 40.0 s, 256064.7 tps, lat 0.250 ms stddev 0.070, 0 failed
progress: 41.0 s, 256309.5 tps, lat 0.249 ms stddev 0.067, 0 failed
progress: 42.0 s, 256024.0 tps, lat 0.250 ms stddev 0.073, 0 failed
progress: 43.0 s, 255328.6 tps, lat 0.250 ms stddev 0.080, 0 failed
progress: 44.0 s, 256264.7 tps, lat 0.250 ms stddev 0.072, 0 failed
progress: 45.0 s, 255794.0 tps, lat 0.250 ms stddev 0.073, 0 failed
progress: 46.0 s, 256164.7 tps, lat 0.250 ms stddev 0.071, 0 failed
progress: 47.0 s, 255370.0 tps, lat 0.250 ms stddev 0.077, 0 failed
progress: 48.0 s, 255861.5 tps, lat 0.250 ms stddev 0.072, 0 failed
progress: 49.0 s, 256151.0 tps, lat 0.250 ms stddev 0.068, 0 failed
progress: 50.0 s, 255981.4 tps, lat 0.250 ms stddev 0.072, 0 failed
progress: 51.0 s, 255448.9 tps, lat 0.250 ms stddev 0.073, 0 failed
progress: 52.0 s, 255512.4 tps, lat 0.250 ms stddev 0.075, 0 failed
progress: 53.0 s, 256264.3 tps, lat 0.250 ms stddev 0.070, 0 failed
progress: 54.0 s, 256283.4 tps, lat 0.250 ms stddev 0.073, 0 failed
progress: 55.0 s, 256833.5 tps, lat 0.249 ms stddev 0.063, 0 failed
progress: 56.0 s, 256271.5 tps, lat 0.250 ms stddev 0.069, 0 failed
progress: 57.0 s, 255845.0 tps, lat 0.250 ms stddev 0.073, 0 failed
progress: 58.0 s, 256217.9 tps, lat 0.250 ms stddev 0.070, 0 failed
progress: 59.0 s, 255758.8 tps, lat 0.250 ms stddev 0.072, 0 failed
transaction type: star-1-left.sql
scaling factor: 1
query mode: prepared
number of clients: 64
number of threads: 64
maximum number of tries: 1
duration: 60 s
number of transactions actually processed: 15351406
number of failed transactions: 0 (0.000%)
latency average = 0.250 ms
latency stddev = 0.085 ms
initial connection time = 37.997 ms
tps = 255986.026811 (without initial connection time)
