pgbench (18devel, server 9.5.25)
progress: 1.0 s, 6613.4 tps, lat 2.405 ms stddev 0.290, 0 failed
progress: 2.0 s, 6666.3 tps, lat 2.400 ms stddev 0.119, 0 failed
progress: 3.0 s, 6738.7 tps, lat 2.373 ms stddev 0.073, 0 failed
progress: 4.0 s, 6692.3 tps, lat 2.391 ms stddev 0.093, 0 failed
progress: 5.0 s, 6702.0 tps, lat 2.387 ms stddev 0.092, 0 failed
progress: 6.0 s, 6722.8 tps, lat 2.379 ms stddev 0.116, 0 failed
progress: 7.0 s, 6677.0 tps, lat 2.395 ms stddev 0.076, 0 failed
progress: 8.0 s, 6658.0 tps, lat 2.402 ms stddev 0.078, 0 failed
progress: 9.0 s, 6674.0 tps, lat 2.397 ms stddev 0.071, 0 failed
progress: 10.0 s, 6673.0 tps, lat 2.397 ms stddev 0.065, 0 failed
progress: 11.0 s, 6651.9 tps, lat 2.405 ms stddev 0.078, 0 failed
progress: 12.0 s, 6664.1 tps, lat 2.400 ms stddev 0.107, 0 failed
progress: 13.0 s, 6665.8 tps, lat 2.399 ms stddev 0.077, 0 failed
progress: 14.0 s, 6693.5 tps, lat 2.391 ms stddev 0.076, 0 failed
progress: 15.0 s, 6675.6 tps, lat 2.396 ms stddev 0.085, 0 failed
progress: 16.0 s, 6717.0 tps, lat 2.382 ms stddev 0.105, 0 failed
progress: 17.0 s, 6687.0 tps, lat 2.393 ms stddev 0.051, 0 failed
progress: 18.0 s, 6695.0 tps, lat 2.389 ms stddev 0.113, 0 failed
progress: 19.0 s, 6682.6 tps, lat 2.394 ms stddev 0.073, 0 failed
progress: 20.0 s, 6684.8 tps, lat 2.393 ms stddev 0.093, 0 failed
progress: 21.0 s, 6663.6 tps, lat 2.400 ms stddev 0.104, 0 failed
progress: 22.0 s, 6689.0 tps, lat 2.392 ms stddev 0.077, 0 failed
progress: 23.0 s, 6694.0 tps, lat 2.390 ms stddev 0.094, 0 failed
progress: 24.0 s, 6654.9 tps, lat 2.401 ms stddev 0.113, 0 failed
progress: 25.0 s, 6695.0 tps, lat 2.391 ms stddev 0.081, 0 failed
progress: 26.0 s, 6690.1 tps, lat 2.391 ms stddev 0.099, 0 failed
progress: 27.0 s, 6677.9 tps, lat 2.396 ms stddev 0.079, 0 failed
progress: 28.0 s, 6706.0 tps, lat 2.385 ms stddev 0.082, 0 failed
progress: 29.0 s, 6676.0 tps, lat 2.396 ms stddev 0.093, 0 failed
progress: 30.0 s, 6680.0 tps, lat 2.394 ms stddev 0.071, 0 failed
progress: 31.0 s, 6708.0 tps, lat 2.385 ms stddev 0.080, 0 failed
progress: 32.0 s, 6653.9 tps, lat 2.403 ms stddev 0.096, 0 failed
progress: 33.0 s, 6703.1 tps, lat 2.388 ms stddev 0.081, 0 failed
progress: 34.0 s, 6670.0 tps, lat 2.398 ms stddev 0.103, 0 failed
progress: 35.0 s, 6682.3 tps, lat 2.394 ms stddev 0.087, 0 failed
progress: 36.0 s, 6676.7 tps, lat 2.397 ms stddev 0.090, 0 failed
progress: 37.0 s, 6683.0 tps, lat 2.393 ms stddev 0.078, 0 failed
progress: 38.0 s, 6673.0 tps, lat 2.396 ms stddev 0.095, 0 failed
progress: 39.0 s, 6684.1 tps, lat 2.395 ms stddev 0.085, 0 failed
progress: 40.0 s, 6720.0 tps, lat 2.381 ms stddev 0.091, 0 failed
progress: 41.0 s, 6690.2 tps, lat 2.390 ms stddev 0.079, 0 failed
progress: 42.0 s, 6663.8 tps, lat 2.401 ms stddev 0.067, 0 failed
progress: 43.0 s, 6686.0 tps, lat 2.392 ms stddev 0.067, 0 failed
progress: 44.0 s, 6659.2 tps, lat 2.402 ms stddev 0.104, 0 failed
progress: 45.0 s, 6704.7 tps, lat 2.386 ms stddev 0.086, 0 failed
progress: 46.0 s, 6696.0 tps, lat 2.389 ms stddev 0.091, 0 failed
progress: 47.0 s, 6684.9 tps, lat 2.394 ms stddev 0.095, 0 failed
progress: 48.0 s, 6708.0 tps, lat 2.384 ms stddev 0.083, 0 failed
progress: 49.0 s, 6675.1 tps, lat 2.397 ms stddev 0.096, 0 failed
progress: 50.0 s, 6728.9 tps, lat 2.377 ms stddev 0.088, 0 failed
progress: 51.0 s, 6720.0 tps, lat 2.379 ms stddev 0.131, 0 failed
progress: 52.0 s, 6685.1 tps, lat 2.394 ms stddev 0.090, 0 failed
progress: 53.0 s, 6671.0 tps, lat 2.398 ms stddev 0.115, 0 failed
progress: 54.0 s, 6666.0 tps, lat 2.400 ms stddev 0.072, 0 failed
progress: 55.0 s, 6673.0 tps, lat 2.397 ms stddev 0.099, 0 failed
progress: 56.0 s, 6698.0 tps, lat 2.388 ms stddev 0.088, 0 failed
progress: 57.0 s, 6728.0 tps, lat 2.378 ms stddev 0.075, 0 failed
progress: 58.0 s, 6701.2 tps, lat 2.388 ms stddev 0.098, 0 failed
progress: 59.0 s, 6691.8 tps, lat 2.391 ms stddev 0.094, 0 failed
transaction type: star-1-left.sql
scaling factor: 1
query mode: simple
number of clients: 16
number of threads: 16
maximum number of tries: 1
duration: 60 s
number of transactions actually processed: 401109
number of failed transactions: 0 (0.000%)
latency average = 2.393 ms
latency stddev = 0.097 ms
initial connection time = 10.901 ms
tps = 6686.076690 (without initial connection time)
