pgbench (18devel)
progress: 1.0 s, 878.9 tps, lat 17.969 ms stddev 0.994, 0 failed
progress: 2.0 s, 902.0 tps, lat 17.667 ms stddev 0.404, 0 failed
progress: 3.0 s, 910.0 tps, lat 17.635 ms stddev 1.136, 0 failed
progress: 4.0 s, 913.0 tps, lat 17.589 ms stddev 0.248, 0 failed
progress: 5.0 s, 910.0 tps, lat 17.521 ms stddev 0.129, 0 failed
progress: 6.0 s, 912.0 tps, lat 17.514 ms stddev 0.129, 0 failed
progress: 7.0 s, 916.1 tps, lat 17.525 ms stddev 0.146, 0 failed
progress: 8.0 s, 908.9 tps, lat 17.574 ms stddev 0.118, 0 failed
progress: 9.0 s, 910.0 tps, lat 17.591 ms stddev 0.103, 0 failed
progress: 10.0 s, 904.0 tps, lat 17.589 ms stddev 0.079, 0 failed
progress: 11.0 s, 913.0 tps, lat 17.572 ms stddev 0.062, 0 failed
progress: 12.0 s, 912.0 tps, lat 17.570 ms stddev 0.053, 0 failed
progress: 13.0 s, 913.0 tps, lat 17.579 ms stddev 0.117, 0 failed
progress: 14.0 s, 911.0 tps, lat 17.554 ms stddev 0.062, 0 failed
progress: 15.0 s, 903.0 tps, lat 17.577 ms stddev 0.066, 0 failed
progress: 16.0 s, 915.0 tps, lat 17.554 ms stddev 0.084, 0 failed
progress: 17.0 s, 912.0 tps, lat 17.540 ms stddev 0.054, 0 failed
progress: 18.0 s, 913.0 tps, lat 17.536 ms stddev 0.081, 0 failed
progress: 19.0 s, 912.0 tps, lat 17.528 ms stddev 0.111, 0 failed
progress: 20.0 s, 918.0 tps, lat 17.508 ms stddev 0.084, 0 failed
progress: 21.0 s, 913.0 tps, lat 17.519 ms stddev 0.072, 0 failed
progress: 22.0 s, 902.0 tps, lat 17.573 ms stddev 0.089, 0 failed
progress: 23.0 s, 916.0 tps, lat 17.555 ms stddev 0.067, 0 failed
progress: 24.0 s, 913.0 tps, lat 17.556 ms stddev 0.133, 0 failed
progress: 25.0 s, 911.0 tps, lat 17.599 ms stddev 0.177, 0 failed
progress: 26.0 s, 912.0 tps, lat 17.583 ms stddev 0.107, 0 failed
progress: 27.0 s, 905.0 tps, lat 17.555 ms stddev 0.076, 0 failed
progress: 28.0 s, 912.0 tps, lat 17.566 ms stddev 0.114, 0 failed
progress: 29.0 s, 910.0 tps, lat 17.566 ms stddev 0.109, 0 failed
progress: 30.0 s, 911.0 tps, lat 17.588 ms stddev 0.101, 0 failed
progress: 31.0 s, 912.0 tps, lat 17.594 ms stddev 0.120, 0 failed
progress: 32.0 s, 908.0 tps, lat 17.589 ms stddev 0.129, 0 failed
progress: 33.0 s, 906.0 tps, lat 17.600 ms stddev 0.129, 0 failed
progress: 34.0 s, 913.0 tps, lat 17.591 ms stddev 0.112, 0 failed
progress: 35.0 s, 912.0 tps, lat 17.601 ms stddev 0.112, 0 failed
progress: 36.0 s, 903.0 tps, lat 17.607 ms stddev 0.119, 0 failed
progress: 37.0 s, 912.0 tps, lat 17.617 ms stddev 0.136, 0 failed
progress: 38.0 s, 908.1 tps, lat 17.602 ms stddev 0.101, 0 failed
progress: 39.0 s, 904.9 tps, lat 17.612 ms stddev 0.114, 0 failed
progress: 40.0 s, 909.0 tps, lat 17.615 ms stddev 0.102, 0 failed
progress: 41.0 s, 911.0 tps, lat 17.612 ms stddev 0.092, 0 failed
progress: 42.0 s, 907.0 tps, lat 17.634 ms stddev 0.099, 0 failed
progress: 43.0 s, 908.0 tps, lat 17.625 ms stddev 0.115, 0 failed
progress: 44.0 s, 907.0 tps, lat 17.624 ms stddev 0.105, 0 failed
progress: 45.0 s, 909.0 tps, lat 17.609 ms stddev 0.098, 0 failed
progress: 46.0 s, 906.0 tps, lat 17.612 ms stddev 0.092, 0 failed
progress: 47.0 s, 909.0 tps, lat 17.603 ms stddev 0.089, 0 failed
progress: 48.0 s, 913.0 tps, lat 17.588 ms stddev 0.096, 0 failed
progress: 49.0 s, 907.0 tps, lat 17.603 ms stddev 0.107, 0 failed
progress: 50.0 s, 909.0 tps, lat 17.614 ms stddev 0.102, 0 failed
progress: 51.0 s, 911.0 tps, lat 17.607 ms stddev 0.091, 0 failed
progress: 52.0 s, 905.0 tps, lat 17.604 ms stddev 0.108, 0 failed
progress: 53.0 s, 910.0 tps, lat 17.587 ms stddev 0.102, 0 failed
progress: 54.0 s, 913.0 tps, lat 17.569 ms stddev 0.075, 0 failed
progress: 55.0 s, 906.0 tps, lat 17.620 ms stddev 0.120, 0 failed
progress: 56.0 s, 909.0 tps, lat 17.617 ms stddev 0.117, 0 failed
progress: 57.0 s, 910.0 tps, lat 17.629 ms stddev 0.107, 0 failed
progress: 58.0 s, 905.0 tps, lat 17.624 ms stddev 0.116, 0 failed
progress: 59.0 s, 911.0 tps, lat 17.619 ms stddev 0.090, 0 failed
progress: 60.0 s, 903.0 tps, lat 17.595 ms stddev 0.096, 0 failed
transaction type: star-1.sql
scaling factor: 1
query mode: simple
number of clients: 16
number of threads: 16
maximum number of tries: 1
duration: 60 s
number of transactions actually processed: 54562
number of failed transactions: 0 (0.000%)
latency average = 17.593 ms
latency stddev = 0.234 ms
initial connection time = 11.934 ms
tps = 909.297015 (without initial connection time)
