pgbench (18devel)
progress: 1.0 s, 1845.4 tps, lat 121.580 ms stddev 95.341, 0 failed
progress: 2.0 s, 2090.1 tps, lat 121.238 ms stddev 39.530, 0 failed
progress: 3.0 s, 2101.8 tps, lat 122.579 ms stddev 39.674, 0 failed
progress: 4.0 s, 2090.1 tps, lat 121.978 ms stddev 27.750, 0 failed
progress: 5.0 s, 2118.2 tps, lat 121.685 ms stddev 36.945, 0 failed
progress: 6.0 s, 2104.9 tps, lat 121.076 ms stddev 31.882, 0 failed
progress: 7.0 s, 2115.0 tps, lat 121.219 ms stddev 26.735, 0 failed
progress: 8.0 s, 2114.3 tps, lat 121.400 ms stddev 22.523, 0 failed
progress: 9.0 s, 2111.6 tps, lat 121.169 ms stddev 26.749, 0 failed
progress: 10.0 s, 2112.9 tps, lat 121.345 ms stddev 23.215, 0 failed
progress: 11.0 s, 2113.2 tps, lat 121.251 ms stddev 21.482, 0 failed
progress: 12.0 s, 2118.1 tps, lat 121.225 ms stddev 26.374, 0 failed
progress: 13.0 s, 2105.0 tps, lat 121.076 ms stddev 27.270, 0 failed
progress: 14.0 s, 2102.0 tps, lat 121.274 ms stddev 24.410, 0 failed
progress: 15.0 s, 2128.0 tps, lat 121.240 ms stddev 27.453, 0 failed
progress: 16.0 s, 2110.8 tps, lat 121.307 ms stddev 24.140, 0 failed
progress: 17.0 s, 2094.9 tps, lat 121.309 ms stddev 22.042, 0 failed
progress: 18.0 s, 2114.4 tps, lat 121.240 ms stddev 24.765, 0 failed
progress: 19.0 s, 2112.1 tps, lat 121.211 ms stddev 23.929, 0 failed
progress: 20.0 s, 2123.7 tps, lat 121.263 ms stddev 23.265, 0 failed
progress: 21.0 s, 2103.2 tps, lat 121.140 ms stddev 26.815, 0 failed
progress: 22.0 s, 2108.0 tps, lat 121.498 ms stddev 23.350, 0 failed
progress: 23.0 s, 2116.9 tps, lat 121.274 ms stddev 22.246, 0 failed
progress: 24.0 s, 2112.8 tps, lat 121.071 ms stddev 24.419, 0 failed
progress: 25.0 s, 2108.2 tps, lat 121.345 ms stddev 24.157, 0 failed
progress: 26.0 s, 2119.7 tps, lat 121.315 ms stddev 23.220, 0 failed
progress: 27.0 s, 2101.0 tps, lat 121.227 ms stddev 25.995, 0 failed
progress: 28.0 s, 2108.1 tps, lat 121.311 ms stddev 22.483, 0 failed
progress: 29.0 s, 2116.9 tps, lat 121.374 ms stddev 19.953, 0 failed
progress: 30.0 s, 2101.0 tps, lat 121.295 ms stddev 23.452, 0 failed
progress: 31.0 s, 2107.9 tps, lat 121.181 ms stddev 22.264, 0 failed
progress: 32.0 s, 2109.5 tps, lat 121.356 ms stddev 21.308, 0 failed
progress: 33.0 s, 2106.5 tps, lat 121.235 ms stddev 25.745, 0 failed
progress: 34.0 s, 2120.1 tps, lat 121.283 ms stddev 24.747, 0 failed
progress: 35.0 s, 2107.1 tps, lat 121.274 ms stddev 23.760, 0 failed
progress: 36.0 s, 2121.8 tps, lat 121.313 ms stddev 24.377, 0 failed
progress: 37.0 s, 2103.0 tps, lat 121.419 ms stddev 21.931, 0 failed
progress: 38.0 s, 2112.0 tps, lat 121.187 ms stddev 21.113, 0 failed
progress: 39.0 s, 2103.0 tps, lat 121.187 ms stddev 24.786, 0 failed
progress: 40.0 s, 2116.7 tps, lat 121.186 ms stddev 25.740, 0 failed
progress: 41.0 s, 2115.3 tps, lat 121.391 ms stddev 23.675, 0 failed
progress: 42.0 s, 2119.1 tps, lat 121.232 ms stddev 23.999, 0 failed
progress: 43.0 s, 2109.0 tps, lat 121.287 ms stddev 22.649, 0 failed
progress: 44.0 s, 2107.4 tps, lat 121.270 ms stddev 21.968, 0 failed
progress: 45.0 s, 2109.8 tps, lat 121.091 ms stddev 26.435, 0 failed
progress: 46.0 s, 2110.8 tps, lat 121.177 ms stddev 25.542, 0 failed
progress: 47.0 s, 2109.0 tps, lat 121.241 ms stddev 25.040, 0 failed
progress: 48.0 s, 2117.2 tps, lat 121.347 ms stddev 25.869, 0 failed
progress: 49.0 s, 2112.0 tps, lat 121.170 ms stddev 24.263, 0 failed
progress: 50.0 s, 2120.0 tps, lat 121.142 ms stddev 23.850, 0 failed
progress: 51.0 s, 2098.0 tps, lat 120.968 ms stddev 24.046, 0 failed
progress: 52.0 s, 2117.7 tps, lat 121.533 ms stddev 25.131, 0 failed
progress: 53.0 s, 2109.2 tps, lat 121.272 ms stddev 22.621, 0 failed
progress: 54.0 s, 2112.0 tps, lat 121.162 ms stddev 21.879, 0 failed
progress: 55.0 s, 2118.9 tps, lat 121.286 ms stddev 24.205, 0 failed
progress: 56.0 s, 2110.1 tps, lat 121.319 ms stddev 20.155, 0 failed
progress: 57.0 s, 2107.0 tps, lat 121.183 ms stddev 19.958, 0 failed
progress: 58.0 s, 2102.0 tps, lat 121.481 ms stddev 21.612, 0 failed
progress: 59.0 s, 2110.0 tps, lat 121.100 ms stddev 19.864, 0 failed
transaction type: star-1.sql
scaling factor: 1
query mode: simple
number of clients: 256
number of threads: 256
maximum number of tries: 1
duration: 60 s
number of transactions actually processed: 126400
number of failed transactions: 0 (0.000%)
latency average = 121.275 ms
latency stddev = 27.364 ms
initial connection time = 163.001 ms
tps = 2109.501415 (without initial connection time)
