pgbench (18devel, server 11.22)
progress: 1.0 s, 63330.2 tps, lat 1.965 ms stddev 2.773, 0 failed
progress: 2.0 s, 68051.3 tps, lat 1.882 ms stddev 1.951, 0 failed
progress: 3.0 s, 68702.6 tps, lat 1.863 ms stddev 1.934, 0 failed
progress: 4.0 s, 68616.3 tps, lat 1.864 ms stddev 1.927, 0 failed
progress: 5.0 s, 67681.1 tps, lat 1.892 ms stddev 1.989, 0 failed
progress: 6.0 s, 67718.7 tps, lat 1.890 ms stddev 1.986, 0 failed
progress: 7.0 s, 68198.8 tps, lat 1.876 ms stddev 1.960, 0 failed
progress: 8.0 s, 68412.1 tps, lat 1.871 ms stddev 1.947, 0 failed
progress: 9.0 s, 68454.1 tps, lat 1.869 ms stddev 1.949, 0 failed
progress: 10.0 s, 68420.1 tps, lat 1.871 ms stddev 1.954, 0 failed
progress: 11.0 s, 68154.9 tps, lat 1.877 ms stddev 1.970, 0 failed
progress: 12.0 s, 68819.9 tps, lat 1.860 ms stddev 1.937, 0 failed
progress: 13.0 s, 68070.3 tps, lat 1.881 ms stddev 1.961, 0 failed
progress: 14.0 s, 68026.8 tps, lat 1.881 ms stddev 1.970, 0 failed
progress: 15.0 s, 68054.0 tps, lat 1.881 ms stddev 1.969, 0 failed
progress: 16.0 s, 68833.1 tps, lat 1.859 ms stddev 1.921, 0 failed
progress: 17.0 s, 68243.8 tps, lat 1.876 ms stddev 1.978, 0 failed
progress: 18.0 s, 68171.1 tps, lat 1.877 ms stddev 1.979, 0 failed
progress: 19.0 s, 68330.8 tps, lat 1.873 ms stddev 1.962, 0 failed
progress: 20.0 s, 69213.1 tps, lat 1.850 ms stddev 1.919, 0 failed
progress: 21.0 s, 67664.3 tps, lat 1.890 ms stddev 1.974, 0 failed
progress: 22.0 s, 68462.9 tps, lat 1.870 ms stddev 1.966, 0 failed
progress: 23.0 s, 68110.7 tps, lat 1.879 ms stddev 1.968, 0 failed
progress: 24.0 s, 69066.3 tps, lat 1.853 ms stddev 1.927, 0 failed
progress: 25.0 s, 68555.0 tps, lat 1.867 ms stddev 1.959, 0 failed
progress: 26.0 s, 68300.0 tps, lat 1.873 ms stddev 1.967, 0 failed
progress: 27.0 s, 68566.9 tps, lat 1.867 ms stddev 1.959, 0 failed
progress: 28.0 s, 68917.9 tps, lat 1.857 ms stddev 1.944, 0 failed
progress: 29.0 s, 68010.9 tps, lat 1.882 ms stddev 1.982, 0 failed
progress: 30.0 s, 68246.2 tps, lat 1.875 ms stddev 1.971, 0 failed
progress: 31.0 s, 68497.1 tps, lat 1.868 ms stddev 1.961, 0 failed
progress: 32.0 s, 68698.0 tps, lat 1.863 ms stddev 1.940, 0 failed
progress: 33.0 s, 67362.9 tps, lat 1.899 ms stddev 2.013, 0 failed
progress: 34.0 s, 68433.0 tps, lat 1.870 ms stddev 1.953, 0 failed
progress: 35.0 s, 68069.5 tps, lat 1.881 ms stddev 1.978, 0 failed
progress: 36.0 s, 68774.6 tps, lat 1.860 ms stddev 1.935, 0 failed
progress: 37.0 s, 67814.1 tps, lat 1.887 ms stddev 1.984, 0 failed
progress: 38.0 s, 68350.9 tps, lat 1.872 ms stddev 1.966, 0 failed
progress: 39.0 s, 68140.1 tps, lat 1.880 ms stddev 1.977, 0 failed
progress: 40.0 s, 68512.0 tps, lat 1.867 ms stddev 1.936, 0 failed
progress: 41.0 s, 68277.0 tps, lat 1.875 ms stddev 1.976, 0 failed
progress: 42.0 s, 68070.8 tps, lat 1.880 ms stddev 1.981, 0 failed
progress: 43.0 s, 67976.2 tps, lat 1.883 ms stddev 1.989, 0 failed
progress: 44.0 s, 69319.8 tps, lat 1.846 ms stddev 1.924, 0 failed
progress: 45.0 s, 68259.9 tps, lat 1.874 ms stddev 1.967, 0 failed
progress: 46.0 s, 68195.1 tps, lat 1.878 ms stddev 1.988, 0 failed
progress: 47.0 s, 68235.2 tps, lat 1.876 ms stddev 1.966, 0 failed
progress: 48.0 s, 68784.1 tps, lat 1.859 ms stddev 1.936, 0 failed
progress: 49.0 s, 68612.8 tps, lat 1.865 ms stddev 1.956, 0 failed
progress: 50.0 s, 68023.9 tps, lat 1.880 ms stddev 1.983, 0 failed
progress: 51.0 s, 68509.8 tps, lat 1.869 ms stddev 1.964, 0 failed
progress: 52.0 s, 69034.2 tps, lat 1.854 ms stddev 1.942, 0 failed
progress: 53.0 s, 68129.2 tps, lat 1.878 ms stddev 1.982, 0 failed
progress: 54.0 s, 68444.5 tps, lat 1.870 ms stddev 1.961, 0 failed
progress: 55.0 s, 68614.6 tps, lat 1.866 ms stddev 1.953, 0 failed
progress: 56.0 s, 68618.0 tps, lat 1.865 ms stddev 1.945, 0 failed
progress: 57.0 s, 68196.9 tps, lat 1.877 ms stddev 1.993, 0 failed
progress: 58.0 s, 68022.1 tps, lat 1.881 ms stddev 1.988, 0 failed
progress: 59.0 s, 68092.7 tps, lat 1.880 ms stddev 1.977, 0 failed
transaction type: star-1.sql
scaling factor: 1
query mode: prepared
number of clients: 128
number of threads: 128
maximum number of tries: 1
duration: 60 s
number of transactions actually processed: 4093507
number of failed transactions: 0 (0.000%)
latency average = 1.874 ms
latency stddev = 1.977 ms
initial connection time = 75.837 ms
tps = 68281.423805 (without initial connection time)
