pgbench (18devel, server 11.22)
progress: 1.0 s, 45312.9 tps, lat 5.342 ms stddev 8.789, 0 failed
progress: 2.0 s, 52887.7 tps, lat 4.841 ms stddev 5.073, 0 failed
progress: 3.0 s, 53117.8 tps, lat 4.820 ms stddev 5.065, 0 failed
progress: 4.0 s, 53265.1 tps, lat 4.805 ms stddev 5.021, 0 failed
progress: 5.0 s, 53170.9 tps, lat 4.814 ms stddev 5.030, 0 failed
progress: 6.0 s, 52558.1 tps, lat 4.870 ms stddev 5.122, 0 failed
progress: 7.0 s, 53296.0 tps, lat 4.802 ms stddev 5.062, 0 failed
progress: 8.0 s, 52963.1 tps, lat 4.836 ms stddev 5.013, 0 failed
progress: 9.0 s, 53099.8 tps, lat 4.818 ms stddev 5.085, 0 failed
progress: 10.0 s, 52811.9 tps, lat 4.848 ms stddev 5.073, 0 failed
progress: 11.0 s, 53086.0 tps, lat 4.824 ms stddev 5.054, 0 failed
progress: 12.0 s, 53264.1 tps, lat 4.806 ms stddev 5.014, 0 failed
progress: 13.0 s, 53196.9 tps, lat 4.812 ms stddev 5.073, 0 failed
progress: 14.0 s, 53029.8 tps, lat 4.827 ms stddev 5.085, 0 failed
progress: 15.0 s, 53116.4 tps, lat 4.820 ms stddev 5.051, 0 failed
progress: 16.0 s, 53365.0 tps, lat 4.795 ms stddev 5.052, 0 failed
progress: 17.0 s, 52886.7 tps, lat 4.842 ms stddev 5.124, 0 failed
progress: 18.0 s, 53205.8 tps, lat 4.808 ms stddev 5.054, 0 failed
progress: 19.0 s, 52983.3 tps, lat 4.833 ms stddev 5.094, 0 failed
progress: 20.0 s, 53436.1 tps, lat 4.791 ms stddev 5.024, 0 failed
progress: 21.0 s, 53038.6 tps, lat 4.826 ms stddev 5.085, 0 failed
progress: 22.0 s, 52871.2 tps, lat 4.840 ms stddev 5.106, 0 failed
progress: 23.0 s, 52612.2 tps, lat 4.864 ms stddev 5.088, 0 failed
progress: 24.0 s, 53245.9 tps, lat 4.810 ms stddev 5.031, 0 failed
progress: 25.0 s, 53275.1 tps, lat 4.804 ms stddev 5.054, 0 failed
progress: 26.0 s, 53200.6 tps, lat 4.813 ms stddev 5.102, 0 failed
progress: 27.0 s, 53389.4 tps, lat 4.794 ms stddev 5.034, 0 failed
progress: 28.0 s, 53284.1 tps, lat 4.804 ms stddev 5.077, 0 failed
progress: 29.0 s, 52712.8 tps, lat 4.857 ms stddev 5.161, 0 failed
progress: 30.0 s, 53131.1 tps, lat 4.818 ms stddev 5.065, 0 failed
progress: 31.0 s, 53181.8 tps, lat 4.811 ms stddev 5.112, 0 failed
progress: 32.0 s, 53686.4 tps, lat 4.769 ms stddev 5.017, 0 failed
progress: 33.0 s, 53403.7 tps, lat 4.793 ms stddev 5.072, 0 failed
progress: 34.0 s, 52736.2 tps, lat 4.857 ms stddev 5.124, 0 failed
progress: 35.0 s, 52844.8 tps, lat 4.840 ms stddev 5.115, 0 failed
progress: 36.0 s, 53338.1 tps, lat 4.807 ms stddev 5.035, 0 failed
progress: 37.0 s, 53412.1 tps, lat 4.787 ms stddev 5.009, 0 failed
progress: 38.0 s, 53249.8 tps, lat 4.807 ms stddev 5.102, 0 failed
progress: 39.0 s, 53267.1 tps, lat 4.808 ms stddev 5.077, 0 failed
progress: 40.0 s, 53444.9 tps, lat 4.787 ms stddev 5.050, 0 failed
progress: 41.0 s, 52993.1 tps, lat 4.830 ms stddev 5.128, 0 failed
progress: 42.0 s, 52896.8 tps, lat 4.837 ms stddev 5.113, 0 failed
progress: 43.0 s, 53383.4 tps, lat 4.801 ms stddev 5.072, 0 failed
progress: 44.0 s, 53193.9 tps, lat 4.811 ms stddev 5.073, 0 failed
progress: 45.0 s, 52790.8 tps, lat 4.851 ms stddev 5.110, 0 failed
progress: 46.0 s, 52948.7 tps, lat 4.834 ms stddev 5.116, 0 failed
progress: 47.0 s, 53112.3 tps, lat 4.821 ms stddev 5.086, 0 failed
progress: 48.0 s, 53608.1 tps, lat 4.772 ms stddev 5.005, 0 failed
progress: 49.0 s, 53117.7 tps, lat 4.819 ms stddev 5.103, 0 failed
progress: 50.0 s, 53384.3 tps, lat 4.795 ms stddev 5.037, 0 failed
progress: 51.0 s, 53180.9 tps, lat 4.816 ms stddev 5.107, 0 failed
progress: 52.0 s, 53227.9 tps, lat 4.808 ms stddev 5.038, 0 failed
progress: 53.0 s, 53193.8 tps, lat 4.810 ms stddev 5.087, 0 failed
progress: 54.0 s, 53175.2 tps, lat 4.815 ms stddev 5.059, 0 failed
progress: 55.0 s, 53137.9 tps, lat 4.819 ms stddev 5.116, 0 failed
progress: 56.0 s, 53375.1 tps, lat 4.795 ms stddev 5.045, 0 failed
progress: 57.0 s, 52847.0 tps, lat 4.842 ms stddev 5.114, 0 failed
progress: 58.0 s, 53115.8 tps, lat 4.819 ms stddev 5.112, 0 failed
progress: 59.0 s, 52931.4 tps, lat 4.836 ms stddev 5.101, 0 failed
transaction type: star-1.sql
scaling factor: 1
query mode: prepared
number of clients: 256
number of threads: 256
maximum number of tries: 1
duration: 60 s
number of transactions actually processed: 3175404
number of failed transactions: 0 (0.000%)
latency average = 4.827 ms
latency stddev = 5.152 ms
initial connection time = 147.904 ms
tps = 53004.233222 (without initial connection time)
