pgbench (18devel, server 11.22)
progress: 1.0 s, 74542.5 tps, lat 0.845 ms stddev 0.996, 0 failed
progress: 2.0 s, 77883.2 tps, lat 0.822 ms stddev 0.791, 0 failed
progress: 3.0 s, 78512.5 tps, lat 0.815 ms stddev 0.781, 0 failed
progress: 4.0 s, 79351.4 tps, lat 0.806 ms stddev 0.760, 0 failed
progress: 5.0 s, 78004.2 tps, lat 0.820 ms stddev 0.792, 0 failed
progress: 6.0 s, 77515.8 tps, lat 0.826 ms stddev 0.798, 0 failed
progress: 7.0 s, 77788.8 tps, lat 0.822 ms stddev 0.796, 0 failed
progress: 8.0 s, 79228.8 tps, lat 0.808 ms stddev 0.772, 0 failed
progress: 9.0 s, 78077.4 tps, lat 0.819 ms stddev 0.788, 0 failed
progress: 10.0 s, 77780.2 tps, lat 0.823 ms stddev 0.797, 0 failed
progress: 11.0 s, 77907.8 tps, lat 0.821 ms stddev 0.793, 0 failed
progress: 12.0 s, 79210.2 tps, lat 0.808 ms stddev 0.770, 0 failed
progress: 13.0 s, 77697.7 tps, lat 0.824 ms stddev 0.801, 0 failed
progress: 14.0 s, 77946.1 tps, lat 0.821 ms stddev 0.795, 0 failed
progress: 15.0 s, 78052.1 tps, lat 0.820 ms stddev 0.793, 0 failed
progress: 16.0 s, 79185.8 tps, lat 0.808 ms stddev 0.774, 0 failed
progress: 17.0 s, 77868.0 tps, lat 0.822 ms stddev 0.797, 0 failed
progress: 18.0 s, 77549.6 tps, lat 0.824 ms stddev 0.802, 0 failed
progress: 19.0 s, 78142.7 tps, lat 0.819 ms stddev 0.790, 0 failed
progress: 20.0 s, 79257.1 tps, lat 0.807 ms stddev 0.772, 0 failed
progress: 21.0 s, 78050.0 tps, lat 0.820 ms stddev 0.796, 0 failed
progress: 22.0 s, 77524.9 tps, lat 0.825 ms stddev 0.802, 0 failed
progress: 23.0 s, 77746.8 tps, lat 0.823 ms stddev 0.794, 0 failed
progress: 24.0 s, 79231.2 tps, lat 0.808 ms stddev 0.770, 0 failed
progress: 25.0 s, 77475.8 tps, lat 0.825 ms stddev 0.800, 0 failed
progress: 26.0 s, 77869.9 tps, lat 0.822 ms stddev 0.800, 0 failed
progress: 27.0 s, 78748.4 tps, lat 0.813 ms stddev 0.779, 0 failed
progress: 28.0 s, 79868.8 tps, lat 0.801 ms stddev 0.761, 0 failed
progress: 29.0 s, 78083.2 tps, lat 0.819 ms stddev 0.792, 0 failed
progress: 30.0 s, 77862.8 tps, lat 0.822 ms stddev 0.801, 0 failed
progress: 31.0 s, 78109.2 tps, lat 0.819 ms stddev 0.791, 0 failed
progress: 32.0 s, 79474.9 tps, lat 0.805 ms stddev 0.769, 0 failed
progress: 33.0 s, 77660.5 tps, lat 0.824 ms stddev 0.800, 0 failed
progress: 34.0 s, 76909.5 tps, lat 0.832 ms stddev 0.810, 0 failed
progress: 35.0 s, 77850.9 tps, lat 0.822 ms stddev 0.794, 0 failed
progress: 36.0 s, 79433.0 tps, lat 0.805 ms stddev 0.769, 0 failed
progress: 37.0 s, 77893.1 tps, lat 0.821 ms stddev 0.797, 0 failed
progress: 38.0 s, 77587.8 tps, lat 0.825 ms stddev 0.798, 0 failed
progress: 39.0 s, 78373.2 tps, lat 0.816 ms stddev 0.787, 0 failed
progress: 40.0 s, 79790.8 tps, lat 0.801 ms stddev 0.762, 0 failed
progress: 41.0 s, 78166.0 tps, lat 0.819 ms stddev 0.792, 0 failed
progress: 42.0 s, 78019.0 tps, lat 0.820 ms stddev 0.792, 0 failed
progress: 43.0 s, 77168.0 tps, lat 0.829 ms stddev 0.808, 0 failed
progress: 44.0 s, 79512.2 tps, lat 0.805 ms stddev 0.767, 0 failed
progress: 45.0 s, 77247.8 tps, lat 0.828 ms stddev 0.802, 0 failed
progress: 46.0 s, 78136.2 tps, lat 0.819 ms stddev 0.795, 0 failed
progress: 47.0 s, 78189.1 tps, lat 0.818 ms stddev 0.792, 0 failed
progress: 48.0 s, 79394.5 tps, lat 0.806 ms stddev 0.771, 0 failed
progress: 49.0 s, 77249.2 tps, lat 0.828 ms stddev 0.803, 0 failed
progress: 50.0 s, 77369.1 tps, lat 0.827 ms stddev 0.803, 0 failed
progress: 51.0 s, 77773.1 tps, lat 0.823 ms stddev 0.795, 0 failed
progress: 52.0 s, 79209.9 tps, lat 0.808 ms stddev 0.773, 0 failed
progress: 53.0 s, 77255.9 tps, lat 0.828 ms stddev 0.810, 0 failed
progress: 54.0 s, 78232.2 tps, lat 0.818 ms stddev 0.789, 0 failed
progress: 55.0 s, 78028.8 tps, lat 0.820 ms stddev 0.791, 0 failed
progress: 56.0 s, 79437.3 tps, lat 0.805 ms stddev 0.768, 0 failed
progress: 57.0 s, 77792.6 tps, lat 0.822 ms stddev 0.800, 0 failed
progress: 58.0 s, 77797.1 tps, lat 0.822 ms stddev 0.801, 0 failed
progress: 59.0 s, 78202.1 tps, lat 0.818 ms stddev 0.794, 0 failed
transaction type: star-1.sql
scaling factor: 1
query mode: prepared
number of clients: 64
number of threads: 64
maximum number of tries: 1
duration: 60 s
number of transactions actually processed: 4689442
number of failed transactions: 0 (0.000%)
latency average = 0.818 ms
latency stddev = 0.792 ms
initial connection time = 39.792 ms
tps = 78206.486858 (without initial connection time)
