pgbench (18devel, server 17.0)
progress: 1.0 s, 16080.9 tps, lat 7.674 ms stddev 5.514, 0 failed
progress: 2.0 s, 17121.0 tps, lat 7.471 ms stddev 4.528, 0 failed
progress: 3.0 s, 16810.4 tps, lat 7.610 ms stddev 4.535, 0 failed
progress: 4.0 s, 16696.4 tps, lat 7.663 ms stddev 4.709, 0 failed
progress: 5.0 s, 16556.0 tps, lat 7.736 ms stddev 4.867, 0 failed
progress: 6.0 s, 16685.2 tps, lat 7.669 ms stddev 5.235, 0 failed
progress: 7.0 s, 16628.9 tps, lat 7.684 ms stddev 5.148, 0 failed
progress: 8.0 s, 16678.1 tps, lat 7.684 ms stddev 5.300, 0 failed
progress: 9.0 s, 16721.9 tps, lat 7.659 ms stddev 5.325, 0 failed
progress: 10.0 s, 16700.2 tps, lat 7.661 ms stddev 5.339, 0 failed
progress: 11.0 s, 16719.6 tps, lat 7.654 ms stddev 5.173, 0 failed
progress: 12.0 s, 16743.3 tps, lat 7.646 ms stddev 5.262, 0 failed
progress: 13.0 s, 16717.5 tps, lat 7.648 ms stddev 5.263, 0 failed
progress: 14.0 s, 16702.7 tps, lat 7.674 ms stddev 5.181, 0 failed
progress: 15.0 s, 16699.8 tps, lat 7.657 ms stddev 5.443, 0 failed
progress: 16.0 s, 16699.9 tps, lat 7.666 ms stddev 5.262, 0 failed
progress: 17.0 s, 16707.1 tps, lat 7.672 ms stddev 5.231, 0 failed
progress: 18.0 s, 16660.5 tps, lat 7.677 ms stddev 5.334, 0 failed
progress: 19.0 s, 16679.3 tps, lat 7.668 ms stddev 5.289, 0 failed
progress: 20.0 s, 16683.1 tps, lat 7.674 ms stddev 5.305, 0 failed
progress: 21.0 s, 16702.1 tps, lat 7.657 ms stddev 5.263, 0 failed
progress: 22.0 s, 16698.0 tps, lat 7.676 ms stddev 5.200, 0 failed
progress: 23.0 s, 16640.8 tps, lat 7.689 ms stddev 4.998, 0 failed
progress: 24.0 s, 16694.1 tps, lat 7.669 ms stddev 5.352, 0 failed
progress: 25.0 s, 16673.1 tps, lat 7.672 ms stddev 5.365, 0 failed
progress: 26.0 s, 16639.0 tps, lat 7.695 ms stddev 5.280, 0 failed
progress: 27.0 s, 16672.1 tps, lat 7.675 ms stddev 5.166, 0 failed
progress: 28.0 s, 16643.8 tps, lat 7.693 ms stddev 5.044, 0 failed
progress: 29.0 s, 16666.1 tps, lat 7.680 ms stddev 5.183, 0 failed
progress: 30.0 s, 16694.0 tps, lat 7.667 ms stddev 5.189, 0 failed
progress: 31.0 s, 16664.9 tps, lat 7.677 ms stddev 5.372, 0 failed
progress: 32.0 s, 16631.5 tps, lat 7.696 ms stddev 5.170, 0 failed
progress: 33.0 s, 16622.5 tps, lat 7.704 ms stddev 5.027, 0 failed
progress: 34.0 s, 16613.0 tps, lat 7.698 ms stddev 5.185, 0 failed
progress: 35.0 s, 16643.9 tps, lat 7.693 ms stddev 5.242, 0 failed
progress: 36.0 s, 16635.0 tps, lat 7.695 ms stddev 5.368, 0 failed
progress: 37.0 s, 16659.0 tps, lat 7.681 ms stddev 5.302, 0 failed
progress: 38.0 s, 16642.0 tps, lat 7.697 ms stddev 5.314, 0 failed
progress: 39.0 s, 16635.0 tps, lat 7.686 ms stddev 5.218, 0 failed
progress: 40.0 s, 16622.6 tps, lat 7.704 ms stddev 5.187, 0 failed
progress: 41.0 s, 16613.9 tps, lat 7.703 ms stddev 5.257, 0 failed
progress: 42.0 s, 16629.5 tps, lat 7.700 ms stddev 5.181, 0 failed
progress: 43.0 s, 16641.1 tps, lat 7.698 ms stddev 5.365, 0 failed
progress: 44.0 s, 16633.0 tps, lat 7.687 ms stddev 5.359, 0 failed
progress: 45.0 s, 16663.9 tps, lat 7.681 ms stddev 5.283, 0 failed
progress: 46.0 s, 16647.1 tps, lat 7.683 ms stddev 5.454, 0 failed
progress: 47.0 s, 16637.0 tps, lat 7.698 ms stddev 5.350, 0 failed
progress: 48.0 s, 16637.8 tps, lat 7.686 ms stddev 5.214, 0 failed
progress: 49.0 s, 16638.3 tps, lat 7.698 ms stddev 5.251, 0 failed
progress: 50.0 s, 16629.2 tps, lat 7.695 ms stddev 5.016, 0 failed
progress: 51.0 s, 16630.5 tps, lat 7.700 ms stddev 5.333, 0 failed
progress: 52.0 s, 16639.4 tps, lat 7.687 ms stddev 5.134, 0 failed
progress: 53.0 s, 16629.7 tps, lat 7.708 ms stddev 4.953, 0 failed
progress: 54.0 s, 16596.6 tps, lat 7.695 ms stddev 5.216, 0 failed
progress: 55.0 s, 16638.4 tps, lat 7.701 ms stddev 5.408, 0 failed
progress: 56.0 s, 16671.1 tps, lat 7.679 ms stddev 5.399, 0 failed
progress: 57.0 s, 16621.8 tps, lat 7.696 ms stddev 5.461, 0 failed
progress: 58.0 s, 16599.1 tps, lat 7.711 ms stddev 5.269, 0 failed
progress: 59.0 s, 16633.3 tps, lat 7.705 ms stddev 5.538, 0 failed
transaction type: star-1-left.sql
scaling factor: 1
query mode: simple
number of clients: 128
number of threads: 128
maximum number of tries: 1
duration: 60 s
number of transactions actually processed: 998735
number of failed transactions: 0 (0.000%)
latency average = 7.680 ms
latency stddev = 5.230 ms
initial connection time = 82.530 ms
tps = 16659.554035 (without initial connection time)
