pgbench (18devel, server 17.0)
progress: 1.0 s, 12836.3 tps, lat 2.465 ms stddev 0.639, 0 failed
progress: 2.0 s, 13444.9 tps, lat 2.379 ms stddev 0.028, 0 failed
progress: 3.0 s, 13461.0 tps, lat 2.377 ms stddev 0.028, 0 failed
progress: 4.0 s, 13432.0 tps, lat 2.382 ms stddev 0.111, 0 failed
progress: 5.0 s, 13355.1 tps, lat 2.395 ms stddev 0.190, 0 failed
progress: 6.0 s, 13474.0 tps, lat 2.375 ms stddev 0.026, 0 failed
progress: 7.0 s, 13350.0 tps, lat 2.396 ms stddev 0.205, 0 failed
progress: 8.0 s, 13468.0 tps, lat 2.376 ms stddev 0.027, 0 failed
progress: 9.0 s, 13451.1 tps, lat 2.379 ms stddev 0.098, 0 failed
progress: 10.0 s, 13481.0 tps, lat 2.373 ms stddev 0.030, 0 failed
progress: 11.0 s, 13494.0 tps, lat 2.371 ms stddev 0.029, 0 failed
progress: 12.0 s, 13434.0 tps, lat 2.381 ms stddev 0.141, 0 failed
progress: 13.0 s, 13483.0 tps, lat 2.372 ms stddev 0.028, 0 failed
progress: 14.0 s, 13473.0 tps, lat 2.375 ms stddev 0.085, 0 failed
progress: 15.0 s, 13439.1 tps, lat 2.382 ms stddev 0.131, 0 failed
progress: 16.0 s, 13459.9 tps, lat 2.376 ms stddev 0.059, 0 failed
progress: 17.0 s, 13429.1 tps, lat 2.383 ms stddev 0.139, 0 failed
progress: 18.0 s, 13490.9 tps, lat 2.372 ms stddev 0.028, 0 failed
progress: 19.0 s, 13441.0 tps, lat 2.380 ms stddev 0.131, 0 failed
progress: 20.0 s, 13472.9 tps, lat 2.375 ms stddev 0.084, 0 failed
progress: 21.0 s, 13488.0 tps, lat 2.371 ms stddev 0.031, 0 failed
progress: 22.0 s, 13491.0 tps, lat 2.371 ms stddev 0.027, 0 failed
progress: 23.0 s, 13426.1 tps, lat 2.384 ms stddev 0.161, 0 failed
progress: 24.0 s, 13495.0 tps, lat 2.371 ms stddev 0.027, 0 failed
progress: 25.0 s, 13496.0 tps, lat 2.372 ms stddev 0.028, 0 failed
progress: 26.0 s, 13451.9 tps, lat 2.378 ms stddev 0.127, 0 failed
progress: 27.0 s, 13465.0 tps, lat 2.375 ms stddev 0.084, 0 failed
progress: 28.0 s, 13488.0 tps, lat 2.371 ms stddev 0.027, 0 failed
progress: 29.0 s, 13495.1 tps, lat 2.371 ms stddev 0.027, 0 failed
progress: 30.0 s, 13500.8 tps, lat 2.370 ms stddev 0.027, 0 failed
progress: 31.0 s, 13496.1 tps, lat 2.370 ms stddev 0.031, 0 failed
progress: 32.0 s, 13440.0 tps, lat 2.381 ms stddev 0.141, 0 failed
progress: 33.0 s, 13464.0 tps, lat 2.376 ms stddev 0.105, 0 failed
progress: 34.0 s, 13480.1 tps, lat 2.374 ms stddev 0.094, 0 failed
progress: 35.0 s, 13499.9 tps, lat 2.370 ms stddev 0.027, 0 failed
progress: 36.0 s, 13469.1 tps, lat 2.375 ms stddev 0.101, 0 failed
progress: 37.0 s, 13438.9 tps, lat 2.381 ms stddev 0.147, 0 failed
progress: 38.0 s, 13460.1 tps, lat 2.377 ms stddev 0.110, 0 failed
progress: 39.0 s, 13501.0 tps, lat 2.370 ms stddev 0.028, 0 failed
progress: 40.0 s, 13495.0 tps, lat 2.370 ms stddev 0.028, 0 failed
progress: 41.0 s, 13499.9 tps, lat 2.370 ms stddev 0.028, 0 failed
progress: 42.0 s, 13501.1 tps, lat 2.370 ms stddev 0.027, 0 failed
progress: 43.0 s, 13428.0 tps, lat 2.383 ms stddev 0.160, 0 failed
progress: 44.0 s, 13450.0 tps, lat 2.379 ms stddev 0.142, 0 failed
progress: 45.0 s, 13501.0 tps, lat 2.369 ms stddev 0.028, 0 failed
progress: 46.0 s, 13511.9 tps, lat 2.368 ms stddev 0.026, 0 failed
progress: 47.0 s, 13506.1 tps, lat 2.368 ms stddev 0.027, 0 failed
progress: 48.0 s, 13403.0 tps, lat 2.387 ms stddev 0.187, 0 failed
progress: 49.0 s, 13506.0 tps, lat 2.369 ms stddev 0.030, 0 failed
progress: 50.0 s, 13462.0 tps, lat 2.377 ms stddev 0.139, 0 failed
progress: 51.0 s, 13502.0 tps, lat 2.369 ms stddev 0.028, 0 failed
progress: 52.0 s, 13508.0 tps, lat 2.368 ms stddev 0.030, 0 failed
progress: 53.0 s, 13507.9 tps, lat 2.369 ms stddev 0.027, 0 failed
progress: 54.0 s, 13499.1 tps, lat 2.369 ms stddev 0.026, 0 failed
progress: 55.0 s, 13497.9 tps, lat 2.370 ms stddev 0.027, 0 failed
progress: 56.0 s, 13500.0 tps, lat 2.370 ms stddev 0.028, 0 failed
progress: 57.0 s, 13504.0 tps, lat 2.369 ms stddev 0.026, 0 failed
progress: 58.0 s, 13500.1 tps, lat 2.369 ms stddev 0.027, 0 failed
progress: 59.0 s, 13494.0 tps, lat 2.371 ms stddev 0.070, 0 failed
transaction type: star-1-left.sql
scaling factor: 1
query mode: simple
number of clients: 32
number of threads: 32
maximum number of tries: 1
duration: 60 s
number of transactions actually processed: 807482
number of failed transactions: 0 (0.000%)
latency average = 2.376 ms
latency stddev = 0.121 ms
initial connection time = 23.224 ms
tps = 13462.649676 (without initial connection time)
