pgbench (18devel, server 9.3.25)
progress: 1.0 s, 1763.8 tps, lat 17.819 ms stddev 3.433, 0 failed
progress: 2.0 s, 1872.0 tps, lat 17.122 ms stddev 0.468, 0 failed
progress: 3.0 s, 1855.0 tps, lat 17.225 ms stddev 1.175, 0 failed
progress: 4.0 s, 1872.0 tps, lat 17.133 ms stddev 0.519, 0 failed
progress: 5.0 s, 1871.0 tps, lat 17.085 ms stddev 0.442, 0 failed
progress: 6.0 s, 1869.0 tps, lat 17.110 ms stddev 0.483, 0 failed
progress: 7.0 s, 1868.1 tps, lat 17.134 ms stddev 0.521, 0 failed
progress: 8.0 s, 1870.0 tps, lat 17.100 ms stddev 0.475, 0 failed
progress: 9.0 s, 1869.0 tps, lat 17.128 ms stddev 0.518, 0 failed
progress: 10.0 s, 1870.0 tps, lat 17.101 ms stddev 0.490, 0 failed
progress: 11.0 s, 1868.9 tps, lat 17.123 ms stddev 0.509, 0 failed
progress: 12.0 s, 1868.0 tps, lat 17.109 ms stddev 0.499, 0 failed
progress: 13.0 s, 1877.0 tps, lat 17.099 ms stddev 0.482, 0 failed
progress: 14.0 s, 1870.0 tps, lat 17.112 ms stddev 0.511, 0 failed
progress: 15.0 s, 1872.0 tps, lat 17.095 ms stddev 0.482, 0 failed
progress: 16.0 s, 1871.0 tps, lat 17.101 ms stddev 0.501, 0 failed
progress: 17.0 s, 1871.0 tps, lat 17.092 ms stddev 0.485, 0 failed
progress: 18.0 s, 1837.0 tps, lat 17.402 ms stddev 2.364, 0 failed
progress: 19.0 s, 1829.0 tps, lat 17.468 ms stddev 2.548, 0 failed
progress: 20.0 s, 1876.0 tps, lat 17.106 ms stddev 0.482, 0 failed
progress: 21.0 s, 1871.0 tps, lat 17.099 ms stddev 0.481, 0 failed
progress: 22.0 s, 1872.0 tps, lat 17.081 ms stddev 0.470, 0 failed
progress: 23.0 s, 1868.0 tps, lat 17.092 ms stddev 0.489, 0 failed
progress: 24.0 s, 1876.0 tps, lat 17.090 ms stddev 0.482, 0 failed
progress: 25.0 s, 1874.0 tps, lat 17.086 ms stddev 0.483, 0 failed
progress: 26.0 s, 1873.0 tps, lat 17.088 ms stddev 0.485, 0 failed
progress: 27.0 s, 1874.0 tps, lat 17.070 ms stddev 0.452, 0 failed
progress: 28.0 s, 1865.0 tps, lat 17.131 ms stddev 0.557, 0 failed
progress: 29.0 s, 1877.0 tps, lat 17.108 ms stddev 0.512, 0 failed
progress: 30.0 s, 1870.0 tps, lat 17.093 ms stddev 0.500, 0 failed
progress: 31.0 s, 1872.0 tps, lat 17.079 ms stddev 0.466, 0 failed
progress: 32.0 s, 1875.0 tps, lat 17.080 ms stddev 0.465, 0 failed
progress: 33.0 s, 1872.0 tps, lat 17.078 ms stddev 0.451, 0 failed
progress: 34.0 s, 1873.0 tps, lat 17.083 ms stddev 0.468, 0 failed
progress: 35.0 s, 1868.0 tps, lat 17.109 ms stddev 0.500, 0 failed
progress: 36.0 s, 1875.0 tps, lat 17.102 ms stddev 0.477, 0 failed
progress: 37.0 s, 1870.0 tps, lat 17.108 ms stddev 0.484, 0 failed
progress: 38.0 s, 1841.0 tps, lat 17.387 ms stddev 2.217, 0 failed
progress: 39.0 s, 1868.0 tps, lat 17.108 ms stddev 0.506, 0 failed
progress: 40.0 s, 1873.0 tps, lat 17.124 ms stddev 0.524, 0 failed
progress: 41.0 s, 1866.0 tps, lat 17.112 ms stddev 0.510, 0 failed
progress: 42.0 s, 1871.0 tps, lat 17.114 ms stddev 0.508, 0 failed
progress: 43.0 s, 1868.0 tps, lat 17.128 ms stddev 0.530, 0 failed
progress: 44.0 s, 1867.1 tps, lat 17.141 ms stddev 0.533, 0 failed
progress: 45.0 s, 1864.9 tps, lat 17.138 ms stddev 0.541, 0 failed
progress: 46.0 s, 1874.0 tps, lat 17.112 ms stddev 0.491, 0 failed
progress: 47.0 s, 1866.0 tps, lat 17.104 ms stddev 0.473, 0 failed
progress: 48.0 s, 1869.0 tps, lat 17.126 ms stddev 0.512, 0 failed
progress: 49.0 s, 1874.0 tps, lat 17.128 ms stddev 0.510, 0 failed
progress: 50.0 s, 1865.0 tps, lat 17.121 ms stddev 0.516, 0 failed
progress: 51.0 s, 1873.0 tps, lat 17.099 ms stddev 0.486, 0 failed
progress: 52.0 s, 1868.0 tps, lat 17.136 ms stddev 0.544, 0 failed
progress: 53.0 s, 1865.0 tps, lat 17.122 ms stddev 0.507, 0 failed
progress: 54.0 s, 1869.0 tps, lat 17.117 ms stddev 0.511, 0 failed
progress: 55.0 s, 1873.0 tps, lat 17.115 ms stddev 0.498, 0 failed
progress: 56.0 s, 1868.0 tps, lat 17.126 ms stddev 0.527, 0 failed
progress: 57.0 s, 1870.0 tps, lat 17.117 ms stddev 0.506, 0 failed
progress: 58.0 s, 1871.1 tps, lat 17.106 ms stddev 0.496, 0 failed
progress: 59.0 s, 1866.9 tps, lat 17.105 ms stddev 0.489, 0 failed
transaction type: star-1.sql
scaling factor: 1
query mode: simple
number of clients: 32
number of threads: 32
maximum number of tries: 1
duration: 60 s
number of transactions actually processed: 112017
number of failed transactions: 0 (0.000%)
latency average = 17.136 ms
latency stddev = 0.852 ms
initial connection time = 21.289 ms
tps = 1867.081162 (without initial connection time)
