pgbench (18devel, server 9.3.25)
progress: 1.0 s, 2331.8 tps, lat 26.661 ms stddev 9.888, 0 failed
progress: 2.0 s, 2481.0 tps, lat 25.838 ms stddev 8.470, 0 failed
progress: 3.0 s, 2434.0 tps, lat 26.241 ms stddev 8.708, 0 failed
progress: 4.0 s, 2384.0 tps, lat 26.800 ms stddev 8.787, 0 failed
progress: 5.0 s, 2405.0 tps, lat 26.595 ms stddev 8.818, 0 failed
progress: 6.0 s, 2417.0 tps, lat 26.559 ms stddev 8.794, 0 failed
progress: 7.0 s, 2394.0 tps, lat 26.672 ms stddev 8.778, 0 failed
progress: 8.0 s, 2409.0 tps, lat 26.602 ms stddev 8.719, 0 failed
progress: 9.0 s, 2406.0 tps, lat 26.631 ms stddev 8.731, 0 failed
progress: 10.0 s, 2403.0 tps, lat 26.595 ms stddev 8.778, 0 failed
progress: 11.0 s, 2403.0 tps, lat 26.637 ms stddev 8.790, 0 failed
progress: 12.0 s, 2413.0 tps, lat 26.523 ms stddev 8.823, 0 failed
progress: 13.0 s, 2408.0 tps, lat 26.555 ms stddev 8.867, 0 failed
progress: 14.0 s, 2412.0 tps, lat 26.538 ms stddev 8.892, 0 failed
progress: 15.0 s, 2407.0 tps, lat 26.595 ms stddev 8.825, 0 failed
progress: 16.0 s, 2399.0 tps, lat 26.659 ms stddev 8.786, 0 failed
progress: 17.0 s, 2406.0 tps, lat 26.562 ms stddev 8.818, 0 failed
progress: 18.0 s, 2414.0 tps, lat 26.565 ms stddev 8.840, 0 failed
progress: 19.0 s, 2401.0 tps, lat 26.678 ms stddev 8.885, 0 failed
progress: 20.0 s, 2412.0 tps, lat 26.515 ms stddev 8.864, 0 failed
progress: 21.0 s, 2414.0 tps, lat 26.545 ms stddev 8.867, 0 failed
progress: 22.0 s, 2405.0 tps, lat 26.631 ms stddev 8.871, 0 failed
progress: 23.0 s, 2404.0 tps, lat 26.557 ms stddev 8.839, 0 failed
progress: 24.0 s, 2409.0 tps, lat 26.587 ms stddev 8.834, 0 failed
progress: 25.0 s, 2400.9 tps, lat 26.621 ms stddev 8.857, 0 failed
progress: 26.0 s, 2408.0 tps, lat 26.569 ms stddev 8.884, 0 failed
progress: 27.0 s, 2410.0 tps, lat 26.552 ms stddev 8.842, 0 failed
progress: 28.0 s, 2413.0 tps, lat 26.543 ms stddev 8.826, 0 failed
progress: 29.0 s, 2413.0 tps, lat 26.548 ms stddev 8.853, 0 failed
progress: 30.0 s, 2406.0 tps, lat 26.600 ms stddev 8.870, 0 failed
progress: 31.0 s, 2393.9 tps, lat 26.709 ms stddev 8.870, 0 failed
progress: 32.0 s, 2386.1 tps, lat 26.930 ms stddev 8.844, 0 failed
progress: 33.0 s, 2383.0 tps, lat 26.741 ms stddev 8.862, 0 failed
progress: 34.0 s, 2394.0 tps, lat 26.788 ms stddev 8.905, 0 failed
progress: 35.0 s, 2405.0 tps, lat 26.600 ms stddev 8.865, 0 failed
progress: 36.0 s, 2397.0 tps, lat 26.613 ms stddev 8.876, 0 failed
progress: 37.0 s, 2387.0 tps, lat 26.810 ms stddev 8.840, 0 failed
progress: 38.0 s, 2397.0 tps, lat 26.700 ms stddev 8.808, 0 failed
progress: 39.0 s, 2389.0 tps, lat 26.768 ms stddev 8.782, 0 failed
progress: 40.0 s, 2393.0 tps, lat 26.887 ms stddev 8.781, 0 failed
progress: 41.0 s, 2396.0 tps, lat 26.660 ms stddev 8.815, 0 failed
progress: 42.0 s, 2401.0 tps, lat 26.619 ms stddev 8.815, 0 failed
progress: 43.0 s, 2410.0 tps, lat 26.594 ms stddev 8.839, 0 failed
progress: 44.0 s, 2395.0 tps, lat 26.721 ms stddev 8.843, 0 failed
progress: 45.0 s, 2388.0 tps, lat 26.758 ms stddev 8.842, 0 failed
progress: 46.0 s, 2406.0 tps, lat 26.586 ms stddev 8.845, 0 failed
progress: 47.0 s, 2400.0 tps, lat 26.752 ms stddev 8.860, 0 failed
progress: 48.0 s, 2380.0 tps, lat 26.845 ms stddev 8.885, 0 failed
progress: 49.0 s, 2399.0 tps, lat 26.657 ms stddev 8.884, 0 failed
progress: 50.0 s, 2358.0 tps, lat 27.122 ms stddev 8.877, 0 failed
progress: 51.0 s, 2403.0 tps, lat 26.691 ms stddev 8.933, 0 failed
progress: 52.0 s, 2396.0 tps, lat 26.688 ms stddev 8.951, 0 failed
progress: 53.0 s, 2391.0 tps, lat 26.718 ms stddev 8.914, 0 failed
progress: 54.0 s, 2404.0 tps, lat 26.687 ms stddev 8.903, 0 failed
progress: 55.0 s, 2400.0 tps, lat 26.628 ms stddev 8.856, 0 failed
progress: 56.0 s, 2397.0 tps, lat 26.727 ms stddev 8.832, 0 failed
progress: 57.0 s, 2380.0 tps, lat 26.981 ms stddev 8.805, 0 failed
progress: 58.0 s, 2393.0 tps, lat 26.690 ms stddev 8.835, 0 failed
progress: 59.0 s, 2381.0 tps, lat 26.922 ms stddev 8.833, 0 failed
transaction type: star-1.sql
scaling factor: 1
query mode: simple
number of clients: 64
number of threads: 64
maximum number of tries: 1
duration: 60 s
number of transactions actually processed: 144019
number of failed transactions: 0 (0.000%)
latency average = 26.651 ms
latency stddev = 8.853 ms
initial connection time = 39.982 ms
tps = 2400.519431 (without initial connection time)
